CRITICAL - 2023-02-16 18:37:27 --> Undefined array key "p_barang"
in APPPATH\Views\admin\paketbarangedit.php on line 136.
 1 APPPATH\Views\admin\paketbarangedit.php(136): CodeIgniter\Debug\Exceptions->errorHandler(2, 'Undefined array key "p_barang"', 'APPPATH\\Views\\admin\\paketbarangedit.php', 136)
 2 SYSTEMPATH\View\View.php(213): include('APPPATH\\Views\\admin\\paketbarangedit.php')
 3 SYSTEMPATH\View\View.php(216): CodeIgniter\View\View->CodeIgniter\View\{closure}()
 4 SYSTEMPATH\Common.php(1134): CodeIgniter\View\View->render('admin/paketbarangedit', [], true)
 5 APPPATH\Controllers\AdminControllers.php(1869): view('admin/paketbarangedit', [...])
 6 SYSTEMPATH\CodeIgniter.php(927): App\Controllers\AdminControllers->editpaketbarang('13')
 7 SYSTEMPATH\CodeIgniter.php(482): CodeIgniter\CodeIgniter->runController(Object(App\Controllers\AdminControllers))
 8 SYSTEMPATH\CodeIgniter.php(351): CodeIgniter\CodeIgniter->handleRequest(null, Object(Config\Cache), false)
 9 FCPATH\index.php(67): CodeIgniter\CodeIgniter->run()
10 SYSTEMPATH\Commands\Server\rewrite.php(46): require_once('FCPATH\\index.php')
CRITICAL - 2023-02-16 18:42:22 --> Undefined variable $paket
in APPPATH\Views\admin\paketbarangedit.php on line 129.
 1 APPPATH\Views\admin\paketbarangedit.php(129): CodeIgniter\Debug\Exceptions->errorHandler(2, 'Undefined variable $paket', 'APPPATH\\Views\\admin\\paketbarangedit.php', 129)
 2 SYSTEMPATH\View\View.php(213): include('APPPATH\\Views\\admin\\paketbarangedit.php')
 3 SYSTEMPATH\View\View.php(216): CodeIgniter\View\View->CodeIgniter\View\{closure}()
 4 SYSTEMPATH\Common.php(1134): CodeIgniter\View\View->render('admin/paketbarangedit', [], true)
 5 APPPATH\Controllers\AdminControllers.php(1869): view('admin/paketbarangedit', [...])
 6 SYSTEMPATH\CodeIgniter.php(927): App\Controllers\AdminControllers->editpaketbarang('13')
 7 SYSTEMPATH\CodeIgniter.php(482): CodeIgniter\CodeIgniter->runController(Object(App\Controllers\AdminControllers))
 8 SYSTEMPATH\CodeIgniter.php(351): CodeIgniter\CodeIgniter->handleRequest(null, Object(Config\Cache), false)
 9 FCPATH\index.php(67): CodeIgniter\CodeIgniter->run()
10 SYSTEMPATH\Commands\Server\rewrite.php(46): require_once('FCPATH\\index.php')
CRITICAL - 2023-02-16 18:59:16 --> Undefined array key "p_barang"
in APPPATH\Views\admin\paketbarangedit.php on line 136.
 1 APPPATH\Views\admin\paketbarangedit.php(136): CodeIgniter\Debug\Exceptions->errorHandler(2, 'Undefined array key "p_barang"', 'APPPATH\\Views\\admin\\paketbarangedit.php', 136)
 2 SYSTEMPATH\View\View.php(213): include('APPPATH\\Views\\admin\\paketbarangedit.php')
 3 SYSTEMPATH\View\View.php(216): CodeIgniter\View\View->CodeIgniter\View\{closure}()
 4 SYSTEMPATH\Common.php(1134): CodeIgniter\View\View->render('admin/paketbarangedit', [], true)
 5 APPPATH\Controllers\AdminControllers.php(1869): view('admin/paketbarangedit', [...])
 6 SYSTEMPATH\CodeIgniter.php(927): App\Controllers\AdminControllers->editpaketbarang('13')
 7 SYSTEMPATH\CodeIgniter.php(482): CodeIgniter\CodeIgniter->runController(Object(App\Controllers\AdminControllers))
 8 SYSTEMPATH\CodeIgniter.php(351): CodeIgniter\CodeIgniter->handleRequest(null, Object(Config\Cache), false)
 9 FCPATH\index.php(67): CodeIgniter\CodeIgniter->run()
10 SYSTEMPATH\Commands\Server\rewrite.php(46): require_once('FCPATH\\index.php')
CRITICAL - 2023-02-16 19:02:00 --> Undefined variable $paket
in APPPATH\Views\admin\paketbarangedit.php on line 129.
 1 APPPATH\Views\admin\paketbarangedit.php(129): CodeIgniter\Debug\Exceptions->errorHandler(2, 'Undefined variable $paket', 'APPPATH\\Views\\admin\\paketbarangedit.php', 129)
 2 SYSTEMPATH\View\View.php(213): include('APPPATH\\Views\\admin\\paketbarangedit.php')
 3 SYSTEMPATH\View\View.php(216): CodeIgniter\View\View->CodeIgniter\View\{closure}()
 4 SYSTEMPATH\Common.php(1134): CodeIgniter\View\View->render('admin/paketbarangedit', [], true)
 5 APPPATH\Controllers\AdminControllers.php(1869): view('admin/paketbarangedit', [...])
 6 SYSTEMPATH\CodeIgniter.php(927): App\Controllers\AdminControllers->editpaketbarang('13')
 7 SYSTEMPATH\CodeIgniter.php(482): CodeIgniter\CodeIgniter->runController(Object(App\Controllers\AdminControllers))
 8 SYSTEMPATH\CodeIgniter.php(351): CodeIgniter\CodeIgniter->handleRequest(null, Object(Config\Cache), false)
 9 FCPATH\index.php(67): CodeIgniter\CodeIgniter->run()
10 SYSTEMPATH\Commands\Server\rewrite.php(46): require_once('FCPATH\\index.php')
CRITICAL - 2023-02-16 19:02:21 --> Undefined array key "p_barang"
in APPPATH\Views\admin\paketbarangedit.php on line 145.
 1 APPPATH\Views\admin\paketbarangedit.php(145): CodeIgniter\Debug\Exceptions->errorHandler(2, 'Undefined array key "p_barang"', 'APPPATH\\Views\\admin\\paketbarangedit.php', 145)
 2 SYSTEMPATH\View\View.php(213): include('APPPATH\\Views\\admin\\paketbarangedit.php')
 3 SYSTEMPATH\View\View.php(216): CodeIgniter\View\View->CodeIgniter\View\{closure}()
 4 SYSTEMPATH\Common.php(1134): CodeIgniter\View\View->render('admin/paketbarangedit', [], true)
 5 APPPATH\Controllers\AdminControllers.php(1869): view('admin/paketbarangedit', [...])
 6 SYSTEMPATH\CodeIgniter.php(927): App\Controllers\AdminControllers->editpaketbarang('13')
 7 SYSTEMPATH\CodeIgniter.php(482): CodeIgniter\CodeIgniter->runController(Object(App\Controllers\AdminControllers))
 8 SYSTEMPATH\CodeIgniter.php(351): CodeIgniter\CodeIgniter->handleRequest(null, Object(Config\Cache), false)
 9 FCPATH\index.php(67): CodeIgniter\CodeIgniter->run()
10 SYSTEMPATH\Commands\Server\rewrite.php(46): require_once('FCPATH\\index.php')
CRITICAL - 2023-02-16 19:02:57 --> Undefined array key "p_barang"
in APPPATH\Views\admin\paketbarangedit.php on line 161.
 1 APPPATH\Views\admin\paketbarangedit.php(161): CodeIgniter\Debug\Exceptions->errorHandler(2, 'Undefined array key "p_barang"', 'APPPATH\\Views\\admin\\paketbarangedit.php', 161)
 2 SYSTEMPATH\View\View.php(213): include('APPPATH\\Views\\admin\\paketbarangedit.php')
 3 SYSTEMPATH\View\View.php(216): CodeIgniter\View\View->CodeIgniter\View\{closure}()
 4 SYSTEMPATH\Common.php(1134): CodeIgniter\View\View->render('admin/paketbarangedit', [], true)
 5 APPPATH\Controllers\AdminControllers.php(1869): view('admin/paketbarangedit', [...])
 6 SYSTEMPATH\CodeIgniter.php(927): App\Controllers\AdminControllers->editpaketbarang('13')
 7 SYSTEMPATH\CodeIgniter.php(482): CodeIgniter\CodeIgniter->runController(Object(App\Controllers\AdminControllers))
 8 SYSTEMPATH\CodeIgniter.php(351): CodeIgniter\CodeIgniter->handleRequest(null, Object(Config\Cache), false)
 9 FCPATH\index.php(67): CodeIgniter\CodeIgniter->run()
10 SYSTEMPATH\Commands\Server\rewrite.php(46): require_once('FCPATH\\index.php')
CRITICAL - 2023-02-16 19:03:19 --> Undefined array key "p_barang"
in APPPATH\Views\admin\paketbarangedit.php on line 161.
 1 APPPATH\Views\admin\paketbarangedit.php(161): CodeIgniter\Debug\Exceptions->errorHandler(2, 'Undefined array key "p_barang"', 'APPPATH\\Views\\admin\\paketbarangedit.php', 161)
 2 SYSTEMPATH\View\View.php(213): include('APPPATH\\Views\\admin\\paketbarangedit.php')
 3 SYSTEMPATH\View\View.php(216): CodeIgniter\View\View->CodeIgniter\View\{closure}()
 4 SYSTEMPATH\Common.php(1134): CodeIgniter\View\View->render('admin/paketbarangedit', [], true)
 5 APPPATH\Controllers\AdminControllers.php(1869): view('admin/paketbarangedit', [...])
 6 SYSTEMPATH\CodeIgniter.php(927): App\Controllers\AdminControllers->editpaketbarang('13')
 7 SYSTEMPATH\CodeIgniter.php(482): CodeIgniter\CodeIgniter->runController(Object(App\Controllers\AdminControllers))
 8 SYSTEMPATH\CodeIgniter.php(351): CodeIgniter\CodeIgniter->handleRequest(null, Object(Config\Cache), false)
 9 FCPATH\index.php(67): CodeIgniter\CodeIgniter->run()
10 SYSTEMPATH\Commands\Server\rewrite.php(46): require_once('FCPATH\\index.php')
CRITICAL - 2023-02-16 19:03:33 --> Undefined array key "p_barang"
in APPPATH\Views\admin\paketbarangedit.php on line 145.
 1 APPPATH\Views\admin\paketbarangedit.php(145): CodeIgniter\Debug\Exceptions->errorHandler(2, 'Undefined array key "p_barang"', 'APPPATH\\Views\\admin\\paketbarangedit.php', 145)
 2 SYSTEMPATH\View\View.php(213): include('APPPATH\\Views\\admin\\paketbarangedit.php')
 3 SYSTEMPATH\View\View.php(216): CodeIgniter\View\View->CodeIgniter\View\{closure}()
 4 SYSTEMPATH\Common.php(1134): CodeIgniter\View\View->render('admin/paketbarangedit', [], true)
 5 APPPATH\Controllers\AdminControllers.php(1869): view('admin/paketbarangedit', [...])
 6 SYSTEMPATH\CodeIgniter.php(927): App\Controllers\AdminControllers->editpaketbarang('13')
 7 SYSTEMPATH\CodeIgniter.php(482): CodeIgniter\CodeIgniter->runController(Object(App\Controllers\AdminControllers))
 8 SYSTEMPATH\CodeIgniter.php(351): CodeIgniter\CodeIgniter->handleRequest(null, Object(Config\Cache), false)
 9 FCPATH\index.php(67): CodeIgniter\CodeIgniter->run()
10 SYSTEMPATH\Commands\Server\rewrite.php(46): require_once('FCPATH\\index.php')
CRITICAL - 2023-02-16 19:03:49 --> Undefined array key "p_barang"
in APPPATH\Views\admin\paketbarangedit.php on line 161.
 1 APPPATH\Views\admin\paketbarangedit.php(161): CodeIgniter\Debug\Exceptions->errorHandler(2, 'Undefined array key "p_barang"', 'APPPATH\\Views\\admin\\paketbarangedit.php', 161)
 2 SYSTEMPATH\View\View.php(213): include('APPPATH\\Views\\admin\\paketbarangedit.php')
 3 SYSTEMPATH\View\View.php(216): CodeIgniter\View\View->CodeIgniter\View\{closure}()
 4 SYSTEMPATH\Common.php(1134): CodeIgniter\View\View->render('admin/paketbarangedit', [], true)
 5 APPPATH\Controllers\AdminControllers.php(1869): view('admin/paketbarangedit', [...])
 6 SYSTEMPATH\CodeIgniter.php(927): App\Controllers\AdminControllers->editpaketbarang('13')
 7 SYSTEMPATH\CodeIgniter.php(482): CodeIgniter\CodeIgniter->runController(Object(App\Controllers\AdminControllers))
 8 SYSTEMPATH\CodeIgniter.php(351): CodeIgniter\CodeIgniter->handleRequest(null, Object(Config\Cache), false)
 9 FCPATH\index.php(67): CodeIgniter\CodeIgniter->run()
10 SYSTEMPATH\Commands\Server\rewrite.php(46): require_once('FCPATH\\index.php')
CRITICAL - 2023-02-16 19:09:00 --> syntax error, unexpected token "?"
in APPPATH\Views\admin\paketbarangedit.php on line 143.
 1 SYSTEMPATH\View\View.php(216): CodeIgniter\View\View->CodeIgniter\View\{closure}()
 2 SYSTEMPATH\Common.php(1134): CodeIgniter\View\View->render('admin/paketbarangedit', [], true)
 3 APPPATH\Controllers\AdminControllers.php(1869): view('admin/paketbarangedit', [...])
 4 SYSTEMPATH\CodeIgniter.php(927): App\Controllers\AdminControllers->editpaketbarang('14')
 5 SYSTEMPATH\CodeIgniter.php(482): CodeIgniter\CodeIgniter->runController(Object(App\Controllers\AdminControllers))
 6 SYSTEMPATH\CodeIgniter.php(351): CodeIgniter\CodeIgniter->handleRequest(null, Object(Config\Cache), false)
 7 FCPATH\index.php(67): CodeIgniter\CodeIgniter->run()
 8 SYSTEMPATH\Commands\Server\rewrite.php(46): require_once('FCPATH\\index.php')
CRITICAL - 2023-02-16 19:28:06 --> Undefined variable $show
in APPPATH\Views\admin\paketbarangedit.php on line 147.
 1 APPPATH\Views\admin\paketbarangedit.php(147): CodeIgniter\Debug\Exceptions->errorHandler(2, 'Undefined variable $show', 'APPPATH\\Views\\admin\\paketbarangedit.php', 147)
 2 SYSTEMPATH\View\View.php(213): include('APPPATH\\Views\\admin\\paketbarangedit.php')
 3 SYSTEMPATH\View\View.php(216): CodeIgniter\View\View->CodeIgniter\View\{closure}()
 4 SYSTEMPATH\Common.php(1134): CodeIgniter\View\View->render('admin/paketbarangedit', [], true)
 5 APPPATH\Controllers\AdminControllers.php(1869): view('admin/paketbarangedit', [...])
 6 SYSTEMPATH\CodeIgniter.php(927): App\Controllers\AdminControllers->editpaketbarang('14')
 7 SYSTEMPATH\CodeIgniter.php(482): CodeIgniter\CodeIgniter->runController(Object(App\Controllers\AdminControllers))
 8 SYSTEMPATH\CodeIgniter.php(351): CodeIgniter\CodeIgniter->handleRequest(null, Object(Config\Cache), false)
 9 FCPATH\index.php(67): CodeIgniter\CodeIgniter->run()
10 SYSTEMPATH\Commands\Server\rewrite.php(46): require_once('FCPATH\\index.php')
CRITICAL - 2023-02-16 19:28:46 --> Undefined variable $tampil
in APPPATH\Views\admin\paketbarangedit.php on line 147.
 1 APPPATH\Views\admin\paketbarangedit.php(147): CodeIgniter\Debug\Exceptions->errorHandler(2, 'Undefined variable $tampil', 'APPPATH\\Views\\admin\\paketbarangedit.php', 147)
 2 SYSTEMPATH\View\View.php(213): include('APPPATH\\Views\\admin\\paketbarangedit.php')
 3 SYSTEMPATH\View\View.php(216): CodeIgniter\View\View->CodeIgniter\View\{closure}()
 4 SYSTEMPATH\Common.php(1134): CodeIgniter\View\View->render('admin/paketbarangedit', [], true)
 5 APPPATH\Controllers\AdminControllers.php(1869): view('admin/paketbarangedit', [...])
 6 SYSTEMPATH\CodeIgniter.php(927): App\Controllers\AdminControllers->editpaketbarang('14')
 7 SYSTEMPATH\CodeIgniter.php(482): CodeIgniter\CodeIgniter->runController(Object(App\Controllers\AdminControllers))
 8 SYSTEMPATH\CodeIgniter.php(351): CodeIgniter\CodeIgniter->handleRequest(null, Object(Config\Cache), false)
 9 FCPATH\index.php(67): CodeIgniter\CodeIgniter->run()
10 SYSTEMPATH\Commands\Server\rewrite.php(46): require_once('FCPATH\\index.php')
CRITICAL - 2023-02-16 19:28:49 --> Undefined variable $tampil
in APPPATH\Views\admin\paketbarangedit.php on line 147.
 1 APPPATH\Views\admin\paketbarangedit.php(147): CodeIgniter\Debug\Exceptions->errorHandler(2, 'Undefined variable $tampil', 'APPPATH\\Views\\admin\\paketbarangedit.php', 147)
 2 SYSTEMPATH\View\View.php(213): include('APPPATH\\Views\\admin\\paketbarangedit.php')
 3 SYSTEMPATH\View\View.php(216): CodeIgniter\View\View->CodeIgniter\View\{closure}()
 4 SYSTEMPATH\Common.php(1134): CodeIgniter\View\View->render('admin/paketbarangedit', [], true)
 5 APPPATH\Controllers\AdminControllers.php(1869): view('admin/paketbarangedit', [...])
 6 SYSTEMPATH\CodeIgniter.php(927): App\Controllers\AdminControllers->editpaketbarang('14')
 7 SYSTEMPATH\CodeIgniter.php(482): CodeIgniter\CodeIgniter->runController(Object(App\Controllers\AdminControllers))
 8 SYSTEMPATH\CodeIgniter.php(351): CodeIgniter\CodeIgniter->handleRequest(null, Object(Config\Cache), false)
 9 FCPATH\index.php(67): CodeIgniter\CodeIgniter->run()
10 SYSTEMPATH\Commands\Server\rewrite.php(46): require_once('FCPATH\\index.php')
CRITICAL - 2023-02-16 19:29:04 --> Undefined variable $tampil
in APPPATH\Views\admin\paketbarangedit.php on line 146.
 1 APPPATH\Views\admin\paketbarangedit.php(146): CodeIgniter\Debug\Exceptions->errorHandler(2, 'Undefined variable $tampil', 'APPPATH\\Views\\admin\\paketbarangedit.php', 146)
 2 SYSTEMPATH\View\View.php(213): include('APPPATH\\Views\\admin\\paketbarangedit.php')
 3 SYSTEMPATH\View\View.php(216): CodeIgniter\View\View->CodeIgniter\View\{closure}()
 4 SYSTEMPATH\Common.php(1134): CodeIgniter\View\View->render('admin/paketbarangedit', [], true)
 5 APPPATH\Controllers\AdminControllers.php(1869): view('admin/paketbarangedit', [...])
 6 SYSTEMPATH\CodeIgniter.php(927): App\Controllers\AdminControllers->editpaketbarang('14')
 7 SYSTEMPATH\CodeIgniter.php(482): CodeIgniter\CodeIgniter->runController(Object(App\Controllers\AdminControllers))
 8 SYSTEMPATH\CodeIgniter.php(351): CodeIgniter\CodeIgniter->handleRequest(null, Object(Config\Cache), false)
 9 FCPATH\index.php(67): CodeIgniter\CodeIgniter->run()
10 SYSTEMPATH\Commands\Server\rewrite.php(46): require_once('FCPATH\\index.php')
CRITICAL - 2023-02-16 19:40:46 --> Undefined variable $tampil
in APPPATH\Views\admin\paketbarangedit.php on line 146.
 1 APPPATH\Views\admin\paketbarangedit.php(146): CodeIgniter\Debug\Exceptions->errorHandler(2, 'Undefined variable $tampil', 'APPPATH\\Views\\admin\\paketbarangedit.php', 146)
 2 SYSTEMPATH\View\View.php(213): include('APPPATH\\Views\\admin\\paketbarangedit.php')
 3 SYSTEMPATH\View\View.php(216): CodeIgniter\View\View->CodeIgniter\View\{closure}()
 4 SYSTEMPATH\Common.php(1134): CodeIgniter\View\View->render('admin/paketbarangedit', [], true)
 5 APPPATH\Controllers\AdminControllers.php(1869): view('admin/paketbarangedit', [...])
 6 SYSTEMPATH\CodeIgniter.php(927): App\Controllers\AdminControllers->editpaketbarang('14')
 7 SYSTEMPATH\CodeIgniter.php(482): CodeIgniter\CodeIgniter->runController(Object(App\Controllers\AdminControllers))
 8 SYSTEMPATH\CodeIgniter.php(351): CodeIgniter\CodeIgniter->handleRequest(null, Object(Config\Cache), false)
 9 FCPATH\index.php(67): CodeIgniter\CodeIgniter->run()
10 SYSTEMPATH\Commands\Server\rewrite.php(46): require_once('FCPATH\\index.php')
CRITICAL - 2023-02-16 19:41:17 --> Undefined variable $tampil
in APPPATH\Views\admin\paketbarangedit.php on line 145.
 1 APPPATH\Views\admin\paketbarangedit.php(145): CodeIgniter\Debug\Exceptions->errorHandler(2, 'Undefined variable $tampil', 'APPPATH\\Views\\admin\\paketbarangedit.php', 145)
 2 SYSTEMPATH\View\View.php(213): include('APPPATH\\Views\\admin\\paketbarangedit.php')
 3 SYSTEMPATH\View\View.php(216): CodeIgniter\View\View->CodeIgniter\View\{closure}()
 4 SYSTEMPATH\Common.php(1134): CodeIgniter\View\View->render('admin/paketbarangedit', [], true)
 5 APPPATH\Controllers\AdminControllers.php(1869): view('admin/paketbarangedit', [...])
 6 SYSTEMPATH\CodeIgniter.php(927): App\Controllers\AdminControllers->editpaketbarang('14')
 7 SYSTEMPATH\CodeIgniter.php(482): CodeIgniter\CodeIgniter->runController(Object(App\Controllers\AdminControllers))
 8 SYSTEMPATH\CodeIgniter.php(351): CodeIgniter\CodeIgniter->handleRequest(null, Object(Config\Cache), false)
 9 FCPATH\index.php(67): CodeIgniter\CodeIgniter->run()
10 SYSTEMPATH\Commands\Server\rewrite.php(46): require_once('FCPATH\\index.php')
CRITICAL - 2023-02-16 19:42:43 --> Undefined variable $tb_pengambilan_paket
in APPPATH\Views\admin\paketbarangedit.php on line 129.
 1 APPPATH\Views\admin\paketbarangedit.php(129): CodeIgniter\Debug\Exceptions->errorHandler(2, 'Undefined variable $tb_pengambilan_paket', 'APPPATH\\Views\\admin\\paketbarangedit.php', 129)
 2 SYSTEMPATH\View\View.php(213): include('APPPATH\\Views\\admin\\paketbarangedit.php')
 3 SYSTEMPATH\View\View.php(216): CodeIgniter\View\View->CodeIgniter\View\{closure}()
 4 SYSTEMPATH\Common.php(1134): CodeIgniter\View\View->render('admin/paketbarangedit', [], true)
 5 APPPATH\Controllers\AdminControllers.php(1869): view('admin/paketbarangedit', [...])
 6 SYSTEMPATH\CodeIgniter.php(927): App\Controllers\AdminControllers->editpaketbarang('14')
 7 SYSTEMPATH\CodeIgniter.php(482): CodeIgniter\CodeIgniter->runController(Object(App\Controllers\AdminControllers))
 8 SYSTEMPATH\CodeIgniter.php(351): CodeIgniter\CodeIgniter->handleRequest(null, Object(Config\Cache), false)
 9 FCPATH\index.php(67): CodeIgniter\CodeIgniter->run()
10 SYSTEMPATH\Commands\Server\rewrite.php(46): require_once('FCPATH\\index.php')
CRITICAL - 2023-02-16 19:43:28 --> Undefined variable $tampil
in APPPATH\Views\admin\paketbarangedit.php on line 131.
 1 APPPATH\Views\admin\paketbarangedit.php(131): CodeIgniter\Debug\Exceptions->errorHandler(2, 'Undefined variable $tampil', 'APPPATH\\Views\\admin\\paketbarangedit.php', 131)
 2 SYSTEMPATH\View\View.php(213): include('APPPATH\\Views\\admin\\paketbarangedit.php')
 3 SYSTEMPATH\View\View.php(216): CodeIgniter\View\View->CodeIgniter\View\{closure}()
 4 SYSTEMPATH\Common.php(1134): CodeIgniter\View\View->render('admin/paketbarangedit', [], true)
 5 APPPATH\Controllers\AdminControllers.php(1869): view('admin/paketbarangedit', [...])
 6 SYSTEMPATH\CodeIgniter.php(927): App\Controllers\AdminControllers->editpaketbarang('14')
 7 SYSTEMPATH\CodeIgniter.php(482): CodeIgniter\CodeIgniter->runController(Object(App\Controllers\AdminControllers))
 8 SYSTEMPATH\CodeIgniter.php(351): CodeIgniter\CodeIgniter->handleRequest(null, Object(Config\Cache), false)
 9 FCPATH\index.php(67): CodeIgniter\CodeIgniter->run()
10 SYSTEMPATH\Commands\Server\rewrite.php(46): require_once('FCPATH\\index.php')
CRITICAL - 2023-02-16 19:43:45 --> Undefined variable $tb_sup_barang
in APPPATH\Views\admin\paketbarangedit.php on line 145.
 1 APPPATH\Views\admin\paketbarangedit.php(145): CodeIgniter\Debug\Exceptions->errorHandler(2, 'Undefined variable $tb_sup_barang', 'APPPATH\\Views\\admin\\paketbarangedit.php', 145)
 2 SYSTEMPATH\View\View.php(213): include('APPPATH\\Views\\admin\\paketbarangedit.php')
 3 SYSTEMPATH\View\View.php(216): CodeIgniter\View\View->CodeIgniter\View\{closure}()
 4 SYSTEMPATH\Common.php(1134): CodeIgniter\View\View->render('admin/paketbarangedit', [], true)
 5 APPPATH\Controllers\AdminControllers.php(1869): view('admin/paketbarangedit', [...])
 6 SYSTEMPATH\CodeIgniter.php(927): App\Controllers\AdminControllers->editpaketbarang('14')
 7 SYSTEMPATH\CodeIgniter.php(482): CodeIgniter\CodeIgniter->runController(Object(App\Controllers\AdminControllers))
 8 SYSTEMPATH\CodeIgniter.php(351): CodeIgniter\CodeIgniter->handleRequest(null, Object(Config\Cache), false)
 9 FCPATH\index.php(67): CodeIgniter\CodeIgniter->run()
10 SYSTEMPATH\Commands\Server\rewrite.php(46): require_once('FCPATH\\index.php')
CRITICAL - 2023-02-16 19:48:00 --> Undefined variable $tb_sup_barang
in APPPATH\Views\admin\paketbarangedit.php on line 148.
 1 APPPATH\Views\admin\paketbarangedit.php(148): CodeIgniter\Debug\Exceptions->errorHandler(2, 'Undefined variable $tb_sup_barang', 'APPPATH\\Views\\admin\\paketbarangedit.php', 148)
 2 SYSTEMPATH\View\View.php(213): include('APPPATH\\Views\\admin\\paketbarangedit.php')
 3 SYSTEMPATH\View\View.php(216): CodeIgniter\View\View->CodeIgniter\View\{closure}()
 4 SYSTEMPATH\Common.php(1134): CodeIgniter\View\View->render('admin/paketbarangedit', [], true)
 5 APPPATH\Controllers\AdminControllers.php(1869): view('admin/paketbarangedit', [...])
 6 SYSTEMPATH\CodeIgniter.php(927): App\Controllers\AdminControllers->editpaketbarang('14')
 7 SYSTEMPATH\CodeIgniter.php(482): CodeIgniter\CodeIgniter->runController(Object(App\Controllers\AdminControllers))
 8 SYSTEMPATH\CodeIgniter.php(351): CodeIgniter\CodeIgniter->handleRequest(null, Object(Config\Cache), false)
 9 FCPATH\index.php(67): CodeIgniter\CodeIgniter->run()
10 SYSTEMPATH\Commands\Server\rewrite.php(46): require_once('FCPATH\\index.php')
CRITICAL - 2023-02-16 19:49:17 --> Undefined variable $supbarang
in APPPATH\Views\admin\paketbarangedit.php on line 148.
 1 APPPATH\Views\admin\paketbarangedit.php(148): CodeIgniter\Debug\Exceptions->errorHandler(2, 'Undefined variable $supbarang', 'APPPATH\\Views\\admin\\paketbarangedit.php', 148)
 2 SYSTEMPATH\View\View.php(213): include('APPPATH\\Views\\admin\\paketbarangedit.php')
 3 SYSTEMPATH\View\View.php(216): CodeIgniter\View\View->CodeIgniter\View\{closure}()
 4 SYSTEMPATH\Common.php(1134): CodeIgniter\View\View->render('admin/paketbarangedit', [], true)
 5 APPPATH\Controllers\AdminControllers.php(1869): view('admin/paketbarangedit', [...])
 6 SYSTEMPATH\CodeIgniter.php(927): App\Controllers\AdminControllers->editpaketbarang('14')
 7 SYSTEMPATH\CodeIgniter.php(482): CodeIgniter\CodeIgniter->runController(Object(App\Controllers\AdminControllers))
 8 SYSTEMPATH\CodeIgniter.php(351): CodeIgniter\CodeIgniter->handleRequest(null, Object(Config\Cache), false)
 9 FCPATH\index.php(67): CodeIgniter\CodeIgniter->run()
10 SYSTEMPATH\Commands\Server\rewrite.php(46): require_once('FCPATH\\index.php')
CRITICAL - 2023-02-16 19:51:25 --> Undefined variable $tampil
in APPPATH\Views\admin\paketbarangedit.php on line 149.
 1 APPPATH\Views\admin\paketbarangedit.php(149): CodeIgniter\Debug\Exceptions->errorHandler(2, 'Undefined variable $tampil', 'APPPATH\\Views\\admin\\paketbarangedit.php', 149)
 2 SYSTEMPATH\View\View.php(213): include('APPPATH\\Views\\admin\\paketbarangedit.php')
 3 SYSTEMPATH\View\View.php(216): CodeIgniter\View\View->CodeIgniter\View\{closure}()
 4 SYSTEMPATH\Common.php(1134): CodeIgniter\View\View->render('admin/paketbarangedit', [], true)
 5 APPPATH\Controllers\AdminControllers.php(1869): view('admin/paketbarangedit', [...])
 6 SYSTEMPATH\CodeIgniter.php(927): App\Controllers\AdminControllers->editpaketbarang('14')
 7 SYSTEMPATH\CodeIgniter.php(482): CodeIgniter\CodeIgniter->runController(Object(App\Controllers\AdminControllers))
 8 SYSTEMPATH\CodeIgniter.php(351): CodeIgniter\CodeIgniter->handleRequest(null, Object(Config\Cache), false)
 9 FCPATH\index.php(67): CodeIgniter\CodeIgniter->run()
10 SYSTEMPATH\Commands\Server\rewrite.php(46): require_once('FCPATH\\index.php')
CRITICAL - 2023-02-16 19:59:03 --> Undefined variable $tb_sup_barang
in APPPATH\Views\admin\paketbarangedit.php on line 130.
 1 APPPATH\Views\admin\paketbarangedit.php(130): CodeIgniter\Debug\Exceptions->errorHandler(2, 'Undefined variable $tb_sup_barang', 'APPPATH\\Views\\admin\\paketbarangedit.php', 130)
 2 SYSTEMPATH\View\View.php(213): include('APPPATH\\Views\\admin\\paketbarangedit.php')
 3 SYSTEMPATH\View\View.php(216): CodeIgniter\View\View->CodeIgniter\View\{closure}()
 4 SYSTEMPATH\Common.php(1134): CodeIgniter\View\View->render('admin/paketbarangedit', [], true)
 5 APPPATH\Controllers\AdminControllers.php(1870): view('admin/paketbarangedit', [...])
 6 SYSTEMPATH\CodeIgniter.php(927): App\Controllers\AdminControllers->editpaketbarang('14')
 7 SYSTEMPATH\CodeIgniter.php(482): CodeIgniter\CodeIgniter->runController(Object(App\Controllers\AdminControllers))
 8 SYSTEMPATH\CodeIgniter.php(351): CodeIgniter\CodeIgniter->handleRequest(null, Object(Config\Cache), false)
 9 FCPATH\index.php(67): CodeIgniter\CodeIgniter->run()
10 SYSTEMPATH\Commands\Server\rewrite.php(46): require_once('FCPATH\\index.php')
CRITICAL - 2023-02-16 20:00:24 --> Undefined variable $tampil
in APPPATH\Views\admin\paketbarangedit.php on line 131.
 1 APPPATH\Views\admin\paketbarangedit.php(131): CodeIgniter\Debug\Exceptions->errorHandler(2, 'Undefined variable $tampil', 'APPPATH\\Views\\admin\\paketbarangedit.php', 131)
 2 SYSTEMPATH\View\View.php(213): include('APPPATH\\Views\\admin\\paketbarangedit.php')
 3 SYSTEMPATH\View\View.php(216): CodeIgniter\View\View->CodeIgniter\View\{closure}()
 4 SYSTEMPATH\Common.php(1134): CodeIgniter\View\View->render('admin/paketbarangedit', [], true)
 5 APPPATH\Controllers\AdminControllers.php(1870): view('admin/paketbarangedit', [...])
 6 SYSTEMPATH\CodeIgniter.php(927): App\Controllers\AdminControllers->editpaketbarang('14')
 7 SYSTEMPATH\CodeIgniter.php(482): CodeIgniter\CodeIgniter->runController(Object(App\Controllers\AdminControllers))
 8 SYSTEMPATH\CodeIgniter.php(351): CodeIgniter\CodeIgniter->handleRequest(null, Object(Config\Cache), false)
 9 FCPATH\index.php(67): CodeIgniter\CodeIgniter->run()
10 SYSTEMPATH\Commands\Server\rewrite.php(46): require_once('FCPATH\\index.php')
CRITICAL - 2023-02-16 20:07:44 --> Undefined variable $tampil
in APPPATH\Views\admin\paketbarangedit.php on line 144.
 1 APPPATH\Views\admin\paketbarangedit.php(144): CodeIgniter\Debug\Exceptions->errorHandler(2, 'Undefined variable $tampil', 'APPPATH\\Views\\admin\\paketbarangedit.php', 144)
 2 SYSTEMPATH\View\View.php(213): include('APPPATH\\Views\\admin\\paketbarangedit.php')
 3 SYSTEMPATH\View\View.php(216): CodeIgniter\View\View->CodeIgniter\View\{closure}()
 4 SYSTEMPATH\Common.php(1134): CodeIgniter\View\View->render('admin/paketbarangedit', [], true)
 5 APPPATH\Controllers\AdminControllers.php(1870): view('admin/paketbarangedit', [...])
 6 SYSTEMPATH\CodeIgniter.php(927): App\Controllers\AdminControllers->editpaketbarang('14')
 7 SYSTEMPATH\CodeIgniter.php(482): CodeIgniter\CodeIgniter->runController(Object(App\Controllers\AdminControllers))
 8 SYSTEMPATH\CodeIgniter.php(351): CodeIgniter\CodeIgniter->handleRequest(null, Object(Config\Cache), false)
 9 FCPATH\index.php(67): CodeIgniter\CodeIgniter->run()
10 SYSTEMPATH\Commands\Server\rewrite.php(46): require_once('FCPATH\\index.php')
CRITICAL - 2023-02-16 20:08:01 --> Undefined variable $tampil
in APPPATH\Views\admin\paketbarangedit.php on line 146.
 1 APPPATH\Views\admin\paketbarangedit.php(146): CodeIgniter\Debug\Exceptions->errorHandler(2, 'Undefined variable $tampil', 'APPPATH\\Views\\admin\\paketbarangedit.php', 146)
 2 SYSTEMPATH\View\View.php(213): include('APPPATH\\Views\\admin\\paketbarangedit.php')
 3 SYSTEMPATH\View\View.php(216): CodeIgniter\View\View->CodeIgniter\View\{closure}()
 4 SYSTEMPATH\Common.php(1134): CodeIgniter\View\View->render('admin/paketbarangedit', [], true)
 5 APPPATH\Controllers\AdminControllers.php(1870): view('admin/paketbarangedit', [...])
 6 SYSTEMPATH\CodeIgniter.php(927): App\Controllers\AdminControllers->editpaketbarang('14')
 7 SYSTEMPATH\CodeIgniter.php(482): CodeIgniter\CodeIgniter->runController(Object(App\Controllers\AdminControllers))
 8 SYSTEMPATH\CodeIgniter.php(351): CodeIgniter\CodeIgniter->handleRequest(null, Object(Config\Cache), false)
 9 FCPATH\index.php(67): CodeIgniter\CodeIgniter->run()
10 SYSTEMPATH\Commands\Server\rewrite.php(46): require_once('FCPATH\\index.php')
CRITICAL - 2023-02-16 20:08:29 --> Undefined variable $tampil
in APPPATH\Views\admin\paketbarangedit.php on line 145.
 1 APPPATH\Views\admin\paketbarangedit.php(145): CodeIgniter\Debug\Exceptions->errorHandler(2, 'Undefined variable $tampil', 'APPPATH\\Views\\admin\\paketbarangedit.php', 145)
 2 SYSTEMPATH\View\View.php(213): include('APPPATH\\Views\\admin\\paketbarangedit.php')
 3 SYSTEMPATH\View\View.php(216): CodeIgniter\View\View->CodeIgniter\View\{closure}()
 4 SYSTEMPATH\Common.php(1134): CodeIgniter\View\View->render('admin/paketbarangedit', [], true)
 5 APPPATH\Controllers\AdminControllers.php(1870): view('admin/paketbarangedit', [...])
 6 SYSTEMPATH\CodeIgniter.php(927): App\Controllers\AdminControllers->editpaketbarang('14')
 7 SYSTEMPATH\CodeIgniter.php(482): CodeIgniter\CodeIgniter->runController(Object(App\Controllers\AdminControllers))
 8 SYSTEMPATH\CodeIgniter.php(351): CodeIgniter\CodeIgniter->handleRequest(null, Object(Config\Cache), false)
 9 FCPATH\index.php(67): CodeIgniter\CodeIgniter->run()
10 SYSTEMPATH\Commands\Server\rewrite.php(46): require_once('FCPATH\\index.php')
CRITICAL - 2023-02-16 20:10:17 --> Undefined variable $tampil
in APPPATH\Views\admin\paketbarangedit.php on line 142.
 1 APPPATH\Views\admin\paketbarangedit.php(142): CodeIgniter\Debug\Exceptions->errorHandler(2, 'Undefined variable $tampil', 'APPPATH\\Views\\admin\\paketbarangedit.php', 142)
 2 SYSTEMPATH\View\View.php(213): include('APPPATH\\Views\\admin\\paketbarangedit.php')
 3 SYSTEMPATH\View\View.php(216): CodeIgniter\View\View->CodeIgniter\View\{closure}()
 4 SYSTEMPATH\Common.php(1134): CodeIgniter\View\View->render('admin/paketbarangedit', [], true)
 5 APPPATH\Controllers\AdminControllers.php(1870): view('admin/paketbarangedit', [...])
 6 SYSTEMPATH\CodeIgniter.php(927): App\Controllers\AdminControllers->editpaketbarang('14')
 7 SYSTEMPATH\CodeIgniter.php(482): CodeIgniter\CodeIgniter->runController(Object(App\Controllers\AdminControllers))
 8 SYSTEMPATH\CodeIgniter.php(351): CodeIgniter\CodeIgniter->handleRequest(null, Object(Config\Cache), false)
 9 FCPATH\index.php(67): CodeIgniter\CodeIgniter->run()
10 SYSTEMPATH\Commands\Server\rewrite.php(46): require_once('FCPATH\\index.php')
