CRITICAL - 2023-03-06 09:29:32 --> Undefined array key "t_qty"
in APPPATH\Controllers\AdminControllers.php on line 134.
 1 APPPATH\Controllers\AdminControllers.php(134): CodeIgniter\Debug\Exceptions->errorHandler(2, 'Undefined array key "t_qty"', 'APPPATH\\Controllers\\AdminControllers.php', 134)
 2 SYSTEMPATH\CodeIgniter.php(927): App\Controllers\AdminControllers->PaketLogCicilan()
 3 SYSTEMPATH\CodeIgniter.php(482): CodeIgniter\CodeIgniter->runController(Object(App\Controllers\AdminControllers))
 4 SYSTEMPATH\CodeIgniter.php(351): CodeIgniter\CodeIgniter->handleRequest(null, Object(Config\Cache), false)
 5 FCPATH\index.php(67): CodeIgniter\CodeIgniter->run()
 6 SYSTEMPATH\Commands\Server\rewrite.php(46): require_once('FCPATH\\index.php')
CRITICAL - 2023-03-06 09:42:17 --> Undefined array key "qty"
in APPPATH\Controllers\AdminControllers.php on line 118.
 1 APPPATH\Controllers\AdminControllers.php(118): CodeIgniter\Debug\Exceptions->errorHandler(2, 'Undefined array key "qty"', 'APPPATH\\Controllers\\AdminControllers.php', 118)
 2 SYSTEMPATH\CodeIgniter.php(927): App\Controllers\AdminControllers->PaketLogCicilan()
 3 SYSTEMPATH\CodeIgniter.php(482): CodeIgniter\CodeIgniter->runController(Object(App\Controllers\AdminControllers))
 4 SYSTEMPATH\CodeIgniter.php(351): CodeIgniter\CodeIgniter->handleRequest(null, Object(Config\Cache), false)
 5 FCPATH\index.php(67): CodeIgniter\CodeIgniter->run()
 6 SYSTEMPATH\Commands\Server\rewrite.php(46): require_once('FCPATH\\index.php')
ERROR - 2023-03-06 09:49:55 --> mysqli_sql_exception: Cannot add or update a child row: a foreign key constraint fails (`arisya`.`tb_log_cicilan`, CONSTRAINT `tb_log_cicilan_ibfk_3` FOREIGN KEY (`c_id`) REFERENCES `tb_cicilan` (`c_id`)) in C:\xampp\htdocs\ProjectPaket\system\Database\MySQLi\Connection.php:292
Stack trace:
#0 C:\xampp\htdocs\ProjectPaket\system\Database\MySQLi\Connection.php(292): mysqli->query('INSERT INTO `tb...', 0)
#1 C:\xampp\htdocs\ProjectPaket\system\Database\BaseConnection.php(666): CodeIgniter\Database\MySQLi\Connection->execute('INSERT INTO `tb...')
#2 C:\xampp\htdocs\ProjectPaket\system\Database\BaseConnection.php(593): CodeIgniter\Database\BaseConnection->simpleQuery('INSERT INTO `tb...')
#3 C:\xampp\htdocs\ProjectPaket\system\Database\BaseBuilder.php(1916): CodeIgniter\Database\BaseConnection->query('INSERT INTO `tb...', Array, false)
#4 C:\xampp\htdocs\ProjectPaket\system\Model.php(279): CodeIgniter\Database\BaseBuilder->insert()
#5 C:\xampp\htdocs\ProjectPaket\system\BaseModel.php(749): CodeIgniter\Model->doInsert(Array)
#6 C:\xampp\htdocs\ProjectPaket\system\Model.php(667): CodeIgniter\BaseModel->insert(Array, true)
#7 C:\xampp\htdocs\ProjectPaket\app\Controllers\AdminControllers.php(3058): CodeIgniter\Model->insert(Array)
#8 C:\xampp\htdocs\ProjectPaket\system\CodeIgniter.php(927): App\Controllers\AdminControllers->logcicilanprocess()
#9 C:\xampp\htdocs\ProjectPaket\system\CodeIgniter.php(482): CodeIgniter\CodeIgniter->runController(Object(App\Controllers\AdminControllers))
#10 C:\xampp\htdocs\ProjectPaket\system\CodeIgniter.php(351): CodeIgniter\CodeIgniter->handleRequest(NULL, Object(Config\Cache), false)
#11 C:\xampp\htdocs\ProjectPaket\public\index.php(67): CodeIgniter\CodeIgniter->run()
#12 C:\xampp\htdocs\ProjectPaket\system\Commands\Server\rewrite.php(46): require_once('C:\\xampp\\htdocs...')
#13 {main}
CRITICAL - 2023-03-06 09:49:55 --> Cannot add or update a child row: a foreign key constraint fails (`arisya`.`tb_log_cicilan`, CONSTRAINT `tb_log_cicilan_ibfk_3` FOREIGN KEY (`c_id`) REFERENCES `tb_cicilan` (`c_id`))
in SYSTEMPATH\Database\MySQLi\Connection.php on line 292.
 1 SYSTEMPATH\Database\MySQLi\Connection.php(292): mysqli->query('INSERT INTO `tb_log_cicilan` (`u_id`, `l_jumlah_bayar`, `l_approval_by`, `l_foto`, `l_approval_date`) VALUES (\'71\', \'82,500\', \'1\', \'1678070995_8565128216b4c9aaa635.jpg\', \'2023-03-06 09:49:55\')', 0)
 2 SYSTEMPATH\Database\BaseConnection.php(666): CodeIgniter\Database\MySQLi\Connection->execute('INSERT INTO `tb_log_cicilan` (`u_id`, `l_jumlah_bayar`, `l_approval_by`, `l_foto`, `l_approval_date`) VALUES (\'71\', \'82,500\', \'1\', \'1678070995_8565128216b4c9aaa635.jpg\', \'2023-03-06 09:49:55\')')
 3 SYSTEMPATH\Database\BaseConnection.php(593): CodeIgniter\Database\BaseConnection->simpleQuery('INSERT INTO `tb_log_cicilan` (`u_id`, `l_jumlah_bayar`, `l_approval_by`, `l_foto`, `l_approval_date`) VALUES (\'71\', \'82,500\', \'1\', \'1678070995_8565128216b4c9aaa635.jpg\', \'2023-03-06 09:49:55\')')
 4 SYSTEMPATH\Database\BaseBuilder.php(1916): CodeIgniter\Database\BaseConnection->query('INSERT INTO `tb_log_cicilan` (`u_id`, `l_jumlah_bayar`, `l_approval_by`, `l_foto`, `l_approval_date`) VALUES (:u_id:, :l_jumlah_bayar:, :l_approval_by:, :l_foto:, :l_approval_date:)', [...], false)
 5 SYSTEMPATH\Model.php(279): CodeIgniter\Database\BaseBuilder->insert()
 6 SYSTEMPATH\BaseModel.php(749): CodeIgniter\Model->doInsert([...])
 7 SYSTEMPATH\Model.php(667): CodeIgniter\BaseModel->insert([...], true)
 8 APPPATH\Controllers\AdminControllers.php(3058): CodeIgniter\Model->insert([...])
 9 SYSTEMPATH\CodeIgniter.php(927): App\Controllers\AdminControllers->logcicilanprocess()
10 SYSTEMPATH\CodeIgniter.php(482): CodeIgniter\CodeIgniter->runController(Object(App\Controllers\AdminControllers))
11 SYSTEMPATH\CodeIgniter.php(351): CodeIgniter\CodeIgniter->handleRequest(null, Object(Config\Cache), false)
12 FCPATH\index.php(67): CodeIgniter\CodeIgniter->run()
13 SYSTEMPATH\Commands\Server\rewrite.php(46): require_once('FCPATH\\index.php')
ERROR - 2023-03-06 09:55:57 --> mysqli_sql_exception: Column 'c_id' cannot be null in C:\xampp\htdocs\ProjectPaket\system\Database\MySQLi\Connection.php:292
Stack trace:
#0 C:\xampp\htdocs\ProjectPaket\system\Database\MySQLi\Connection.php(292): mysqli->query('INSERT INTO `tb...', 0)
#1 C:\xampp\htdocs\ProjectPaket\system\Database\BaseConnection.php(666): CodeIgniter\Database\MySQLi\Connection->execute('INSERT INTO `tb...')
#2 C:\xampp\htdocs\ProjectPaket\system\Database\BaseConnection.php(593): CodeIgniter\Database\BaseConnection->simpleQuery('INSERT INTO `tb...')
#3 C:\xampp\htdocs\ProjectPaket\system\Database\BaseBuilder.php(1916): CodeIgniter\Database\BaseConnection->query('INSERT INTO `tb...', Array, false)
#4 C:\xampp\htdocs\ProjectPaket\system\Model.php(279): CodeIgniter\Database\BaseBuilder->insert()
#5 C:\xampp\htdocs\ProjectPaket\system\BaseModel.php(749): CodeIgniter\Model->doInsert(Array)
#6 C:\xampp\htdocs\ProjectPaket\system\Model.php(667): CodeIgniter\BaseModel->insert(Array, true)
#7 C:\xampp\htdocs\ProjectPaket\app\Controllers\AdminControllers.php(3064): CodeIgniter\Model->insert(Array)
#8 C:\xampp\htdocs\ProjectPaket\system\CodeIgniter.php(927): App\Controllers\AdminControllers->logcicilanprocess()
#9 C:\xampp\htdocs\ProjectPaket\system\CodeIgniter.php(482): CodeIgniter\CodeIgniter->runController(Object(App\Controllers\AdminControllers))
#10 C:\xampp\htdocs\ProjectPaket\system\CodeIgniter.php(351): CodeIgniter\CodeIgniter->handleRequest(NULL, Object(Config\Cache), false)
#11 C:\xampp\htdocs\ProjectPaket\public\index.php(67): CodeIgniter\CodeIgniter->run()
#12 C:\xampp\htdocs\ProjectPaket\system\Commands\Server\rewrite.php(46): require_once('C:\\xampp\\htdocs...')
#13 {main}
CRITICAL - 2023-03-06 09:55:57 --> Column 'c_id' cannot be null
in SYSTEMPATH\Database\MySQLi\Connection.php on line 292.
 1 SYSTEMPATH\Database\MySQLi\Connection.php(292): mysqli->query('INSERT INTO `tb_log_cicilan` (`u_id`, `c_id`, `l_jumlah_bayar`, `l_foto`, `l_approval_date`) VALUES (\'71\', NULL, 82500, \'1678071357_7908f38ec489f0b0b717.jpg\', \'2023-03-06 09:55:57\')', 0)
 2 SYSTEMPATH\Database\BaseConnection.php(666): CodeIgniter\Database\MySQLi\Connection->execute('INSERT INTO `tb_log_cicilan` (`u_id`, `c_id`, `l_jumlah_bayar`, `l_foto`, `l_approval_date`) VALUES (\'71\', NULL, 82500, \'1678071357_7908f38ec489f0b0b717.jpg\', \'2023-03-06 09:55:57\')')
 3 SYSTEMPATH\Database\BaseConnection.php(593): CodeIgniter\Database\BaseConnection->simpleQuery('INSERT INTO `tb_log_cicilan` (`u_id`, `c_id`, `l_jumlah_bayar`, `l_foto`, `l_approval_date`) VALUES (\'71\', NULL, 82500, \'1678071357_7908f38ec489f0b0b717.jpg\', \'2023-03-06 09:55:57\')')
 4 SYSTEMPATH\Database\BaseBuilder.php(1916): CodeIgniter\Database\BaseConnection->query('INSERT INTO `tb_log_cicilan` (`u_id`, `c_id`, `l_jumlah_bayar`, `l_foto`, `l_approval_date`) VALUES (:u_id:, :c_id:, :l_jumlah_bayar:, :l_foto:, :l_approval_date:)', [...], false)
 5 SYSTEMPATH\Model.php(279): CodeIgniter\Database\BaseBuilder->insert()
 6 SYSTEMPATH\BaseModel.php(749): CodeIgniter\Model->doInsert([...])
 7 SYSTEMPATH\Model.php(667): CodeIgniter\BaseModel->insert([...], true)
 8 APPPATH\Controllers\AdminControllers.php(3064): CodeIgniter\Model->insert([...])
 9 SYSTEMPATH\CodeIgniter.php(927): App\Controllers\AdminControllers->logcicilanprocess()
10 SYSTEMPATH\CodeIgniter.php(482): CodeIgniter\CodeIgniter->runController(Object(App\Controllers\AdminControllers))
11 SYSTEMPATH\CodeIgniter.php(351): CodeIgniter\CodeIgniter->handleRequest(null, Object(Config\Cache), false)
12 FCPATH\index.php(67): CodeIgniter\CodeIgniter->run()
13 SYSTEMPATH\Commands\Server\rewrite.php(46): require_once('FCPATH\\index.php')
CRITICAL - 2023-03-06 12:37:15 --> str_replace(): Passing null to parameter #3 ($subject) of type array|string is deprecated
in APPPATH\Controllers\AdminControllers.php on line 1684.
 1 [internal function]: CodeIgniter\Debug\Exceptions->errorHandler(8192, 'str_replace(): Passing null to parameter #3 ($subject) of type array|string is deprecated', 'APPPATH\\Controllers\\AdminControllers.php', 1684)
 2 APPPATH\Controllers\AdminControllers.php(1684): str_replace(',', 'ROOTPATH\\public', null)
 3 SYSTEMPATH\CodeIgniter.php(927): App\Controllers\AdminControllers->editpackingbarang('21')
 4 SYSTEMPATH\CodeIgniter.php(482): CodeIgniter\CodeIgniter->runController(Object(App\Controllers\AdminControllers))
 5 SYSTEMPATH\CodeIgniter.php(351): CodeIgniter\CodeIgniter->handleRequest(null, Object(Config\Cache), false)
 6 FCPATH\index.php(67): CodeIgniter\CodeIgniter->run()
 7 SYSTEMPATH\Commands\Server\rewrite.php(46): require_once('FCPATH\\index.php')
CRITICAL - 2023-03-06 12:37:32 --> str_replace(): Passing null to parameter #3 ($subject) of type array|string is deprecated
in APPPATH\Controllers\AdminControllers.php on line 1684.
 1 [internal function]: CodeIgniter\Debug\Exceptions->errorHandler(8192, 'str_replace(): Passing null to parameter #3 ($subject) of type array|string is deprecated', 'APPPATH\\Controllers\\AdminControllers.php', 1684)
 2 APPPATH\Controllers\AdminControllers.php(1684): str_replace(',', 'ROOTPATH\\public', null)
 3 SYSTEMPATH\CodeIgniter.php(927): App\Controllers\AdminControllers->editpackingbarang('20')
 4 SYSTEMPATH\CodeIgniter.php(482): CodeIgniter\CodeIgniter->runController(Object(App\Controllers\AdminControllers))
 5 SYSTEMPATH\CodeIgniter.php(351): CodeIgniter\CodeIgniter->handleRequest(null, Object(Config\Cache), false)
 6 FCPATH\index.php(67): CodeIgniter\CodeIgniter->run()
 7 SYSTEMPATH\Commands\Server\rewrite.php(46): require_once('FCPATH\\index.php')
CRITICAL - 2023-03-06 12:38:17 --> str_replace(): Passing null to parameter #3 ($subject) of type array|string is deprecated
in APPPATH\Controllers\AdminControllers.php on line 1692.
 1 [internal function]: CodeIgniter\Debug\Exceptions->errorHandler(8192, 'str_replace(): Passing null to parameter #3 ($subject) of type array|string is deprecated', 'APPPATH\\Controllers\\AdminControllers.php', 1692)
 2 APPPATH\Controllers\AdminControllers.php(1692): str_replace(',', 'ROOTPATH\\public', null)
 3 SYSTEMPATH\CodeIgniter.php(927): App\Controllers\AdminControllers->editpackingbarang('21')
 4 SYSTEMPATH\CodeIgniter.php(482): CodeIgniter\CodeIgniter->runController(Object(App\Controllers\AdminControllers))
 5 SYSTEMPATH\CodeIgniter.php(351): CodeIgniter\CodeIgniter->handleRequest(null, Object(Config\Cache), false)
 6 FCPATH\index.php(67): CodeIgniter\CodeIgniter->run()
 7 SYSTEMPATH\Commands\Server\rewrite.php(46): require_once('FCPATH\\index.php')
CRITICAL - 2023-03-06 12:38:27 --> str_replace(): Passing null to parameter #3 ($subject) of type array|string is deprecated
in APPPATH\Controllers\AdminControllers.php on line 1692.
 1 [internal function]: CodeIgniter\Debug\Exceptions->errorHandler(8192, 'str_replace(): Passing null to parameter #3 ($subject) of type array|string is deprecated', 'APPPATH\\Controllers\\AdminControllers.php', 1692)
 2 APPPATH\Controllers\AdminControllers.php(1692): str_replace(',', 'ROOTPATH\\public', null)
 3 SYSTEMPATH\CodeIgniter.php(927): App\Controllers\AdminControllers->editpackingbarang('20')
 4 SYSTEMPATH\CodeIgniter.php(482): CodeIgniter\CodeIgniter->runController(Object(App\Controllers\AdminControllers))
 5 SYSTEMPATH\CodeIgniter.php(351): CodeIgniter\CodeIgniter->handleRequest(null, Object(Config\Cache), false)
 6 FCPATH\index.php(67): CodeIgniter\CodeIgniter->run()
 7 SYSTEMPATH\Commands\Server\rewrite.php(46): require_once('FCPATH\\index.php')
CRITICAL - 2023-03-06 12:40:56 --> str_replace(): Passing null to parameter #3 ($subject) of type array|string is deprecated
in APPPATH\Controllers\AdminControllers.php on line 1692.
 1 [internal function]: CodeIgniter\Debug\Exceptions->errorHandler(8192, 'str_replace(): Passing null to parameter #3 ($subject) of type array|string is deprecated', 'APPPATH\\Controllers\\AdminControllers.php', 1692)
 2 APPPATH\Controllers\AdminControllers.php(1692): str_replace(',', 'ROOTPATH\\public', null)
 3 SYSTEMPATH\CodeIgniter.php(927): App\Controllers\AdminControllers->editpackingbarang('20')
 4 SYSTEMPATH\CodeIgniter.php(482): CodeIgniter\CodeIgniter->runController(Object(App\Controllers\AdminControllers))
 5 SYSTEMPATH\CodeIgniter.php(351): CodeIgniter\CodeIgniter->handleRequest(null, Object(Config\Cache), false)
 6 FCPATH\index.php(67): CodeIgniter\CodeIgniter->run()
 7 SYSTEMPATH\Commands\Server\rewrite.php(46): require_once('FCPATH\\index.php')
CRITICAL - 2023-03-06 12:40:58 --> str_replace(): Passing null to parameter #3 ($subject) of type array|string is deprecated
in APPPATH\Controllers\AdminControllers.php on line 1692.
 1 [internal function]: CodeIgniter\Debug\Exceptions->errorHandler(8192, 'str_replace(): Passing null to parameter #3 ($subject) of type array|string is deprecated', 'APPPATH\\Controllers\\AdminControllers.php', 1692)
 2 APPPATH\Controllers\AdminControllers.php(1692): str_replace(',', 'ROOTPATH\\public', null)
 3 SYSTEMPATH\CodeIgniter.php(927): App\Controllers\AdminControllers->editpackingbarang('20')
 4 SYSTEMPATH\CodeIgniter.php(482): CodeIgniter\CodeIgniter->runController(Object(App\Controllers\AdminControllers))
 5 SYSTEMPATH\CodeIgniter.php(351): CodeIgniter\CodeIgniter->handleRequest(null, Object(Config\Cache), false)
 6 FCPATH\index.php(67): CodeIgniter\CodeIgniter->run()
 7 SYSTEMPATH\Commands\Server\rewrite.php(46): require_once('FCPATH\\index.php')
CRITICAL - 2023-03-06 12:41:01 --> str_replace(): Passing null to parameter #3 ($subject) of type array|string is deprecated
in APPPATH\Controllers\AdminControllers.php on line 1692.
 1 [internal function]: CodeIgniter\Debug\Exceptions->errorHandler(8192, 'str_replace(): Passing null to parameter #3 ($subject) of type array|string is deprecated', 'APPPATH\\Controllers\\AdminControllers.php', 1692)
 2 APPPATH\Controllers\AdminControllers.php(1692): str_replace(',', 'ROOTPATH\\public', null)
 3 SYSTEMPATH\CodeIgniter.php(927): App\Controllers\AdminControllers->editpackingbarang('20')
 4 SYSTEMPATH\CodeIgniter.php(482): CodeIgniter\CodeIgniter->runController(Object(App\Controllers\AdminControllers))
 5 SYSTEMPATH\CodeIgniter.php(351): CodeIgniter\CodeIgniter->handleRequest(null, Object(Config\Cache), false)
 6 FCPATH\index.php(67): CodeIgniter\CodeIgniter->run()
 7 SYSTEMPATH\Commands\Server\rewrite.php(46): require_once('FCPATH\\index.php')
CRITICAL - 2023-03-06 12:41:38 --> str_replace(): Passing null to parameter #3 ($subject) of type array|string is deprecated
in APPPATH\Controllers\AdminControllers.php on line 1692.
 1 [internal function]: CodeIgniter\Debug\Exceptions->errorHandler(8192, 'str_replace(): Passing null to parameter #3 ($subject) of type array|string is deprecated', 'APPPATH\\Controllers\\AdminControllers.php', 1692)
 2 APPPATH\Controllers\AdminControllers.php(1692): str_replace(',', 'ROOTPATH\\public', null)
 3 SYSTEMPATH\CodeIgniter.php(927): App\Controllers\AdminControllers->editpackingbarang('20')
 4 SYSTEMPATH\CodeIgniter.php(482): CodeIgniter\CodeIgniter->runController(Object(App\Controllers\AdminControllers))
 5 SYSTEMPATH\CodeIgniter.php(351): CodeIgniter\CodeIgniter->handleRequest(null, Object(Config\Cache), false)
 6 FCPATH\index.php(67): CodeIgniter\CodeIgniter->run()
 7 SYSTEMPATH\Commands\Server\rewrite.php(46): require_once('FCPATH\\index.php')
CRITICAL - 2023-03-06 12:42:13 --> str_replace(): Passing null to parameter #3 ($subject) of type array|string is deprecated
in APPPATH\Controllers\AdminControllers.php on line 1692.
 1 [internal function]: CodeIgniter\Debug\Exceptions->errorHandler(8192, 'str_replace(): Passing null to parameter #3 ($subject) of type array|string is deprecated', 'APPPATH\\Controllers\\AdminControllers.php', 1692)
 2 APPPATH\Controllers\AdminControllers.php(1692): str_replace(',', 'ROOTPATH\\public', null)
 3 SYSTEMPATH\CodeIgniter.php(927): App\Controllers\AdminControllers->editpackingbarang('20')
 4 SYSTEMPATH\CodeIgniter.php(482): CodeIgniter\CodeIgniter->runController(Object(App\Controllers\AdminControllers))
 5 SYSTEMPATH\CodeIgniter.php(351): CodeIgniter\CodeIgniter->handleRequest(null, Object(Config\Cache), false)
 6 FCPATH\index.php(67): CodeIgniter\CodeIgniter->run()
 7 SYSTEMPATH\Commands\Server\rewrite.php(46): require_once('FCPATH\\index.php')
CRITICAL - 2023-03-06 12:44:15 --> Undefined variable $pa_harga
in APPPATH\Controllers\AdminControllers.php on line 1698.
 1 APPPATH\Controllers\AdminControllers.php(1698): CodeIgniter\Debug\Exceptions->errorHandler(2, 'Undefined variable $pa_harga', 'APPPATH\\Controllers\\AdminControllers.php', 1698)
 2 SYSTEMPATH\CodeIgniter.php(927): App\Controllers\AdminControllers->editpackingbarang('20')
 3 SYSTEMPATH\CodeIgniter.php(482): CodeIgniter\CodeIgniter->runController(Object(App\Controllers\AdminControllers))
 4 SYSTEMPATH\CodeIgniter.php(351): CodeIgniter\CodeIgniter->handleRequest(null, Object(Config\Cache), false)
 5 FCPATH\index.php(67): CodeIgniter\CodeIgniter->run()
 6 SYSTEMPATH\Commands\Server\rewrite.php(46): require_once('FCPATH\\index.php')
CRITICAL - 2023-03-06 12:55:35 --> Undefined variable $sb_hargaasli
in APPPATH\Controllers\AdminControllers.php on line 1431.
 1 APPPATH\Controllers\AdminControllers.php(1431): CodeIgniter\Debug\Exceptions->errorHandler(2, 'Undefined variable $sb_hargaasli', 'APPPATH\\Controllers\\AdminControllers.php', 1431)
 2 SYSTEMPATH\CodeIgniter.php(927): App\Controllers\AdminControllers->editbarangsupplier('23')
 3 SYSTEMPATH\CodeIgniter.php(482): CodeIgniter\CodeIgniter->runController(Object(App\Controllers\AdminControllers))
 4 SYSTEMPATH\CodeIgniter.php(351): CodeIgniter\CodeIgniter->handleRequest(null, Object(Config\Cache), false)
 5 FCPATH\index.php(67): CodeIgniter\CodeIgniter->run()
 6 SYSTEMPATH\Commands\Server\rewrite.php(46): require_once('FCPATH\\index.php')
CRITICAL - 2023-03-06 13:03:46 --> Undefined variable $isDataValid
in APPPATH\Controllers\AdminControllers.php on line 2096.
 1 APPPATH\Controllers\AdminControllers.php(2096): CodeIgniter\Debug\Exceptions->errorHandler(2, 'Undefined variable $isDataValid', 'APPPATH\\Controllers\\AdminControllers.php', 2096)
 2 SYSTEMPATH\CodeIgniter.php(927): App\Controllers\AdminControllers->editpaketbarang('18')
 3 SYSTEMPATH\CodeIgniter.php(482): CodeIgniter\CodeIgniter->runController(Object(App\Controllers\AdminControllers))
 4 SYSTEMPATH\CodeIgniter.php(351): CodeIgniter\CodeIgniter->handleRequest(null, Object(Config\Cache), false)
 5 FCPATH\index.php(67): CodeIgniter\CodeIgniter->run()
 6 SYSTEMPATH\Commands\Server\rewrite.php(46): require_once('FCPATH\\index.php')
CRITICAL - 2023-03-06 13:06:32 --> Undefined variable $isDataValid
in APPPATH\Controllers\AdminControllers.php on line 2095.
 1 APPPATH\Controllers\AdminControllers.php(2095): CodeIgniter\Debug\Exceptions->errorHandler(2, 'Undefined variable $isDataValid', 'APPPATH\\Controllers\\AdminControllers.php', 2095)
 2 SYSTEMPATH\CodeIgniter.php(927): App\Controllers\AdminControllers->editpaketbarang('18')
 3 SYSTEMPATH\CodeIgniter.php(482): CodeIgniter\CodeIgniter->runController(Object(App\Controllers\AdminControllers))
 4 SYSTEMPATH\CodeIgniter.php(351): CodeIgniter\CodeIgniter->handleRequest(null, Object(Config\Cache), false)
 5 FCPATH\index.php(67): CodeIgniter\CodeIgniter->run()
 6 SYSTEMPATH\Commands\Server\rewrite.php(46): require_once('FCPATH\\index.php')
CRITICAL - 2023-03-06 13:07:25 --> Undefined variable $isDataValid
in APPPATH\Controllers\AdminControllers.php on line 2076.
 1 APPPATH\Controllers\AdminControllers.php(2076): CodeIgniter\Debug\Exceptions->errorHandler(2, 'Undefined variable $isDataValid', 'APPPATH\\Controllers\\AdminControllers.php', 2076)
 2 SYSTEMPATH\CodeIgniter.php(927): App\Controllers\AdminControllers->editpaketbarang('18')
 3 SYSTEMPATH\CodeIgniter.php(482): CodeIgniter\CodeIgniter->runController(Object(App\Controllers\AdminControllers))
 4 SYSTEMPATH\CodeIgniter.php(351): CodeIgniter\CodeIgniter->handleRequest(null, Object(Config\Cache), false)
 5 FCPATH\index.php(67): CodeIgniter\CodeIgniter->run()
 6 SYSTEMPATH\Commands\Server\rewrite.php(46): require_once('FCPATH\\index.php')
CRITICAL - 2023-03-06 13:10:08 --> Undefined variable $insentip
in APPPATH\Controllers\AdminControllers.php on line 2106.
 1 APPPATH\Controllers\AdminControllers.php(2106): CodeIgniter\Debug\Exceptions->errorHandler(2, 'Undefined variable $insentip', 'APPPATH\\Controllers\\AdminControllers.php', 2106)
 2 SYSTEMPATH\CodeIgniter.php(927): App\Controllers\AdminControllers->editpaketbarang('18')
 3 SYSTEMPATH\CodeIgniter.php(482): CodeIgniter\CodeIgniter->runController(Object(App\Controllers\AdminControllers))
 4 SYSTEMPATH\CodeIgniter.php(351): CodeIgniter\CodeIgniter->handleRequest(null, Object(Config\Cache), false)
 5 FCPATH\index.php(67): CodeIgniter\CodeIgniter->run()
 6 SYSTEMPATH\Commands\Server\rewrite.php(46): require_once('FCPATH\\index.php')
CRITICAL - 2023-03-06 13:10:26 --> Undefined variable $p_hargajual
in APPPATH\Controllers\AdminControllers.php on line 2093.
 1 APPPATH\Controllers\AdminControllers.php(2093): CodeIgniter\Debug\Exceptions->errorHandler(2, 'Undefined variable $p_hargajual', 'APPPATH\\Controllers\\AdminControllers.php', 2093)
 2 SYSTEMPATH\CodeIgniter.php(927): App\Controllers\AdminControllers->editpaketbarang('18')
 3 SYSTEMPATH\CodeIgniter.php(482): CodeIgniter\CodeIgniter->runController(Object(App\Controllers\AdminControllers))
 4 SYSTEMPATH\CodeIgniter.php(351): CodeIgniter\CodeIgniter->handleRequest(null, Object(Config\Cache), false)
 5 FCPATH\index.php(67): CodeIgniter\CodeIgniter->run()
 6 SYSTEMPATH\Commands\Server\rewrite.php(46): require_once('FCPATH\\index.php')
CRITICAL - 2023-03-06 13:10:40 --> Undefined variable $insentip
in APPPATH\Controllers\AdminControllers.php on line 2106.
 1 APPPATH\Controllers\AdminControllers.php(2106): CodeIgniter\Debug\Exceptions->errorHandler(2, 'Undefined variable $insentip', 'APPPATH\\Controllers\\AdminControllers.php', 2106)
 2 SYSTEMPATH\CodeIgniter.php(927): App\Controllers\AdminControllers->editpaketbarang('18')
 3 SYSTEMPATH\CodeIgniter.php(482): CodeIgniter\CodeIgniter->runController(Object(App\Controllers\AdminControllers))
 4 SYSTEMPATH\CodeIgniter.php(351): CodeIgniter\CodeIgniter->handleRequest(null, Object(Config\Cache), false)
 5 FCPATH\index.php(67): CodeIgniter\CodeIgniter->run()
 6 SYSTEMPATH\Commands\Server\rewrite.php(46): require_once('FCPATH\\index.php')
CRITICAL - 2023-03-06 22:15:36 --> Undefined variable $DataKategoriPaket
in APPPATH\Views\admin\layout\menu.php on line 19.
 1 APPPATH\Views\admin\layout\menu.php(19): CodeIgniter\Debug\Exceptions->errorHandler(2, 'Undefined variable $DataKategoriPaket', 'APPPATH\\Views\\admin\\layout\\menu.php', 19)
 2 SYSTEMPATH\View\View.php(213): include('APPPATH\\Views\\admin\\layout\\menu.php')
 3 SYSTEMPATH\View\View.php(216): CodeIgniter\View\View->CodeIgniter\View\{closure}()
 4 SYSTEMPATH\View\View.php(431): CodeIgniter\View\View->render('admin/layout/menu', null, true)
 5 APPPATH\Views\admin\layout\default.php(313): CodeIgniter\View\View->include('admin/layout/menu')
 6 SYSTEMPATH\View\View.php(213): include('APPPATH\\Views\\admin\\layout\\default.php')
 7 SYSTEMPATH\View\View.php(216): CodeIgniter\View\View->CodeIgniter\View\{closure}()
 8 SYSTEMPATH\View\View.php(229): CodeIgniter\View\View->render('admin/layout/default', [], true)
 9 SYSTEMPATH\Common.php(1134): CodeIgniter\View\View->render('admin/dashboard', [], true)
10 APPPATH\Controllers\AdminControllers.php(172): view('admin/dashboard', [...])
11 SYSTEMPATH\CodeIgniter.php(927): App\Controllers\AdminControllers->index()
12 SYSTEMPATH\CodeIgniter.php(482): CodeIgniter\CodeIgniter->runController(Object(App\Controllers\AdminControllers))
13 SYSTEMPATH\CodeIgniter.php(351): CodeIgniter\CodeIgniter->handleRequest(null, Object(Config\Cache), false)
14 FCPATH\index.php(67): CodeIgniter\CodeIgniter->run()
15 SYSTEMPATH\Commands\Server\rewrite.php(46): require_once('FCPATH\\index.php')
CRITICAL - 2023-03-06 22:17:42 --> Invalid file: admin/datakategoripaket.php
in SYSTEMPATH\Exceptions\FrameworkException.php on line 33.
 1 SYSTEMPATH\View\View.php(201): CodeIgniter\Exceptions\FrameworkException::forInvalidFile('admin/datakategoripaket.php')
 2 SYSTEMPATH\Common.php(1134): CodeIgniter\View\View->render('admin/datakategoripaket', [], true)
 3 APPPATH\Controllers\AdminControllers.php(1114): view('admin/datakategoripaket', [...])
 4 SYSTEMPATH\CodeIgniter.php(927): App\Controllers\AdminControllers->listdatakategoripaket()
 5 SYSTEMPATH\CodeIgniter.php(482): CodeIgniter\CodeIgniter->runController(Object(App\Controllers\AdminControllers))
 6 SYSTEMPATH\CodeIgniter.php(351): CodeIgniter\CodeIgniter->handleRequest(null, Object(Config\Cache), false)
 7 FCPATH\index.php(67): CodeIgniter\CodeIgniter->run()
 8 SYSTEMPATH\Commands\Server\rewrite.php(46): require_once('FCPATH\\index.php')
CRITICAL - 2023-03-06 22:22:48 --> Undefined variable $tb_kategori
in APPPATH\Views\admin\datakategoripaket.php on line 42.
 1 APPPATH\Views\admin\datakategoripaket.php(42): CodeIgniter\Debug\Exceptions->errorHandler(2, 'Undefined variable $tb_kategori', 'APPPATH\\Views\\admin\\datakategoripaket.php', 42)
 2 SYSTEMPATH\View\View.php(213): include('APPPATH\\Views\\admin\\datakategoripaket.php')
 3 SYSTEMPATH\View\View.php(216): CodeIgniter\View\View->CodeIgniter\View\{closure}()
 4 SYSTEMPATH\Common.php(1134): CodeIgniter\View\View->render('admin/datakategoripaket', [], true)
 5 APPPATH\Controllers\AdminControllers.php(1115): view('admin/datakategoripaket', [...])
 6 SYSTEMPATH\CodeIgniter.php(927): App\Controllers\AdminControllers->listdatakategoripaket()
 7 SYSTEMPATH\CodeIgniter.php(482): CodeIgniter\CodeIgniter->runController(Object(App\Controllers\AdminControllers))
 8 SYSTEMPATH\CodeIgniter.php(351): CodeIgniter\CodeIgniter->handleRequest(null, Object(Config\Cache), false)
 9 FCPATH\index.php(67): CodeIgniter\CodeIgniter->run()
10 SYSTEMPATH\Commands\Server\rewrite.php(46): require_once('FCPATH\\index.php')
CRITICAL - 2023-03-06 22:23:46 --> Invalid file: admin/kategoripaket.php
in SYSTEMPATH\Exceptions\FrameworkException.php on line 33.
 1 SYSTEMPATH\View\View.php(201): CodeIgniter\Exceptions\FrameworkException::forInvalidFile('admin/kategoripaket.php')
 2 SYSTEMPATH\Common.php(1134): CodeIgniter\View\View->render('admin/kategoripaket', [], true)
 3 APPPATH\Controllers\AdminControllers.php(1068): view('admin/kategoripaket', [...])
 4 SYSTEMPATH\CodeIgniter.php(927): App\Controllers\AdminControllers->kategoripaket()
 5 SYSTEMPATH\CodeIgniter.php(482): CodeIgniter\CodeIgniter->runController(Object(App\Controllers\AdminControllers))
 6 SYSTEMPATH\CodeIgniter.php(351): CodeIgniter\CodeIgniter->handleRequest(null, Object(Config\Cache), false)
 7 FCPATH\index.php(67): CodeIgniter\CodeIgniter->run()
 8 SYSTEMPATH\Commands\Server\rewrite.php(46): require_once('FCPATH\\index.php')
CRITICAL - 2023-03-06 22:29:22 --> Undefined array key "k_id"
in APPPATH\Views\admin\datakategoripaket.php on line 47.
 1 APPPATH\Views\admin\datakategoripaket.php(47): CodeIgniter\Debug\Exceptions->errorHandler(2, 'Undefined array key "k_id"', 'APPPATH\\Views\\admin\\datakategoripaket.php', 47)
 2 SYSTEMPATH\View\View.php(213): include('APPPATH\\Views\\admin\\datakategoripaket.php')
 3 SYSTEMPATH\View\View.php(216): CodeIgniter\View\View->CodeIgniter\View\{closure}()
 4 SYSTEMPATH\Common.php(1134): CodeIgniter\View\View->render('admin/datakategoripaket', [], true)
 5 APPPATH\Controllers\AdminControllers.php(1114): view('admin/datakategoripaket', [...])
 6 SYSTEMPATH\CodeIgniter.php(927): App\Controllers\AdminControllers->listdatakategoripaket()
 7 SYSTEMPATH\CodeIgniter.php(482): CodeIgniter\CodeIgniter->runController(Object(App\Controllers\AdminControllers))
 8 SYSTEMPATH\CodeIgniter.php(351): CodeIgniter\CodeIgniter->handleRequest(null, Object(Config\Cache), false)
 9 FCPATH\index.php(67): CodeIgniter\CodeIgniter->run()
10 SYSTEMPATH\Commands\Server\rewrite.php(46): require_once('FCPATH\\index.php')
ERROR - 2023-03-06 22:33:20 --> mysqli_sql_exception: Unknown column 'k_id' in 'where clause' in C:\xampp\htdocs\ProjectPaket\system\Database\MySQLi\Connection.php:292
Stack trace:
#0 C:\xampp\htdocs\ProjectPaket\system\Database\MySQLi\Connection.php(292): mysqli->query('SELECT *\nFROM `...', 0)
#1 C:\xampp\htdocs\ProjectPaket\system\Database\BaseConnection.php(666): CodeIgniter\Database\MySQLi\Connection->execute('SELECT *\nFROM `...')
#2 C:\xampp\htdocs\ProjectPaket\system\Database\BaseConnection.php(593): CodeIgniter\Database\BaseConnection->simpleQuery('SELECT *\nFROM `...')
#3 C:\xampp\htdocs\ProjectPaket\system\Database\BaseBuilder.php(1585): CodeIgniter\Database\BaseConnection->query('SELECT *\nFROM `...', Array, false)
#4 C:\xampp\htdocs\ProjectPaket\system\Model.php(250): CodeIgniter\Database\BaseBuilder->get()
#5 C:\xampp\htdocs\ProjectPaket\system\BaseModel.php(623): CodeIgniter\Model->doFirst()
#6 C:\xampp\htdocs\ProjectPaket\app\Controllers\AdminControllers.php(1142): CodeIgniter\BaseModel->first()
#7 C:\xampp\htdocs\ProjectPaket\system\CodeIgniter.php(927): App\Controllers\AdminControllers->editkategoripaket('1')
#8 C:\xampp\htdocs\ProjectPaket\system\CodeIgniter.php(482): CodeIgniter\CodeIgniter->runController(Object(App\Controllers\AdminControllers))
#9 C:\xampp\htdocs\ProjectPaket\system\CodeIgniter.php(351): CodeIgniter\CodeIgniter->handleRequest(NULL, Object(Config\Cache), false)
#10 C:\xampp\htdocs\ProjectPaket\public\index.php(67): CodeIgniter\CodeIgniter->run()
#11 C:\xampp\htdocs\ProjectPaket\system\Commands\Server\rewrite.php(46): require_once('C:\\xampp\\htdocs...')
#12 {main}
CRITICAL - 2023-03-06 22:33:20 --> Unknown column 'k_id' in 'where clause'
in SYSTEMPATH\Database\MySQLi\Connection.php on line 292.
 1 SYSTEMPATH\Database\MySQLi\Connection.php(292): mysqli->query('SELECT *
FROM `tb_kategori_paket`
WHERE `k_id` = \'1\'
 LIMIT 1', 0)
 2 SYSTEMPATH\Database\BaseConnection.php(666): CodeIgniter\Database\MySQLi\Connection->execute('SELECT *
FROM `tb_kategori_paket`
WHERE `k_id` = \'1\'
 LIMIT 1')
 3 SYSTEMPATH\Database\BaseConnection.php(593): CodeIgniter\Database\BaseConnection->simpleQuery('SELECT *
FROM `tb_kategori_paket`
WHERE `k_id` = \'1\'
 LIMIT 1')
 4 SYSTEMPATH\Database\BaseBuilder.php(1585): CodeIgniter\Database\BaseConnection->query('SELECT *
FROM `tb_kategori_paket`
WHERE `k_id` = :k_id:
 LIMIT 1', [...], false)
 5 SYSTEMPATH\Model.php(250): CodeIgniter\Database\BaseBuilder->get()
 6 SYSTEMPATH\BaseModel.php(623): CodeIgniter\Model->doFirst()
 7 APPPATH\Controllers\AdminControllers.php(1142): CodeIgniter\BaseModel->first()
 8 SYSTEMPATH\CodeIgniter.php(927): App\Controllers\AdminControllers->editkategoripaket('1')
 9 SYSTEMPATH\CodeIgniter.php(482): CodeIgniter\CodeIgniter->runController(Object(App\Controllers\AdminControllers))
10 SYSTEMPATH\CodeIgniter.php(351): CodeIgniter\CodeIgniter->handleRequest(null, Object(Config\Cache), false)
11 FCPATH\index.php(67): CodeIgniter\CodeIgniter->run()
12 SYSTEMPATH\Commands\Server\rewrite.php(46): require_once('FCPATH\\index.php')
CRITICAL - 2023-03-06 22:37:09 --> Undefined variable $tb_kategori
in APPPATH\Views\admin\kategoripaketedit.php on line 35.
 1 APPPATH\Views\admin\kategoripaketedit.php(35): CodeIgniter\Debug\Exceptions->errorHandler(2, 'Undefined variable $tb_kategori', 'APPPATH\\Views\\admin\\kategoripaketedit.php', 35)
 2 SYSTEMPATH\View\View.php(213): include('APPPATH\\Views\\admin\\kategoripaketedit.php')
 3 SYSTEMPATH\View\View.php(216): CodeIgniter\View\View->CodeIgniter\View\{closure}()
 4 SYSTEMPATH\Common.php(1134): CodeIgniter\View\View->render('admin/kategoripaketedit', [], true)
 5 APPPATH\Controllers\AdminControllers.php(1165): view('admin/kategoripaketedit', [...])
 6 SYSTEMPATH\CodeIgniter.php(927): App\Controllers\AdminControllers->editkategoripaket('1')
 7 SYSTEMPATH\CodeIgniter.php(482): CodeIgniter\CodeIgniter->runController(Object(App\Controllers\AdminControllers))
 8 SYSTEMPATH\CodeIgniter.php(351): CodeIgniter\CodeIgniter->handleRequest(null, Object(Config\Cache), false)
 9 FCPATH\index.php(67): CodeIgniter\CodeIgniter->run()
10 SYSTEMPATH\Commands\Server\rewrite.php(46): require_once('FCPATH\\index.php')
CRITICAL - 2023-03-06 22:38:16 --> Undefined variable $tb_kategori
in APPPATH\Views\admin\kategoripaketedit.php on line 35.
 1 APPPATH\Views\admin\kategoripaketedit.php(35): CodeIgniter\Debug\Exceptions->errorHandler(2, 'Undefined variable $tb_kategori', 'APPPATH\\Views\\admin\\kategoripaketedit.php', 35)
 2 SYSTEMPATH\View\View.php(213): include('APPPATH\\Views\\admin\\kategoripaketedit.php')
 3 SYSTEMPATH\View\View.php(216): CodeIgniter\View\View->CodeIgniter\View\{closure}()
 4 SYSTEMPATH\Common.php(1134): CodeIgniter\View\View->render('admin/kategoripaketedit', [], true)
 5 APPPATH\Controllers\AdminControllers.php(1165): view('admin/kategoripaketedit', [...])
 6 SYSTEMPATH\CodeIgniter.php(927): App\Controllers\AdminControllers->editkategoripaket('1')
 7 SYSTEMPATH\CodeIgniter.php(482): CodeIgniter\CodeIgniter->runController(Object(App\Controllers\AdminControllers))
 8 SYSTEMPATH\CodeIgniter.php(351): CodeIgniter\CodeIgniter->handleRequest(null, Object(Config\Cache), false)
 9 FCPATH\index.php(67): CodeIgniter\CodeIgniter->run()
10 SYSTEMPATH\Commands\Server\rewrite.php(46): require_once('FCPATH\\index.php')
CRITICAL - 2023-03-06 22:39:59 --> Undefined variable $tb_kategori
in APPPATH\Views\admin\kategoripaketedit.php on line 35.
 1 APPPATH\Views\admin\kategoripaketedit.php(35): CodeIgniter\Debug\Exceptions->errorHandler(2, 'Undefined variable $tb_kategori', 'APPPATH\\Views\\admin\\kategoripaketedit.php', 35)
 2 SYSTEMPATH\View\View.php(213): include('APPPATH\\Views\\admin\\kategoripaketedit.php')
 3 SYSTEMPATH\View\View.php(216): CodeIgniter\View\View->CodeIgniter\View\{closure}()
 4 SYSTEMPATH\Common.php(1134): CodeIgniter\View\View->render('admin/kategoripaketedit', [], true)
 5 APPPATH\Controllers\AdminControllers.php(1165): view('admin/kategoripaketedit', [...])
 6 SYSTEMPATH\CodeIgniter.php(927): App\Controllers\AdminControllers->editkategoripaket('1')
 7 SYSTEMPATH\CodeIgniter.php(482): CodeIgniter\CodeIgniter->runController(Object(App\Controllers\AdminControllers))
 8 SYSTEMPATH\CodeIgniter.php(351): CodeIgniter\CodeIgniter->handleRequest(null, Object(Config\Cache), false)
 9 FCPATH\index.php(67): CodeIgniter\CodeIgniter->run()
10 SYSTEMPATH\Commands\Server\rewrite.php(46): require_once('FCPATH\\index.php')
CRITICAL - 2023-03-06 22:42:30 --> Undefined variable $tb_kategori
in APPPATH\Views\admin\kategoripaketedit.php on line 35.
 1 APPPATH\Views\admin\kategoripaketedit.php(35): CodeIgniter\Debug\Exceptions->errorHandler(2, 'Undefined variable $tb_kategori', 'APPPATH\\Views\\admin\\kategoripaketedit.php', 35)
 2 SYSTEMPATH\View\View.php(213): include('APPPATH\\Views\\admin\\kategoripaketedit.php')
 3 SYSTEMPATH\View\View.php(216): CodeIgniter\View\View->CodeIgniter\View\{closure}()
 4 SYSTEMPATH\Common.php(1134): CodeIgniter\View\View->render('admin/kategoripaketedit', [], true)
 5 APPPATH\Controllers\AdminControllers.php(1165): view('admin/kategoripaketedit', [...])
 6 SYSTEMPATH\CodeIgniter.php(927): App\Controllers\AdminControllers->editkategoripaket('1')
 7 SYSTEMPATH\CodeIgniter.php(482): CodeIgniter\CodeIgniter->runController(Object(App\Controllers\AdminControllers))
 8 SYSTEMPATH\CodeIgniter.php(351): CodeIgniter\CodeIgniter->handleRequest(null, Object(Config\Cache), false)
 9 FCPATH\index.php(67): CodeIgniter\CodeIgniter->run()
10 SYSTEMPATH\Commands\Server\rewrite.php(46): require_once('FCPATH\\index.php')
CRITICAL - 2023-03-06 22:43:14 --> Undefined variable $tb_kategori
in APPPATH\Views\admin\kategoripaketedit.php on line 38.
 1 APPPATH\Views\admin\kategoripaketedit.php(38): CodeIgniter\Debug\Exceptions->errorHandler(2, 'Undefined variable $tb_kategori', 'APPPATH\\Views\\admin\\kategoripaketedit.php', 38)
 2 SYSTEMPATH\View\View.php(213): include('APPPATH\\Views\\admin\\kategoripaketedit.php')
 3 SYSTEMPATH\View\View.php(216): CodeIgniter\View\View->CodeIgniter\View\{closure}()
 4 SYSTEMPATH\Common.php(1134): CodeIgniter\View\View->render('admin/kategoripaketedit', [], true)
 5 APPPATH\Controllers\AdminControllers.php(1165): view('admin/kategoripaketedit', [...])
 6 SYSTEMPATH\CodeIgniter.php(927): App\Controllers\AdminControllers->editkategoripaket('1')
 7 SYSTEMPATH\CodeIgniter.php(482): CodeIgniter\CodeIgniter->runController(Object(App\Controllers\AdminControllers))
 8 SYSTEMPATH\CodeIgniter.php(351): CodeIgniter\CodeIgniter->handleRequest(null, Object(Config\Cache), false)
 9 FCPATH\index.php(67): CodeIgniter\CodeIgniter->run()
10 SYSTEMPATH\Commands\Server\rewrite.php(46): require_once('FCPATH\\index.php')
CRITICAL - 2023-03-06 22:56:17 --> Undefined array key "p_nama"
in APPPATH\Views\admin\datapaketbarang.php on line 56.
 1 APPPATH\Views\admin\datapaketbarang.php(56): CodeIgniter\Debug\Exceptions->errorHandler(2, 'Undefined array key "p_nama"', 'APPPATH\\Views\\admin\\datapaketbarang.php', 56)
 2 SYSTEMPATH\View\View.php(213): include('APPPATH\\Views\\admin\\datapaketbarang.php')
 3 SYSTEMPATH\View\View.php(216): CodeIgniter\View\View->CodeIgniter\View\{closure}()
 4 SYSTEMPATH\Common.php(1134): CodeIgniter\View\View->render('admin/datapaketbarang', [], true)
 5 APPPATH\Controllers\AdminControllers.php(2218): view('admin/datapaketbarang', [...])
 6 SYSTEMPATH\CodeIgniter.php(927): App\Controllers\AdminControllers->listdatapaketbarang()
 7 SYSTEMPATH\CodeIgniter.php(482): CodeIgniter\CodeIgniter->runController(Object(App\Controllers\AdminControllers))
 8 SYSTEMPATH\CodeIgniter.php(351): CodeIgniter\CodeIgniter->handleRequest(null, Object(Config\Cache), false)
 9 FCPATH\index.php(67): CodeIgniter\CodeIgniter->run()
10 SYSTEMPATH\Commands\Server\rewrite.php(46): require_once('FCPATH\\index.php')
CRITICAL - 2023-03-06 23:02:31 --> Undefined variable $cicilan
in APPPATH\Views\admin\datapaketbarang.php on line 57.
 1 APPPATH\Views\admin\datapaketbarang.php(57): CodeIgniter\Debug\Exceptions->errorHandler(2, 'Undefined variable $cicilan', 'APPPATH\\Views\\admin\\datapaketbarang.php', 57)
 2 SYSTEMPATH\View\View.php(213): include('APPPATH\\Views\\admin\\datapaketbarang.php')
 3 SYSTEMPATH\View\View.php(216): CodeIgniter\View\View->CodeIgniter\View\{closure}()
 4 SYSTEMPATH\Common.php(1134): CodeIgniter\View\View->render('admin/datapaketbarang', [], true)
 5 APPPATH\Controllers\AdminControllers.php(2219): view('admin/datapaketbarang', [...])
 6 SYSTEMPATH\CodeIgniter.php(927): App\Controllers\AdminControllers->listdatapaketbarang()
 7 SYSTEMPATH\CodeIgniter.php(482): CodeIgniter\CodeIgniter->runController(Object(App\Controllers\AdminControllers))
 8 SYSTEMPATH\CodeIgniter.php(351): CodeIgniter\CodeIgniter->handleRequest(null, Object(Config\Cache), false)
 9 FCPATH\index.php(67): CodeIgniter\CodeIgniter->run()
10 SYSTEMPATH\Commands\Server\rewrite.php(46): require_once('FCPATH\\index.php')
CRITICAL - 2023-03-06 23:04:27 --> Undefined array key "p_nama"
in APPPATH\Views\admin\datapaketbarang.php on line 60.
 1 APPPATH\Views\admin\datapaketbarang.php(60): CodeIgniter\Debug\Exceptions->errorHandler(2, 'Undefined array key "p_nama"', 'APPPATH\\Views\\admin\\datapaketbarang.php', 60)
 2 SYSTEMPATH\View\View.php(213): include('APPPATH\\Views\\admin\\datapaketbarang.php')
 3 SYSTEMPATH\View\View.php(216): CodeIgniter\View\View->CodeIgniter\View\{closure}()
 4 SYSTEMPATH\Common.php(1134): CodeIgniter\View\View->render('admin/datapaketbarang', [], true)
 5 APPPATH\Controllers\AdminControllers.php(2219): view('admin/datapaketbarang', [...])
 6 SYSTEMPATH\CodeIgniter.php(927): App\Controllers\AdminControllers->listdatapaketbarang()
 7 SYSTEMPATH\CodeIgniter.php(482): CodeIgniter\CodeIgniter->runController(Object(App\Controllers\AdminControllers))
 8 SYSTEMPATH\CodeIgniter.php(351): CodeIgniter\CodeIgniter->handleRequest(null, Object(Config\Cache), false)
 9 FCPATH\index.php(67): CodeIgniter\CodeIgniter->run()
10 SYSTEMPATH\Commands\Server\rewrite.php(46): require_once('FCPATH\\index.php')
CRITICAL - 2023-03-06 23:28:57 --> Call to a member function getRandomName() on null
in APPPATH\Controllers\AdminControllers.php on line 1865.
 1 SYSTEMPATH\CodeIgniter.php(927): App\Controllers\AdminControllers->packingbarangprocess()
 2 SYSTEMPATH\CodeIgniter.php(482): CodeIgniter\CodeIgniter->runController(Object(App\Controllers\AdminControllers))
 3 SYSTEMPATH\CodeIgniter.php(351): CodeIgniter\CodeIgniter->handleRequest(null, Object(Config\Cache), false)
 4 FCPATH\index.php(67): CodeIgniter\CodeIgniter->run()
 5 SYSTEMPATH\Commands\Server\rewrite.php(46): require_once('FCPATH\\index.php')
CRITICAL - 2023-03-06 23:37:16 --> Undefined array key "sb_foto"
in APPPATH\Views\admin\packingbarangedit.php on line 58.
 1 APPPATH\Views\admin\packingbarangedit.php(58): CodeIgniter\Debug\Exceptions->errorHandler(2, 'Undefined array key "sb_foto"', 'APPPATH\\Views\\admin\\packingbarangedit.php', 58)
 2 SYSTEMPATH\View\View.php(213): include('APPPATH\\Views\\admin\\packingbarangedit.php')
 3 SYSTEMPATH\View\View.php(216): CodeIgniter\View\View->CodeIgniter\View\{closure}()
 4 SYSTEMPATH\Common.php(1134): CodeIgniter\View\View->render('admin/packingbarangedit', [], true)
 5 APPPATH\Controllers\AdminControllers.php(1956): view('admin/packingbarangedit', [...])
 6 SYSTEMPATH\CodeIgniter.php(927): App\Controllers\AdminControllers->editpackingbarang('24')
 7 SYSTEMPATH\CodeIgniter.php(482): CodeIgniter\CodeIgniter->runController(Object(App\Controllers\AdminControllers))
 8 SYSTEMPATH\CodeIgniter.php(351): CodeIgniter\CodeIgniter->handleRequest(null, Object(Config\Cache), false)
 9 FCPATH\index.php(67): CodeIgniter\CodeIgniter->run()
10 SYSTEMPATH\Commands\Server\rewrite.php(46): require_once('FCPATH\\index.php')
CRITICAL - 2023-03-06 23:47:29 --> Call to a member function getError() on null
in APPPATH\Controllers\AdminControllers.php on line 1955.
 1 SYSTEMPATH\CodeIgniter.php(927): App\Controllers\AdminControllers->editpackingbarang('20')
 2 SYSTEMPATH\CodeIgniter.php(482): CodeIgniter\CodeIgniter->runController(Object(App\Controllers\AdminControllers))
 3 SYSTEMPATH\CodeIgniter.php(351): CodeIgniter\CodeIgniter->handleRequest(null, Object(Config\Cache), false)
 4 FCPATH\index.php(67): CodeIgniter\CodeIgniter->run()
 5 SYSTEMPATH\Commands\Server\rewrite.php(46): require_once('FCPATH\\index.php')
CRITICAL - 2023-03-06 23:49:35 --> Call to a member function getError() on null
in APPPATH\Controllers\AdminControllers.php on line 1955.
 1 SYSTEMPATH\CodeIgniter.php(927): App\Controllers\AdminControllers->editpackingbarang('20')
 2 SYSTEMPATH\CodeIgniter.php(482): CodeIgniter\CodeIgniter->runController(Object(App\Controllers\AdminControllers))
 3 SYSTEMPATH\CodeIgniter.php(351): CodeIgniter\CodeIgniter->handleRequest(null, Object(Config\Cache), false)
 4 FCPATH\index.php(67): CodeIgniter\CodeIgniter->run()
 5 SYSTEMPATH\Commands\Server\rewrite.php(46): require_once('FCPATH\\index.php')
CRITICAL - 2023-03-06 23:49:36 --> Call to a member function getError() on null
in APPPATH\Controllers\AdminControllers.php on line 1955.
 1 SYSTEMPATH\CodeIgniter.php(927): App\Controllers\AdminControllers->editpackingbarang('20')
 2 SYSTEMPATH\CodeIgniter.php(482): CodeIgniter\CodeIgniter->runController(Object(App\Controllers\AdminControllers))
 3 SYSTEMPATH\CodeIgniter.php(351): CodeIgniter\CodeIgniter->handleRequest(null, Object(Config\Cache), false)
 4 FCPATH\index.php(67): CodeIgniter\CodeIgniter->run()
 5 SYSTEMPATH\Commands\Server\rewrite.php(46): require_once('FCPATH\\index.php')
CRITICAL - 2023-03-06 23:49:37 --> Call to a member function getError() on null
in APPPATH\Controllers\AdminControllers.php on line 1955.
 1 SYSTEMPATH\CodeIgniter.php(927): App\Controllers\AdminControllers->editpackingbarang('20')
 2 SYSTEMPATH\CodeIgniter.php(482): CodeIgniter\CodeIgniter->runController(Object(App\Controllers\AdminControllers))
 3 SYSTEMPATH\CodeIgniter.php(351): CodeIgniter\CodeIgniter->handleRequest(null, Object(Config\Cache), false)
 4 FCPATH\index.php(67): CodeIgniter\CodeIgniter->run()
 5 SYSTEMPATH\Commands\Server\rewrite.php(46): require_once('FCPATH\\index.php')
CRITICAL - 2023-03-06 23:49:37 --> Call to a member function getError() on null
in APPPATH\Controllers\AdminControllers.php on line 1955.
 1 SYSTEMPATH\CodeIgniter.php(927): App\Controllers\AdminControllers->editpackingbarang('20')
 2 SYSTEMPATH\CodeIgniter.php(482): CodeIgniter\CodeIgniter->runController(Object(App\Controllers\AdminControllers))
 3 SYSTEMPATH\CodeIgniter.php(351): CodeIgniter\CodeIgniter->handleRequest(null, Object(Config\Cache), false)
 4 FCPATH\index.php(67): CodeIgniter\CodeIgniter->run()
 5 SYSTEMPATH\Commands\Server\rewrite.php(46): require_once('FCPATH\\index.php')
CRITICAL - 2023-03-06 23:49:37 --> Call to a member function getError() on null
in APPPATH\Controllers\AdminControllers.php on line 1955.
 1 SYSTEMPATH\CodeIgniter.php(927): App\Controllers\AdminControllers->editpackingbarang('20')
 2 SYSTEMPATH\CodeIgniter.php(482): CodeIgniter\CodeIgniter->runController(Object(App\Controllers\AdminControllers))
 3 SYSTEMPATH\CodeIgniter.php(351): CodeIgniter\CodeIgniter->handleRequest(null, Object(Config\Cache), false)
 4 FCPATH\index.php(67): CodeIgniter\CodeIgniter->run()
 5 SYSTEMPATH\Commands\Server\rewrite.php(46): require_once('FCPATH\\index.php')
