CRITICAL - 2023-02-22 08:00:02 --> Undefined variable $tb_paket
in APPPATH\Views\admin\paketbarangedit.php on line 36.
 1 APPPATH\Views\admin\paketbarangedit.php(36): CodeIgniter\Debug\Exceptions->errorHandler(2, 'Undefined variable $tb_paket', 'APPPATH\\Views\\admin\\paketbarangedit.php', 36)
 2 SYSTEMPATH\View\View.php(213): include('APPPATH\\Views\\admin\\paketbarangedit.php')
 3 SYSTEMPATH\View\View.php(216): CodeIgniter\View\View->CodeIgniter\View\{closure}()
 4 SYSTEMPATH\Common.php(1134): CodeIgniter\View\View->render('admin/paketbarangedit', [], true)
 5 APPPATH\Controllers\AdminControllers.php(1698): view('admin/paketbarangedit', [...])
 6 SYSTEMPATH\CodeIgniter.php(927): App\Controllers\AdminControllers->myFunction()
 7 SYSTEMPATH\CodeIgniter.php(482): CodeIgniter\CodeIgniter->runController(Object(App\Controllers\AdminControllers))
 8 SYSTEMPATH\CodeIgniter.php(351): CodeIgniter\CodeIgniter->handleRequest(null, Object(Config\Cache), false)
 9 FCPATH\index.php(67): CodeIgniter\CodeIgniter->run()
10 SYSTEMPATH\Commands\Server\rewrite.php(46): require_once('FCPATH\\index.php')
CRITICAL - 2023-02-22 08:23:09 --> Undefined variable $tb_paket
in APPPATH\Views\admin\paketbarangedit.php on line 36.
 1 APPPATH\Views\admin\paketbarangedit.php(36): CodeIgniter\Debug\Exceptions->errorHandler(2, 'Undefined variable $tb_paket', 'APPPATH\\Views\\admin\\paketbarangedit.php', 36)
 2 SYSTEMPATH\View\View.php(213): include('APPPATH\\Views\\admin\\paketbarangedit.php')
 3 SYSTEMPATH\View\View.php(216): CodeIgniter\View\View->CodeIgniter\View\{closure}()
 4 SYSTEMPATH\Common.php(1134): CodeIgniter\View\View->render('admin/paketbarangedit', [], true)
 5 APPPATH\Controllers\AdminControllers.php(1698): view('admin/paketbarangedit', [...])
 6 SYSTEMPATH\CodeIgniter.php(927): App\Controllers\AdminControllers->myFunction()
 7 SYSTEMPATH\CodeIgniter.php(482): CodeIgniter\CodeIgniter->runController(Object(App\Controllers\AdminControllers))
 8 SYSTEMPATH\CodeIgniter.php(351): CodeIgniter\CodeIgniter->handleRequest(null, Object(Config\Cache), false)
 9 FCPATH\index.php(67): CodeIgniter\CodeIgniter->run()
10 SYSTEMPATH\Commands\Server\rewrite.php(46): require_once('FCPATH\\index.php')
