CRITICAL - 2023-01-27 16:12:05 --> Class "phpOffice\PhpSpreadsheet\Spreadsheet" not found
in APPPATH\Controllers\AdminControllers.php on line 375.
 1 SYSTEMPATH\CodeIgniter.php(927): App\Controllers\AdminControllers->ExportDataExcelUser()
 2 SYSTEMPATH\CodeIgniter.php(482): CodeIgniter\CodeIgniter->runController(Object(App\Controllers\AdminControllers))
 3 SYSTEMPATH\CodeIgniter.php(351): CodeIgniter\CodeIgniter->handleRequest(null, Object(Config\Cache), false)
 4 FCPATH\index.php(67): CodeIgniter\CodeIgniter->run()
 5 SYSTEMPATH\Commands\Server\rewrite.php(46): require_once('FCPATH\\index.php')
CRITICAL - 2023-01-27 16:20:42 --> Invalid cell coordinate A
in VENDORPATH\phpoffice\phpspreadsheet\src\PhpSpreadsheet\Cell\Coordinate.php on line 43.
 1 VENDORPATH\phpoffice\phpspreadsheet\src\PhpSpreadsheet\Cell\Coordinate.php(55): PhpOffice\PhpSpreadsheet\Cell\Coordinate::coordinateFromString('A')
 2 VENDORPATH\phpoffice\phpspreadsheet\src\PhpSpreadsheet\Worksheet\Worksheet.php(1369): PhpOffice\PhpSpreadsheet\Cell\Coordinate::indexesFromString('A')
 3 VENDORPATH\phpoffice\phpspreadsheet\src\PhpSpreadsheet\Worksheet\Worksheet.php(1259): PhpOffice\PhpSpreadsheet\Worksheet\Worksheet->createNewCell('A')
 4 VENDORPATH\phpoffice\phpspreadsheet\src\PhpSpreadsheet\Worksheet\Worksheet.php(1150): PhpOffice\PhpSpreadsheet\Worksheet\Worksheet->getCell('A')
 5 APPPATH\Controllers\AdminControllers.php(400): PhpOffice\PhpSpreadsheet\Worksheet\Worksheet->setCellValue('A', 1)
 6 SYSTEMPATH\CodeIgniter.php(927): App\Controllers\AdminControllers->ExportDataExcelUser()
 7 SYSTEMPATH\CodeIgniter.php(482): CodeIgniter\CodeIgniter->runController(Object(App\Controllers\AdminControllers))
 8 SYSTEMPATH\CodeIgniter.php(351): CodeIgniter\CodeIgniter->handleRequest(null, Object(Config\Cache), false)
 9 FCPATH\index.php(67): CodeIgniter\CodeIgniter->run()
10 SYSTEMPATH\Commands\Server\rewrite.php(46): require_once('FCPATH\\index.php')
CRITICAL - 2023-01-27 16:23:07 --> Invalid cell coordinate A
in VENDORPATH\phpoffice\phpspreadsheet\src\PhpSpreadsheet\Cell\Coordinate.php on line 43.
 1 VENDORPATH\phpoffice\phpspreadsheet\src\PhpSpreadsheet\Cell\Coordinate.php(55): PhpOffice\PhpSpreadsheet\Cell\Coordinate::coordinateFromString('A')
 2 VENDORPATH\phpoffice\phpspreadsheet\src\PhpSpreadsheet\Worksheet\Worksheet.php(1369): PhpOffice\PhpSpreadsheet\Cell\Coordinate::indexesFromString('A')
 3 VENDORPATH\phpoffice\phpspreadsheet\src\PhpSpreadsheet\Worksheet\Worksheet.php(1259): PhpOffice\PhpSpreadsheet\Worksheet\Worksheet->createNewCell('A')
 4 VENDORPATH\phpoffice\phpspreadsheet\src\PhpSpreadsheet\Worksheet\Worksheet.php(1150): PhpOffice\PhpSpreadsheet\Worksheet\Worksheet->getCell('A')
 5 APPPATH\Controllers\AdminControllers.php(400): PhpOffice\PhpSpreadsheet\Worksheet\Worksheet->setCellValue('A', 1)
 6 SYSTEMPATH\CodeIgniter.php(927): App\Controllers\AdminControllers->ExportDataExcelUser()
 7 SYSTEMPATH\CodeIgniter.php(482): CodeIgniter\CodeIgniter->runController(Object(App\Controllers\AdminControllers))
 8 SYSTEMPATH\CodeIgniter.php(351): CodeIgniter\CodeIgniter->handleRequest(null, Object(Config\Cache), false)
 9 FCPATH\index.php(67): CodeIgniter\CodeIgniter->run()
10 SYSTEMPATH\Commands\Server\rewrite.php(46): require_once('FCPATH\\index.php')
CRITICAL - 2023-01-27 16:26:01 --> Invalid cell coordinate A
in VENDORPATH\phpoffice\phpspreadsheet\src\PhpSpreadsheet\Cell\Coordinate.php on line 43.
 1 VENDORPATH\phpoffice\phpspreadsheet\src\PhpSpreadsheet\Cell\Coordinate.php(55): PhpOffice\PhpSpreadsheet\Cell\Coordinate::coordinateFromString('A')
 2 VENDORPATH\phpoffice\phpspreadsheet\src\PhpSpreadsheet\Worksheet\Worksheet.php(1374): PhpOffice\PhpSpreadsheet\Cell\Coordinate::indexesFromString('A')
 3 VENDORPATH\phpoffice\phpspreadsheet\src\PhpSpreadsheet\Worksheet\Worksheet.php(1264): PhpOffice\PhpSpreadsheet\Worksheet\Worksheet->createNewCell('A')
 4 VENDORPATH\phpoffice\phpspreadsheet\src\PhpSpreadsheet\Worksheet\Worksheet.php(1155): PhpOffice\PhpSpreadsheet\Worksheet\Worksheet->getCell('A')
 5 APPPATH\Controllers\AdminControllers.php(400): PhpOffice\PhpSpreadsheet\Worksheet\Worksheet->setCellValue('A', 1)
 6 SYSTEMPATH\CodeIgniter.php(927): App\Controllers\AdminControllers->ExportDataExcelUser()
 7 SYSTEMPATH\CodeIgniter.php(482): CodeIgniter\CodeIgniter->runController(Object(App\Controllers\AdminControllers))
 8 SYSTEMPATH\CodeIgniter.php(351): CodeIgniter\CodeIgniter->handleRequest(null, Object(Config\Cache), false)
 9 FCPATH\index.php(67): CodeIgniter\CodeIgniter->run()
10 SYSTEMPATH\Commands\Server\rewrite.php(46): require_once('FCPATH\\index.php')
CRITICAL - 2023-01-27 16:27:59 --> Invalid cell coordinate A
in VENDORPATH\phpoffice\phpspreadsheet\src\PhpSpreadsheet\Cell\Coordinate.php on line 43.
 1 VENDORPATH\phpoffice\phpspreadsheet\src\PhpSpreadsheet\Cell\Coordinate.php(55): PhpOffice\PhpSpreadsheet\Cell\Coordinate::coordinateFromString('A')
 2 VENDORPATH\phpoffice\phpspreadsheet\src\PhpSpreadsheet\Worksheet\Worksheet.php(1374): PhpOffice\PhpSpreadsheet\Cell\Coordinate::indexesFromString('A')
 3 VENDORPATH\phpoffice\phpspreadsheet\src\PhpSpreadsheet\Worksheet\Worksheet.php(1264): PhpOffice\PhpSpreadsheet\Worksheet\Worksheet->createNewCell('A')
 4 VENDORPATH\phpoffice\phpspreadsheet\src\PhpSpreadsheet\Worksheet\Worksheet.php(1155): PhpOffice\PhpSpreadsheet\Worksheet\Worksheet->getCell('A')
 5 APPPATH\Controllers\AdminControllers.php(400): PhpOffice\PhpSpreadsheet\Worksheet\Worksheet->setCellValue('A', 1)
 6 SYSTEMPATH\CodeIgniter.php(927): App\Controllers\AdminControllers->ExportDataExcelUser()
 7 SYSTEMPATH\CodeIgniter.php(482): CodeIgniter\CodeIgniter->runController(Object(App\Controllers\AdminControllers))
 8 SYSTEMPATH\CodeIgniter.php(351): CodeIgniter\CodeIgniter->handleRequest(null, Object(Config\Cache), false)
 9 FCPATH\index.php(67): CodeIgniter\CodeIgniter->run()
10 SYSTEMPATH\Commands\Server\rewrite.php(46): require_once('FCPATH\\index.php')
CRITICAL - 2023-01-27 16:28:45 --> Invalid cell coordinate A
in VENDORPATH\phpoffice\phpspreadsheet\src\PhpSpreadsheet\Cell\Coordinate.php on line 43.
 1 VENDORPATH\phpoffice\phpspreadsheet\src\PhpSpreadsheet\Cell\Coordinate.php(55): PhpOffice\PhpSpreadsheet\Cell\Coordinate::coordinateFromString('A')
 2 VENDORPATH\phpoffice\phpspreadsheet\src\PhpSpreadsheet\Worksheet\Worksheet.php(1374): PhpOffice\PhpSpreadsheet\Cell\Coordinate::indexesFromString('A')
 3 VENDORPATH\phpoffice\phpspreadsheet\src\PhpSpreadsheet\Worksheet\Worksheet.php(1264): PhpOffice\PhpSpreadsheet\Worksheet\Worksheet->createNewCell('A')
 4 VENDORPATH\phpoffice\phpspreadsheet\src\PhpSpreadsheet\Worksheet\Worksheet.php(1155): PhpOffice\PhpSpreadsheet\Worksheet\Worksheet->getCell('A')
 5 APPPATH\Controllers\AdminControllers.php(400): PhpOffice\PhpSpreadsheet\Worksheet\Worksheet->setCellValue('A', 1)
 6 SYSTEMPATH\CodeIgniter.php(927): App\Controllers\AdminControllers->ExportDataExcelUser()
 7 SYSTEMPATH\CodeIgniter.php(482): CodeIgniter\CodeIgniter->runController(Object(App\Controllers\AdminControllers))
 8 SYSTEMPATH\CodeIgniter.php(351): CodeIgniter\CodeIgniter->handleRequest(null, Object(Config\Cache), false)
 9 FCPATH\index.php(67): CodeIgniter\CodeIgniter->run()
10 SYSTEMPATH\Commands\Server\rewrite.php(46): require_once('FCPATH\\index.php')
CRITICAL - 2023-01-27 16:31:50 --> Undefined variable $tb_user
in APPPATH\Controllers\AdminControllers.php on line 399.
 1 APPPATH\Controllers\AdminControllers.php(399): CodeIgniter\Debug\Exceptions->errorHandler(2, 'Undefined variable $tb_user', 'APPPATH\\Controllers\\AdminControllers.php', 399)
 2 SYSTEMPATH\CodeIgniter.php(927): App\Controllers\AdminControllers->ExportDataExcelUser()
 3 SYSTEMPATH\CodeIgniter.php(482): CodeIgniter\CodeIgniter->runController(Object(App\Controllers\AdminControllers))
 4 SYSTEMPATH\CodeIgniter.php(351): CodeIgniter\CodeIgniter->handleRequest(null, Object(Config\Cache), false)
 5 FCPATH\index.php(67): CodeIgniter\CodeIgniter->run()
 6 SYSTEMPATH\Commands\Server\rewrite.php(46): require_once('FCPATH\\index.php')
CRITICAL - 2023-01-27 16:36:47 --> Invalid cell coordinate A
in VENDORPATH\phpoffice\phpspreadsheet\src\PhpSpreadsheet\Cell\Coordinate.php on line 43.
 1 VENDORPATH\phpoffice\phpspreadsheet\src\PhpSpreadsheet\Cell\Coordinate.php(55): PhpOffice\PhpSpreadsheet\Cell\Coordinate::coordinateFromString('A')
 2 VENDORPATH\phpoffice\phpspreadsheet\src\PhpSpreadsheet\Worksheet\Worksheet.php(1374): PhpOffice\PhpSpreadsheet\Cell\Coordinate::indexesFromString('A')
 3 VENDORPATH\phpoffice\phpspreadsheet\src\PhpSpreadsheet\Worksheet\Worksheet.php(1264): PhpOffice\PhpSpreadsheet\Worksheet\Worksheet->createNewCell('A')
 4 VENDORPATH\phpoffice\phpspreadsheet\src\PhpSpreadsheet\Worksheet\Worksheet.php(1155): PhpOffice\PhpSpreadsheet\Worksheet\Worksheet->getCell('A')
 5 APPPATH\Controllers\AdminControllers.php(400): PhpOffice\PhpSpreadsheet\Worksheet\Worksheet->setCellValue('A', 1)
 6 SYSTEMPATH\CodeIgniter.php(927): App\Controllers\AdminControllers->ExportDataExcelUser()
 7 SYSTEMPATH\CodeIgniter.php(482): CodeIgniter\CodeIgniter->runController(Object(App\Controllers\AdminControllers))
 8 SYSTEMPATH\CodeIgniter.php(351): CodeIgniter\CodeIgniter->handleRequest(null, Object(Config\Cache), false)
 9 FCPATH\index.php(67): CodeIgniter\CodeIgniter->run()
10 SYSTEMPATH\Commands\Server\rewrite.php(46): require_once('FCPATH\\index.php')
CRITICAL - 2023-01-27 16:38:20 --> Invalid cell coordinate A
in VENDORPATH\phpoffice\phpspreadsheet\src\PhpSpreadsheet\Cell\Coordinate.php on line 43.
 1 VENDORPATH\phpoffice\phpspreadsheet\src\PhpSpreadsheet\Cell\Coordinate.php(55): PhpOffice\PhpSpreadsheet\Cell\Coordinate::coordinateFromString('A')
 2 VENDORPATH\phpoffice\phpspreadsheet\src\PhpSpreadsheet\Worksheet\Worksheet.php(1374): PhpOffice\PhpSpreadsheet\Cell\Coordinate::indexesFromString('A')
 3 VENDORPATH\phpoffice\phpspreadsheet\src\PhpSpreadsheet\Worksheet\Worksheet.php(1264): PhpOffice\PhpSpreadsheet\Worksheet\Worksheet->createNewCell('A')
 4 VENDORPATH\phpoffice\phpspreadsheet\src\PhpSpreadsheet\Worksheet\Worksheet.php(1155): PhpOffice\PhpSpreadsheet\Worksheet\Worksheet->getCell('A')
 5 APPPATH\Controllers\AdminControllers.php(400): PhpOffice\PhpSpreadsheet\Worksheet\Worksheet->setCellValue('A', 1)
 6 SYSTEMPATH\CodeIgniter.php(927): App\Controllers\AdminControllers->ExportDataExcelUser()
 7 SYSTEMPATH\CodeIgniter.php(482): CodeIgniter\CodeIgniter->runController(Object(App\Controllers\AdminControllers))
 8 SYSTEMPATH\CodeIgniter.php(351): CodeIgniter\CodeIgniter->handleRequest(null, Object(Config\Cache), false)
 9 FCPATH\index.php(67): CodeIgniter\CodeIgniter->run()
10 SYSTEMPATH\Commands\Server\rewrite.php(46): require_once('FCPATH\\index.php')
CRITICAL - 2023-01-27 16:38:23 --> Invalid cell coordinate A
in VENDORPATH\phpoffice\phpspreadsheet\src\PhpSpreadsheet\Cell\Coordinate.php on line 43.
 1 VENDORPATH\phpoffice\phpspreadsheet\src\PhpSpreadsheet\Cell\Coordinate.php(55): PhpOffice\PhpSpreadsheet\Cell\Coordinate::coordinateFromString('A')
 2 VENDORPATH\phpoffice\phpspreadsheet\src\PhpSpreadsheet\Worksheet\Worksheet.php(1374): PhpOffice\PhpSpreadsheet\Cell\Coordinate::indexesFromString('A')
 3 VENDORPATH\phpoffice\phpspreadsheet\src\PhpSpreadsheet\Worksheet\Worksheet.php(1264): PhpOffice\PhpSpreadsheet\Worksheet\Worksheet->createNewCell('A')
 4 VENDORPATH\phpoffice\phpspreadsheet\src\PhpSpreadsheet\Worksheet\Worksheet.php(1155): PhpOffice\PhpSpreadsheet\Worksheet\Worksheet->getCell('A')
 5 APPPATH\Controllers\AdminControllers.php(400): PhpOffice\PhpSpreadsheet\Worksheet\Worksheet->setCellValue('A', 1)
 6 SYSTEMPATH\CodeIgniter.php(927): App\Controllers\AdminControllers->ExportDataExcelUser()
 7 SYSTEMPATH\CodeIgniter.php(482): CodeIgniter\CodeIgniter->runController(Object(App\Controllers\AdminControllers))
 8 SYSTEMPATH\CodeIgniter.php(351): CodeIgniter\CodeIgniter->handleRequest(null, Object(Config\Cache), false)
 9 FCPATH\index.php(67): CodeIgniter\CodeIgniter->run()
10 SYSTEMPATH\Commands\Server\rewrite.php(46): require_once('FCPATH\\index.php')
CRITICAL - 2023-01-27 16:40:53 --> Invalid cell coordinate A
in VENDORPATH\phpoffice\phpspreadsheet\src\PhpSpreadsheet\Cell\Coordinate.php on line 43.
 1 VENDORPATH\phpoffice\phpspreadsheet\src\PhpSpreadsheet\Cell\Coordinate.php(55): PhpOffice\PhpSpreadsheet\Cell\Coordinate::coordinateFromString('A')
 2 VENDORPATH\phpoffice\phpspreadsheet\src\PhpSpreadsheet\Worksheet\Worksheet.php(1374): PhpOffice\PhpSpreadsheet\Cell\Coordinate::indexesFromString('A')
 3 VENDORPATH\phpoffice\phpspreadsheet\src\PhpSpreadsheet\Worksheet\Worksheet.php(1264): PhpOffice\PhpSpreadsheet\Worksheet\Worksheet->createNewCell('A')
 4 VENDORPATH\phpoffice\phpspreadsheet\src\PhpSpreadsheet\Worksheet\Worksheet.php(1155): PhpOffice\PhpSpreadsheet\Worksheet\Worksheet->getCell('A')
 5 APPPATH\Controllers\AdminControllers.php(400): PhpOffice\PhpSpreadsheet\Worksheet\Worksheet->setCellValue('A', 1)
 6 SYSTEMPATH\CodeIgniter.php(927): App\Controllers\AdminControllers->ExportDataExcelUser()
 7 SYSTEMPATH\CodeIgniter.php(482): CodeIgniter\CodeIgniter->runController(Object(App\Controllers\AdminControllers))
 8 SYSTEMPATH\CodeIgniter.php(351): CodeIgniter\CodeIgniter->handleRequest(null, Object(Config\Cache), false)
 9 FCPATH\index.php(67): CodeIgniter\CodeIgniter->run()
10 SYSTEMPATH\Commands\Server\rewrite.php(46): require_once('FCPATH\\index.php')
CRITICAL - 2023-01-27 16:43:09 --> Invalid cell coordinate A
in VENDORPATH\phpoffice\phpspreadsheet\src\PhpSpreadsheet\Cell\Coordinate.php on line 43.
 1 VENDORPATH\phpoffice\phpspreadsheet\src\PhpSpreadsheet\Cell\Coordinate.php(55): PhpOffice\PhpSpreadsheet\Cell\Coordinate::coordinateFromString('A')
 2 VENDORPATH\phpoffice\phpspreadsheet\src\PhpSpreadsheet\Worksheet\Worksheet.php(1374): PhpOffice\PhpSpreadsheet\Cell\Coordinate::indexesFromString('A')
 3 VENDORPATH\phpoffice\phpspreadsheet\src\PhpSpreadsheet\Worksheet\Worksheet.php(1264): PhpOffice\PhpSpreadsheet\Worksheet\Worksheet->createNewCell('A')
 4 VENDORPATH\phpoffice\phpspreadsheet\src\PhpSpreadsheet\Worksheet\Worksheet.php(1155): PhpOffice\PhpSpreadsheet\Worksheet\Worksheet->getCell('A')
 5 APPPATH\Controllers\AdminControllers.php(400): PhpOffice\PhpSpreadsheet\Worksheet\Worksheet->setCellValue('A', 1)
 6 SYSTEMPATH\CodeIgniter.php(927): App\Controllers\AdminControllers->ExportDataExcelUser()
 7 SYSTEMPATH\CodeIgniter.php(482): CodeIgniter\CodeIgniter->runController(Object(App\Controllers\AdminControllers))
 8 SYSTEMPATH\CodeIgniter.php(351): CodeIgniter\CodeIgniter->handleRequest(null, Object(Config\Cache), false)
 9 FCPATH\index.php(67): CodeIgniter\CodeIgniter->run()
10 SYSTEMPATH\Commands\Server\rewrite.php(46): require_once('FCPATH\\index.php')
CRITICAL - 2023-01-27 16:54:50 --> Invalid cell coordinate A
in VENDORPATH\phpoffice\phpspreadsheet\src\PhpSpreadsheet\Cell\Coordinate.php on line 43.
 1 VENDORPATH\phpoffice\phpspreadsheet\src\PhpSpreadsheet\Cell\Coordinate.php(55): PhpOffice\PhpSpreadsheet\Cell\Coordinate::coordinateFromString('A')
 2 VENDORPATH\phpoffice\phpspreadsheet\src\PhpSpreadsheet\Worksheet\Worksheet.php(1374): PhpOffice\PhpSpreadsheet\Cell\Coordinate::indexesFromString('A')
 3 VENDORPATH\phpoffice\phpspreadsheet\src\PhpSpreadsheet\Worksheet\Worksheet.php(1264): PhpOffice\PhpSpreadsheet\Worksheet\Worksheet->createNewCell('A')
 4 VENDORPATH\phpoffice\phpspreadsheet\src\PhpSpreadsheet\Worksheet\Worksheet.php(1155): PhpOffice\PhpSpreadsheet\Worksheet\Worksheet->getCell('A')
 5 APPPATH\Controllers\AdminControllers.php(400): PhpOffice\PhpSpreadsheet\Worksheet\Worksheet->setCellValue('A', 1)
 6 SYSTEMPATH\CodeIgniter.php(927): App\Controllers\AdminControllers->ExportDataExcelUser()
 7 SYSTEMPATH\CodeIgniter.php(482): CodeIgniter\CodeIgniter->runController(Object(App\Controllers\AdminControllers))
 8 SYSTEMPATH\CodeIgniter.php(351): CodeIgniter\CodeIgniter->handleRequest(null, Object(Config\Cache), false)
 9 FCPATH\index.php(67): CodeIgniter\CodeIgniter->run()
10 SYSTEMPATH\Commands\Server\rewrite.php(46): require_once('FCPATH\\index.php')
CRITICAL - 2023-01-27 16:56:32 --> Invalid cell coordinate A
in VENDORPATH\phpoffice\phpspreadsheet\src\PhpSpreadsheet\Cell\Coordinate.php on line 43.
 1 VENDORPATH\phpoffice\phpspreadsheet\src\PhpSpreadsheet\Cell\Coordinate.php(55): PhpOffice\PhpSpreadsheet\Cell\Coordinate::coordinateFromString('A')
 2 VENDORPATH\phpoffice\phpspreadsheet\src\PhpSpreadsheet\Worksheet\Worksheet.php(1374): PhpOffice\PhpSpreadsheet\Cell\Coordinate::indexesFromString('A')
 3 VENDORPATH\phpoffice\phpspreadsheet\src\PhpSpreadsheet\Worksheet\Worksheet.php(1264): PhpOffice\PhpSpreadsheet\Worksheet\Worksheet->createNewCell('A')
 4 VENDORPATH\phpoffice\phpspreadsheet\src\PhpSpreadsheet\Worksheet\Worksheet.php(1155): PhpOffice\PhpSpreadsheet\Worksheet\Worksheet->getCell('A')
 5 APPPATH\Controllers\AdminControllers.php(400): PhpOffice\PhpSpreadsheet\Worksheet\Worksheet->setCellValue('A', 1)
 6 SYSTEMPATH\CodeIgniter.php(927): App\Controllers\AdminControllers->ExportDataExcelUser()
 7 SYSTEMPATH\CodeIgniter.php(482): CodeIgniter\CodeIgniter->runController(Object(App\Controllers\AdminControllers))
 8 SYSTEMPATH\CodeIgniter.php(351): CodeIgniter\CodeIgniter->handleRequest(null, Object(Config\Cache), false)
 9 FCPATH\index.php(67): CodeIgniter\CodeIgniter->run()
10 SYSTEMPATH\Commands\Server\rewrite.php(46): require_once('FCPATH\\index.php')
CRITICAL - 2023-01-27 16:56:39 --> Invalid cell coordinate A
in VENDORPATH\phpoffice\phpspreadsheet\src\PhpSpreadsheet\Cell\Coordinate.php on line 43.
 1 VENDORPATH\phpoffice\phpspreadsheet\src\PhpSpreadsheet\Cell\Coordinate.php(55): PhpOffice\PhpSpreadsheet\Cell\Coordinate::coordinateFromString('A')
 2 VENDORPATH\phpoffice\phpspreadsheet\src\PhpSpreadsheet\Worksheet\Worksheet.php(1374): PhpOffice\PhpSpreadsheet\Cell\Coordinate::indexesFromString('A')
 3 VENDORPATH\phpoffice\phpspreadsheet\src\PhpSpreadsheet\Worksheet\Worksheet.php(1264): PhpOffice\PhpSpreadsheet\Worksheet\Worksheet->createNewCell('A')
 4 VENDORPATH\phpoffice\phpspreadsheet\src\PhpSpreadsheet\Worksheet\Worksheet.php(1155): PhpOffice\PhpSpreadsheet\Worksheet\Worksheet->getCell('A')
 5 APPPATH\Controllers\AdminControllers.php(400): PhpOffice\PhpSpreadsheet\Worksheet\Worksheet->setCellValue('A', 1)
 6 SYSTEMPATH\CodeIgniter.php(927): App\Controllers\AdminControllers->ExportDataExcelUser()
 7 SYSTEMPATH\CodeIgniter.php(482): CodeIgniter\CodeIgniter->runController(Object(App\Controllers\AdminControllers))
 8 SYSTEMPATH\CodeIgniter.php(351): CodeIgniter\CodeIgniter->handleRequest(null, Object(Config\Cache), false)
 9 FCPATH\index.php(67): CodeIgniter\CodeIgniter->run()
10 SYSTEMPATH\Commands\Server\rewrite.php(46): require_once('FCPATH\\index.php')
CRITICAL - 2023-01-27 16:59:22 --> Invalid cell coordinate A
in VENDORPATH\phpoffice\phpspreadsheet\src\PhpSpreadsheet\Cell\Coordinate.php on line 43.
 1 VENDORPATH\phpoffice\phpspreadsheet\src\PhpSpreadsheet\Cell\Coordinate.php(55): PhpOffice\PhpSpreadsheet\Cell\Coordinate::coordinateFromString('A')
 2 VENDORPATH\phpoffice\phpspreadsheet\src\PhpSpreadsheet\Worksheet\Worksheet.php(1374): PhpOffice\PhpSpreadsheet\Cell\Coordinate::indexesFromString('A')
 3 VENDORPATH\phpoffice\phpspreadsheet\src\PhpSpreadsheet\Worksheet\Worksheet.php(1264): PhpOffice\PhpSpreadsheet\Worksheet\Worksheet->createNewCell('A')
 4 VENDORPATH\phpoffice\phpspreadsheet\src\PhpSpreadsheet\Worksheet\Worksheet.php(1155): PhpOffice\PhpSpreadsheet\Worksheet\Worksheet->getCell('A')
 5 APPPATH\Controllers\AdminControllers.php(400): PhpOffice\PhpSpreadsheet\Worksheet\Worksheet->setCellValue('A', 1)
 6 SYSTEMPATH\CodeIgniter.php(927): App\Controllers\AdminControllers->ExportDataExcelUser()
 7 SYSTEMPATH\CodeIgniter.php(482): CodeIgniter\CodeIgniter->runController(Object(App\Controllers\AdminControllers))
 8 SYSTEMPATH\CodeIgniter.php(351): CodeIgniter\CodeIgniter->handleRequest(null, Object(Config\Cache), false)
 9 FCPATH\index.php(67): CodeIgniter\CodeIgniter->run()
10 SYSTEMPATH\Commands\Server\rewrite.php(46): require_once('FCPATH\\index.php')
CRITICAL - 2023-01-27 16:59:23 --> Invalid cell coordinate A
in VENDORPATH\phpoffice\phpspreadsheet\src\PhpSpreadsheet\Cell\Coordinate.php on line 43.
 1 VENDORPATH\phpoffice\phpspreadsheet\src\PhpSpreadsheet\Cell\Coordinate.php(55): PhpOffice\PhpSpreadsheet\Cell\Coordinate::coordinateFromString('A')
 2 VENDORPATH\phpoffice\phpspreadsheet\src\PhpSpreadsheet\Worksheet\Worksheet.php(1374): PhpOffice\PhpSpreadsheet\Cell\Coordinate::indexesFromString('A')
 3 VENDORPATH\phpoffice\phpspreadsheet\src\PhpSpreadsheet\Worksheet\Worksheet.php(1264): PhpOffice\PhpSpreadsheet\Worksheet\Worksheet->createNewCell('A')
 4 VENDORPATH\phpoffice\phpspreadsheet\src\PhpSpreadsheet\Worksheet\Worksheet.php(1155): PhpOffice\PhpSpreadsheet\Worksheet\Worksheet->getCell('A')
 5 APPPATH\Controllers\AdminControllers.php(400): PhpOffice\PhpSpreadsheet\Worksheet\Worksheet->setCellValue('A', 1)
 6 SYSTEMPATH\CodeIgniter.php(927): App\Controllers\AdminControllers->ExportDataExcelUser()
 7 SYSTEMPATH\CodeIgniter.php(482): CodeIgniter\CodeIgniter->runController(Object(App\Controllers\AdminControllers))
 8 SYSTEMPATH\CodeIgniter.php(351): CodeIgniter\CodeIgniter->handleRequest(null, Object(Config\Cache), false)
 9 FCPATH\index.php(67): CodeIgniter\CodeIgniter->run()
10 SYSTEMPATH\Commands\Server\rewrite.php(46): require_once('FCPATH\\index.php')
CRITICAL - 2023-01-27 16:59:29 --> Invalid cell coordinate A
in VENDORPATH\phpoffice\phpspreadsheet\src\PhpSpreadsheet\Cell\Coordinate.php on line 43.
 1 VENDORPATH\phpoffice\phpspreadsheet\src\PhpSpreadsheet\Cell\Coordinate.php(55): PhpOffice\PhpSpreadsheet\Cell\Coordinate::coordinateFromString('A')
 2 VENDORPATH\phpoffice\phpspreadsheet\src\PhpSpreadsheet\Worksheet\Worksheet.php(1374): PhpOffice\PhpSpreadsheet\Cell\Coordinate::indexesFromString('A')
 3 VENDORPATH\phpoffice\phpspreadsheet\src\PhpSpreadsheet\Worksheet\Worksheet.php(1264): PhpOffice\PhpSpreadsheet\Worksheet\Worksheet->createNewCell('A')
 4 VENDORPATH\phpoffice\phpspreadsheet\src\PhpSpreadsheet\Worksheet\Worksheet.php(1155): PhpOffice\PhpSpreadsheet\Worksheet\Worksheet->getCell('A')
 5 APPPATH\Controllers\AdminControllers.php(400): PhpOffice\PhpSpreadsheet\Worksheet\Worksheet->setCellValue('A', 1)
 6 SYSTEMPATH\CodeIgniter.php(927): App\Controllers\AdminControllers->ExportDataExcelUser()
 7 SYSTEMPATH\CodeIgniter.php(482): CodeIgniter\CodeIgniter->runController(Object(App\Controllers\AdminControllers))
 8 SYSTEMPATH\CodeIgniter.php(351): CodeIgniter\CodeIgniter->handleRequest(null, Object(Config\Cache), false)
 9 FCPATH\index.php(67): CodeIgniter\CodeIgniter->run()
10 SYSTEMPATH\Commands\Server\rewrite.php(46): require_once('FCPATH\\index.php')
CRITICAL - 2023-01-27 17:01:47 --> Invalid cell coordinate A
in VENDORPATH\phpoffice\phpspreadsheet\src\PhpSpreadsheet\Cell\Coordinate.php on line 43.
 1 VENDORPATH\phpoffice\phpspreadsheet\src\PhpSpreadsheet\Cell\Coordinate.php(55): PhpOffice\PhpSpreadsheet\Cell\Coordinate::coordinateFromString('A')
 2 VENDORPATH\phpoffice\phpspreadsheet\src\PhpSpreadsheet\Worksheet\Worksheet.php(1374): PhpOffice\PhpSpreadsheet\Cell\Coordinate::indexesFromString('A')
 3 VENDORPATH\phpoffice\phpspreadsheet\src\PhpSpreadsheet\Worksheet\Worksheet.php(1264): PhpOffice\PhpSpreadsheet\Worksheet\Worksheet->createNewCell('A')
 4 VENDORPATH\phpoffice\phpspreadsheet\src\PhpSpreadsheet\Worksheet\Worksheet.php(1155): PhpOffice\PhpSpreadsheet\Worksheet\Worksheet->getCell('A')
 5 APPPATH\Controllers\AdminControllers.php(400): PhpOffice\PhpSpreadsheet\Worksheet\Worksheet->setCellValue('A', 1)
 6 SYSTEMPATH\CodeIgniter.php(927): App\Controllers\AdminControllers->ExportDataExcelUser()
 7 SYSTEMPATH\CodeIgniter.php(482): CodeIgniter\CodeIgniter->runController(Object(App\Controllers\AdminControllers))
 8 SYSTEMPATH\CodeIgniter.php(351): CodeIgniter\CodeIgniter->handleRequest(null, Object(Config\Cache), false)
 9 FCPATH\index.php(67): CodeIgniter\CodeIgniter->run()
10 SYSTEMPATH\Commands\Server\rewrite.php(46): require_once('FCPATH\\index.php')
CRITICAL - 2023-01-27 17:22:01 --> Attempt to read property "u_id" on null
in APPPATH\Controllers\AdminControllers.php on line 400.
 1 APPPATH\Controllers\AdminControllers.php(400): CodeIgniter\Debug\Exceptions->errorHandler(2, 'Attempt to read property "u_id" on null', 'APPPATH\\Controllers\\AdminControllers.php', 400)
 2 SYSTEMPATH\CodeIgniter.php(927): App\Controllers\AdminControllers->ExportDataExcelUser()
 3 SYSTEMPATH\CodeIgniter.php(482): CodeIgniter\CodeIgniter->runController(Object(App\Controllers\AdminControllers))
 4 SYSTEMPATH\CodeIgniter.php(351): CodeIgniter\CodeIgniter->handleRequest(null, Object(Config\Cache), false)
 5 FCPATH\index.php(67): CodeIgniter\CodeIgniter->run()
 6 SYSTEMPATH\Commands\Server\rewrite.php(46): require_once('FCPATH\\index.php')
CRITICAL - 2023-01-27 17:22:58 --> Invalid cell coordinate A
in VENDORPATH\phpoffice\phpspreadsheet\src\PhpSpreadsheet\Cell\Coordinate.php on line 43.
 1 VENDORPATH\phpoffice\phpspreadsheet\src\PhpSpreadsheet\Cell\Coordinate.php(55): PhpOffice\PhpSpreadsheet\Cell\Coordinate::coordinateFromString('A')
 2 VENDORPATH\phpoffice\phpspreadsheet\src\PhpSpreadsheet\Worksheet\Worksheet.php(1374): PhpOffice\PhpSpreadsheet\Cell\Coordinate::indexesFromString('A')
 3 VENDORPATH\phpoffice\phpspreadsheet\src\PhpSpreadsheet\Worksheet\Worksheet.php(1264): PhpOffice\PhpSpreadsheet\Worksheet\Worksheet->createNewCell('A')
 4 VENDORPATH\phpoffice\phpspreadsheet\src\PhpSpreadsheet\Worksheet\Worksheet.php(1155): PhpOffice\PhpSpreadsheet\Worksheet\Worksheet->getCell('A')
 5 APPPATH\Controllers\AdminControllers.php(400): PhpOffice\PhpSpreadsheet\Worksheet\Worksheet->setCellValue('A', '2')
 6 SYSTEMPATH\CodeIgniter.php(927): App\Controllers\AdminControllers->ExportDataExcelUser()
 7 SYSTEMPATH\CodeIgniter.php(482): CodeIgniter\CodeIgniter->runController(Object(App\Controllers\AdminControllers))
 8 SYSTEMPATH\CodeIgniter.php(351): CodeIgniter\CodeIgniter->handleRequest(null, Object(Config\Cache), false)
 9 FCPATH\index.php(67): CodeIgniter\CodeIgniter->run()
10 SYSTEMPATH\Commands\Server\rewrite.php(46): require_once('FCPATH\\index.php')
CRITICAL - 2023-01-27 17:23:50 --> Attempt to read property "u_id" on array
in APPPATH\Controllers\AdminControllers.php on line 400.
 1 APPPATH\Controllers\AdminControllers.php(400): CodeIgniter\Debug\Exceptions->errorHandler(2, 'Attempt to read property "u_id" on array', 'APPPATH\\Controllers\\AdminControllers.php', 400)
 2 SYSTEMPATH\CodeIgniter.php(927): App\Controllers\AdminControllers->ExportDataExcelUser()
 3 SYSTEMPATH\CodeIgniter.php(482): CodeIgniter\CodeIgniter->runController(Object(App\Controllers\AdminControllers))
 4 SYSTEMPATH\CodeIgniter.php(351): CodeIgniter\CodeIgniter->handleRequest(null, Object(Config\Cache), false)
 5 FCPATH\index.php(67): CodeIgniter\CodeIgniter->run()
 6 SYSTEMPATH\Commands\Server\rewrite.php(46): require_once('FCPATH\\index.php')
CRITICAL - 2023-01-27 17:24:27 --> Invalid cell coordinate A
in VENDORPATH\phpoffice\phpspreadsheet\src\PhpSpreadsheet\Cell\Coordinate.php on line 43.
 1 VENDORPATH\phpoffice\phpspreadsheet\src\PhpSpreadsheet\Cell\Coordinate.php(55): PhpOffice\PhpSpreadsheet\Cell\Coordinate::coordinateFromString('A')
 2 VENDORPATH\phpoffice\phpspreadsheet\src\PhpSpreadsheet\Worksheet\Worksheet.php(1374): PhpOffice\PhpSpreadsheet\Cell\Coordinate::indexesFromString('A')
 3 VENDORPATH\phpoffice\phpspreadsheet\src\PhpSpreadsheet\Worksheet\Worksheet.php(1264): PhpOffice\PhpSpreadsheet\Worksheet\Worksheet->createNewCell('A')
 4 VENDORPATH\phpoffice\phpspreadsheet\src\PhpSpreadsheet\Worksheet\Worksheet.php(1155): PhpOffice\PhpSpreadsheet\Worksheet\Worksheet->getCell('A')
 5 APPPATH\Controllers\AdminControllers.php(400): PhpOffice\PhpSpreadsheet\Worksheet\Worksheet->setCellValue('A', 1)
 6 SYSTEMPATH\CodeIgniter.php(927): App\Controllers\AdminControllers->ExportDataExcelUser()
 7 SYSTEMPATH\CodeIgniter.php(482): CodeIgniter\CodeIgniter->runController(Object(App\Controllers\AdminControllers))
 8 SYSTEMPATH\CodeIgniter.php(351): CodeIgniter\CodeIgniter->handleRequest(null, Object(Config\Cache), false)
 9 FCPATH\index.php(67): CodeIgniter\CodeIgniter->run()
10 SYSTEMPATH\Commands\Server\rewrite.php(46): require_once('FCPATH\\index.php')
CRITICAL - 2023-01-27 19:36:43 --> Invalid cell coordinate A
in VENDORPATH\phpoffice\phpspreadsheet\src\PhpSpreadsheet\Cell\Coordinate.php on line 43.
 1 VENDORPATH\phpoffice\phpspreadsheet\src\PhpSpreadsheet\Cell\Coordinate.php(55): PhpOffice\PhpSpreadsheet\Cell\Coordinate::coordinateFromString('A')
 2 VENDORPATH\phpoffice\phpspreadsheet\src\PhpSpreadsheet\Worksheet\Worksheet.php(1374): PhpOffice\PhpSpreadsheet\Cell\Coordinate::indexesFromString('A')
 3 VENDORPATH\phpoffice\phpspreadsheet\src\PhpSpreadsheet\Worksheet\Worksheet.php(1264): PhpOffice\PhpSpreadsheet\Worksheet\Worksheet->createNewCell('A')
 4 VENDORPATH\phpoffice\phpspreadsheet\src\PhpSpreadsheet\Worksheet\Worksheet.php(1155): PhpOffice\PhpSpreadsheet\Worksheet\Worksheet->getCell('A')
 5 APPPATH\Controllers\AdminControllers.php(400): PhpOffice\PhpSpreadsheet\Worksheet\Worksheet->setCellValue('A', 1)
 6 SYSTEMPATH\CodeIgniter.php(927): App\Controllers\AdminControllers->ExportDataExcelUser()
 7 SYSTEMPATH\CodeIgniter.php(482): CodeIgniter\CodeIgniter->runController(Object(App\Controllers\AdminControllers))
 8 SYSTEMPATH\CodeIgniter.php(351): CodeIgniter\CodeIgniter->handleRequest(null, Object(Config\Cache), false)
 9 FCPATH\index.php(67): CodeIgniter\CodeIgniter->run()
10 SYSTEMPATH\Commands\Server\rewrite.php(46): require_once('FCPATH\\index.php')
