ERROR - 2023-05-07 09:04:19 --> Error connecting to the database: mysqli_sql_exception: No connection could be made because the target machine actively refused it in C:\xampp\htdocs\ProjectPaketFinally\system\Database\MySQLi\Connection.php:171
Stack trace:
#0 C:\xampp\htdocs\ProjectPaketFinally\system\Database\MySQLi\Connection.php(171): mysqli->real_connect('localhost', 'root', '', 'arisya', 3306, '', 0)
#1 C:\xampp\htdocs\ProjectPaketFinally\system\Database\BaseConnection.php(382): CodeIgniter\Database\MySQLi\Connection->connect(false)
#2 C:\xampp\htdocs\ProjectPaketFinally\system\Database\BaseConnection.php(561): CodeIgniter\Database\BaseConnection->initialize()
#3 C:\xampp\htdocs\ProjectPaketFinally\system\Database\BaseBuilder.php(1585): CodeIgniter\Database\BaseConnection->query('SELECT *\nFROM `...', Array, false)
#4 C:\xampp\htdocs\ProjectPaketFinally\system\Model.php(223): CodeIgniter\Database\BaseBuilder->get()
#5 C:\xampp\htdocs\ProjectPaketFinally\system\BaseModel.php(585): CodeIgniter\Model->doFindAll(0, 0)
#6 C:\xampp\htdocs\ProjectPaketFinally\app\Controllers\RestApiCoordinator.php(23): CodeIgniter\BaseModel->findAll()
#7 C:\xampp\htdocs\ProjectPaketFinally\system\CodeIgniter.php(927): App\Controllers\RestApiCoordinator->listdatauser()
#8 C:\xampp\htdocs\ProjectPaketFinally\system\CodeIgniter.php(482): CodeIgniter\CodeIgniter->runController(Object(App\Controllers\RestApiCoordinator))
#9 C:\xampp\htdocs\ProjectPaketFinally\system\CodeIgniter.php(351): CodeIgniter\CodeIgniter->handleRequest(NULL, Object(Config\Cache), false)
#10 C:\xampp\htdocs\ProjectPaketFinally\public\index.php(67): CodeIgniter\CodeIgniter->run()
#11 C:\xampp\htdocs\ProjectPaketFinally\system\Commands\Server\rewrite.php(46): require_once('C:\\xampp\\htdocs...')
#12 {main}

Next CodeIgniter\Database\Exceptions\DatabaseException: No connection could be made because the target machine actively refused it in C:\xampp\htdocs\ProjectPaketFinally\system\Database\MySQLi\Connection.php:215
Stack trace:
#0 C:\xampp\htdocs\ProjectPaketFinally\system\Database\BaseConnection.php(382): CodeIgniter\Database\MySQLi\Connection->connect(false)
#1 C:\xampp\htdocs\ProjectPaketFinally\system\Database\BaseConnection.php(561): CodeIgniter\Database\BaseConnection->initialize()
#2 C:\xampp\htdocs\ProjectPaketFinally\system\Database\BaseBuilder.php(1585): CodeIgniter\Database\BaseConnection->query('SELECT *\nFROM `...', Array, false)
#3 C:\xampp\htdocs\ProjectPaketFinally\system\Model.php(223): CodeIgniter\Database\BaseBuilder->get()
#4 C:\xampp\htdocs\ProjectPaketFinally\system\BaseModel.php(585): CodeIgniter\Model->doFindAll(0, 0)
#5 C:\xampp\htdocs\ProjectPaketFinally\app\Controllers\RestApiCoordinator.php(23): CodeIgniter\BaseModel->findAll()
#6 C:\xampp\htdocs\ProjectPaketFinally\system\CodeIgniter.php(927): App\Controllers\RestApiCoordinator->listdatauser()
#7 C:\xampp\htdocs\ProjectPaketFinally\system\CodeIgniter.php(482): CodeIgniter\CodeIgniter->runController(Object(App\Controllers\RestApiCoordinator))
#8 C:\xampp\htdocs\ProjectPaketFinally\system\CodeIgniter.php(351): CodeIgniter\CodeIgniter->handleRequest(NULL, Object(Config\Cache), false)
#9 C:\xampp\htdocs\ProjectPaketFinally\public\index.php(67): CodeIgniter\CodeIgniter->run()
#10 C:\xampp\htdocs\ProjectPaketFinally\system\Commands\Server\rewrite.php(46): require_once('C:\\xampp\\htdocs...')
#11 {main}
CRITICAL - 2023-05-07 09:04:19 --> Unable to connect to the database.
Main connection [MySQLi]: No connection could be made because the target machine actively refused it
in SYSTEMPATH\Database\BaseConnection.php on line 418.
 1 SYSTEMPATH\Database\BaseConnection.php(561): CodeIgniter\Database\BaseConnection->initialize()
 2 SYSTEMPATH\Database\BaseBuilder.php(1585): CodeIgniter\Database\BaseConnection->query('SELECT *
FROM `tb_user`', [], false)
 3 SYSTEMPATH\Model.php(223): CodeIgniter\Database\BaseBuilder->get()
 4 SYSTEMPATH\BaseModel.php(585): CodeIgniter\Model->doFindAll(0, 0)
 5 APPPATH\Controllers\RestApiCoordinator.php(23): CodeIgniter\BaseModel->findAll()
 6 SYSTEMPATH\CodeIgniter.php(927): App\Controllers\RestApiCoordinator->listdatauser()
 7 SYSTEMPATH\CodeIgniter.php(482): CodeIgniter\CodeIgniter->runController(Object(App\Controllers\RestApiCoordinator))
 8 SYSTEMPATH\CodeIgniter.php(351): CodeIgniter\CodeIgniter->handleRequest(null, Object(Config\Cache), false)
 9 FCPATH\index.php(67): CodeIgniter\CodeIgniter->run()
10 SYSTEMPATH\Commands\Server\rewrite.php(46): require_once('FCPATH\\index.php')
CRITICAL - 2023-05-07 11:32:49 --> syntax error, unexpected token "}"
in APPPATH\Controllers\RestApiCoordinator.php on line 210.
 1 SYSTEMPATH\Autoloader\Autoloader.php(259): CodeIgniter\Autoloader\Autoloader->includeFile('APPPATH\\Controllers\\RestApiCoordinator.php')
 2 SYSTEMPATH\Autoloader\Autoloader.php(237): CodeIgniter\Autoloader\Autoloader->loadInNamespace('App\\Controllers\\RestApiCoordinator')
 3 [internal function]: CodeIgniter\Autoloader\Autoloader->loadClass('App\\Controllers\\RestApiCoordinator')
 4 SYSTEMPATH\CodeIgniter.php(877): class_exists('\\App\\Controllers\\RestApiCoordinator', true)
 5 SYSTEMPATH\CodeIgniter.php(469): CodeIgniter\CodeIgniter->startController()
 6 SYSTEMPATH\CodeIgniter.php(351): CodeIgniter\CodeIgniter->handleRequest(null, Object(Config\Cache), false)
 7 FCPATH\index.php(67): CodeIgniter\CodeIgniter->run()
 8 SYSTEMPATH\Commands\Server\rewrite.php(46): require_once('FCPATH\\index.php')
CRITICAL - 2023-05-07 11:33:34 --> syntax error, unexpected token "}"
in APPPATH\Controllers\RestApiCoordinator.php on line 210.
 1 SYSTEMPATH\Autoloader\Autoloader.php(259): CodeIgniter\Autoloader\Autoloader->includeFile('APPPATH\\Controllers\\RestApiCoordinator.php')
 2 SYSTEMPATH\Autoloader\Autoloader.php(237): CodeIgniter\Autoloader\Autoloader->loadInNamespace('App\\Controllers\\RestApiCoordinator')
 3 [internal function]: CodeIgniter\Autoloader\Autoloader->loadClass('App\\Controllers\\RestApiCoordinator')
 4 SYSTEMPATH\CodeIgniter.php(877): class_exists('\\App\\Controllers\\RestApiCoordinator', true)
 5 SYSTEMPATH\CodeIgniter.php(469): CodeIgniter\CodeIgniter->startController()
 6 SYSTEMPATH\CodeIgniter.php(351): CodeIgniter\CodeIgniter->handleRequest(null, Object(Config\Cache), false)
 7 FCPATH\index.php(67): CodeIgniter\CodeIgniter->run()
 8 SYSTEMPATH\Commands\Server\rewrite.php(46): require_once('FCPATH\\index.php')
CRITICAL - 2023-05-07 11:33:37 --> syntax error, unexpected token "}"
in APPPATH\Controllers\RestApiCoordinator.php on line 210.
 1 SYSTEMPATH\Autoloader\Autoloader.php(259): CodeIgniter\Autoloader\Autoloader->includeFile('APPPATH\\Controllers\\RestApiCoordinator.php')
 2 SYSTEMPATH\Autoloader\Autoloader.php(237): CodeIgniter\Autoloader\Autoloader->loadInNamespace('App\\Controllers\\RestApiCoordinator')
 3 [internal function]: CodeIgniter\Autoloader\Autoloader->loadClass('App\\Controllers\\RestApiCoordinator')
 4 SYSTEMPATH\CodeIgniter.php(877): class_exists('\\App\\Controllers\\RestApiCoordinator', true)
 5 SYSTEMPATH\CodeIgniter.php(469): CodeIgniter\CodeIgniter->startController()
 6 SYSTEMPATH\CodeIgniter.php(351): CodeIgniter\CodeIgniter->handleRequest(null, Object(Config\Cache), false)
 7 FCPATH\index.php(67): CodeIgniter\CodeIgniter->run()
 8 SYSTEMPATH\Commands\Server\rewrite.php(46): require_once('FCPATH\\index.php')
CRITICAL - 2023-05-07 11:34:00 --> syntax error, unexpected token "}"
in APPPATH\Controllers\RestApiCoordinator.php on line 210.
 1 SYSTEMPATH\Autoloader\Autoloader.php(259): CodeIgniter\Autoloader\Autoloader->includeFile('APPPATH\\Controllers\\RestApiCoordinator.php')
 2 SYSTEMPATH\Autoloader\Autoloader.php(237): CodeIgniter\Autoloader\Autoloader->loadInNamespace('App\\Controllers\\RestApiCoordinator')
 3 [internal function]: CodeIgniter\Autoloader\Autoloader->loadClass('App\\Controllers\\RestApiCoordinator')
 4 SYSTEMPATH\CodeIgniter.php(877): class_exists('\\App\\Controllers\\RestApiCoordinator', true)
 5 SYSTEMPATH\CodeIgniter.php(469): CodeIgniter\CodeIgniter->startController()
 6 SYSTEMPATH\CodeIgniter.php(351): CodeIgniter\CodeIgniter->handleRequest(null, Object(Config\Cache), false)
 7 FCPATH\index.php(67): CodeIgniter\CodeIgniter->run()
 8 SYSTEMPATH\Commands\Server\rewrite.php(46): require_once('FCPATH\\index.php')
CRITICAL - 2023-05-07 11:34:02 --> syntax error, unexpected token "}"
in APPPATH\Controllers\RestApiCoordinator.php on line 210.
 1 SYSTEMPATH\Autoloader\Autoloader.php(259): CodeIgniter\Autoloader\Autoloader->includeFile('APPPATH\\Controllers\\RestApiCoordinator.php')
 2 SYSTEMPATH\Autoloader\Autoloader.php(237): CodeIgniter\Autoloader\Autoloader->loadInNamespace('App\\Controllers\\RestApiCoordinator')
 3 [internal function]: CodeIgniter\Autoloader\Autoloader->loadClass('App\\Controllers\\RestApiCoordinator')
 4 SYSTEMPATH\CodeIgniter.php(877): class_exists('\\App\\Controllers\\RestApiCoordinator', true)
 5 SYSTEMPATH\CodeIgniter.php(469): CodeIgniter\CodeIgniter->startController()
 6 SYSTEMPATH\CodeIgniter.php(351): CodeIgniter\CodeIgniter->handleRequest(null, Object(Config\Cache), false)
 7 FCPATH\index.php(67): CodeIgniter\CodeIgniter->run()
 8 SYSTEMPATH\Commands\Server\rewrite.php(46): require_once('FCPATH\\index.php')
CRITICAL - 2023-05-07 11:35:04 --> syntax error, unexpected token "}"
in APPPATH\Controllers\RestApiCoordinator.php on line 210.
 1 SYSTEMPATH\Autoloader\Autoloader.php(259): CodeIgniter\Autoloader\Autoloader->includeFile('APPPATH\\Controllers\\RestApiCoordinator.php')
 2 SYSTEMPATH\Autoloader\Autoloader.php(237): CodeIgniter\Autoloader\Autoloader->loadInNamespace('App\\Controllers\\RestApiCoordinator')
 3 [internal function]: CodeIgniter\Autoloader\Autoloader->loadClass('App\\Controllers\\RestApiCoordinator')
 4 SYSTEMPATH\CodeIgniter.php(877): class_exists('\\App\\Controllers\\RestApiCoordinator', true)
 5 SYSTEMPATH\CodeIgniter.php(469): CodeIgniter\CodeIgniter->startController()
 6 SYSTEMPATH\CodeIgniter.php(351): CodeIgniter\CodeIgniter->handleRequest(null, Object(Config\Cache), false)
 7 FCPATH\index.php(67): CodeIgniter\CodeIgniter->run()
 8 SYSTEMPATH\Commands\Server\rewrite.php(46): require_once('FCPATH\\index.php')
CRITICAL - 2023-05-07 11:35:14 --> syntax error, unexpected token "}"
in APPPATH\Controllers\RestApiCoordinator.php on line 210.
 1 SYSTEMPATH\Autoloader\Autoloader.php(259): CodeIgniter\Autoloader\Autoloader->includeFile('APPPATH\\Controllers\\RestApiCoordinator.php')
 2 SYSTEMPATH\Autoloader\Autoloader.php(237): CodeIgniter\Autoloader\Autoloader->loadInNamespace('App\\Controllers\\RestApiCoordinator')
 3 [internal function]: CodeIgniter\Autoloader\Autoloader->loadClass('App\\Controllers\\RestApiCoordinator')
 4 SYSTEMPATH\CodeIgniter.php(877): class_exists('\\App\\Controllers\\RestApiCoordinator', true)
 5 SYSTEMPATH\CodeIgniter.php(469): CodeIgniter\CodeIgniter->startController()
 6 SYSTEMPATH\CodeIgniter.php(351): CodeIgniter\CodeIgniter->handleRequest(null, Object(Config\Cache), false)
 7 FCPATH\index.php(67): CodeIgniter\CodeIgniter->run()
 8 SYSTEMPATH\Commands\Server\rewrite.php(46): require_once('FCPATH\\index.php')
ERROR - 2023-05-07 12:17:20 --> mysqli_sql_exception: Column 'u_referensi' cannot be null in C:\xampp\htdocs\ProjectPaketFinally\system\Database\MySQLi\Connection.php:292
Stack trace:
#0 C:\xampp\htdocs\ProjectPaketFinally\system\Database\MySQLi\Connection.php(292): mysqli->query('INSERT INTO `tb...', 0)
#1 C:\xampp\htdocs\ProjectPaketFinally\system\Database\BaseConnection.php(666): CodeIgniter\Database\MySQLi\Connection->execute('INSERT INTO `tb...')
#2 C:\xampp\htdocs\ProjectPaketFinally\system\Database\BaseConnection.php(593): CodeIgniter\Database\BaseConnection->simpleQuery('INSERT INTO `tb...')
#3 C:\xampp\htdocs\ProjectPaketFinally\system\Database\BaseBuilder.php(1916): CodeIgniter\Database\BaseConnection->query('INSERT INTO `tb...', Array, false)
#4 C:\xampp\htdocs\ProjectPaketFinally\system\Model.php(279): CodeIgniter\Database\BaseBuilder->insert()
#5 C:\xampp\htdocs\ProjectPaketFinally\system\BaseModel.php(749): CodeIgniter\Model->doInsert(Array)
#6 C:\xampp\htdocs\ProjectPaketFinally\system\Model.php(667): CodeIgniter\BaseModel->insert(Array, true)
#7 C:\xampp\htdocs\ProjectPaketFinally\app\Controllers\RestApiCoordinator.php(196): CodeIgniter\Model->insert(Array)
#8 C:\xampp\htdocs\ProjectPaketFinally\system\CodeIgniter.php(927): App\Controllers\RestApiCoordinator->registeruserprocess()
#9 C:\xampp\htdocs\ProjectPaketFinally\system\CodeIgniter.php(482): CodeIgniter\CodeIgniter->runController(Object(App\Controllers\RestApiCoordinator))
#10 C:\xampp\htdocs\ProjectPaketFinally\system\CodeIgniter.php(351): CodeIgniter\CodeIgniter->handleRequest(NULL, Object(Config\Cache), false)
#11 C:\xampp\htdocs\ProjectPaketFinally\public\index.php(67): CodeIgniter\CodeIgniter->run()
#12 C:\xampp\htdocs\ProjectPaketFinally\system\Commands\Server\rewrite.php(46): require_once('C:\\xampp\\htdocs...')
#13 {main}
CRITICAL - 2023-05-07 12:17:20 --> Column 'u_referensi' cannot be null
in SYSTEMPATH\Database\MySQLi\Connection.php on line 292.
 1 SYSTEMPATH\Database\MySQLi\Connection.php(292): mysqli->query('INSERT INTO `tb_user` (`u_username`, `u_password`, `u_fullname`, `u_role`, `u_referensi`, `u_email`, `u_create_at`, `u_nik`, `u_nama`, `u_tempat_lahir`, `u_tanggal_lahir`, `u_jenis_kelamin`, `u_provinsi`, `u_kota`, `u_kelurahan`, `u_kecamatan`, `u_kodepos`, `u_expired_date`) VALUES (\'asep\', \'$2y$10$GeK/cP9jno8WAfJbca6hrutoRI0XFwLay2c5kVSefD1VT5hiD16w.\', \'AHMAD ARIF\', \'admin\', NULL, \'qvftp1223@gmail.com\', \'2023-03-01 04:42:52\', \'2147483647\', \'AHMAD ARIF\', \'Cimahi\', \'2023-01-23\', \'Laki-laki\', \'32\', \'3277\', \'Cibeureum\', \'3277010\', \'10730\', \'2023-05-07 12:17:20\')', 0)
 2 SYSTEMPATH\Database\BaseConnection.php(666): CodeIgniter\Database\MySQLi\Connection->execute('INSERT INTO `tb_user` (`u_username`, `u_password`, `u_fullname`, `u_role`, `u_referensi`, `u_email`, `u_create_at`, `u_nik`, `u_nama`, `u_tempat_lahir`, `u_tanggal_lahir`, `u_jenis_kelamin`, `u_provinsi`, `u_kota`, `u_kelurahan`, `u_kecamatan`, `u_kodepos`, `u_expired_date`) VALUES (\'asep\', \'$2y$10$GeK/cP9jno8WAfJbca6hrutoRI0XFwLay2c5kVSefD1VT5hiD16w.\', \'AHMAD ARIF\', \'admin\', NULL, \'qvftp1223@gmail.com\', \'2023-03-01 04:42:52\', \'2147483647\', \'AHMAD ARIF\', \'Cimahi\', \'2023-01-23\', \'Laki-laki\', \'32\', \'3277\', \'Cibeureum\', \'3277010\', \'10730\', \'2023-05-07 12:17:20\')')
 3 SYSTEMPATH\Database\BaseConnection.php(593): CodeIgniter\Database\BaseConnection->simpleQuery('INSERT INTO `tb_user` (`u_username`, `u_password`, `u_fullname`, `u_role`, `u_referensi`, `u_email`, `u_create_at`, `u_nik`, `u_nama`, `u_tempat_lahir`, `u_tanggal_lahir`, `u_jenis_kelamin`, `u_provinsi`, `u_kota`, `u_kelurahan`, `u_kecamatan`, `u_kodepos`, `u_expired_date`) VALUES (\'asep\', \'$2y$10$GeK/cP9jno8WAfJbca6hrutoRI0XFwLay2c5kVSefD1VT5hiD16w.\', \'AHMAD ARIF\', \'admin\', NULL, \'qvftp1223@gmail.com\', \'2023-03-01 04:42:52\', \'2147483647\', \'AHMAD ARIF\', \'Cimahi\', \'2023-01-23\', \'Laki-laki\', \'32\', \'3277\', \'Cibeureum\', \'3277010\', \'10730\', \'2023-05-07 12:17:20\')')
 4 SYSTEMPATH\Database\BaseBuilder.php(1916): CodeIgniter\Database\BaseConnection->query('INSERT INTO `tb_user` (`u_username`, `u_password`, `u_fullname`, `u_role`, `u_referensi`, `u_email`, `u_create_at`, `u_nik`, `u_nama`, `u_tempat_lahir`, `u_tanggal_lahir`, `u_jenis_kelamin`, `u_provinsi`, `u_kota`, `u_kelurahan`, `u_kecamatan`, `u_kodepos`, `u_expired_date`) VALUES (:u_username:, :u_password:, :u_fullname:, :u_role:, :u_referensi:, :u_email:, :u_create_at:, :u_nik:, :u_nama:, :u_tempat_lahir:, :u_tanggal_lahir:, :u_jenis_kelamin:, :u_provinsi:, :u_kota:, :u_kelurahan:, :u_kecamatan:, :u_kodepos:, :u_expired_date:)', [...], false)
 5 SYSTEMPATH\Model.php(279): CodeIgniter\Database\BaseBuilder->insert()
 6 SYSTEMPATH\BaseModel.php(749): CodeIgniter\Model->doInsert([...])
 7 SYSTEMPATH\Model.php(667): CodeIgniter\BaseModel->insert([...], true)
 8 APPPATH\Controllers\RestApiCoordinator.php(196): CodeIgniter\Model->insert([...])
 9 SYSTEMPATH\CodeIgniter.php(927): App\Controllers\RestApiCoordinator->registeruserprocess()
10 SYSTEMPATH\CodeIgniter.php(482): CodeIgniter\CodeIgniter->runController(Object(App\Controllers\RestApiCoordinator))
11 SYSTEMPATH\CodeIgniter.php(351): CodeIgniter\CodeIgniter->handleRequest(null, Object(Config\Cache), false)
12 FCPATH\index.php(67): CodeIgniter\CodeIgniter->run()
13 SYSTEMPATH\Commands\Server\rewrite.php(46): require_once('FCPATH\\index.php')
