CRITICAL - 2023-04-07 17:01:18 --> password_hash(): Passing null to parameter #1 ($password) of type string is deprecated
in APPPATH\Controllers\AdminControllers.php on line 529.
 1 [internal function]: CodeIgniter\Debug\Exceptions->errorHandler(8192, 'password_hash(): Passing null to parameter #1 ($password) of type string is deprecated', 'APPPATH\\Controllers\\AdminControllers.php', 529)
 2 APPPATH\Controllers\AdminControllers.php(529): password_hash(null, '2y')
 3 SYSTEMPATH\CodeIgniter.php(927): App\Controllers\AdminControllers->ImportFileExcelUser()
 4 SYSTEMPATH\CodeIgniter.php(482): CodeIgniter\CodeIgniter->runController(Object(App\Controllers\AdminControllers))
 5 SYSTEMPATH\CodeIgniter.php(351): CodeIgniter\CodeIgniter->handleRequest(null, Object(Config\Cache), false)
 6 FCPATH\index.php(67): CodeIgniter\CodeIgniter->run()
 7 SYSTEMPATH\Commands\Server\rewrite.php(46): require_once('FCPATH\\index.php')
CRITICAL - 2023-04-07 17:01:44 --> password_hash(): Passing null to parameter #1 ($password) of type string is deprecated
in APPPATH\Controllers\AdminControllers.php on line 529.
 1 [internal function]: CodeIgniter\Debug\Exceptions->errorHandler(8192, 'password_hash(): Passing null to parameter #1 ($password) of type string is deprecated', 'APPPATH\\Controllers\\AdminControllers.php', 529)
 2 APPPATH\Controllers\AdminControllers.php(529): password_hash(null, '2y')
 3 SYSTEMPATH\CodeIgniter.php(927): App\Controllers\AdminControllers->ImportFileExcelUser()
 4 SYSTEMPATH\CodeIgniter.php(482): CodeIgniter\CodeIgniter->runController(Object(App\Controllers\AdminControllers))
 5 SYSTEMPATH\CodeIgniter.php(351): CodeIgniter\CodeIgniter->handleRequest(null, Object(Config\Cache), false)
 6 FCPATH\index.php(67): CodeIgniter\CodeIgniter->run()
 7 SYSTEMPATH\Commands\Server\rewrite.php(46): require_once('FCPATH\\index.php')
CRITICAL - 2023-04-07 17:02:37 --> password_hash(): Passing null to parameter #1 ($password) of type string is deprecated
in APPPATH\Controllers\AdminControllers.php on line 529.
 1 [internal function]: CodeIgniter\Debug\Exceptions->errorHandler(8192, 'password_hash(): Passing null to parameter #1 ($password) of type string is deprecated', 'APPPATH\\Controllers\\AdminControllers.php', 529)
 2 APPPATH\Controllers\AdminControllers.php(529): password_hash(null, '2y')
 3 SYSTEMPATH\CodeIgniter.php(927): App\Controllers\AdminControllers->ImportFileExcelUser()
 4 SYSTEMPATH\CodeIgniter.php(482): CodeIgniter\CodeIgniter->runController(Object(App\Controllers\AdminControllers))
 5 SYSTEMPATH\CodeIgniter.php(351): CodeIgniter\CodeIgniter->handleRequest(null, Object(Config\Cache), false)
 6 FCPATH\index.php(67): CodeIgniter\CodeIgniter->run()
 7 SYSTEMPATH\Commands\Server\rewrite.php(46): require_once('FCPATH\\index.php')
CRITICAL - 2023-04-07 17:18:06 --> strtoupper(): Passing null to parameter #1 ($string) of type string is deprecated
in APPPATH\Controllers\AdminControllers.php on line 522.
 1 [internal function]: CodeIgniter\Debug\Exceptions->errorHandler(8192, 'strtoupper(): Passing null to parameter #1 ($string) of type string is deprecated', 'APPPATH\\Controllers\\AdminControllers.php', 522)
 2 APPPATH\Controllers\AdminControllers.php(522): strtoupper(null)
 3 SYSTEMPATH\CodeIgniter.php(927): App\Controllers\AdminControllers->ImportFileExcelUser()
 4 SYSTEMPATH\CodeIgniter.php(482): CodeIgniter\CodeIgniter->runController(Object(App\Controllers\AdminControllers))
 5 SYSTEMPATH\CodeIgniter.php(351): CodeIgniter\CodeIgniter->handleRequest(null, Object(Config\Cache), false)
 6 FCPATH\index.php(67): CodeIgniter\CodeIgniter->run()
 7 SYSTEMPATH\Commands\Server\rewrite.php(46): require_once('FCPATH\\index.php')
CRITICAL - 2023-04-07 17:32:04 --> password_hash(): Passing null to parameter #1 ($password) of type string is deprecated
in APPPATH\Controllers\AdminControllers.php on line 520.
 1 [internal function]: CodeIgniter\Debug\Exceptions->errorHandler(8192, 'password_hash(): Passing null to parameter #1 ($password) of type string is deprecated', 'APPPATH\\Controllers\\AdminControllers.php', 520)
 2 APPPATH\Controllers\AdminControllers.php(520): password_hash(null, '2y')
 3 SYSTEMPATH\CodeIgniter.php(927): App\Controllers\AdminControllers->ImportFileExcelUser()
 4 SYSTEMPATH\CodeIgniter.php(482): CodeIgniter\CodeIgniter->runController(Object(App\Controllers\AdminControllers))
 5 SYSTEMPATH\CodeIgniter.php(351): CodeIgniter\CodeIgniter->handleRequest(null, Object(Config\Cache), false)
 6 FCPATH\index.php(67): CodeIgniter\CodeIgniter->run()
 7 SYSTEMPATH\Commands\Server\rewrite.php(46): require_once('FCPATH\\index.php')
CRITICAL - 2023-04-07 17:37:13 --> strtoupper(): Passing null to parameter #1 ($string) of type string is deprecated
in APPPATH\Controllers\AdminControllers.php on line 528.
 1 [internal function]: CodeIgniter\Debug\Exceptions->errorHandler(8192, 'strtoupper(): Passing null to parameter #1 ($string) of type string is deprecated', 'APPPATH\\Controllers\\AdminControllers.php', 528)
 2 APPPATH\Controllers\AdminControllers.php(528): strtoupper(null)
 3 SYSTEMPATH\CodeIgniter.php(927): App\Controllers\AdminControllers->ImportFileExcelUser()
 4 SYSTEMPATH\CodeIgniter.php(482): CodeIgniter\CodeIgniter->runController(Object(App\Controllers\AdminControllers))
 5 SYSTEMPATH\CodeIgniter.php(351): CodeIgniter\CodeIgniter->handleRequest(null, Object(Config\Cache), false)
 6 FCPATH\index.php(67): CodeIgniter\CodeIgniter->run()
 7 SYSTEMPATH\Commands\Server\rewrite.php(46): require_once('FCPATH\\index.php')
ERROR - 2023-04-07 17:40:48 --> mysqli_sql_exception: Column 'u_username' cannot be null in C:\xampp\htdocs\ProjectPaketFinally\system\Database\MySQLi\Connection.php:292
Stack trace:
#0 C:\xampp\htdocs\ProjectPaketFinally\system\Database\MySQLi\Connection.php(292): mysqli->query('INSERT INTO `tb...', 0)
#1 C:\xampp\htdocs\ProjectPaketFinally\system\Database\BaseConnection.php(666): CodeIgniter\Database\MySQLi\Connection->execute('INSERT INTO `tb...')
#2 C:\xampp\htdocs\ProjectPaketFinally\system\Database\BaseConnection.php(593): CodeIgniter\Database\BaseConnection->simpleQuery('INSERT INTO `tb...')
#3 C:\xampp\htdocs\ProjectPaketFinally\system\Database\BaseBuilder.php(1916): CodeIgniter\Database\BaseConnection->query('INSERT INTO `tb...', Array, false)
#4 C:\xampp\htdocs\ProjectPaketFinally\system\Model.php(279): CodeIgniter\Database\BaseBuilder->insert()
#5 C:\xampp\htdocs\ProjectPaketFinally\system\BaseModel.php(749): CodeIgniter\Model->doInsert(Array)
#6 C:\xampp\htdocs\ProjectPaketFinally\system\Model.php(667): CodeIgniter\BaseModel->insert(Array, true)
#7 C:\xampp\htdocs\ProjectPaketFinally\app\Controllers\AdminControllers.php(554): CodeIgniter\Model->insert(Array)
#8 C:\xampp\htdocs\ProjectPaketFinally\system\CodeIgniter.php(927): App\Controllers\AdminControllers->ImportFileExcelUser()
#9 C:\xampp\htdocs\ProjectPaketFinally\system\CodeIgniter.php(482): CodeIgniter\CodeIgniter->runController(Object(App\Controllers\AdminControllers))
#10 C:\xampp\htdocs\ProjectPaketFinally\system\CodeIgniter.php(351): CodeIgniter\CodeIgniter->handleRequest(NULL, Object(Config\Cache), false)
#11 C:\xampp\htdocs\ProjectPaketFinally\public\index.php(67): CodeIgniter\CodeIgniter->run()
#12 C:\xampp\htdocs\ProjectPaketFinally\system\Commands\Server\rewrite.php(46): require_once('C:\\xampp\\htdocs...')
#13 {main}
CRITICAL - 2023-04-07 17:40:48 --> Column 'u_username' cannot be null
in SYSTEMPATH\Database\MySQLi\Connection.php on line 292.
 1 SYSTEMPATH\Database\MySQLi\Connection.php(292): mysqli->query('INSERT INTO `tb_user` (`u_username`, `u_password`, `u_fullname`, `u_role`, `u_referensi`, `u_email`, `u_create_at`, `u_nik`, `u_nama`, `u_tempat_lahir`, `u_tanggal_lahir`, `u_jenis_kelamin`, `u_provinsi`, `u_kota`, `u_kelurahan`, `u_kecamatan`, `u_kodepos`) VALUES (NULL, \'$2y$10$nt0ItbaxJ89O7xZWwf3L5.n3gPKX.Q7pV.N026msoaGeQVx5NwbIy\', \'\', NULL, \'109\', NULL, NULL, NULL, \'\', NULL, NULL, NULL, NULL, NULL, NULL, NULL, NULL)', 0)
 2 SYSTEMPATH\Database\BaseConnection.php(666): CodeIgniter\Database\MySQLi\Connection->execute('INSERT INTO `tb_user` (`u_username`, `u_password`, `u_fullname`, `u_role`, `u_referensi`, `u_email`, `u_create_at`, `u_nik`, `u_nama`, `u_tempat_lahir`, `u_tanggal_lahir`, `u_jenis_kelamin`, `u_provinsi`, `u_kota`, `u_kelurahan`, `u_kecamatan`, `u_kodepos`) VALUES (NULL, \'$2y$10$nt0ItbaxJ89O7xZWwf3L5.n3gPKX.Q7pV.N026msoaGeQVx5NwbIy\', \'\', NULL, \'109\', NULL, NULL, NULL, \'\', NULL, NULL, NULL, NULL, NULL, NULL, NULL, NULL)')
 3 SYSTEMPATH\Database\BaseConnection.php(593): CodeIgniter\Database\BaseConnection->simpleQuery('INSERT INTO `tb_user` (`u_username`, `u_password`, `u_fullname`, `u_role`, `u_referensi`, `u_email`, `u_create_at`, `u_nik`, `u_nama`, `u_tempat_lahir`, `u_tanggal_lahir`, `u_jenis_kelamin`, `u_provinsi`, `u_kota`, `u_kelurahan`, `u_kecamatan`, `u_kodepos`) VALUES (NULL, \'$2y$10$nt0ItbaxJ89O7xZWwf3L5.n3gPKX.Q7pV.N026msoaGeQVx5NwbIy\', \'\', NULL, \'109\', NULL, NULL, NULL, \'\', NULL, NULL, NULL, NULL, NULL, NULL, NULL, NULL)')
 4 SYSTEMPATH\Database\BaseBuilder.php(1916): CodeIgniter\Database\BaseConnection->query('INSERT INTO `tb_user` (`u_username`, `u_password`, `u_fullname`, `u_role`, `u_referensi`, `u_email`, `u_create_at`, `u_nik`, `u_nama`, `u_tempat_lahir`, `u_tanggal_lahir`, `u_jenis_kelamin`, `u_provinsi`, `u_kota`, `u_kelurahan`, `u_kecamatan`, `u_kodepos`) VALUES (:u_username:, :u_password:, :u_fullname:, :u_role:, :u_referensi:, :u_email:, :u_create_at:, :u_nik:, :u_nama:, :u_tempat_lahir:, :u_tanggal_lahir:, :u_jenis_kelamin:, :u_provinsi:, :u_kota:, :u_kelurahan:, :u_kecamatan:, :u_kodepos:)', [...], false)
 5 SYSTEMPATH\Model.php(279): CodeIgniter\Database\BaseBuilder->insert()
 6 SYSTEMPATH\BaseModel.php(749): CodeIgniter\Model->doInsert([...])
 7 SYSTEMPATH\Model.php(667): CodeIgniter\BaseModel->insert([...], true)
 8 APPPATH\Controllers\AdminControllers.php(554): CodeIgniter\Model->insert([...])
 9 SYSTEMPATH\CodeIgniter.php(927): App\Controllers\AdminControllers->ImportFileExcelUser()
10 SYSTEMPATH\CodeIgniter.php(482): CodeIgniter\CodeIgniter->runController(Object(App\Controllers\AdminControllers))
11 SYSTEMPATH\CodeIgniter.php(351): CodeIgniter\CodeIgniter->handleRequest(null, Object(Config\Cache), false)
12 FCPATH\index.php(67): CodeIgniter\CodeIgniter->run()
13 SYSTEMPATH\Commands\Server\rewrite.php(46): require_once('FCPATH\\index.php')
CRITICAL - 2023-04-07 17:42:45 --> strtoupper(): Passing null to parameter #1 ($string) of type string is deprecated
in APPPATH\Controllers\AdminControllers.php on line 537.
 1 [internal function]: CodeIgniter\Debug\Exceptions->errorHandler(8192, 'strtoupper(): Passing null to parameter #1 ($string) of type string is deprecated', 'APPPATH\\Controllers\\AdminControllers.php', 537)
 2 APPPATH\Controllers\AdminControllers.php(537): strtoupper(null)
 3 SYSTEMPATH\CodeIgniter.php(927): App\Controllers\AdminControllers->ImportFileExcelUser()
 4 SYSTEMPATH\CodeIgniter.php(482): CodeIgniter\CodeIgniter->runController(Object(App\Controllers\AdminControllers))
 5 SYSTEMPATH\CodeIgniter.php(351): CodeIgniter\CodeIgniter->handleRequest(null, Object(Config\Cache), false)
 6 FCPATH\index.php(67): CodeIgniter\CodeIgniter->run()
 7 SYSTEMPATH\Commands\Server\rewrite.php(46): require_once('FCPATH\\index.php')
ERROR - 2023-04-07 17:43:07 --> mysqli_sql_exception: Column 'u_username' cannot be null in C:\xampp\htdocs\ProjectPaketFinally\system\Database\MySQLi\Connection.php:292
Stack trace:
#0 C:\xampp\htdocs\ProjectPaketFinally\system\Database\MySQLi\Connection.php(292): mysqli->query('INSERT INTO `tb...', 0)
#1 C:\xampp\htdocs\ProjectPaketFinally\system\Database\BaseConnection.php(666): CodeIgniter\Database\MySQLi\Connection->execute('INSERT INTO `tb...')
#2 C:\xampp\htdocs\ProjectPaketFinally\system\Database\BaseConnection.php(593): CodeIgniter\Database\BaseConnection->simpleQuery('INSERT INTO `tb...')
#3 C:\xampp\htdocs\ProjectPaketFinally\system\Database\BaseBuilder.php(1916): CodeIgniter\Database\BaseConnection->query('INSERT INTO `tb...', Array, false)
#4 C:\xampp\htdocs\ProjectPaketFinally\system\Model.php(279): CodeIgniter\Database\BaseBuilder->insert()
#5 C:\xampp\htdocs\ProjectPaketFinally\system\BaseModel.php(749): CodeIgniter\Model->doInsert(Array)
#6 C:\xampp\htdocs\ProjectPaketFinally\system\Model.php(667): CodeIgniter\BaseModel->insert(Array, true)
#7 C:\xampp\htdocs\ProjectPaketFinally\app\Controllers\AdminControllers.php(554): CodeIgniter\Model->insert(Array)
#8 C:\xampp\htdocs\ProjectPaketFinally\system\CodeIgniter.php(927): App\Controllers\AdminControllers->ImportFileExcelUser()
#9 C:\xampp\htdocs\ProjectPaketFinally\system\CodeIgniter.php(482): CodeIgniter\CodeIgniter->runController(Object(App\Controllers\AdminControllers))
#10 C:\xampp\htdocs\ProjectPaketFinally\system\CodeIgniter.php(351): CodeIgniter\CodeIgniter->handleRequest(NULL, Object(Config\Cache), false)
#11 C:\xampp\htdocs\ProjectPaketFinally\public\index.php(67): CodeIgniter\CodeIgniter->run()
#12 C:\xampp\htdocs\ProjectPaketFinally\system\Commands\Server\rewrite.php(46): require_once('C:\\xampp\\htdocs...')
#13 {main}
CRITICAL - 2023-04-07 17:43:07 --> Column 'u_username' cannot be null
in SYSTEMPATH\Database\MySQLi\Connection.php on line 292.
 1 SYSTEMPATH\Database\MySQLi\Connection.php(292): mysqli->query('INSERT INTO `tb_user` (`u_username`, `u_password`, `u_fullname`, `u_role`, `u_referensi`, `u_email`, `u_create_at`, `u_nik`, `u_nama`, `u_tempat_lahir`, `u_tanggal_lahir`, `u_jenis_kelamin`, `u_provinsi`, `u_kota`, `u_kelurahan`, `u_kecamatan`, `u_kodepos`) VALUES (NULL, \'$2y$10$SKPmUB9K7z1E4neJAgDL6uxVzp9nqb.vCjpp8ySliE/0lLI.OQJz.\', \'\', NULL, \'117\', NULL, NULL, NULL, \'\', NULL, NULL, NULL, NULL, NULL, NULL, NULL, NULL)', 0)
 2 SYSTEMPATH\Database\BaseConnection.php(666): CodeIgniter\Database\MySQLi\Connection->execute('INSERT INTO `tb_user` (`u_username`, `u_password`, `u_fullname`, `u_role`, `u_referensi`, `u_email`, `u_create_at`, `u_nik`, `u_nama`, `u_tempat_lahir`, `u_tanggal_lahir`, `u_jenis_kelamin`, `u_provinsi`, `u_kota`, `u_kelurahan`, `u_kecamatan`, `u_kodepos`) VALUES (NULL, \'$2y$10$SKPmUB9K7z1E4neJAgDL6uxVzp9nqb.vCjpp8ySliE/0lLI.OQJz.\', \'\', NULL, \'117\', NULL, NULL, NULL, \'\', NULL, NULL, NULL, NULL, NULL, NULL, NULL, NULL)')
 3 SYSTEMPATH\Database\BaseConnection.php(593): CodeIgniter\Database\BaseConnection->simpleQuery('INSERT INTO `tb_user` (`u_username`, `u_password`, `u_fullname`, `u_role`, `u_referensi`, `u_email`, `u_create_at`, `u_nik`, `u_nama`, `u_tempat_lahir`, `u_tanggal_lahir`, `u_jenis_kelamin`, `u_provinsi`, `u_kota`, `u_kelurahan`, `u_kecamatan`, `u_kodepos`) VALUES (NULL, \'$2y$10$SKPmUB9K7z1E4neJAgDL6uxVzp9nqb.vCjpp8ySliE/0lLI.OQJz.\', \'\', NULL, \'117\', NULL, NULL, NULL, \'\', NULL, NULL, NULL, NULL, NULL, NULL, NULL, NULL)')
 4 SYSTEMPATH\Database\BaseBuilder.php(1916): CodeIgniter\Database\BaseConnection->query('INSERT INTO `tb_user` (`u_username`, `u_password`, `u_fullname`, `u_role`, `u_referensi`, `u_email`, `u_create_at`, `u_nik`, `u_nama`, `u_tempat_lahir`, `u_tanggal_lahir`, `u_jenis_kelamin`, `u_provinsi`, `u_kota`, `u_kelurahan`, `u_kecamatan`, `u_kodepos`) VALUES (:u_username:, :u_password:, :u_fullname:, :u_role:, :u_referensi:, :u_email:, :u_create_at:, :u_nik:, :u_nama:, :u_tempat_lahir:, :u_tanggal_lahir:, :u_jenis_kelamin:, :u_provinsi:, :u_kota:, :u_kelurahan:, :u_kecamatan:, :u_kodepos:)', [...], false)
 5 SYSTEMPATH\Model.php(279): CodeIgniter\Database\BaseBuilder->insert()
 6 SYSTEMPATH\BaseModel.php(749): CodeIgniter\Model->doInsert([...])
 7 SYSTEMPATH\Model.php(667): CodeIgniter\BaseModel->insert([...], true)
 8 APPPATH\Controllers\AdminControllers.php(554): CodeIgniter\Model->insert([...])
 9 SYSTEMPATH\CodeIgniter.php(927): App\Controllers\AdminControllers->ImportFileExcelUser()
10 SYSTEMPATH\CodeIgniter.php(482): CodeIgniter\CodeIgniter->runController(Object(App\Controllers\AdminControllers))
11 SYSTEMPATH\CodeIgniter.php(351): CodeIgniter\CodeIgniter->handleRequest(null, Object(Config\Cache), false)
12 FCPATH\index.php(67): CodeIgniter\CodeIgniter->run()
13 SYSTEMPATH\Commands\Server\rewrite.php(46): require_once('FCPATH\\index.php')
ERROR - 2023-04-07 17:44:09 --> mysqli_sql_exception: Column 'u_username' cannot be null in C:\xampp\htdocs\ProjectPaketFinally\system\Database\MySQLi\Connection.php:292
Stack trace:
#0 C:\xampp\htdocs\ProjectPaketFinally\system\Database\MySQLi\Connection.php(292): mysqli->query('INSERT INTO `tb...', 0)
#1 C:\xampp\htdocs\ProjectPaketFinally\system\Database\BaseConnection.php(666): CodeIgniter\Database\MySQLi\Connection->execute('INSERT INTO `tb...')
#2 C:\xampp\htdocs\ProjectPaketFinally\system\Database\BaseConnection.php(593): CodeIgniter\Database\BaseConnection->simpleQuery('INSERT INTO `tb...')
#3 C:\xampp\htdocs\ProjectPaketFinally\system\Database\BaseBuilder.php(1916): CodeIgniter\Database\BaseConnection->query('INSERT INTO `tb...', Array, false)
#4 C:\xampp\htdocs\ProjectPaketFinally\system\Model.php(279): CodeIgniter\Database\BaseBuilder->insert()
#5 C:\xampp\htdocs\ProjectPaketFinally\system\BaseModel.php(749): CodeIgniter\Model->doInsert(Array)
#6 C:\xampp\htdocs\ProjectPaketFinally\system\Model.php(667): CodeIgniter\BaseModel->insert(Array, true)
#7 C:\xampp\htdocs\ProjectPaketFinally\app\Controllers\AdminControllers.php(554): CodeIgniter\Model->insert(Array)
#8 C:\xampp\htdocs\ProjectPaketFinally\system\CodeIgniter.php(927): App\Controllers\AdminControllers->ImportFileExcelUser()
#9 C:\xampp\htdocs\ProjectPaketFinally\system\CodeIgniter.php(482): CodeIgniter\CodeIgniter->runController(Object(App\Controllers\AdminControllers))
#10 C:\xampp\htdocs\ProjectPaketFinally\system\CodeIgniter.php(351): CodeIgniter\CodeIgniter->handleRequest(NULL, Object(Config\Cache), false)
#11 C:\xampp\htdocs\ProjectPaketFinally\public\index.php(67): CodeIgniter\CodeIgniter->run()
#12 C:\xampp\htdocs\ProjectPaketFinally\system\Commands\Server\rewrite.php(46): require_once('C:\\xampp\\htdocs...')
#13 {main}
CRITICAL - 2023-04-07 17:44:09 --> Column 'u_username' cannot be null
in SYSTEMPATH\Database\MySQLi\Connection.php on line 292.
 1 SYSTEMPATH\Database\MySQLi\Connection.php(292): mysqli->query('INSERT INTO `tb_user` (`u_username`, `u_password`, `u_fullname`, `u_role`, `u_referensi`, `u_email`, `u_create_at`, `u_nik`, `u_nama`, `u_tempat_lahir`, `u_tanggal_lahir`, `u_jenis_kelamin`, `u_provinsi`, `u_kota`, `u_kelurahan`, `u_kecamatan`, `u_kodepos`) VALUES (NULL, \'$2y$10$HtvwKa7la5ew.fJ/k2j4JuuS3Z19LKYTOQau5ckrX/a2xE1ydNGyq\', \'\', NULL, \'121\', NULL, NULL, NULL, \'\', NULL, NULL, NULL, NULL, NULL, NULL, NULL, NULL)', 0)
 2 SYSTEMPATH\Database\BaseConnection.php(666): CodeIgniter\Database\MySQLi\Connection->execute('INSERT INTO `tb_user` (`u_username`, `u_password`, `u_fullname`, `u_role`, `u_referensi`, `u_email`, `u_create_at`, `u_nik`, `u_nama`, `u_tempat_lahir`, `u_tanggal_lahir`, `u_jenis_kelamin`, `u_provinsi`, `u_kota`, `u_kelurahan`, `u_kecamatan`, `u_kodepos`) VALUES (NULL, \'$2y$10$HtvwKa7la5ew.fJ/k2j4JuuS3Z19LKYTOQau5ckrX/a2xE1ydNGyq\', \'\', NULL, \'121\', NULL, NULL, NULL, \'\', NULL, NULL, NULL, NULL, NULL, NULL, NULL, NULL)')
 3 SYSTEMPATH\Database\BaseConnection.php(593): CodeIgniter\Database\BaseConnection->simpleQuery('INSERT INTO `tb_user` (`u_username`, `u_password`, `u_fullname`, `u_role`, `u_referensi`, `u_email`, `u_create_at`, `u_nik`, `u_nama`, `u_tempat_lahir`, `u_tanggal_lahir`, `u_jenis_kelamin`, `u_provinsi`, `u_kota`, `u_kelurahan`, `u_kecamatan`, `u_kodepos`) VALUES (NULL, \'$2y$10$HtvwKa7la5ew.fJ/k2j4JuuS3Z19LKYTOQau5ckrX/a2xE1ydNGyq\', \'\', NULL, \'121\', NULL, NULL, NULL, \'\', NULL, NULL, NULL, NULL, NULL, NULL, NULL, NULL)')
 4 SYSTEMPATH\Database\BaseBuilder.php(1916): CodeIgniter\Database\BaseConnection->query('INSERT INTO `tb_user` (`u_username`, `u_password`, `u_fullname`, `u_role`, `u_referensi`, `u_email`, `u_create_at`, `u_nik`, `u_nama`, `u_tempat_lahir`, `u_tanggal_lahir`, `u_jenis_kelamin`, `u_provinsi`, `u_kota`, `u_kelurahan`, `u_kecamatan`, `u_kodepos`) VALUES (:u_username:, :u_password:, :u_fullname:, :u_role:, :u_referensi:, :u_email:, :u_create_at:, :u_nik:, :u_nama:, :u_tempat_lahir:, :u_tanggal_lahir:, :u_jenis_kelamin:, :u_provinsi:, :u_kota:, :u_kelurahan:, :u_kecamatan:, :u_kodepos:)', [...], false)
 5 SYSTEMPATH\Model.php(279): CodeIgniter\Database\BaseBuilder->insert()
 6 SYSTEMPATH\BaseModel.php(749): CodeIgniter\Model->doInsert([...])
 7 SYSTEMPATH\Model.php(667): CodeIgniter\BaseModel->insert([...], true)
 8 APPPATH\Controllers\AdminControllers.php(554): CodeIgniter\Model->insert([...])
 9 SYSTEMPATH\CodeIgniter.php(927): App\Controllers\AdminControllers->ImportFileExcelUser()
10 SYSTEMPATH\CodeIgniter.php(482): CodeIgniter\CodeIgniter->runController(Object(App\Controllers\AdminControllers))
11 SYSTEMPATH\CodeIgniter.php(351): CodeIgniter\CodeIgniter->handleRequest(null, Object(Config\Cache), false)
12 FCPATH\index.php(67): CodeIgniter\CodeIgniter->run()
13 SYSTEMPATH\Commands\Server\rewrite.php(46): require_once('FCPATH\\index.php')
ERROR - 2023-04-07 17:45:47 --> mysqli_sql_exception: Column 'u_create_at' cannot be null in C:\xampp\htdocs\ProjectPaketFinally\system\Database\MySQLi\Connection.php:292
Stack trace:
#0 C:\xampp\htdocs\ProjectPaketFinally\system\Database\MySQLi\Connection.php(292): mysqli->query('INSERT INTO `tb...', 0)
#1 C:\xampp\htdocs\ProjectPaketFinally\system\Database\BaseConnection.php(666): CodeIgniter\Database\MySQLi\Connection->execute('INSERT INTO `tb...')
#2 C:\xampp\htdocs\ProjectPaketFinally\system\Database\BaseConnection.php(593): CodeIgniter\Database\BaseConnection->simpleQuery('INSERT INTO `tb...')
#3 C:\xampp\htdocs\ProjectPaketFinally\system\Database\BaseBuilder.php(1916): CodeIgniter\Database\BaseConnection->query('INSERT INTO `tb...', Array, false)
#4 C:\xampp\htdocs\ProjectPaketFinally\system\Model.php(279): CodeIgniter\Database\BaseBuilder->insert()
#5 C:\xampp\htdocs\ProjectPaketFinally\system\BaseModel.php(749): CodeIgniter\Model->doInsert(Array)
#6 C:\xampp\htdocs\ProjectPaketFinally\system\Model.php(667): CodeIgniter\BaseModel->insert(Array, true)
#7 C:\xampp\htdocs\ProjectPaketFinally\app\Controllers\CoordinatorControllers.php(525): CodeIgniter\Model->insert(Array)
#8 C:\xampp\htdocs\ProjectPaketFinally\system\CodeIgniter.php(927): App\Controllers\CoordinatorControllers->ImportFileExcelUser()
#9 C:\xampp\htdocs\ProjectPaketFinally\system\CodeIgniter.php(482): CodeIgniter\CodeIgniter->runController(Object(App\Controllers\CoordinatorControllers))
#10 C:\xampp\htdocs\ProjectPaketFinally\system\CodeIgniter.php(351): CodeIgniter\CodeIgniter->handleRequest(NULL, Object(Config\Cache), false)
#11 C:\xampp\htdocs\ProjectPaketFinally\public\index.php(67): CodeIgniter\CodeIgniter->run()
#12 C:\xampp\htdocs\ProjectPaketFinally\system\Commands\Server\rewrite.php(46): require_once('C:\\xampp\\htdocs...')
#13 {main}
CRITICAL - 2023-04-07 17:45:47 --> Column 'u_create_at' cannot be null
in SYSTEMPATH\Database\MySQLi\Connection.php on line 292.
 1 SYSTEMPATH\Database\MySQLi\Connection.php(292): mysqli->query('INSERT INTO `tb_user` (`u_username`, `u_password`, `u_fullname`, `u_role`, `u_referensi`, `u_email`, `u_create_at`, `u_nik`, `u_nama`, `u_tempat_lahir`, `u_tanggal_lahir`, `u_jenis_kelamin`, `u_provinsi`, `u_kota`, `u_kelurahan`, `u_kecamatan`, `u_kodepos`) VALUES (\'asdsad\', \'$2y$10$ZG0AbogmZKxYWuCzDKm9..SeIbupkFvunlcTT2guh9wSZ1C4bC.lG\', \'asda\', \'coordinator\', \'AHMAD ARIF\', \'asdsad\', NULL, 123123, 123123, 12312, 12312, 123123, 123, 123123, 123, 123, 123)', 0)
 2 SYSTEMPATH\Database\BaseConnection.php(666): CodeIgniter\Database\MySQLi\Connection->execute('INSERT INTO `tb_user` (`u_username`, `u_password`, `u_fullname`, `u_role`, `u_referensi`, `u_email`, `u_create_at`, `u_nik`, `u_nama`, `u_tempat_lahir`, `u_tanggal_lahir`, `u_jenis_kelamin`, `u_provinsi`, `u_kota`, `u_kelurahan`, `u_kecamatan`, `u_kodepos`) VALUES (\'asdsad\', \'$2y$10$ZG0AbogmZKxYWuCzDKm9..SeIbupkFvunlcTT2guh9wSZ1C4bC.lG\', \'asda\', \'coordinator\', \'AHMAD ARIF\', \'asdsad\', NULL, 123123, 123123, 12312, 12312, 123123, 123, 123123, 123, 123, 123)')
 3 SYSTEMPATH\Database\BaseConnection.php(593): CodeIgniter\Database\BaseConnection->simpleQuery('INSERT INTO `tb_user` (`u_username`, `u_password`, `u_fullname`, `u_role`, `u_referensi`, `u_email`, `u_create_at`, `u_nik`, `u_nama`, `u_tempat_lahir`, `u_tanggal_lahir`, `u_jenis_kelamin`, `u_provinsi`, `u_kota`, `u_kelurahan`, `u_kecamatan`, `u_kodepos`) VALUES (\'asdsad\', \'$2y$10$ZG0AbogmZKxYWuCzDKm9..SeIbupkFvunlcTT2guh9wSZ1C4bC.lG\', \'asda\', \'coordinator\', \'AHMAD ARIF\', \'asdsad\', NULL, 123123, 123123, 12312, 12312, 123123, 123, 123123, 123, 123, 123)')
 4 SYSTEMPATH\Database\BaseBuilder.php(1916): CodeIgniter\Database\BaseConnection->query('INSERT INTO `tb_user` (`u_username`, `u_password`, `u_fullname`, `u_role`, `u_referensi`, `u_email`, `u_create_at`, `u_nik`, `u_nama`, `u_tempat_lahir`, `u_tanggal_lahir`, `u_jenis_kelamin`, `u_provinsi`, `u_kota`, `u_kelurahan`, `u_kecamatan`, `u_kodepos`) VALUES (:u_username:, :u_password:, :u_fullname:, :u_role:, :u_referensi:, :u_email:, :u_create_at:, :u_nik:, :u_nama:, :u_tempat_lahir:, :u_tanggal_lahir:, :u_jenis_kelamin:, :u_provinsi:, :u_kota:, :u_kelurahan:, :u_kecamatan:, :u_kodepos:)', [...], false)
 5 SYSTEMPATH\Model.php(279): CodeIgniter\Database\BaseBuilder->insert()
 6 SYSTEMPATH\BaseModel.php(749): CodeIgniter\Model->doInsert([...])
 7 SYSTEMPATH\Model.php(667): CodeIgniter\BaseModel->insert([...], true)
 8 APPPATH\Controllers\CoordinatorControllers.php(525): CodeIgniter\Model->insert([...])
 9 SYSTEMPATH\CodeIgniter.php(927): App\Controllers\CoordinatorControllers->ImportFileExcelUser()
10 SYSTEMPATH\CodeIgniter.php(482): CodeIgniter\CodeIgniter->runController(Object(App\Controllers\CoordinatorControllers))
11 SYSTEMPATH\CodeIgniter.php(351): CodeIgniter\CodeIgniter->handleRequest(null, Object(Config\Cache), false)
12 FCPATH\index.php(67): CodeIgniter\CodeIgniter->run()
13 SYSTEMPATH\Commands\Server\rewrite.php(46): require_once('FCPATH\\index.php')
ERROR - 2023-04-07 17:47:31 --> mysqli_sql_exception: Unknown column 'u_created_at' in 'field list' in C:\xampp\htdocs\ProjectPaketFinally\system\Database\MySQLi\Connection.php:292
Stack trace:
#0 C:\xampp\htdocs\ProjectPaketFinally\system\Database\MySQLi\Connection.php(292): mysqli->query('INSERT INTO `tb...', 0)
#1 C:\xampp\htdocs\ProjectPaketFinally\system\Database\BaseConnection.php(666): CodeIgniter\Database\MySQLi\Connection->execute('INSERT INTO `tb...')
#2 C:\xampp\htdocs\ProjectPaketFinally\system\Database\BaseConnection.php(593): CodeIgniter\Database\BaseConnection->simpleQuery('INSERT INTO `tb...')
#3 C:\xampp\htdocs\ProjectPaketFinally\system\Database\BaseBuilder.php(1916): CodeIgniter\Database\BaseConnection->query('INSERT INTO `tb...', Array, false)
#4 C:\xampp\htdocs\ProjectPaketFinally\system\Model.php(279): CodeIgniter\Database\BaseBuilder->insert()
#5 C:\xampp\htdocs\ProjectPaketFinally\system\BaseModel.php(749): CodeIgniter\Model->doInsert(Array)
#6 C:\xampp\htdocs\ProjectPaketFinally\system\Model.php(667): CodeIgniter\BaseModel->insert(Array, true)
#7 C:\xampp\htdocs\ProjectPaketFinally\app\Controllers\CoordinatorControllers.php(525): CodeIgniter\Model->insert(Array)
#8 C:\xampp\htdocs\ProjectPaketFinally\system\CodeIgniter.php(927): App\Controllers\CoordinatorControllers->ImportFileExcelUser()
#9 C:\xampp\htdocs\ProjectPaketFinally\system\CodeIgniter.php(482): CodeIgniter\CodeIgniter->runController(Object(App\Controllers\CoordinatorControllers))
#10 C:\xampp\htdocs\ProjectPaketFinally\system\CodeIgniter.php(351): CodeIgniter\CodeIgniter->handleRequest(NULL, Object(Config\Cache), false)
#11 C:\xampp\htdocs\ProjectPaketFinally\public\index.php(67): CodeIgniter\CodeIgniter->run()
#12 C:\xampp\htdocs\ProjectPaketFinally\system\Commands\Server\rewrite.php(46): require_once('C:\\xampp\\htdocs...')
#13 {main}
CRITICAL - 2023-04-07 17:47:31 --> Unknown column 'u_created_at' in 'field list'
in SYSTEMPATH\Database\MySQLi\Connection.php on line 292.
 1 SYSTEMPATH\Database\MySQLi\Connection.php(292): mysqli->query('INSERT INTO `tb_user` (`u_username`, `u_password`, `u_fullname`, `u_role`, `u_referensi`, `u_email`, `u_create_at`, `u_nik`, `u_nama`, `u_tempat_lahir`, `u_tanggal_lahir`, `u_jenis_kelamin`, `u_provinsi`, `u_kota`, `u_kelurahan`, `u_kecamatan`, `u_kodepos`, `u_created_at`, `u_expired_date`) VALUES (\'asdsad\', \'$2y$10$xOMACp62anMn0G508OIDXudajOqidJjUvGLGU9yJt/j5rM47tHBjG\', \'asda\', \'coordinator\', \'AHMAD ARIF\', \'asdsad\', NULL, 123123, 123123, 12312, 12312, 123123, 123, 123123, 123, 123, 123, \'2023-04-07 17:47:31\', \'2023-04-07 17:47:31\')', 0)
 2 SYSTEMPATH\Database\BaseConnection.php(666): CodeIgniter\Database\MySQLi\Connection->execute('INSERT INTO `tb_user` (`u_username`, `u_password`, `u_fullname`, `u_role`, `u_referensi`, `u_email`, `u_create_at`, `u_nik`, `u_nama`, `u_tempat_lahir`, `u_tanggal_lahir`, `u_jenis_kelamin`, `u_provinsi`, `u_kota`, `u_kelurahan`, `u_kecamatan`, `u_kodepos`, `u_created_at`, `u_expired_date`) VALUES (\'asdsad\', \'$2y$10$xOMACp62anMn0G508OIDXudajOqidJjUvGLGU9yJt/j5rM47tHBjG\', \'asda\', \'coordinator\', \'AHMAD ARIF\', \'asdsad\', NULL, 123123, 123123, 12312, 12312, 123123, 123, 123123, 123, 123, 123, \'2023-04-07 17:47:31\', \'2023-04-07 17:47:31\')')
 3 SYSTEMPATH\Database\BaseConnection.php(593): CodeIgniter\Database\BaseConnection->simpleQuery('INSERT INTO `tb_user` (`u_username`, `u_password`, `u_fullname`, `u_role`, `u_referensi`, `u_email`, `u_create_at`, `u_nik`, `u_nama`, `u_tempat_lahir`, `u_tanggal_lahir`, `u_jenis_kelamin`, `u_provinsi`, `u_kota`, `u_kelurahan`, `u_kecamatan`, `u_kodepos`, `u_created_at`, `u_expired_date`) VALUES (\'asdsad\', \'$2y$10$xOMACp62anMn0G508OIDXudajOqidJjUvGLGU9yJt/j5rM47tHBjG\', \'asda\', \'coordinator\', \'AHMAD ARIF\', \'asdsad\', NULL, 123123, 123123, 12312, 12312, 123123, 123, 123123, 123, 123, 123, \'2023-04-07 17:47:31\', \'2023-04-07 17:47:31\')')
 4 SYSTEMPATH\Database\BaseBuilder.php(1916): CodeIgniter\Database\BaseConnection->query('INSERT INTO `tb_user` (`u_username`, `u_password`, `u_fullname`, `u_role`, `u_referensi`, `u_email`, `u_create_at`, `u_nik`, `u_nama`, `u_tempat_lahir`, `u_tanggal_lahir`, `u_jenis_kelamin`, `u_provinsi`, `u_kota`, `u_kelurahan`, `u_kecamatan`, `u_kodepos`, `u_created_at`, `u_expired_date`) VALUES (:u_username:, :u_password:, :u_fullname:, :u_role:, :u_referensi:, :u_email:, :u_create_at:, :u_nik:, :u_nama:, :u_tempat_lahir:, :u_tanggal_lahir:, :u_jenis_kelamin:, :u_provinsi:, :u_kota:, :u_kelurahan:, :u_kecamatan:, :u_kodepos:, :u_created_at:, :u_expired_date:)', [...], false)
 5 SYSTEMPATH\Model.php(279): CodeIgniter\Database\BaseBuilder->insert()
 6 SYSTEMPATH\BaseModel.php(749): CodeIgniter\Model->doInsert([...])
 7 SYSTEMPATH\Model.php(667): CodeIgniter\BaseModel->insert([...], true)
 8 APPPATH\Controllers\CoordinatorControllers.php(525): CodeIgniter\Model->insert([...])
 9 SYSTEMPATH\CodeIgniter.php(927): App\Controllers\CoordinatorControllers->ImportFileExcelUser()
10 SYSTEMPATH\CodeIgniter.php(482): CodeIgniter\CodeIgniter->runController(Object(App\Controllers\CoordinatorControllers))
11 SYSTEMPATH\CodeIgniter.php(351): CodeIgniter\CodeIgniter->handleRequest(null, Object(Config\Cache), false)
12 FCPATH\index.php(67): CodeIgniter\CodeIgniter->run()
13 SYSTEMPATH\Commands\Server\rewrite.php(46): require_once('FCPATH\\index.php')
ERROR - 2023-04-07 17:47:52 --> mysqli_sql_exception: Column 'u_create_at' cannot be null in C:\xampp\htdocs\ProjectPaketFinally\system\Database\MySQLi\Connection.php:292
Stack trace:
#0 C:\xampp\htdocs\ProjectPaketFinally\system\Database\MySQLi\Connection.php(292): mysqli->query('INSERT INTO `tb...', 0)
#1 C:\xampp\htdocs\ProjectPaketFinally\system\Database\BaseConnection.php(666): CodeIgniter\Database\MySQLi\Connection->execute('INSERT INTO `tb...')
#2 C:\xampp\htdocs\ProjectPaketFinally\system\Database\BaseConnection.php(593): CodeIgniter\Database\BaseConnection->simpleQuery('INSERT INTO `tb...')
#3 C:\xampp\htdocs\ProjectPaketFinally\system\Database\BaseBuilder.php(1916): CodeIgniter\Database\BaseConnection->query('INSERT INTO `tb...', Array, false)
#4 C:\xampp\htdocs\ProjectPaketFinally\system\Model.php(279): CodeIgniter\Database\BaseBuilder->insert()
#5 C:\xampp\htdocs\ProjectPaketFinally\system\BaseModel.php(749): CodeIgniter\Model->doInsert(Array)
#6 C:\xampp\htdocs\ProjectPaketFinally\system\Model.php(667): CodeIgniter\BaseModel->insert(Array, true)
#7 C:\xampp\htdocs\ProjectPaketFinally\app\Controllers\CoordinatorControllers.php(525): CodeIgniter\Model->insert(Array)
#8 C:\xampp\htdocs\ProjectPaketFinally\system\CodeIgniter.php(927): App\Controllers\CoordinatorControllers->ImportFileExcelUser()
#9 C:\xampp\htdocs\ProjectPaketFinally\system\CodeIgniter.php(482): CodeIgniter\CodeIgniter->runController(Object(App\Controllers\CoordinatorControllers))
#10 C:\xampp\htdocs\ProjectPaketFinally\system\CodeIgniter.php(351): CodeIgniter\CodeIgniter->handleRequest(NULL, Object(Config\Cache), false)
#11 C:\xampp\htdocs\ProjectPaketFinally\public\index.php(67): CodeIgniter\CodeIgniter->run()
#12 C:\xampp\htdocs\ProjectPaketFinally\system\Commands\Server\rewrite.php(46): require_once('C:\\xampp\\htdocs...')
#13 {main}
CRITICAL - 2023-04-07 17:47:52 --> Column 'u_create_at' cannot be null
in SYSTEMPATH\Database\MySQLi\Connection.php on line 292.
 1 SYSTEMPATH\Database\MySQLi\Connection.php(292): mysqli->query('INSERT INTO `tb_user` (`u_username`, `u_password`, `u_fullname`, `u_role`, `u_referensi`, `u_email`, `u_create_at`, `u_nik`, `u_nama`, `u_tempat_lahir`, `u_tanggal_lahir`, `u_jenis_kelamin`, `u_provinsi`, `u_kota`, `u_kelurahan`, `u_kecamatan`, `u_kodepos`, `u_expired_date`) VALUES (\'asdsad\', \'$2y$10$VDwbTRG/EuiI3dauqgBWzuKCU0FnsET1Y.3wAvVzjTwVgDUOB.KQ.\', \'asda\', \'coordinator\', \'AHMAD ARIF\', \'asdsad\', NULL, 123123, 123123, 12312, 12312, 123123, 123, 123123, 123, 123, 123, \'2023-04-07 17:47:52\')', 0)
 2 SYSTEMPATH\Database\BaseConnection.php(666): CodeIgniter\Database\MySQLi\Connection->execute('INSERT INTO `tb_user` (`u_username`, `u_password`, `u_fullname`, `u_role`, `u_referensi`, `u_email`, `u_create_at`, `u_nik`, `u_nama`, `u_tempat_lahir`, `u_tanggal_lahir`, `u_jenis_kelamin`, `u_provinsi`, `u_kota`, `u_kelurahan`, `u_kecamatan`, `u_kodepos`, `u_expired_date`) VALUES (\'asdsad\', \'$2y$10$VDwbTRG/EuiI3dauqgBWzuKCU0FnsET1Y.3wAvVzjTwVgDUOB.KQ.\', \'asda\', \'coordinator\', \'AHMAD ARIF\', \'asdsad\', NULL, 123123, 123123, 12312, 12312, 123123, 123, 123123, 123, 123, 123, \'2023-04-07 17:47:52\')')
 3 SYSTEMPATH\Database\BaseConnection.php(593): CodeIgniter\Database\BaseConnection->simpleQuery('INSERT INTO `tb_user` (`u_username`, `u_password`, `u_fullname`, `u_role`, `u_referensi`, `u_email`, `u_create_at`, `u_nik`, `u_nama`, `u_tempat_lahir`, `u_tanggal_lahir`, `u_jenis_kelamin`, `u_provinsi`, `u_kota`, `u_kelurahan`, `u_kecamatan`, `u_kodepos`, `u_expired_date`) VALUES (\'asdsad\', \'$2y$10$VDwbTRG/EuiI3dauqgBWzuKCU0FnsET1Y.3wAvVzjTwVgDUOB.KQ.\', \'asda\', \'coordinator\', \'AHMAD ARIF\', \'asdsad\', NULL, 123123, 123123, 12312, 12312, 123123, 123, 123123, 123, 123, 123, \'2023-04-07 17:47:52\')')
 4 SYSTEMPATH\Database\BaseBuilder.php(1916): CodeIgniter\Database\BaseConnection->query('INSERT INTO `tb_user` (`u_username`, `u_password`, `u_fullname`, `u_role`, `u_referensi`, `u_email`, `u_create_at`, `u_nik`, `u_nama`, `u_tempat_lahir`, `u_tanggal_lahir`, `u_jenis_kelamin`, `u_provinsi`, `u_kota`, `u_kelurahan`, `u_kecamatan`, `u_kodepos`, `u_expired_date`) VALUES (:u_username:, :u_password:, :u_fullname:, :u_role:, :u_referensi:, :u_email:, :u_create_at:, :u_nik:, :u_nama:, :u_tempat_lahir:, :u_tanggal_lahir:, :u_jenis_kelamin:, :u_provinsi:, :u_kota:, :u_kelurahan:, :u_kecamatan:, :u_kodepos:, :u_expired_date:)', [...], false)
 5 SYSTEMPATH\Model.php(279): CodeIgniter\Database\BaseBuilder->insert()
 6 SYSTEMPATH\BaseModel.php(749): CodeIgniter\Model->doInsert([...])
 7 SYSTEMPATH\Model.php(667): CodeIgniter\BaseModel->insert([...], true)
 8 APPPATH\Controllers\CoordinatorControllers.php(525): CodeIgniter\Model->insert([...])
 9 SYSTEMPATH\CodeIgniter.php(927): App\Controllers\CoordinatorControllers->ImportFileExcelUser()
10 SYSTEMPATH\CodeIgniter.php(482): CodeIgniter\CodeIgniter->runController(Object(App\Controllers\CoordinatorControllers))
11 SYSTEMPATH\CodeIgniter.php(351): CodeIgniter\CodeIgniter->handleRequest(null, Object(Config\Cache), false)
12 FCPATH\index.php(67): CodeIgniter\CodeIgniter->run()
13 SYSTEMPATH\Commands\Server\rewrite.php(46): require_once('FCPATH\\index.php')
ERROR - 2023-04-07 17:48:53 --> mysqli_sql_exception: Column 'u_create_at' cannot be null in C:\xampp\htdocs\ProjectPaketFinally\system\Database\MySQLi\Connection.php:292
Stack trace:
#0 C:\xampp\htdocs\ProjectPaketFinally\system\Database\MySQLi\Connection.php(292): mysqli->query('INSERT INTO `tb...', 0)
#1 C:\xampp\htdocs\ProjectPaketFinally\system\Database\BaseConnection.php(666): CodeIgniter\Database\MySQLi\Connection->execute('INSERT INTO `tb...')
#2 C:\xampp\htdocs\ProjectPaketFinally\system\Database\BaseConnection.php(593): CodeIgniter\Database\BaseConnection->simpleQuery('INSERT INTO `tb...')
#3 C:\xampp\htdocs\ProjectPaketFinally\system\Database\BaseBuilder.php(1916): CodeIgniter\Database\BaseConnection->query('INSERT INTO `tb...', Array, false)
#4 C:\xampp\htdocs\ProjectPaketFinally\system\Model.php(279): CodeIgniter\Database\BaseBuilder->insert()
#5 C:\xampp\htdocs\ProjectPaketFinally\system\BaseModel.php(749): CodeIgniter\Model->doInsert(Array)
#6 C:\xampp\htdocs\ProjectPaketFinally\system\Model.php(667): CodeIgniter\BaseModel->insert(Array, true)
#7 C:\xampp\htdocs\ProjectPaketFinally\app\Controllers\CoordinatorControllers.php(525): CodeIgniter\Model->insert(Array)
#8 C:\xampp\htdocs\ProjectPaketFinally\system\CodeIgniter.php(927): App\Controllers\CoordinatorControllers->ImportFileExcelUser()
#9 C:\xampp\htdocs\ProjectPaketFinally\system\CodeIgniter.php(482): CodeIgniter\CodeIgniter->runController(Object(App\Controllers\CoordinatorControllers))
#10 C:\xampp\htdocs\ProjectPaketFinally\system\CodeIgniter.php(351): CodeIgniter\CodeIgniter->handleRequest(NULL, Object(Config\Cache), false)
#11 C:\xampp\htdocs\ProjectPaketFinally\public\index.php(67): CodeIgniter\CodeIgniter->run()
#12 C:\xampp\htdocs\ProjectPaketFinally\system\Commands\Server\rewrite.php(46): require_once('C:\\xampp\\htdocs...')
#13 {main}
CRITICAL - 2023-04-07 17:48:53 --> Column 'u_create_at' cannot be null
in SYSTEMPATH\Database\MySQLi\Connection.php on line 292.
 1 SYSTEMPATH\Database\MySQLi\Connection.php(292): mysqli->query('INSERT INTO `tb_user` (`u_username`, `u_password`, `u_fullname`, `u_role`, `u_referensi`, `u_email`, `u_create_at`, `u_nik`, `u_nama`, `u_tempat_lahir`, `u_tanggal_lahir`, `u_jenis_kelamin`, `u_provinsi`, `u_kota`, `u_kelurahan`, `u_kecamatan`, `u_kodepos`, `u_expired_date`) VALUES (\'asdsad\', \'$2y$10$gNeDyKTsTYI621NHfXcePuq5RR9MHdLHV6Pplc3NqaMtfdsjfBItK\', \'asda\', \'coordinator\', \'AHMAD ARIF\', \'asdsad\', NULL, 123123, 123123, 12312, 12312, 123123, 123, 123123, 123, 123, 123, \'2023-04-07 17:48:53\')', 0)
 2 SYSTEMPATH\Database\BaseConnection.php(666): CodeIgniter\Database\MySQLi\Connection->execute('INSERT INTO `tb_user` (`u_username`, `u_password`, `u_fullname`, `u_role`, `u_referensi`, `u_email`, `u_create_at`, `u_nik`, `u_nama`, `u_tempat_lahir`, `u_tanggal_lahir`, `u_jenis_kelamin`, `u_provinsi`, `u_kota`, `u_kelurahan`, `u_kecamatan`, `u_kodepos`, `u_expired_date`) VALUES (\'asdsad\', \'$2y$10$gNeDyKTsTYI621NHfXcePuq5RR9MHdLHV6Pplc3NqaMtfdsjfBItK\', \'asda\', \'coordinator\', \'AHMAD ARIF\', \'asdsad\', NULL, 123123, 123123, 12312, 12312, 123123, 123, 123123, 123, 123, 123, \'2023-04-07 17:48:53\')')
 3 SYSTEMPATH\Database\BaseConnection.php(593): CodeIgniter\Database\BaseConnection->simpleQuery('INSERT INTO `tb_user` (`u_username`, `u_password`, `u_fullname`, `u_role`, `u_referensi`, `u_email`, `u_create_at`, `u_nik`, `u_nama`, `u_tempat_lahir`, `u_tanggal_lahir`, `u_jenis_kelamin`, `u_provinsi`, `u_kota`, `u_kelurahan`, `u_kecamatan`, `u_kodepos`, `u_expired_date`) VALUES (\'asdsad\', \'$2y$10$gNeDyKTsTYI621NHfXcePuq5RR9MHdLHV6Pplc3NqaMtfdsjfBItK\', \'asda\', \'coordinator\', \'AHMAD ARIF\', \'asdsad\', NULL, 123123, 123123, 12312, 12312, 123123, 123, 123123, 123, 123, 123, \'2023-04-07 17:48:53\')')
 4 SYSTEMPATH\Database\BaseBuilder.php(1916): CodeIgniter\Database\BaseConnection->query('INSERT INTO `tb_user` (`u_username`, `u_password`, `u_fullname`, `u_role`, `u_referensi`, `u_email`, `u_create_at`, `u_nik`, `u_nama`, `u_tempat_lahir`, `u_tanggal_lahir`, `u_jenis_kelamin`, `u_provinsi`, `u_kota`, `u_kelurahan`, `u_kecamatan`, `u_kodepos`, `u_expired_date`) VALUES (:u_username:, :u_password:, :u_fullname:, :u_role:, :u_referensi:, :u_email:, :u_create_at:, :u_nik:, :u_nama:, :u_tempat_lahir:, :u_tanggal_lahir:, :u_jenis_kelamin:, :u_provinsi:, :u_kota:, :u_kelurahan:, :u_kecamatan:, :u_kodepos:, :u_expired_date:)', [...], false)
 5 SYSTEMPATH\Model.php(279): CodeIgniter\Database\BaseBuilder->insert()
 6 SYSTEMPATH\BaseModel.php(749): CodeIgniter\Model->doInsert([...])
 7 SYSTEMPATH\Model.php(667): CodeIgniter\BaseModel->insert([...], true)
 8 APPPATH\Controllers\CoordinatorControllers.php(525): CodeIgniter\Model->insert([...])
 9 SYSTEMPATH\CodeIgniter.php(927): App\Controllers\CoordinatorControllers->ImportFileExcelUser()
10 SYSTEMPATH\CodeIgniter.php(482): CodeIgniter\CodeIgniter->runController(Object(App\Controllers\CoordinatorControllers))
11 SYSTEMPATH\CodeIgniter.php(351): CodeIgniter\CodeIgniter->handleRequest(null, Object(Config\Cache), false)
12 FCPATH\index.php(67): CodeIgniter\CodeIgniter->run()
13 SYSTEMPATH\Commands\Server\rewrite.php(46): require_once('FCPATH\\index.php')
ERROR - 2023-04-07 17:49:16 --> mysqli_sql_exception: Cannot add or update a child row: a foreign key constraint fails (`arisya`.`tb_user`, CONSTRAINT `tb_user_ibfk_1` FOREIGN KEY (`u_referensi`) REFERENCES `tb_user` (`u_id`)) in C:\xampp\htdocs\ProjectPaketFinally\system\Database\MySQLi\Connection.php:292
Stack trace:
#0 C:\xampp\htdocs\ProjectPaketFinally\system\Database\MySQLi\Connection.php(292): mysqli->query('INSERT INTO `tb...', 0)
#1 C:\xampp\htdocs\ProjectPaketFinally\system\Database\BaseConnection.php(666): CodeIgniter\Database\MySQLi\Connection->execute('INSERT INTO `tb...')
#2 C:\xampp\htdocs\ProjectPaketFinally\system\Database\BaseConnection.php(593): CodeIgniter\Database\BaseConnection->simpleQuery('INSERT INTO `tb...')
#3 C:\xampp\htdocs\ProjectPaketFinally\system\Database\BaseBuilder.php(1916): CodeIgniter\Database\BaseConnection->query('INSERT INTO `tb...', Array, false)
#4 C:\xampp\htdocs\ProjectPaketFinally\system\Model.php(279): CodeIgniter\Database\BaseBuilder->insert()
#5 C:\xampp\htdocs\ProjectPaketFinally\system\BaseModel.php(749): CodeIgniter\Model->doInsert(Array)
#6 C:\xampp\htdocs\ProjectPaketFinally\system\Model.php(667): CodeIgniter\BaseModel->insert(Array, true)
#7 C:\xampp\htdocs\ProjectPaketFinally\app\Controllers\CoordinatorControllers.php(525): CodeIgniter\Model->insert(Array)
#8 C:\xampp\htdocs\ProjectPaketFinally\system\CodeIgniter.php(927): App\Controllers\CoordinatorControllers->ImportFileExcelUser()
#9 C:\xampp\htdocs\ProjectPaketFinally\system\CodeIgniter.php(482): CodeIgniter\CodeIgniter->runController(Object(App\Controllers\CoordinatorControllers))
#10 C:\xampp\htdocs\ProjectPaketFinally\system\CodeIgniter.php(351): CodeIgniter\CodeIgniter->handleRequest(NULL, Object(Config\Cache), false)
#11 C:\xampp\htdocs\ProjectPaketFinally\public\index.php(67): CodeIgniter\CodeIgniter->run()
#12 C:\xampp\htdocs\ProjectPaketFinally\system\Commands\Server\rewrite.php(46): require_once('C:\\xampp\\htdocs...')
#13 {main}
CRITICAL - 2023-04-07 17:49:16 --> Cannot add or update a child row: a foreign key constraint fails (`arisya`.`tb_user`, CONSTRAINT `tb_user_ibfk_1` FOREIGN KEY (`u_referensi`) REFERENCES `tb_user` (`u_id`))
in SYSTEMPATH\Database\MySQLi\Connection.php on line 292.
 1 SYSTEMPATH\Database\MySQLi\Connection.php(292): mysqli->query('INSERT INTO `tb_user` (`u_username`, `u_password`, `u_fullname`, `u_role`, `u_referensi`, `u_email`, `u_nik`, `u_nama`, `u_tempat_lahir`, `u_tanggal_lahir`, `u_jenis_kelamin`, `u_provinsi`, `u_kota`, `u_kelurahan`, `u_kecamatan`, `u_kodepos`, `u_create_at`, `u_expired_date`) VALUES (\'asdsad\', \'$2y$10$KTDGGC0bQMNz4snXdfuPb.Lt0.oUhOtlBwxD8ABIoIOOJrL3mEjc2\', \'asda\', \'coordinator\', \'AHMAD ARIF\', \'asdsad\', 123123, 123123, 12312, 12312, 123123, 123, 123123, 123, 123, 123, \'2023-04-07 17:49:16\', \'2023-04-07 17:49:16\')', 0)
 2 SYSTEMPATH\Database\BaseConnection.php(666): CodeIgniter\Database\MySQLi\Connection->execute('INSERT INTO `tb_user` (`u_username`, `u_password`, `u_fullname`, `u_role`, `u_referensi`, `u_email`, `u_nik`, `u_nama`, `u_tempat_lahir`, `u_tanggal_lahir`, `u_jenis_kelamin`, `u_provinsi`, `u_kota`, `u_kelurahan`, `u_kecamatan`, `u_kodepos`, `u_create_at`, `u_expired_date`) VALUES (\'asdsad\', \'$2y$10$KTDGGC0bQMNz4snXdfuPb.Lt0.oUhOtlBwxD8ABIoIOOJrL3mEjc2\', \'asda\', \'coordinator\', \'AHMAD ARIF\', \'asdsad\', 123123, 123123, 12312, 12312, 123123, 123, 123123, 123, 123, 123, \'2023-04-07 17:49:16\', \'2023-04-07 17:49:16\')')
 3 SYSTEMPATH\Database\BaseConnection.php(593): CodeIgniter\Database\BaseConnection->simpleQuery('INSERT INTO `tb_user` (`u_username`, `u_password`, `u_fullname`, `u_role`, `u_referensi`, `u_email`, `u_nik`, `u_nama`, `u_tempat_lahir`, `u_tanggal_lahir`, `u_jenis_kelamin`, `u_provinsi`, `u_kota`, `u_kelurahan`, `u_kecamatan`, `u_kodepos`, `u_create_at`, `u_expired_date`) VALUES (\'asdsad\', \'$2y$10$KTDGGC0bQMNz4snXdfuPb.Lt0.oUhOtlBwxD8ABIoIOOJrL3mEjc2\', \'asda\', \'coordinator\', \'AHMAD ARIF\', \'asdsad\', 123123, 123123, 12312, 12312, 123123, 123, 123123, 123, 123, 123, \'2023-04-07 17:49:16\', \'2023-04-07 17:49:16\')')
 4 SYSTEMPATH\Database\BaseBuilder.php(1916): CodeIgniter\Database\BaseConnection->query('INSERT INTO `tb_user` (`u_username`, `u_password`, `u_fullname`, `u_role`, `u_referensi`, `u_email`, `u_nik`, `u_nama`, `u_tempat_lahir`, `u_tanggal_lahir`, `u_jenis_kelamin`, `u_provinsi`, `u_kota`, `u_kelurahan`, `u_kecamatan`, `u_kodepos`, `u_create_at`, `u_expired_date`) VALUES (:u_username:, :u_password:, :u_fullname:, :u_role:, :u_referensi:, :u_email:, :u_nik:, :u_nama:, :u_tempat_lahir:, :u_tanggal_lahir:, :u_jenis_kelamin:, :u_provinsi:, :u_kota:, :u_kelurahan:, :u_kecamatan:, :u_kodepos:, :u_create_at:, :u_expired_date:)', [...], false)
 5 SYSTEMPATH\Model.php(279): CodeIgniter\Database\BaseBuilder->insert()
 6 SYSTEMPATH\BaseModel.php(749): CodeIgniter\Model->doInsert([...])
 7 SYSTEMPATH\Model.php(667): CodeIgniter\BaseModel->insert([...], true)
 8 APPPATH\Controllers\CoordinatorControllers.php(525): CodeIgniter\Model->insert([...])
 9 SYSTEMPATH\CodeIgniter.php(927): App\Controllers\CoordinatorControllers->ImportFileExcelUser()
10 SYSTEMPATH\CodeIgniter.php(482): CodeIgniter\CodeIgniter->runController(Object(App\Controllers\CoordinatorControllers))
11 SYSTEMPATH\CodeIgniter.php(351): CodeIgniter\CodeIgniter->handleRequest(null, Object(Config\Cache), false)
12 FCPATH\index.php(67): CodeIgniter\CodeIgniter->run()
13 SYSTEMPATH\Commands\Server\rewrite.php(46): require_once('FCPATH\\index.php')
ERROR - 2023-04-07 17:53:40 --> mysqli_sql_exception: Cannot delete or update a parent row: a foreign key constraint fails (`arisya`.`tb_user`, CONSTRAINT `tb_user_ibfk_1` FOREIGN KEY (`u_referensi`) REFERENCES `tb_user` (`u_id`)) in C:\xampp\htdocs\ProjectPaketFinally\system\Database\MySQLi\Connection.php:292
Stack trace:
#0 C:\xampp\htdocs\ProjectPaketFinally\system\Database\MySQLi\Connection.php(292): mysqli->query('DELETE FROM `tb...', 0)
#1 C:\xampp\htdocs\ProjectPaketFinally\system\Database\BaseConnection.php(666): CodeIgniter\Database\MySQLi\Connection->execute('DELETE FROM `tb...')
#2 C:\xampp\htdocs\ProjectPaketFinally\system\Database\BaseConnection.php(593): CodeIgniter\Database\BaseConnection->simpleQuery('DELETE FROM `tb...')
#3 C:\xampp\htdocs\ProjectPaketFinally\system\Database\BaseBuilder.php(2391): CodeIgniter\Database\BaseConnection->query('DELETE FROM `tb...', Array, false)
#4 C:\xampp\htdocs\ProjectPaketFinally\system\Model.php(401): CodeIgniter\Database\BaseBuilder->delete()
#5 C:\xampp\htdocs\ProjectPaketFinally\system\BaseModel.php(984): CodeIgniter\Model->doDelete(Array, false)
#6 C:\xampp\htdocs\ProjectPaketFinally\app\Controllers\AdminControllers.php(499): CodeIgniter\BaseModel->delete(Array)
#7 C:\xampp\htdocs\ProjectPaketFinally\system\CodeIgniter.php(927): App\Controllers\AdminControllers->deleteuser('91')
#8 C:\xampp\htdocs\ProjectPaketFinally\system\CodeIgniter.php(482): CodeIgniter\CodeIgniter->runController(Object(App\Controllers\AdminControllers))
#9 C:\xampp\htdocs\ProjectPaketFinally\system\CodeIgniter.php(351): CodeIgniter\CodeIgniter->handleRequest(NULL, Object(Config\Cache), false)
#10 C:\xampp\htdocs\ProjectPaketFinally\public\index.php(67): CodeIgniter\CodeIgniter->run()
#11 C:\xampp\htdocs\ProjectPaketFinally\system\Commands\Server\rewrite.php(46): require_once('C:\\xampp\\htdocs...')
#12 {main}
CRITICAL - 2023-04-07 17:53:40 --> Cannot delete or update a parent row: a foreign key constraint fails (`arisya`.`tb_user`, CONSTRAINT `tb_user_ibfk_1` FOREIGN KEY (`u_referensi`) REFERENCES `tb_user` (`u_id`))
in SYSTEMPATH\Database\MySQLi\Connection.php on line 292.
 1 SYSTEMPATH\Database\MySQLi\Connection.php(292): mysqli->query('DELETE FROM `tb_user`
WHERE `u_id` IN (\'91\')', 0)
 2 SYSTEMPATH\Database\BaseConnection.php(666): CodeIgniter\Database\MySQLi\Connection->execute('DELETE FROM `tb_user`
WHERE `u_id` IN (\'91\')')
 3 SYSTEMPATH\Database\BaseConnection.php(593): CodeIgniter\Database\BaseConnection->simpleQuery('DELETE FROM `tb_user`
WHERE `u_id` IN (\'91\')')
 4 SYSTEMPATH\Database\BaseBuilder.php(2391): CodeIgniter\Database\BaseConnection->query('DELETE FROM `tb_user`
WHERE `u_id` IN :u_id:', [...], false)
 5 SYSTEMPATH\Model.php(401): CodeIgniter\Database\BaseBuilder->delete()
 6 SYSTEMPATH\BaseModel.php(984): CodeIgniter\Model->doDelete([...], false)
 7 APPPATH\Controllers\AdminControllers.php(499): CodeIgniter\BaseModel->delete([...])
 8 SYSTEMPATH\CodeIgniter.php(927): App\Controllers\AdminControllers->deleteuser('91')
 9 SYSTEMPATH\CodeIgniter.php(482): CodeIgniter\CodeIgniter->runController(Object(App\Controllers\AdminControllers))
10 SYSTEMPATH\CodeIgniter.php(351): CodeIgniter\CodeIgniter->handleRequest(null, Object(Config\Cache), false)
11 FCPATH\index.php(67): CodeIgniter\CodeIgniter->run()
12 SYSTEMPATH\Commands\Server\rewrite.php(46): require_once('FCPATH\\index.php')
ERROR - 2023-04-07 18:22:10 --> mysqli_sql_exception: Column 'u_username' cannot be null in C:\xampp\htdocs\ProjectPaketFinally\system\Database\MySQLi\Connection.php:292
Stack trace:
#0 C:\xampp\htdocs\ProjectPaketFinally\system\Database\MySQLi\Connection.php(292): mysqli->query('INSERT INTO `tb...', 0)
#1 C:\xampp\htdocs\ProjectPaketFinally\system\Database\BaseConnection.php(666): CodeIgniter\Database\MySQLi\Connection->execute('INSERT INTO `tb...')
#2 C:\xampp\htdocs\ProjectPaketFinally\system\Database\BaseConnection.php(593): CodeIgniter\Database\BaseConnection->simpleQuery('INSERT INTO `tb...')
#3 C:\xampp\htdocs\ProjectPaketFinally\system\Database\BaseBuilder.php(1916): CodeIgniter\Database\BaseConnection->query('INSERT INTO `tb...', Array, false)
#4 C:\xampp\htdocs\ProjectPaketFinally\system\Model.php(279): CodeIgniter\Database\BaseBuilder->insert()
#5 C:\xampp\htdocs\ProjectPaketFinally\system\BaseModel.php(749): CodeIgniter\Model->doInsert(Array)
#6 C:\xampp\htdocs\ProjectPaketFinally\system\Model.php(667): CodeIgniter\BaseModel->insert(Array, true)
#7 C:\xampp\htdocs\ProjectPaketFinally\app\Controllers\AdminControllers.php(553): CodeIgniter\Model->insert(Array)
#8 C:\xampp\htdocs\ProjectPaketFinally\system\CodeIgniter.php(927): App\Controllers\AdminControllers->ImportFileExcelUser()
#9 C:\xampp\htdocs\ProjectPaketFinally\system\CodeIgniter.php(482): CodeIgniter\CodeIgniter->runController(Object(App\Controllers\AdminControllers))
#10 C:\xampp\htdocs\ProjectPaketFinally\system\CodeIgniter.php(351): CodeIgniter\CodeIgniter->handleRequest(NULL, Object(Config\Cache), false)
#11 C:\xampp\htdocs\ProjectPaketFinally\public\index.php(67): CodeIgniter\CodeIgniter->run()
#12 C:\xampp\htdocs\ProjectPaketFinally\system\Commands\Server\rewrite.php(46): require_once('C:\\xampp\\htdocs...')
#13 {main}
CRITICAL - 2023-04-07 18:22:10 --> Column 'u_username' cannot be null
in SYSTEMPATH\Database\MySQLi\Connection.php on line 292.
 1 SYSTEMPATH\Database\MySQLi\Connection.php(292): mysqli->query('INSERT INTO `tb_user` (`u_username`, `u_password`, `u_fullname`, `u_role`, `u_referensi`, `u_email`, `u_create_at`, `u_nik`, `u_nama`, `u_tempat_lahir`, `u_tanggal_lahir`, `u_jenis_kelamin`, `u_provinsi`, `u_kota`, `u_kelurahan`, `u_kecamatan`, `u_kodepos`, `u_expired_date`) VALUES (NULL, \'$2y$10$TSvFR3k5TPHx/RYU1rOUheIPx5ZgnamwRIqWniAbOUda.DQ4Rovge\', \'\', NULL, \'127\', NULL, NULL, NULL, \'\', NULL, NULL, NULL, NULL, NULL, NULL, NULL, NULL, \'2023-04-07 18:22:10\')', 0)
 2 SYSTEMPATH\Database\BaseConnection.php(666): CodeIgniter\Database\MySQLi\Connection->execute('INSERT INTO `tb_user` (`u_username`, `u_password`, `u_fullname`, `u_role`, `u_referensi`, `u_email`, `u_create_at`, `u_nik`, `u_nama`, `u_tempat_lahir`, `u_tanggal_lahir`, `u_jenis_kelamin`, `u_provinsi`, `u_kota`, `u_kelurahan`, `u_kecamatan`, `u_kodepos`, `u_expired_date`) VALUES (NULL, \'$2y$10$TSvFR3k5TPHx/RYU1rOUheIPx5ZgnamwRIqWniAbOUda.DQ4Rovge\', \'\', NULL, \'127\', NULL, NULL, NULL, \'\', NULL, NULL, NULL, NULL, NULL, NULL, NULL, NULL, \'2023-04-07 18:22:10\')')
 3 SYSTEMPATH\Database\BaseConnection.php(593): CodeIgniter\Database\BaseConnection->simpleQuery('INSERT INTO `tb_user` (`u_username`, `u_password`, `u_fullname`, `u_role`, `u_referensi`, `u_email`, `u_create_at`, `u_nik`, `u_nama`, `u_tempat_lahir`, `u_tanggal_lahir`, `u_jenis_kelamin`, `u_provinsi`, `u_kota`, `u_kelurahan`, `u_kecamatan`, `u_kodepos`, `u_expired_date`) VALUES (NULL, \'$2y$10$TSvFR3k5TPHx/RYU1rOUheIPx5ZgnamwRIqWniAbOUda.DQ4Rovge\', \'\', NULL, \'127\', NULL, NULL, NULL, \'\', NULL, NULL, NULL, NULL, NULL, NULL, NULL, NULL, \'2023-04-07 18:22:10\')')
 4 SYSTEMPATH\Database\BaseBuilder.php(1916): CodeIgniter\Database\BaseConnection->query('INSERT INTO `tb_user` (`u_username`, `u_password`, `u_fullname`, `u_role`, `u_referensi`, `u_email`, `u_create_at`, `u_nik`, `u_nama`, `u_tempat_lahir`, `u_tanggal_lahir`, `u_jenis_kelamin`, `u_provinsi`, `u_kota`, `u_kelurahan`, `u_kecamatan`, `u_kodepos`, `u_expired_date`) VALUES (:u_username:, :u_password:, :u_fullname:, :u_role:, :u_referensi:, :u_email:, :u_create_at:, :u_nik:, :u_nama:, :u_tempat_lahir:, :u_tanggal_lahir:, :u_jenis_kelamin:, :u_provinsi:, :u_kota:, :u_kelurahan:, :u_kecamatan:, :u_kodepos:, :u_expired_date:)', [...], false)
 5 SYSTEMPATH\Model.php(279): CodeIgniter\Database\BaseBuilder->insert()
 6 SYSTEMPATH\BaseModel.php(749): CodeIgniter\Model->doInsert([...])
 7 SYSTEMPATH\Model.php(667): CodeIgniter\BaseModel->insert([...], true)
 8 APPPATH\Controllers\AdminControllers.php(553): CodeIgniter\Model->insert([...])
 9 SYSTEMPATH\CodeIgniter.php(927): App\Controllers\AdminControllers->ImportFileExcelUser()
10 SYSTEMPATH\CodeIgniter.php(482): CodeIgniter\CodeIgniter->runController(Object(App\Controllers\AdminControllers))
11 SYSTEMPATH\CodeIgniter.php(351): CodeIgniter\CodeIgniter->handleRequest(null, Object(Config\Cache), false)
12 FCPATH\index.php(67): CodeIgniter\CodeIgniter->run()
13 SYSTEMPATH\Commands\Server\rewrite.php(46): require_once('FCPATH\\index.php')
CRITICAL - 2023-04-07 18:29:12 --> password_hash(): Passing null to parameter #1 ($password) of type string is deprecated
in APPPATH\Controllers\AdminControllers.php on line 535.
 1 [internal function]: CodeIgniter\Debug\Exceptions->errorHandler(8192, 'password_hash(): Passing null to parameter #1 ($password) of type string is deprecated', 'APPPATH\\Controllers\\AdminControllers.php', 535)
 2 APPPATH\Controllers\AdminControllers.php(535): password_hash(null, '2y')
 3 SYSTEMPATH\CodeIgniter.php(927): App\Controllers\AdminControllers->ImportFileExcelUser()
 4 SYSTEMPATH\CodeIgniter.php(482): CodeIgniter\CodeIgniter->runController(Object(App\Controllers\AdminControllers))
 5 SYSTEMPATH\CodeIgniter.php(351): CodeIgniter\CodeIgniter->handleRequest(null, Object(Config\Cache), false)
 6 FCPATH\index.php(67): CodeIgniter\CodeIgniter->run()
 7 SYSTEMPATH\Commands\Server\rewrite.php(46): require_once('FCPATH\\index.php')
CRITICAL - 2023-04-07 18:32:31 --> password_hash(): Passing null to parameter #1 ($password) of type string is deprecated
in APPPATH\Controllers\AdminControllers.php on line 535.
 1 [internal function]: CodeIgniter\Debug\Exceptions->errorHandler(8192, 'password_hash(): Passing null to parameter #1 ($password) of type string is deprecated', 'APPPATH\\Controllers\\AdminControllers.php', 535)
 2 APPPATH\Controllers\AdminControllers.php(535): password_hash(null, '2y')
 3 SYSTEMPATH\CodeIgniter.php(927): App\Controllers\AdminControllers->ImportFileExcelUser()
 4 SYSTEMPATH\CodeIgniter.php(482): CodeIgniter\CodeIgniter->runController(Object(App\Controllers\AdminControllers))
 5 SYSTEMPATH\CodeIgniter.php(351): CodeIgniter\CodeIgniter->handleRequest(null, Object(Config\Cache), false)
 6 FCPATH\index.php(67): CodeIgniter\CodeIgniter->run()
 7 SYSTEMPATH\Commands\Server\rewrite.php(46): require_once('FCPATH\\index.php')
ERROR - 2023-04-07 18:33:32 --> mysqli_sql_exception: Column 'u_username' cannot be null in C:\xampp\htdocs\ProjectPaketFinally\system\Database\MySQLi\Connection.php:292
Stack trace:
#0 C:\xampp\htdocs\ProjectPaketFinally\system\Database\MySQLi\Connection.php(292): mysqli->query('INSERT INTO `tb...', 0)
#1 C:\xampp\htdocs\ProjectPaketFinally\system\Database\BaseConnection.php(666): CodeIgniter\Database\MySQLi\Connection->execute('INSERT INTO `tb...')
#2 C:\xampp\htdocs\ProjectPaketFinally\system\Database\BaseConnection.php(593): CodeIgniter\Database\BaseConnection->simpleQuery('INSERT INTO `tb...')
#3 C:\xampp\htdocs\ProjectPaketFinally\system\Database\BaseBuilder.php(1916): CodeIgniter\Database\BaseConnection->query('INSERT INTO `tb...', Array, false)
#4 C:\xampp\htdocs\ProjectPaketFinally\system\Model.php(279): CodeIgniter\Database\BaseBuilder->insert()
#5 C:\xampp\htdocs\ProjectPaketFinally\system\BaseModel.php(749): CodeIgniter\Model->doInsert(Array)
#6 C:\xampp\htdocs\ProjectPaketFinally\system\Model.php(667): CodeIgniter\BaseModel->insert(Array, true)
#7 C:\xampp\htdocs\ProjectPaketFinally\app\Controllers\AdminControllers.php(553): CodeIgniter\Model->insert(Array)
#8 C:\xampp\htdocs\ProjectPaketFinally\system\CodeIgniter.php(927): App\Controllers\AdminControllers->ImportFileExcelUser()
#9 C:\xampp\htdocs\ProjectPaketFinally\system\CodeIgniter.php(482): CodeIgniter\CodeIgniter->runController(Object(App\Controllers\AdminControllers))
#10 C:\xampp\htdocs\ProjectPaketFinally\system\CodeIgniter.php(351): CodeIgniter\CodeIgniter->handleRequest(NULL, Object(Config\Cache), false)
#11 C:\xampp\htdocs\ProjectPaketFinally\public\index.php(67): CodeIgniter\CodeIgniter->run()
#12 C:\xampp\htdocs\ProjectPaketFinally\system\Commands\Server\rewrite.php(46): require_once('C:\\xampp\\htdocs...')
#13 {main}
CRITICAL - 2023-04-07 18:33:32 --> Column 'u_username' cannot be null
in SYSTEMPATH\Database\MySQLi\Connection.php on line 292.
 1 SYSTEMPATH\Database\MySQLi\Connection.php(292): mysqli->query('INSERT INTO `tb_user` (`u_username`, `u_password`, `u_fullname`, `u_role`, `u_referensi`, `u_email`, `u_create_at`, `u_nik`, `u_nama`, `u_tempat_lahir`, `u_tanggal_lahir`, `u_jenis_kelamin`, `u_provinsi`, `u_kota`, `u_kelurahan`, `u_kecamatan`, `u_kodepos`, `u_expired_date`) VALUES (NULL, \'$2y$10$CBy.6j3DVnnQWJxO.jNRJO2qSu6A08b9JzXl9UfiJPnydJflyc9Ge\', \'\', NULL, \'1\', NULL, NULL, NULL, \'\', NULL, NULL, NULL, NULL, NULL, NULL, NULL, NULL, \'2023-04-07 18:33:32\')', 0)
 2 SYSTEMPATH\Database\BaseConnection.php(666): CodeIgniter\Database\MySQLi\Connection->execute('INSERT INTO `tb_user` (`u_username`, `u_password`, `u_fullname`, `u_role`, `u_referensi`, `u_email`, `u_create_at`, `u_nik`, `u_nama`, `u_tempat_lahir`, `u_tanggal_lahir`, `u_jenis_kelamin`, `u_provinsi`, `u_kota`, `u_kelurahan`, `u_kecamatan`, `u_kodepos`, `u_expired_date`) VALUES (NULL, \'$2y$10$CBy.6j3DVnnQWJxO.jNRJO2qSu6A08b9JzXl9UfiJPnydJflyc9Ge\', \'\', NULL, \'1\', NULL, NULL, NULL, \'\', NULL, NULL, NULL, NULL, NULL, NULL, NULL, NULL, \'2023-04-07 18:33:32\')')
 3 SYSTEMPATH\Database\BaseConnection.php(593): CodeIgniter\Database\BaseConnection->simpleQuery('INSERT INTO `tb_user` (`u_username`, `u_password`, `u_fullname`, `u_role`, `u_referensi`, `u_email`, `u_create_at`, `u_nik`, `u_nama`, `u_tempat_lahir`, `u_tanggal_lahir`, `u_jenis_kelamin`, `u_provinsi`, `u_kota`, `u_kelurahan`, `u_kecamatan`, `u_kodepos`, `u_expired_date`) VALUES (NULL, \'$2y$10$CBy.6j3DVnnQWJxO.jNRJO2qSu6A08b9JzXl9UfiJPnydJflyc9Ge\', \'\', NULL, \'1\', NULL, NULL, NULL, \'\', NULL, NULL, NULL, NULL, NULL, NULL, NULL, NULL, \'2023-04-07 18:33:32\')')
 4 SYSTEMPATH\Database\BaseBuilder.php(1916): CodeIgniter\Database\BaseConnection->query('INSERT INTO `tb_user` (`u_username`, `u_password`, `u_fullname`, `u_role`, `u_referensi`, `u_email`, `u_create_at`, `u_nik`, `u_nama`, `u_tempat_lahir`, `u_tanggal_lahir`, `u_jenis_kelamin`, `u_provinsi`, `u_kota`, `u_kelurahan`, `u_kecamatan`, `u_kodepos`, `u_expired_date`) VALUES (:u_username:, :u_password:, :u_fullname:, :u_role:, :u_referensi:, :u_email:, :u_create_at:, :u_nik:, :u_nama:, :u_tempat_lahir:, :u_tanggal_lahir:, :u_jenis_kelamin:, :u_provinsi:, :u_kota:, :u_kelurahan:, :u_kecamatan:, :u_kodepos:, :u_expired_date:)', [...], false)
 5 SYSTEMPATH\Model.php(279): CodeIgniter\Database\BaseBuilder->insert()
 6 SYSTEMPATH\BaseModel.php(749): CodeIgniter\Model->doInsert([...])
 7 SYSTEMPATH\Model.php(667): CodeIgniter\BaseModel->insert([...], true)
 8 APPPATH\Controllers\AdminControllers.php(553): CodeIgniter\Model->insert([...])
 9 SYSTEMPATH\CodeIgniter.php(927): App\Controllers\AdminControllers->ImportFileExcelUser()
10 SYSTEMPATH\CodeIgniter.php(482): CodeIgniter\CodeIgniter->runController(Object(App\Controllers\AdminControllers))
11 SYSTEMPATH\CodeIgniter.php(351): CodeIgniter\CodeIgniter->handleRequest(null, Object(Config\Cache), false)
12 FCPATH\index.php(67): CodeIgniter\CodeIgniter->run()
13 SYSTEMPATH\Commands\Server\rewrite.php(46): require_once('FCPATH\\index.php')
ERROR - 2023-04-07 18:34:10 --> mysqli_sql_exception: Column 'u_role' cannot be null in C:\xampp\htdocs\ProjectPaketFinally\system\Database\MySQLi\Connection.php:292
Stack trace:
#0 C:\xampp\htdocs\ProjectPaketFinally\system\Database\MySQLi\Connection.php(292): mysqli->query('INSERT INTO `tb...', 0)
#1 C:\xampp\htdocs\ProjectPaketFinally\system\Database\BaseConnection.php(666): CodeIgniter\Database\MySQLi\Connection->execute('INSERT INTO `tb...')
#2 C:\xampp\htdocs\ProjectPaketFinally\system\Database\BaseConnection.php(593): CodeIgniter\Database\BaseConnection->simpleQuery('INSERT INTO `tb...')
#3 C:\xampp\htdocs\ProjectPaketFinally\system\Database\BaseBuilder.php(1916): CodeIgniter\Database\BaseConnection->query('INSERT INTO `tb...', Array, false)
#4 C:\xampp\htdocs\ProjectPaketFinally\system\Model.php(279): CodeIgniter\Database\BaseBuilder->insert()
#5 C:\xampp\htdocs\ProjectPaketFinally\system\BaseModel.php(749): CodeIgniter\Model->doInsert(Array)
#6 C:\xampp\htdocs\ProjectPaketFinally\system\Model.php(667): CodeIgniter\BaseModel->insert(Array, true)
#7 C:\xampp\htdocs\ProjectPaketFinally\app\Controllers\AdminControllers.php(553): CodeIgniter\Model->insert(Array)
#8 C:\xampp\htdocs\ProjectPaketFinally\system\CodeIgniter.php(927): App\Controllers\AdminControllers->ImportFileExcelUser()
#9 C:\xampp\htdocs\ProjectPaketFinally\system\CodeIgniter.php(482): CodeIgniter\CodeIgniter->runController(Object(App\Controllers\AdminControllers))
#10 C:\xampp\htdocs\ProjectPaketFinally\system\CodeIgniter.php(351): CodeIgniter\CodeIgniter->handleRequest(NULL, Object(Config\Cache), false)
#11 C:\xampp\htdocs\ProjectPaketFinally\public\index.php(67): CodeIgniter\CodeIgniter->run()
#12 C:\xampp\htdocs\ProjectPaketFinally\system\Commands\Server\rewrite.php(46): require_once('C:\\xampp\\htdocs...')
#13 {main}
CRITICAL - 2023-04-07 18:34:10 --> Column 'u_role' cannot be null
in SYSTEMPATH\Database\MySQLi\Connection.php on line 292.
 1 SYSTEMPATH\Database\MySQLi\Connection.php(292): mysqli->query('INSERT INTO `tb_user` (`u_username`, `u_password`, `u_fullname`, `u_role`, `u_referensi`, `u_email`, `u_create_at`, `u_nik`, `u_nama`, `u_tempat_lahir`, `u_tanggal_lahir`, `u_jenis_kelamin`, `u_provinsi`, `u_kota`, `u_kelurahan`, `u_kecamatan`, `u_kodepos`, `u_expired_date`) VALUES (\'\', \'$2y$10$wqxTsWSSxrYP93Ryy7C4xu1XjQzLLWcs9Xy7.1RMENroXVbyg/ps6\', \'\', NULL, \'1\', NULL, NULL, NULL, \'\', NULL, NULL, NULL, NULL, NULL, NULL, NULL, NULL, \'2023-04-07 18:34:10\')', 0)
 2 SYSTEMPATH\Database\BaseConnection.php(666): CodeIgniter\Database\MySQLi\Connection->execute('INSERT INTO `tb_user` (`u_username`, `u_password`, `u_fullname`, `u_role`, `u_referensi`, `u_email`, `u_create_at`, `u_nik`, `u_nama`, `u_tempat_lahir`, `u_tanggal_lahir`, `u_jenis_kelamin`, `u_provinsi`, `u_kota`, `u_kelurahan`, `u_kecamatan`, `u_kodepos`, `u_expired_date`) VALUES (\'\', \'$2y$10$wqxTsWSSxrYP93Ryy7C4xu1XjQzLLWcs9Xy7.1RMENroXVbyg/ps6\', \'\', NULL, \'1\', NULL, NULL, NULL, \'\', NULL, NULL, NULL, NULL, NULL, NULL, NULL, NULL, \'2023-04-07 18:34:10\')')
 3 SYSTEMPATH\Database\BaseConnection.php(593): CodeIgniter\Database\BaseConnection->simpleQuery('INSERT INTO `tb_user` (`u_username`, `u_password`, `u_fullname`, `u_role`, `u_referensi`, `u_email`, `u_create_at`, `u_nik`, `u_nama`, `u_tempat_lahir`, `u_tanggal_lahir`, `u_jenis_kelamin`, `u_provinsi`, `u_kota`, `u_kelurahan`, `u_kecamatan`, `u_kodepos`, `u_expired_date`) VALUES (\'\', \'$2y$10$wqxTsWSSxrYP93Ryy7C4xu1XjQzLLWcs9Xy7.1RMENroXVbyg/ps6\', \'\', NULL, \'1\', NULL, NULL, NULL, \'\', NULL, NULL, NULL, NULL, NULL, NULL, NULL, NULL, \'2023-04-07 18:34:10\')')
 4 SYSTEMPATH\Database\BaseBuilder.php(1916): CodeIgniter\Database\BaseConnection->query('INSERT INTO `tb_user` (`u_username`, `u_password`, `u_fullname`, `u_role`, `u_referensi`, `u_email`, `u_create_at`, `u_nik`, `u_nama`, `u_tempat_lahir`, `u_tanggal_lahir`, `u_jenis_kelamin`, `u_provinsi`, `u_kota`, `u_kelurahan`, `u_kecamatan`, `u_kodepos`, `u_expired_date`) VALUES (:u_username:, :u_password:, :u_fullname:, :u_role:, :u_referensi:, :u_email:, :u_create_at:, :u_nik:, :u_nama:, :u_tempat_lahir:, :u_tanggal_lahir:, :u_jenis_kelamin:, :u_provinsi:, :u_kota:, :u_kelurahan:, :u_kecamatan:, :u_kodepos:, :u_expired_date:)', [...], false)
 5 SYSTEMPATH\Model.php(279): CodeIgniter\Database\BaseBuilder->insert()
 6 SYSTEMPATH\BaseModel.php(749): CodeIgniter\Model->doInsert([...])
 7 SYSTEMPATH\Model.php(667): CodeIgniter\BaseModel->insert([...], true)
 8 APPPATH\Controllers\AdminControllers.php(553): CodeIgniter\Model->insert([...])
 9 SYSTEMPATH\CodeIgniter.php(927): App\Controllers\AdminControllers->ImportFileExcelUser()
10 SYSTEMPATH\CodeIgniter.php(482): CodeIgniter\CodeIgniter->runController(Object(App\Controllers\AdminControllers))
11 SYSTEMPATH\CodeIgniter.php(351): CodeIgniter\CodeIgniter->handleRequest(null, Object(Config\Cache), false)
12 FCPATH\index.php(67): CodeIgniter\CodeIgniter->run()
13 SYSTEMPATH\Commands\Server\rewrite.php(46): require_once('FCPATH\\index.php')
CRITICAL - 2023-04-07 20:43:22 --> Undefined array key "u_provinsi"
in APPPATH\Controllers\AdminControllers.php on line 619.
 1 APPPATH\Controllers\AdminControllers.php(619): CodeIgniter\Debug\Exceptions->errorHandler(2, 'Undefined array key "u_provinsi"', 'APPPATH\\Controllers\\AdminControllers.php', 619)
 2 SYSTEMPATH\CodeIgniter.php(927): App\Controllers\AdminControllers->ExportDataExcelUser()
 3 SYSTEMPATH\CodeIgniter.php(482): CodeIgniter\CodeIgniter->runController(Object(App\Controllers\AdminControllers))
 4 SYSTEMPATH\CodeIgniter.php(351): CodeIgniter\CodeIgniter->handleRequest(null, Object(Config\Cache), false)
 5 FCPATH\index.php(67): CodeIgniter\CodeIgniter->run()
 6 SYSTEMPATH\Commands\Server\rewrite.php(46): require_once('FCPATH\\index.php')
CRITICAL - 2023-04-07 20:45:21 --> Undefined array key "u_provinsi"
in APPPATH\Controllers\AdminControllers.php on line 619.
 1 APPPATH\Controllers\AdminControllers.php(619): CodeIgniter\Debug\Exceptions->errorHandler(2, 'Undefined array key "u_provinsi"', 'APPPATH\\Controllers\\AdminControllers.php', 619)
 2 SYSTEMPATH\CodeIgniter.php(927): App\Controllers\AdminControllers->ExportDataExcelUser()
 3 SYSTEMPATH\CodeIgniter.php(482): CodeIgniter\CodeIgniter->runController(Object(App\Controllers\AdminControllers))
 4 SYSTEMPATH\CodeIgniter.php(351): CodeIgniter\CodeIgniter->handleRequest(null, Object(Config\Cache), false)
 5 FCPATH\index.php(67): CodeIgniter\CodeIgniter->run()
 6 SYSTEMPATH\Commands\Server\rewrite.php(46): require_once('FCPATH\\index.php')
CRITICAL - 2023-04-07 20:45:52 --> Undefined array key "u_provinsi"
in APPPATH\Controllers\AdminControllers.php on line 619.
 1 APPPATH\Controllers\AdminControllers.php(619): CodeIgniter\Debug\Exceptions->errorHandler(2, 'Undefined array key "u_provinsi"', 'APPPATH\\Controllers\\AdminControllers.php', 619)
 2 SYSTEMPATH\CodeIgniter.php(927): App\Controllers\AdminControllers->ExportDataExcelUser()
 3 SYSTEMPATH\CodeIgniter.php(482): CodeIgniter\CodeIgniter->runController(Object(App\Controllers\AdminControllers))
 4 SYSTEMPATH\CodeIgniter.php(351): CodeIgniter\CodeIgniter->handleRequest(null, Object(Config\Cache), false)
 5 FCPATH\index.php(67): CodeIgniter\CodeIgniter->run()
 6 SYSTEMPATH\Commands\Server\rewrite.php(46): require_once('FCPATH\\index.php')
CRITICAL - 2023-04-07 20:48:13 --> Undefined array key "u_provinsi"
in APPPATH\Controllers\AdminControllers.php on line 619.
 1 APPPATH\Controllers\AdminControllers.php(619): CodeIgniter\Debug\Exceptions->errorHandler(2, 'Undefined array key "u_provinsi"', 'APPPATH\\Controllers\\AdminControllers.php', 619)
 2 SYSTEMPATH\CodeIgniter.php(927): App\Controllers\AdminControllers->ExportDataExcelUser()
 3 SYSTEMPATH\CodeIgniter.php(482): CodeIgniter\CodeIgniter->runController(Object(App\Controllers\AdminControllers))
 4 SYSTEMPATH\CodeIgniter.php(351): CodeIgniter\CodeIgniter->handleRequest(null, Object(Config\Cache), false)
 5 FCPATH\index.php(67): CodeIgniter\CodeIgniter->run()
 6 SYSTEMPATH\Commands\Server\rewrite.php(46): require_once('FCPATH\\index.php')
CRITICAL - 2023-04-07 20:48:18 --> Undefined array key "u_provinsi"
in APPPATH\Controllers\AdminControllers.php on line 619.
 1 APPPATH\Controllers\AdminControllers.php(619): CodeIgniter\Debug\Exceptions->errorHandler(2, 'Undefined array key "u_provinsi"', 'APPPATH\\Controllers\\AdminControllers.php', 619)
 2 SYSTEMPATH\CodeIgniter.php(927): App\Controllers\AdminControllers->ExportDataExcelUser()
 3 SYSTEMPATH\CodeIgniter.php(482): CodeIgniter\CodeIgniter->runController(Object(App\Controllers\AdminControllers))
 4 SYSTEMPATH\CodeIgniter.php(351): CodeIgniter\CodeIgniter->handleRequest(null, Object(Config\Cache), false)
 5 FCPATH\index.php(67): CodeIgniter\CodeIgniter->run()
 6 SYSTEMPATH\Commands\Server\rewrite.php(46): require_once('FCPATH\\index.php')
CRITICAL - 2023-04-07 20:48:58 --> Undefined array key "u_provinsi"
in APPPATH\Controllers\AdminControllers.php on line 619.
 1 APPPATH\Controllers\AdminControllers.php(619): CodeIgniter\Debug\Exceptions->errorHandler(2, 'Undefined array key "u_provinsi"', 'APPPATH\\Controllers\\AdminControllers.php', 619)
 2 SYSTEMPATH\CodeIgniter.php(927): App\Controllers\AdminControllers->ExportDataExcelUser()
 3 SYSTEMPATH\CodeIgniter.php(482): CodeIgniter\CodeIgniter->runController(Object(App\Controllers\AdminControllers))
 4 SYSTEMPATH\CodeIgniter.php(351): CodeIgniter\CodeIgniter->handleRequest(null, Object(Config\Cache), false)
 5 FCPATH\index.php(67): CodeIgniter\CodeIgniter->run()
 6 SYSTEMPATH\Commands\Server\rewrite.php(46): require_once('FCPATH\\index.php')
CRITICAL - 2023-04-07 20:49:07 --> Undefined array key "u_provinsi"
in APPPATH\Controllers\AdminControllers.php on line 619.
 1 APPPATH\Controllers\AdminControllers.php(619): CodeIgniter\Debug\Exceptions->errorHandler(2, 'Undefined array key "u_provinsi"', 'APPPATH\\Controllers\\AdminControllers.php', 619)
 2 SYSTEMPATH\CodeIgniter.php(927): App\Controllers\AdminControllers->ExportDataExcelUser()
 3 SYSTEMPATH\CodeIgniter.php(482): CodeIgniter\CodeIgniter->runController(Object(App\Controllers\AdminControllers))
 4 SYSTEMPATH\CodeIgniter.php(351): CodeIgniter\CodeIgniter->handleRequest(null, Object(Config\Cache), false)
 5 FCPATH\index.php(67): CodeIgniter\CodeIgniter->run()
 6 SYSTEMPATH\Commands\Server\rewrite.php(46): require_once('FCPATH\\index.php')
CRITICAL - 2023-04-07 21:03:17 --> Undefined variable $u_id
in APPPATH\Controllers\AdminControllers.php on line 561.
 1 APPPATH\Controllers\AdminControllers.php(561): CodeIgniter\Debug\Exceptions->errorHandler(2, 'Undefined variable $u_id', 'APPPATH\\Controllers\\AdminControllers.php', 561)
 2 SYSTEMPATH\CodeIgniter.php(927): App\Controllers\AdminControllers->ImportFileExcelUser()
 3 SYSTEMPATH\CodeIgniter.php(482): CodeIgniter\CodeIgniter->runController(Object(App\Controllers\AdminControllers))
 4 SYSTEMPATH\CodeIgniter.php(351): CodeIgniter\CodeIgniter->handleRequest(null, Object(Config\Cache), false)
 5 FCPATH\index.php(67): CodeIgniter\CodeIgniter->run()
 6 SYSTEMPATH\Commands\Server\rewrite.php(46): require_once('FCPATH\\index.php')
CRITICAL - 2023-04-07 21:05:13 --> Undefined variable $id_provinsi
in APPPATH\Controllers\AdminControllers.php on line 569.
 1 APPPATH\Controllers\AdminControllers.php(569): CodeIgniter\Debug\Exceptions->errorHandler(2, 'Undefined variable $id_provinsi', 'APPPATH\\Controllers\\AdminControllers.php', 569)
 2 SYSTEMPATH\CodeIgniter.php(927): App\Controllers\AdminControllers->ImportFileExcelUser()
 3 SYSTEMPATH\CodeIgniter.php(482): CodeIgniter\CodeIgniter->runController(Object(App\Controllers\AdminControllers))
 4 SYSTEMPATH\CodeIgniter.php(351): CodeIgniter\CodeIgniter->handleRequest(null, Object(Config\Cache), false)
 5 FCPATH\index.php(67): CodeIgniter\CodeIgniter->run()
 6 SYSTEMPATH\Commands\Server\rewrite.php(46): require_once('FCPATH\\index.php')
CRITICAL - 2023-04-07 23:06:59 --> Undefined variable $id_provinsi
in APPPATH\Controllers\AdminControllers.php on line 569.
 1 APPPATH\Controllers\AdminControllers.php(569): CodeIgniter\Debug\Exceptions->errorHandler(2, 'Undefined variable $id_provinsi', 'APPPATH\\Controllers\\AdminControllers.php', 569)
 2 SYSTEMPATH\CodeIgniter.php(927): App\Controllers\AdminControllers->ImportFileExcelUser()
 3 SYSTEMPATH\CodeIgniter.php(482): CodeIgniter\CodeIgniter->runController(Object(App\Controllers\AdminControllers))
 4 SYSTEMPATH\CodeIgniter.php(351): CodeIgniter\CodeIgniter->handleRequest(null, Object(Config\Cache), false)
 5 FCPATH\index.php(67): CodeIgniter\CodeIgniter->run()
 6 SYSTEMPATH\Commands\Server\rewrite.php(46): require_once('FCPATH\\index.php')
