CRITICAL - 2023-05-29 12:28:01 --> Undefined variable $User
in APPPATH\Views\superadmin\layout\menu.php on line 5.
 1 APPPATH\Views\superadmin\layout\menu.php(5): CodeIgniter\Debug\Exceptions->errorHandler(2, 'Undefined variable $User', 'APPPATH\\Views\\superadmin\\layout\\menu.php', 5)
 2 SYSTEMPATH\View\View.php(213): include('APPPATH\\Views\\superadmin\\layout\\menu.php')
 3 SYSTEMPATH\View\View.php(216): CodeIgniter\View\View->CodeIgniter\View\{closure}()
 4 SYSTEMPATH\View\View.php(431): CodeIgniter\View\View->render('superadmin/layout/menu', null, true)
 5 APPPATH\Views\superadmin\layout\default.php(248): CodeIgniter\View\View->include('superadmin/layout/menu')
 6 SYSTEMPATH\View\View.php(213): include('APPPATH\\Views\\superadmin\\layout\\default.php')
 7 SYSTEMPATH\View\View.php(216): CodeIgniter\View\View->CodeIgniter\View\{closure}()
 8 SYSTEMPATH\View\View.php(229): CodeIgniter\View\View->render('superadmin/layout/default', [], true)
 9 SYSTEMPATH\Common.php(1134): CodeIgniter\View\View->render('superadmin/Event/viewevent', [], true)
10 APPPATH\Controllers\AdminControllers.php(131): view('superadmin/Event/viewevent', [...])
11 SYSTEMPATH\CodeIgniter.php(927): App\Controllers\AdminControllers->viewevent()
12 SYSTEMPATH\CodeIgniter.php(482): CodeIgniter\CodeIgniter->runController(Object(App\Controllers\AdminControllers))
13 SYSTEMPATH\CodeIgniter.php(351): CodeIgniter\CodeIgniter->handleRequest(null, Object(Config\Cache), false)
14 FCPATH\index.php(67): CodeIgniter\CodeIgniter->run()
15 SYSTEMPATH\Commands\Server\rewrite.php(46): require_once('FCPATH\\index.php')
CRITICAL - 2023-05-29 12:29:13 --> Undefined variable $User
in APPPATH\Views\superadmin\layout\menu.php on line 5.
 1 APPPATH\Views\superadmin\layout\menu.php(5): CodeIgniter\Debug\Exceptions->errorHandler(2, 'Undefined variable $User', 'APPPATH\\Views\\superadmin\\layout\\menu.php', 5)
 2 SYSTEMPATH\View\View.php(213): include('APPPATH\\Views\\superadmin\\layout\\menu.php')
 3 SYSTEMPATH\View\View.php(216): CodeIgniter\View\View->CodeIgniter\View\{closure}()
 4 SYSTEMPATH\View\View.php(431): CodeIgniter\View\View->render('superadmin/layout/menu', null, true)
 5 APPPATH\Views\superadmin\layout\default.php(248): CodeIgniter\View\View->include('superadmin/layout/menu')
 6 SYSTEMPATH\View\View.php(213): include('APPPATH\\Views\\superadmin\\layout\\default.php')
 7 SYSTEMPATH\View\View.php(216): CodeIgniter\View\View->CodeIgniter\View\{closure}()
 8 SYSTEMPATH\View\View.php(229): CodeIgniter\View\View->render('superadmin/layout/default', [], true)
 9 SYSTEMPATH\Common.php(1134): CodeIgniter\View\View->render('superadmin/Event/viewevent', [], true)
10 APPPATH\Controllers\AdminControllers.php(131): view('superadmin/Event/viewevent', [...])
11 SYSTEMPATH\CodeIgniter.php(927): App\Controllers\AdminControllers->viewevent()
12 SYSTEMPATH\CodeIgniter.php(482): CodeIgniter\CodeIgniter->runController(Object(App\Controllers\AdminControllers))
13 SYSTEMPATH\CodeIgniter.php(351): CodeIgniter\CodeIgniter->handleRequest(null, Object(Config\Cache), false)
14 FCPATH\index.php(67): CodeIgniter\CodeIgniter->run()
15 SYSTEMPATH\Commands\Server\rewrite.php(46): require_once('FCPATH\\index.php')
CRITICAL - 2023-05-29 13:13:40 --> Invalid file: superadmin/Event/morelkok.php
in SYSTEMPATH\Exceptions\FrameworkException.php on line 33.
 1 SYSTEMPATH\View\View.php(201): CodeIgniter\Exceptions\FrameworkException::forInvalidFile('superadmin/Event/morelkok.php')
 2 SYSTEMPATH\Common.php(1134): CodeIgniter\View\View->render('superadmin/Event/morelkok', [], true)
 3 APPPATH\Controllers\SuperAdminControllers.php(305): view('superadmin/Event/morelkok', [...])
 4 SYSTEMPATH\CodeIgniter.php(927): App\Controllers\SuperAdminControllers->morelkok()
 5 SYSTEMPATH\CodeIgniter.php(482): CodeIgniter\CodeIgniter->runController(Object(App\Controllers\SuperAdminControllers))
 6 SYSTEMPATH\CodeIgniter.php(351): CodeIgniter\CodeIgniter->handleRequest(null, Object(Config\Cache), false)
 7 FCPATH\index.php(67): CodeIgniter\CodeIgniter->run()
 8 SYSTEMPATH\Commands\Server\rewrite.php(46): require_once('FCPATH\\index.php')
CRITICAL - 2023-05-29 13:14:08 --> Invalid file: superadmin/DataLKOK/morelkok.php
in SYSTEMPATH\Exceptions\FrameworkException.php on line 33.
 1 SYSTEMPATH\View\View.php(201): CodeIgniter\Exceptions\FrameworkException::forInvalidFile('superadmin/DataLKOK/morelkok.php')
 2 SYSTEMPATH\Common.php(1134): CodeIgniter\View\View->render('superadmin/DataLKOK/morelkok', [], true)
 3 APPPATH\Controllers\SuperAdminControllers.php(305): view('superadmin/DataLKOK/morelkok', [...])
 4 SYSTEMPATH\CodeIgniter.php(927): App\Controllers\SuperAdminControllers->morelkok()
 5 SYSTEMPATH\CodeIgniter.php(482): CodeIgniter\CodeIgniter->runController(Object(App\Controllers\SuperAdminControllers))
 6 SYSTEMPATH\CodeIgniter.php(351): CodeIgniter\CodeIgniter->handleRequest(null, Object(Config\Cache), false)
 7 FCPATH\index.php(67): CodeIgniter\CodeIgniter->run()
 8 SYSTEMPATH\Commands\Server\rewrite.php(46): require_once('FCPATH\\index.php')
CRITICAL - 2023-05-29 15:46:44 --> Undefined variable $LKOK
in APPPATH\Views\admin\layout\menu.php on line 8.
 1 APPPATH\Views\admin\layout\menu.php(8): CodeIgniter\Debug\Exceptions->errorHandler(2, 'Undefined variable $LKOK', 'APPPATH\\Views\\admin\\layout\\menu.php', 8)
 2 SYSTEMPATH\View\View.php(213): include('APPPATH\\Views\\admin\\layout\\menu.php')
 3 SYSTEMPATH\View\View.php(216): CodeIgniter\View\View->CodeIgniter\View\{closure}()
 4 SYSTEMPATH\View\View.php(431): CodeIgniter\View\View->render('admin/layout/menu', null, true)
 5 APPPATH\Views\admin\layout\default.php(192): CodeIgniter\View\View->include('admin/layout/menu')
 6 SYSTEMPATH\View\View.php(213): include('APPPATH\\Views\\admin\\layout\\default.php')
 7 SYSTEMPATH\View\View.php(216): CodeIgniter\View\View->CodeIgniter\View\{closure}()
 8 SYSTEMPATH\View\View.php(229): CodeIgniter\View\View->render('admin/layout/default', [], true)
 9 SYSTEMPATH\Common.php(1134): CodeIgniter\View\View->render('admin/dashboard', [], true)
10 APPPATH\Controllers\AdminControllers.php(48): view('admin/dashboard', [...])
11 SYSTEMPATH\CodeIgniter.php(927): App\Controllers\AdminControllers->dashboard()
12 SYSTEMPATH\CodeIgniter.php(482): CodeIgniter\CodeIgniter->runController(Object(App\Controllers\AdminControllers))
13 SYSTEMPATH\CodeIgniter.php(351): CodeIgniter\CodeIgniter->handleRequest(null, Object(Config\Cache), false)
14 FCPATH\index.php(67): CodeIgniter\CodeIgniter->run()
15 SYSTEMPATH\Commands\Server\rewrite.php(46): require_once('FCPATH\\index.php')
CRITICAL - 2023-05-29 15:48:15 --> Undefined variable $DataanggotaLKOK
in APPPATH\Views\admin\layout\menu.php on line 5.
 1 APPPATH\Views\admin\layout\menu.php(5): CodeIgniter\Debug\Exceptions->errorHandler(2, 'Undefined variable $DataanggotaLKOK', 'APPPATH\\Views\\admin\\layout\\menu.php', 5)
 2 SYSTEMPATH\View\View.php(213): include('APPPATH\\Views\\admin\\layout\\menu.php')
 3 SYSTEMPATH\View\View.php(216): CodeIgniter\View\View->CodeIgniter\View\{closure}()
 4 SYSTEMPATH\View\View.php(431): CodeIgniter\View\View->render('admin/layout/menu', null, true)
 5 APPPATH\Views\admin\layout\default.php(192): CodeIgniter\View\View->include('admin/layout/menu')
 6 SYSTEMPATH\View\View.php(213): include('APPPATH\\Views\\admin\\layout\\default.php')
 7 SYSTEMPATH\View\View.php(216): CodeIgniter\View\View->CodeIgniter\View\{closure}()
 8 SYSTEMPATH\View\View.php(229): CodeIgniter\View\View->render('admin/layout/default', [], true)
 9 SYSTEMPATH\Common.php(1134): CodeIgniter\View\View->render('admin/dashboard', [], true)
10 APPPATH\Controllers\AdminControllers.php(50): view('admin/dashboard', [...])
11 SYSTEMPATH\CodeIgniter.php(927): App\Controllers\AdminControllers->dashboard()
12 SYSTEMPATH\CodeIgniter.php(482): CodeIgniter\CodeIgniter->runController(Object(App\Controllers\AdminControllers))
13 SYSTEMPATH\CodeIgniter.php(351): CodeIgniter\CodeIgniter->handleRequest(null, Object(Config\Cache), false)
14 FCPATH\index.php(67): CodeIgniter\CodeIgniter->run()
15 SYSTEMPATH\Commands\Server\rewrite.php(46): require_once('FCPATH\\index.php')
CRITICAL - 2023-05-29 15:49:09 --> Undefined variable $DataanggotaLKOK
in APPPATH\Views\admin\layout\menu.php on line 5.
 1 APPPATH\Views\admin\layout\menu.php(5): CodeIgniter\Debug\Exceptions->errorHandler(2, 'Undefined variable $DataanggotaLKOK', 'APPPATH\\Views\\admin\\layout\\menu.php', 5)
 2 SYSTEMPATH\View\View.php(213): include('APPPATH\\Views\\admin\\layout\\menu.php')
 3 SYSTEMPATH\View\View.php(216): CodeIgniter\View\View->CodeIgniter\View\{closure}()
 4 SYSTEMPATH\View\View.php(431): CodeIgniter\View\View->render('admin/layout/menu', null, true)
 5 APPPATH\Views\admin\layout\default.php(192): CodeIgniter\View\View->include('admin/layout/menu')
 6 SYSTEMPATH\View\View.php(213): include('APPPATH\\Views\\admin\\layout\\default.php')
 7 SYSTEMPATH\View\View.php(216): CodeIgniter\View\View->CodeIgniter\View\{closure}()
 8 SYSTEMPATH\View\View.php(229): CodeIgniter\View\View->render('admin/layout/default', [], true)
 9 SYSTEMPATH\Common.php(1134): CodeIgniter\View\View->render('admin/dashboard', [], true)
10 APPPATH\Controllers\AdminControllers.php(50): view('admin/dashboard', [...])
11 SYSTEMPATH\CodeIgniter.php(927): App\Controllers\AdminControllers->dashboard()
12 SYSTEMPATH\CodeIgniter.php(482): CodeIgniter\CodeIgniter->runController(Object(App\Controllers\AdminControllers))
13 SYSTEMPATH\CodeIgniter.php(351): CodeIgniter\CodeIgniter->handleRequest(null, Object(Config\Cache), false)
14 FCPATH\index.php(67): CodeIgniter\CodeIgniter->run()
15 SYSTEMPATH\Commands\Server\rewrite.php(46): require_once('FCPATH\\index.php')
CRITICAL - 2023-05-29 15:50:40 --> Undefined variable $DataAnggotaLKOK
in APPPATH\Views\admin\layout\menu.php on line 9.
 1 APPPATH\Views\admin\layout\menu.php(9): CodeIgniter\Debug\Exceptions->errorHandler(2, 'Undefined variable $DataAnggotaLKOK', 'APPPATH\\Views\\admin\\layout\\menu.php', 9)
 2 SYSTEMPATH\View\View.php(213): include('APPPATH\\Views\\admin\\layout\\menu.php')
 3 SYSTEMPATH\View\View.php(216): CodeIgniter\View\View->CodeIgniter\View\{closure}()
 4 SYSTEMPATH\View\View.php(431): CodeIgniter\View\View->render('admin/layout/menu', null, true)
 5 APPPATH\Views\admin\layout\default.php(192): CodeIgniter\View\View->include('admin/layout/menu')
 6 SYSTEMPATH\View\View.php(213): include('APPPATH\\Views\\admin\\layout\\default.php')
 7 SYSTEMPATH\View\View.php(216): CodeIgniter\View\View->CodeIgniter\View\{closure}()
 8 SYSTEMPATH\View\View.php(229): CodeIgniter\View\View->render('admin/layout/default', [], true)
 9 SYSTEMPATH\Common.php(1134): CodeIgniter\View\View->render('admin/LKOK/DataAnggotaLKOK/dataanggotalkok', [], true)
10 APPPATH\Controllers\AdminControllers.php(66): view('admin/LKOK/DataAnggotaLKOK/dataanggotalkok', [...])
11 SYSTEMPATH\CodeIgniter.php(927): App\Controllers\AdminControllers->listdataanggotaLKOK()
12 SYSTEMPATH\CodeIgniter.php(482): CodeIgniter\CodeIgniter->runController(Object(App\Controllers\AdminControllers))
13 SYSTEMPATH\CodeIgniter.php(351): CodeIgniter\CodeIgniter->handleRequest(null, Object(Config\Cache), false)
14 FCPATH\index.php(67): CodeIgniter\CodeIgniter->run()
15 SYSTEMPATH\Commands\Server\rewrite.php(46): require_once('FCPATH\\index.php')
CRITICAL - 2023-05-29 16:14:12 --> Invalid file: super/layout/default.php
in SYSTEMPATH\Exceptions\FrameworkException.php on line 33.
 1 SYSTEMPATH\View\View.php(201): CodeIgniter\Exceptions\FrameworkException::forInvalidFile('super/layout/default.php')
 2 SYSTEMPATH\View\View.php(229): CodeIgniter\View\View->render('super/layout/default', [], true)
 3 SYSTEMPATH\Common.php(1134): CodeIgniter\View\View->render('admin/LKOK/DataLKOK/datalkok', [], true)
 4 APPPATH\Controllers\AdminControllers.php(64): view('admin/LKOK/DataLKOK/datalkok', [...])
 5 SYSTEMPATH\CodeIgniter.php(927): App\Controllers\AdminControllers->listdataLKOK()
 6 SYSTEMPATH\CodeIgniter.php(482): CodeIgniter\CodeIgniter->runController(Object(App\Controllers\AdminControllers))
 7 SYSTEMPATH\CodeIgniter.php(351): CodeIgniter\CodeIgniter->handleRequest(null, Object(Config\Cache), false)
 8 FCPATH\index.php(67): CodeIgniter\CodeIgniter->run()
 9 SYSTEMPATH\Commands\Server\rewrite.php(46): require_once('FCPATH\\index.php')
CRITICAL - 2023-05-29 16:18:13 --> Undefined variable $DataLKOK
in APPPATH\Views\mahasiswa\layout\menu.php on line 5.
 1 APPPATH\Views\mahasiswa\layout\menu.php(5): CodeIgniter\Debug\Exceptions->errorHandler(2, 'Undefined variable $DataLKOK', 'APPPATH\\Views\\mahasiswa\\layout\\menu.php', 5)
 2 SYSTEMPATH\View\View.php(213): include('APPPATH\\Views\\mahasiswa\\layout\\menu.php')
 3 SYSTEMPATH\View\View.php(216): CodeIgniter\View\View->CodeIgniter\View\{closure}()
 4 SYSTEMPATH\View\View.php(431): CodeIgniter\View\View->render('mahasiswa/layout/menu', null, true)
 5 APPPATH\Views\mahasiswa\layout\default.php(192): CodeIgniter\View\View->include('mahasiswa/layout/menu')
 6 SYSTEMPATH\View\View.php(213): include('APPPATH\\Views\\mahasiswa\\layout\\default.php')
 7 SYSTEMPATH\View\View.php(216): CodeIgniter\View\View->CodeIgniter\View\{closure}()
 8 SYSTEMPATH\View\View.php(229): CodeIgniter\View\View->render('mahasiswa/layout/default', [], true)
 9 SYSTEMPATH\Common.php(1134): CodeIgniter\View\View->render('mahasiswa/Event/dataevent', [], true)
10 APPPATH\Controllers\MahasiswaControllers.php(45): view('mahasiswa/Event/dataevent', [...])
11 SYSTEMPATH\CodeIgniter.php(927): App\Controllers\MahasiswaControllers->listdataevent()
12 SYSTEMPATH\CodeIgniter.php(482): CodeIgniter\CodeIgniter->runController(Object(App\Controllers\MahasiswaControllers))
13 SYSTEMPATH\CodeIgniter.php(351): CodeIgniter\CodeIgniter->handleRequest(null, Object(Config\Cache), false)
14 FCPATH\index.php(67): CodeIgniter\CodeIgniter->run()
15 SYSTEMPATH\Commands\Server\rewrite.php(46): require_once('FCPATH\\index.php')
CRITICAL - 2023-05-29 16:22:01 --> Undefined variable $LKOK
in APPPATH\Views\mahasiswa\layout\menu.php on line 5.
 1 APPPATH\Views\mahasiswa\layout\menu.php(5): CodeIgniter\Debug\Exceptions->errorHandler(2, 'Undefined variable $LKOK', 'APPPATH\\Views\\mahasiswa\\layout\\menu.php', 5)
 2 SYSTEMPATH\View\View.php(213): include('APPPATH\\Views\\mahasiswa\\layout\\menu.php')
 3 SYSTEMPATH\View\View.php(216): CodeIgniter\View\View->CodeIgniter\View\{closure}()
 4 SYSTEMPATH\View\View.php(431): CodeIgniter\View\View->render('mahasiswa/layout/menu', null, true)
 5 APPPATH\Views\mahasiswa\layout\default.php(192): CodeIgniter\View\View->include('mahasiswa/layout/menu')
 6 SYSTEMPATH\View\View.php(213): include('APPPATH\\Views\\mahasiswa\\layout\\default.php')
 7 SYSTEMPATH\View\View.php(216): CodeIgniter\View\View->CodeIgniter\View\{closure}()
 8 SYSTEMPATH\View\View.php(229): CodeIgniter\View\View->render('mahasiswa/layout/default', [], true)
 9 SYSTEMPATH\Common.php(1134): CodeIgniter\View\View->render('mahasiswa/Event/dataevent', [], true)
10 APPPATH\Controllers\MahasiswaControllers.php(73): view('mahasiswa/Event/dataevent', [...])
11 SYSTEMPATH\CodeIgniter.php(927): App\Controllers\MahasiswaControllers->listdataevent()
12 SYSTEMPATH\CodeIgniter.php(482): CodeIgniter\CodeIgniter->runController(Object(App\Controllers\MahasiswaControllers))
13 SYSTEMPATH\CodeIgniter.php(351): CodeIgniter\CodeIgniter->handleRequest(null, Object(Config\Cache), false)
14 FCPATH\index.php(67): CodeIgniter\CodeIgniter->run()
15 SYSTEMPATH\Commands\Server\rewrite.php(46): require_once('FCPATH\\index.php')
CRITICAL - 2023-05-29 16:25:12 --> Undefined variable $DataLKOK
in APPPATH\Views\admin\layout\menu.php on line 8.
 1 APPPATH\Views\admin\layout\menu.php(8): CodeIgniter\Debug\Exceptions->errorHandler(2, 'Undefined variable $DataLKOK', 'APPPATH\\Views\\admin\\layout\\menu.php', 8)
 2 SYSTEMPATH\View\View.php(213): include('APPPATH\\Views\\admin\\layout\\menu.php')
 3 SYSTEMPATH\View\View.php(216): CodeIgniter\View\View->CodeIgniter\View\{closure}()
 4 SYSTEMPATH\View\View.php(431): CodeIgniter\View\View->render('admin/layout/menu', null, true)
 5 APPPATH\Views\admin\layout\default.php(192): CodeIgniter\View\View->include('admin/layout/menu')
 6 SYSTEMPATH\View\View.php(213): include('APPPATH\\Views\\admin\\layout\\default.php')
 7 SYSTEMPATH\View\View.php(216): CodeIgniter\View\View->CodeIgniter\View\{closure}()
 8 SYSTEMPATH\View\View.php(229): CodeIgniter\View\View->render('admin/layout/default', [], true)
 9 SYSTEMPATH\Common.php(1134): CodeIgniter\View\View->render('mahasiswa/LKOK/DataLKOK/datalkok', [], true)
10 APPPATH\Controllers\MahasiswaControllers.php(46): view('mahasiswa/LKOK/DataLKOK/datalkok', [...])
11 SYSTEMPATH\CodeIgniter.php(927): App\Controllers\MahasiswaControllers->listdataLKOK()
12 SYSTEMPATH\CodeIgniter.php(482): CodeIgniter\CodeIgniter->runController(Object(App\Controllers\MahasiswaControllers))
13 SYSTEMPATH\CodeIgniter.php(351): CodeIgniter\CodeIgniter->handleRequest(null, Object(Config\Cache), false)
14 FCPATH\index.php(67): CodeIgniter\CodeIgniter->run()
15 SYSTEMPATH\Commands\Server\rewrite.php(46): require_once('FCPATH\\index.php')
CRITICAL - 2023-05-29 16:25:46 --> Undefined variable $Event
in APPPATH\Views\mahasiswa\layout\menu.php on line 8.
 1 APPPATH\Views\mahasiswa\layout\menu.php(8): CodeIgniter\Debug\Exceptions->errorHandler(2, 'Undefined variable $Event', 'APPPATH\\Views\\mahasiswa\\layout\\menu.php', 8)
 2 SYSTEMPATH\View\View.php(213): include('APPPATH\\Views\\mahasiswa\\layout\\menu.php')
 3 SYSTEMPATH\View\View.php(216): CodeIgniter\View\View->CodeIgniter\View\{closure}()
 4 SYSTEMPATH\View\View.php(431): CodeIgniter\View\View->render('mahasiswa/layout/menu', null, true)
 5 APPPATH\Views\mahasiswa\layout\default.php(192): CodeIgniter\View\View->include('mahasiswa/layout/menu')
 6 SYSTEMPATH\View\View.php(213): include('APPPATH\\Views\\mahasiswa\\layout\\default.php')
 7 SYSTEMPATH\View\View.php(216): CodeIgniter\View\View->CodeIgniter\View\{closure}()
 8 SYSTEMPATH\View\View.php(229): CodeIgniter\View\View->render('mahasiswa/layout/default', [], true)
 9 SYSTEMPATH\Common.php(1134): CodeIgniter\View\View->render('mahasiswa/LKOK/DataLKOK/datalkok', [], true)
10 APPPATH\Controllers\MahasiswaControllers.php(46): view('mahasiswa/LKOK/DataLKOK/datalkok', [...])
11 SYSTEMPATH\CodeIgniter.php(927): App\Controllers\MahasiswaControllers->listdataLKOK()
12 SYSTEMPATH\CodeIgniter.php(482): CodeIgniter\CodeIgniter->runController(Object(App\Controllers\MahasiswaControllers))
13 SYSTEMPATH\CodeIgniter.php(351): CodeIgniter\CodeIgniter->handleRequest(null, Object(Config\Cache), false)
14 FCPATH\index.php(67): CodeIgniter\CodeIgniter->run()
15 SYSTEMPATH\Commands\Server\rewrite.php(46): require_once('FCPATH\\index.php')
CRITICAL - 2023-05-29 16:56:56 --> Invalid file: mahasiswa/Event/dataevent.php
in SYSTEMPATH\Exceptions\FrameworkException.php on line 33.
 1 SYSTEMPATH\View\View.php(201): CodeIgniter\Exceptions\FrameworkException::forInvalidFile('mahasiswa/Event/dataevent.php')
 2 SYSTEMPATH\Common.php(1134): CodeIgniter\View\View->render('mahasiswa/Event/dataevent', [], true)
 3 APPPATH\Controllers\MahasiswaControllers.php(68): view('mahasiswa/Event/dataevent', [...])
 4 SYSTEMPATH\CodeIgniter.php(927): App\Controllers\MahasiswaControllers->listdataevent()
 5 SYSTEMPATH\CodeIgniter.php(482): CodeIgniter\CodeIgniter->runController(Object(App\Controllers\MahasiswaControllers))
 6 SYSTEMPATH\CodeIgniter.php(351): CodeIgniter\CodeIgniter->handleRequest(null, Object(Config\Cache), false)
 7 FCPATH\index.php(67): CodeIgniter\CodeIgniter->run()
 8 SYSTEMPATH\Commands\Server\rewrite.php(46): require_once('FCPATH\\index.php')
CRITICAL - 2023-05-29 16:57:00 --> Invalid file: mahasiswa/Event/dataevent.php
in SYSTEMPATH\Exceptions\FrameworkException.php on line 33.
 1 SYSTEMPATH\View\View.php(201): CodeIgniter\Exceptions\FrameworkException::forInvalidFile('mahasiswa/Event/dataevent.php')
 2 SYSTEMPATH\Common.php(1134): CodeIgniter\View\View->render('mahasiswa/Event/dataevent', [], true)
 3 APPPATH\Controllers\MahasiswaControllers.php(68): view('mahasiswa/Event/dataevent', [...])
 4 SYSTEMPATH\CodeIgniter.php(927): App\Controllers\MahasiswaControllers->listdataevent()
 5 SYSTEMPATH\CodeIgniter.php(482): CodeIgniter\CodeIgniter->runController(Object(App\Controllers\MahasiswaControllers))
 6 SYSTEMPATH\CodeIgniter.php(351): CodeIgniter\CodeIgniter->handleRequest(null, Object(Config\Cache), false)
 7 FCPATH\index.php(67): CodeIgniter\CodeIgniter->run()
 8 SYSTEMPATH\Commands\Server\rewrite.php(46): require_once('FCPATH\\index.php')
CRITICAL - 2023-05-29 17:15:06 --> Undefined array key "ao_foto"
in APPPATH\Views\superadmin\LKOK\DataAnggotaLKOK\dataanggotalkok.php on line 73.
 1 APPPATH\Views\superadmin\LKOK\DataAnggotaLKOK\dataanggotalkok.php(73): CodeIgniter\Debug\Exceptions->errorHandler(2, 'Undefined array key "ao_foto"', 'APPPATH\\Views\\superadmin\\LKOK\\DataAnggotaLKOK\\dataanggotalkok.php', 73)
 2 SYSTEMPATH\View\View.php(213): include('APPPATH\\Views\\superadmin\\LKOK\\DataAnggotaLKOK\\dataanggotalkok.php')
 3 SYSTEMPATH\View\View.php(216): CodeIgniter\View\View->CodeIgniter\View\{closure}()
 4 SYSTEMPATH\Common.php(1134): CodeIgniter\View\View->render('superadmin/LKOK/DataAnggotaLKOK/dataanggotalkok', [], true)
 5 APPPATH\Controllers\SuperAdminControllers.php(212): view('superadmin/LKOK/DataAnggotaLKOK/dataanggotalkok', [...])
 6 SYSTEMPATH\CodeIgniter.php(927): App\Controllers\SuperAdminControllers->listdataanggotaLKOK()
 7 SYSTEMPATH\CodeIgniter.php(482): CodeIgniter\CodeIgniter->runController(Object(App\Controllers\SuperAdminControllers))
 8 SYSTEMPATH\CodeIgniter.php(351): CodeIgniter\CodeIgniter->handleRequest(null, Object(Config\Cache), false)
 9 FCPATH\index.php(67): CodeIgniter\CodeIgniter->run()
10 SYSTEMPATH\Commands\Server\rewrite.php(46): require_once('FCPATH\\index.php')
CRITICAL - 2023-05-29 17:16:11 --> Undefined array key "ao_staf"
in APPPATH\Views\superadmin\LKOK\DataAnggotaLKOK\dataanggotalkok.php on line 67.
 1 APPPATH\Views\superadmin\LKOK\DataAnggotaLKOK\dataanggotalkok.php(67): CodeIgniter\Debug\Exceptions->errorHandler(2, 'Undefined array key "ao_staf"', 'APPPATH\\Views\\superadmin\\LKOK\\DataAnggotaLKOK\\dataanggotalkok.php', 67)
 2 SYSTEMPATH\View\View.php(213): include('APPPATH\\Views\\superadmin\\LKOK\\DataAnggotaLKOK\\dataanggotalkok.php')
 3 SYSTEMPATH\View\View.php(216): CodeIgniter\View\View->CodeIgniter\View\{closure}()
 4 SYSTEMPATH\Common.php(1134): CodeIgniter\View\View->render('superadmin/LKOK/DataAnggotaLKOK/dataanggotalkok', [], true)
 5 APPPATH\Controllers\SuperAdminControllers.php(212): view('superadmin/LKOK/DataAnggotaLKOK/dataanggotalkok', [...])
 6 SYSTEMPATH\CodeIgniter.php(927): App\Controllers\SuperAdminControllers->listdataanggotaLKOK()
 7 SYSTEMPATH\CodeIgniter.php(482): CodeIgniter\CodeIgniter->runController(Object(App\Controllers\SuperAdminControllers))
 8 SYSTEMPATH\CodeIgniter.php(351): CodeIgniter\CodeIgniter->handleRequest(null, Object(Config\Cache), false)
 9 FCPATH\index.php(67): CodeIgniter\CodeIgniter->run()
10 SYSTEMPATH\Commands\Server\rewrite.php(46): require_once('FCPATH\\index.php')
CRITICAL - 2023-05-29 17:16:21 --> Undefined array key "ao_staf"
in APPPATH\Views\superadmin\LKOK\DataAnggotaLKOK\dataanggotalkok.php on line 67.
 1 APPPATH\Views\superadmin\LKOK\DataAnggotaLKOK\dataanggotalkok.php(67): CodeIgniter\Debug\Exceptions->errorHandler(2, 'Undefined array key "ao_staf"', 'APPPATH\\Views\\superadmin\\LKOK\\DataAnggotaLKOK\\dataanggotalkok.php', 67)
 2 SYSTEMPATH\View\View.php(213): include('APPPATH\\Views\\superadmin\\LKOK\\DataAnggotaLKOK\\dataanggotalkok.php')
 3 SYSTEMPATH\View\View.php(216): CodeIgniter\View\View->CodeIgniter\View\{closure}()
 4 SYSTEMPATH\Common.php(1134): CodeIgniter\View\View->render('superadmin/LKOK/DataAnggotaLKOK/dataanggotalkok', [], true)
 5 APPPATH\Controllers\SuperAdminControllers.php(212): view('superadmin/LKOK/DataAnggotaLKOK/dataanggotalkok', [...])
 6 SYSTEMPATH\CodeIgniter.php(927): App\Controllers\SuperAdminControllers->listdataanggotaLKOK()
 7 SYSTEMPATH\CodeIgniter.php(482): CodeIgniter\CodeIgniter->runController(Object(App\Controllers\SuperAdminControllers))
 8 SYSTEMPATH\CodeIgniter.php(351): CodeIgniter\CodeIgniter->handleRequest(null, Object(Config\Cache), false)
 9 FCPATH\index.php(67): CodeIgniter\CodeIgniter->run()
10 SYSTEMPATH\Commands\Server\rewrite.php(46): require_once('FCPATH\\index.php')
