ERROR - 2023-06-03 09:01:38 --> mysqli_sql_exception: Duplicate entry '1' for key 'u_prodi' in C:\xampp\htdocs\Aplikasi Organisasi Kampus Finally_\system\Database\MySQLi\Connection.php:292
Stack trace:
#0 C:\xampp\htdocs\Aplikasi Organisasi Kampus Finally_\system\Database\MySQLi\Connection.php(292): mysqli->query('INSERT INTO `tb...', 0)
#1 C:\xampp\htdocs\Aplikasi Organisasi Kampus Finally_\system\Database\BaseConnection.php(666): CodeIgniter\Database\MySQLi\Connection->execute('INSERT INTO `tb...')
#2 C:\xampp\htdocs\Aplikasi Organisasi Kampus Finally_\system\Database\BaseConnection.php(593): CodeIgniter\Database\BaseConnection->simpleQuery('INSERT INTO `tb...')
#3 C:\xampp\htdocs\Aplikasi Organisasi Kampus Finally_\system\Database\BaseBuilder.php(1916): CodeIgniter\Database\BaseConnection->query('INSERT INTO `tb...', Array, false)
#4 C:\xampp\htdocs\Aplikasi Organisasi Kampus Finally_\system\Model.php(279): CodeIgniter\Database\BaseBuilder->insert()
#5 C:\xampp\htdocs\Aplikasi Organisasi Kampus Finally_\system\BaseModel.php(749): CodeIgniter\Model->doInsert(Array)
#6 C:\xampp\htdocs\Aplikasi Organisasi Kampus Finally_\system\Model.php(667): CodeIgniter\BaseModel->insert(Array, true)
#7 C:\xampp\htdocs\Aplikasi Organisasi Kampus Finally_\app\Controllers\SuperAdminControllers.php(135): CodeIgniter\Model->insert(Array)
#8 C:\xampp\htdocs\Aplikasi Organisasi Kampus Finally_\system\CodeIgniter.php(927): App\Controllers\SuperAdminControllers->registeruserprocess()
#9 C:\xampp\htdocs\Aplikasi Organisasi Kampus Finally_\system\CodeIgniter.php(482): CodeIgniter\CodeIgniter->runController(Object(App\Controllers\SuperAdminControllers))
#10 C:\xampp\htdocs\Aplikasi Organisasi Kampus Finally_\system\CodeIgniter.php(351): CodeIgniter\CodeIgniter->handleRequest(NULL, Object(Config\Cache), false)
#11 C:\xampp\htdocs\Aplikasi Organisasi Kampus Finally_\public\index.php(67): CodeIgniter\CodeIgniter->run()
#12 C:\xampp\htdocs\Aplikasi Organisasi Kampus Finally_\system\Commands\Server\rewrite.php(46): require_once('C:\\xampp\\htdocs...')
#13 {main}
CRITICAL - 2023-06-03 09:01:38 --> Duplicate entry '1' for key 'u_prodi'
in SYSTEMPATH\Database\MySQLi\Connection.php on line 292.
 1 SYSTEMPATH\Database\MySQLi\Connection.php(292): mysqli->query('INSERT INTO `tb_user` (`u_npm`, `u_password`, `u_nama`, `u_role`, `u_gender`, `u_prodi`, `u_angkatan`, `u_alamat`, `u_create_at`, `u_update_at`) VALUES (\'123123123\', \'$2y$10$GWMJHBr49GQtTx2CVvfNqu5SAym8iweY.EByk/dZcxXhr1p8WfGMW\', \'Asep\', \'Mahasiswa\', \'Perempuan\', \'1\', \'2023\', \'asdsadasd\', \'2023-06-03 09:01:38\', \'2023-06-03 09:01:38\')', 0)
 2 SYSTEMPATH\Database\BaseConnection.php(666): CodeIgniter\Database\MySQLi\Connection->execute('INSERT INTO `tb_user` (`u_npm`, `u_password`, `u_nama`, `u_role`, `u_gender`, `u_prodi`, `u_angkatan`, `u_alamat`, `u_create_at`, `u_update_at`) VALUES (\'123123123\', \'$2y$10$GWMJHBr49GQtTx2CVvfNqu5SAym8iweY.EByk/dZcxXhr1p8WfGMW\', \'Asep\', \'Mahasiswa\', \'Perempuan\', \'1\', \'2023\', \'asdsadasd\', \'2023-06-03 09:01:38\', \'2023-06-03 09:01:38\')')
 3 SYSTEMPATH\Database\BaseConnection.php(593): CodeIgniter\Database\BaseConnection->simpleQuery('INSERT INTO `tb_user` (`u_npm`, `u_password`, `u_nama`, `u_role`, `u_gender`, `u_prodi`, `u_angkatan`, `u_alamat`, `u_create_at`, `u_update_at`) VALUES (\'123123123\', \'$2y$10$GWMJHBr49GQtTx2CVvfNqu5SAym8iweY.EByk/dZcxXhr1p8WfGMW\', \'Asep\', \'Mahasiswa\', \'Perempuan\', \'1\', \'2023\', \'asdsadasd\', \'2023-06-03 09:01:38\', \'2023-06-03 09:01:38\')')
 4 SYSTEMPATH\Database\BaseBuilder.php(1916): CodeIgniter\Database\BaseConnection->query('INSERT INTO `tb_user` (`u_npm`, `u_password`, `u_nama`, `u_role`, `u_gender`, `u_prodi`, `u_angkatan`, `u_alamat`, `u_create_at`, `u_update_at`) VALUES (:u_npm:, :u_password:, :u_nama:, :u_role:, :u_gender:, :u_prodi:, :u_angkatan:, :u_alamat:, :u_create_at:, :u_update_at:)', [...], false)
 5 SYSTEMPATH\Model.php(279): CodeIgniter\Database\BaseBuilder->insert()
 6 SYSTEMPATH\BaseModel.php(749): CodeIgniter\Model->doInsert([...])
 7 SYSTEMPATH\Model.php(667): CodeIgniter\BaseModel->insert([...], true)
 8 APPPATH\Controllers\SuperAdminControllers.php(135): CodeIgniter\Model->insert([...])
 9 SYSTEMPATH\CodeIgniter.php(927): App\Controllers\SuperAdminControllers->registeruserprocess()
10 SYSTEMPATH\CodeIgniter.php(482): CodeIgniter\CodeIgniter->runController(Object(App\Controllers\SuperAdminControllers))
11 SYSTEMPATH\CodeIgniter.php(351): CodeIgniter\CodeIgniter->handleRequest(null, Object(Config\Cache), false)
12 FCPATH\index.php(67): CodeIgniter\CodeIgniter->run()
13 SYSTEMPATH\Commands\Server\rewrite.php(46): require_once('FCPATH\\index.php')
ERROR - 2023-06-03 09:03:12 --> mysqli_sql_exception: Duplicate entry '1' for key 'u_prodi' in C:\xampp\htdocs\Aplikasi Organisasi Kampus Finally_\system\Database\MySQLi\Connection.php:292
Stack trace:
#0 C:\xampp\htdocs\Aplikasi Organisasi Kampus Finally_\system\Database\MySQLi\Connection.php(292): mysqli->query('INSERT INTO `tb...', 0)
#1 C:\xampp\htdocs\Aplikasi Organisasi Kampus Finally_\system\Database\BaseConnection.php(666): CodeIgniter\Database\MySQLi\Connection->execute('INSERT INTO `tb...')
#2 C:\xampp\htdocs\Aplikasi Organisasi Kampus Finally_\system\Database\BaseConnection.php(593): CodeIgniter\Database\BaseConnection->simpleQuery('INSERT INTO `tb...')
#3 C:\xampp\htdocs\Aplikasi Organisasi Kampus Finally_\system\Database\BaseBuilder.php(1916): CodeIgniter\Database\BaseConnection->query('INSERT INTO `tb...', Array, false)
#4 C:\xampp\htdocs\Aplikasi Organisasi Kampus Finally_\system\Model.php(279): CodeIgniter\Database\BaseBuilder->insert()
#5 C:\xampp\htdocs\Aplikasi Organisasi Kampus Finally_\system\BaseModel.php(749): CodeIgniter\Model->doInsert(Array)
#6 C:\xampp\htdocs\Aplikasi Organisasi Kampus Finally_\system\Model.php(667): CodeIgniter\BaseModel->insert(Array, true)
#7 C:\xampp\htdocs\Aplikasi Organisasi Kampus Finally_\app\Controllers\SuperAdminControllers.php(135): CodeIgniter\Model->insert(Array)
#8 C:\xampp\htdocs\Aplikasi Organisasi Kampus Finally_\system\CodeIgniter.php(927): App\Controllers\SuperAdminControllers->registeruserprocess()
#9 C:\xampp\htdocs\Aplikasi Organisasi Kampus Finally_\system\CodeIgniter.php(482): CodeIgniter\CodeIgniter->runController(Object(App\Controllers\SuperAdminControllers))
#10 C:\xampp\htdocs\Aplikasi Organisasi Kampus Finally_\system\CodeIgniter.php(351): CodeIgniter\CodeIgniter->handleRequest(NULL, Object(Config\Cache), false)
#11 C:\xampp\htdocs\Aplikasi Organisasi Kampus Finally_\public\index.php(67): CodeIgniter\CodeIgniter->run()
#12 C:\xampp\htdocs\Aplikasi Organisasi Kampus Finally_\system\Commands\Server\rewrite.php(46): require_once('C:\\xampp\\htdocs...')
#13 {main}
CRITICAL - 2023-06-03 09:03:12 --> Duplicate entry '1' for key 'u_prodi'
in SYSTEMPATH\Database\MySQLi\Connection.php on line 292.
 1 SYSTEMPATH\Database\MySQLi\Connection.php(292): mysqli->query('INSERT INTO `tb_user` (`u_npm`, `u_password`, `u_nama`, `u_role`, `u_gender`, `u_prodi`, `u_angkatan`, `u_alamat`, `u_create_at`, `u_update_at`) VALUES (\'123123123\', \'$2y$10$YxkAZKkBy7NM6WzrBnnIreVLPvf5q0m/o9TmI9JQr3sM45Z/AXIh2\', \'Asep\', \'Mahasiswa\', \'Perempuan\', \'1\', \'2023\', \'asdsadasd\', \'2023-06-03 09:03:12\', \'2023-06-03 09:03:12\')', 0)
 2 SYSTEMPATH\Database\BaseConnection.php(666): CodeIgniter\Database\MySQLi\Connection->execute('INSERT INTO `tb_user` (`u_npm`, `u_password`, `u_nama`, `u_role`, `u_gender`, `u_prodi`, `u_angkatan`, `u_alamat`, `u_create_at`, `u_update_at`) VALUES (\'123123123\', \'$2y$10$YxkAZKkBy7NM6WzrBnnIreVLPvf5q0m/o9TmI9JQr3sM45Z/AXIh2\', \'Asep\', \'Mahasiswa\', \'Perempuan\', \'1\', \'2023\', \'asdsadasd\', \'2023-06-03 09:03:12\', \'2023-06-03 09:03:12\')')
 3 SYSTEMPATH\Database\BaseConnection.php(593): CodeIgniter\Database\BaseConnection->simpleQuery('INSERT INTO `tb_user` (`u_npm`, `u_password`, `u_nama`, `u_role`, `u_gender`, `u_prodi`, `u_angkatan`, `u_alamat`, `u_create_at`, `u_update_at`) VALUES (\'123123123\', \'$2y$10$YxkAZKkBy7NM6WzrBnnIreVLPvf5q0m/o9TmI9JQr3sM45Z/AXIh2\', \'Asep\', \'Mahasiswa\', \'Perempuan\', \'1\', \'2023\', \'asdsadasd\', \'2023-06-03 09:03:12\', \'2023-06-03 09:03:12\')')
 4 SYSTEMPATH\Database\BaseBuilder.php(1916): CodeIgniter\Database\BaseConnection->query('INSERT INTO `tb_user` (`u_npm`, `u_password`, `u_nama`, `u_role`, `u_gender`, `u_prodi`, `u_angkatan`, `u_alamat`, `u_create_at`, `u_update_at`) VALUES (:u_npm:, :u_password:, :u_nama:, :u_role:, :u_gender:, :u_prodi:, :u_angkatan:, :u_alamat:, :u_create_at:, :u_update_at:)', [...], false)
 5 SYSTEMPATH\Model.php(279): CodeIgniter\Database\BaseBuilder->insert()
 6 SYSTEMPATH\BaseModel.php(749): CodeIgniter\Model->doInsert([...])
 7 SYSTEMPATH\Model.php(667): CodeIgniter\BaseModel->insert([...], true)
 8 APPPATH\Controllers\SuperAdminControllers.php(135): CodeIgniter\Model->insert([...])
 9 SYSTEMPATH\CodeIgniter.php(927): App\Controllers\SuperAdminControllers->registeruserprocess()
10 SYSTEMPATH\CodeIgniter.php(482): CodeIgniter\CodeIgniter->runController(Object(App\Controllers\SuperAdminControllers))
11 SYSTEMPATH\CodeIgniter.php(351): CodeIgniter\CodeIgniter->handleRequest(null, Object(Config\Cache), false)
12 FCPATH\index.php(67): CodeIgniter\CodeIgniter->run()
13 SYSTEMPATH\Commands\Server\rewrite.php(46): require_once('FCPATH\\index.php')
ERROR - 2023-06-03 09:04:04 --> mysqli_sql_exception: Duplicate entry '1' for key 'u_prodi' in C:\xampp\htdocs\Aplikasi Organisasi Kampus Finally_\system\Database\MySQLi\Connection.php:292
Stack trace:
#0 C:\xampp\htdocs\Aplikasi Organisasi Kampus Finally_\system\Database\MySQLi\Connection.php(292): mysqli->query('INSERT INTO `tb...', 0)
#1 C:\xampp\htdocs\Aplikasi Organisasi Kampus Finally_\system\Database\BaseConnection.php(666): CodeIgniter\Database\MySQLi\Connection->execute('INSERT INTO `tb...')
#2 C:\xampp\htdocs\Aplikasi Organisasi Kampus Finally_\system\Database\BaseConnection.php(593): CodeIgniter\Database\BaseConnection->simpleQuery('INSERT INTO `tb...')
#3 C:\xampp\htdocs\Aplikasi Organisasi Kampus Finally_\system\Database\BaseBuilder.php(1916): CodeIgniter\Database\BaseConnection->query('INSERT INTO `tb...', Array, false)
#4 C:\xampp\htdocs\Aplikasi Organisasi Kampus Finally_\system\Model.php(279): CodeIgniter\Database\BaseBuilder->insert()
#5 C:\xampp\htdocs\Aplikasi Organisasi Kampus Finally_\system\BaseModel.php(749): CodeIgniter\Model->doInsert(Array)
#6 C:\xampp\htdocs\Aplikasi Organisasi Kampus Finally_\system\Model.php(667): CodeIgniter\BaseModel->insert(Array, true)
#7 C:\xampp\htdocs\Aplikasi Organisasi Kampus Finally_\app\Controllers\SuperAdminControllers.php(135): CodeIgniter\Model->insert(Array)
#8 C:\xampp\htdocs\Aplikasi Organisasi Kampus Finally_\system\CodeIgniter.php(927): App\Controllers\SuperAdminControllers->registeruserprocess()
#9 C:\xampp\htdocs\Aplikasi Organisasi Kampus Finally_\system\CodeIgniter.php(482): CodeIgniter\CodeIgniter->runController(Object(App\Controllers\SuperAdminControllers))
#10 C:\xampp\htdocs\Aplikasi Organisasi Kampus Finally_\system\CodeIgniter.php(351): CodeIgniter\CodeIgniter->handleRequest(NULL, Object(Config\Cache), false)
#11 C:\xampp\htdocs\Aplikasi Organisasi Kampus Finally_\public\index.php(67): CodeIgniter\CodeIgniter->run()
#12 C:\xampp\htdocs\Aplikasi Organisasi Kampus Finally_\system\Commands\Server\rewrite.php(46): require_once('C:\\xampp\\htdocs...')
#13 {main}
CRITICAL - 2023-06-03 09:04:04 --> Duplicate entry '1' for key 'u_prodi'
in SYSTEMPATH\Database\MySQLi\Connection.php on line 292.
 1 SYSTEMPATH\Database\MySQLi\Connection.php(292): mysqli->query('INSERT INTO `tb_user` (`u_npm`, `u_password`, `u_nama`, `u_role`, `u_gender`, `u_prodi`, `u_angkatan`, `u_alamat`, `u_create_at`, `u_update_at`) VALUES (\'12223\', \'$2y$10$cjwYaBcrN9lpyqmR00swLuA6liTni7fSny4igETosfT9g1rfmmBeS\', \'anggotaF\', \'Mahasiswa\', \'Laki-laki\', \'1\', \'2023\', \'sadsa\', \'2023-06-03 09:04:04\', \'2023-06-03 09:04:04\')', 0)
 2 SYSTEMPATH\Database\BaseConnection.php(666): CodeIgniter\Database\MySQLi\Connection->execute('INSERT INTO `tb_user` (`u_npm`, `u_password`, `u_nama`, `u_role`, `u_gender`, `u_prodi`, `u_angkatan`, `u_alamat`, `u_create_at`, `u_update_at`) VALUES (\'12223\', \'$2y$10$cjwYaBcrN9lpyqmR00swLuA6liTni7fSny4igETosfT9g1rfmmBeS\', \'anggotaF\', \'Mahasiswa\', \'Laki-laki\', \'1\', \'2023\', \'sadsa\', \'2023-06-03 09:04:04\', \'2023-06-03 09:04:04\')')
 3 SYSTEMPATH\Database\BaseConnection.php(593): CodeIgniter\Database\BaseConnection->simpleQuery('INSERT INTO `tb_user` (`u_npm`, `u_password`, `u_nama`, `u_role`, `u_gender`, `u_prodi`, `u_angkatan`, `u_alamat`, `u_create_at`, `u_update_at`) VALUES (\'12223\', \'$2y$10$cjwYaBcrN9lpyqmR00swLuA6liTni7fSny4igETosfT9g1rfmmBeS\', \'anggotaF\', \'Mahasiswa\', \'Laki-laki\', \'1\', \'2023\', \'sadsa\', \'2023-06-03 09:04:04\', \'2023-06-03 09:04:04\')')
 4 SYSTEMPATH\Database\BaseBuilder.php(1916): CodeIgniter\Database\BaseConnection->query('INSERT INTO `tb_user` (`u_npm`, `u_password`, `u_nama`, `u_role`, `u_gender`, `u_prodi`, `u_angkatan`, `u_alamat`, `u_create_at`, `u_update_at`) VALUES (:u_npm:, :u_password:, :u_nama:, :u_role:, :u_gender:, :u_prodi:, :u_angkatan:, :u_alamat:, :u_create_at:, :u_update_at:)', [...], false)
 5 SYSTEMPATH\Model.php(279): CodeIgniter\Database\BaseBuilder->insert()
 6 SYSTEMPATH\BaseModel.php(749): CodeIgniter\Model->doInsert([...])
 7 SYSTEMPATH\Model.php(667): CodeIgniter\BaseModel->insert([...], true)
 8 APPPATH\Controllers\SuperAdminControllers.php(135): CodeIgniter\Model->insert([...])
 9 SYSTEMPATH\CodeIgniter.php(927): App\Controllers\SuperAdminControllers->registeruserprocess()
10 SYSTEMPATH\CodeIgniter.php(482): CodeIgniter\CodeIgniter->runController(Object(App\Controllers\SuperAdminControllers))
11 SYSTEMPATH\CodeIgniter.php(351): CodeIgniter\CodeIgniter->handleRequest(null, Object(Config\Cache), false)
12 FCPATH\index.php(67): CodeIgniter\CodeIgniter->run()
13 SYSTEMPATH\Commands\Server\rewrite.php(46): require_once('FCPATH\\index.php')
ERROR - 2023-06-03 09:04:39 --> mysqli_sql_exception: Duplicate entry '1' for key 'u_prodi' in C:\xampp\htdocs\Aplikasi Organisasi Kampus Finally_\system\Database\MySQLi\Connection.php:292
Stack trace:
#0 C:\xampp\htdocs\Aplikasi Organisasi Kampus Finally_\system\Database\MySQLi\Connection.php(292): mysqli->query('INSERT INTO `tb...', 0)
#1 C:\xampp\htdocs\Aplikasi Organisasi Kampus Finally_\system\Database\BaseConnection.php(666): CodeIgniter\Database\MySQLi\Connection->execute('INSERT INTO `tb...')
#2 C:\xampp\htdocs\Aplikasi Organisasi Kampus Finally_\system\Database\BaseConnection.php(593): CodeIgniter\Database\BaseConnection->simpleQuery('INSERT INTO `tb...')
#3 C:\xampp\htdocs\Aplikasi Organisasi Kampus Finally_\system\Database\BaseBuilder.php(1916): CodeIgniter\Database\BaseConnection->query('INSERT INTO `tb...', Array, false)
#4 C:\xampp\htdocs\Aplikasi Organisasi Kampus Finally_\system\Model.php(279): CodeIgniter\Database\BaseBuilder->insert()
#5 C:\xampp\htdocs\Aplikasi Organisasi Kampus Finally_\system\BaseModel.php(749): CodeIgniter\Model->doInsert(Array)
#6 C:\xampp\htdocs\Aplikasi Organisasi Kampus Finally_\system\Model.php(667): CodeIgniter\BaseModel->insert(Array, true)
#7 C:\xampp\htdocs\Aplikasi Organisasi Kampus Finally_\app\Controllers\SuperAdminControllers.php(135): CodeIgniter\Model->insert(Array)
#8 C:\xampp\htdocs\Aplikasi Organisasi Kampus Finally_\system\CodeIgniter.php(927): App\Controllers\SuperAdminControllers->registeruserprocess()
#9 C:\xampp\htdocs\Aplikasi Organisasi Kampus Finally_\system\CodeIgniter.php(482): CodeIgniter\CodeIgniter->runController(Object(App\Controllers\SuperAdminControllers))
#10 C:\xampp\htdocs\Aplikasi Organisasi Kampus Finally_\system\CodeIgniter.php(351): CodeIgniter\CodeIgniter->handleRequest(NULL, Object(Config\Cache), false)
#11 C:\xampp\htdocs\Aplikasi Organisasi Kampus Finally_\public\index.php(67): CodeIgniter\CodeIgniter->run()
#12 C:\xampp\htdocs\Aplikasi Organisasi Kampus Finally_\system\Commands\Server\rewrite.php(46): require_once('C:\\xampp\\htdocs...')
#13 {main}
CRITICAL - 2023-06-03 09:04:39 --> Duplicate entry '1' for key 'u_prodi'
in SYSTEMPATH\Database\MySQLi\Connection.php on line 292.
 1 SYSTEMPATH\Database\MySQLi\Connection.php(292): mysqli->query('INSERT INTO `tb_user` (`u_npm`, `u_password`, `u_nama`, `u_role`, `u_gender`, `u_prodi`, `u_angkatan`, `u_alamat`, `u_create_at`, `u_update_at`) VALUES (\'12223\', \'$2y$10$2tQ5WE0y6BbLPIJHQwoN3O3/92AbXDV/5NugX0WOSnmZsF8pQubNe\', \'anggotaF\', \'Mahasiswa\', \'Laki-laki\', \'1\', \'2023\', \'sadsa\', \'2023-06-03 09:04:39\', \'2023-06-03 09:04:39\')', 0)
 2 SYSTEMPATH\Database\BaseConnection.php(666): CodeIgniter\Database\MySQLi\Connection->execute('INSERT INTO `tb_user` (`u_npm`, `u_password`, `u_nama`, `u_role`, `u_gender`, `u_prodi`, `u_angkatan`, `u_alamat`, `u_create_at`, `u_update_at`) VALUES (\'12223\', \'$2y$10$2tQ5WE0y6BbLPIJHQwoN3O3/92AbXDV/5NugX0WOSnmZsF8pQubNe\', \'anggotaF\', \'Mahasiswa\', \'Laki-laki\', \'1\', \'2023\', \'sadsa\', \'2023-06-03 09:04:39\', \'2023-06-03 09:04:39\')')
 3 SYSTEMPATH\Database\BaseConnection.php(593): CodeIgniter\Database\BaseConnection->simpleQuery('INSERT INTO `tb_user` (`u_npm`, `u_password`, `u_nama`, `u_role`, `u_gender`, `u_prodi`, `u_angkatan`, `u_alamat`, `u_create_at`, `u_update_at`) VALUES (\'12223\', \'$2y$10$2tQ5WE0y6BbLPIJHQwoN3O3/92AbXDV/5NugX0WOSnmZsF8pQubNe\', \'anggotaF\', \'Mahasiswa\', \'Laki-laki\', \'1\', \'2023\', \'sadsa\', \'2023-06-03 09:04:39\', \'2023-06-03 09:04:39\')')
 4 SYSTEMPATH\Database\BaseBuilder.php(1916): CodeIgniter\Database\BaseConnection->query('INSERT INTO `tb_user` (`u_npm`, `u_password`, `u_nama`, `u_role`, `u_gender`, `u_prodi`, `u_angkatan`, `u_alamat`, `u_create_at`, `u_update_at`) VALUES (:u_npm:, :u_password:, :u_nama:, :u_role:, :u_gender:, :u_prodi:, :u_angkatan:, :u_alamat:, :u_create_at:, :u_update_at:)', [...], false)
 5 SYSTEMPATH\Model.php(279): CodeIgniter\Database\BaseBuilder->insert()
 6 SYSTEMPATH\BaseModel.php(749): CodeIgniter\Model->doInsert([...])
 7 SYSTEMPATH\Model.php(667): CodeIgniter\BaseModel->insert([...], true)
 8 APPPATH\Controllers\SuperAdminControllers.php(135): CodeIgniter\Model->insert([...])
 9 SYSTEMPATH\CodeIgniter.php(927): App\Controllers\SuperAdminControllers->registeruserprocess()
10 SYSTEMPATH\CodeIgniter.php(482): CodeIgniter\CodeIgniter->runController(Object(App\Controllers\SuperAdminControllers))
11 SYSTEMPATH\CodeIgniter.php(351): CodeIgniter\CodeIgniter->handleRequest(null, Object(Config\Cache), false)
12 FCPATH\index.php(67): CodeIgniter\CodeIgniter->run()
13 SYSTEMPATH\Commands\Server\rewrite.php(46): require_once('FCPATH\\index.php')
ERROR - 2023-06-03 09:05:58 --> mysqli_sql_exception: Duplicate entry '1' for key 'u_prodi' in C:\xampp\htdocs\Aplikasi Organisasi Kampus Finally_\system\Database\MySQLi\Connection.php:292
Stack trace:
#0 C:\xampp\htdocs\Aplikasi Organisasi Kampus Finally_\system\Database\MySQLi\Connection.php(292): mysqli->query('INSERT INTO `tb...', 0)
#1 C:\xampp\htdocs\Aplikasi Organisasi Kampus Finally_\system\Database\BaseConnection.php(666): CodeIgniter\Database\MySQLi\Connection->execute('INSERT INTO `tb...')
#2 C:\xampp\htdocs\Aplikasi Organisasi Kampus Finally_\system\Database\BaseConnection.php(593): CodeIgniter\Database\BaseConnection->simpleQuery('INSERT INTO `tb...')
#3 C:\xampp\htdocs\Aplikasi Organisasi Kampus Finally_\system\Database\BaseBuilder.php(1916): CodeIgniter\Database\BaseConnection->query('INSERT INTO `tb...', Array, false)
#4 C:\xampp\htdocs\Aplikasi Organisasi Kampus Finally_\system\Model.php(279): CodeIgniter\Database\BaseBuilder->insert()
#5 C:\xampp\htdocs\Aplikasi Organisasi Kampus Finally_\system\BaseModel.php(749): CodeIgniter\Model->doInsert(Array)
#6 C:\xampp\htdocs\Aplikasi Organisasi Kampus Finally_\system\Model.php(667): CodeIgniter\BaseModel->insert(Array, true)
#7 C:\xampp\htdocs\Aplikasi Organisasi Kampus Finally_\app\Controllers\SuperAdminControllers.php(135): CodeIgniter\Model->insert(Array)
#8 C:\xampp\htdocs\Aplikasi Organisasi Kampus Finally_\system\CodeIgniter.php(927): App\Controllers\SuperAdminControllers->registeruserprocess()
#9 C:\xampp\htdocs\Aplikasi Organisasi Kampus Finally_\system\CodeIgniter.php(482): CodeIgniter\CodeIgniter->runController(Object(App\Controllers\SuperAdminControllers))
#10 C:\xampp\htdocs\Aplikasi Organisasi Kampus Finally_\system\CodeIgniter.php(351): CodeIgniter\CodeIgniter->handleRequest(NULL, Object(Config\Cache), false)
#11 C:\xampp\htdocs\Aplikasi Organisasi Kampus Finally_\public\index.php(67): CodeIgniter\CodeIgniter->run()
#12 C:\xampp\htdocs\Aplikasi Organisasi Kampus Finally_\system\Commands\Server\rewrite.php(46): require_once('C:\\xampp\\htdocs...')
#13 {main}
CRITICAL - 2023-06-03 09:05:58 --> Duplicate entry '1' for key 'u_prodi'
in SYSTEMPATH\Database\MySQLi\Connection.php on line 292.
 1 SYSTEMPATH\Database\MySQLi\Connection.php(292): mysqli->query('INSERT INTO `tb_user` (`u_npm`, `u_password`, `u_nama`, `u_role`, `u_gender`, `u_prodi`, `u_angkatan`, `u_alamat`, `u_create_at`, `u_update_at`) VALUES (\'123213\', \'$2y$10$6mZ3SEQK4XC0mIuLy2dWUOiUlv8pOz9LUNG0tVoc2Z5.C2MXPhKmS\', \'anggota\', \'AdminLK/OK\', \'Laki-laki\', \'1\', \'2023\', \'asdsad\', \'2023-06-03 09:05:58\', \'2023-06-03 09:05:58\')', 0)
 2 SYSTEMPATH\Database\BaseConnection.php(666): CodeIgniter\Database\MySQLi\Connection->execute('INSERT INTO `tb_user` (`u_npm`, `u_password`, `u_nama`, `u_role`, `u_gender`, `u_prodi`, `u_angkatan`, `u_alamat`, `u_create_at`, `u_update_at`) VALUES (\'123213\', \'$2y$10$6mZ3SEQK4XC0mIuLy2dWUOiUlv8pOz9LUNG0tVoc2Z5.C2MXPhKmS\', \'anggota\', \'AdminLK/OK\', \'Laki-laki\', \'1\', \'2023\', \'asdsad\', \'2023-06-03 09:05:58\', \'2023-06-03 09:05:58\')')
 3 SYSTEMPATH\Database\BaseConnection.php(593): CodeIgniter\Database\BaseConnection->simpleQuery('INSERT INTO `tb_user` (`u_npm`, `u_password`, `u_nama`, `u_role`, `u_gender`, `u_prodi`, `u_angkatan`, `u_alamat`, `u_create_at`, `u_update_at`) VALUES (\'123213\', \'$2y$10$6mZ3SEQK4XC0mIuLy2dWUOiUlv8pOz9LUNG0tVoc2Z5.C2MXPhKmS\', \'anggota\', \'AdminLK/OK\', \'Laki-laki\', \'1\', \'2023\', \'asdsad\', \'2023-06-03 09:05:58\', \'2023-06-03 09:05:58\')')
 4 SYSTEMPATH\Database\BaseBuilder.php(1916): CodeIgniter\Database\BaseConnection->query('INSERT INTO `tb_user` (`u_npm`, `u_password`, `u_nama`, `u_role`, `u_gender`, `u_prodi`, `u_angkatan`, `u_alamat`, `u_create_at`, `u_update_at`) VALUES (:u_npm:, :u_password:, :u_nama:, :u_role:, :u_gender:, :u_prodi:, :u_angkatan:, :u_alamat:, :u_create_at:, :u_update_at:)', [...], false)
 5 SYSTEMPATH\Model.php(279): CodeIgniter\Database\BaseBuilder->insert()
 6 SYSTEMPATH\BaseModel.php(749): CodeIgniter\Model->doInsert([...])
 7 SYSTEMPATH\Model.php(667): CodeIgniter\BaseModel->insert([...], true)
 8 APPPATH\Controllers\SuperAdminControllers.php(135): CodeIgniter\Model->insert([...])
 9 SYSTEMPATH\CodeIgniter.php(927): App\Controllers\SuperAdminControllers->registeruserprocess()
10 SYSTEMPATH\CodeIgniter.php(482): CodeIgniter\CodeIgniter->runController(Object(App\Controllers\SuperAdminControllers))
11 SYSTEMPATH\CodeIgniter.php(351): CodeIgniter\CodeIgniter->handleRequest(null, Object(Config\Cache), false)
12 FCPATH\index.php(67): CodeIgniter\CodeIgniter->run()
13 SYSTEMPATH\Commands\Server\rewrite.php(46): require_once('FCPATH\\index.php')
ERROR - 2023-06-03 09:26:47 --> mysqli_sql_exception: Cannot add or update a child row: a foreign key constraint fails (`organisasi_kampus_widyatama`.`tb_user`, CONSTRAINT `tb_user_ibfk_1` FOREIGN KEY (`u_prodi`) REFERENCES `tb_prodi` (`p_id`)) in C:\xampp\htdocs\Aplikasi Organisasi Kampus Finally_\system\Database\MySQLi\Connection.php:292
Stack trace:
#0 C:\xampp\htdocs\Aplikasi Organisasi Kampus Finally_\system\Database\MySQLi\Connection.php(292): mysqli->query('INSERT INTO `tb...', 0)
#1 C:\xampp\htdocs\Aplikasi Organisasi Kampus Finally_\system\Database\BaseConnection.php(666): CodeIgniter\Database\MySQLi\Connection->execute('INSERT INTO `tb...')
#2 C:\xampp\htdocs\Aplikasi Organisasi Kampus Finally_\system\Database\BaseConnection.php(593): CodeIgniter\Database\BaseConnection->simpleQuery('INSERT INTO `tb...')
#3 C:\xampp\htdocs\Aplikasi Organisasi Kampus Finally_\system\Database\BaseBuilder.php(1778): CodeIgniter\Database\BaseConnection->query('INSERT INTO `tb...', NULL, false)
#4 C:\xampp\htdocs\Aplikasi Organisasi Kampus Finally_\app\Database\Seeds\Users.php(58): CodeIgniter\Database\BaseBuilder->insertBatch(Array)
#5 C:\xampp\htdocs\Aplikasi Organisasi Kampus Finally_\system\Database\Seeder.php(146): App\Database\Seeds\Users->run()
#6 C:\xampp\htdocs\Aplikasi Organisasi Kampus Finally_\system\Commands\Database\Seed.php(77): CodeIgniter\Database\Seeder->call('App\\Database\\Se...')
#7 C:\xampp\htdocs\Aplikasi Organisasi Kampus Finally_\system\CLI\Commands.php(63): CodeIgniter\Commands\Database\Seed->run(Array)
#8 C:\xampp\htdocs\Aplikasi Organisasi Kampus Finally_\system\CLI\CommandRunner.php(65): CodeIgniter\CLI\Commands->run('db:seed', Array)
#9 C:\xampp\htdocs\Aplikasi Organisasi Kampus Finally_\system\CLI\CommandRunner.php(51): CodeIgniter\CLI\CommandRunner->index(Array)
#10 C:\xampp\htdocs\Aplikasi Organisasi Kampus Finally_\system\CodeIgniter.php(920): CodeIgniter\CLI\CommandRunner->_remap('index', Array)
#11 C:\xampp\htdocs\Aplikasi Organisasi Kampus Finally_\system\CodeIgniter.php(482): CodeIgniter\CodeIgniter->runController(Object(CodeIgniter\CLI\CommandRunner))
#12 C:\xampp\htdocs\Aplikasi Organisasi Kampus Finally_\system\CodeIgniter.php(347): CodeIgniter\CodeIgniter->handleRequest(NULL, Object(Config\Cache), false)
#13 C:\xampp\htdocs\Aplikasi Organisasi Kampus Finally_\system\CLI\Console.php(48): CodeIgniter\CodeIgniter->run()
#14 C:\xampp\htdocs\Aplikasi Organisasi Kampus Finally_\spark(98): CodeIgniter\CLI\Console->run()
#15 {main}
ERROR - 2023-06-03 09:30:58 --> mysqli_sql_exception: Incorrect table definition; there can be only one auto column and it must be defined as a key in C:\xampp\htdocs\Aplikasi Organisasi Kampus Finally_\system\Database\MySQLi\Connection.php:292
Stack trace:
#0 C:\xampp\htdocs\Aplikasi Organisasi Kampus Finally_\system\Database\MySQLi\Connection.php(292): mysqli->query('CREATE TABLE `t...', 0)
#1 C:\xampp\htdocs\Aplikasi Organisasi Kampus Finally_\system\Database\BaseConnection.php(666): CodeIgniter\Database\MySQLi\Connection->execute('CREATE TABLE `t...')
#2 C:\xampp\htdocs\Aplikasi Organisasi Kampus Finally_\system\Database\BaseConnection.php(593): CodeIgniter\Database\BaseConnection->simpleQuery('CREATE TABLE `t...')
#3 C:\xampp\htdocs\Aplikasi Organisasi Kampus Finally_\system\Database\Forge.php(509): CodeIgniter\Database\BaseConnection->query('CREATE TABLE `t...')
#4 C:\xampp\htdocs\Aplikasi Organisasi Kampus Finally_\app\Database\Migrations\2023-05-22-114519_Organisasi.php(36): CodeIgniter\Database\Forge->createTable('tb_organisasi')
#5 C:\xampp\htdocs\Aplikasi Organisasi Kampus Finally_\system\Database\MigrationRunner.php(868): App\Database\Migrations\Organisasi->up()
#6 C:\xampp\htdocs\Aplikasi Organisasi Kampus Finally_\system\Database\MigrationRunner.php(187): CodeIgniter\Database\MigrationRunner->migrate('up', Object(stdClass))
#7 C:\xampp\htdocs\Aplikasi Organisasi Kampus Finally_\system\Commands\Database\Migrate.php(84): CodeIgniter\Database\MigrationRunner->latest(NULL)
#8 C:\xampp\htdocs\Aplikasi Organisasi Kampus Finally_\system\CLI\Commands.php(63): CodeIgniter\Commands\Database\Migrate->run(Array)
#9 C:\xampp\htdocs\Aplikasi Organisasi Kampus Finally_\system\CLI\CommandRunner.php(65): CodeIgniter\CLI\Commands->run('migrate', Array)
#10 C:\xampp\htdocs\Aplikasi Organisasi Kampus Finally_\system\CLI\CommandRunner.php(51): CodeIgniter\CLI\CommandRunner->index(Array)
#11 C:\xampp\htdocs\Aplikasi Organisasi Kampus Finally_\system\CodeIgniter.php(920): CodeIgniter\CLI\CommandRunner->_remap('index', Array)
#12 C:\xampp\htdocs\Aplikasi Organisasi Kampus Finally_\system\CodeIgniter.php(482): CodeIgniter\CodeIgniter->runController(Object(CodeIgniter\CLI\CommandRunner))
#13 C:\xampp\htdocs\Aplikasi Organisasi Kampus Finally_\system\CodeIgniter.php(347): CodeIgniter\CodeIgniter->handleRequest(NULL, Object(Config\Cache), false)
#14 C:\xampp\htdocs\Aplikasi Organisasi Kampus Finally_\system\CLI\Console.php(48): CodeIgniter\CodeIgniter->run()
#15 C:\xampp\htdocs\Aplikasi Organisasi Kampus Finally_\spark(98): CodeIgniter\CLI\Console->run()
#16 {main}
ERROR - 2023-06-03 09:32:32 --> mysqli_sql_exception: Cannot add or update a child row: a foreign key constraint fails (`organisasi_kampus_widyatama`.`tb_user`, CONSTRAINT `tb_user_ibfk_1` FOREIGN KEY (`u_prodi`) REFERENCES `tb_prodi` (`p_id`)) in C:\xampp\htdocs\Aplikasi Organisasi Kampus Finally_\system\Database\MySQLi\Connection.php:292
Stack trace:
#0 C:\xampp\htdocs\Aplikasi Organisasi Kampus Finally_\system\Database\MySQLi\Connection.php(292): mysqli->query('INSERT INTO `tb...', 0)
#1 C:\xampp\htdocs\Aplikasi Organisasi Kampus Finally_\system\Database\BaseConnection.php(666): CodeIgniter\Database\MySQLi\Connection->execute('INSERT INTO `tb...')
#2 C:\xampp\htdocs\Aplikasi Organisasi Kampus Finally_\system\Database\BaseConnection.php(593): CodeIgniter\Database\BaseConnection->simpleQuery('INSERT INTO `tb...')
#3 C:\xampp\htdocs\Aplikasi Organisasi Kampus Finally_\system\Database\BaseBuilder.php(1778): CodeIgniter\Database\BaseConnection->query('INSERT INTO `tb...', NULL, false)
#4 C:\xampp\htdocs\Aplikasi Organisasi Kampus Finally_\app\Database\Seeds\Users.php(58): CodeIgniter\Database\BaseBuilder->insertBatch(Array)
#5 C:\xampp\htdocs\Aplikasi Organisasi Kampus Finally_\system\Database\Seeder.php(146): App\Database\Seeds\Users->run()
#6 C:\xampp\htdocs\Aplikasi Organisasi Kampus Finally_\system\Commands\Database\Seed.php(77): CodeIgniter\Database\Seeder->call('App\\Database\\Se...')
#7 C:\xampp\htdocs\Aplikasi Organisasi Kampus Finally_\system\CLI\Commands.php(63): CodeIgniter\Commands\Database\Seed->run(Array)
#8 C:\xampp\htdocs\Aplikasi Organisasi Kampus Finally_\system\CLI\CommandRunner.php(65): CodeIgniter\CLI\Commands->run('db:seed', Array)
#9 C:\xampp\htdocs\Aplikasi Organisasi Kampus Finally_\system\CLI\CommandRunner.php(51): CodeIgniter\CLI\CommandRunner->index(Array)
#10 C:\xampp\htdocs\Aplikasi Organisasi Kampus Finally_\system\CodeIgniter.php(920): CodeIgniter\CLI\CommandRunner->_remap('index', Array)
#11 C:\xampp\htdocs\Aplikasi Organisasi Kampus Finally_\system\CodeIgniter.php(482): CodeIgniter\CodeIgniter->runController(Object(CodeIgniter\CLI\CommandRunner))
#12 C:\xampp\htdocs\Aplikasi Organisasi Kampus Finally_\system\CodeIgniter.php(347): CodeIgniter\CodeIgniter->handleRequest(NULL, Object(Config\Cache), false)
#13 C:\xampp\htdocs\Aplikasi Organisasi Kampus Finally_\system\CLI\Console.php(48): CodeIgniter\CodeIgniter->run()
#14 C:\xampp\htdocs\Aplikasi Organisasi Kampus Finally_\spark(98): CodeIgniter\CLI\Console->run()
#15 {main}
CRITICAL - 2023-06-03 10:00:51 --> Undefined variable $decodedPassword
in APPPATH\Views\superadmin\DataUser\registeredituser.php on line 86.
 1 APPPATH\Views\superadmin\DataUser\registeredituser.php(86): CodeIgniter\Debug\Exceptions->errorHandler(2, 'Undefined variable $decodedPassword', 'APPPATH\\Views\\superadmin\\DataUser\\registeredituser.php', 86)
 2 SYSTEMPATH\View\View.php(213): include('APPPATH\\Views\\superadmin\\DataUser\\registeredituser.php')
 3 SYSTEMPATH\View\View.php(216): CodeIgniter\View\View->CodeIgniter\View\{closure}()
 4 SYSTEMPATH\Common.php(1134): CodeIgniter\View\View->render('superadmin/Datauser/registeredituser', [], true)
 5 APPPATH\Controllers\SuperAdminControllers.php(208): view('superadmin/Datauser/registeredituser', [...])
 6 SYSTEMPATH\CodeIgniter.php(927): App\Controllers\SuperAdminControllers->edituser('2')
 7 SYSTEMPATH\CodeIgniter.php(482): CodeIgniter\CodeIgniter->runController(Object(App\Controllers\SuperAdminControllers))
 8 SYSTEMPATH\CodeIgniter.php(351): CodeIgniter\CodeIgniter->handleRequest(null, Object(Config\Cache), false)
 9 FCPATH\index.php(67): CodeIgniter\CodeIgniter->run()
10 SYSTEMPATH\Commands\Server\rewrite.php(46): require_once('FCPATH\\index.php')
CRITICAL - 2023-06-03 10:11:44 --> Undefined array key "p_id"
in APPPATH\Views\superadmin\DataUser\registeredituser.php on line 119.
 1 APPPATH\Views\superadmin\DataUser\registeredituser.php(119): CodeIgniter\Debug\Exceptions->errorHandler(2, 'Undefined array key "p_id"', 'APPPATH\\Views\\superadmin\\DataUser\\registeredituser.php', 119)
 2 SYSTEMPATH\View\View.php(213): include('APPPATH\\Views\\superadmin\\DataUser\\registeredituser.php')
 3 SYSTEMPATH\View\View.php(216): CodeIgniter\View\View->CodeIgniter\View\{closure}()
 4 SYSTEMPATH\Common.php(1134): CodeIgniter\View\View->render('superadmin/Datauser/registeredituser', [], true)
 5 APPPATH\Controllers\SuperAdminControllers.php(208): view('superadmin/Datauser/registeredituser', [...])
 6 SYSTEMPATH\CodeIgniter.php(927): App\Controllers\SuperAdminControllers->edituser('2')
 7 SYSTEMPATH\CodeIgniter.php(482): CodeIgniter\CodeIgniter->runController(Object(App\Controllers\SuperAdminControllers))
 8 SYSTEMPATH\CodeIgniter.php(351): CodeIgniter\CodeIgniter->handleRequest(null, Object(Config\Cache), false)
 9 FCPATH\index.php(67): CodeIgniter\CodeIgniter->run()
10 SYSTEMPATH\Commands\Server\rewrite.php(46): require_once('FCPATH\\index.php')
ERROR - 2023-06-03 13:30:53 --> mysqli_sql_exception: Operand should contain 1 column(s) in C:\xampp\htdocs\Aplikasi Organisasi Kampus Finally_\system\Database\MySQLi\Connection.php:292
Stack trace:
#0 C:\xampp\htdocs\Aplikasi Organisasi Kampus Finally_\system\Database\MySQLi\Connection.php(292): mysqli->query('INSERT INTO `tb...', 0)
#1 C:\xampp\htdocs\Aplikasi Organisasi Kampus Finally_\system\Database\BaseConnection.php(666): CodeIgniter\Database\MySQLi\Connection->execute('INSERT INTO `tb...')
#2 C:\xampp\htdocs\Aplikasi Organisasi Kampus Finally_\system\Database\BaseConnection.php(593): CodeIgniter\Database\BaseConnection->simpleQuery('INSERT INTO `tb...')
#3 C:\xampp\htdocs\Aplikasi Organisasi Kampus Finally_\system\Database\BaseBuilder.php(1916): CodeIgniter\Database\BaseConnection->query('INSERT INTO `tb...', Array, false)
#4 C:\xampp\htdocs\Aplikasi Organisasi Kampus Finally_\system\Model.php(279): CodeIgniter\Database\BaseBuilder->insert()
#5 C:\xampp\htdocs\Aplikasi Organisasi Kampus Finally_\system\BaseModel.php(749): CodeIgniter\Model->doInsert(Array)
#6 C:\xampp\htdocs\Aplikasi Organisasi Kampus Finally_\system\Model.php(667): CodeIgniter\BaseModel->insert(Array, true)
#7 C:\xampp\htdocs\Aplikasi Organisasi Kampus Finally_\app\Controllers\SuperAdminControllers.php(450): CodeIgniter\Model->insert(Array)
#8 C:\xampp\htdocs\Aplikasi Organisasi Kampus Finally_\system\CodeIgniter.php(927): App\Controllers\SuperAdminControllers->registeranggotaLKOKprocess()
#9 C:\xampp\htdocs\Aplikasi Organisasi Kampus Finally_\system\CodeIgniter.php(482): CodeIgniter\CodeIgniter->runController(Object(App\Controllers\SuperAdminControllers))
#10 C:\xampp\htdocs\Aplikasi Organisasi Kampus Finally_\system\CodeIgniter.php(351): CodeIgniter\CodeIgniter->handleRequest(NULL, Object(Config\Cache), false)
#11 C:\xampp\htdocs\Aplikasi Organisasi Kampus Finally_\public\index.php(67): CodeIgniter\CodeIgniter->run()
#12 C:\xampp\htdocs\Aplikasi Organisasi Kampus Finally_\system\Commands\Server\rewrite.php(46): require_once('C:\\xampp\\htdocs...')
#13 {main}
CRITICAL - 2023-06-03 13:30:53 --> Operand should contain 1 column(s)
in SYSTEMPATH\Database\MySQLi\Connection.php on line 292.
 1 SYSTEMPATH\Database\MySQLi\Connection.php(292): mysqli->query('INSERT INTO `tb_pengambilan_organisasi` (`ao_id`, `o_id`, `po_create_at`, `po_update_at`) VALUES (1, (\'1\',\'2\'), \'2023-06-03 13:30:53\', \'2023-06-03 13:30:53\')', 0)
 2 SYSTEMPATH\Database\BaseConnection.php(666): CodeIgniter\Database\MySQLi\Connection->execute('INSERT INTO `tb_pengambilan_organisasi` (`ao_id`, `o_id`, `po_create_at`, `po_update_at`) VALUES (1, (\'1\',\'2\'), \'2023-06-03 13:30:53\', \'2023-06-03 13:30:53\')')
 3 SYSTEMPATH\Database\BaseConnection.php(593): CodeIgniter\Database\BaseConnection->simpleQuery('INSERT INTO `tb_pengambilan_organisasi` (`ao_id`, `o_id`, `po_create_at`, `po_update_at`) VALUES (1, (\'1\',\'2\'), \'2023-06-03 13:30:53\', \'2023-06-03 13:30:53\')')
 4 SYSTEMPATH\Database\BaseBuilder.php(1916): CodeIgniter\Database\BaseConnection->query('INSERT INTO `tb_pengambilan_organisasi` (`ao_id`, `o_id`, `po_create_at`, `po_update_at`) VALUES (:ao_id:, :o_id:, :po_create_at:, :po_update_at:)', [...], false)
 5 SYSTEMPATH\Model.php(279): CodeIgniter\Database\BaseBuilder->insert()
 6 SYSTEMPATH\BaseModel.php(749): CodeIgniter\Model->doInsert([...])
 7 SYSTEMPATH\Model.php(667): CodeIgniter\BaseModel->insert([...], true)
 8 APPPATH\Controllers\SuperAdminControllers.php(450): CodeIgniter\Model->insert([...])
 9 SYSTEMPATH\CodeIgniter.php(927): App\Controllers\SuperAdminControllers->registeranggotaLKOKprocess()
10 SYSTEMPATH\CodeIgniter.php(482): CodeIgniter\CodeIgniter->runController(Object(App\Controllers\SuperAdminControllers))
11 SYSTEMPATH\CodeIgniter.php(351): CodeIgniter\CodeIgniter->handleRequest(null, Object(Config\Cache), false)
12 FCPATH\index.php(67): CodeIgniter\CodeIgniter->run()
13 SYSTEMPATH\Commands\Server\rewrite.php(46): require_once('FCPATH\\index.php')
CRITICAL - 2023-06-03 13:35:24 --> Undefined array key "o_id"
in APPPATH\Views\superadmin\LKOK\DataAnggotaLKOK\dataanggotalkok.php on line 68.
 1 APPPATH\Views\superadmin\LKOK\DataAnggotaLKOK\dataanggotalkok.php(68): CodeIgniter\Debug\Exceptions->errorHandler(2, 'Undefined array key "o_id"', 'APPPATH\\Views\\superadmin\\LKOK\\DataAnggotaLKOK\\dataanggotalkok.php', 68)
 2 SYSTEMPATH\View\View.php(213): include('APPPATH\\Views\\superadmin\\LKOK\\DataAnggotaLKOK\\dataanggotalkok.php')
 3 SYSTEMPATH\View\View.php(216): CodeIgniter\View\View->CodeIgniter\View\{closure}()
 4 SYSTEMPATH\Common.php(1134): CodeIgniter\View\View->render('superadmin/LKOK/DataAnggotaLKOK/dataanggotalkok', [], true)
 5 APPPATH\Controllers\SuperAdminControllers.php(399): view('superadmin/LKOK/DataAnggotaLKOK/dataanggotalkok', [...])
 6 SYSTEMPATH\CodeIgniter.php(927): App\Controllers\SuperAdminControllers->listdataanggotaLKOK()
 7 SYSTEMPATH\CodeIgniter.php(482): CodeIgniter\CodeIgniter->runController(Object(App\Controllers\SuperAdminControllers))
 8 SYSTEMPATH\CodeIgniter.php(351): CodeIgniter\CodeIgniter->handleRequest(null, Object(Config\Cache), false)
 9 FCPATH\index.php(67): CodeIgniter\CodeIgniter->run()
10 SYSTEMPATH\Commands\Server\rewrite.php(46): require_once('FCPATH\\index.php')
CRITICAL - 2023-06-03 14:04:57 --> Undefined variable $tb_pengambilan_organisasi
in APPPATH\Views\superadmin\LKOK\DataAnggotaLKOK\dataanggotalkok.php on line 69.
 1 APPPATH\Views\superadmin\LKOK\DataAnggotaLKOK\dataanggotalkok.php(69): CodeIgniter\Debug\Exceptions->errorHandler(2, 'Undefined variable $tb_pengambilan_organisasi', 'APPPATH\\Views\\superadmin\\LKOK\\DataAnggotaLKOK\\dataanggotalkok.php', 69)
 2 SYSTEMPATH\View\View.php(213): include('APPPATH\\Views\\superadmin\\LKOK\\DataAnggotaLKOK\\dataanggotalkok.php')
 3 SYSTEMPATH\View\View.php(216): CodeIgniter\View\View->CodeIgniter\View\{closure}()
 4 SYSTEMPATH\Common.php(1134): CodeIgniter\View\View->render('superadmin/LKOK/DataAnggotaLKOK/dataanggotalkok', [], true)
 5 APPPATH\Controllers\SuperAdminControllers.php(399): view('superadmin/LKOK/DataAnggotaLKOK/dataanggotalkok', [...])
 6 SYSTEMPATH\CodeIgniter.php(927): App\Controllers\SuperAdminControllers->listdataanggotaLKOK()
 7 SYSTEMPATH\CodeIgniter.php(482): CodeIgniter\CodeIgniter->runController(Object(App\Controllers\SuperAdminControllers))
 8 SYSTEMPATH\CodeIgniter.php(351): CodeIgniter\CodeIgniter->handleRequest(null, Object(Config\Cache), false)
 9 FCPATH\index.php(67): CodeIgniter\CodeIgniter->run()
10 SYSTEMPATH\Commands\Server\rewrite.php(46): require_once('FCPATH\\index.php')
CRITICAL - 2023-06-03 14:05:38 --> Undefined variable $tb_pengambilan_organisasi
in APPPATH\Views\superadmin\LKOK\DataAnggotaLKOK\dataanggotalkok.php on line 69.
 1 APPPATH\Views\superadmin\LKOK\DataAnggotaLKOK\dataanggotalkok.php(69): CodeIgniter\Debug\Exceptions->errorHandler(2, 'Undefined variable $tb_pengambilan_organisasi', 'APPPATH\\Views\\superadmin\\LKOK\\DataAnggotaLKOK\\dataanggotalkok.php', 69)
 2 SYSTEMPATH\View\View.php(213): include('APPPATH\\Views\\superadmin\\LKOK\\DataAnggotaLKOK\\dataanggotalkok.php')
 3 SYSTEMPATH\View\View.php(216): CodeIgniter\View\View->CodeIgniter\View\{closure}()
 4 SYSTEMPATH\Common.php(1134): CodeIgniter\View\View->render('superadmin/LKOK/DataAnggotaLKOK/dataanggotalkok', [], true)
 5 APPPATH\Controllers\SuperAdminControllers.php(399): view('superadmin/LKOK/DataAnggotaLKOK/dataanggotalkok', [...])
 6 SYSTEMPATH\CodeIgniter.php(927): App\Controllers\SuperAdminControllers->listdataanggotaLKOK()
 7 SYSTEMPATH\CodeIgniter.php(482): CodeIgniter\CodeIgniter->runController(Object(App\Controllers\SuperAdminControllers))
 8 SYSTEMPATH\CodeIgniter.php(351): CodeIgniter\CodeIgniter->handleRequest(null, Object(Config\Cache), false)
 9 FCPATH\index.php(67): CodeIgniter\CodeIgniter->run()
10 SYSTEMPATH\Commands\Server\rewrite.php(46): require_once('FCPATH\\index.php')
CRITICAL - 2023-06-03 14:47:44 --> Undefined variable $tb_pengambilan_organisasi
in APPPATH\Views\superadmin\LKOK\DataAnggotaLKOK\dataanggotalkok.php on line 80.
 1 APPPATH\Views\superadmin\LKOK\DataAnggotaLKOK\dataanggotalkok.php(80): CodeIgniter\Debug\Exceptions->errorHandler(2, 'Undefined variable $tb_pengambilan_organisasi', 'APPPATH\\Views\\superadmin\\LKOK\\DataAnggotaLKOK\\dataanggotalkok.php', 80)
 2 SYSTEMPATH\View\View.php(213): include('APPPATH\\Views\\superadmin\\LKOK\\DataAnggotaLKOK\\dataanggotalkok.php')
 3 SYSTEMPATH\View\View.php(216): CodeIgniter\View\View->CodeIgniter\View\{closure}()
 4 SYSTEMPATH\Common.php(1134): CodeIgniter\View\View->render('superadmin/LKOK/DataAnggotaLKOK/dataanggotalkok', [], true)
 5 APPPATH\Controllers\SuperAdminControllers.php(399): view('superadmin/LKOK/DataAnggotaLKOK/dataanggotalkok', [...])
 6 SYSTEMPATH\CodeIgniter.php(927): App\Controllers\SuperAdminControllers->listdataanggotaLKOK()
 7 SYSTEMPATH\CodeIgniter.php(482): CodeIgniter\CodeIgniter->runController(Object(App\Controllers\SuperAdminControllers))
 8 SYSTEMPATH\CodeIgniter.php(351): CodeIgniter\CodeIgniter->handleRequest(null, Object(Config\Cache), false)
 9 FCPATH\index.php(67): CodeIgniter\CodeIgniter->run()
10 SYSTEMPATH\Commands\Server\rewrite.php(46): require_once('FCPATH\\index.php')
CRITICAL - 2023-06-03 14:55:30 --> Undefined variable $tb_pengambilan_organisasi
in APPPATH\Views\superadmin\LKOK\DataAnggotaLKOK\dataanggotalkok.php on line 69.
 1 APPPATH\Views\superadmin\LKOK\DataAnggotaLKOK\dataanggotalkok.php(69): CodeIgniter\Debug\Exceptions->errorHandler(2, 'Undefined variable $tb_pengambilan_organisasi', 'APPPATH\\Views\\superadmin\\LKOK\\DataAnggotaLKOK\\dataanggotalkok.php', 69)
 2 SYSTEMPATH\View\View.php(213): include('APPPATH\\Views\\superadmin\\LKOK\\DataAnggotaLKOK\\dataanggotalkok.php')
 3 SYSTEMPATH\View\View.php(216): CodeIgniter\View\View->CodeIgniter\View\{closure}()
 4 SYSTEMPATH\Common.php(1134): CodeIgniter\View\View->render('superadmin/LKOK/DataAnggotaLKOK/dataanggotalkok', [], true)
 5 APPPATH\Controllers\SuperAdminControllers.php(399): view('superadmin/LKOK/DataAnggotaLKOK/dataanggotalkok', [...])
 6 SYSTEMPATH\CodeIgniter.php(927): App\Controllers\SuperAdminControllers->listdataanggotaLKOK()
 7 SYSTEMPATH\CodeIgniter.php(482): CodeIgniter\CodeIgniter->runController(Object(App\Controllers\SuperAdminControllers))
 8 SYSTEMPATH\CodeIgniter.php(351): CodeIgniter\CodeIgniter->handleRequest(null, Object(Config\Cache), false)
 9 FCPATH\index.php(67): CodeIgniter\CodeIgniter->run()
10 SYSTEMPATH\Commands\Server\rewrite.php(46): require_once('FCPATH\\index.php')
CRITICAL - 2023-06-03 14:55:46 --> Undefined variable $tb_pengambilan_organisasi
in APPPATH\Views\superadmin\LKOK\DataAnggotaLKOK\dataanggotalkok.php on line 69.
 1 APPPATH\Views\superadmin\LKOK\DataAnggotaLKOK\dataanggotalkok.php(69): CodeIgniter\Debug\Exceptions->errorHandler(2, 'Undefined variable $tb_pengambilan_organisasi', 'APPPATH\\Views\\superadmin\\LKOK\\DataAnggotaLKOK\\dataanggotalkok.php', 69)
 2 SYSTEMPATH\View\View.php(213): include('APPPATH\\Views\\superadmin\\LKOK\\DataAnggotaLKOK\\dataanggotalkok.php')
 3 SYSTEMPATH\View\View.php(216): CodeIgniter\View\View->CodeIgniter\View\{closure}()
 4 SYSTEMPATH\Common.php(1134): CodeIgniter\View\View->render('superadmin/LKOK/DataAnggotaLKOK/dataanggotalkok', [], true)
 5 APPPATH\Controllers\SuperAdminControllers.php(399): view('superadmin/LKOK/DataAnggotaLKOK/dataanggotalkok', [...])
 6 SYSTEMPATH\CodeIgniter.php(927): App\Controllers\SuperAdminControllers->listdataanggotaLKOK()
 7 SYSTEMPATH\CodeIgniter.php(482): CodeIgniter\CodeIgniter->runController(Object(App\Controllers\SuperAdminControllers))
 8 SYSTEMPATH\CodeIgniter.php(351): CodeIgniter\CodeIgniter->handleRequest(null, Object(Config\Cache), false)
 9 FCPATH\index.php(67): CodeIgniter\CodeIgniter->run()
10 SYSTEMPATH\Commands\Server\rewrite.php(46): require_once('FCPATH\\index.php')
CRITICAL - 2023-06-03 15:06:29 --> Undefined variable $tb_pengambilan_organisasi
in APPPATH\Views\superadmin\LKOK\DataAnggotaLKOK\dataanggotalkok.php on line 69.
 1 APPPATH\Views\superadmin\LKOK\DataAnggotaLKOK\dataanggotalkok.php(69): CodeIgniter\Debug\Exceptions->errorHandler(2, 'Undefined variable $tb_pengambilan_organisasi', 'APPPATH\\Views\\superadmin\\LKOK\\DataAnggotaLKOK\\dataanggotalkok.php', 69)
 2 SYSTEMPATH\View\View.php(213): include('APPPATH\\Views\\superadmin\\LKOK\\DataAnggotaLKOK\\dataanggotalkok.php')
 3 SYSTEMPATH\View\View.php(216): CodeIgniter\View\View->CodeIgniter\View\{closure}()
 4 SYSTEMPATH\Common.php(1134): CodeIgniter\View\View->render('superadmin/LKOK/DataAnggotaLKOK/dataanggotalkok', [], true)
 5 APPPATH\Controllers\SuperAdminControllers.php(399): view('superadmin/LKOK/DataAnggotaLKOK/dataanggotalkok', [...])
 6 SYSTEMPATH\CodeIgniter.php(927): App\Controllers\SuperAdminControllers->listdataanggotaLKOK()
 7 SYSTEMPATH\CodeIgniter.php(482): CodeIgniter\CodeIgniter->runController(Object(App\Controllers\SuperAdminControllers))
 8 SYSTEMPATH\CodeIgniter.php(351): CodeIgniter\CodeIgniter->handleRequest(null, Object(Config\Cache), false)
 9 FCPATH\index.php(67): CodeIgniter\CodeIgniter->run()
10 SYSTEMPATH\Commands\Server\rewrite.php(46): require_once('FCPATH\\index.php')
