ERROR - 2023-05-22 19:06:28 --> mysqli_sql_exception: Can't create table `organisasi_kampus_widyatama`.`tb_user` (errno: 150 "Foreign key constraint is incorrectly formed") in C:\xampp\htdocs\Aplikasi Organisasi Kampus Finally\system\Database\MySQLi\Connection.php:292
Stack trace:
#0 C:\xampp\htdocs\Aplikasi Organisasi Kampus Finally\system\Database\MySQLi\Connection.php(292): mysqli->query('CREATE TABLE `t...', 0)
#1 C:\xampp\htdocs\Aplikasi Organisasi Kampus Finally\system\Database\BaseConnection.php(666): CodeIgniter\Database\MySQLi\Connection->execute('CREATE TABLE `t...')
#2 C:\xampp\htdocs\Aplikasi Organisasi Kampus Finally\system\Database\BaseConnection.php(593): CodeIgniter\Database\BaseConnection->simpleQuery('CREATE TABLE `t...')
#3 C:\xampp\htdocs\Aplikasi Organisasi Kampus Finally\system\Database\Forge.php(509): CodeIgniter\Database\BaseConnection->query('CREATE TABLE `t...')
#4 C:\xampp\htdocs\Aplikasi Organisasi Kampus Finally\app\Database\Migrations\2023-05-22-113930_Users.php(24): CodeIgniter\Database\Forge->createTable('tb_user')
#5 C:\xampp\htdocs\Aplikasi Organisasi Kampus Finally\system\Database\MigrationRunner.php(868): App\Database\Migrations\Users->up()
#6 C:\xampp\htdocs\Aplikasi Organisasi Kampus Finally\system\Database\MigrationRunner.php(187): CodeIgniter\Database\MigrationRunner->migrate('up', Object(stdClass))
#7 C:\xampp\htdocs\Aplikasi Organisasi Kampus Finally\system\Commands\Database\Migrate.php(84): CodeIgniter\Database\MigrationRunner->latest(NULL)
#8 C:\xampp\htdocs\Aplikasi Organisasi Kampus Finally\system\CLI\Commands.php(63): CodeIgniter\Commands\Database\Migrate->run(Array)
#9 C:\xampp\htdocs\Aplikasi Organisasi Kampus Finally\system\CLI\CommandRunner.php(65): CodeIgniter\CLI\Commands->run('migrate', Array)
#10 C:\xampp\htdocs\Aplikasi Organisasi Kampus Finally\system\CLI\CommandRunner.php(51): CodeIgniter\CLI\CommandRunner->index(Array)
#11 C:\xampp\htdocs\Aplikasi Organisasi Kampus Finally\system\CodeIgniter.php(920): CodeIgniter\CLI\CommandRunner->_remap('index', Array)
#12 C:\xampp\htdocs\Aplikasi Organisasi Kampus Finally\system\CodeIgniter.php(482): CodeIgniter\CodeIgniter->runController(Object(CodeIgniter\CLI\CommandRunner))
#13 C:\xampp\htdocs\Aplikasi Organisasi Kampus Finally\system\CodeIgniter.php(347): CodeIgniter\CodeIgniter->handleRequest(NULL, Object(Config\Cache), false)
#14 C:\xampp\htdocs\Aplikasi Organisasi Kampus Finally\system\CLI\Console.php(48): CodeIgniter\CodeIgniter->run()
#15 C:\xampp\htdocs\Aplikasi Organisasi Kampus Finally\spark(98): CodeIgniter\CLI\Console->run()
#16 {main}
ERROR - 2023-05-22 19:10:09 --> mysqli_sql_exception: Can't create table `organisasi_kampus_widyatama`.`tb_user` (errno: 150 "Foreign key constraint is incorrectly formed") in C:\xampp\htdocs\Aplikasi Organisasi Kampus Finally\system\Database\MySQLi\Connection.php:292
Stack trace:
#0 C:\xampp\htdocs\Aplikasi Organisasi Kampus Finally\system\Database\MySQLi\Connection.php(292): mysqli->query('CREATE TABLE `t...', 0)
#1 C:\xampp\htdocs\Aplikasi Organisasi Kampus Finally\system\Database\BaseConnection.php(666): CodeIgniter\Database\MySQLi\Connection->execute('CREATE TABLE `t...')
#2 C:\xampp\htdocs\Aplikasi Organisasi Kampus Finally\system\Database\BaseConnection.php(593): CodeIgniter\Database\BaseConnection->simpleQuery('CREATE TABLE `t...')
#3 C:\xampp\htdocs\Aplikasi Organisasi Kampus Finally\system\Database\Forge.php(509): CodeIgniter\Database\BaseConnection->query('CREATE TABLE `t...')
#4 C:\xampp\htdocs\Aplikasi Organisasi Kampus Finally\app\Database\Migrations\2023-05-22-113930_Users.php(24): CodeIgniter\Database\Forge->createTable('tb_user')
#5 C:\xampp\htdocs\Aplikasi Organisasi Kampus Finally\system\Database\MigrationRunner.php(868): App\Database\Migrations\Users->up()
#6 C:\xampp\htdocs\Aplikasi Organisasi Kampus Finally\system\Database\MigrationRunner.php(187): CodeIgniter\Database\MigrationRunner->migrate('up', Object(stdClass))
#7 C:\xampp\htdocs\Aplikasi Organisasi Kampus Finally\system\Commands\Database\Migrate.php(84): CodeIgniter\Database\MigrationRunner->latest(NULL)
#8 C:\xampp\htdocs\Aplikasi Organisasi Kampus Finally\system\CLI\Commands.php(63): CodeIgniter\Commands\Database\Migrate->run(Array)
#9 C:\xampp\htdocs\Aplikasi Organisasi Kampus Finally\system\CLI\CommandRunner.php(65): CodeIgniter\CLI\Commands->run('migrate', Array)
#10 C:\xampp\htdocs\Aplikasi Organisasi Kampus Finally\system\CLI\CommandRunner.php(51): CodeIgniter\CLI\CommandRunner->index(Array)
#11 C:\xampp\htdocs\Aplikasi Organisasi Kampus Finally\system\CodeIgniter.php(920): CodeIgniter\CLI\CommandRunner->_remap('index', Array)
#12 C:\xampp\htdocs\Aplikasi Organisasi Kampus Finally\system\CodeIgniter.php(482): CodeIgniter\CodeIgniter->runController(Object(CodeIgniter\CLI\CommandRunner))
#13 C:\xampp\htdocs\Aplikasi Organisasi Kampus Finally\system\CodeIgniter.php(347): CodeIgniter\CodeIgniter->handleRequest(NULL, Object(Config\Cache), false)
#14 C:\xampp\htdocs\Aplikasi Organisasi Kampus Finally\system\CLI\Console.php(48): CodeIgniter\CodeIgniter->run()
#15 C:\xampp\htdocs\Aplikasi Organisasi Kampus Finally\spark(98): CodeIgniter\CLI\Console->run()
#16 {main}
ERROR - 2023-05-22 19:24:22 --> mysqli_sql_exception: Can't create table `organisasi_kampus_widyatama`.`tb_user` (errno: 150 "Foreign key constraint is incorrectly formed") in C:\xampp\htdocs\Aplikasi Organisasi Kampus Finally\system\Database\MySQLi\Connection.php:292
Stack trace:
#0 C:\xampp\htdocs\Aplikasi Organisasi Kampus Finally\system\Database\MySQLi\Connection.php(292): mysqli->query('CREATE TABLE `t...', 0)
#1 C:\xampp\htdocs\Aplikasi Organisasi Kampus Finally\system\Database\BaseConnection.php(666): CodeIgniter\Database\MySQLi\Connection->execute('CREATE TABLE `t...')
#2 C:\xampp\htdocs\Aplikasi Organisasi Kampus Finally\system\Database\BaseConnection.php(593): CodeIgniter\Database\BaseConnection->simpleQuery('CREATE TABLE `t...')
#3 C:\xampp\htdocs\Aplikasi Organisasi Kampus Finally\system\Database\Forge.php(509): CodeIgniter\Database\BaseConnection->query('CREATE TABLE `t...')
#4 C:\xampp\htdocs\Aplikasi Organisasi Kampus Finally\app\Database\Migrations\2023-05-22-113930_Users.php(25): CodeIgniter\Database\Forge->createTable('tb_user')
#5 C:\xampp\htdocs\Aplikasi Organisasi Kampus Finally\system\Database\MigrationRunner.php(868): App\Database\Migrations\Users->up()
#6 C:\xampp\htdocs\Aplikasi Organisasi Kampus Finally\system\Database\MigrationRunner.php(187): CodeIgniter\Database\MigrationRunner->migrate('up', Object(stdClass))
#7 C:\xampp\htdocs\Aplikasi Organisasi Kampus Finally\system\Commands\Database\Migrate.php(84): CodeIgniter\Database\MigrationRunner->latest(NULL)
#8 C:\xampp\htdocs\Aplikasi Organisasi Kampus Finally\system\CLI\Commands.php(63): CodeIgniter\Commands\Database\Migrate->run(Array)
#9 C:\xampp\htdocs\Aplikasi Organisasi Kampus Finally\system\CLI\CommandRunner.php(65): CodeIgniter\CLI\Commands->run('migrate', Array)
#10 C:\xampp\htdocs\Aplikasi Organisasi Kampus Finally\system\CLI\CommandRunner.php(51): CodeIgniter\CLI\CommandRunner->index(Array)
#11 C:\xampp\htdocs\Aplikasi Organisasi Kampus Finally\system\CodeIgniter.php(920): CodeIgniter\CLI\CommandRunner->_remap('index', Array)
#12 C:\xampp\htdocs\Aplikasi Organisasi Kampus Finally\system\CodeIgniter.php(482): CodeIgniter\CodeIgniter->runController(Object(CodeIgniter\CLI\CommandRunner))
#13 C:\xampp\htdocs\Aplikasi Organisasi Kampus Finally\system\CodeIgniter.php(347): CodeIgniter\CodeIgniter->handleRequest(NULL, Object(Config\Cache), false)
#14 C:\xampp\htdocs\Aplikasi Organisasi Kampus Finally\system\CLI\Console.php(48): CodeIgniter\CodeIgniter->run()
#15 C:\xampp\htdocs\Aplikasi Organisasi Kampus Finally\spark(98): CodeIgniter\CLI\Console->run()
#16 {main}
ERROR - 2023-05-22 19:42:24 --> mysqli_sql_exception: You have an error in your SQL syntax; check the manual that corresponds to your MariaDB server version for the right syntax to use near '(100) NOT NULL,
	`u_prodi` INT(11) NOT NULL,
	`u_angkatan` INT(11) NOT NULL,
...' at line 5 in C:\xampp\htdocs\Aplikasi Organisasi Kampus Finally\system\Database\MySQLi\Connection.php:292
Stack trace:
#0 C:\xampp\htdocs\Aplikasi Organisasi Kampus Finally\system\Database\MySQLi\Connection.php(292): mysqli->query('CREATE TABLE `t...', 0)
#1 C:\xampp\htdocs\Aplikasi Organisasi Kampus Finally\system\Database\BaseConnection.php(666): CodeIgniter\Database\MySQLi\Connection->execute('CREATE TABLE `t...')
#2 C:\xampp\htdocs\Aplikasi Organisasi Kampus Finally\system\Database\BaseConnection.php(593): CodeIgniter\Database\BaseConnection->simpleQuery('CREATE TABLE `t...')
#3 C:\xampp\htdocs\Aplikasi Organisasi Kampus Finally\system\Database\Forge.php(509): CodeIgniter\Database\BaseConnection->query('CREATE TABLE `t...')
#4 C:\xampp\htdocs\Aplikasi Organisasi Kampus Finally\app\Database\Migrations\2023-05-22-113930_Users.php(58): CodeIgniter\Database\Forge->createTable('tb_user')
#5 C:\xampp\htdocs\Aplikasi Organisasi Kampus Finally\system\Database\MigrationRunner.php(868): App\Database\Migrations\Users->up()
#6 C:\xampp\htdocs\Aplikasi Organisasi Kampus Finally\system\Database\MigrationRunner.php(187): CodeIgniter\Database\MigrationRunner->migrate('up', Object(stdClass))
#7 C:\xampp\htdocs\Aplikasi Organisasi Kampus Finally\system\Commands\Database\Migrate.php(84): CodeIgniter\Database\MigrationRunner->latest(NULL)
#8 C:\xampp\htdocs\Aplikasi Organisasi Kampus Finally\system\CLI\Commands.php(63): CodeIgniter\Commands\Database\Migrate->run(Array)
#9 C:\xampp\htdocs\Aplikasi Organisasi Kampus Finally\system\CLI\CommandRunner.php(65): CodeIgniter\CLI\Commands->run('migrate', Array)
#10 C:\xampp\htdocs\Aplikasi Organisasi Kampus Finally\system\CLI\CommandRunner.php(51): CodeIgniter\CLI\CommandRunner->index(Array)
#11 C:\xampp\htdocs\Aplikasi Organisasi Kampus Finally\system\CodeIgniter.php(920): CodeIgniter\CLI\CommandRunner->_remap('index', Array)
#12 C:\xampp\htdocs\Aplikasi Organisasi Kampus Finally\system\CodeIgniter.php(482): CodeIgniter\CodeIgniter->runController(Object(CodeIgniter\CLI\CommandRunner))
#13 C:\xampp\htdocs\Aplikasi Organisasi Kampus Finally\system\CodeIgniter.php(347): CodeIgniter\CodeIgniter->handleRequest(NULL, Object(Config\Cache), false)
#14 C:\xampp\htdocs\Aplikasi Organisasi Kampus Finally\system\CLI\Console.php(48): CodeIgniter\CodeIgniter->run()
#15 C:\xampp\htdocs\Aplikasi Organisasi Kampus Finally\spark(98): CodeIgniter\CLI\Console->run()
#16 {main}
ERROR - 2023-05-22 19:44:02 --> mysqli_sql_exception: You have an error in your SQL syntax; check the manual that corresponds to your MariaDB server version for the right syntax to use near '(100) NOT NULL,
	`u_prodi` INT(11) NOT NULL,
	`u_angkatan` INT(11) NOT NULL,
...' at line 5 in C:\xampp\htdocs\Aplikasi Organisasi Kampus Finally\system\Database\MySQLi\Connection.php:292
Stack trace:
#0 C:\xampp\htdocs\Aplikasi Organisasi Kampus Finally\system\Database\MySQLi\Connection.php(292): mysqli->query('CREATE TABLE `t...', 0)
#1 C:\xampp\htdocs\Aplikasi Organisasi Kampus Finally\system\Database\BaseConnection.php(666): CodeIgniter\Database\MySQLi\Connection->execute('CREATE TABLE `t...')
#2 C:\xampp\htdocs\Aplikasi Organisasi Kampus Finally\system\Database\BaseConnection.php(593): CodeIgniter\Database\BaseConnection->simpleQuery('CREATE TABLE `t...')
#3 C:\xampp\htdocs\Aplikasi Organisasi Kampus Finally\system\Database\Forge.php(509): CodeIgniter\Database\BaseConnection->query('CREATE TABLE `t...')
#4 C:\xampp\htdocs\Aplikasi Organisasi Kampus Finally\app\Database\Migrations\2023-05-22-113930_Users.php(58): CodeIgniter\Database\Forge->createTable('tb_user')
#5 C:\xampp\htdocs\Aplikasi Organisasi Kampus Finally\system\Database\MigrationRunner.php(868): App\Database\Migrations\Users->up()
#6 C:\xampp\htdocs\Aplikasi Organisasi Kampus Finally\system\Database\MigrationRunner.php(187): CodeIgniter\Database\MigrationRunner->migrate('up', Object(stdClass))
#7 C:\xampp\htdocs\Aplikasi Organisasi Kampus Finally\system\Commands\Database\Migrate.php(84): CodeIgniter\Database\MigrationRunner->latest(NULL)
#8 C:\xampp\htdocs\Aplikasi Organisasi Kampus Finally\system\CLI\Commands.php(63): CodeIgniter\Commands\Database\Migrate->run(Array)
#9 C:\xampp\htdocs\Aplikasi Organisasi Kampus Finally\system\CLI\CommandRunner.php(65): CodeIgniter\CLI\Commands->run('migrate', Array)
#10 C:\xampp\htdocs\Aplikasi Organisasi Kampus Finally\system\CLI\CommandRunner.php(51): CodeIgniter\CLI\CommandRunner->index(Array)
#11 C:\xampp\htdocs\Aplikasi Organisasi Kampus Finally\system\CodeIgniter.php(920): CodeIgniter\CLI\CommandRunner->_remap('index', Array)
#12 C:\xampp\htdocs\Aplikasi Organisasi Kampus Finally\system\CodeIgniter.php(482): CodeIgniter\CodeIgniter->runController(Object(CodeIgniter\CLI\CommandRunner))
#13 C:\xampp\htdocs\Aplikasi Organisasi Kampus Finally\system\CodeIgniter.php(347): CodeIgniter\CodeIgniter->handleRequest(NULL, Object(Config\Cache), false)
#14 C:\xampp\htdocs\Aplikasi Organisasi Kampus Finally\system\CLI\Console.php(48): CodeIgniter\CodeIgniter->run()
#15 C:\xampp\htdocs\Aplikasi Organisasi Kampus Finally\spark(98): CodeIgniter\CLI\Console->run()
#16 {main}
ERROR - 2023-05-22 19:49:50 --> mysqli_sql_exception: Can't create table `organisasi_kampus_widyatama`.`tb_user` (errno: 150 "Foreign key constraint is incorrectly formed") in C:\xampp\htdocs\Aplikasi Organisasi Kampus Finally\system\Database\MySQLi\Connection.php:292
Stack trace:
#0 C:\xampp\htdocs\Aplikasi Organisasi Kampus Finally\system\Database\MySQLi\Connection.php(292): mysqli->query('CREATE TABLE `t...', 0)
#1 C:\xampp\htdocs\Aplikasi Organisasi Kampus Finally\system\Database\BaseConnection.php(666): CodeIgniter\Database\MySQLi\Connection->execute('CREATE TABLE `t...')
#2 C:\xampp\htdocs\Aplikasi Organisasi Kampus Finally\system\Database\BaseConnection.php(593): CodeIgniter\Database\BaseConnection->simpleQuery('CREATE TABLE `t...')
#3 C:\xampp\htdocs\Aplikasi Organisasi Kampus Finally\system\Database\Forge.php(509): CodeIgniter\Database\BaseConnection->query('CREATE TABLE `t...')
#4 C:\xampp\htdocs\Aplikasi Organisasi Kampus Finally\app\Database\Migrations\2023-05-22-113930_Users.php(59): CodeIgniter\Database\Forge->createTable('tb_user')
#5 C:\xampp\htdocs\Aplikasi Organisasi Kampus Finally\system\Database\MigrationRunner.php(868): App\Database\Migrations\Users->up()
#6 C:\xampp\htdocs\Aplikasi Organisasi Kampus Finally\system\Database\MigrationRunner.php(187): CodeIgniter\Database\MigrationRunner->migrate('up', Object(stdClass))
#7 C:\xampp\htdocs\Aplikasi Organisasi Kampus Finally\system\Commands\Database\Migrate.php(84): CodeIgniter\Database\MigrationRunner->latest(NULL)
#8 C:\xampp\htdocs\Aplikasi Organisasi Kampus Finally\system\CLI\Commands.php(63): CodeIgniter\Commands\Database\Migrate->run(Array)
#9 C:\xampp\htdocs\Aplikasi Organisasi Kampus Finally\system\CLI\CommandRunner.php(65): CodeIgniter\CLI\Commands->run('migrate', Array)
#10 C:\xampp\htdocs\Aplikasi Organisasi Kampus Finally\system\CLI\CommandRunner.php(51): CodeIgniter\CLI\CommandRunner->index(Array)
#11 C:\xampp\htdocs\Aplikasi Organisasi Kampus Finally\system\CodeIgniter.php(920): CodeIgniter\CLI\CommandRunner->_remap('index', Array)
#12 C:\xampp\htdocs\Aplikasi Organisasi Kampus Finally\system\CodeIgniter.php(482): CodeIgniter\CodeIgniter->runController(Object(CodeIgniter\CLI\CommandRunner))
#13 C:\xampp\htdocs\Aplikasi Organisasi Kampus Finally\system\CodeIgniter.php(347): CodeIgniter\CodeIgniter->handleRequest(NULL, Object(Config\Cache), false)
#14 C:\xampp\htdocs\Aplikasi Organisasi Kampus Finally\system\CLI\Console.php(48): CodeIgniter\CodeIgniter->run()
#15 C:\xampp\htdocs\Aplikasi Organisasi Kampus Finally\spark(98): CodeIgniter\CLI\Console->run()
#16 {main}
ERROR - 2023-05-22 22:08:17 --> mysqli_sql_exception: Can't create table `organisasi_kampus_widyatama`.`tb_user` (errno: 150 "Foreign key constraint is incorrectly formed") in C:\xampp\htdocs\Aplikasi Organisasi Kampus Finally\system\Database\MySQLi\Connection.php:292
Stack trace:
#0 C:\xampp\htdocs\Aplikasi Organisasi Kampus Finally\system\Database\MySQLi\Connection.php(292): mysqli->query('CREATE TABLE `t...', 0)
#1 C:\xampp\htdocs\Aplikasi Organisasi Kampus Finally\system\Database\BaseConnection.php(666): CodeIgniter\Database\MySQLi\Connection->execute('CREATE TABLE `t...')
#2 C:\xampp\htdocs\Aplikasi Organisasi Kampus Finally\system\Database\BaseConnection.php(593): CodeIgniter\Database\BaseConnection->simpleQuery('CREATE TABLE `t...')
#3 C:\xampp\htdocs\Aplikasi Organisasi Kampus Finally\system\Database\Forge.php(509): CodeIgniter\Database\BaseConnection->query('CREATE TABLE `t...')
#4 C:\xampp\htdocs\Aplikasi Organisasi Kampus Finally\app\Database\Migrations\2023-05-22-113930_Users.php(62): CodeIgniter\Database\Forge->createTable('tb_user')
#5 C:\xampp\htdocs\Aplikasi Organisasi Kampus Finally\system\Database\MigrationRunner.php(868): App\Database\Migrations\Users->up()
#6 C:\xampp\htdocs\Aplikasi Organisasi Kampus Finally\system\Database\MigrationRunner.php(187): CodeIgniter\Database\MigrationRunner->migrate('up', Object(stdClass))
#7 C:\xampp\htdocs\Aplikasi Organisasi Kampus Finally\system\Commands\Database\Migrate.php(84): CodeIgniter\Database\MigrationRunner->latest(NULL)
#8 C:\xampp\htdocs\Aplikasi Organisasi Kampus Finally\system\CLI\Commands.php(63): CodeIgniter\Commands\Database\Migrate->run(Array)
#9 C:\xampp\htdocs\Aplikasi Organisasi Kampus Finally\system\CLI\CommandRunner.php(65): CodeIgniter\CLI\Commands->run('migrate', Array)
#10 C:\xampp\htdocs\Aplikasi Organisasi Kampus Finally\system\CLI\CommandRunner.php(51): CodeIgniter\CLI\CommandRunner->index(Array)
#11 C:\xampp\htdocs\Aplikasi Organisasi Kampus Finally\system\CodeIgniter.php(920): CodeIgniter\CLI\CommandRunner->_remap('index', Array)
#12 C:\xampp\htdocs\Aplikasi Organisasi Kampus Finally\system\CodeIgniter.php(482): CodeIgniter\CodeIgniter->runController(Object(CodeIgniter\CLI\CommandRunner))
#13 C:\xampp\htdocs\Aplikasi Organisasi Kampus Finally\system\CodeIgniter.php(347): CodeIgniter\CodeIgniter->handleRequest(NULL, Object(Config\Cache), false)
#14 C:\xampp\htdocs\Aplikasi Organisasi Kampus Finally\system\CLI\Console.php(48): CodeIgniter\CodeIgniter->run()
#15 C:\xampp\htdocs\Aplikasi Organisasi Kampus Finally\spark(98): CodeIgniter\CLI\Console->run()
#16 {main}
ERROR - 2023-05-22 22:12:57 --> mysqli_sql_exception: Can't create table `organisasi_kampus_widyatama`.`tb_user` (errno: 150 "Foreign key constraint is incorrectly formed") in C:\xampp\htdocs\Aplikasi Organisasi Kampus Finally\system\Database\MySQLi\Connection.php:292
Stack trace:
#0 C:\xampp\htdocs\Aplikasi Organisasi Kampus Finally\system\Database\MySQLi\Connection.php(292): mysqli->query('CREATE TABLE `t...', 0)
#1 C:\xampp\htdocs\Aplikasi Organisasi Kampus Finally\system\Database\BaseConnection.php(666): CodeIgniter\Database\MySQLi\Connection->execute('CREATE TABLE `t...')
#2 C:\xampp\htdocs\Aplikasi Organisasi Kampus Finally\system\Database\BaseConnection.php(593): CodeIgniter\Database\BaseConnection->simpleQuery('CREATE TABLE `t...')
#3 C:\xampp\htdocs\Aplikasi Organisasi Kampus Finally\system\Database\Forge.php(509): CodeIgniter\Database\BaseConnection->query('CREATE TABLE `t...')
#4 C:\xampp\htdocs\Aplikasi Organisasi Kampus Finally\app\Database\Migrations\2023-05-22-113930_Users.php(62): CodeIgniter\Database\Forge->createTable('tb_user')
#5 C:\xampp\htdocs\Aplikasi Organisasi Kampus Finally\system\Database\MigrationRunner.php(868): App\Database\Migrations\Users->up()
#6 C:\xampp\htdocs\Aplikasi Organisasi Kampus Finally\system\Database\MigrationRunner.php(187): CodeIgniter\Database\MigrationRunner->migrate('up', Object(stdClass))
#7 C:\xampp\htdocs\Aplikasi Organisasi Kampus Finally\system\Commands\Database\Migrate.php(84): CodeIgniter\Database\MigrationRunner->latest(NULL)
#8 C:\xampp\htdocs\Aplikasi Organisasi Kampus Finally\system\CLI\Commands.php(63): CodeIgniter\Commands\Database\Migrate->run(Array)
#9 C:\xampp\htdocs\Aplikasi Organisasi Kampus Finally\system\CLI\CommandRunner.php(65): CodeIgniter\CLI\Commands->run('migrate', Array)
#10 C:\xampp\htdocs\Aplikasi Organisasi Kampus Finally\system\CLI\CommandRunner.php(51): CodeIgniter\CLI\CommandRunner->index(Array)
#11 C:\xampp\htdocs\Aplikasi Organisasi Kampus Finally\system\CodeIgniter.php(920): CodeIgniter\CLI\CommandRunner->_remap('index', Array)
#12 C:\xampp\htdocs\Aplikasi Organisasi Kampus Finally\system\CodeIgniter.php(482): CodeIgniter\CodeIgniter->runController(Object(CodeIgniter\CLI\CommandRunner))
#13 C:\xampp\htdocs\Aplikasi Organisasi Kampus Finally\system\CodeIgniter.php(347): CodeIgniter\CodeIgniter->handleRequest(NULL, Object(Config\Cache), false)
#14 C:\xampp\htdocs\Aplikasi Organisasi Kampus Finally\system\CLI\Console.php(48): CodeIgniter\CodeIgniter->run()
#15 C:\xampp\htdocs\Aplikasi Organisasi Kampus Finally\spark(98): CodeIgniter\CLI\Console->run()
#16 {main}
ERROR - 2023-05-22 22:16:38 --> mysqli_sql_exception: Can't create table `organisasi_kampus_widyatama`.`tb_user` (errno: 150 "Foreign key constraint is incorrectly formed") in C:\xampp\htdocs\Aplikasi Organisasi Kampus Finally\system\Database\MySQLi\Connection.php:292
Stack trace:
#0 C:\xampp\htdocs\Aplikasi Organisasi Kampus Finally\system\Database\MySQLi\Connection.php(292): mysqli->query('CREATE TABLE `t...', 0)
#1 C:\xampp\htdocs\Aplikasi Organisasi Kampus Finally\system\Database\BaseConnection.php(666): CodeIgniter\Database\MySQLi\Connection->execute('CREATE TABLE `t...')
#2 C:\xampp\htdocs\Aplikasi Organisasi Kampus Finally\system\Database\BaseConnection.php(593): CodeIgniter\Database\BaseConnection->simpleQuery('CREATE TABLE `t...')
#3 C:\xampp\htdocs\Aplikasi Organisasi Kampus Finally\system\Database\Forge.php(509): CodeIgniter\Database\BaseConnection->query('CREATE TABLE `t...')
#4 C:\xampp\htdocs\Aplikasi Organisasi Kampus Finally\app\Database\Migrations\2023-05-22-113930_Users.php(62): CodeIgniter\Database\Forge->createTable('tb_user')
#5 C:\xampp\htdocs\Aplikasi Organisasi Kampus Finally\system\Database\MigrationRunner.php(868): App\Database\Migrations\Users->up()
#6 C:\xampp\htdocs\Aplikasi Organisasi Kampus Finally\system\Database\MigrationRunner.php(187): CodeIgniter\Database\MigrationRunner->migrate('up', Object(stdClass))
#7 C:\xampp\htdocs\Aplikasi Organisasi Kampus Finally\system\Commands\Database\Migrate.php(84): CodeIgniter\Database\MigrationRunner->latest(NULL)
#8 C:\xampp\htdocs\Aplikasi Organisasi Kampus Finally\system\CLI\Commands.php(63): CodeIgniter\Commands\Database\Migrate->run(Array)
#9 C:\xampp\htdocs\Aplikasi Organisasi Kampus Finally\system\CLI\CommandRunner.php(65): CodeIgniter\CLI\Commands->run('migrate', Array)
#10 C:\xampp\htdocs\Aplikasi Organisasi Kampus Finally\system\CLI\CommandRunner.php(51): CodeIgniter\CLI\CommandRunner->index(Array)
#11 C:\xampp\htdocs\Aplikasi Organisasi Kampus Finally\system\CodeIgniter.php(920): CodeIgniter\CLI\CommandRunner->_remap('index', Array)
#12 C:\xampp\htdocs\Aplikasi Organisasi Kampus Finally\system\CodeIgniter.php(482): CodeIgniter\CodeIgniter->runController(Object(CodeIgniter\CLI\CommandRunner))
#13 C:\xampp\htdocs\Aplikasi Organisasi Kampus Finally\system\CodeIgniter.php(347): CodeIgniter\CodeIgniter->handleRequest(NULL, Object(Config\Cache), false)
#14 C:\xampp\htdocs\Aplikasi Organisasi Kampus Finally\system\CLI\Console.php(48): CodeIgniter\CodeIgniter->run()
#15 C:\xampp\htdocs\Aplikasi Organisasi Kampus Finally\spark(98): CodeIgniter\CLI\Console->run()
#16 {main}
ERROR - 2023-05-22 22:18:18 --> mysqli_sql_exception: Can't create table `organisasi_kampus_widyatama`.`tb_user` (errno: 150 "Foreign key constraint is incorrectly formed") in C:\xampp\htdocs\Aplikasi Organisasi Kampus Finally\system\Database\MySQLi\Connection.php:292
Stack trace:
#0 C:\xampp\htdocs\Aplikasi Organisasi Kampus Finally\system\Database\MySQLi\Connection.php(292): mysqli->query('CREATE TABLE `t...', 0)
#1 C:\xampp\htdocs\Aplikasi Organisasi Kampus Finally\system\Database\BaseConnection.php(666): CodeIgniter\Database\MySQLi\Connection->execute('CREATE TABLE `t...')
#2 C:\xampp\htdocs\Aplikasi Organisasi Kampus Finally\system\Database\BaseConnection.php(593): CodeIgniter\Database\BaseConnection->simpleQuery('CREATE TABLE `t...')
#3 C:\xampp\htdocs\Aplikasi Organisasi Kampus Finally\system\Database\Forge.php(509): CodeIgniter\Database\BaseConnection->query('CREATE TABLE `t...')
#4 C:\xampp\htdocs\Aplikasi Organisasi Kampus Finally\app\Database\Migrations\2023-05-22-113930_Users.php(62): CodeIgniter\Database\Forge->createTable('tb_user')
#5 C:\xampp\htdocs\Aplikasi Organisasi Kampus Finally\system\Database\MigrationRunner.php(868): App\Database\Migrations\Users->up()
#6 C:\xampp\htdocs\Aplikasi Organisasi Kampus Finally\system\Database\MigrationRunner.php(187): CodeIgniter\Database\MigrationRunner->migrate('up', Object(stdClass))
#7 C:\xampp\htdocs\Aplikasi Organisasi Kampus Finally\system\Commands\Database\Migrate.php(84): CodeIgniter\Database\MigrationRunner->latest(NULL)
#8 C:\xampp\htdocs\Aplikasi Organisasi Kampus Finally\system\CLI\Commands.php(63): CodeIgniter\Commands\Database\Migrate->run(Array)
#9 C:\xampp\htdocs\Aplikasi Organisasi Kampus Finally\system\CLI\CommandRunner.php(65): CodeIgniter\CLI\Commands->run('migrate', Array)
#10 C:\xampp\htdocs\Aplikasi Organisasi Kampus Finally\system\CLI\CommandRunner.php(51): CodeIgniter\CLI\CommandRunner->index(Array)
#11 C:\xampp\htdocs\Aplikasi Organisasi Kampus Finally\system\CodeIgniter.php(920): CodeIgniter\CLI\CommandRunner->_remap('index', Array)
#12 C:\xampp\htdocs\Aplikasi Organisasi Kampus Finally\system\CodeIgniter.php(482): CodeIgniter\CodeIgniter->runController(Object(CodeIgniter\CLI\CommandRunner))
#13 C:\xampp\htdocs\Aplikasi Organisasi Kampus Finally\system\CodeIgniter.php(347): CodeIgniter\CodeIgniter->handleRequest(NULL, Object(Config\Cache), false)
#14 C:\xampp\htdocs\Aplikasi Organisasi Kampus Finally\system\CLI\Console.php(48): CodeIgniter\CodeIgniter->run()
#15 C:\xampp\htdocs\Aplikasi Organisasi Kampus Finally\spark(98): CodeIgniter\CLI\Console->run()
#16 {main}
ERROR - 2023-05-22 22:23:27 --> mysqli_sql_exception: Can't create table `organisasi_kampus_widyatama`.`tb_user` (errno: 150 "Foreign key constraint is incorrectly formed") in C:\xampp\htdocs\Aplikasi Organisasi Kampus Finally\system\Database\MySQLi\Connection.php:292
Stack trace:
#0 C:\xampp\htdocs\Aplikasi Organisasi Kampus Finally\system\Database\MySQLi\Connection.php(292): mysqli->query('CREATE TABLE `t...', 0)
#1 C:\xampp\htdocs\Aplikasi Organisasi Kampus Finally\system\Database\BaseConnection.php(666): CodeIgniter\Database\MySQLi\Connection->execute('CREATE TABLE `t...')
#2 C:\xampp\htdocs\Aplikasi Organisasi Kampus Finally\system\Database\BaseConnection.php(593): CodeIgniter\Database\BaseConnection->simpleQuery('CREATE TABLE `t...')
#3 C:\xampp\htdocs\Aplikasi Organisasi Kampus Finally\system\Database\Forge.php(509): CodeIgniter\Database\BaseConnection->query('CREATE TABLE `t...')
#4 C:\xampp\htdocs\Aplikasi Organisasi Kampus Finally\app\Database\Migrations\2023-05-22-113930_Users.php(59): CodeIgniter\Database\Forge->createTable('tb_user')
#5 C:\xampp\htdocs\Aplikasi Organisasi Kampus Finally\system\Database\MigrationRunner.php(868): App\Database\Migrations\CreateUserTable->up()
#6 C:\xampp\htdocs\Aplikasi Organisasi Kampus Finally\system\Database\MigrationRunner.php(187): CodeIgniter\Database\MigrationRunner->migrate('up', Object(stdClass))
#7 C:\xampp\htdocs\Aplikasi Organisasi Kampus Finally\system\Commands\Database\Migrate.php(84): CodeIgniter\Database\MigrationRunner->latest(NULL)
#8 C:\xampp\htdocs\Aplikasi Organisasi Kampus Finally\system\CLI\Commands.php(63): CodeIgniter\Commands\Database\Migrate->run(Array)
#9 C:\xampp\htdocs\Aplikasi Organisasi Kampus Finally\system\CLI\CommandRunner.php(65): CodeIgniter\CLI\Commands->run('migrate', Array)
#10 C:\xampp\htdocs\Aplikasi Organisasi Kampus Finally\system\CLI\CommandRunner.php(51): CodeIgniter\CLI\CommandRunner->index(Array)
#11 C:\xampp\htdocs\Aplikasi Organisasi Kampus Finally\system\CodeIgniter.php(920): CodeIgniter\CLI\CommandRunner->_remap('index', Array)
#12 C:\xampp\htdocs\Aplikasi Organisasi Kampus Finally\system\CodeIgniter.php(482): CodeIgniter\CodeIgniter->runController(Object(CodeIgniter\CLI\CommandRunner))
#13 C:\xampp\htdocs\Aplikasi Organisasi Kampus Finally\system\CodeIgniter.php(347): CodeIgniter\CodeIgniter->handleRequest(NULL, Object(Config\Cache), false)
#14 C:\xampp\htdocs\Aplikasi Organisasi Kampus Finally\system\CLI\Console.php(48): CodeIgniter\CodeIgniter->run()
#15 C:\xampp\htdocs\Aplikasi Organisasi Kampus Finally\spark(98): CodeIgniter\CLI\Console->run()
#16 {main}
ERROR - 2023-05-22 22:23:41 --> mysqli_sql_exception: Can't create table `organisasi_kampus_widyatama`.`tb_user` (errno: 150 "Foreign key constraint is incorrectly formed") in C:\xampp\htdocs\Aplikasi Organisasi Kampus Finally\system\Database\MySQLi\Connection.php:292
Stack trace:
#0 C:\xampp\htdocs\Aplikasi Organisasi Kampus Finally\system\Database\MySQLi\Connection.php(292): mysqli->query('CREATE TABLE `t...', 0)
#1 C:\xampp\htdocs\Aplikasi Organisasi Kampus Finally\system\Database\BaseConnection.php(666): CodeIgniter\Database\MySQLi\Connection->execute('CREATE TABLE `t...')
#2 C:\xampp\htdocs\Aplikasi Organisasi Kampus Finally\system\Database\BaseConnection.php(593): CodeIgniter\Database\BaseConnection->simpleQuery('CREATE TABLE `t...')
#3 C:\xampp\htdocs\Aplikasi Organisasi Kampus Finally\system\Database\Forge.php(509): CodeIgniter\Database\BaseConnection->query('CREATE TABLE `t...')
#4 C:\xampp\htdocs\Aplikasi Organisasi Kampus Finally\app\Database\Migrations\2023-05-22-113930_Users.php(59): CodeIgniter\Database\Forge->createTable('tb_user')
#5 C:\xampp\htdocs\Aplikasi Organisasi Kampus Finally\system\Database\MigrationRunner.php(868): App\Database\Migrations\CreateUserTable->up()
#6 C:\xampp\htdocs\Aplikasi Organisasi Kampus Finally\system\Database\MigrationRunner.php(187): CodeIgniter\Database\MigrationRunner->migrate('up', Object(stdClass))
#7 C:\xampp\htdocs\Aplikasi Organisasi Kampus Finally\system\Commands\Database\Migrate.php(84): CodeIgniter\Database\MigrationRunner->latest(NULL)
#8 C:\xampp\htdocs\Aplikasi Organisasi Kampus Finally\system\CLI\Commands.php(63): CodeIgniter\Commands\Database\Migrate->run(Array)
#9 C:\xampp\htdocs\Aplikasi Organisasi Kampus Finally\system\CLI\CommandRunner.php(65): CodeIgniter\CLI\Commands->run('migrate', Array)
#10 C:\xampp\htdocs\Aplikasi Organisasi Kampus Finally\system\CLI\CommandRunner.php(51): CodeIgniter\CLI\CommandRunner->index(Array)
#11 C:\xampp\htdocs\Aplikasi Organisasi Kampus Finally\system\CodeIgniter.php(920): CodeIgniter\CLI\CommandRunner->_remap('index', Array)
#12 C:\xampp\htdocs\Aplikasi Organisasi Kampus Finally\system\CodeIgniter.php(482): CodeIgniter\CodeIgniter->runController(Object(CodeIgniter\CLI\CommandRunner))
#13 C:\xampp\htdocs\Aplikasi Organisasi Kampus Finally\system\CodeIgniter.php(347): CodeIgniter\CodeIgniter->handleRequest(NULL, Object(Config\Cache), false)
#14 C:\xampp\htdocs\Aplikasi Organisasi Kampus Finally\system\CLI\Console.php(48): CodeIgniter\CodeIgniter->run()
#15 C:\xampp\htdocs\Aplikasi Organisasi Kampus Finally\spark(98): CodeIgniter\CLI\Console->run()
#16 {main}
ERROR - 2023-05-22 22:27:31 --> mysqli_sql_exception: Can't create table `organisasi_kampus_widyatama`.`tb_user` (errno: 150 "Foreign key constraint is incorrectly formed") in C:\xampp\htdocs\Aplikasi Organisasi Kampus Finally\system\Database\MySQLi\Connection.php:292
Stack trace:
#0 C:\xampp\htdocs\Aplikasi Organisasi Kampus Finally\system\Database\MySQLi\Connection.php(292): mysqli->query('CREATE TABLE `t...', 0)
#1 C:\xampp\htdocs\Aplikasi Organisasi Kampus Finally\system\Database\BaseConnection.php(666): CodeIgniter\Database\MySQLi\Connection->execute('CREATE TABLE `t...')
#2 C:\xampp\htdocs\Aplikasi Organisasi Kampus Finally\system\Database\BaseConnection.php(593): CodeIgniter\Database\BaseConnection->simpleQuery('CREATE TABLE `t...')
#3 C:\xampp\htdocs\Aplikasi Organisasi Kampus Finally\system\Database\Forge.php(509): CodeIgniter\Database\BaseConnection->query('CREATE TABLE `t...')
#4 C:\xampp\htdocs\Aplikasi Organisasi Kampus Finally\app\Database\Migrations\2023-05-22-113930_Users.php(59): CodeIgniter\Database\Forge->createTable('tb_user')
#5 C:\xampp\htdocs\Aplikasi Organisasi Kampus Finally\system\Database\MigrationRunner.php(868): App\Database\Migrations\CreateUserTable->up()
#6 C:\xampp\htdocs\Aplikasi Organisasi Kampus Finally\system\Database\MigrationRunner.php(187): CodeIgniter\Database\MigrationRunner->migrate('up', Object(stdClass))
#7 C:\xampp\htdocs\Aplikasi Organisasi Kampus Finally\system\Commands\Database\Migrate.php(84): CodeIgniter\Database\MigrationRunner->latest(NULL)
#8 C:\xampp\htdocs\Aplikasi Organisasi Kampus Finally\system\CLI\Commands.php(63): CodeIgniter\Commands\Database\Migrate->run(Array)
#9 C:\xampp\htdocs\Aplikasi Organisasi Kampus Finally\system\CLI\BaseCommand.php(112): CodeIgniter\CLI\Commands->run('migrate', Array)
#10 C:\xampp\htdocs\Aplikasi Organisasi Kampus Finally\system\Commands\Database\MigrateRefresh.php(85): CodeIgniter\CLI\BaseCommand->call('migrate', Array)
#11 C:\xampp\htdocs\Aplikasi Organisasi Kampus Finally\system\CLI\Commands.php(63): CodeIgniter\Commands\Database\MigrateRefresh->run(Array)
#12 C:\xampp\htdocs\Aplikasi Organisasi Kampus Finally\system\CLI\CommandRunner.php(65): CodeIgniter\CLI\Commands->run('migrate:refresh', Array)
#13 C:\xampp\htdocs\Aplikasi Organisasi Kampus Finally\system\CLI\CommandRunner.php(51): CodeIgniter\CLI\CommandRunner->index(Array)
#14 C:\xampp\htdocs\Aplikasi Organisasi Kampus Finally\system\CodeIgniter.php(920): CodeIgniter\CLI\CommandRunner->_remap('index', Array)
#15 C:\xampp\htdocs\Aplikasi Organisasi Kampus Finally\system\CodeIgniter.php(482): CodeIgniter\CodeIgniter->runController(Object(CodeIgniter\CLI\CommandRunner))
#16 C:\xampp\htdocs\Aplikasi Organisasi Kampus Finally\system\CodeIgniter.php(347): CodeIgniter\CodeIgniter->handleRequest(NULL, Object(Config\Cache), false)
#17 C:\xampp\htdocs\Aplikasi Organisasi Kampus Finally\system\CLI\Console.php(48): CodeIgniter\CodeIgniter->run()
#18 C:\xampp\htdocs\Aplikasi Organisasi Kampus Finally\spark(98): CodeIgniter\CLI\Console->run()
#19 {main}
ERROR - 2023-05-22 22:27:49 --> mysqli_sql_exception: Can't create table `organisasi_kampus_widyatama`.`tb_user` (errno: 150 "Foreign key constraint is incorrectly formed") in C:\xampp\htdocs\Aplikasi Organisasi Kampus Finally\system\Database\MySQLi\Connection.php:292
Stack trace:
#0 C:\xampp\htdocs\Aplikasi Organisasi Kampus Finally\system\Database\MySQLi\Connection.php(292): mysqli->query('CREATE TABLE `t...', 0)
#1 C:\xampp\htdocs\Aplikasi Organisasi Kampus Finally\system\Database\BaseConnection.php(666): CodeIgniter\Database\MySQLi\Connection->execute('CREATE TABLE `t...')
#2 C:\xampp\htdocs\Aplikasi Organisasi Kampus Finally\system\Database\BaseConnection.php(593): CodeIgniter\Database\BaseConnection->simpleQuery('CREATE TABLE `t...')
#3 C:\xampp\htdocs\Aplikasi Organisasi Kampus Finally\system\Database\Forge.php(509): CodeIgniter\Database\BaseConnection->query('CREATE TABLE `t...')
#4 C:\xampp\htdocs\Aplikasi Organisasi Kampus Finally\app\Database\Migrations\2023-05-22-113930_Users.php(59): CodeIgniter\Database\Forge->createTable('tb_user')
#5 C:\xampp\htdocs\Aplikasi Organisasi Kampus Finally\system\Database\MigrationRunner.php(868): App\Database\Migrations\CreateUserTable->up()
#6 C:\xampp\htdocs\Aplikasi Organisasi Kampus Finally\system\Database\MigrationRunner.php(187): CodeIgniter\Database\MigrationRunner->migrate('up', Object(stdClass))
#7 C:\xampp\htdocs\Aplikasi Organisasi Kampus Finally\system\Commands\Database\Migrate.php(84): CodeIgniter\Database\MigrationRunner->latest(NULL)
#8 C:\xampp\htdocs\Aplikasi Organisasi Kampus Finally\system\CLI\Commands.php(63): CodeIgniter\Commands\Database\Migrate->run(Array)
#9 C:\xampp\htdocs\Aplikasi Organisasi Kampus Finally\system\CLI\CommandRunner.php(65): CodeIgniter\CLI\Commands->run('migrate', Array)
#10 C:\xampp\htdocs\Aplikasi Organisasi Kampus Finally\system\CLI\CommandRunner.php(51): CodeIgniter\CLI\CommandRunner->index(Array)
#11 C:\xampp\htdocs\Aplikasi Organisasi Kampus Finally\system\CodeIgniter.php(920): CodeIgniter\CLI\CommandRunner->_remap('index', Array)
#12 C:\xampp\htdocs\Aplikasi Organisasi Kampus Finally\system\CodeIgniter.php(482): CodeIgniter\CodeIgniter->runController(Object(CodeIgniter\CLI\CommandRunner))
#13 C:\xampp\htdocs\Aplikasi Organisasi Kampus Finally\system\CodeIgniter.php(347): CodeIgniter\CodeIgniter->handleRequest(NULL, Object(Config\Cache), false)
#14 C:\xampp\htdocs\Aplikasi Organisasi Kampus Finally\system\CLI\Console.php(48): CodeIgniter\CodeIgniter->run()
#15 C:\xampp\htdocs\Aplikasi Organisasi Kampus Finally\spark(98): CodeIgniter\CLI\Console->run()
#16 {main}
ERROR - 2023-05-22 22:29:01 --> mysqli_sql_exception: Can't create table `organisasi_kampus_widyatama`.`tb_user` (errno: 150 "Foreign key constraint is incorrectly formed") in C:\xampp\htdocs\Aplikasi Organisasi Kampus Finally\system\Database\MySQLi\Connection.php:292
Stack trace:
#0 C:\xampp\htdocs\Aplikasi Organisasi Kampus Finally\system\Database\MySQLi\Connection.php(292): mysqli->query('CREATE TABLE `t...', 0)
#1 C:\xampp\htdocs\Aplikasi Organisasi Kampus Finally\system\Database\BaseConnection.php(666): CodeIgniter\Database\MySQLi\Connection->execute('CREATE TABLE `t...')
#2 C:\xampp\htdocs\Aplikasi Organisasi Kampus Finally\system\Database\BaseConnection.php(593): CodeIgniter\Database\BaseConnection->simpleQuery('CREATE TABLE `t...')
#3 C:\xampp\htdocs\Aplikasi Organisasi Kampus Finally\system\Database\Forge.php(509): CodeIgniter\Database\BaseConnection->query('CREATE TABLE `t...')
#4 C:\xampp\htdocs\Aplikasi Organisasi Kampus Finally\app\Database\Migrations\2023-05-22-113930_Users.php(59): CodeIgniter\Database\Forge->createTable('tb_user')
#5 C:\xampp\htdocs\Aplikasi Organisasi Kampus Finally\system\Database\MigrationRunner.php(868): App\Database\Migrations\CreateUserTable->up()
#6 C:\xampp\htdocs\Aplikasi Organisasi Kampus Finally\system\Database\MigrationRunner.php(187): CodeIgniter\Database\MigrationRunner->migrate('up', Object(stdClass))
#7 C:\xampp\htdocs\Aplikasi Organisasi Kampus Finally\system\Commands\Database\Migrate.php(84): CodeIgniter\Database\MigrationRunner->latest(NULL)
#8 C:\xampp\htdocs\Aplikasi Organisasi Kampus Finally\system\CLI\Commands.php(63): CodeIgniter\Commands\Database\Migrate->run(Array)
#9 C:\xampp\htdocs\Aplikasi Organisasi Kampus Finally\system\CLI\CommandRunner.php(65): CodeIgniter\CLI\Commands->run('migrate', Array)
#10 C:\xampp\htdocs\Aplikasi Organisasi Kampus Finally\system\CLI\CommandRunner.php(51): CodeIgniter\CLI\CommandRunner->index(Array)
#11 C:\xampp\htdocs\Aplikasi Organisasi Kampus Finally\system\CodeIgniter.php(920): CodeIgniter\CLI\CommandRunner->_remap('index', Array)
#12 C:\xampp\htdocs\Aplikasi Organisasi Kampus Finally\system\CodeIgniter.php(482): CodeIgniter\CodeIgniter->runController(Object(CodeIgniter\CLI\CommandRunner))
#13 C:\xampp\htdocs\Aplikasi Organisasi Kampus Finally\system\CodeIgniter.php(347): CodeIgniter\CodeIgniter->handleRequest(NULL, Object(Config\Cache), false)
#14 C:\xampp\htdocs\Aplikasi Organisasi Kampus Finally\system\CLI\Console.php(48): CodeIgniter\CodeIgniter->run()
#15 C:\xampp\htdocs\Aplikasi Organisasi Kampus Finally\spark(98): CodeIgniter\CLI\Console->run()
#16 {main}
ERROR - 2023-05-22 22:29:40 --> mysqli_sql_exception: Can't create table `organisasi_kampus_widyatama`.`tb_user` (errno: 150 "Foreign key constraint is incorrectly formed") in C:\xampp\htdocs\Aplikasi Organisasi Kampus Finally\system\Database\MySQLi\Connection.php:292
Stack trace:
#0 C:\xampp\htdocs\Aplikasi Organisasi Kampus Finally\system\Database\MySQLi\Connection.php(292): mysqli->query('CREATE TABLE `t...', 0)
#1 C:\xampp\htdocs\Aplikasi Organisasi Kampus Finally\system\Database\BaseConnection.php(666): CodeIgniter\Database\MySQLi\Connection->execute('CREATE TABLE `t...')
#2 C:\xampp\htdocs\Aplikasi Organisasi Kampus Finally\system\Database\BaseConnection.php(593): CodeIgniter\Database\BaseConnection->simpleQuery('CREATE TABLE `t...')
#3 C:\xampp\htdocs\Aplikasi Organisasi Kampus Finally\system\Database\Forge.php(509): CodeIgniter\Database\BaseConnection->query('CREATE TABLE `t...')
#4 C:\xampp\htdocs\Aplikasi Organisasi Kampus Finally\app\Database\Migrations\2023-05-22-113930_Users.php(59): CodeIgniter\Database\Forge->createTable('tb_user')
#5 C:\xampp\htdocs\Aplikasi Organisasi Kampus Finally\system\Database\MigrationRunner.php(868): App\Database\Migrations\CreateUserTable->up()
#6 C:\xampp\htdocs\Aplikasi Organisasi Kampus Finally\system\Database\MigrationRunner.php(187): CodeIgniter\Database\MigrationRunner->migrate('up', Object(stdClass))
#7 C:\xampp\htdocs\Aplikasi Organisasi Kampus Finally\system\Commands\Database\Migrate.php(84): CodeIgniter\Database\MigrationRunner->latest(NULL)
#8 C:\xampp\htdocs\Aplikasi Organisasi Kampus Finally\system\CLI\Commands.php(63): CodeIgniter\Commands\Database\Migrate->run(Array)
#9 C:\xampp\htdocs\Aplikasi Organisasi Kampus Finally\system\CLI\CommandRunner.php(65): CodeIgniter\CLI\Commands->run('migrate', Array)
#10 C:\xampp\htdocs\Aplikasi Organisasi Kampus Finally\system\CLI\CommandRunner.php(51): CodeIgniter\CLI\CommandRunner->index(Array)
#11 C:\xampp\htdocs\Aplikasi Organisasi Kampus Finally\system\CodeIgniter.php(920): CodeIgniter\CLI\CommandRunner->_remap('index', Array)
#12 C:\xampp\htdocs\Aplikasi Organisasi Kampus Finally\system\CodeIgniter.php(482): CodeIgniter\CodeIgniter->runController(Object(CodeIgniter\CLI\CommandRunner))
#13 C:\xampp\htdocs\Aplikasi Organisasi Kampus Finally\system\CodeIgniter.php(347): CodeIgniter\CodeIgniter->handleRequest(NULL, Object(Config\Cache), false)
#14 C:\xampp\htdocs\Aplikasi Organisasi Kampus Finally\system\CLI\Console.php(48): CodeIgniter\CodeIgniter->run()
#15 C:\xampp\htdocs\Aplikasi Organisasi Kampus Finally\spark(98): CodeIgniter\CLI\Console->run()
#16 {main}
ERROR - 2023-05-22 22:39:03 --> mysqli_sql_exception: Can't create table `organisasi_kampus_widyatama`.`tb_user` (errno: 150 "Foreign key constraint is incorrectly formed") in C:\xampp\htdocs\Aplikasi Organisasi Kampus Finally\system\Database\MySQLi\Connection.php:292
Stack trace:
#0 C:\xampp\htdocs\Aplikasi Organisasi Kampus Finally\system\Database\MySQLi\Connection.php(292): mysqli->query('CREATE TABLE `t...', 0)
#1 C:\xampp\htdocs\Aplikasi Organisasi Kampus Finally\system\Database\BaseConnection.php(666): CodeIgniter\Database\MySQLi\Connection->execute('CREATE TABLE `t...')
#2 C:\xampp\htdocs\Aplikasi Organisasi Kampus Finally\system\Database\BaseConnection.php(593): CodeIgniter\Database\BaseConnection->simpleQuery('CREATE TABLE `t...')
#3 C:\xampp\htdocs\Aplikasi Organisasi Kampus Finally\system\Database\Forge.php(509): CodeIgniter\Database\BaseConnection->query('CREATE TABLE `t...')
#4 C:\xampp\htdocs\Aplikasi Organisasi Kampus Finally\app\Database\Migrations\2023-05-22-113930_Users.php(60): CodeIgniter\Database\Forge->createTable('tb_user')
#5 C:\xampp\htdocs\Aplikasi Organisasi Kampus Finally\system\Database\MigrationRunner.php(868): App\Database\Migrations\CreateUserTable->up()
#6 C:\xampp\htdocs\Aplikasi Organisasi Kampus Finally\system\Database\MigrationRunner.php(187): CodeIgniter\Database\MigrationRunner->migrate('up', Object(stdClass))
#7 C:\xampp\htdocs\Aplikasi Organisasi Kampus Finally\system\Commands\Database\Migrate.php(84): CodeIgniter\Database\MigrationRunner->latest(NULL)
#8 C:\xampp\htdocs\Aplikasi Organisasi Kampus Finally\system\CLI\Commands.php(63): CodeIgniter\Commands\Database\Migrate->run(Array)
#9 C:\xampp\htdocs\Aplikasi Organisasi Kampus Finally\system\CLI\BaseCommand.php(112): CodeIgniter\CLI\Commands->run('migrate', Array)
#10 C:\xampp\htdocs\Aplikasi Organisasi Kampus Finally\system\Commands\Database\MigrateRefresh.php(85): CodeIgniter\CLI\BaseCommand->call('migrate', Array)
#11 C:\xampp\htdocs\Aplikasi Organisasi Kampus Finally\system\CLI\Commands.php(63): CodeIgniter\Commands\Database\MigrateRefresh->run(Array)
#12 C:\xampp\htdocs\Aplikasi Organisasi Kampus Finally\system\CLI\CommandRunner.php(65): CodeIgniter\CLI\Commands->run('migrate:refresh', Array)
#13 C:\xampp\htdocs\Aplikasi Organisasi Kampus Finally\system\CLI\CommandRunner.php(51): CodeIgniter\CLI\CommandRunner->index(Array)
#14 C:\xampp\htdocs\Aplikasi Organisasi Kampus Finally\system\CodeIgniter.php(920): CodeIgniter\CLI\CommandRunner->_remap('index', Array)
#15 C:\xampp\htdocs\Aplikasi Organisasi Kampus Finally\system\CodeIgniter.php(482): CodeIgniter\CodeIgniter->runController(Object(CodeIgniter\CLI\CommandRunner))
#16 C:\xampp\htdocs\Aplikasi Organisasi Kampus Finally\system\CodeIgniter.php(347): CodeIgniter\CodeIgniter->handleRequest(NULL, Object(Config\Cache), false)
#17 C:\xampp\htdocs\Aplikasi Organisasi Kampus Finally\system\CLI\Console.php(48): CodeIgniter\CodeIgniter->run()
#18 C:\xampp\htdocs\Aplikasi Organisasi Kampus Finally\spark(98): CodeIgniter\CLI\Console->run()
#19 {main}
ERROR - 2023-05-22 22:47:47 --> mysqli_sql_exception: Table 'tb_user' already exists in C:\xampp\htdocs\Aplikasi Organisasi Kampus Finally\system\Database\MySQLi\Connection.php:292
Stack trace:
#0 C:\xampp\htdocs\Aplikasi Organisasi Kampus Finally\system\Database\MySQLi\Connection.php(292): mysqli->query('CREATE TABLE `t...', 0)
#1 C:\xampp\htdocs\Aplikasi Organisasi Kampus Finally\system\Database\BaseConnection.php(666): CodeIgniter\Database\MySQLi\Connection->execute('CREATE TABLE `t...')
#2 C:\xampp\htdocs\Aplikasi Organisasi Kampus Finally\system\Database\BaseConnection.php(593): CodeIgniter\Database\BaseConnection->simpleQuery('CREATE TABLE `t...')
#3 C:\xampp\htdocs\Aplikasi Organisasi Kampus Finally\system\Database\Forge.php(509): CodeIgniter\Database\BaseConnection->query('CREATE TABLE `t...')
#4 C:\xampp\htdocs\Aplikasi Organisasi Kampus Finally\app\Database\Migrations\2023-05-22-113930_Users.php(60): CodeIgniter\Database\Forge->createTable('tb_user')
#5 C:\xampp\htdocs\Aplikasi Organisasi Kampus Finally\system\Database\MigrationRunner.php(868): App\Database\Migrations\Users->up()
#6 C:\xampp\htdocs\Aplikasi Organisasi Kampus Finally\system\Database\MigrationRunner.php(187): CodeIgniter\Database\MigrationRunner->migrate('up', Object(stdClass))
#7 C:\xampp\htdocs\Aplikasi Organisasi Kampus Finally\system\Commands\Database\Migrate.php(84): CodeIgniter\Database\MigrationRunner->latest(NULL)
#8 C:\xampp\htdocs\Aplikasi Organisasi Kampus Finally\system\CLI\Commands.php(63): CodeIgniter\Commands\Database\Migrate->run(Array)
#9 C:\xampp\htdocs\Aplikasi Organisasi Kampus Finally\system\CLI\CommandRunner.php(65): CodeIgniter\CLI\Commands->run('migrate', Array)
#10 C:\xampp\htdocs\Aplikasi Organisasi Kampus Finally\system\CLI\CommandRunner.php(51): CodeIgniter\CLI\CommandRunner->index(Array)
#11 C:\xampp\htdocs\Aplikasi Organisasi Kampus Finally\system\CodeIgniter.php(920): CodeIgniter\CLI\CommandRunner->_remap('index', Array)
#12 C:\xampp\htdocs\Aplikasi Organisasi Kampus Finally\system\CodeIgniter.php(482): CodeIgniter\CodeIgniter->runController(Object(CodeIgniter\CLI\CommandRunner))
#13 C:\xampp\htdocs\Aplikasi Organisasi Kampus Finally\system\CodeIgniter.php(347): CodeIgniter\CodeIgniter->handleRequest(NULL, Object(Config\Cache), false)
#14 C:\xampp\htdocs\Aplikasi Organisasi Kampus Finally\system\CLI\Console.php(48): CodeIgniter\CodeIgniter->run()
#15 C:\xampp\htdocs\Aplikasi Organisasi Kampus Finally\spark(98): CodeIgniter\CLI\Console->run()
#16 {main}
ERROR - 2023-05-22 22:49:57 --> mysqli_sql_exception: Can't create table `organisasi_kampus_widyatama`.`tb_user` (errno: 150 "Foreign key constraint is incorrectly formed") in C:\xampp\htdocs\Aplikasi Organisasi Kampus Finally\system\Database\MySQLi\Connection.php:292
Stack trace:
#0 C:\xampp\htdocs\Aplikasi Organisasi Kampus Finally\system\Database\MySQLi\Connection.php(292): mysqli->query('CREATE TABLE `t...', 0)
#1 C:\xampp\htdocs\Aplikasi Organisasi Kampus Finally\system\Database\BaseConnection.php(666): CodeIgniter\Database\MySQLi\Connection->execute('CREATE TABLE `t...')
#2 C:\xampp\htdocs\Aplikasi Organisasi Kampus Finally\system\Database\BaseConnection.php(593): CodeIgniter\Database\BaseConnection->simpleQuery('CREATE TABLE `t...')
#3 C:\xampp\htdocs\Aplikasi Organisasi Kampus Finally\system\Database\Forge.php(509): CodeIgniter\Database\BaseConnection->query('CREATE TABLE `t...')
#4 C:\xampp\htdocs\Aplikasi Organisasi Kampus Finally\app\Database\Migrations\2023-05-22-113930_Users.php(60): CodeIgniter\Database\Forge->createTable('tb_user')
#5 C:\xampp\htdocs\Aplikasi Organisasi Kampus Finally\system\Database\MigrationRunner.php(868): App\Database\Migrations\Users->up()
#6 C:\xampp\htdocs\Aplikasi Organisasi Kampus Finally\system\Database\MigrationRunner.php(187): CodeIgniter\Database\MigrationRunner->migrate('up', Object(stdClass))
#7 C:\xampp\htdocs\Aplikasi Organisasi Kampus Finally\system\Commands\Database\Migrate.php(84): CodeIgniter\Database\MigrationRunner->latest(NULL)
#8 C:\xampp\htdocs\Aplikasi Organisasi Kampus Finally\system\CLI\Commands.php(63): CodeIgniter\Commands\Database\Migrate->run(Array)
#9 C:\xampp\htdocs\Aplikasi Organisasi Kampus Finally\system\CLI\CommandRunner.php(65): CodeIgniter\CLI\Commands->run('migrate', Array)
#10 C:\xampp\htdocs\Aplikasi Organisasi Kampus Finally\system\CLI\CommandRunner.php(51): CodeIgniter\CLI\CommandRunner->index(Array)
#11 C:\xampp\htdocs\Aplikasi Organisasi Kampus Finally\system\CodeIgniter.php(920): CodeIgniter\CLI\CommandRunner->_remap('index', Array)
#12 C:\xampp\htdocs\Aplikasi Organisasi Kampus Finally\system\CodeIgniter.php(482): CodeIgniter\CodeIgniter->runController(Object(CodeIgniter\CLI\CommandRunner))
#13 C:\xampp\htdocs\Aplikasi Organisasi Kampus Finally\system\CodeIgniter.php(347): CodeIgniter\CodeIgniter->handleRequest(NULL, Object(Config\Cache), false)
#14 C:\xampp\htdocs\Aplikasi Organisasi Kampus Finally\system\CLI\Console.php(48): CodeIgniter\CodeIgniter->run()
#15 C:\xampp\htdocs\Aplikasi Organisasi Kampus Finally\spark(98): CodeIgniter\CLI\Console->run()
#16 {main}
ERROR - 2023-05-22 22:50:05 --> mysqli_sql_exception: Can't create table `organisasi_kampus_widyatama`.`tb_user` (errno: 150 "Foreign key constraint is incorrectly formed") in C:\xampp\htdocs\Aplikasi Organisasi Kampus Finally\system\Database\MySQLi\Connection.php:292
Stack trace:
#0 C:\xampp\htdocs\Aplikasi Organisasi Kampus Finally\system\Database\MySQLi\Connection.php(292): mysqli->query('CREATE TABLE `t...', 0)
#1 C:\xampp\htdocs\Aplikasi Organisasi Kampus Finally\system\Database\BaseConnection.php(666): CodeIgniter\Database\MySQLi\Connection->execute('CREATE TABLE `t...')
#2 C:\xampp\htdocs\Aplikasi Organisasi Kampus Finally\system\Database\BaseConnection.php(593): CodeIgniter\Database\BaseConnection->simpleQuery('CREATE TABLE `t...')
#3 C:\xampp\htdocs\Aplikasi Organisasi Kampus Finally\system\Database\Forge.php(509): CodeIgniter\Database\BaseConnection->query('CREATE TABLE `t...')
#4 C:\xampp\htdocs\Aplikasi Organisasi Kampus Finally\app\Database\Migrations\2023-05-22-113930_Users.php(60): CodeIgniter\Database\Forge->createTable('tb_user')
#5 C:\xampp\htdocs\Aplikasi Organisasi Kampus Finally\system\Database\MigrationRunner.php(868): App\Database\Migrations\Users->up()
#6 C:\xampp\htdocs\Aplikasi Organisasi Kampus Finally\system\Database\MigrationRunner.php(187): CodeIgniter\Database\MigrationRunner->migrate('up', Object(stdClass))
#7 C:\xampp\htdocs\Aplikasi Organisasi Kampus Finally\system\Commands\Database\Migrate.php(84): CodeIgniter\Database\MigrationRunner->latest(NULL)
#8 C:\xampp\htdocs\Aplikasi Organisasi Kampus Finally\system\CLI\Commands.php(63): CodeIgniter\Commands\Database\Migrate->run(Array)
#9 C:\xampp\htdocs\Aplikasi Organisasi Kampus Finally\system\CLI\CommandRunner.php(65): CodeIgniter\CLI\Commands->run('migrate', Array)
#10 C:\xampp\htdocs\Aplikasi Organisasi Kampus Finally\system\CLI\CommandRunner.php(51): CodeIgniter\CLI\CommandRunner->index(Array)
#11 C:\xampp\htdocs\Aplikasi Organisasi Kampus Finally\system\CodeIgniter.php(920): CodeIgniter\CLI\CommandRunner->_remap('index', Array)
#12 C:\xampp\htdocs\Aplikasi Organisasi Kampus Finally\system\CodeIgniter.php(482): CodeIgniter\CodeIgniter->runController(Object(CodeIgniter\CLI\CommandRunner))
#13 C:\xampp\htdocs\Aplikasi Organisasi Kampus Finally\system\CodeIgniter.php(347): CodeIgniter\CodeIgniter->handleRequest(NULL, Object(Config\Cache), false)
#14 C:\xampp\htdocs\Aplikasi Organisasi Kampus Finally\system\CLI\Console.php(48): CodeIgniter\CodeIgniter->run()
#15 C:\xampp\htdocs\Aplikasi Organisasi Kampus Finally\spark(98): CodeIgniter\CLI\Console->run()
#16 {main}
ERROR - 2023-05-22 23:16:39 --> mysqli_sql_exception: Duplicate entry '1' for key 'u_prodi' in C:\xampp\htdocs\Aplikasi Organisasi Kampus Finally\system\Database\MySQLi\Connection.php:292
Stack trace:
#0 C:\xampp\htdocs\Aplikasi Organisasi Kampus Finally\system\Database\MySQLi\Connection.php(292): mysqli->query('INSERT INTO `tb...', 0)
#1 C:\xampp\htdocs\Aplikasi Organisasi Kampus Finally\system\Database\BaseConnection.php(666): CodeIgniter\Database\MySQLi\Connection->execute('INSERT INTO `tb...')
#2 C:\xampp\htdocs\Aplikasi Organisasi Kampus Finally\system\Database\BaseConnection.php(593): CodeIgniter\Database\BaseConnection->simpleQuery('INSERT INTO `tb...')
#3 C:\xampp\htdocs\Aplikasi Organisasi Kampus Finally\system\Database\BaseBuilder.php(1778): CodeIgniter\Database\BaseConnection->query('INSERT INTO `tb...', NULL, false)
#4 C:\xampp\htdocs\Aplikasi Organisasi Kampus Finally\app\Database\Seeds\Users.php(42): CodeIgniter\Database\BaseBuilder->insertBatch(Array)
#5 C:\xampp\htdocs\Aplikasi Organisasi Kampus Finally\system\Database\Seeder.php(146): App\Database\Seeds\Users->run()
#6 C:\xampp\htdocs\Aplikasi Organisasi Kampus Finally\system\Commands\Database\Seed.php(77): CodeIgniter\Database\Seeder->call('App\\Database\\Se...')
#7 C:\xampp\htdocs\Aplikasi Organisasi Kampus Finally\system\CLI\Commands.php(63): CodeIgniter\Commands\Database\Seed->run(Array)
#8 C:\xampp\htdocs\Aplikasi Organisasi Kampus Finally\system\CLI\CommandRunner.php(65): CodeIgniter\CLI\Commands->run('db:seed', Array)
#9 C:\xampp\htdocs\Aplikasi Organisasi Kampus Finally\system\CLI\CommandRunner.php(51): CodeIgniter\CLI\CommandRunner->index(Array)
#10 C:\xampp\htdocs\Aplikasi Organisasi Kampus Finally\system\CodeIgniter.php(920): CodeIgniter\CLI\CommandRunner->_remap('index', Array)
#11 C:\xampp\htdocs\Aplikasi Organisasi Kampus Finally\system\CodeIgniter.php(482): CodeIgniter\CodeIgniter->runController(Object(CodeIgniter\CLI\CommandRunner))
#12 C:\xampp\htdocs\Aplikasi Organisasi Kampus Finally\system\CodeIgniter.php(347): CodeIgniter\CodeIgniter->handleRequest(NULL, Object(Config\Cache), false)
#13 C:\xampp\htdocs\Aplikasi Organisasi Kampus Finally\system\CLI\Console.php(48): CodeIgniter\CodeIgniter->run()
#14 C:\xampp\htdocs\Aplikasi Organisasi Kampus Finally\spark(98): CodeIgniter\CLI\Console->run()
#15 {main}
ERROR - 2023-05-22 23:19:53 --> mysqli_sql_exception: Duplicate entry '1' for key 'u_prodi' in C:\xampp\htdocs\Aplikasi Organisasi Kampus Finally\system\Database\MySQLi\Connection.php:292
Stack trace:
#0 C:\xampp\htdocs\Aplikasi Organisasi Kampus Finally\system\Database\MySQLi\Connection.php(292): mysqli->query('INSERT INTO `tb...', 0)
#1 C:\xampp\htdocs\Aplikasi Organisasi Kampus Finally\system\Database\BaseConnection.php(666): CodeIgniter\Database\MySQLi\Connection->execute('INSERT INTO `tb...')
#2 C:\xampp\htdocs\Aplikasi Organisasi Kampus Finally\system\Database\BaseConnection.php(593): CodeIgniter\Database\BaseConnection->simpleQuery('INSERT INTO `tb...')
#3 C:\xampp\htdocs\Aplikasi Organisasi Kampus Finally\system\Database\BaseBuilder.php(1778): CodeIgniter\Database\BaseConnection->query('INSERT INTO `tb...', NULL, false)
#4 C:\xampp\htdocs\Aplikasi Organisasi Kampus Finally\app\Database\Seeds\Users.php(42): CodeIgniter\Database\BaseBuilder->insertBatch(Array)
#5 C:\xampp\htdocs\Aplikasi Organisasi Kampus Finally\system\Database\Seeder.php(146): App\Database\Seeds\Users->run()
#6 C:\xampp\htdocs\Aplikasi Organisasi Kampus Finally\system\Commands\Database\Seed.php(77): CodeIgniter\Database\Seeder->call('App\\Database\\Se...')
#7 C:\xampp\htdocs\Aplikasi Organisasi Kampus Finally\system\CLI\Commands.php(63): CodeIgniter\Commands\Database\Seed->run(Array)
#8 C:\xampp\htdocs\Aplikasi Organisasi Kampus Finally\system\CLI\CommandRunner.php(65): CodeIgniter\CLI\Commands->run('db:seed', Array)
#9 C:\xampp\htdocs\Aplikasi Organisasi Kampus Finally\system\CLI\CommandRunner.php(51): CodeIgniter\CLI\CommandRunner->index(Array)
#10 C:\xampp\htdocs\Aplikasi Organisasi Kampus Finally\system\CodeIgniter.php(920): CodeIgniter\CLI\CommandRunner->_remap('index', Array)
#11 C:\xampp\htdocs\Aplikasi Organisasi Kampus Finally\system\CodeIgniter.php(482): CodeIgniter\CodeIgniter->runController(Object(CodeIgniter\CLI\CommandRunner))
#12 C:\xampp\htdocs\Aplikasi Organisasi Kampus Finally\system\CodeIgniter.php(347): CodeIgniter\CodeIgniter->handleRequest(NULL, Object(Config\Cache), false)
#13 C:\xampp\htdocs\Aplikasi Organisasi Kampus Finally\system\CLI\Console.php(48): CodeIgniter\CodeIgniter->run()
#14 C:\xampp\htdocs\Aplikasi Organisasi Kampus Finally\spark(98): CodeIgniter\CLI\Console->run()
#15 {main}
ERROR - 2023-05-22 23:21:52 --> mysqli_sql_exception: Duplicate entry '1' for key 'u_prodi' in C:\xampp\htdocs\Aplikasi Organisasi Kampus Finally\system\Database\MySQLi\Connection.php:292
Stack trace:
#0 C:\xampp\htdocs\Aplikasi Organisasi Kampus Finally\system\Database\MySQLi\Connection.php(292): mysqli->query('INSERT INTO `tb...', 0)
#1 C:\xampp\htdocs\Aplikasi Organisasi Kampus Finally\system\Database\BaseConnection.php(666): CodeIgniter\Database\MySQLi\Connection->execute('INSERT INTO `tb...')
#2 C:\xampp\htdocs\Aplikasi Organisasi Kampus Finally\system\Database\BaseConnection.php(593): CodeIgniter\Database\BaseConnection->simpleQuery('INSERT INTO `tb...')
#3 C:\xampp\htdocs\Aplikasi Organisasi Kampus Finally\system\Database\BaseBuilder.php(1778): CodeIgniter\Database\BaseConnection->query('INSERT INTO `tb...', NULL, false)
#4 C:\xampp\htdocs\Aplikasi Organisasi Kampus Finally\app\Database\Seeds\Users.php(42): CodeIgniter\Database\BaseBuilder->insertBatch(Array)
#5 C:\xampp\htdocs\Aplikasi Organisasi Kampus Finally\system\Database\Seeder.php(146): App\Database\Seeds\Users->run()
#6 C:\xampp\htdocs\Aplikasi Organisasi Kampus Finally\system\Commands\Database\Seed.php(77): CodeIgniter\Database\Seeder->call('App\\Database\\Se...')
#7 C:\xampp\htdocs\Aplikasi Organisasi Kampus Finally\system\CLI\Commands.php(63): CodeIgniter\Commands\Database\Seed->run(Array)
#8 C:\xampp\htdocs\Aplikasi Organisasi Kampus Finally\system\CLI\CommandRunner.php(65): CodeIgniter\CLI\Commands->run('db:seed', Array)
#9 C:\xampp\htdocs\Aplikasi Organisasi Kampus Finally\system\CLI\CommandRunner.php(51): CodeIgniter\CLI\CommandRunner->index(Array)
#10 C:\xampp\htdocs\Aplikasi Organisasi Kampus Finally\system\CodeIgniter.php(920): CodeIgniter\CLI\CommandRunner->_remap('index', Array)
#11 C:\xampp\htdocs\Aplikasi Organisasi Kampus Finally\system\CodeIgniter.php(482): CodeIgniter\CodeIgniter->runController(Object(CodeIgniter\CLI\CommandRunner))
#12 C:\xampp\htdocs\Aplikasi Organisasi Kampus Finally\system\CodeIgniter.php(347): CodeIgniter\CodeIgniter->handleRequest(NULL, Object(Config\Cache), false)
#13 C:\xampp\htdocs\Aplikasi Organisasi Kampus Finally\system\CLI\Console.php(48): CodeIgniter\CodeIgniter->run()
#14 C:\xampp\htdocs\Aplikasi Organisasi Kampus Finally\spark(98): CodeIgniter\CLI\Console->run()
#15 {main}
ERROR - 2023-05-22 23:25:35 --> mysqli_sql_exception: Duplicate entry '1' for key 'u_prodi' in C:\xampp\htdocs\Aplikasi Organisasi Kampus Finally\system\Database\MySQLi\Connection.php:292
Stack trace:
#0 C:\xampp\htdocs\Aplikasi Organisasi Kampus Finally\system\Database\MySQLi\Connection.php(292): mysqli->query('INSERT INTO `tb...', 0)
#1 C:\xampp\htdocs\Aplikasi Organisasi Kampus Finally\system\Database\BaseConnection.php(666): CodeIgniter\Database\MySQLi\Connection->execute('INSERT INTO `tb...')
#2 C:\xampp\htdocs\Aplikasi Organisasi Kampus Finally\system\Database\BaseConnection.php(593): CodeIgniter\Database\BaseConnection->simpleQuery('INSERT INTO `tb...')
#3 C:\xampp\htdocs\Aplikasi Organisasi Kampus Finally\system\Database\BaseBuilder.php(1778): CodeIgniter\Database\BaseConnection->query('INSERT INTO `tb...', NULL, false)
#4 C:\xampp\htdocs\Aplikasi Organisasi Kampus Finally\app\Database\Seeds\Users.php(42): CodeIgniter\Database\BaseBuilder->insertBatch(Array)
#5 C:\xampp\htdocs\Aplikasi Organisasi Kampus Finally\system\Database\Seeder.php(146): App\Database\Seeds\Users->run()
#6 C:\xampp\htdocs\Aplikasi Organisasi Kampus Finally\system\Commands\Database\Seed.php(77): CodeIgniter\Database\Seeder->call('App\\Database\\Se...')
#7 C:\xampp\htdocs\Aplikasi Organisasi Kampus Finally\system\CLI\Commands.php(63): CodeIgniter\Commands\Database\Seed->run(Array)
#8 C:\xampp\htdocs\Aplikasi Organisasi Kampus Finally\system\CLI\CommandRunner.php(65): CodeIgniter\CLI\Commands->run('db:seed', Array)
#9 C:\xampp\htdocs\Aplikasi Organisasi Kampus Finally\system\CLI\CommandRunner.php(51): CodeIgniter\CLI\CommandRunner->index(Array)
#10 C:\xampp\htdocs\Aplikasi Organisasi Kampus Finally\system\CodeIgniter.php(920): CodeIgniter\CLI\CommandRunner->_remap('index', Array)
#11 C:\xampp\htdocs\Aplikasi Organisasi Kampus Finally\system\CodeIgniter.php(482): CodeIgniter\CodeIgniter->runController(Object(CodeIgniter\CLI\CommandRunner))
#12 C:\xampp\htdocs\Aplikasi Organisasi Kampus Finally\system\CodeIgniter.php(347): CodeIgniter\CodeIgniter->handleRequest(NULL, Object(Config\Cache), false)
#13 C:\xampp\htdocs\Aplikasi Organisasi Kampus Finally\system\CLI\Console.php(48): CodeIgniter\CodeIgniter->run()
#14 C:\xampp\htdocs\Aplikasi Organisasi Kampus Finally\spark(98): CodeIgniter\CLI\Console->run()
#15 {main}
