CRITICAL - 2023-01-22 07:59:41 --> Invalid file: example.php
in SYSTEMPATH\Exceptions\FrameworkException.php on line 33.
 1 SYSTEMPATH\View\View.php(201): CodeIgniter\Exceptions\FrameworkException::forInvalidFile('example.php')
 2 SYSTEMPATH\Common.php(1134): CodeIgniter\View\View->render('example', [], true)
 3 APPPATH\Controllers\RegisterControllers.php(12): view('example')
 4 SYSTEMPATH\CodeIgniter.php(927): App\Controllers\RegisterControllers->index()
 5 SYSTEMPATH\CodeIgniter.php(482): CodeIgniter\CodeIgniter->runController(Object(App\Controllers\RegisterControllers))
 6 SYSTEMPATH\CodeIgniter.php(351): CodeIgniter\CodeIgniter->handleRequest(null, Object(Config\Cache), false)
 7 FCPATH\index.php(67): CodeIgniter\CodeIgniter->run()
 8 SYSTEMPATH\Commands\Server\rewrite.php(46): require_once('FCPATH\\index.php')
ERROR - 2023-01-22 22:18:34 --> mysqli_sql_exception: Column 'u_username' cannot be null in C:\xampp\htdocs\ProjectPaket\system\Database\MySQLi\Connection.php:292
Stack trace:
#0 C:\xampp\htdocs\ProjectPaket\system\Database\MySQLi\Connection.php(292): mysqli->query('INSERT INTO `tb...', 0)
#1 C:\xampp\htdocs\ProjectPaket\system\Database\BaseConnection.php(666): CodeIgniter\Database\MySQLi\Connection->execute('INSERT INTO `tb...')
#2 C:\xampp\htdocs\ProjectPaket\system\Database\BaseConnection.php(593): CodeIgniter\Database\BaseConnection->simpleQuery('INSERT INTO `tb...')
#3 C:\xampp\htdocs\ProjectPaket\system\Database\BaseBuilder.php(1916): CodeIgniter\Database\BaseConnection->query('INSERT INTO `tb...', Array, false)
#4 C:\xampp\htdocs\ProjectPaket\system\Model.php(279): CodeIgniter\Database\BaseBuilder->insert()
#5 C:\xampp\htdocs\ProjectPaket\system\BaseModel.php(749): CodeIgniter\Model->doInsert(Array)
#6 C:\xampp\htdocs\ProjectPaket\system\Model.php(667): CodeIgniter\BaseModel->insert(Array, true)
#7 C:\xampp\htdocs\ProjectPaket\app\Controllers\RegisterControllers.php(176): CodeIgniter\Model->insert(Array)
#8 C:\xampp\htdocs\ProjectPaket\system\CodeIgniter.php(927): App\Controllers\RegisterControllers->process()
#9 C:\xampp\htdocs\ProjectPaket\system\CodeIgniter.php(482): CodeIgniter\CodeIgniter->runController(Object(App\Controllers\RegisterControllers))
#10 C:\xampp\htdocs\ProjectPaket\system\CodeIgniter.php(351): CodeIgniter\CodeIgniter->handleRequest(NULL, Object(Config\Cache), false)
#11 C:\xampp\htdocs\ProjectPaket\public\index.php(67): CodeIgniter\CodeIgniter->run()
#12 C:\xampp\htdocs\ProjectPaket\system\Commands\Server\rewrite.php(46): require_once('C:\\xampp\\htdocs...')
#13 {main}
CRITICAL - 2023-01-22 22:18:34 --> Column 'u_username' cannot be null
in SYSTEMPATH\Database\MySQLi\Connection.php on line 292.
 1 SYSTEMPATH\Database\MySQLi\Connection.php(292): mysqli->query('INSERT INTO `tb_user` (`u_username`, `u_password`, `u_fullname`, `u_role`, `u_referensi`, `u_email`, `u_create_at`, `u_nik`, `u_nama`, `u_tempat_lahir`, `u_tanggal_lahir`, `u_jenis_kelamin`, `u_provinsi`, `u_kota`, `u_kelurahan`, `u_kecamatan`, `u_kodepos`) VALUES (NULL, \'$2y$10$E7tv6OYZOrx0Rr9dU4isoes7JRnl/910QLjeGM17MjEkk67Xj2sCG\', \'Ahmad Arif\', \'admin\', \'1\', \'qvftp1223@gmail.com\', NULL, \'1234567890123232123\', \'Ahmad Arif\', \'Cimahi\', \'2023-01-23\', \'Laki-laki\', \'Jawa Barat\', \'Cimahi Selatan\', \'Cibeureum\', \'Cimahi Selatan\', \'10730\')', 0)
 2 SYSTEMPATH\Database\BaseConnection.php(666): CodeIgniter\Database\MySQLi\Connection->execute('INSERT INTO `tb_user` (`u_username`, `u_password`, `u_fullname`, `u_role`, `u_referensi`, `u_email`, `u_create_at`, `u_nik`, `u_nama`, `u_tempat_lahir`, `u_tanggal_lahir`, `u_jenis_kelamin`, `u_provinsi`, `u_kota`, `u_kelurahan`, `u_kecamatan`, `u_kodepos`) VALUES (NULL, \'$2y$10$E7tv6OYZOrx0Rr9dU4isoes7JRnl/910QLjeGM17MjEkk67Xj2sCG\', \'Ahmad Arif\', \'admin\', \'1\', \'qvftp1223@gmail.com\', NULL, \'1234567890123232123\', \'Ahmad Arif\', \'Cimahi\', \'2023-01-23\', \'Laki-laki\', \'Jawa Barat\', \'Cimahi Selatan\', \'Cibeureum\', \'Cimahi Selatan\', \'10730\')')
 3 SYSTEMPATH\Database\BaseConnection.php(593): CodeIgniter\Database\BaseConnection->simpleQuery('INSERT INTO `tb_user` (`u_username`, `u_password`, `u_fullname`, `u_role`, `u_referensi`, `u_email`, `u_create_at`, `u_nik`, `u_nama`, `u_tempat_lahir`, `u_tanggal_lahir`, `u_jenis_kelamin`, `u_provinsi`, `u_kota`, `u_kelurahan`, `u_kecamatan`, `u_kodepos`) VALUES (NULL, \'$2y$10$E7tv6OYZOrx0Rr9dU4isoes7JRnl/910QLjeGM17MjEkk67Xj2sCG\', \'Ahmad Arif\', \'admin\', \'1\', \'qvftp1223@gmail.com\', NULL, \'1234567890123232123\', \'Ahmad Arif\', \'Cimahi\', \'2023-01-23\', \'Laki-laki\', \'Jawa Barat\', \'Cimahi Selatan\', \'Cibeureum\', \'Cimahi Selatan\', \'10730\')')
 4 SYSTEMPATH\Database\BaseBuilder.php(1916): CodeIgniter\Database\BaseConnection->query('INSERT INTO `tb_user` (`u_username`, `u_password`, `u_fullname`, `u_role`, `u_referensi`, `u_email`, `u_create_at`, `u_nik`, `u_nama`, `u_tempat_lahir`, `u_tanggal_lahir`, `u_jenis_kelamin`, `u_provinsi`, `u_kota`, `u_kelurahan`, `u_kecamatan`, `u_kodepos`) VALUES (:u_username:, :u_password:, :u_fullname:, :u_role:, :u_referensi:, :u_email:, :u_create_at:, :u_nik:, :u_nama:, :u_tempat_lahir:, :u_tanggal_lahir:, :u_jenis_kelamin:, :u_provinsi:, :u_kota:, :u_kelurahan:, :u_kecamatan:, :u_kodepos:)', [...], false)
 5 SYSTEMPATH\Model.php(279): CodeIgniter\Database\BaseBuilder->insert()
 6 SYSTEMPATH\BaseModel.php(749): CodeIgniter\Model->doInsert([...])
 7 SYSTEMPATH\Model.php(667): CodeIgniter\BaseModel->insert([...], true)
 8 APPPATH\Controllers\RegisterControllers.php(176): CodeIgniter\Model->insert([...])
 9 SYSTEMPATH\CodeIgniter.php(927): App\Controllers\RegisterControllers->process()
10 SYSTEMPATH\CodeIgniter.php(482): CodeIgniter\CodeIgniter->runController(Object(App\Controllers\RegisterControllers))
11 SYSTEMPATH\CodeIgniter.php(351): CodeIgniter\CodeIgniter->handleRequest(null, Object(Config\Cache), false)
12 FCPATH\index.php(67): CodeIgniter\CodeIgniter->run()
13 SYSTEMPATH\Commands\Server\rewrite.php(46): require_once('FCPATH\\index.php')
ERROR - 2023-01-22 22:19:37 --> mysqli_sql_exception: Column 'u_create_at' cannot be null in C:\xampp\htdocs\ProjectPaket\system\Database\MySQLi\Connection.php:292
Stack trace:
#0 C:\xampp\htdocs\ProjectPaket\system\Database\MySQLi\Connection.php(292): mysqli->query('INSERT INTO `tb...', 0)
#1 C:\xampp\htdocs\ProjectPaket\system\Database\BaseConnection.php(666): CodeIgniter\Database\MySQLi\Connection->execute('INSERT INTO `tb...')
#2 C:\xampp\htdocs\ProjectPaket\system\Database\BaseConnection.php(593): CodeIgniter\Database\BaseConnection->simpleQuery('INSERT INTO `tb...')
#3 C:\xampp\htdocs\ProjectPaket\system\Database\BaseBuilder.php(1916): CodeIgniter\Database\BaseConnection->query('INSERT INTO `tb...', Array, false)
#4 C:\xampp\htdocs\ProjectPaket\system\Model.php(279): CodeIgniter\Database\BaseBuilder->insert()
#5 C:\xampp\htdocs\ProjectPaket\system\BaseModel.php(749): CodeIgniter\Model->doInsert(Array)
#6 C:\xampp\htdocs\ProjectPaket\system\Model.php(667): CodeIgniter\BaseModel->insert(Array, true)
#7 C:\xampp\htdocs\ProjectPaket\app\Controllers\RegisterControllers.php(176): CodeIgniter\Model->insert(Array)
#8 C:\xampp\htdocs\ProjectPaket\system\CodeIgniter.php(927): App\Controllers\RegisterControllers->process()
#9 C:\xampp\htdocs\ProjectPaket\system\CodeIgniter.php(482): CodeIgniter\CodeIgniter->runController(Object(App\Controllers\RegisterControllers))
#10 C:\xampp\htdocs\ProjectPaket\system\CodeIgniter.php(351): CodeIgniter\CodeIgniter->handleRequest(NULL, Object(Config\Cache), false)
#11 C:\xampp\htdocs\ProjectPaket\public\index.php(67): CodeIgniter\CodeIgniter->run()
#12 C:\xampp\htdocs\ProjectPaket\system\Commands\Server\rewrite.php(46): require_once('C:\\xampp\\htdocs...')
#13 {main}
CRITICAL - 2023-01-22 22:19:37 --> Column 'u_create_at' cannot be null
in SYSTEMPATH\Database\MySQLi\Connection.php on line 292.
 1 SYSTEMPATH\Database\MySQLi\Connection.php(292): mysqli->query('INSERT INTO `tb_user` (`u_username`, `u_password`, `u_fullname`, `u_role`, `u_referensi`, `u_email`, `u_create_at`, `u_nik`, `u_nama`, `u_tempat_lahir`, `u_tanggal_lahir`, `u_jenis_kelamin`, `u_provinsi`, `u_kota`, `u_kelurahan`, `u_kecamatan`, `u_kodepos`) VALUES (\'adminn\', \'$2y$10$JmU0NXo0n6tmBuGrCCxyHupSvy3L2DB/Gg6IFIT8ZCDl.T/UJJIvi\', \'Ahmad Arif\', \'admin\', \'1\', \'qvftp1223@gmail.com\', NULL, \'1234567890123232123\', \'Ahmad Arif\', \'Cimahi\', \'2023-01-23\', \'Laki-laki\', \'Jawa Barat\', \'Cimahi Selatan\', \'Cibeureum\', \'Cimahi Selatan\', \'10730\')', 0)
 2 SYSTEMPATH\Database\BaseConnection.php(666): CodeIgniter\Database\MySQLi\Connection->execute('INSERT INTO `tb_user` (`u_username`, `u_password`, `u_fullname`, `u_role`, `u_referensi`, `u_email`, `u_create_at`, `u_nik`, `u_nama`, `u_tempat_lahir`, `u_tanggal_lahir`, `u_jenis_kelamin`, `u_provinsi`, `u_kota`, `u_kelurahan`, `u_kecamatan`, `u_kodepos`) VALUES (\'adminn\', \'$2y$10$JmU0NXo0n6tmBuGrCCxyHupSvy3L2DB/Gg6IFIT8ZCDl.T/UJJIvi\', \'Ahmad Arif\', \'admin\', \'1\', \'qvftp1223@gmail.com\', NULL, \'1234567890123232123\', \'Ahmad Arif\', \'Cimahi\', \'2023-01-23\', \'Laki-laki\', \'Jawa Barat\', \'Cimahi Selatan\', \'Cibeureum\', \'Cimahi Selatan\', \'10730\')')
 3 SYSTEMPATH\Database\BaseConnection.php(593): CodeIgniter\Database\BaseConnection->simpleQuery('INSERT INTO `tb_user` (`u_username`, `u_password`, `u_fullname`, `u_role`, `u_referensi`, `u_email`, `u_create_at`, `u_nik`, `u_nama`, `u_tempat_lahir`, `u_tanggal_lahir`, `u_jenis_kelamin`, `u_provinsi`, `u_kota`, `u_kelurahan`, `u_kecamatan`, `u_kodepos`) VALUES (\'adminn\', \'$2y$10$JmU0NXo0n6tmBuGrCCxyHupSvy3L2DB/Gg6IFIT8ZCDl.T/UJJIvi\', \'Ahmad Arif\', \'admin\', \'1\', \'qvftp1223@gmail.com\', NULL, \'1234567890123232123\', \'Ahmad Arif\', \'Cimahi\', \'2023-01-23\', \'Laki-laki\', \'Jawa Barat\', \'Cimahi Selatan\', \'Cibeureum\', \'Cimahi Selatan\', \'10730\')')
 4 SYSTEMPATH\Database\BaseBuilder.php(1916): CodeIgniter\Database\BaseConnection->query('INSERT INTO `tb_user` (`u_username`, `u_password`, `u_fullname`, `u_role`, `u_referensi`, `u_email`, `u_create_at`, `u_nik`, `u_nama`, `u_tempat_lahir`, `u_tanggal_lahir`, `u_jenis_kelamin`, `u_provinsi`, `u_kota`, `u_kelurahan`, `u_kecamatan`, `u_kodepos`) VALUES (:u_username:, :u_password:, :u_fullname:, :u_role:, :u_referensi:, :u_email:, :u_create_at:, :u_nik:, :u_nama:, :u_tempat_lahir:, :u_tanggal_lahir:, :u_jenis_kelamin:, :u_provinsi:, :u_kota:, :u_kelurahan:, :u_kecamatan:, :u_kodepos:)', [...], false)
 5 SYSTEMPATH\Model.php(279): CodeIgniter\Database\BaseBuilder->insert()
 6 SYSTEMPATH\BaseModel.php(749): CodeIgniter\Model->doInsert([...])
 7 SYSTEMPATH\Model.php(667): CodeIgniter\BaseModel->insert([...], true)
 8 APPPATH\Controllers\RegisterControllers.php(176): CodeIgniter\Model->insert([...])
 9 SYSTEMPATH\CodeIgniter.php(927): App\Controllers\RegisterControllers->process()
10 SYSTEMPATH\CodeIgniter.php(482): CodeIgniter\CodeIgniter->runController(Object(App\Controllers\RegisterControllers))
11 SYSTEMPATH\CodeIgniter.php(351): CodeIgniter\CodeIgniter->handleRequest(null, Object(Config\Cache), false)
12 FCPATH\index.php(67): CodeIgniter\CodeIgniter->run()
13 SYSTEMPATH\Commands\Server\rewrite.php(46): require_once('FCPATH\\index.php')
