CRITICAL - 2023-05-26 13:32:20 --> Undefined array key "p_id"
in APPPATH\Views\superadmin\Event\dataevent.php on line 63.
 1 APPPATH\Views\superadmin\Event\dataevent.php(63): CodeIgniter\Debug\Exceptions->errorHandler(2, 'Undefined array key "p_id"', 'APPPATH\\Views\\superadmin\\Event\\dataevent.php', 63)
 2 SYSTEMPATH\View\View.php(213): include('APPPATH\\Views\\superadmin\\Event\\dataevent.php')
 3 SYSTEMPATH\View\View.php(216): CodeIgniter\View\View->CodeIgniter\View\{closure}()
 4 SYSTEMPATH\Common.php(1134): CodeIgniter\View\View->render('superadmin/Event/dataevent', [], true)
 5 APPPATH\Controllers\SuperAdminControllers.php(247): view('superadmin/Event/dataevent', [...])
 6 SYSTEMPATH\CodeIgniter.php(927): App\Controllers\SuperAdminControllers->listdataevent()
 7 SYSTEMPATH\CodeIgniter.php(482): CodeIgniter\CodeIgniter->runController(Object(App\Controllers\SuperAdminControllers))
 8 SYSTEMPATH\CodeIgniter.php(351): CodeIgniter\CodeIgniter->handleRequest(null, Object(Config\Cache), false)
 9 FCPATH\index.php(67): CodeIgniter\CodeIgniter->run()
10 SYSTEMPATH\Commands\Server\rewrite.php(46): require_once('FCPATH\\index.php')
CRITICAL - 2023-05-26 13:32:35 --> Undefined array key "p_id"
in APPPATH\Views\superadmin\Event\dataevent.php on line 63.
 1 APPPATH\Views\superadmin\Event\dataevent.php(63): CodeIgniter\Debug\Exceptions->errorHandler(2, 'Undefined array key "p_id"', 'APPPATH\\Views\\superadmin\\Event\\dataevent.php', 63)
 2 SYSTEMPATH\View\View.php(213): include('APPPATH\\Views\\superadmin\\Event\\dataevent.php')
 3 SYSTEMPATH\View\View.php(216): CodeIgniter\View\View->CodeIgniter\View\{closure}()
 4 SYSTEMPATH\Common.php(1134): CodeIgniter\View\View->render('superadmin/Event/dataevent', [], true)
 5 APPPATH\Controllers\SuperAdminControllers.php(247): view('superadmin/Event/dataevent', [...])
 6 SYSTEMPATH\CodeIgniter.php(927): App\Controllers\SuperAdminControllers->listdataevent()
 7 SYSTEMPATH\CodeIgniter.php(482): CodeIgniter\CodeIgniter->runController(Object(App\Controllers\SuperAdminControllers))
 8 SYSTEMPATH\CodeIgniter.php(351): CodeIgniter\CodeIgniter->handleRequest(null, Object(Config\Cache), false)
 9 FCPATH\index.php(67): CodeIgniter\CodeIgniter->run()
10 SYSTEMPATH\Commands\Server\rewrite.php(46): require_once('FCPATH\\index.php')
CRITICAL - 2023-05-26 13:32:40 --> Undefined array key "p_id"
in APPPATH\Views\superadmin\Event\dataevent.php on line 63.
 1 APPPATH\Views\superadmin\Event\dataevent.php(63): CodeIgniter\Debug\Exceptions->errorHandler(2, 'Undefined array key "p_id"', 'APPPATH\\Views\\superadmin\\Event\\dataevent.php', 63)
 2 SYSTEMPATH\View\View.php(213): include('APPPATH\\Views\\superadmin\\Event\\dataevent.php')
 3 SYSTEMPATH\View\View.php(216): CodeIgniter\View\View->CodeIgniter\View\{closure}()
 4 SYSTEMPATH\Common.php(1134): CodeIgniter\View\View->render('superadmin/Event/dataevent', [], true)
 5 APPPATH\Controllers\SuperAdminControllers.php(247): view('superadmin/Event/dataevent', [...])
 6 SYSTEMPATH\CodeIgniter.php(927): App\Controllers\SuperAdminControllers->listdataevent()
 7 SYSTEMPATH\CodeIgniter.php(482): CodeIgniter\CodeIgniter->runController(Object(App\Controllers\SuperAdminControllers))
 8 SYSTEMPATH\CodeIgniter.php(351): CodeIgniter\CodeIgniter->handleRequest(null, Object(Config\Cache), false)
 9 FCPATH\index.php(67): CodeIgniter\CodeIgniter->run()
10 SYSTEMPATH\Commands\Server\rewrite.php(46): require_once('FCPATH\\index.php')
CRITICAL - 2023-05-26 13:33:59 --> Undefined array key "p_id"
in APPPATH\Views\superadmin\Event\dataevent.php on line 63.
 1 APPPATH\Views\superadmin\Event\dataevent.php(63): CodeIgniter\Debug\Exceptions->errorHandler(2, 'Undefined array key "p_id"', 'APPPATH\\Views\\superadmin\\Event\\dataevent.php', 63)
 2 SYSTEMPATH\View\View.php(213): include('APPPATH\\Views\\superadmin\\Event\\dataevent.php')
 3 SYSTEMPATH\View\View.php(216): CodeIgniter\View\View->CodeIgniter\View\{closure}()
 4 SYSTEMPATH\Common.php(1134): CodeIgniter\View\View->render('superadmin/Event/dataevent', [], true)
 5 APPPATH\Controllers\SuperAdminControllers.php(247): view('superadmin/Event/dataevent', [...])
 6 SYSTEMPATH\CodeIgniter.php(927): App\Controllers\SuperAdminControllers->listdataevent()
 7 SYSTEMPATH\CodeIgniter.php(482): CodeIgniter\CodeIgniter->runController(Object(App\Controllers\SuperAdminControllers))
 8 SYSTEMPATH\CodeIgniter.php(351): CodeIgniter\CodeIgniter->handleRequest(null, Object(Config\Cache), false)
 9 FCPATH\index.php(67): CodeIgniter\CodeIgniter->run()
10 SYSTEMPATH\Commands\Server\rewrite.php(46): require_once('FCPATH\\index.php')
CRITICAL - 2023-05-26 13:42:17 --> Undefined array key "u_kegiatan"
in APPPATH\Views\superadmin\Event\dataevent.php on line 69.
 1 APPPATH\Views\superadmin\Event\dataevent.php(69): CodeIgniter\Debug\Exceptions->errorHandler(2, 'Undefined array key "u_kegiatan"', 'APPPATH\\Views\\superadmin\\Event\\dataevent.php', 69)
 2 SYSTEMPATH\View\View.php(213): include('APPPATH\\Views\\superadmin\\Event\\dataevent.php')
 3 SYSTEMPATH\View\View.php(216): CodeIgniter\View\View->CodeIgniter\View\{closure}()
 4 SYSTEMPATH\Common.php(1134): CodeIgniter\View\View->render('superadmin/Event/dataevent', [], true)
 5 APPPATH\Controllers\SuperAdminControllers.php(248): view('superadmin/Event/dataevent', [...])
 6 SYSTEMPATH\CodeIgniter.php(927): App\Controllers\SuperAdminControllers->listdataevent()
 7 SYSTEMPATH\CodeIgniter.php(482): CodeIgniter\CodeIgniter->runController(Object(App\Controllers\SuperAdminControllers))
 8 SYSTEMPATH\CodeIgniter.php(351): CodeIgniter\CodeIgniter->handleRequest(null, Object(Config\Cache), false)
 9 FCPATH\index.php(67): CodeIgniter\CodeIgniter->run()
10 SYSTEMPATH\Commands\Server\rewrite.php(46): require_once('FCPATH\\index.php')
CRITICAL - 2023-05-26 13:46:25 --> Invalid file: superadmin/Event/dataevent/registerevent.php
in SYSTEMPATH\Exceptions\FrameworkException.php on line 33.
 1 SYSTEMPATH\View\View.php(201): CodeIgniter\Exceptions\FrameworkException::forInvalidFile('superadmin/Event/dataevent/registerevent.php')
 2 SYSTEMPATH\Common.php(1134): CodeIgniter\View\View->render('superadmin/Event/dataevent/registerevent', [], true)
 3 APPPATH\Controllers\SuperAdminControllers.php(263): view('superadmin/Event/dataevent/registerevent', [...])
 4 SYSTEMPATH\CodeIgniter.php(927): App\Controllers\SuperAdminControllers->registerevent()
 5 SYSTEMPATH\CodeIgniter.php(482): CodeIgniter\CodeIgniter->runController(Object(App\Controllers\SuperAdminControllers))
 6 SYSTEMPATH\CodeIgniter.php(351): CodeIgniter\CodeIgniter->handleRequest(null, Object(Config\Cache), false)
 7 FCPATH\index.php(67): CodeIgniter\CodeIgniter->run()
 8 SYSTEMPATH\Commands\Server\rewrite.php(46): require_once('FCPATH\\index.php')
CRITICAL - 2023-05-26 13:46:59 --> Invalid file: superadmin/Event/dataevent/registerevent.php
in SYSTEMPATH\Exceptions\FrameworkException.php on line 33.
 1 SYSTEMPATH\View\View.php(201): CodeIgniter\Exceptions\FrameworkException::forInvalidFile('superadmin/Event/dataevent/registerevent.php')
 2 SYSTEMPATH\Common.php(1134): CodeIgniter\View\View->render('superadmin/Event/dataevent/registerevent', [], true)
 3 APPPATH\Controllers\SuperAdminControllers.php(263): view('superadmin/Event/dataevent/registerevent', [...])
 4 SYSTEMPATH\CodeIgniter.php(927): App\Controllers\SuperAdminControllers->registerevent()
 5 SYSTEMPATH\CodeIgniter.php(482): CodeIgniter\CodeIgniter->runController(Object(App\Controllers\SuperAdminControllers))
 6 SYSTEMPATH\CodeIgniter.php(351): CodeIgniter\CodeIgniter->handleRequest(null, Object(Config\Cache), false)
 7 FCPATH\index.php(67): CodeIgniter\CodeIgniter->run()
 8 SYSTEMPATH\Commands\Server\rewrite.php(46): require_once('FCPATH\\index.php')
CRITICAL - 2023-05-26 13:55:36 --> Invalid file: superadmin/Event/dataevent/registerevent.php
in SYSTEMPATH\Exceptions\FrameworkException.php on line 33.
 1 SYSTEMPATH\View\View.php(201): CodeIgniter\Exceptions\FrameworkException::forInvalidFile('superadmin/Event/dataevent/registerevent.php')
 2 SYSTEMPATH\Common.php(1134): CodeIgniter\View\View->render('superadmin/Event/dataevent/registerevent', [], true)
 3 APPPATH\Controllers\SuperAdminControllers.php(263): view('superadmin/Event/dataevent/registerevent', [...])
 4 SYSTEMPATH\CodeIgniter.php(927): App\Controllers\SuperAdminControllers->registerevent()
 5 SYSTEMPATH\CodeIgniter.php(482): CodeIgniter\CodeIgniter->runController(Object(App\Controllers\SuperAdminControllers))
 6 SYSTEMPATH\CodeIgniter.php(351): CodeIgniter\CodeIgniter->handleRequest(null, Object(Config\Cache), false)
 7 FCPATH\index.php(67): CodeIgniter\CodeIgniter->run()
 8 SYSTEMPATH\Commands\Server\rewrite.php(46): require_once('FCPATH\\index.php')
CRITICAL - 2023-05-26 13:56:21 --> Invalid file: superadmin/Event/dataevent/registerevent.php
in SYSTEMPATH\Exceptions\FrameworkException.php on line 33.
 1 SYSTEMPATH\View\View.php(201): CodeIgniter\Exceptions\FrameworkException::forInvalidFile('superadmin/Event/dataevent/registerevent.php')
 2 SYSTEMPATH\Common.php(1134): CodeIgniter\View\View->render('superadmin/Event/dataevent/registerevent', [], true)
 3 APPPATH\Controllers\SuperAdminControllers.php(263): view('superadmin/Event/dataevent/registerevent', [...])
 4 SYSTEMPATH\CodeIgniter.php(927): App\Controllers\SuperAdminControllers->registerevent()
 5 SYSTEMPATH\CodeIgniter.php(482): CodeIgniter\CodeIgniter->runController(Object(App\Controllers\SuperAdminControllers))
 6 SYSTEMPATH\CodeIgniter.php(351): CodeIgniter\CodeIgniter->handleRequest(null, Object(Config\Cache), false)
 7 FCPATH\index.php(67): CodeIgniter\CodeIgniter->run()
 8 SYSTEMPATH\Commands\Server\rewrite.php(46): require_once('FCPATH\\index.php')
CRITICAL - 2023-05-26 13:57:52 --> Undefined variable $tb_organisasi
in APPPATH\Views\superadmin\Event\registerevent.php on line 62.
 1 APPPATH\Views\superadmin\Event\registerevent.php(62): CodeIgniter\Debug\Exceptions->errorHandler(2, 'Undefined variable $tb_organisasi', 'APPPATH\\Views\\superadmin\\Event\\registerevent.php', 62)
 2 SYSTEMPATH\View\View.php(213): include('APPPATH\\Views\\superadmin\\Event\\registerevent.php')
 3 SYSTEMPATH\View\View.php(216): CodeIgniter\View\View->CodeIgniter\View\{closure}()
 4 SYSTEMPATH\Common.php(1134): CodeIgniter\View\View->render('superadmin/Event/registerevent', [], true)
 5 APPPATH\Controllers\SuperAdminControllers.php(263): view('superadmin/Event/registerevent', [...])
 6 SYSTEMPATH\CodeIgniter.php(927): App\Controllers\SuperAdminControllers->registerevent()
 7 SYSTEMPATH\CodeIgniter.php(482): CodeIgniter\CodeIgniter->runController(Object(App\Controllers\SuperAdminControllers))
 8 SYSTEMPATH\CodeIgniter.php(351): CodeIgniter\CodeIgniter->handleRequest(null, Object(Config\Cache), false)
 9 FCPATH\index.php(67): CodeIgniter\CodeIgniter->run()
10 SYSTEMPATH\Commands\Server\rewrite.php(46): require_once('FCPATH\\index.php')
ERROR - 2023-05-26 14:08:51 --> mysqli_sql_exception: Unknown column 'ao_id' in 'where clause' in C:\xampp\htdocs\Aplikasi Organisasi Kampus Finally_\system\Database\MySQLi\Connection.php:292
Stack trace:
#0 C:\xampp\htdocs\Aplikasi Organisasi Kampus Finally_\system\Database\MySQLi\Connection.php(292): mysqli->query('SELECT *\nFROM `...', 0)
#1 C:\xampp\htdocs\Aplikasi Organisasi Kampus Finally_\system\Database\BaseConnection.php(666): CodeIgniter\Database\MySQLi\Connection->execute('SELECT *\nFROM `...')
#2 C:\xampp\htdocs\Aplikasi Organisasi Kampus Finally_\system\Database\BaseConnection.php(593): CodeIgniter\Database\BaseConnection->simpleQuery('SELECT *\nFROM `...')
#3 C:\xampp\htdocs\Aplikasi Organisasi Kampus Finally_\system\Database\BaseBuilder.php(1585): CodeIgniter\Database\BaseConnection->query('SELECT *\nFROM `...', Array, false)
#4 C:\xampp\htdocs\Aplikasi Organisasi Kampus Finally_\system\Model.php(250): CodeIgniter\Database\BaseBuilder->get()
#5 C:\xampp\htdocs\Aplikasi Organisasi Kampus Finally_\system\BaseModel.php(623): CodeIgniter\Model->doFirst()
#6 C:\xampp\htdocs\Aplikasi Organisasi Kampus Finally_\app\Controllers\SuperAdminControllers.php(276): CodeIgniter\BaseModel->first()
#7 C:\xampp\htdocs\Aplikasi Organisasi Kampus Finally_\system\CodeIgniter.php(927): App\Controllers\SuperAdminControllers->editevent('3')
#8 C:\xampp\htdocs\Aplikasi Organisasi Kampus Finally_\system\CodeIgniter.php(482): CodeIgniter\CodeIgniter->runController(Object(App\Controllers\SuperAdminControllers))
#9 C:\xampp\htdocs\Aplikasi Organisasi Kampus Finally_\system\CodeIgniter.php(351): CodeIgniter\CodeIgniter->handleRequest(NULL, Object(Config\Cache), false)
#10 C:\xampp\htdocs\Aplikasi Organisasi Kampus Finally_\public\index.php(67): CodeIgniter\CodeIgniter->run()
#11 C:\xampp\htdocs\Aplikasi Organisasi Kampus Finally_\system\Commands\Server\rewrite.php(46): require_once('C:\\xampp\\htdocs...')
#12 {main}
CRITICAL - 2023-05-26 14:08:51 --> Unknown column 'ao_id' in 'where clause'
in SYSTEMPATH\Database\MySQLi\Connection.php on line 292.
 1 SYSTEMPATH\Database\MySQLi\Connection.php(292): mysqli->query('SELECT *
FROM `tb_kegiatan`
WHERE `ao_id` = \'3\'
 LIMIT 1', 0)
 2 SYSTEMPATH\Database\BaseConnection.php(666): CodeIgniter\Database\MySQLi\Connection->execute('SELECT *
FROM `tb_kegiatan`
WHERE `ao_id` = \'3\'
 LIMIT 1')
 3 SYSTEMPATH\Database\BaseConnection.php(593): CodeIgniter\Database\BaseConnection->simpleQuery('SELECT *
FROM `tb_kegiatan`
WHERE `ao_id` = \'3\'
 LIMIT 1')
 4 SYSTEMPATH\Database\BaseBuilder.php(1585): CodeIgniter\Database\BaseConnection->query('SELECT *
FROM `tb_kegiatan`
WHERE `ao_id` = :ao_id:
 LIMIT 1', [...], false)
 5 SYSTEMPATH\Model.php(250): CodeIgniter\Database\BaseBuilder->get()
 6 SYSTEMPATH\BaseModel.php(623): CodeIgniter\Model->doFirst()
 7 APPPATH\Controllers\SuperAdminControllers.php(276): CodeIgniter\BaseModel->first()
 8 SYSTEMPATH\CodeIgniter.php(927): App\Controllers\SuperAdminControllers->editevent('3')
 9 SYSTEMPATH\CodeIgniter.php(482): CodeIgniter\CodeIgniter->runController(Object(App\Controllers\SuperAdminControllers))
10 SYSTEMPATH\CodeIgniter.php(351): CodeIgniter\CodeIgniter->handleRequest(null, Object(Config\Cache), false)
11 FCPATH\index.php(67): CodeIgniter\CodeIgniter->run()
12 SYSTEMPATH\Commands\Server\rewrite.php(46): require_once('FCPATH\\index.php')
