ERROR - 2023-06-05 08:16:29 --> mysqli_sql_exception: Cannot delete or update a parent row: a foreign key constraint fails (`organisasi_kampus_widyatama`.`tb_pengambilan_organisasi`, CONSTRAINT `tb_pengambilan_organisasi_ibfk_2` FOREIGN KEY (`o_id`) REFERENCES `tb_organisasi` (`o_id`)) in C:\xampp\htdocs\Aplikasi Organisasi Kampus Finally_\system\Database\MySQLi\Connection.php:292
Stack trace:
#0 C:\xampp\htdocs\Aplikasi Organisasi Kampus Finally_\system\Database\MySQLi\Connection.php(292): mysqli->query('DELETE FROM `tb...', 0)
#1 C:\xampp\htdocs\Aplikasi Organisasi Kampus Finally_\system\Database\BaseConnection.php(666): CodeIgniter\Database\MySQLi\Connection->execute('DELETE FROM `tb...')
#2 C:\xampp\htdocs\Aplikasi Organisasi Kampus Finally_\system\Database\BaseConnection.php(593): CodeIgniter\Database\BaseConnection->simpleQuery('DELETE FROM `tb...')
#3 C:\xampp\htdocs\Aplikasi Organisasi Kampus Finally_\system\Database\BaseBuilder.php(2391): CodeIgniter\Database\BaseConnection->query('DELETE FROM `tb...', Array, false)
#4 C:\xampp\htdocs\Aplikasi Organisasi Kampus Finally_\system\Model.php(401): CodeIgniter\Database\BaseBuilder->delete()
#5 C:\xampp\htdocs\Aplikasi Organisasi Kampus Finally_\system\BaseModel.php(984): CodeIgniter\Model->doDelete(Array, false)
#6 C:\xampp\htdocs\Aplikasi Organisasi Kampus Finally_\app\Controllers\SuperAdminControllers.php(437): CodeIgniter\BaseModel->delete(Array)
#7 C:\xampp\htdocs\Aplikasi Organisasi Kampus Finally_\system\CodeIgniter.php(927): App\Controllers\SuperAdminControllers->deleteLKOK('3')
#8 C:\xampp\htdocs\Aplikasi Organisasi Kampus Finally_\system\CodeIgniter.php(482): CodeIgniter\CodeIgniter->runController(Object(App\Controllers\SuperAdminControllers))
#9 C:\xampp\htdocs\Aplikasi Organisasi Kampus Finally_\system\CodeIgniter.php(351): CodeIgniter\CodeIgniter->handleRequest(NULL, Object(Config\Cache), false)
#10 C:\xampp\htdocs\Aplikasi Organisasi Kampus Finally_\public\index.php(67): CodeIgniter\CodeIgniter->run()
#11 C:\xampp\htdocs\Aplikasi Organisasi Kampus Finally_\system\Commands\Server\rewrite.php(46): require_once('C:\\xampp\\htdocs...')
#12 {main}
ERROR - 2023-06-05 08:18:59 --> mysqli_sql_exception: Cannot delete or update a parent row: a foreign key constraint fails (`organisasi_kampus_widyatama`.`tb_pengambilan_organisasi`, CONSTRAINT `tb_pengambilan_organisasi_ibfk_2` FOREIGN KEY (`o_id`) REFERENCES `tb_organisasi` (`o_id`)) in C:\xampp\htdocs\Aplikasi Organisasi Kampus Finally_\system\Database\MySQLi\Connection.php:292
Stack trace:
#0 C:\xampp\htdocs\Aplikasi Organisasi Kampus Finally_\system\Database\MySQLi\Connection.php(292): mysqli->query('DELETE FROM `tb...', 0)
#1 C:\xampp\htdocs\Aplikasi Organisasi Kampus Finally_\system\Database\BaseConnection.php(666): CodeIgniter\Database\MySQLi\Connection->execute('DELETE FROM `tb...')
#2 C:\xampp\htdocs\Aplikasi Organisasi Kampus Finally_\system\Database\BaseConnection.php(593): CodeIgniter\Database\BaseConnection->simpleQuery('DELETE FROM `tb...')
#3 C:\xampp\htdocs\Aplikasi Organisasi Kampus Finally_\system\Database\BaseBuilder.php(2391): CodeIgniter\Database\BaseConnection->query('DELETE FROM `tb...', Array, false)
#4 C:\xampp\htdocs\Aplikasi Organisasi Kampus Finally_\system\Model.php(401): CodeIgniter\Database\BaseBuilder->delete()
#5 C:\xampp\htdocs\Aplikasi Organisasi Kampus Finally_\system\BaseModel.php(984): CodeIgniter\Model->doDelete(Array, false)
#6 C:\xampp\htdocs\Aplikasi Organisasi Kampus Finally_\app\Controllers\SuperAdminControllers.php(437): CodeIgniter\BaseModel->delete(Array)
#7 C:\xampp\htdocs\Aplikasi Organisasi Kampus Finally_\system\CodeIgniter.php(927): App\Controllers\SuperAdminControllers->deleteLKOK('1')
#8 C:\xampp\htdocs\Aplikasi Organisasi Kampus Finally_\system\CodeIgniter.php(482): CodeIgniter\CodeIgniter->runController(Object(App\Controllers\SuperAdminControllers))
#9 C:\xampp\htdocs\Aplikasi Organisasi Kampus Finally_\system\CodeIgniter.php(351): CodeIgniter\CodeIgniter->handleRequest(NULL, Object(Config\Cache), false)
#10 C:\xampp\htdocs\Aplikasi Organisasi Kampus Finally_\public\index.php(67): CodeIgniter\CodeIgniter->run()
#11 C:\xampp\htdocs\Aplikasi Organisasi Kampus Finally_\system\Commands\Server\rewrite.php(46): require_once('C:\\xampp\\htdocs...')
#12 {main}
ERROR - 2023-06-05 08:19:13 --> mysqli_sql_exception: Cannot delete or update a parent row: a foreign key constraint fails (`organisasi_kampus_widyatama`.`tb_anggota_organisasi`, CONSTRAINT `tb_anggota_organisasi_ibfk_2` FOREIGN KEY (`p_id`) REFERENCES `tb_prodi` (`p_id`)) in C:\xampp\htdocs\Aplikasi Organisasi Kampus Finally_\system\Database\MySQLi\Connection.php:292
Stack trace:
#0 C:\xampp\htdocs\Aplikasi Organisasi Kampus Finally_\system\Database\MySQLi\Connection.php(292): mysqli->query('DELETE FROM `tb...', 0)
#1 C:\xampp\htdocs\Aplikasi Organisasi Kampus Finally_\system\Database\BaseConnection.php(666): CodeIgniter\Database\MySQLi\Connection->execute('DELETE FROM `tb...')
#2 C:\xampp\htdocs\Aplikasi Organisasi Kampus Finally_\system\Database\BaseConnection.php(593): CodeIgniter\Database\BaseConnection->simpleQuery('DELETE FROM `tb...')
#3 C:\xampp\htdocs\Aplikasi Organisasi Kampus Finally_\system\Database\BaseBuilder.php(2391): CodeIgniter\Database\BaseConnection->query('DELETE FROM `tb...', Array, false)
#4 C:\xampp\htdocs\Aplikasi Organisasi Kampus Finally_\system\Model.php(401): CodeIgniter\Database\BaseBuilder->delete()
#5 C:\xampp\htdocs\Aplikasi Organisasi Kampus Finally_\system\BaseModel.php(984): CodeIgniter\Model->doDelete(Array, false)
#6 C:\xampp\htdocs\Aplikasi Organisasi Kampus Finally_\app\Controllers\SuperAdminControllers.php(324): CodeIgniter\BaseModel->delete(Array)
#7 C:\xampp\htdocs\Aplikasi Organisasi Kampus Finally_\system\CodeIgniter.php(927): App\Controllers\SuperAdminControllers->deletefakultas('2')
#8 C:\xampp\htdocs\Aplikasi Organisasi Kampus Finally_\system\CodeIgniter.php(482): CodeIgniter\CodeIgniter->runController(Object(App\Controllers\SuperAdminControllers))
#9 C:\xampp\htdocs\Aplikasi Organisasi Kampus Finally_\system\CodeIgniter.php(351): CodeIgniter\CodeIgniter->handleRequest(NULL, Object(Config\Cache), false)
#10 C:\xampp\htdocs\Aplikasi Organisasi Kampus Finally_\public\index.php(67): CodeIgniter\CodeIgniter->run()
#11 C:\xampp\htdocs\Aplikasi Organisasi Kampus Finally_\system\Commands\Server\rewrite.php(46): require_once('C:\\xampp\\htdocs...')
#12 {main}
ERROR - 2023-06-05 08:19:28 --> mysqli_sql_exception: Cannot delete or update a parent row: a foreign key constraint fails (`organisasi_kampus_widyatama`.`tb_anggota_organisasi`, CONSTRAINT `tb_anggota_organisasi_ibfk_1` FOREIGN KEY (`u_id`) REFERENCES `tb_user` (`u_id`)) in C:\xampp\htdocs\Aplikasi Organisasi Kampus Finally_\system\Database\MySQLi\Connection.php:292
Stack trace:
#0 C:\xampp\htdocs\Aplikasi Organisasi Kampus Finally_\system\Database\MySQLi\Connection.php(292): mysqli->query('DELETE FROM `tb...', 0)
#1 C:\xampp\htdocs\Aplikasi Organisasi Kampus Finally_\system\Database\BaseConnection.php(666): CodeIgniter\Database\MySQLi\Connection->execute('DELETE FROM `tb...')
#2 C:\xampp\htdocs\Aplikasi Organisasi Kampus Finally_\system\Database\BaseConnection.php(593): CodeIgniter\Database\BaseConnection->simpleQuery('DELETE FROM `tb...')
#3 C:\xampp\htdocs\Aplikasi Organisasi Kampus Finally_\system\Database\BaseBuilder.php(2391): CodeIgniter\Database\BaseConnection->query('DELETE FROM `tb...', Array, false)
#4 C:\xampp\htdocs\Aplikasi Organisasi Kampus Finally_\system\Model.php(401): CodeIgniter\Database\BaseBuilder->delete()
#5 C:\xampp\htdocs\Aplikasi Organisasi Kampus Finally_\system\BaseModel.php(984): CodeIgniter\Model->doDelete(Array, false)
#6 C:\xampp\htdocs\Aplikasi Organisasi Kampus Finally_\app\Controllers\SuperAdminControllers.php(222): CodeIgniter\BaseModel->delete(Array)
#7 C:\xampp\htdocs\Aplikasi Organisasi Kampus Finally_\system\CodeIgniter.php(927): App\Controllers\SuperAdminControllers->deleteuser('2')
#8 C:\xampp\htdocs\Aplikasi Organisasi Kampus Finally_\system\CodeIgniter.php(482): CodeIgniter\CodeIgniter->runController(Object(App\Controllers\SuperAdminControllers))
#9 C:\xampp\htdocs\Aplikasi Organisasi Kampus Finally_\system\CodeIgniter.php(351): CodeIgniter\CodeIgniter->handleRequest(NULL, Object(Config\Cache), false)
#10 C:\xampp\htdocs\Aplikasi Organisasi Kampus Finally_\public\index.php(67): CodeIgniter\CodeIgniter->run()
#11 C:\xampp\htdocs\Aplikasi Organisasi Kampus Finally_\system\Commands\Server\rewrite.php(46): require_once('C:\\xampp\\htdocs...')
#12 {main}
CRITICAL - 2023-06-05 09:14:47 --> Undefined variable $tb_event
in APPPATH\Views\superadmin\LKOK\DataLKOK\morelkok.php on line 61.
 1 APPPATH\Views\superadmin\LKOK\DataLKOK\morelkok.php(61): CodeIgniter\Debug\Exceptions->errorHandler(2, 'Undefined variable $tb_event', 'APPPATH\\Views\\superadmin\\LKOK\\DataLKOK\\morelkok.php', 61)
 2 SYSTEMPATH\View\View.php(213): include('APPPATH\\Views\\superadmin\\LKOK\\DataLKOK\\morelkok.php')
 3 SYSTEMPATH\View\View.php(216): CodeIgniter\View\View->CodeIgniter\View\{closure}()
 4 SYSTEMPATH\Common.php(1134): CodeIgniter\View\View->render('superadmin/LKOK/DataLKOK/morelkok', [], true)
 5 APPPATH\Controllers\SuperAdminControllers.php(364): view('superadmin/LKOK/DataLKOK/morelkok', [...])
 6 SYSTEMPATH\CodeIgniter.php(927): App\Controllers\SuperAdminControllers->morelkok()
 7 SYSTEMPATH\CodeIgniter.php(482): CodeIgniter\CodeIgniter->runController(Object(App\Controllers\SuperAdminControllers))
 8 SYSTEMPATH\CodeIgniter.php(351): CodeIgniter\CodeIgniter->handleRequest(null, Object(Config\Cache), false)
 9 FCPATH\index.php(67): CodeIgniter\CodeIgniter->run()
10 SYSTEMPATH\Commands\Server\rewrite.php(46): require_once('FCPATH\\index.php')
CRITICAL - 2023-06-05 09:22:06 --> Undefined array key "p_id"
in APPPATH\Views\superadmin\LKOK\DataLKOK\morelkok.php on line 62.
 1 APPPATH\Views\superadmin\LKOK\DataLKOK\morelkok.php(62): CodeIgniter\Debug\Exceptions->errorHandler(2, 'Undefined array key "p_id"', 'APPPATH\\Views\\superadmin\\LKOK\\DataLKOK\\morelkok.php', 62)
 2 SYSTEMPATH\View\View.php(213): include('APPPATH\\Views\\superadmin\\LKOK\\DataLKOK\\morelkok.php')
 3 SYSTEMPATH\View\View.php(216): CodeIgniter\View\View->CodeIgniter\View\{closure}()
 4 SYSTEMPATH\Common.php(1134): CodeIgniter\View\View->render('superadmin/LKOK/DataLKOK/morelkok', [], true)
 5 APPPATH\Controllers\SuperAdminControllers.php(368): view('superadmin/LKOK/DataLKOK/morelkok', [...])
 6 SYSTEMPATH\CodeIgniter.php(927): App\Controllers\SuperAdminControllers->morelkok()
 7 SYSTEMPATH\CodeIgniter.php(482): CodeIgniter\CodeIgniter->runController(Object(App\Controllers\SuperAdminControllers))
 8 SYSTEMPATH\CodeIgniter.php(351): CodeIgniter\CodeIgniter->handleRequest(null, Object(Config\Cache), false)
 9 FCPATH\index.php(67): CodeIgniter\CodeIgniter->run()
10 SYSTEMPATH\Commands\Server\rewrite.php(46): require_once('FCPATH\\index.php')
CRITICAL - 2023-06-05 09:22:28 --> Unknown column 'o_id' in 'where clause'
in APPPATH\Views\superadmin\LKOK\DataLKOK\morelkok.php on line 76.
 1 APPPATH\Views\superadmin\LKOK\DataLKOK\morelkok.php(76): mysqli_query(Object(mysqli), 'SELECT * FROM tb_anggota_organisasi WHERE o_id = \'1\' ORDER BY ao_create_at DESC LIMIT 1')
 2 SYSTEMPATH\View\View.php(213): include('APPPATH\\Views\\superadmin\\LKOK\\DataLKOK\\morelkok.php')
 3 SYSTEMPATH\View\View.php(216): CodeIgniter\View\View->CodeIgniter\View\{closure}()
 4 SYSTEMPATH\Common.php(1134): CodeIgniter\View\View->render('superadmin/LKOK/DataLKOK/morelkok', [], true)
 5 APPPATH\Controllers\SuperAdminControllers.php(368): view('superadmin/LKOK/DataLKOK/morelkok', [...])
 6 SYSTEMPATH\CodeIgniter.php(927): App\Controllers\SuperAdminControllers->morelkok()
 7 SYSTEMPATH\CodeIgniter.php(482): CodeIgniter\CodeIgniter->runController(Object(App\Controllers\SuperAdminControllers))
 8 SYSTEMPATH\CodeIgniter.php(351): CodeIgniter\CodeIgniter->handleRequest(null, Object(Config\Cache), false)
 9 FCPATH\index.php(67): CodeIgniter\CodeIgniter->run()
10 SYSTEMPATH\Commands\Server\rewrite.php(46): require_once('FCPATH\\index.php')
CRITICAL - 2023-06-05 10:18:41 --> Undefined variable $ao_staf
in APPPATH\Views\superadmin\LKOK\DataLKOK\morelkok.php on line 84.
 1 APPPATH\Views\superadmin\LKOK\DataLKOK\morelkok.php(84): CodeIgniter\Debug\Exceptions->errorHandler(2, 'Undefined variable $ao_staf', 'APPPATH\\Views\\superadmin\\LKOK\\DataLKOK\\morelkok.php', 84)
 2 SYSTEMPATH\View\View.php(213): include('APPPATH\\Views\\superadmin\\LKOK\\DataLKOK\\morelkok.php')
 3 SYSTEMPATH\View\View.php(216): CodeIgniter\View\View->CodeIgniter\View\{closure}()
 4 SYSTEMPATH\Common.php(1134): CodeIgniter\View\View->render('superadmin/LKOK/DataLKOK/morelkok', [], true)
 5 APPPATH\Controllers\SuperAdminControllers.php(370): view('superadmin/LKOK/DataLKOK/morelkok', [...])
 6 SYSTEMPATH\CodeIgniter.php(927): App\Controllers\SuperAdminControllers->morelkok()
 7 SYSTEMPATH\CodeIgniter.php(482): CodeIgniter\CodeIgniter->runController(Object(App\Controllers\SuperAdminControllers))
 8 SYSTEMPATH\CodeIgniter.php(351): CodeIgniter\CodeIgniter->handleRequest(null, Object(Config\Cache), false)
 9 FCPATH\index.php(67): CodeIgniter\CodeIgniter->run()
10 SYSTEMPATH\Commands\Server\rewrite.php(46): require_once('FCPATH\\index.php')
CRITICAL - 2023-06-05 10:20:04 --> Undefined array key "ao_foto"
in APPPATH\Views\superadmin\LKOK\DataLKOK\morelkok.php on line 86.
 1 APPPATH\Views\superadmin\LKOK\DataLKOK\morelkok.php(86): CodeIgniter\Debug\Exceptions->errorHandler(2, 'Undefined array key "ao_foto"', 'APPPATH\\Views\\superadmin\\LKOK\\DataLKOK\\morelkok.php', 86)
 2 SYSTEMPATH\View\View.php(213): include('APPPATH\\Views\\superadmin\\LKOK\\DataLKOK\\morelkok.php')
 3 SYSTEMPATH\View\View.php(216): CodeIgniter\View\View->CodeIgniter\View\{closure}()
 4 SYSTEMPATH\Common.php(1134): CodeIgniter\View\View->render('superadmin/LKOK/DataLKOK/morelkok', [], true)
 5 APPPATH\Controllers\SuperAdminControllers.php(370): view('superadmin/LKOK/DataLKOK/morelkok', [...])
 6 SYSTEMPATH\CodeIgniter.php(927): App\Controllers\SuperAdminControllers->morelkok()
 7 SYSTEMPATH\CodeIgniter.php(482): CodeIgniter\CodeIgniter->runController(Object(App\Controllers\SuperAdminControllers))
 8 SYSTEMPATH\CodeIgniter.php(351): CodeIgniter\CodeIgniter->handleRequest(null, Object(Config\Cache), false)
 9 FCPATH\index.php(67): CodeIgniter\CodeIgniter->run()
10 SYSTEMPATH\Commands\Server\rewrite.php(46): require_once('FCPATH\\index.php')
CRITICAL - 2023-06-05 10:20:19 --> Cannot access offset of type string on string
in APPPATH\Views\superadmin\LKOK\DataLKOK\morelkok.php on line 76.
 1 SYSTEMPATH\View\View.php(213): include()
 2 SYSTEMPATH\View\View.php(216): CodeIgniter\View\View->CodeIgniter\View\{closure}()
 3 SYSTEMPATH\Common.php(1134): CodeIgniter\View\View->render('superadmin/LKOK/DataLKOK/morelkok', [], true)
 4 APPPATH\Controllers\SuperAdminControllers.php(370): view('superadmin/LKOK/DataLKOK/morelkok', [...])
 5 SYSTEMPATH\CodeIgniter.php(927): App\Controllers\SuperAdminControllers->morelkok()
 6 SYSTEMPATH\CodeIgniter.php(482): CodeIgniter\CodeIgniter->runController(Object(App\Controllers\SuperAdminControllers))
 7 SYSTEMPATH\CodeIgniter.php(351): CodeIgniter\CodeIgniter->handleRequest(null, Object(Config\Cache), false)
 8 FCPATH\index.php(67): CodeIgniter\CodeIgniter->run()
 9 SYSTEMPATH\Commands\Server\rewrite.php(46): require_once('FCPATH\\index.php')
CRITICAL - 2023-06-05 10:21:53 --> Cannot access offset of type string on string
in APPPATH\Views\superadmin\LKOK\DataLKOK\morelkok.php on line 76.
 1 SYSTEMPATH\View\View.php(213): include()
 2 SYSTEMPATH\View\View.php(216): CodeIgniter\View\View->CodeIgniter\View\{closure}()
 3 SYSTEMPATH\Common.php(1134): CodeIgniter\View\View->render('superadmin/LKOK/DataLKOK/morelkok', [], true)
 4 APPPATH\Controllers\SuperAdminControllers.php(370): view('superadmin/LKOK/DataLKOK/morelkok', [...])
 5 SYSTEMPATH\CodeIgniter.php(927): App\Controllers\SuperAdminControllers->morelkok()
 6 SYSTEMPATH\CodeIgniter.php(482): CodeIgniter\CodeIgniter->runController(Object(App\Controllers\SuperAdminControllers))
 7 SYSTEMPATH\CodeIgniter.php(351): CodeIgniter\CodeIgniter->handleRequest(null, Object(Config\Cache), false)
 8 FCPATH\index.php(67): CodeIgniter\CodeIgniter->run()
 9 SYSTEMPATH\Commands\Server\rewrite.php(46): require_once('FCPATH\\index.php')
CRITICAL - 2023-06-05 10:26:20 --> Cannot access offset of type string on string
in APPPATH\Views\superadmin\LKOK\DataLKOK\morelkok.php on line 76.
 1 SYSTEMPATH\View\View.php(213): include()
 2 SYSTEMPATH\View\View.php(216): CodeIgniter\View\View->CodeIgniter\View\{closure}()
 3 SYSTEMPATH\Common.php(1134): CodeIgniter\View\View->render('superadmin/LKOK/DataLKOK/morelkok', [], true)
 4 APPPATH\Controllers\SuperAdminControllers.php(367): view('superadmin/LKOK/DataLKOK/morelkok', [...])
 5 SYSTEMPATH\CodeIgniter.php(927): App\Controllers\SuperAdminControllers->morelkok()
 6 SYSTEMPATH\CodeIgniter.php(482): CodeIgniter\CodeIgniter->runController(Object(App\Controllers\SuperAdminControllers))
 7 SYSTEMPATH\CodeIgniter.php(351): CodeIgniter\CodeIgniter->handleRequest(null, Object(Config\Cache), false)
 8 FCPATH\index.php(67): CodeIgniter\CodeIgniter->run()
 9 SYSTEMPATH\Commands\Server\rewrite.php(46): require_once('FCPATH\\index.php')
CRITICAL - 2023-06-05 10:26:21 --> Cannot access offset of type string on string
in APPPATH\Views\superadmin\LKOK\DataLKOK\morelkok.php on line 76.
 1 SYSTEMPATH\View\View.php(213): include()
 2 SYSTEMPATH\View\View.php(216): CodeIgniter\View\View->CodeIgniter\View\{closure}()
 3 SYSTEMPATH\Common.php(1134): CodeIgniter\View\View->render('superadmin/LKOK/DataLKOK/morelkok', [], true)
 4 APPPATH\Controllers\SuperAdminControllers.php(367): view('superadmin/LKOK/DataLKOK/morelkok', [...])
 5 SYSTEMPATH\CodeIgniter.php(927): App\Controllers\SuperAdminControllers->morelkok()
 6 SYSTEMPATH\CodeIgniter.php(482): CodeIgniter\CodeIgniter->runController(Object(App\Controllers\SuperAdminControllers))
 7 SYSTEMPATH\CodeIgniter.php(351): CodeIgniter\CodeIgniter->handleRequest(null, Object(Config\Cache), false)
 8 FCPATH\index.php(67): CodeIgniter\CodeIgniter->run()
 9 SYSTEMPATH\Commands\Server\rewrite.php(46): require_once('FCPATH\\index.php')
CRITICAL - 2023-06-05 10:26:21 --> Cannot access offset of type string on string
in APPPATH\Views\superadmin\LKOK\DataLKOK\morelkok.php on line 76.
 1 SYSTEMPATH\View\View.php(213): include()
 2 SYSTEMPATH\View\View.php(216): CodeIgniter\View\View->CodeIgniter\View\{closure}()
 3 SYSTEMPATH\Common.php(1134): CodeIgniter\View\View->render('superadmin/LKOK/DataLKOK/morelkok', [], true)
 4 APPPATH\Controllers\SuperAdminControllers.php(367): view('superadmin/LKOK/DataLKOK/morelkok', [...])
 5 SYSTEMPATH\CodeIgniter.php(927): App\Controllers\SuperAdminControllers->morelkok()
 6 SYSTEMPATH\CodeIgniter.php(482): CodeIgniter\CodeIgniter->runController(Object(App\Controllers\SuperAdminControllers))
 7 SYSTEMPATH\CodeIgniter.php(351): CodeIgniter\CodeIgniter->handleRequest(null, Object(Config\Cache), false)
 8 FCPATH\index.php(67): CodeIgniter\CodeIgniter->run()
 9 SYSTEMPATH\Commands\Server\rewrite.php(46): require_once('FCPATH\\index.php')
CRITICAL - 2023-06-05 10:26:22 --> Cannot access offset of type string on string
in APPPATH\Views\superadmin\LKOK\DataLKOK\morelkok.php on line 76.
 1 SYSTEMPATH\View\View.php(213): include()
 2 SYSTEMPATH\View\View.php(216): CodeIgniter\View\View->CodeIgniter\View\{closure}()
 3 SYSTEMPATH\Common.php(1134): CodeIgniter\View\View->render('superadmin/LKOK/DataLKOK/morelkok', [], true)
 4 APPPATH\Controllers\SuperAdminControllers.php(367): view('superadmin/LKOK/DataLKOK/morelkok', [...])
 5 SYSTEMPATH\CodeIgniter.php(927): App\Controllers\SuperAdminControllers->morelkok()
 6 SYSTEMPATH\CodeIgniter.php(482): CodeIgniter\CodeIgniter->runController(Object(App\Controllers\SuperAdminControllers))
 7 SYSTEMPATH\CodeIgniter.php(351): CodeIgniter\CodeIgniter->handleRequest(null, Object(Config\Cache), false)
 8 FCPATH\index.php(67): CodeIgniter\CodeIgniter->run()
 9 SYSTEMPATH\Commands\Server\rewrite.php(46): require_once('FCPATH\\index.php')
CRITICAL - 2023-06-05 10:26:23 --> Cannot access offset of type string on string
in APPPATH\Views\superadmin\LKOK\DataLKOK\morelkok.php on line 76.
 1 SYSTEMPATH\View\View.php(213): include()
 2 SYSTEMPATH\View\View.php(216): CodeIgniter\View\View->CodeIgniter\View\{closure}()
 3 SYSTEMPATH\Common.php(1134): CodeIgniter\View\View->render('superadmin/LKOK/DataLKOK/morelkok', [], true)
 4 APPPATH\Controllers\SuperAdminControllers.php(367): view('superadmin/LKOK/DataLKOK/morelkok', [...])
 5 SYSTEMPATH\CodeIgniter.php(927): App\Controllers\SuperAdminControllers->morelkok()
 6 SYSTEMPATH\CodeIgniter.php(482): CodeIgniter\CodeIgniter->runController(Object(App\Controllers\SuperAdminControllers))
 7 SYSTEMPATH\CodeIgniter.php(351): CodeIgniter\CodeIgniter->handleRequest(null, Object(Config\Cache), false)
 8 FCPATH\index.php(67): CodeIgniter\CodeIgniter->run()
 9 SYSTEMPATH\Commands\Server\rewrite.php(46): require_once('FCPATH\\index.php')
CRITICAL - 2023-06-05 10:26:23 --> Cannot access offset of type string on string
in APPPATH\Views\superadmin\LKOK\DataLKOK\morelkok.php on line 76.
 1 SYSTEMPATH\View\View.php(213): include()
 2 SYSTEMPATH\View\View.php(216): CodeIgniter\View\View->CodeIgniter\View\{closure}()
 3 SYSTEMPATH\Common.php(1134): CodeIgniter\View\View->render('superadmin/LKOK/DataLKOK/morelkok', [], true)
 4 APPPATH\Controllers\SuperAdminControllers.php(367): view('superadmin/LKOK/DataLKOK/morelkok', [...])
 5 SYSTEMPATH\CodeIgniter.php(927): App\Controllers\SuperAdminControllers->morelkok()
 6 SYSTEMPATH\CodeIgniter.php(482): CodeIgniter\CodeIgniter->runController(Object(App\Controllers\SuperAdminControllers))
 7 SYSTEMPATH\CodeIgniter.php(351): CodeIgniter\CodeIgniter->handleRequest(null, Object(Config\Cache), false)
 8 FCPATH\index.php(67): CodeIgniter\CodeIgniter->run()
 9 SYSTEMPATH\Commands\Server\rewrite.php(46): require_once('FCPATH\\index.php')
CRITICAL - 2023-06-05 10:34:03 --> json_decode(): Argument #1 ($json) must be of type string, array given
in APPPATH\Views\superadmin\LKOK\DataLKOK\morelkok.php on line 76.
 1 APPPATH\Views\superadmin\LKOK\DataLKOK\morelkok.php(76): json_decode([...], true)
 2 SYSTEMPATH\View\View.php(213): include('APPPATH\\Views\\superadmin\\LKOK\\DataLKOK\\morelkok.php')
 3 SYSTEMPATH\View\View.php(216): CodeIgniter\View\View->CodeIgniter\View\{closure}()
 4 SYSTEMPATH\Common.php(1134): CodeIgniter\View\View->render('superadmin/LKOK/DataLKOK/morelkok', [], true)
 5 APPPATH\Controllers\SuperAdminControllers.php(367): view('superadmin/LKOK/DataLKOK/morelkok', [...])
 6 SYSTEMPATH\CodeIgniter.php(927): App\Controllers\SuperAdminControllers->morelkok()
 7 SYSTEMPATH\CodeIgniter.php(482): CodeIgniter\CodeIgniter->runController(Object(App\Controllers\SuperAdminControllers))
 8 SYSTEMPATH\CodeIgniter.php(351): CodeIgniter\CodeIgniter->handleRequest(null, Object(Config\Cache), false)
 9 FCPATH\index.php(67): CodeIgniter\CodeIgniter->run()
10 SYSTEMPATH\Commands\Server\rewrite.php(46): require_once('FCPATH\\index.php')
CRITICAL - 2023-06-05 10:34:04 --> json_decode(): Argument #1 ($json) must be of type string, array given
in APPPATH\Views\superadmin\LKOK\DataLKOK\morelkok.php on line 76.
 1 APPPATH\Views\superadmin\LKOK\DataLKOK\morelkok.php(76): json_decode([...], true)
 2 SYSTEMPATH\View\View.php(213): include('APPPATH\\Views\\superadmin\\LKOK\\DataLKOK\\morelkok.php')
 3 SYSTEMPATH\View\View.php(216): CodeIgniter\View\View->CodeIgniter\View\{closure}()
 4 SYSTEMPATH\Common.php(1134): CodeIgniter\View\View->render('superadmin/LKOK/DataLKOK/morelkok', [], true)
 5 APPPATH\Controllers\SuperAdminControllers.php(367): view('superadmin/LKOK/DataLKOK/morelkok', [...])
 6 SYSTEMPATH\CodeIgniter.php(927): App\Controllers\SuperAdminControllers->morelkok()
 7 SYSTEMPATH\CodeIgniter.php(482): CodeIgniter\CodeIgniter->runController(Object(App\Controllers\SuperAdminControllers))
 8 SYSTEMPATH\CodeIgniter.php(351): CodeIgniter\CodeIgniter->handleRequest(null, Object(Config\Cache), false)
 9 FCPATH\index.php(67): CodeIgniter\CodeIgniter->run()
10 SYSTEMPATH\Commands\Server\rewrite.php(46): require_once('FCPATH\\index.php')
CRITICAL - 2023-06-05 10:34:04 --> json_decode(): Argument #1 ($json) must be of type string, array given
in APPPATH\Views\superadmin\LKOK\DataLKOK\morelkok.php on line 76.
 1 APPPATH\Views\superadmin\LKOK\DataLKOK\morelkok.php(76): json_decode([...], true)
 2 SYSTEMPATH\View\View.php(213): include('APPPATH\\Views\\superadmin\\LKOK\\DataLKOK\\morelkok.php')
 3 SYSTEMPATH\View\View.php(216): CodeIgniter\View\View->CodeIgniter\View\{closure}()
 4 SYSTEMPATH\Common.php(1134): CodeIgniter\View\View->render('superadmin/LKOK/DataLKOK/morelkok', [], true)
 5 APPPATH\Controllers\SuperAdminControllers.php(367): view('superadmin/LKOK/DataLKOK/morelkok', [...])
 6 SYSTEMPATH\CodeIgniter.php(927): App\Controllers\SuperAdminControllers->morelkok()
 7 SYSTEMPATH\CodeIgniter.php(482): CodeIgniter\CodeIgniter->runController(Object(App\Controllers\SuperAdminControllers))
 8 SYSTEMPATH\CodeIgniter.php(351): CodeIgniter\CodeIgniter->handleRequest(null, Object(Config\Cache), false)
 9 FCPATH\index.php(67): CodeIgniter\CodeIgniter->run()
10 SYSTEMPATH\Commands\Server\rewrite.php(46): require_once('FCPATH\\index.php')
CRITICAL - 2023-06-05 10:34:06 --> json_decode(): Argument #1 ($json) must be of type string, array given
in APPPATH\Views\superadmin\LKOK\DataLKOK\morelkok.php on line 76.
 1 APPPATH\Views\superadmin\LKOK\DataLKOK\morelkok.php(76): json_decode([...], true)
 2 SYSTEMPATH\View\View.php(213): include('APPPATH\\Views\\superadmin\\LKOK\\DataLKOK\\morelkok.php')
 3 SYSTEMPATH\View\View.php(216): CodeIgniter\View\View->CodeIgniter\View\{closure}()
 4 SYSTEMPATH\Common.php(1134): CodeIgniter\View\View->render('superadmin/LKOK/DataLKOK/morelkok', [], true)
 5 APPPATH\Controllers\SuperAdminControllers.php(367): view('superadmin/LKOK/DataLKOK/morelkok', [...])
 6 SYSTEMPATH\CodeIgniter.php(927): App\Controllers\SuperAdminControllers->morelkok()
 7 SYSTEMPATH\CodeIgniter.php(482): CodeIgniter\CodeIgniter->runController(Object(App\Controllers\SuperAdminControllers))
 8 SYSTEMPATH\CodeIgniter.php(351): CodeIgniter\CodeIgniter->handleRequest(null, Object(Config\Cache), false)
 9 FCPATH\index.php(67): CodeIgniter\CodeIgniter->run()
10 SYSTEMPATH\Commands\Server\rewrite.php(46): require_once('FCPATH\\index.php')
CRITICAL - 2023-06-05 10:46:22 --> Cannot access offset of type string on string
in APPPATH\Views\superadmin\LKOK\DataLKOK\morelkok.php on line 76.
 1 SYSTEMPATH\View\View.php(213): include()
 2 SYSTEMPATH\View\View.php(216): CodeIgniter\View\View->CodeIgniter\View\{closure}()
 3 SYSTEMPATH\Common.php(1134): CodeIgniter\View\View->render('superadmin/LKOK/DataLKOK/morelkok', [], true)
 4 APPPATH\Controllers\SuperAdminControllers.php(371): view('superadmin/LKOK/DataLKOK/morelkok', [...])
 5 SYSTEMPATH\CodeIgniter.php(927): App\Controllers\SuperAdminControllers->morelkok()
 6 SYSTEMPATH\CodeIgniter.php(482): CodeIgniter\CodeIgniter->runController(Object(App\Controllers\SuperAdminControllers))
 7 SYSTEMPATH\CodeIgniter.php(351): CodeIgniter\CodeIgniter->handleRequest(null, Object(Config\Cache), false)
 8 FCPATH\index.php(67): CodeIgniter\CodeIgniter->run()
 9 SYSTEMPATH\Commands\Server\rewrite.php(46): require_once('FCPATH\\index.php')
ERROR - 2023-06-05 10:50:14 --> mysqli_sql_exception: Unknown column 'ao_create_at' in 'order clause' in C:\xampp\htdocs\Aplikasi Organisasi Kampus Finally_\system\Database\MySQLi\Connection.php:292
Stack trace:
#0 C:\xampp\htdocs\Aplikasi Organisasi Kampus Finally_\system\Database\MySQLi\Connection.php(292): mysqli->query('SELECT * FROM t...', 0)
#1 C:\xampp\htdocs\Aplikasi Organisasi Kampus Finally_\system\Database\BaseConnection.php(666): CodeIgniter\Database\MySQLi\Connection->execute('SELECT * FROM t...')
#2 C:\xampp\htdocs\Aplikasi Organisasi Kampus Finally_\system\Database\BaseConnection.php(593): CodeIgniter\Database\BaseConnection->simpleQuery('SELECT * FROM t...')
#3 C:\xampp\htdocs\Aplikasi Organisasi Kampus Finally_\app\Models\PengambilanOrganisasiModels.php(51): CodeIgniter\Database\BaseConnection->query('SELECT * FROM t...', Array)
#4 C:\xampp\htdocs\Aplikasi Organisasi Kampus Finally_\app\Controllers\SuperAdminControllers.php(369): App\Models\PengambilanOrganisasiModels->getpengambilan_by_ao_id('7')
#5 C:\xampp\htdocs\Aplikasi Organisasi Kampus Finally_\system\CodeIgniter.php(927): App\Controllers\SuperAdminControllers->morelkok()
#6 C:\xampp\htdocs\Aplikasi Organisasi Kampus Finally_\system\CodeIgniter.php(482): CodeIgniter\CodeIgniter->runController(Object(App\Controllers\SuperAdminControllers))
#7 C:\xampp\htdocs\Aplikasi Organisasi Kampus Finally_\system\CodeIgniter.php(351): CodeIgniter\CodeIgniter->handleRequest(NULL, Object(Config\Cache), false)
#8 C:\xampp\htdocs\Aplikasi Organisasi Kampus Finally_\public\index.php(67): CodeIgniter\CodeIgniter->run()
#9 C:\xampp\htdocs\Aplikasi Organisasi Kampus Finally_\system\Commands\Server\rewrite.php(46): require_once('C:\\xampp\\htdocs...')
#10 {main}
CRITICAL - 2023-06-05 10:50:14 --> Unknown column 'ao_create_at' in 'order clause'
in SYSTEMPATH\Database\MySQLi\Connection.php on line 292.
 1 SYSTEMPATH\Database\MySQLi\Connection.php(292): mysqli->query('SELECT * FROM tb_pengambilan_organisasi WHERE ao_id = \'7\' ORDER BY ao_create_at DESC LIMIT 1', 0)
 2 SYSTEMPATH\Database\BaseConnection.php(666): CodeIgniter\Database\MySQLi\Connection->execute('SELECT * FROM tb_pengambilan_organisasi WHERE ao_id = \'7\' ORDER BY ao_create_at DESC LIMIT 1')
 3 SYSTEMPATH\Database\BaseConnection.php(593): CodeIgniter\Database\BaseConnection->simpleQuery('SELECT * FROM tb_pengambilan_organisasi WHERE ao_id = \'7\' ORDER BY ao_create_at DESC LIMIT 1')
 4 APPPATH\Models\PengambilanOrganisasiModels.php(51): CodeIgniter\Database\BaseConnection->query('SELECT * FROM tb_pengambilan_organisasi WHERE ao_id = ? ORDER BY ao_create_at DESC LIMIT 1', [...])
 5 APPPATH\Controllers\SuperAdminControllers.php(369): App\Models\PengambilanOrganisasiModels->getpengambilan_by_ao_id('7')
 6 SYSTEMPATH\CodeIgniter.php(927): App\Controllers\SuperAdminControllers->morelkok()
 7 SYSTEMPATH\CodeIgniter.php(482): CodeIgniter\CodeIgniter->runController(Object(App\Controllers\SuperAdminControllers))
 8 SYSTEMPATH\CodeIgniter.php(351): CodeIgniter\CodeIgniter->handleRequest(null, Object(Config\Cache), false)
 9 FCPATH\index.php(67): CodeIgniter\CodeIgniter->run()
10 SYSTEMPATH\Commands\Server\rewrite.php(46): require_once('FCPATH\\index.php')
ERROR - 2023-06-05 10:51:27 --> mysqli_sql_exception: Unknown column 'ao_create_at' in 'order clause' in C:\xampp\htdocs\Aplikasi Organisasi Kampus Finally_\system\Database\MySQLi\Connection.php:292
Stack trace:
#0 C:\xampp\htdocs\Aplikasi Organisasi Kampus Finally_\system\Database\MySQLi\Connection.php(292): mysqli->query('SELECT * FROM t...', 0)
#1 C:\xampp\htdocs\Aplikasi Organisasi Kampus Finally_\system\Database\BaseConnection.php(666): CodeIgniter\Database\MySQLi\Connection->execute('SELECT * FROM t...')
#2 C:\xampp\htdocs\Aplikasi Organisasi Kampus Finally_\system\Database\BaseConnection.php(593): CodeIgniter\Database\BaseConnection->simpleQuery('SELECT * FROM t...')
#3 C:\xampp\htdocs\Aplikasi Organisasi Kampus Finally_\app\Models\PengambilanOrganisasiModels.php(51): CodeIgniter\Database\BaseConnection->query('SELECT * FROM t...', Array)
#4 C:\xampp\htdocs\Aplikasi Organisasi Kampus Finally_\app\Controllers\SuperAdminControllers.php(369): App\Models\PengambilanOrganisasiModels->getpengambilan_by_ao_id('7')
#5 C:\xampp\htdocs\Aplikasi Organisasi Kampus Finally_\system\CodeIgniter.php(927): App\Controllers\SuperAdminControllers->morelkok()
#6 C:\xampp\htdocs\Aplikasi Organisasi Kampus Finally_\system\CodeIgniter.php(482): CodeIgniter\CodeIgniter->runController(Object(App\Controllers\SuperAdminControllers))
#7 C:\xampp\htdocs\Aplikasi Organisasi Kampus Finally_\system\CodeIgniter.php(351): CodeIgniter\CodeIgniter->handleRequest(NULL, Object(Config\Cache), false)
#8 C:\xampp\htdocs\Aplikasi Organisasi Kampus Finally_\public\index.php(67): CodeIgniter\CodeIgniter->run()
#9 C:\xampp\htdocs\Aplikasi Organisasi Kampus Finally_\system\Commands\Server\rewrite.php(46): require_once('C:\\xampp\\htdocs...')
#10 {main}
CRITICAL - 2023-06-05 10:51:27 --> Unknown column 'ao_create_at' in 'order clause'
in SYSTEMPATH\Database\MySQLi\Connection.php on line 292.
 1 SYSTEMPATH\Database\MySQLi\Connection.php(292): mysqli->query('SELECT * FROM tb_pengambilan_organisasi WHERE ao_id = \'7\' ORDER BY ao_create_at DESC LIMIT 1', 0)
 2 SYSTEMPATH\Database\BaseConnection.php(666): CodeIgniter\Database\MySQLi\Connection->execute('SELECT * FROM tb_pengambilan_organisasi WHERE ao_id = \'7\' ORDER BY ao_create_at DESC LIMIT 1')
 3 SYSTEMPATH\Database\BaseConnection.php(593): CodeIgniter\Database\BaseConnection->simpleQuery('SELECT * FROM tb_pengambilan_organisasi WHERE ao_id = \'7\' ORDER BY ao_create_at DESC LIMIT 1')
 4 APPPATH\Models\PengambilanOrganisasiModels.php(51): CodeIgniter\Database\BaseConnection->query('SELECT * FROM tb_pengambilan_organisasi WHERE ao_id = ? ORDER BY ao_create_at DESC LIMIT 1', [...])
 5 APPPATH\Controllers\SuperAdminControllers.php(369): App\Models\PengambilanOrganisasiModels->getpengambilan_by_ao_id('7')
 6 SYSTEMPATH\CodeIgniter.php(927): App\Controllers\SuperAdminControllers->morelkok()
 7 SYSTEMPATH\CodeIgniter.php(482): CodeIgniter\CodeIgniter->runController(Object(App\Controllers\SuperAdminControllers))
 8 SYSTEMPATH\CodeIgniter.php(351): CodeIgniter\CodeIgniter->handleRequest(null, Object(Config\Cache), false)
 9 FCPATH\index.php(67): CodeIgniter\CodeIgniter->run()
10 SYSTEMPATH\Commands\Server\rewrite.php(46): require_once('FCPATH\\index.php')
ERROR - 2023-06-05 10:51:27 --> mysqli_sql_exception: Unknown column 'ao_create_at' in 'order clause' in C:\xampp\htdocs\Aplikasi Organisasi Kampus Finally_\system\Database\MySQLi\Connection.php:292
Stack trace:
#0 C:\xampp\htdocs\Aplikasi Organisasi Kampus Finally_\system\Database\MySQLi\Connection.php(292): mysqli->query('SELECT * FROM t...', 0)
#1 C:\xampp\htdocs\Aplikasi Organisasi Kampus Finally_\system\Database\BaseConnection.php(666): CodeIgniter\Database\MySQLi\Connection->execute('SELECT * FROM t...')
#2 C:\xampp\htdocs\Aplikasi Organisasi Kampus Finally_\system\Database\BaseConnection.php(593): CodeIgniter\Database\BaseConnection->simpleQuery('SELECT * FROM t...')
#3 C:\xampp\htdocs\Aplikasi Organisasi Kampus Finally_\app\Models\PengambilanOrganisasiModels.php(51): CodeIgniter\Database\BaseConnection->query('SELECT * FROM t...', Array)
#4 C:\xampp\htdocs\Aplikasi Organisasi Kampus Finally_\app\Controllers\SuperAdminControllers.php(369): App\Models\PengambilanOrganisasiModels->getpengambilan_by_ao_id('7')
#5 C:\xampp\htdocs\Aplikasi Organisasi Kampus Finally_\system\CodeIgniter.php(927): App\Controllers\SuperAdminControllers->morelkok()
#6 C:\xampp\htdocs\Aplikasi Organisasi Kampus Finally_\system\CodeIgniter.php(482): CodeIgniter\CodeIgniter->runController(Object(App\Controllers\SuperAdminControllers))
#7 C:\xampp\htdocs\Aplikasi Organisasi Kampus Finally_\system\CodeIgniter.php(351): CodeIgniter\CodeIgniter->handleRequest(NULL, Object(Config\Cache), false)
#8 C:\xampp\htdocs\Aplikasi Organisasi Kampus Finally_\public\index.php(67): CodeIgniter\CodeIgniter->run()
#9 C:\xampp\htdocs\Aplikasi Organisasi Kampus Finally_\system\Commands\Server\rewrite.php(46): require_once('C:\\xampp\\htdocs...')
#10 {main}
CRITICAL - 2023-06-05 10:51:27 --> Unknown column 'ao_create_at' in 'order clause'
in SYSTEMPATH\Database\MySQLi\Connection.php on line 292.
 1 SYSTEMPATH\Database\MySQLi\Connection.php(292): mysqli->query('SELECT * FROM tb_pengambilan_organisasi WHERE ao_id = \'7\' ORDER BY ao_create_at DESC LIMIT 1', 0)
 2 SYSTEMPATH\Database\BaseConnection.php(666): CodeIgniter\Database\MySQLi\Connection->execute('SELECT * FROM tb_pengambilan_organisasi WHERE ao_id = \'7\' ORDER BY ao_create_at DESC LIMIT 1')
 3 SYSTEMPATH\Database\BaseConnection.php(593): CodeIgniter\Database\BaseConnection->simpleQuery('SELECT * FROM tb_pengambilan_organisasi WHERE ao_id = \'7\' ORDER BY ao_create_at DESC LIMIT 1')
 4 APPPATH\Models\PengambilanOrganisasiModels.php(51): CodeIgniter\Database\BaseConnection->query('SELECT * FROM tb_pengambilan_organisasi WHERE ao_id = ? ORDER BY ao_create_at DESC LIMIT 1', [...])
 5 APPPATH\Controllers\SuperAdminControllers.php(369): App\Models\PengambilanOrganisasiModels->getpengambilan_by_ao_id('7')
 6 SYSTEMPATH\CodeIgniter.php(927): App\Controllers\SuperAdminControllers->morelkok()
 7 SYSTEMPATH\CodeIgniter.php(482): CodeIgniter\CodeIgniter->runController(Object(App\Controllers\SuperAdminControllers))
 8 SYSTEMPATH\CodeIgniter.php(351): CodeIgniter\CodeIgniter->handleRequest(null, Object(Config\Cache), false)
 9 FCPATH\index.php(67): CodeIgniter\CodeIgniter->run()
10 SYSTEMPATH\Commands\Server\rewrite.php(46): require_once('FCPATH\\index.php')
CRITICAL - 2023-06-05 10:51:52 --> Undefined variable $o_id
in APPPATH\Views\superadmin\LKOK\DataLKOK\morelkok.php on line 75.
 1 APPPATH\Views\superadmin\LKOK\DataLKOK\morelkok.php(75): CodeIgniter\Debug\Exceptions->errorHandler(2, 'Undefined variable $o_id', 'APPPATH\\Views\\superadmin\\LKOK\\DataLKOK\\morelkok.php', 75)
 2 SYSTEMPATH\View\View.php(213): include('APPPATH\\Views\\superadmin\\LKOK\\DataLKOK\\morelkok.php')
 3 SYSTEMPATH\View\View.php(216): CodeIgniter\View\View->CodeIgniter\View\{closure}()
 4 SYSTEMPATH\Common.php(1134): CodeIgniter\View\View->render('superadmin/LKOK/DataLKOK/morelkok', [], true)
 5 APPPATH\Controllers\SuperAdminControllers.php(371): view('superadmin/LKOK/DataLKOK/morelkok', [...])
 6 SYSTEMPATH\CodeIgniter.php(927): App\Controllers\SuperAdminControllers->morelkok()
 7 SYSTEMPATH\CodeIgniter.php(482): CodeIgniter\CodeIgniter->runController(Object(App\Controllers\SuperAdminControllers))
 8 SYSTEMPATH\CodeIgniter.php(351): CodeIgniter\CodeIgniter->handleRequest(null, Object(Config\Cache), false)
 9 FCPATH\index.php(67): CodeIgniter\CodeIgniter->run()
10 SYSTEMPATH\Commands\Server\rewrite.php(46): require_once('FCPATH\\index.php')
CRITICAL - 2023-06-05 11:05:09 --> Cannot access offset of type string on string
in APPPATH\Views\superadmin\LKOK\DataLKOK\morelkok.php on line 63.
 1 SYSTEMPATH\View\View.php(213): include()
 2 SYSTEMPATH\View\View.php(216): CodeIgniter\View\View->CodeIgniter\View\{closure}()
 3 SYSTEMPATH\Common.php(1134): CodeIgniter\View\View->render('superadmin/LKOK/DataLKOK/morelkok', [], true)
 4 APPPATH\Controllers\SuperAdminControllers.php(371): view('superadmin/LKOK/DataLKOK/morelkok', [...])
 5 SYSTEMPATH\CodeIgniter.php(927): App\Controllers\SuperAdminControllers->morelkok('1')
 6 SYSTEMPATH\CodeIgniter.php(482): CodeIgniter\CodeIgniter->runController(Object(App\Controllers\SuperAdminControllers))
 7 SYSTEMPATH\CodeIgniter.php(351): CodeIgniter\CodeIgniter->handleRequest(null, Object(Config\Cache), false)
 8 FCPATH\index.php(67): CodeIgniter\CodeIgniter->run()
 9 SYSTEMPATH\Commands\Server\rewrite.php(46): require_once('FCPATH\\index.php')
CRITICAL - 2023-06-05 11:08:11 --> Cannot access offset of type string on string
in APPPATH\Views\superadmin\LKOK\DataLKOK\morelkok.php on line 63.
 1 SYSTEMPATH\View\View.php(213): include()
 2 SYSTEMPATH\View\View.php(216): CodeIgniter\View\View->CodeIgniter\View\{closure}()
 3 SYSTEMPATH\Common.php(1134): CodeIgniter\View\View->render('superadmin/LKOK/DataLKOK/morelkok', [], true)
 4 APPPATH\Controllers\SuperAdminControllers.php(371): view('superadmin/LKOK/DataLKOK/morelkok', [...])
 5 SYSTEMPATH\CodeIgniter.php(927): App\Controllers\SuperAdminControllers->morelkok('1')
 6 SYSTEMPATH\CodeIgniter.php(482): CodeIgniter\CodeIgniter->runController(Object(App\Controllers\SuperAdminControllers))
 7 SYSTEMPATH\CodeIgniter.php(351): CodeIgniter\CodeIgniter->handleRequest(null, Object(Config\Cache), false)
 8 FCPATH\index.php(67): CodeIgniter\CodeIgniter->run()
 9 SYSTEMPATH\Commands\Server\rewrite.php(46): require_once('FCPATH\\index.php')
CRITICAL - 2023-06-05 11:17:43 --> Cannot access offset of type string on string
in APPPATH\Controllers\SuperAdminControllers.php on line 375.
 1 SYSTEMPATH\CodeIgniter.php(927): App\Controllers\SuperAdminControllers->morelkok('1')
 2 SYSTEMPATH\CodeIgniter.php(482): CodeIgniter\CodeIgniter->runController(Object(App\Controllers\SuperAdminControllers))
 3 SYSTEMPATH\CodeIgniter.php(351): CodeIgniter\CodeIgniter->handleRequest(null, Object(Config\Cache), false)
 4 FCPATH\index.php(67): CodeIgniter\CodeIgniter->run()
 5 SYSTEMPATH\Commands\Server\rewrite.php(46): require_once('FCPATH\\index.php')
CRITICAL - 2023-06-05 11:21:06 --> Cannot access offset of type string on string
in APPPATH\Controllers\SuperAdminControllers.php on line 368.
 1 SYSTEMPATH\CodeIgniter.php(927): App\Controllers\SuperAdminControllers->morelkok('1')
 2 SYSTEMPATH\CodeIgniter.php(482): CodeIgniter\CodeIgniter->runController(Object(App\Controllers\SuperAdminControllers))
 3 SYSTEMPATH\CodeIgniter.php(351): CodeIgniter\CodeIgniter->handleRequest(null, Object(Config\Cache), false)
 4 FCPATH\index.php(67): CodeIgniter\CodeIgniter->run()
 5 SYSTEMPATH\Commands\Server\rewrite.php(46): require_once('FCPATH\\index.php')
CRITICAL - 2023-06-05 11:21:17 --> Cannot access offset of type string on string
in APPPATH\Controllers\SuperAdminControllers.php on line 375.
 1 SYSTEMPATH\CodeIgniter.php(927): App\Controllers\SuperAdminControllers->morelkok('1')
 2 SYSTEMPATH\CodeIgniter.php(482): CodeIgniter\CodeIgniter->runController(Object(App\Controllers\SuperAdminControllers))
 3 SYSTEMPATH\CodeIgniter.php(351): CodeIgniter\CodeIgniter->handleRequest(null, Object(Config\Cache), false)
 4 FCPATH\index.php(67): CodeIgniter\CodeIgniter->run()
 5 SYSTEMPATH\Commands\Server\rewrite.php(46): require_once('FCPATH\\index.php')
CRITICAL - 2023-06-05 11:21:24 --> Cannot access offset of type string on string
in APPPATH\Controllers\SuperAdminControllers.php on line 368.
 1 SYSTEMPATH\CodeIgniter.php(927): App\Controllers\SuperAdminControllers->morelkok('1')
 2 SYSTEMPATH\CodeIgniter.php(482): CodeIgniter\CodeIgniter->runController(Object(App\Controllers\SuperAdminControllers))
 3 SYSTEMPATH\CodeIgniter.php(351): CodeIgniter\CodeIgniter->handleRequest(null, Object(Config\Cache), false)
 4 FCPATH\index.php(67): CodeIgniter\CodeIgniter->run()
 5 SYSTEMPATH\Commands\Server\rewrite.php(46): require_once('FCPATH\\index.php')
CRITICAL - 2023-06-05 11:22:27 --> Array to string conversion
in APPPATH\Controllers\SuperAdminControllers.php on line 376.
 1 APPPATH\Controllers\SuperAdminControllers.php(376): CodeIgniter\Debug\Exceptions->errorHandler(2, 'Array to string conversion', 'APPPATH\\Controllers\\SuperAdminControllers.php', 376)
 2 SYSTEMPATH\CodeIgniter.php(927): App\Controllers\SuperAdminControllers->morelkok('1')
 3 SYSTEMPATH\CodeIgniter.php(482): CodeIgniter\CodeIgniter->runController(Object(App\Controllers\SuperAdminControllers))
 4 SYSTEMPATH\CodeIgniter.php(351): CodeIgniter\CodeIgniter->handleRequest(null, Object(Config\Cache), false)
 5 FCPATH\index.php(67): CodeIgniter\CodeIgniter->run()
 6 SYSTEMPATH\Commands\Server\rewrite.php(46): require_once('FCPATH\\index.php')
CRITICAL - 2023-06-05 11:23:52 --> Cannot access offset of type string on string
in APPPATH\Controllers\SuperAdminControllers.php on line 376.
 1 SYSTEMPATH\CodeIgniter.php(927): App\Controllers\SuperAdminControllers->morelkok('1')
 2 SYSTEMPATH\CodeIgniter.php(482): CodeIgniter\CodeIgniter->runController(Object(App\Controllers\SuperAdminControllers))
 3 SYSTEMPATH\CodeIgniter.php(351): CodeIgniter\CodeIgniter->handleRequest(null, Object(Config\Cache), false)
 4 FCPATH\index.php(67): CodeIgniter\CodeIgniter->run()
 5 SYSTEMPATH\Commands\Server\rewrite.php(46): require_once('FCPATH\\index.php')
CRITICAL - 2023-06-05 11:28:48 --> Cannot access offset of type string on string
in APPPATH\Controllers\SuperAdminControllers.php on line 375.
 1 SYSTEMPATH\CodeIgniter.php(927): App\Controllers\SuperAdminControllers->morelkok('1')
 2 SYSTEMPATH\CodeIgniter.php(482): CodeIgniter\CodeIgniter->runController(Object(App\Controllers\SuperAdminControllers))
 3 SYSTEMPATH\CodeIgniter.php(351): CodeIgniter\CodeIgniter->handleRequest(null, Object(Config\Cache), false)
 4 FCPATH\index.php(67): CodeIgniter\CodeIgniter->run()
 5 SYSTEMPATH\Commands\Server\rewrite.php(46): require_once('FCPATH\\index.php')
CRITICAL - 2023-06-05 11:29:18 --> Cannot access offset of type string on string
in APPPATH\Controllers\SuperAdminControllers.php on line 376.
 1 SYSTEMPATH\CodeIgniter.php(927): App\Controllers\SuperAdminControllers->morelkok('1')
 2 SYSTEMPATH\CodeIgniter.php(482): CodeIgniter\CodeIgniter->runController(Object(App\Controllers\SuperAdminControllers))
 3 SYSTEMPATH\CodeIgniter.php(351): CodeIgniter\CodeIgniter->handleRequest(null, Object(Config\Cache), false)
 4 FCPATH\index.php(67): CodeIgniter\CodeIgniter->run()
 5 SYSTEMPATH\Commands\Server\rewrite.php(46): require_once('FCPATH\\index.php')
CRITICAL - 2023-06-05 11:29:58 --> Array to string conversion
in APPPATH\Controllers\SuperAdminControllers.php on line 377.
 1 APPPATH\Controllers\SuperAdminControllers.php(377): CodeIgniter\Debug\Exceptions->errorHandler(2, 'Array to string conversion', 'APPPATH\\Controllers\\SuperAdminControllers.php', 377)
 2 SYSTEMPATH\CodeIgniter.php(927): App\Controllers\SuperAdminControllers->morelkok('1')
 3 SYSTEMPATH\CodeIgniter.php(482): CodeIgniter\CodeIgniter->runController(Object(App\Controllers\SuperAdminControllers))
 4 SYSTEMPATH\CodeIgniter.php(351): CodeIgniter\CodeIgniter->handleRequest(null, Object(Config\Cache), false)
 5 FCPATH\index.php(67): CodeIgniter\CodeIgniter->run()
 6 SYSTEMPATH\Commands\Server\rewrite.php(46): require_once('FCPATH\\index.php')
CRITICAL - 2023-06-05 11:30:29 --> Trying to access array offset on value of type null
in APPPATH\Controllers\SuperAdminControllers.php on line 377.
 1 APPPATH\Controllers\SuperAdminControllers.php(377): CodeIgniter\Debug\Exceptions->errorHandler(2, 'Trying to access array offset on value of type null', 'APPPATH\\Controllers\\SuperAdminControllers.php', 377)
 2 SYSTEMPATH\CodeIgniter.php(927): App\Controllers\SuperAdminControllers->morelkok('1')
 3 SYSTEMPATH\CodeIgniter.php(482): CodeIgniter\CodeIgniter->runController(Object(App\Controllers\SuperAdminControllers))
 4 SYSTEMPATH\CodeIgniter.php(351): CodeIgniter\CodeIgniter->handleRequest(null, Object(Config\Cache), false)
 5 FCPATH\index.php(67): CodeIgniter\CodeIgniter->run()
 6 SYSTEMPATH\Commands\Server\rewrite.php(46): require_once('FCPATH\\index.php')
CRITICAL - 2023-06-05 11:30:48 --> Attempt to read property "o_id" on null
in APPPATH\Controllers\SuperAdminControllers.php on line 377.
 1 APPPATH\Controllers\SuperAdminControllers.php(377): CodeIgniter\Debug\Exceptions->errorHandler(2, 'Attempt to read property "o_id" on null', 'APPPATH\\Controllers\\SuperAdminControllers.php', 377)
 2 SYSTEMPATH\CodeIgniter.php(927): App\Controllers\SuperAdminControllers->morelkok('1')
 3 SYSTEMPATH\CodeIgniter.php(482): CodeIgniter\CodeIgniter->runController(Object(App\Controllers\SuperAdminControllers))
 4 SYSTEMPATH\CodeIgniter.php(351): CodeIgniter\CodeIgniter->handleRequest(null, Object(Config\Cache), false)
 5 FCPATH\index.php(67): CodeIgniter\CodeIgniter->run()
 6 SYSTEMPATH\Commands\Server\rewrite.php(46): require_once('FCPATH\\index.php')
CRITICAL - 2023-06-05 11:32:39 --> Undefined variable $anggotaorganisasi
in APPPATH\Views\superadmin\LKOK\DataLKOK\morelkok.php on line 64.
 1 APPPATH\Views\superadmin\LKOK\DataLKOK\morelkok.php(64): CodeIgniter\Debug\Exceptions->errorHandler(2, 'Undefined variable $anggotaorganisasi', 'APPPATH\\Views\\superadmin\\LKOK\\DataLKOK\\morelkok.php', 64)
 2 SYSTEMPATH\View\View.php(213): include('APPPATH\\Views\\superadmin\\LKOK\\DataLKOK\\morelkok.php')
 3 SYSTEMPATH\View\View.php(216): CodeIgniter\View\View->CodeIgniter\View\{closure}()
 4 SYSTEMPATH\Common.php(1134): CodeIgniter\View\View->render('superadmin/LKOK/DataLKOK/morelkok', [], true)
 5 APPPATH\Controllers\SuperAdminControllers.php(371): view('superadmin/LKOK/DataLKOK/morelkok', [...])
 6 SYSTEMPATH\CodeIgniter.php(927): App\Controllers\SuperAdminControllers->morelkok('1')
 7 SYSTEMPATH\CodeIgniter.php(482): CodeIgniter\CodeIgniter->runController(Object(App\Controllers\SuperAdminControllers))
 8 SYSTEMPATH\CodeIgniter.php(351): CodeIgniter\CodeIgniter->handleRequest(null, Object(Config\Cache), false)
 9 FCPATH\index.php(67): CodeIgniter\CodeIgniter->run()
10 SYSTEMPATH\Commands\Server\rewrite.php(46): require_once('FCPATH\\index.php')
CRITICAL - 2023-06-05 11:35:56 --> Cannot access offset of type string on string
in APPPATH\Views\superadmin\LKOK\DataLKOK\morelkok.php on line 64.
 1 SYSTEMPATH\View\View.php(213): include()
 2 SYSTEMPATH\View\View.php(216): CodeIgniter\View\View->CodeIgniter\View\{closure}()
 3 SYSTEMPATH\Common.php(1134): CodeIgniter\View\View->render('superadmin/LKOK/DataLKOK/morelkok', [], true)
 4 APPPATH\Controllers\SuperAdminControllers.php(371): view('superadmin/LKOK/DataLKOK/morelkok', [...])
 5 SYSTEMPATH\CodeIgniter.php(927): App\Controllers\SuperAdminControllers->morelkok('1')
 6 SYSTEMPATH\CodeIgniter.php(482): CodeIgniter\CodeIgniter->runController(Object(App\Controllers\SuperAdminControllers))
 7 SYSTEMPATH\CodeIgniter.php(351): CodeIgniter\CodeIgniter->handleRequest(null, Object(Config\Cache), false)
 8 FCPATH\index.php(67): CodeIgniter\CodeIgniter->run()
 9 SYSTEMPATH\Commands\Server\rewrite.php(46): require_once('FCPATH\\index.php')
CRITICAL - 2023-06-05 11:36:50 --> Cannot access offset of type string on string
in APPPATH\Views\superadmin\LKOK\DataLKOK\morelkok.php on line 63.
 1 SYSTEMPATH\View\View.php(213): include()
 2 SYSTEMPATH\View\View.php(216): CodeIgniter\View\View->CodeIgniter\View\{closure}()
 3 SYSTEMPATH\Common.php(1134): CodeIgniter\View\View->render('superadmin/LKOK/DataLKOK/morelkok', [], true)
 4 APPPATH\Controllers\SuperAdminControllers.php(371): view('superadmin/LKOK/DataLKOK/morelkok', [...])
 5 SYSTEMPATH\CodeIgniter.php(927): App\Controllers\SuperAdminControllers->morelkok('1')
 6 SYSTEMPATH\CodeIgniter.php(482): CodeIgniter\CodeIgniter->runController(Object(App\Controllers\SuperAdminControllers))
 7 SYSTEMPATH\CodeIgniter.php(351): CodeIgniter\CodeIgniter->handleRequest(null, Object(Config\Cache), false)
 8 FCPATH\index.php(67): CodeIgniter\CodeIgniter->run()
 9 SYSTEMPATH\Commands\Server\rewrite.php(46): require_once('FCPATH\\index.php')
CRITICAL - 2023-06-05 11:39:11 --> Undefined array key "o_id"
in APPPATH\Views\superadmin\LKOK\DataLKOK\morelkok.php on line 63.
 1 APPPATH\Views\superadmin\LKOK\DataLKOK\morelkok.php(63): CodeIgniter\Debug\Exceptions->errorHandler(2, 'Undefined array key "o_id"', 'APPPATH\\Views\\superadmin\\LKOK\\DataLKOK\\morelkok.php', 63)
 2 SYSTEMPATH\View\View.php(213): include('APPPATH\\Views\\superadmin\\LKOK\\DataLKOK\\morelkok.php')
 3 SYSTEMPATH\View\View.php(216): CodeIgniter\View\View->CodeIgniter\View\{closure}()
 4 SYSTEMPATH\Common.php(1134): CodeIgniter\View\View->render('superadmin/LKOK/DataLKOK/morelkok', [], true)
 5 APPPATH\Controllers\SuperAdminControllers.php(371): view('superadmin/LKOK/DataLKOK/morelkok', [...])
 6 SYSTEMPATH\CodeIgniter.php(927): App\Controllers\SuperAdminControllers->morelkok('1')
 7 SYSTEMPATH\CodeIgniter.php(482): CodeIgniter\CodeIgniter->runController(Object(App\Controllers\SuperAdminControllers))
 8 SYSTEMPATH\CodeIgniter.php(351): CodeIgniter\CodeIgniter->handleRequest(null, Object(Config\Cache), false)
 9 FCPATH\index.php(67): CodeIgniter\CodeIgniter->run()
10 SYSTEMPATH\Commands\Server\rewrite.php(46): require_once('FCPATH\\index.php')
CRITICAL - 2023-06-05 11:42:20 --> Undefined array key "o_id"
in APPPATH\Views\superadmin\LKOK\DataLKOK\morelkok.php on line 63.
 1 APPPATH\Views\superadmin\LKOK\DataLKOK\morelkok.php(63): CodeIgniter\Debug\Exceptions->errorHandler(2, 'Undefined array key "o_id"', 'APPPATH\\Views\\superadmin\\LKOK\\DataLKOK\\morelkok.php', 63)
 2 SYSTEMPATH\View\View.php(213): include('APPPATH\\Views\\superadmin\\LKOK\\DataLKOK\\morelkok.php')
 3 SYSTEMPATH\View\View.php(216): CodeIgniter\View\View->CodeIgniter\View\{closure}()
 4 SYSTEMPATH\Common.php(1134): CodeIgniter\View\View->render('superadmin/LKOK/DataLKOK/morelkok', [], true)
 5 APPPATH\Controllers\SuperAdminControllers.php(371): view('superadmin/LKOK/DataLKOK/morelkok', [...])
 6 SYSTEMPATH\CodeIgniter.php(927): App\Controllers\SuperAdminControllers->morelkok('1')
 7 SYSTEMPATH\CodeIgniter.php(482): CodeIgniter\CodeIgniter->runController(Object(App\Controllers\SuperAdminControllers))
 8 SYSTEMPATH\CodeIgniter.php(351): CodeIgniter\CodeIgniter->handleRequest(null, Object(Config\Cache), false)
 9 FCPATH\index.php(67): CodeIgniter\CodeIgniter->run()
10 SYSTEMPATH\Commands\Server\rewrite.php(46): require_once('FCPATH\\index.php')
CRITICAL - 2023-06-05 11:45:37 --> Undefined array key "o_id"
in APPPATH\Views\superadmin\LKOK\DataLKOK\morelkok.php on line 63.
 1 APPPATH\Views\superadmin\LKOK\DataLKOK\morelkok.php(63): CodeIgniter\Debug\Exceptions->errorHandler(2, 'Undefined array key "o_id"', 'APPPATH\\Views\\superadmin\\LKOK\\DataLKOK\\morelkok.php', 63)
 2 SYSTEMPATH\View\View.php(213): include('APPPATH\\Views\\superadmin\\LKOK\\DataLKOK\\morelkok.php')
 3 SYSTEMPATH\View\View.php(216): CodeIgniter\View\View->CodeIgniter\View\{closure}()
 4 SYSTEMPATH\Common.php(1134): CodeIgniter\View\View->render('superadmin/LKOK/DataLKOK/morelkok', [], true)
 5 APPPATH\Controllers\SuperAdminControllers.php(371): view('superadmin/LKOK/DataLKOK/morelkok', [...])
 6 SYSTEMPATH\CodeIgniter.php(927): App\Controllers\SuperAdminControllers->morelkok('1')
 7 SYSTEMPATH\CodeIgniter.php(482): CodeIgniter\CodeIgniter->runController(Object(App\Controllers\SuperAdminControllers))
 8 SYSTEMPATH\CodeIgniter.php(351): CodeIgniter\CodeIgniter->handleRequest(null, Object(Config\Cache), false)
 9 FCPATH\index.php(67): CodeIgniter\CodeIgniter->run()
10 SYSTEMPATH\Commands\Server\rewrite.php(46): require_once('FCPATH\\index.php')
CRITICAL - 2023-06-05 11:46:18 --> Undefined variable $nama_organisasi
in APPPATH\Views\superadmin\LKOK\DataLKOK\morelkok.php on line 75.
 1 APPPATH\Views\superadmin\LKOK\DataLKOK\morelkok.php(75): CodeIgniter\Debug\Exceptions->errorHandler(2, 'Undefined variable $nama_organisasi', 'APPPATH\\Views\\superadmin\\LKOK\\DataLKOK\\morelkok.php', 75)
 2 SYSTEMPATH\View\View.php(213): include('APPPATH\\Views\\superadmin\\LKOK\\DataLKOK\\morelkok.php')
 3 SYSTEMPATH\View\View.php(216): CodeIgniter\View\View->CodeIgniter\View\{closure}()
 4 SYSTEMPATH\Common.php(1134): CodeIgniter\View\View->render('superadmin/LKOK/DataLKOK/morelkok', [], true)
 5 APPPATH\Controllers\SuperAdminControllers.php(371): view('superadmin/LKOK/DataLKOK/morelkok', [...])
 6 SYSTEMPATH\CodeIgniter.php(927): App\Controllers\SuperAdminControllers->morelkok('1')
 7 SYSTEMPATH\CodeIgniter.php(482): CodeIgniter\CodeIgniter->runController(Object(App\Controllers\SuperAdminControllers))
 8 SYSTEMPATH\CodeIgniter.php(351): CodeIgniter\CodeIgniter->handleRequest(null, Object(Config\Cache), false)
 9 FCPATH\index.php(67): CodeIgniter\CodeIgniter->run()
10 SYSTEMPATH\Commands\Server\rewrite.php(46): require_once('FCPATH\\index.php')
CRITICAL - 2023-06-05 13:39:39 --> Undefined variable $foto
in APPPATH\Views\superadmin\LKOK\DataLKOK\morelkok.php on line 134.
 1 APPPATH\Views\superadmin\LKOK\DataLKOK\morelkok.php(134): CodeIgniter\Debug\Exceptions->errorHandler(2, 'Undefined variable $foto', 'APPPATH\\Views\\superadmin\\LKOK\\DataLKOK\\morelkok.php', 134)
 2 SYSTEMPATH\View\View.php(213): include('APPPATH\\Views\\superadmin\\LKOK\\DataLKOK\\morelkok.php')
 3 SYSTEMPATH\View\View.php(216): CodeIgniter\View\View->CodeIgniter\View\{closure}()
 4 SYSTEMPATH\Common.php(1134): CodeIgniter\View\View->render('superadmin/LKOK/DataLKOK/morelkok', [], true)
 5 APPPATH\Controllers\SuperAdminControllers.php(373): view('superadmin/LKOK/DataLKOK/morelkok', [...])
 6 SYSTEMPATH\CodeIgniter.php(927): App\Controllers\SuperAdminControllers->morelkok('1')
 7 SYSTEMPATH\CodeIgniter.php(482): CodeIgniter\CodeIgniter->runController(Object(App\Controllers\SuperAdminControllers))
 8 SYSTEMPATH\CodeIgniter.php(351): CodeIgniter\CodeIgniter->handleRequest(null, Object(Config\Cache), false)
 9 FCPATH\index.php(67): CodeIgniter\CodeIgniter->run()
10 SYSTEMPATH\Commands\Server\rewrite.php(46): require_once('FCPATH\\index.php')
CRITICAL - 2023-06-05 14:45:11 --> Undefined variable $data
in APPPATH\Views\superadmin\LKOK\DataLKOK\morelkok.php on line 33.
 1 APPPATH\Views\superadmin\LKOK\DataLKOK\morelkok.php(33): CodeIgniter\Debug\Exceptions->errorHandler(2, 'Undefined variable $data', 'APPPATH\\Views\\superadmin\\LKOK\\DataLKOK\\morelkok.php', 33)
 2 SYSTEMPATH\View\View.php(213): include('APPPATH\\Views\\superadmin\\LKOK\\DataLKOK\\morelkok.php')
 3 SYSTEMPATH\View\View.php(216): CodeIgniter\View\View->CodeIgniter\View\{closure}()
 4 SYSTEMPATH\Common.php(1134): CodeIgniter\View\View->render('superadmin/LKOK/DataLKOK/morelkok', [], true)
 5 APPPATH\Controllers\SuperAdminControllers.php(374): view('superadmin/LKOK/DataLKOK/morelkok', [...])
 6 SYSTEMPATH\CodeIgniter.php(927): App\Controllers\SuperAdminControllers->morelkok('1')
 7 SYSTEMPATH\CodeIgniter.php(482): CodeIgniter\CodeIgniter->runController(Object(App\Controllers\SuperAdminControllers))
 8 SYSTEMPATH\CodeIgniter.php(351): CodeIgniter\CodeIgniter->handleRequest(null, Object(Config\Cache), false)
 9 FCPATH\index.php(67): CodeIgniter\CodeIgniter->run()
10 SYSTEMPATH\Commands\Server\rewrite.php(46): require_once('FCPATH\\index.php')
CRITICAL - 2023-06-05 14:45:36 --> Undefined variable $tb_organisasi
in APPPATH\Views\superadmin\LKOK\DataLKOK\morelkok.php on line 33.
 1 APPPATH\Views\superadmin\LKOK\DataLKOK\morelkok.php(33): CodeIgniter\Debug\Exceptions->errorHandler(2, 'Undefined variable $tb_organisasi', 'APPPATH\\Views\\superadmin\\LKOK\\DataLKOK\\morelkok.php', 33)
 2 SYSTEMPATH\View\View.php(213): include('APPPATH\\Views\\superadmin\\LKOK\\DataLKOK\\morelkok.php')
 3 SYSTEMPATH\View\View.php(216): CodeIgniter\View\View->CodeIgniter\View\{closure}()
 4 SYSTEMPATH\Common.php(1134): CodeIgniter\View\View->render('superadmin/LKOK/DataLKOK/morelkok', [], true)
 5 APPPATH\Controllers\SuperAdminControllers.php(407): view('superadmin/LKOK/DataLKOK/morelkok', [...])
 6 SYSTEMPATH\CodeIgniter.php(927): App\Controllers\SuperAdminControllers->visi('1')
 7 SYSTEMPATH\CodeIgniter.php(482): CodeIgniter\CodeIgniter->runController(Object(App\Controllers\SuperAdminControllers))
 8 SYSTEMPATH\CodeIgniter.php(351): CodeIgniter\CodeIgniter->handleRequest(null, Object(Config\Cache), false)
 9 FCPATH\index.php(67): CodeIgniter\CodeIgniter->run()
10 SYSTEMPATH\Commands\Server\rewrite.php(46): require_once('FCPATH\\index.php')
CRITICAL - 2023-06-05 14:46:15 --> Trying to access array offset on value of type null
in APPPATH\Views\superadmin\LKOK\DataLKOK\registereditvisi.php on line 67.
 1 APPPATH\Views\superadmin\LKOK\DataLKOK\registereditvisi.php(67): CodeIgniter\Debug\Exceptions->errorHandler(2, 'Trying to access array offset on value of type null', 'APPPATH\\Views\\superadmin\\LKOK\\DataLKOK\\registereditvisi.php', 67)
 2 SYSTEMPATH\View\View.php(213): include('APPPATH\\Views\\superadmin\\LKOK\\DataLKOK\\registereditvisi.php')
 3 SYSTEMPATH\View\View.php(216): CodeIgniter\View\View->CodeIgniter\View\{closure}()
 4 SYSTEMPATH\Common.php(1134): CodeIgniter\View\View->render('superadmin/LKOK/DataLKOK/registereditvisi', [], true)
 5 APPPATH\Controllers\SuperAdminControllers.php(407): view('superadmin/LKOK/DataLKOK/registereditvisi', [...])
 6 SYSTEMPATH\CodeIgniter.php(927): App\Controllers\SuperAdminControllers->visi('1')
 7 SYSTEMPATH\CodeIgniter.php(482): CodeIgniter\CodeIgniter->runController(Object(App\Controllers\SuperAdminControllers))
 8 SYSTEMPATH\CodeIgniter.php(351): CodeIgniter\CodeIgniter->handleRequest(null, Object(Config\Cache), false)
 9 FCPATH\index.php(67): CodeIgniter\CodeIgniter->run()
10 SYSTEMPATH\Commands\Server\rewrite.php(46): require_once('FCPATH\\index.php')
CRITICAL - 2023-06-05 14:56:09 --> Undefined variable $tb_organisasi
in APPPATH\Views\superadmin\LKOK\DataLKOK\registereditvisi.php on line 12.
 1 APPPATH\Views\superadmin\LKOK\DataLKOK\registereditvisi.php(12): CodeIgniter\Debug\Exceptions->errorHandler(2, 'Undefined variable $tb_organisasi', 'APPPATH\\Views\\superadmin\\LKOK\\DataLKOK\\registereditvisi.php', 12)
 2 SYSTEMPATH\View\View.php(213): include('APPPATH\\Views\\superadmin\\LKOK\\DataLKOK\\registereditvisi.php')
 3 SYSTEMPATH\View\View.php(216): CodeIgniter\View\View->CodeIgniter\View\{closure}()
 4 SYSTEMPATH\Common.php(1134): CodeIgniter\View\View->render('superadmin/LKOK/DataLKOK/registereditvisi', [], true)
 5 APPPATH\Controllers\SuperAdminControllers.php(407): view('superadmin/LKOK/DataLKOK/registereditvisi', [...])
 6 SYSTEMPATH\CodeIgniter.php(927): App\Controllers\SuperAdminControllers->visi('1')
 7 SYSTEMPATH\CodeIgniter.php(482): CodeIgniter\CodeIgniter->runController(Object(App\Controllers\SuperAdminControllers))
 8 SYSTEMPATH\CodeIgniter.php(351): CodeIgniter\CodeIgniter->handleRequest(null, Object(Config\Cache), false)
 9 FCPATH\index.php(67): CodeIgniter\CodeIgniter->run()
10 SYSTEMPATH\Commands\Server\rewrite.php(46): require_once('FCPATH\\index.php')
CRITICAL - 2023-06-05 14:57:11 --> Trying to access array offset on value of type null
in APPPATH\Views\superadmin\LKOK\DataLKOK\registereditvisi.php on line 12.
 1 APPPATH\Views\superadmin\LKOK\DataLKOK\registereditvisi.php(12): CodeIgniter\Debug\Exceptions->errorHandler(2, 'Trying to access array offset on value of type null', 'APPPATH\\Views\\superadmin\\LKOK\\DataLKOK\\registereditvisi.php', 12)
 2 SYSTEMPATH\View\View.php(213): include('APPPATH\\Views\\superadmin\\LKOK\\DataLKOK\\registereditvisi.php')
 3 SYSTEMPATH\View\View.php(216): CodeIgniter\View\View->CodeIgniter\View\{closure}()
 4 SYSTEMPATH\Common.php(1134): CodeIgniter\View\View->render('superadmin/LKOK/DataLKOK/registereditvisi', [], true)
 5 APPPATH\Controllers\SuperAdminControllers.php(407): view('superadmin/LKOK/DataLKOK/registereditvisi', [...])
 6 SYSTEMPATH\CodeIgniter.php(927): App\Controllers\SuperAdminControllers->visi('1')
 7 SYSTEMPATH\CodeIgniter.php(482): CodeIgniter\CodeIgniter->runController(Object(App\Controllers\SuperAdminControllers))
 8 SYSTEMPATH\CodeIgniter.php(351): CodeIgniter\CodeIgniter->handleRequest(null, Object(Config\Cache), false)
 9 FCPATH\index.php(67): CodeIgniter\CodeIgniter->run()
10 SYSTEMPATH\Commands\Server\rewrite.php(46): require_once('FCPATH\\index.php')
CRITICAL - 2023-06-05 14:58:34 --> Trying to access array offset on value of type null
in APPPATH\Views\superadmin\LKOK\DataLKOK\registereditvisi.php on line 12.
 1 APPPATH\Views\superadmin\LKOK\DataLKOK\registereditvisi.php(12): CodeIgniter\Debug\Exceptions->errorHandler(2, 'Trying to access array offset on value of type null', 'APPPATH\\Views\\superadmin\\LKOK\\DataLKOK\\registereditvisi.php', 12)
 2 SYSTEMPATH\View\View.php(213): include('APPPATH\\Views\\superadmin\\LKOK\\DataLKOK\\registereditvisi.php')
 3 SYSTEMPATH\View\View.php(216): CodeIgniter\View\View->CodeIgniter\View\{closure}()
 4 SYSTEMPATH\Common.php(1134): CodeIgniter\View\View->render('superadmin/LKOK/DataLKOK/registereditvisi', [], true)
 5 APPPATH\Controllers\SuperAdminControllers.php(407): view('superadmin/LKOK/DataLKOK/registereditvisi', [...])
 6 SYSTEMPATH\CodeIgniter.php(927): App\Controllers\SuperAdminControllers->visi('1')
 7 SYSTEMPATH\CodeIgniter.php(482): CodeIgniter\CodeIgniter->runController(Object(App\Controllers\SuperAdminControllers))
 8 SYSTEMPATH\CodeIgniter.php(351): CodeIgniter\CodeIgniter->handleRequest(null, Object(Config\Cache), false)
 9 FCPATH\index.php(67): CodeIgniter\CodeIgniter->run()
10 SYSTEMPATH\Commands\Server\rewrite.php(46): require_once('FCPATH\\index.php')
CRITICAL - 2023-06-05 15:00:10 --> Trying to access array offset on value of type null
in APPPATH\Views\superadmin\LKOK\DataLKOK\registereditvisi.php on line 90.
 1 APPPATH\Views\superadmin\LKOK\DataLKOK\registereditvisi.php(90): CodeIgniter\Debug\Exceptions->errorHandler(2, 'Trying to access array offset on value of type null', 'APPPATH\\Views\\superadmin\\LKOK\\DataLKOK\\registereditvisi.php', 90)
 2 SYSTEMPATH\View\View.php(213): include('APPPATH\\Views\\superadmin\\LKOK\\DataLKOK\\registereditvisi.php')
 3 SYSTEMPATH\View\View.php(216): CodeIgniter\View\View->CodeIgniter\View\{closure}()
 4 SYSTEMPATH\Common.php(1134): CodeIgniter\View\View->render('superadmin/LKOK/DataLKOK/registereditvisi', [], true)
 5 APPPATH\Controllers\SuperAdminControllers.php(407): view('superadmin/LKOK/DataLKOK/registereditvisi', [...])
 6 SYSTEMPATH\CodeIgniter.php(927): App\Controllers\SuperAdminControllers->visi('1')
 7 SYSTEMPATH\CodeIgniter.php(482): CodeIgniter\CodeIgniter->runController(Object(App\Controllers\SuperAdminControllers))
 8 SYSTEMPATH\CodeIgniter.php(351): CodeIgniter\CodeIgniter->handleRequest(null, Object(Config\Cache), false)
 9 FCPATH\index.php(67): CodeIgniter\CodeIgniter->run()
10 SYSTEMPATH\Commands\Server\rewrite.php(46): require_once('FCPATH\\index.php')
CRITICAL - 2023-06-05 15:03:26 --> foreach() argument must be of type array|object, null given
in APPPATH\Views\superadmin\LKOK\DataLKOK\registereditvisi.php on line 39.
 1 APPPATH\Views\superadmin\LKOK\DataLKOK\registereditvisi.php(39): CodeIgniter\Debug\Exceptions->errorHandler(2, 'foreach() argument must be of type array|object, null given', 'APPPATH\\Views\\superadmin\\LKOK\\DataLKOK\\registereditvisi.php', 39)
 2 SYSTEMPATH\View\View.php(213): include('APPPATH\\Views\\superadmin\\LKOK\\DataLKOK\\registereditvisi.php')
 3 SYSTEMPATH\View\View.php(216): CodeIgniter\View\View->CodeIgniter\View\{closure}()
 4 SYSTEMPATH\Common.php(1134): CodeIgniter\View\View->render('superadmin/LKOK/DataLKOK/registereditvisi', [], true)
 5 APPPATH\Controllers\SuperAdminControllers.php(407): view('superadmin/LKOK/DataLKOK/registereditvisi', [...])
 6 SYSTEMPATH\CodeIgniter.php(927): App\Controllers\SuperAdminControllers->visi('1')
 7 SYSTEMPATH\CodeIgniter.php(482): CodeIgniter\CodeIgniter->runController(Object(App\Controllers\SuperAdminControllers))
 8 SYSTEMPATH\CodeIgniter.php(351): CodeIgniter\CodeIgniter->handleRequest(null, Object(Config\Cache), false)
 9 FCPATH\index.php(67): CodeIgniter\CodeIgniter->run()
10 SYSTEMPATH\Commands\Server\rewrite.php(46): require_once('FCPATH\\index.php')
CRITICAL - 2023-06-05 15:03:28 --> foreach() argument must be of type array|object, null given
in APPPATH\Views\superadmin\LKOK\DataLKOK\registereditvisi.php on line 39.
 1 APPPATH\Views\superadmin\LKOK\DataLKOK\registereditvisi.php(39): CodeIgniter\Debug\Exceptions->errorHandler(2, 'foreach() argument must be of type array|object, null given', 'APPPATH\\Views\\superadmin\\LKOK\\DataLKOK\\registereditvisi.php', 39)
 2 SYSTEMPATH\View\View.php(213): include('APPPATH\\Views\\superadmin\\LKOK\\DataLKOK\\registereditvisi.php')
 3 SYSTEMPATH\View\View.php(216): CodeIgniter\View\View->CodeIgniter\View\{closure}()
 4 SYSTEMPATH\Common.php(1134): CodeIgniter\View\View->render('superadmin/LKOK/DataLKOK/registereditvisi', [], true)
 5 APPPATH\Controllers\SuperAdminControllers.php(407): view('superadmin/LKOK/DataLKOK/registereditvisi', [...])
 6 SYSTEMPATH\CodeIgniter.php(927): App\Controllers\SuperAdminControllers->visi('1')
 7 SYSTEMPATH\CodeIgniter.php(482): CodeIgniter\CodeIgniter->runController(Object(App\Controllers\SuperAdminControllers))
 8 SYSTEMPATH\CodeIgniter.php(351): CodeIgniter\CodeIgniter->handleRequest(null, Object(Config\Cache), false)
 9 FCPATH\index.php(67): CodeIgniter\CodeIgniter->run()
10 SYSTEMPATH\Commands\Server\rewrite.php(46): require_once('FCPATH\\index.php')
CRITICAL - 2023-06-05 15:03:58 --> foreach() argument must be of type array|object, null given
in APPPATH\Views\superadmin\LKOK\DataLKOK\registereditvisi.php on line 63.
 1 APPPATH\Views\superadmin\LKOK\DataLKOK\registereditvisi.php(63): CodeIgniter\Debug\Exceptions->errorHandler(2, 'foreach() argument must be of type array|object, null given', 'APPPATH\\Views\\superadmin\\LKOK\\DataLKOK\\registereditvisi.php', 63)
 2 SYSTEMPATH\View\View.php(213): include('APPPATH\\Views\\superadmin\\LKOK\\DataLKOK\\registereditvisi.php')
 3 SYSTEMPATH\View\View.php(216): CodeIgniter\View\View->CodeIgniter\View\{closure}()
 4 SYSTEMPATH\Common.php(1134): CodeIgniter\View\View->render('superadmin/LKOK/DataLKOK/registereditvisi', [], true)
 5 APPPATH\Controllers\SuperAdminControllers.php(407): view('superadmin/LKOK/DataLKOK/registereditvisi', [...])
 6 SYSTEMPATH\CodeIgniter.php(927): App\Controllers\SuperAdminControllers->visi('1')
 7 SYSTEMPATH\CodeIgniter.php(482): CodeIgniter\CodeIgniter->runController(Object(App\Controllers\SuperAdminControllers))
 8 SYSTEMPATH\CodeIgniter.php(351): CodeIgniter\CodeIgniter->handleRequest(null, Object(Config\Cache), false)
 9 FCPATH\index.php(67): CodeIgniter\CodeIgniter->run()
10 SYSTEMPATH\Commands\Server\rewrite.php(46): require_once('FCPATH\\index.php')
CRITICAL - 2023-06-05 15:15:03 --> Undefined array key "o_id"
in APPPATH\Views\superadmin\LKOK\DataLKOK\registereditvisi.php on line 91.
 1 APPPATH\Views\superadmin\LKOK\DataLKOK\registereditvisi.php(91): CodeIgniter\Debug\Exceptions->errorHandler(2, 'Undefined array key "o_id"', 'APPPATH\\Views\\superadmin\\LKOK\\DataLKOK\\registereditvisi.php', 91)
 2 SYSTEMPATH\View\View.php(213): include('APPPATH\\Views\\superadmin\\LKOK\\DataLKOK\\registereditvisi.php')
 3 SYSTEMPATH\View\View.php(216): CodeIgniter\View\View->CodeIgniter\View\{closure}()
 4 SYSTEMPATH\Common.php(1134): CodeIgniter\View\View->render('superadmin/LKOK/DataLKOK/registereditvisi', [], true)
 5 APPPATH\Controllers\SuperAdminControllers.php(409): view('superadmin/LKOK/DataLKOK/registereditvisi', [...])
 6 SYSTEMPATH\CodeIgniter.php(927): App\Controllers\SuperAdminControllers->visi('1')
 7 SYSTEMPATH\CodeIgniter.php(482): CodeIgniter\CodeIgniter->runController(Object(App\Controllers\SuperAdminControllers))
 8 SYSTEMPATH\CodeIgniter.php(351): CodeIgniter\CodeIgniter->handleRequest(null, Object(Config\Cache), false)
 9 FCPATH\index.php(67): CodeIgniter\CodeIgniter->run()
10 SYSTEMPATH\Commands\Server\rewrite.php(46): require_once('FCPATH\\index.php')
CRITICAL - 2023-06-05 15:20:28 --> foreach() argument must be of type array|object, null given
in APPPATH\Views\superadmin\LKOK\DataLKOK\registereditvisi.php on line 39.
 1 APPPATH\Views\superadmin\LKOK\DataLKOK\registereditvisi.php(39): CodeIgniter\Debug\Exceptions->errorHandler(2, 'foreach() argument must be of type array|object, null given', 'APPPATH\\Views\\superadmin\\LKOK\\DataLKOK\\registereditvisi.php', 39)
 2 SYSTEMPATH\View\View.php(213): include('APPPATH\\Views\\superadmin\\LKOK\\DataLKOK\\registereditvisi.php')
 3 SYSTEMPATH\View\View.php(216): CodeIgniter\View\View->CodeIgniter\View\{closure}()
 4 SYSTEMPATH\Common.php(1134): CodeIgniter\View\View->render('superadmin/LKOK/DataLKOK/registereditvisi', [], true)
 5 APPPATH\Controllers\SuperAdminControllers.php(409): view('superadmin/LKOK/DataLKOK/registereditvisi', [...])
 6 SYSTEMPATH\CodeIgniter.php(927): App\Controllers\SuperAdminControllers->visi('1')
 7 SYSTEMPATH\CodeIgniter.php(482): CodeIgniter\CodeIgniter->runController(Object(App\Controllers\SuperAdminControllers))
 8 SYSTEMPATH\CodeIgniter.php(351): CodeIgniter\CodeIgniter->handleRequest(null, Object(Config\Cache), false)
 9 FCPATH\index.php(67): CodeIgniter\CodeIgniter->run()
10 SYSTEMPATH\Commands\Server\rewrite.php(46): require_once('FCPATH\\index.php')
CRITICAL - 2023-06-05 15:22:12 --> Trying to access array offset on value of type null
in APPPATH\Views\superadmin\LKOK\DataLKOK\registereditvisi.php on line 86.
 1 APPPATH\Views\superadmin\LKOK\DataLKOK\registereditvisi.php(86): CodeIgniter\Debug\Exceptions->errorHandler(2, 'Trying to access array offset on value of type null', 'APPPATH\\Views\\superadmin\\LKOK\\DataLKOK\\registereditvisi.php', 86)
 2 SYSTEMPATH\View\View.php(213): include('APPPATH\\Views\\superadmin\\LKOK\\DataLKOK\\registereditvisi.php')
 3 SYSTEMPATH\View\View.php(216): CodeIgniter\View\View->CodeIgniter\View\{closure}()
 4 SYSTEMPATH\Common.php(1134): CodeIgniter\View\View->render('superadmin/LKOK/DataLKOK/registereditvisi', [], true)
 5 APPPATH\Controllers\SuperAdminControllers.php(409): view('superadmin/LKOK/DataLKOK/registereditvisi', [...])
 6 SYSTEMPATH\CodeIgniter.php(927): App\Controllers\SuperAdminControllers->visi('1')
 7 SYSTEMPATH\CodeIgniter.php(482): CodeIgniter\CodeIgniter->runController(Object(App\Controllers\SuperAdminControllers))
 8 SYSTEMPATH\CodeIgniter.php(351): CodeIgniter\CodeIgniter->handleRequest(null, Object(Config\Cache), false)
 9 FCPATH\index.php(67): CodeIgniter\CodeIgniter->run()
10 SYSTEMPATH\Commands\Server\rewrite.php(46): require_once('FCPATH\\index.php')
CRITICAL - 2023-06-05 15:58:26 --> Undefined variable $tb_organisasi
in APPPATH\Views\mahasiswa\LKOK\DataLKOK\morelkok.php on line 33.
 1 APPPATH\Views\mahasiswa\LKOK\DataLKOK\morelkok.php(33): CodeIgniter\Debug\Exceptions->errorHandler(2, 'Undefined variable $tb_organisasi', 'APPPATH\\Views\\mahasiswa\\LKOK\\DataLKOK\\morelkok.php', 33)
 2 SYSTEMPATH\View\View.php(213): include('APPPATH\\Views\\mahasiswa\\LKOK\\DataLKOK\\morelkok.php')
 3 SYSTEMPATH\View\View.php(216): CodeIgniter\View\View->CodeIgniter\View\{closure}()
 4 SYSTEMPATH\Common.php(1134): CodeIgniter\View\View->render('mahasiswa/LKOK/DataLKOK/morelkok', [], true)
 5 APPPATH\Controllers\MahasiswaControllers.php(56): view('mahasiswa/LKOK/DataLKOK/morelkok', [...])
 6 SYSTEMPATH\CodeIgniter.php(927): App\Controllers\MahasiswaControllers->morelkok('1')
 7 SYSTEMPATH\CodeIgniter.php(482): CodeIgniter\CodeIgniter->runController(Object(App\Controllers\MahasiswaControllers))
 8 SYSTEMPATH\CodeIgniter.php(351): CodeIgniter\CodeIgniter->handleRequest(null, Object(Config\Cache), false)
 9 FCPATH\index.php(67): CodeIgniter\CodeIgniter->run()
10 SYSTEMPATH\Commands\Server\rewrite.php(46): require_once('FCPATH\\index.php')
CRITICAL - 2023-06-05 15:58:37 --> Undefined variable $tb_organisasi
in APPPATH\Views\mahasiswa\LKOK\DataLKOK\morelkok.php on line 33.
 1 APPPATH\Views\mahasiswa\LKOK\DataLKOK\morelkok.php(33): CodeIgniter\Debug\Exceptions->errorHandler(2, 'Undefined variable $tb_organisasi', 'APPPATH\\Views\\mahasiswa\\LKOK\\DataLKOK\\morelkok.php', 33)
 2 SYSTEMPATH\View\View.php(213): include('APPPATH\\Views\\mahasiswa\\LKOK\\DataLKOK\\morelkok.php')
 3 SYSTEMPATH\View\View.php(216): CodeIgniter\View\View->CodeIgniter\View\{closure}()
 4 SYSTEMPATH\Common.php(1134): CodeIgniter\View\View->render('mahasiswa/LKOK/DataLKOK/morelkok', [], true)
 5 APPPATH\Controllers\MahasiswaControllers.php(56): view('mahasiswa/LKOK/DataLKOK/morelkok', [...])
 6 SYSTEMPATH\CodeIgniter.php(927): App\Controllers\MahasiswaControllers->morelkok('1')
 7 SYSTEMPATH\CodeIgniter.php(482): CodeIgniter\CodeIgniter->runController(Object(App\Controllers\MahasiswaControllers))
 8 SYSTEMPATH\CodeIgniter.php(351): CodeIgniter\CodeIgniter->handleRequest(null, Object(Config\Cache), false)
 9 FCPATH\index.php(67): CodeIgniter\CodeIgniter->run()
10 SYSTEMPATH\Commands\Server\rewrite.php(46): require_once('FCPATH\\index.php')
CRITICAL - 2023-06-05 16:00:50 --> Undefined variable $User
in APPPATH\Views\superadmin\layout\menu.php on line 5.
 1 APPPATH\Views\superadmin\layout\menu.php(5): CodeIgniter\Debug\Exceptions->errorHandler(2, 'Undefined variable $User', 'APPPATH\\Views\\superadmin\\layout\\menu.php', 5)
 2 SYSTEMPATH\View\View.php(213): include('APPPATH\\Views\\superadmin\\layout\\menu.php')
 3 SYSTEMPATH\View\View.php(216): CodeIgniter\View\View->CodeIgniter\View\{closure}()
 4 SYSTEMPATH\View\View.php(431): CodeIgniter\View\View->render('superadmin/layout/menu', null, true)
 5 APPPATH\Views\superadmin\layout\default.php(118): CodeIgniter\View\View->include('superadmin/layout/menu')
 6 SYSTEMPATH\View\View.php(213): include('APPPATH\\Views\\superadmin\\layout\\default.php')
 7 SYSTEMPATH\View\View.php(216): CodeIgniter\View\View->CodeIgniter\View\{closure}()
 8 SYSTEMPATH\View\View.php(229): CodeIgniter\View\View->render('superadmin/layout/default', [], true)
 9 SYSTEMPATH\Common.php(1134): CodeIgniter\View\View->render('superadmin/LKOK/DataLKOK/morelkok', [], true)
10 APPPATH\Controllers\MahasiswaControllers.php(66): view('superadmin/LKOK/DataLKOK/morelkok', [...])
11 SYSTEMPATH\CodeIgniter.php(927): App\Controllers\MahasiswaControllers->morelkok('1')
12 SYSTEMPATH\CodeIgniter.php(482): CodeIgniter\CodeIgniter->runController(Object(App\Controllers\MahasiswaControllers))
13 SYSTEMPATH\CodeIgniter.php(351): CodeIgniter\CodeIgniter->handleRequest(null, Object(Config\Cache), false)
14 FCPATH\index.php(67): CodeIgniter\CodeIgniter->run()
15 SYSTEMPATH\Commands\Server\rewrite.php(46): require_once('FCPATH\\index.php')
CRITICAL - 2023-06-05 16:01:46 --> Undefined variable $DataLKOK
in APPPATH\Views\admin\layout\menu.php on line 8.
 1 APPPATH\Views\admin\layout\menu.php(8): CodeIgniter\Debug\Exceptions->errorHandler(2, 'Undefined variable $DataLKOK', 'APPPATH\\Views\\admin\\layout\\menu.php', 8)
 2 SYSTEMPATH\View\View.php(213): include('APPPATH\\Views\\admin\\layout\\menu.php')
 3 SYSTEMPATH\View\View.php(216): CodeIgniter\View\View->CodeIgniter\View\{closure}()
 4 SYSTEMPATH\View\View.php(431): CodeIgniter\View\View->render('admin/layout/menu', null, true)
 5 APPPATH\Views\admin\layout\default.php(106): CodeIgniter\View\View->include('admin/layout/menu')
 6 SYSTEMPATH\View\View.php(213): include('APPPATH\\Views\\admin\\layout\\default.php')
 7 SYSTEMPATH\View\View.php(216): CodeIgniter\View\View->CodeIgniter\View\{closure}()
 8 SYSTEMPATH\View\View.php(229): CodeIgniter\View\View->render('admin/layout/default', [], true)
 9 SYSTEMPATH\Common.php(1134): CodeIgniter\View\View->render('admin/LKOK/DataLKOK/morelkok', [], true)
10 APPPATH\Controllers\MahasiswaControllers.php(66): view('admin/LKOK/DataLKOK/morelkok', [...])
11 SYSTEMPATH\CodeIgniter.php(927): App\Controllers\MahasiswaControllers->morelkok('1')
12 SYSTEMPATH\CodeIgniter.php(482): CodeIgniter\CodeIgniter->runController(Object(App\Controllers\MahasiswaControllers))
13 SYSTEMPATH\CodeIgniter.php(351): CodeIgniter\CodeIgniter->handleRequest(null, Object(Config\Cache), false)
14 FCPATH\index.php(67): CodeIgniter\CodeIgniter->run()
15 SYSTEMPATH\Commands\Server\rewrite.php(46): require_once('FCPATH\\index.php')
CRITICAL - 2023-06-05 16:02:57 --> Undefined variable $DataLKOK
in APPPATH\Views\admin\layout\menu.php on line 8.
 1 APPPATH\Views\admin\layout\menu.php(8): CodeIgniter\Debug\Exceptions->errorHandler(2, 'Undefined variable $DataLKOK', 'APPPATH\\Views\\admin\\layout\\menu.php', 8)
 2 SYSTEMPATH\View\View.php(213): include('APPPATH\\Views\\admin\\layout\\menu.php')
 3 SYSTEMPATH\View\View.php(216): CodeIgniter\View\View->CodeIgniter\View\{closure}()
 4 SYSTEMPATH\View\View.php(431): CodeIgniter\View\View->render('admin/layout/menu', null, true)
 5 APPPATH\Views\admin\layout\default.php(106): CodeIgniter\View\View->include('admin/layout/menu')
 6 SYSTEMPATH\View\View.php(213): include('APPPATH\\Views\\admin\\layout\\default.php')
 7 SYSTEMPATH\View\View.php(216): CodeIgniter\View\View->CodeIgniter\View\{closure}()
 8 SYSTEMPATH\View\View.php(229): CodeIgniter\View\View->render('admin/layout/default', [], true)
 9 SYSTEMPATH\Common.php(1134): CodeIgniter\View\View->render('admin/LKOK/DataLKOK/morelkok', [], true)
10 APPPATH\Controllers\MahasiswaControllers.php(65): view('admin/LKOK/DataLKOK/morelkok', [...])
11 SYSTEMPATH\CodeIgniter.php(927): App\Controllers\MahasiswaControllers->morelkok('1')
12 SYSTEMPATH\CodeIgniter.php(482): CodeIgniter\CodeIgniter->runController(Object(App\Controllers\MahasiswaControllers))
13 SYSTEMPATH\CodeIgniter.php(351): CodeIgniter\CodeIgniter->handleRequest(null, Object(Config\Cache), false)
14 FCPATH\index.php(67): CodeIgniter\CodeIgniter->run()
15 SYSTEMPATH\Commands\Server\rewrite.php(46): require_once('FCPATH\\index.php')
CRITICAL - 2023-06-05 16:03:27 --> Undefined variable $DataLKOK
in APPPATH\Views\admin\layout\menu.php on line 8.
 1 APPPATH\Views\admin\layout\menu.php(8): CodeIgniter\Debug\Exceptions->errorHandler(2, 'Undefined variable $DataLKOK', 'APPPATH\\Views\\admin\\layout\\menu.php', 8)
 2 SYSTEMPATH\View\View.php(213): include('APPPATH\\Views\\admin\\layout\\menu.php')
 3 SYSTEMPATH\View\View.php(216): CodeIgniter\View\View->CodeIgniter\View\{closure}()
 4 SYSTEMPATH\View\View.php(431): CodeIgniter\View\View->render('admin/layout/menu', null, true)
 5 APPPATH\Views\admin\layout\default.php(106): CodeIgniter\View\View->include('admin/layout/menu')
 6 SYSTEMPATH\View\View.php(213): include('APPPATH\\Views\\admin\\layout\\default.php')
 7 SYSTEMPATH\View\View.php(216): CodeIgniter\View\View->CodeIgniter\View\{closure}()
 8 SYSTEMPATH\View\View.php(229): CodeIgniter\View\View->render('admin/layout/default', [], true)
 9 SYSTEMPATH\Common.php(1134): CodeIgniter\View\View->render('admin/LKOK/DataLKOK/morelkok', [], true)
10 APPPATH\Controllers\MahasiswaControllers.php(65): view('admin/LKOK/DataLKOK/morelkok', [...])
11 SYSTEMPATH\CodeIgniter.php(927): App\Controllers\MahasiswaControllers->morelkok('1')
12 SYSTEMPATH\CodeIgniter.php(482): CodeIgniter\CodeIgniter->runController(Object(App\Controllers\MahasiswaControllers))
13 SYSTEMPATH\CodeIgniter.php(351): CodeIgniter\CodeIgniter->handleRequest(null, Object(Config\Cache), false)
14 FCPATH\index.php(67): CodeIgniter\CodeIgniter->run()
15 SYSTEMPATH\Commands\Server\rewrite.php(46): require_once('FCPATH\\index.php')
CRITICAL - 2023-06-05 16:03:58 --> Undefined variable $DataAnggotaLKOK
in APPPATH\Views\admin\layout\menu.php on line 9.
 1 APPPATH\Views\admin\layout\menu.php(9): CodeIgniter\Debug\Exceptions->errorHandler(2, 'Undefined variable $DataAnggotaLKOK', 'APPPATH\\Views\\admin\\layout\\menu.php', 9)
 2 SYSTEMPATH\View\View.php(213): include('APPPATH\\Views\\admin\\layout\\menu.php')
 3 SYSTEMPATH\View\View.php(216): CodeIgniter\View\View->CodeIgniter\View\{closure}()
 4 SYSTEMPATH\View\View.php(431): CodeIgniter\View\View->render('admin/layout/menu', null, true)
 5 APPPATH\Views\admin\layout\default.php(106): CodeIgniter\View\View->include('admin/layout/menu')
 6 SYSTEMPATH\View\View.php(213): include('APPPATH\\Views\\admin\\layout\\default.php')
 7 SYSTEMPATH\View\View.php(216): CodeIgniter\View\View->CodeIgniter\View\{closure}()
 8 SYSTEMPATH\View\View.php(229): CodeIgniter\View\View->render('admin/layout/default', [], true)
 9 SYSTEMPATH\Common.php(1134): CodeIgniter\View\View->render('admin/LKOK/DataLKOK/morelkok', [], true)
10 APPPATH\Controllers\MahasiswaControllers.php(66): view('admin/LKOK/DataLKOK/morelkok', [...])
11 SYSTEMPATH\CodeIgniter.php(927): App\Controllers\MahasiswaControllers->morelkok('1')
12 SYSTEMPATH\CodeIgniter.php(482): CodeIgniter\CodeIgniter->runController(Object(App\Controllers\MahasiswaControllers))
13 SYSTEMPATH\CodeIgniter.php(351): CodeIgniter\CodeIgniter->handleRequest(null, Object(Config\Cache), false)
14 FCPATH\index.php(67): CodeIgniter\CodeIgniter->run()
15 SYSTEMPATH\Commands\Server\rewrite.php(46): require_once('FCPATH\\index.php')
CRITICAL - 2023-06-05 16:29:35 --> Undefined array key "p_id"
in APPPATH\Views\superadmin\layout\default.php on line 131.
 1 APPPATH\Views\superadmin\layout\default.php(131): CodeIgniter\Debug\Exceptions->errorHandler(2, 'Undefined array key "p_id"', 'APPPATH\\Views\\superadmin\\layout\\default.php', 131)
 2 SYSTEMPATH\View\View.php(213): include('APPPATH\\Views\\superadmin\\layout\\default.php')
 3 SYSTEMPATH\View\View.php(216): CodeIgniter\View\View->CodeIgniter\View\{closure}()
 4 SYSTEMPATH\View\View.php(229): CodeIgniter\View\View->render('superadmin/layout/default', [], true)
 5 SYSTEMPATH\Common.php(1134): CodeIgniter\View\View->render('superadmin/dashboard', [], true)
 6 APPPATH\Controllers\SuperAdminControllers.php(79): view('superadmin/dashboard', [...])
 7 SYSTEMPATH\CodeIgniter.php(927): App\Controllers\SuperAdminControllers->dashboard()
 8 SYSTEMPATH\CodeIgniter.php(482): CodeIgniter\CodeIgniter->runController(Object(App\Controllers\SuperAdminControllers))
 9 SYSTEMPATH\CodeIgniter.php(351): CodeIgniter\CodeIgniter->handleRequest(null, Object(Config\Cache), false)
10 FCPATH\index.php(67): CodeIgniter\CodeIgniter->run()
11 SYSTEMPATH\Commands\Server\rewrite.php(46): require_once('FCPATH\\index.php')
CRITICAL - 2023-06-05 16:30:18 --> Undefined variable $tb_log_cicilan_sementara
in APPPATH\Views\superadmin\layout\default.php on line 137.
 1 APPPATH\Views\superadmin\layout\default.php(137): CodeIgniter\Debug\Exceptions->errorHandler(2, 'Undefined variable $tb_log_cicilan_sementara', 'APPPATH\\Views\\superadmin\\layout\\default.php', 137)
 2 SYSTEMPATH\View\View.php(213): include('APPPATH\\Views\\superadmin\\layout\\default.php')
 3 SYSTEMPATH\View\View.php(216): CodeIgniter\View\View->CodeIgniter\View\{closure}()
 4 SYSTEMPATH\View\View.php(229): CodeIgniter\View\View->render('superadmin/layout/default', [], true)
 5 SYSTEMPATH\Common.php(1134): CodeIgniter\View\View->render('superadmin/dashboard', [], true)
 6 APPPATH\Controllers\SuperAdminControllers.php(79): view('superadmin/dashboard', [...])
 7 SYSTEMPATH\CodeIgniter.php(927): App\Controllers\SuperAdminControllers->dashboard()
 8 SYSTEMPATH\CodeIgniter.php(482): CodeIgniter\CodeIgniter->runController(Object(App\Controllers\SuperAdminControllers))
 9 SYSTEMPATH\CodeIgniter.php(351): CodeIgniter\CodeIgniter->handleRequest(null, Object(Config\Cache), false)
10 FCPATH\index.php(67): CodeIgniter\CodeIgniter->run()
11 SYSTEMPATH\Commands\Server\rewrite.php(46): require_once('FCPATH\\index.php')
CRITICAL - 2023-06-05 16:48:39 --> Undefined variable $NotipEvent
in APPPATH\Views\superadmin\layout\default.php on line 90.
 1 APPPATH\Views\superadmin\layout\default.php(90): CodeIgniter\Debug\Exceptions->errorHandler(2, 'Undefined variable $NotipEvent', 'APPPATH\\Views\\superadmin\\layout\\default.php', 90)
 2 SYSTEMPATH\View\View.php(213): include('APPPATH\\Views\\superadmin\\layout\\default.php')
 3 SYSTEMPATH\View\View.php(216): CodeIgniter\View\View->CodeIgniter\View\{closure}()
 4 SYSTEMPATH\View\View.php(229): CodeIgniter\View\View->render('superadmin/layout/default', [], true)
 5 SYSTEMPATH\Common.php(1134): CodeIgniter\View\View->render('superadmin/Event/dataevent', [], true)
 6 APPPATH\Controllers\SuperAdminControllers.php(711): view('superadmin/Event/dataevent', [...])
 7 SYSTEMPATH\CodeIgniter.php(927): App\Controllers\SuperAdminControllers->listdataevent()
 8 SYSTEMPATH\CodeIgniter.php(482): CodeIgniter\CodeIgniter->runController(Object(App\Controllers\SuperAdminControllers))
 9 SYSTEMPATH\CodeIgniter.php(351): CodeIgniter\CodeIgniter->handleRequest(null, Object(Config\Cache), false)
10 FCPATH\index.php(67): CodeIgniter\CodeIgniter->run()
11 SYSTEMPATH\Commands\Server\rewrite.php(46): require_once('FCPATH\\index.php')
