CRITICAL - 2023-01-24 10:13:50 --> Undefined variable $nameuser
in APPPATH\Views\register.php on line 57.
 1 APPPATH\Views\register.php(57): CodeIgniter\Debug\Exceptions->errorHandler(2, 'Undefined variable $nameuser', 'APPPATH\\Views\\register.php', 57)
 2 SYSTEMPATH\View\View.php(213): include('APPPATH\\Views\\register.php')
 3 SYSTEMPATH\View\View.php(216): CodeIgniter\View\View->CodeIgniter\View\{closure}()
 4 SYSTEMPATH\View\View.php(431): CodeIgniter\View\View->render('register', null, true)
 5 APPPATH\Views\admin\dashboard.php(129): CodeIgniter\View\View->include('register')
 6 SYSTEMPATH\View\View.php(213): include('APPPATH\\Views\\admin\\dashboard.php')
 7 SYSTEMPATH\View\View.php(216): CodeIgniter\View\View->CodeIgniter\View\{closure}()
 8 SYSTEMPATH\Common.php(1134): CodeIgniter\View\View->render('admin/dashboard', [], true)
 9 APPPATH\Controllers\Home.php(9): view('admin/dashboard')
10 SYSTEMPATH\CodeIgniter.php(927): App\Controllers\Home->index()
11 SYSTEMPATH\CodeIgniter.php(482): CodeIgniter\CodeIgniter->runController(Object(App\Controllers\Home))
12 SYSTEMPATH\CodeIgniter.php(351): CodeIgniter\CodeIgniter->handleRequest(null, Object(Config\Cache), false)
13 FCPATH\index.php(67): CodeIgniter\CodeIgniter->run()
14 SYSTEMPATH\Commands\Server\rewrite.php(46): require_once('FCPATH\\index.php')
CRITICAL - 2023-01-24 10:15:24 --> Undefined variable $nameuser
in APPPATH\Views\register.php on line 57.
 1 APPPATH\Views\register.php(57): CodeIgniter\Debug\Exceptions->errorHandler(2, 'Undefined variable $nameuser', 'APPPATH\\Views\\register.php', 57)
 2 SYSTEMPATH\View\View.php(213): include('APPPATH\\Views\\register.php')
 3 SYSTEMPATH\View\View.php(216): CodeIgniter\View\View->CodeIgniter\View\{closure}()
 4 SYSTEMPATH\View\View.php(431): CodeIgniter\View\View->render('register', null, true)
 5 APPPATH\Views\admin\dashboard.php(128): CodeIgniter\View\View->include('register')
 6 SYSTEMPATH\View\View.php(213): include('APPPATH\\Views\\admin\\dashboard.php')
 7 SYSTEMPATH\View\View.php(216): CodeIgniter\View\View->CodeIgniter\View\{closure}()
 8 SYSTEMPATH\Common.php(1134): CodeIgniter\View\View->render('admin/dashboard', [], true)
 9 APPPATH\Controllers\Home.php(9): view('admin/dashboard')
10 SYSTEMPATH\CodeIgniter.php(927): App\Controllers\Home->index()
11 SYSTEMPATH\CodeIgniter.php(482): CodeIgniter\CodeIgniter->runController(Object(App\Controllers\Home))
12 SYSTEMPATH\CodeIgniter.php(351): CodeIgniter\CodeIgniter->handleRequest(null, Object(Config\Cache), false)
13 FCPATH\index.php(67): CodeIgniter\CodeIgniter->run()
14 SYSTEMPATH\Commands\Server\rewrite.php(46): require_once('FCPATH\\index.php')
CRITICAL - 2023-01-24 10:19:14 --> Undefined variable $nameuser
in APPPATH\Views\admin\dashboard.php on line 183.
 1 APPPATH\Views\admin\dashboard.php(183): CodeIgniter\Debug\Exceptions->errorHandler(2, 'Undefined variable $nameuser', 'APPPATH\\Views\\admin\\dashboard.php', 183)
 2 SYSTEMPATH\View\View.php(213): include('APPPATH\\Views\\admin\\dashboard.php')
 3 SYSTEMPATH\View\View.php(216): CodeIgniter\View\View->CodeIgniter\View\{closure}()
 4 SYSTEMPATH\Common.php(1134): CodeIgniter\View\View->render('admin/dashboard', [], true)
 5 APPPATH\Controllers\Home.php(9): view('admin/dashboard')
 6 SYSTEMPATH\CodeIgniter.php(927): App\Controllers\Home->index()
 7 SYSTEMPATH\CodeIgniter.php(482): CodeIgniter\CodeIgniter->runController(Object(App\Controllers\Home))
 8 SYSTEMPATH\CodeIgniter.php(351): CodeIgniter\CodeIgniter->handleRequest(null, Object(Config\Cache), false)
 9 FCPATH\index.php(67): CodeIgniter\CodeIgniter->run()
10 SYSTEMPATH\Commands\Server\rewrite.php(46): require_once('FCPATH\\index.php')
CRITICAL - 2023-01-24 10:19:14 --> Undefined variable $nameuser
in APPPATH\Views\admin\dashboard.php on line 183.
 1 APPPATH\Views\admin\dashboard.php(183): CodeIgniter\Debug\Exceptions->errorHandler(2, 'Undefined variable $nameuser', 'APPPATH\\Views\\admin\\dashboard.php', 183)
 2 SYSTEMPATH\View\View.php(213): include('APPPATH\\Views\\admin\\dashboard.php')
 3 SYSTEMPATH\View\View.php(216): CodeIgniter\View\View->CodeIgniter\View\{closure}()
 4 SYSTEMPATH\Common.php(1134): CodeIgniter\View\View->render('admin/dashboard', [], true)
 5 APPPATH\Controllers\Home.php(9): view('admin/dashboard')
 6 SYSTEMPATH\CodeIgniter.php(927): App\Controllers\Home->index()
 7 SYSTEMPATH\CodeIgniter.php(482): CodeIgniter\CodeIgniter->runController(Object(App\Controllers\Home))
 8 SYSTEMPATH\CodeIgniter.php(351): CodeIgniter\CodeIgniter->handleRequest(null, Object(Config\Cache), false)
 9 FCPATH\index.php(67): CodeIgniter\CodeIgniter->run()
10 SYSTEMPATH\Commands\Server\rewrite.php(46): require_once('FCPATH\\index.php')
CRITICAL - 2023-01-24 10:21:07 --> Undefined variable $nameuser
in APPPATH\Views\register.php on line 57.
 1 APPPATH\Views\register.php(57): CodeIgniter\Debug\Exceptions->errorHandler(2, 'Undefined variable $nameuser', 'APPPATH\\Views\\register.php', 57)
 2 SYSTEMPATH\View\View.php(213): include('APPPATH\\Views\\register.php')
 3 SYSTEMPATH\View\View.php(216): CodeIgniter\View\View->CodeIgniter\View\{closure}()
 4 SYSTEMPATH\View\View.php(431): CodeIgniter\View\View->render('register', null, true)
 5 APPPATH\Views\admin\dashboard.php(128): CodeIgniter\View\View->include('register')
 6 SYSTEMPATH\View\View.php(213): include('APPPATH\\Views\\admin\\dashboard.php')
 7 SYSTEMPATH\View\View.php(216): CodeIgniter\View\View->CodeIgniter\View\{closure}()
 8 SYSTEMPATH\Common.php(1134): CodeIgniter\View\View->render('admin/dashboard', [], true)
 9 APPPATH\Controllers\Home.php(9): view('admin/dashboard')
10 SYSTEMPATH\CodeIgniter.php(927): App\Controllers\Home->index()
11 SYSTEMPATH\CodeIgniter.php(482): CodeIgniter\CodeIgniter->runController(Object(App\Controllers\Home))
12 SYSTEMPATH\CodeIgniter.php(351): CodeIgniter\CodeIgniter->handleRequest(null, Object(Config\Cache), false)
13 FCPATH\index.php(67): CodeIgniter\CodeIgniter->run()
14 SYSTEMPATH\Commands\Server\rewrite.php(46): require_once('FCPATH\\index.php')
CRITICAL - 2023-01-24 10:22:18 --> Class "App\Controllers\UsersModels" not found
in APPPATH\Controllers\Home.php on line 10.
 1 SYSTEMPATH\CodeIgniter.php(927): App\Controllers\Home->index()
 2 SYSTEMPATH\CodeIgniter.php(482): CodeIgniter\CodeIgniter->runController(Object(App\Controllers\Home))
 3 SYSTEMPATH\CodeIgniter.php(351): CodeIgniter\CodeIgniter->handleRequest(null, Object(Config\Cache), false)
 4 FCPATH\index.php(67): CodeIgniter\CodeIgniter->run()
 5 SYSTEMPATH\Commands\Server\rewrite.php(46): require_once('FCPATH\\index.php')
CRITICAL - 2023-01-24 16:29:57 --> valid_text is not a valid rule.
in SYSTEMPATH\Validation\Validation.php on line 323.
 1 SYSTEMPATH\Validation\Validation.php(323): CodeIgniter\Validation\Exceptions\ValidationException::forRuleNotFound('valid_text')
 2 SYSTEMPATH\Validation\Validation.php(175): CodeIgniter\Validation\Validation->processRules('u_username', 'u_username', 'admin', [...], [...])
 3 SYSTEMPATH\Controller.php(140): CodeIgniter\Validation\Validation->run()
 4 APPPATH\Controllers\LoginControllers.php(31): CodeIgniter\Controller->validate([...], [...])
 5 SYSTEMPATH\CodeIgniter.php(927): App\Controllers\LoginControllers->login()
 6 SYSTEMPATH\CodeIgniter.php(482): CodeIgniter\CodeIgniter->runController(Object(App\Controllers\LoginControllers))
 7 SYSTEMPATH\CodeIgniter.php(351): CodeIgniter\CodeIgniter->handleRequest(null, Object(Config\Cache), false)
 8 FCPATH\index.php(67): CodeIgniter\CodeIgniter->run()
 9 SYSTEMPATH\Commands\Server\rewrite.php(46): require_once('FCPATH\\index.php')
CRITICAL - 2023-01-24 16:33:38 --> Invalid file: vw_home.php
in SYSTEMPATH\Exceptions\FrameworkException.php on line 33.
 1 SYSTEMPATH\View\View.php(201): CodeIgniter\Exceptions\FrameworkException::forInvalidFile('vw_home.php')
 2 SYSTEMPATH\Common.php(1134): CodeIgniter\View\View->render('vw_home', [], true)
 3 APPPATH\Controllers\AdminControllers.php(21): view('vw_home')
 4 SYSTEMPATH\CodeIgniter.php(927): App\Controllers\AdminControllers->index()
 5 SYSTEMPATH\CodeIgniter.php(482): CodeIgniter\CodeIgniter->runController(Object(App\Controllers\AdminControllers))
 6 SYSTEMPATH\CodeIgniter.php(351): CodeIgniter\CodeIgniter->handleRequest(null, Object(Config\Cache), false)
 7 FCPATH\index.php(67): CodeIgniter\CodeIgniter->run()
 8 SYSTEMPATH\Commands\Server\rewrite.php(46): require_once('FCPATH\\index.php')
CRITICAL - 2023-01-24 16:34:11 --> Invalid file: vw_home.php
in SYSTEMPATH\Exceptions\FrameworkException.php on line 33.
 1 SYSTEMPATH\View\View.php(201): CodeIgniter\Exceptions\FrameworkException::forInvalidFile('vw_home.php')
 2 SYSTEMPATH\Common.php(1134): CodeIgniter\View\View->render('vw_home', [], true)
 3 APPPATH\Controllers\AdminControllers.php(21): view('vw_home')
 4 SYSTEMPATH\CodeIgniter.php(927): App\Controllers\AdminControllers->index()
 5 SYSTEMPATH\CodeIgniter.php(482): CodeIgniter\CodeIgniter->runController(Object(App\Controllers\AdminControllers))
 6 SYSTEMPATH\CodeIgniter.php(351): CodeIgniter\CodeIgniter->handleRequest(null, Object(Config\Cache), false)
 7 FCPATH\index.php(67): CodeIgniter\CodeIgniter->run()
 8 SYSTEMPATH\Commands\Server\rewrite.php(46): require_once('FCPATH\\index.php')
CRITICAL - 2023-01-24 18:44:09 --> Invalid file: adminregister.php
in SYSTEMPATH\Exceptions\FrameworkException.php on line 33.
 1 SYSTEMPATH\View\View.php(201): CodeIgniter\Exceptions\FrameworkException::forInvalidFile('adminregister.php')
 2 SYSTEMPATH\Common.php(1134): CodeIgniter\View\View->render('adminregister', [], true)
 3 APPPATH\Controllers\AdminControllers.php(28): view('adminregister', [...])
 4 SYSTEMPATH\CodeIgniter.php(927): App\Controllers\AdminControllers->registeruser()
 5 SYSTEMPATH\CodeIgniter.php(482): CodeIgniter\CodeIgniter->runController(Object(App\Controllers\AdminControllers))
 6 SYSTEMPATH\CodeIgniter.php(351): CodeIgniter\CodeIgniter->handleRequest(null, Object(Config\Cache), false)
 7 FCPATH\index.php(67): CodeIgniter\CodeIgniter->run()
 8 SYSTEMPATH\Commands\Server\rewrite.php(46): require_once('FCPATH\\index.php')
CRITICAL - 2023-01-24 18:44:41 --> Invalid file: admin/register.php
in SYSTEMPATH\Exceptions\FrameworkException.php on line 33.
 1 SYSTEMPATH\View\View.php(201): CodeIgniter\Exceptions\FrameworkException::forInvalidFile('admin/register.php')
 2 SYSTEMPATH\Common.php(1134): CodeIgniter\View\View->render('admin/register', [], true)
 3 APPPATH\Controllers\AdminControllers.php(28): view('admin/register', [...])
 4 SYSTEMPATH\CodeIgniter.php(927): App\Controllers\AdminControllers->registeruser()
 5 SYSTEMPATH\CodeIgniter.php(482): CodeIgniter\CodeIgniter->runController(Object(App\Controllers\AdminControllers))
 6 SYSTEMPATH\CodeIgniter.php(351): CodeIgniter\CodeIgniter->handleRequest(null, Object(Config\Cache), false)
 7 FCPATH\index.php(67): CodeIgniter\CodeIgniter->run()
 8 SYSTEMPATH\Commands\Server\rewrite.php(46): require_once('FCPATH\\index.php')
CRITICAL - 2023-01-24 19:03:01 --> Call to undefined method App\Models\UsersModels::getuserreferensi
in SYSTEMPATH\Model.php on line 774.
 1 APPPATH\Controllers\Home.php(13): CodeIgniter\Model->__call('getuserreferensi', [])
 2 SYSTEMPATH\CodeIgniter.php(927): App\Controllers\Home->index()
 3 SYSTEMPATH\CodeIgniter.php(482): CodeIgniter\CodeIgniter->runController(Object(App\Controllers\Home))
 4 SYSTEMPATH\CodeIgniter.php(351): CodeIgniter\CodeIgniter->handleRequest(null, Object(Config\Cache), false)
 5 FCPATH\index.php(67): CodeIgniter\CodeIgniter->run()
 6 SYSTEMPATH\Commands\Server\rewrite.php(46): require_once('FCPATH\\index.php')
CRITICAL - 2023-01-24 19:03:08 --> Call to undefined method App\Models\UsersModels::getuserreferensi
in SYSTEMPATH\Model.php on line 774.
 1 APPPATH\Controllers\Home.php(13): CodeIgniter\Model->__call('getuserreferensi', [])
 2 SYSTEMPATH\CodeIgniter.php(927): App\Controllers\Home->index()
 3 SYSTEMPATH\CodeIgniter.php(482): CodeIgniter\CodeIgniter->runController(Object(App\Controllers\Home))
 4 SYSTEMPATH\CodeIgniter.php(351): CodeIgniter\CodeIgniter->handleRequest(null, Object(Config\Cache), false)
 5 FCPATH\index.php(67): CodeIgniter\CodeIgniter->run()
 6 SYSTEMPATH\Commands\Server\rewrite.php(46): require_once('FCPATH\\index.php')
CRITICAL - 2023-01-24 19:32:32 --> Call to undefined method stdClass::u_id()
in APPPATH\Views\coordinator\register.php on line 64.
 1 SYSTEMPATH\View\View.php(213): include()
 2 SYSTEMPATH\View\View.php(216): CodeIgniter\View\View->CodeIgniter\View\{closure}()
 3 SYSTEMPATH\Common.php(1134): CodeIgniter\View\View->render('coordinator/register', [], true)
 4 APPPATH\Controllers\CoordinatorControllers.php(28): view('coordinator/register', [...])
 5 SYSTEMPATH\CodeIgniter.php(927): App\Controllers\CoordinatorControllers->registeruser()
 6 SYSTEMPATH\CodeIgniter.php(482): CodeIgniter\CodeIgniter->runController(Object(App\Controllers\CoordinatorControllers))
 7 SYSTEMPATH\CodeIgniter.php(351): CodeIgniter\CodeIgniter->handleRequest(null, Object(Config\Cache), false)
 8 FCPATH\index.php(67): CodeIgniter\CodeIgniter->run()
 9 SYSTEMPATH\Commands\Server\rewrite.php(46): require_once('FCPATH\\index.php')
CRITICAL - 2023-01-24 19:33:46 --> Call to a member function session() on string
in APPPATH\Views\coordinator\register.php on line 64.
 1 SYSTEMPATH\View\View.php(213): include()
 2 SYSTEMPATH\View\View.php(216): CodeIgniter\View\View->CodeIgniter\View\{closure}()
 3 SYSTEMPATH\Common.php(1134): CodeIgniter\View\View->render('coordinator/register', [], true)
 4 APPPATH\Controllers\CoordinatorControllers.php(28): view('coordinator/register', [...])
 5 SYSTEMPATH\CodeIgniter.php(927): App\Controllers\CoordinatorControllers->registeruser()
 6 SYSTEMPATH\CodeIgniter.php(482): CodeIgniter\CodeIgniter->runController(Object(App\Controllers\CoordinatorControllers))
 7 SYSTEMPATH\CodeIgniter.php(351): CodeIgniter\CodeIgniter->handleRequest(null, Object(Config\Cache), false)
 8 FCPATH\index.php(67): CodeIgniter\CodeIgniter->run()
 9 SYSTEMPATH\Commands\Server\rewrite.php(46): require_once('FCPATH\\index.php')
CRITICAL - 2023-01-24 19:33:59 --> Call to a member function get() on string
in APPPATH\Views\coordinator\register.php on line 64.
 1 SYSTEMPATH\View\View.php(213): include()
 2 SYSTEMPATH\View\View.php(216): CodeIgniter\View\View->CodeIgniter\View\{closure}()
 3 SYSTEMPATH\Common.php(1134): CodeIgniter\View\View->render('coordinator/register', [], true)
 4 APPPATH\Controllers\CoordinatorControllers.php(28): view('coordinator/register', [...])
 5 SYSTEMPATH\CodeIgniter.php(927): App\Controllers\CoordinatorControllers->registeruser()
 6 SYSTEMPATH\CodeIgniter.php(482): CodeIgniter\CodeIgniter->runController(Object(App\Controllers\CoordinatorControllers))
 7 SYSTEMPATH\CodeIgniter.php(351): CodeIgniter\CodeIgniter->handleRequest(null, Object(Config\Cache), false)
 8 FCPATH\index.php(67): CodeIgniter\CodeIgniter->run()
 9 SYSTEMPATH\Commands\Server\rewrite.php(46): require_once('FCPATH\\index.php')
CRITICAL - 2023-01-24 19:40:59 --> Call to a member function where() on string
in APPPATH\Views\coordinator\register.php on line 64.
 1 SYSTEMPATH\View\View.php(213): include()
 2 SYSTEMPATH\View\View.php(216): CodeIgniter\View\View->CodeIgniter\View\{closure}()
 3 SYSTEMPATH\Common.php(1134): CodeIgniter\View\View->render('coordinator/register', [], true)
 4 APPPATH\Controllers\CoordinatorControllers.php(28): view('coordinator/register', [...])
 5 SYSTEMPATH\CodeIgniter.php(927): App\Controllers\CoordinatorControllers->registeruser()
 6 SYSTEMPATH\CodeIgniter.php(482): CodeIgniter\CodeIgniter->runController(Object(App\Controllers\CoordinatorControllers))
 7 SYSTEMPATH\CodeIgniter.php(351): CodeIgniter\CodeIgniter->handleRequest(null, Object(Config\Cache), false)
 8 FCPATH\index.php(67): CodeIgniter\CodeIgniter->run()
 9 SYSTEMPATH\Commands\Server\rewrite.php(46): require_once('FCPATH\\index.php')
CRITICAL - 2023-01-24 19:41:58 --> Call to undefined method stdClass::session()
in APPPATH\Views\coordinator\register.php on line 64.
 1 SYSTEMPATH\View\View.php(213): include()
 2 SYSTEMPATH\View\View.php(216): CodeIgniter\View\View->CodeIgniter\View\{closure}()
 3 SYSTEMPATH\Common.php(1134): CodeIgniter\View\View->render('coordinator/register', [], true)
 4 APPPATH\Controllers\CoordinatorControllers.php(28): view('coordinator/register', [...])
 5 SYSTEMPATH\CodeIgniter.php(927): App\Controllers\CoordinatorControllers->registeruser()
 6 SYSTEMPATH\CodeIgniter.php(482): CodeIgniter\CodeIgniter->runController(Object(App\Controllers\CoordinatorControllers))
 7 SYSTEMPATH\CodeIgniter.php(351): CodeIgniter\CodeIgniter->handleRequest(null, Object(Config\Cache), false)
 8 FCPATH\index.php(67): CodeIgniter\CodeIgniter->run()
 9 SYSTEMPATH\Commands\Server\rewrite.php(46): require_once('FCPATH\\index.php')
CRITICAL - 2023-01-24 19:43:10 --> Call to undefined method stdClass::get()
in APPPATH\Views\coordinator\register.php on line 64.
 1 SYSTEMPATH\View\View.php(213): include()
 2 SYSTEMPATH\View\View.php(216): CodeIgniter\View\View->CodeIgniter\View\{closure}()
 3 SYSTEMPATH\Common.php(1134): CodeIgniter\View\View->render('coordinator/register', [], true)
 4 APPPATH\Controllers\CoordinatorControllers.php(28): view('coordinator/register', [...])
 5 SYSTEMPATH\CodeIgniter.php(927): App\Controllers\CoordinatorControllers->registeruser()
 6 SYSTEMPATH\CodeIgniter.php(482): CodeIgniter\CodeIgniter->runController(Object(App\Controllers\CoordinatorControllers))
 7 SYSTEMPATH\CodeIgniter.php(351): CodeIgniter\CodeIgniter->handleRequest(null, Object(Config\Cache), false)
 8 FCPATH\index.php(67): CodeIgniter\CodeIgniter->run()
 9 SYSTEMPATH\Commands\Server\rewrite.php(46): require_once('FCPATH\\index.php')
CRITICAL - 2023-01-24 19:57:26 --> Attempt to read property "with" on string
in APPPATH\Views\coordinator\register.php on line 64.
 1 APPPATH\Views\coordinator\register.php(64): CodeIgniter\Debug\Exceptions->errorHandler(2, 'Attempt to read property "with" on string', 'APPPATH\\Views\\coordinator\\register.php', 64)
 2 SYSTEMPATH\View\View.php(213): include('APPPATH\\Views\\coordinator\\register.php')
 3 SYSTEMPATH\View\View.php(216): CodeIgniter\View\View->CodeIgniter\View\{closure}()
 4 SYSTEMPATH\Common.php(1134): CodeIgniter\View\View->render('coordinator/register', [], true)
 5 APPPATH\Controllers\CoordinatorControllers.php(28): view('coordinator/register', [...])
 6 SYSTEMPATH\CodeIgniter.php(927): App\Controllers\CoordinatorControllers->registeruser()
 7 SYSTEMPATH\CodeIgniter.php(482): CodeIgniter\CodeIgniter->runController(Object(App\Controllers\CoordinatorControllers))
 8 SYSTEMPATH\CodeIgniter.php(351): CodeIgniter\CodeIgniter->handleRequest(null, Object(Config\Cache), false)
 9 FCPATH\index.php(67): CodeIgniter\CodeIgniter->run()
10 SYSTEMPATH\Commands\Server\rewrite.php(46): require_once('FCPATH\\index.php')
CRITICAL - 2023-01-24 19:57:51 --> Call to a member function with() on string
in APPPATH\Views\coordinator\register.php on line 64.
 1 SYSTEMPATH\View\View.php(213): include()
 2 SYSTEMPATH\View\View.php(216): CodeIgniter\View\View->CodeIgniter\View\{closure}()
 3 SYSTEMPATH\Common.php(1134): CodeIgniter\View\View->render('coordinator/register', [], true)
 4 APPPATH\Controllers\CoordinatorControllers.php(28): view('coordinator/register', [...])
 5 SYSTEMPATH\CodeIgniter.php(927): App\Controllers\CoordinatorControllers->registeruser()
 6 SYSTEMPATH\CodeIgniter.php(482): CodeIgniter\CodeIgniter->runController(Object(App\Controllers\CoordinatorControllers))
 7 SYSTEMPATH\CodeIgniter.php(351): CodeIgniter\CodeIgniter->handleRequest(null, Object(Config\Cache), false)
 8 FCPATH\index.php(67): CodeIgniter\CodeIgniter->run()
 9 SYSTEMPATH\Commands\Server\rewrite.php(46): require_once('FCPATH\\index.php')
CRITICAL - 2023-01-24 19:58:16 --> Call to a member function set() on string
in APPPATH\Views\coordinator\register.php on line 64.
 1 SYSTEMPATH\View\View.php(213): include()
 2 SYSTEMPATH\View\View.php(216): CodeIgniter\View\View->CodeIgniter\View\{closure}()
 3 SYSTEMPATH\Common.php(1134): CodeIgniter\View\View->render('coordinator/register', [], true)
 4 APPPATH\Controllers\CoordinatorControllers.php(28): view('coordinator/register', [...])
 5 SYSTEMPATH\CodeIgniter.php(927): App\Controllers\CoordinatorControllers->registeruser()
 6 SYSTEMPATH\CodeIgniter.php(482): CodeIgniter\CodeIgniter->runController(Object(App\Controllers\CoordinatorControllers))
 7 SYSTEMPATH\CodeIgniter.php(351): CodeIgniter\CodeIgniter->handleRequest(null, Object(Config\Cache), false)
 8 FCPATH\index.php(67): CodeIgniter\CodeIgniter->run()
 9 SYSTEMPATH\Commands\Server\rewrite.php(46): require_once('FCPATH\\index.php')
CRITICAL - 2023-01-24 20:01:30 --> Undefined variable $id
in APPPATH\Views\coordinator\register.php on line 65.
 1 APPPATH\Views\coordinator\register.php(65): CodeIgniter\Debug\Exceptions->errorHandler(2, 'Undefined variable $id', 'APPPATH\\Views\\coordinator\\register.php', 65)
 2 SYSTEMPATH\View\View.php(213): include('APPPATH\\Views\\coordinator\\register.php')
 3 SYSTEMPATH\View\View.php(216): CodeIgniter\View\View->CodeIgniter\View\{closure}()
 4 SYSTEMPATH\Common.php(1134): CodeIgniter\View\View->render('coordinator/register', [], true)
 5 APPPATH\Controllers\CoordinatorControllers.php(28): view('coordinator/register', [...])
 6 SYSTEMPATH\CodeIgniter.php(927): App\Controllers\CoordinatorControllers->registeruser()
 7 SYSTEMPATH\CodeIgniter.php(482): CodeIgniter\CodeIgniter->runController(Object(App\Controllers\CoordinatorControllers))
 8 SYSTEMPATH\CodeIgniter.php(351): CodeIgniter\CodeIgniter->handleRequest(null, Object(Config\Cache), false)
 9 FCPATH\index.php(67): CodeIgniter\CodeIgniter->run()
10 SYSTEMPATH\Commands\Server\rewrite.php(46): require_once('FCPATH\\index.php')
CRITICAL - 2023-01-24 20:04:52 --> Undefined property: stdClass::$coordinator
in APPPATH\Views\coordinator\register.php on line 66.
 1 APPPATH\Views\coordinator\register.php(66): CodeIgniter\Debug\Exceptions->errorHandler(2, 'Undefined property: stdClass::$coordinator', 'APPPATH\\Views\\coordinator\\register.php', 66)
 2 SYSTEMPATH\View\View.php(213): include('APPPATH\\Views\\coordinator\\register.php')
 3 SYSTEMPATH\View\View.php(216): CodeIgniter\View\View->CodeIgniter\View\{closure}()
 4 SYSTEMPATH\Common.php(1134): CodeIgniter\View\View->render('coordinator/register', [], true)
 5 APPPATH\Controllers\CoordinatorControllers.php(28): view('coordinator/register', [...])
 6 SYSTEMPATH\CodeIgniter.php(927): App\Controllers\CoordinatorControllers->registeruser()
 7 SYSTEMPATH\CodeIgniter.php(482): CodeIgniter\CodeIgniter->runController(Object(App\Controllers\CoordinatorControllers))
 8 SYSTEMPATH\CodeIgniter.php(351): CodeIgniter\CodeIgniter->handleRequest(null, Object(Config\Cache), false)
 9 FCPATH\index.php(67): CodeIgniter\CodeIgniter->run()
10 SYSTEMPATH\Commands\Server\rewrite.php(46): require_once('FCPATH\\index.php')
CRITICAL - 2023-01-24 20:05:53 --> Undefined property: stdClass::$coordinator
in APPPATH\Views\coordinator\register.php on line 66.
 1 APPPATH\Views\coordinator\register.php(66): CodeIgniter\Debug\Exceptions->errorHandler(2, 'Undefined property: stdClass::$coordinator', 'APPPATH\\Views\\coordinator\\register.php', 66)
 2 SYSTEMPATH\View\View.php(213): include('APPPATH\\Views\\coordinator\\register.php')
 3 SYSTEMPATH\View\View.php(216): CodeIgniter\View\View->CodeIgniter\View\{closure}()
 4 SYSTEMPATH\Common.php(1134): CodeIgniter\View\View->render('coordinator/register', [], true)
 5 APPPATH\Controllers\CoordinatorControllers.php(28): view('coordinator/register', [...])
 6 SYSTEMPATH\CodeIgniter.php(927): App\Controllers\CoordinatorControllers->registeruser()
 7 SYSTEMPATH\CodeIgniter.php(482): CodeIgniter\CodeIgniter->runController(Object(App\Controllers\CoordinatorControllers))
 8 SYSTEMPATH\CodeIgniter.php(351): CodeIgniter\CodeIgniter->handleRequest(null, Object(Config\Cache), false)
 9 FCPATH\index.php(67): CodeIgniter\CodeIgniter->run()
10 SYSTEMPATH\Commands\Server\rewrite.php(46): require_once('FCPATH\\index.php')
CRITICAL - 2023-01-24 20:07:49 --> Undefined property: stdClass::$coordinator
in APPPATH\Views\coordinator\register.php on line 66.
 1 APPPATH\Views\coordinator\register.php(66): CodeIgniter\Debug\Exceptions->errorHandler(2, 'Undefined property: stdClass::$coordinator', 'APPPATH\\Views\\coordinator\\register.php', 66)
 2 SYSTEMPATH\View\View.php(213): include('APPPATH\\Views\\coordinator\\register.php')
 3 SYSTEMPATH\View\View.php(216): CodeIgniter\View\View->CodeIgniter\View\{closure}()
 4 SYSTEMPATH\Common.php(1134): CodeIgniter\View\View->render('coordinator/register', [], true)
 5 APPPATH\Controllers\CoordinatorControllers.php(28): view('coordinator/register', [...])
 6 SYSTEMPATH\CodeIgniter.php(927): App\Controllers\CoordinatorControllers->registeruser()
 7 SYSTEMPATH\CodeIgniter.php(482): CodeIgniter\CodeIgniter->runController(Object(App\Controllers\CoordinatorControllers))
 8 SYSTEMPATH\CodeIgniter.php(351): CodeIgniter\CodeIgniter->handleRequest(null, Object(Config\Cache), false)
 9 FCPATH\index.php(67): CodeIgniter\CodeIgniter->run()
10 SYSTEMPATH\Commands\Server\rewrite.php(46): require_once('FCPATH\\index.php')
CRITICAL - 2023-01-24 20:08:11 --> Undefined variable $u_fullname
in APPPATH\Views\coordinator\register.php on line 66.
 1 APPPATH\Views\coordinator\register.php(66): CodeIgniter\Debug\Exceptions->errorHandler(2, 'Undefined variable $u_fullname', 'APPPATH\\Views\\coordinator\\register.php', 66)
 2 SYSTEMPATH\View\View.php(213): include('APPPATH\\Views\\coordinator\\register.php')
 3 SYSTEMPATH\View\View.php(216): CodeIgniter\View\View->CodeIgniter\View\{closure}()
 4 SYSTEMPATH\Common.php(1134): CodeIgniter\View\View->render('coordinator/register', [], true)
 5 APPPATH\Controllers\CoordinatorControllers.php(28): view('coordinator/register', [...])
 6 SYSTEMPATH\CodeIgniter.php(927): App\Controllers\CoordinatorControllers->registeruser()
 7 SYSTEMPATH\CodeIgniter.php(482): CodeIgniter\CodeIgniter->runController(Object(App\Controllers\CoordinatorControllers))
 8 SYSTEMPATH\CodeIgniter.php(351): CodeIgniter\CodeIgniter->handleRequest(null, Object(Config\Cache), false)
 9 FCPATH\index.php(67): CodeIgniter\CodeIgniter->run()
10 SYSTEMPATH\Commands\Server\rewrite.php(46): require_once('FCPATH\\index.php')
CRITICAL - 2023-01-24 20:08:12 --> Undefined variable $u_fullname
in APPPATH\Views\coordinator\register.php on line 66.
 1 APPPATH\Views\coordinator\register.php(66): CodeIgniter\Debug\Exceptions->errorHandler(2, 'Undefined variable $u_fullname', 'APPPATH\\Views\\coordinator\\register.php', 66)
 2 SYSTEMPATH\View\View.php(213): include('APPPATH\\Views\\coordinator\\register.php')
 3 SYSTEMPATH\View\View.php(216): CodeIgniter\View\View->CodeIgniter\View\{closure}()
 4 SYSTEMPATH\Common.php(1134): CodeIgniter\View\View->render('coordinator/register', [], true)
 5 APPPATH\Controllers\CoordinatorControllers.php(28): view('coordinator/register', [...])
 6 SYSTEMPATH\CodeIgniter.php(927): App\Controllers\CoordinatorControllers->registeruser()
 7 SYSTEMPATH\CodeIgniter.php(482): CodeIgniter\CodeIgniter->runController(Object(App\Controllers\CoordinatorControllers))
 8 SYSTEMPATH\CodeIgniter.php(351): CodeIgniter\CodeIgniter->handleRequest(null, Object(Config\Cache), false)
 9 FCPATH\index.php(67): CodeIgniter\CodeIgniter->run()
10 SYSTEMPATH\Commands\Server\rewrite.php(46): require_once('FCPATH\\index.php')
CRITICAL - 2023-01-24 20:08:56 --> Undefined variable $u_fullname
in APPPATH\Views\coordinator\register.php on line 66.
 1 APPPATH\Views\coordinator\register.php(66): CodeIgniter\Debug\Exceptions->errorHandler(2, 'Undefined variable $u_fullname', 'APPPATH\\Views\\coordinator\\register.php', 66)
 2 SYSTEMPATH\View\View.php(213): include('APPPATH\\Views\\coordinator\\register.php')
 3 SYSTEMPATH\View\View.php(216): CodeIgniter\View\View->CodeIgniter\View\{closure}()
 4 SYSTEMPATH\Common.php(1134): CodeIgniter\View\View->render('coordinator/register', [], true)
 5 APPPATH\Controllers\CoordinatorControllers.php(28): view('coordinator/register', [...])
 6 SYSTEMPATH\CodeIgniter.php(927): App\Controllers\CoordinatorControllers->registeruser()
 7 SYSTEMPATH\CodeIgniter.php(482): CodeIgniter\CodeIgniter->runController(Object(App\Controllers\CoordinatorControllers))
 8 SYSTEMPATH\CodeIgniter.php(351): CodeIgniter\CodeIgniter->handleRequest(null, Object(Config\Cache), false)
 9 FCPATH\index.php(67): CodeIgniter\CodeIgniter->run()
10 SYSTEMPATH\Commands\Server\rewrite.php(46): require_once('FCPATH\\index.php')
CRITICAL - 2023-01-24 20:09:31 --> Undefined variable $u_fullname
in APPPATH\Views\coordinator\register.php on line 67.
 1 APPPATH\Views\coordinator\register.php(67): CodeIgniter\Debug\Exceptions->errorHandler(2, 'Undefined variable $u_fullname', 'APPPATH\\Views\\coordinator\\register.php', 67)
 2 SYSTEMPATH\View\View.php(213): include('APPPATH\\Views\\coordinator\\register.php')
 3 SYSTEMPATH\View\View.php(216): CodeIgniter\View\View->CodeIgniter\View\{closure}()
 4 SYSTEMPATH\Common.php(1134): CodeIgniter\View\View->render('coordinator/register', [], true)
 5 APPPATH\Controllers\CoordinatorControllers.php(28): view('coordinator/register', [...])
 6 SYSTEMPATH\CodeIgniter.php(927): App\Controllers\CoordinatorControllers->registeruser()
 7 SYSTEMPATH\CodeIgniter.php(482): CodeIgniter\CodeIgniter->runController(Object(App\Controllers\CoordinatorControllers))
 8 SYSTEMPATH\CodeIgniter.php(351): CodeIgniter\CodeIgniter->handleRequest(null, Object(Config\Cache), false)
 9 FCPATH\index.php(67): CodeIgniter\CodeIgniter->run()
10 SYSTEMPATH\Commands\Server\rewrite.php(46): require_once('FCPATH\\index.php')
CRITICAL - 2023-01-24 20:09:32 --> Undefined variable $u_fullname
in APPPATH\Views\coordinator\register.php on line 67.
 1 APPPATH\Views\coordinator\register.php(67): CodeIgniter\Debug\Exceptions->errorHandler(2, 'Undefined variable $u_fullname', 'APPPATH\\Views\\coordinator\\register.php', 67)
 2 SYSTEMPATH\View\View.php(213): include('APPPATH\\Views\\coordinator\\register.php')
 3 SYSTEMPATH\View\View.php(216): CodeIgniter\View\View->CodeIgniter\View\{closure}()
 4 SYSTEMPATH\Common.php(1134): CodeIgniter\View\View->render('coordinator/register', [], true)
 5 APPPATH\Controllers\CoordinatorControllers.php(28): view('coordinator/register', [...])
 6 SYSTEMPATH\CodeIgniter.php(927): App\Controllers\CoordinatorControllers->registeruser()
 7 SYSTEMPATH\CodeIgniter.php(482): CodeIgniter\CodeIgniter->runController(Object(App\Controllers\CoordinatorControllers))
 8 SYSTEMPATH\CodeIgniter.php(351): CodeIgniter\CodeIgniter->handleRequest(null, Object(Config\Cache), false)
 9 FCPATH\index.php(67): CodeIgniter\CodeIgniter->run()
10 SYSTEMPATH\Commands\Server\rewrite.php(46): require_once('FCPATH\\index.php')
CRITICAL - 2023-01-24 20:10:02 --> Undefined variable $u_fullname
in APPPATH\Views\coordinator\register.php on line 66.
 1 APPPATH\Views\coordinator\register.php(66): CodeIgniter\Debug\Exceptions->errorHandler(2, 'Undefined variable $u_fullname', 'APPPATH\\Views\\coordinator\\register.php', 66)
 2 SYSTEMPATH\View\View.php(213): include('APPPATH\\Views\\coordinator\\register.php')
 3 SYSTEMPATH\View\View.php(216): CodeIgniter\View\View->CodeIgniter\View\{closure}()
 4 SYSTEMPATH\Common.php(1134): CodeIgniter\View\View->render('coordinator/register', [], true)
 5 APPPATH\Controllers\CoordinatorControllers.php(28): view('coordinator/register', [...])
 6 SYSTEMPATH\CodeIgniter.php(927): App\Controllers\CoordinatorControllers->registeruser()
 7 SYSTEMPATH\CodeIgniter.php(482): CodeIgniter\CodeIgniter->runController(Object(App\Controllers\CoordinatorControllers))
 8 SYSTEMPATH\CodeIgniter.php(351): CodeIgniter\CodeIgniter->handleRequest(null, Object(Config\Cache), false)
 9 FCPATH\index.php(67): CodeIgniter\CodeIgniter->run()
10 SYSTEMPATH\Commands\Server\rewrite.php(46): require_once('FCPATH\\index.php')
CRITICAL - 2023-01-24 20:10:03 --> Undefined variable $u_fullname
in APPPATH\Views\coordinator\register.php on line 66.
 1 APPPATH\Views\coordinator\register.php(66): CodeIgniter\Debug\Exceptions->errorHandler(2, 'Undefined variable $u_fullname', 'APPPATH\\Views\\coordinator\\register.php', 66)
 2 SYSTEMPATH\View\View.php(213): include('APPPATH\\Views\\coordinator\\register.php')
 3 SYSTEMPATH\View\View.php(216): CodeIgniter\View\View->CodeIgniter\View\{closure}()
 4 SYSTEMPATH\Common.php(1134): CodeIgniter\View\View->render('coordinator/register', [], true)
 5 APPPATH\Controllers\CoordinatorControllers.php(28): view('coordinator/register', [...])
 6 SYSTEMPATH\CodeIgniter.php(927): App\Controllers\CoordinatorControllers->registeruser()
 7 SYSTEMPATH\CodeIgniter.php(482): CodeIgniter\CodeIgniter->runController(Object(App\Controllers\CoordinatorControllers))
 8 SYSTEMPATH\CodeIgniter.php(351): CodeIgniter\CodeIgniter->handleRequest(null, Object(Config\Cache), false)
 9 FCPATH\index.php(67): CodeIgniter\CodeIgniter->run()
10 SYSTEMPATH\Commands\Server\rewrite.php(46): require_once('FCPATH\\index.php')
CRITICAL - 2023-01-24 20:10:22 --> Undefined variable $u_id
in APPPATH\Views\coordinator\register.php on line 66.
 1 APPPATH\Views\coordinator\register.php(66): CodeIgniter\Debug\Exceptions->errorHandler(2, 'Undefined variable $u_id', 'APPPATH\\Views\\coordinator\\register.php', 66)
 2 SYSTEMPATH\View\View.php(213): include('APPPATH\\Views\\coordinator\\register.php')
 3 SYSTEMPATH\View\View.php(216): CodeIgniter\View\View->CodeIgniter\View\{closure}()
 4 SYSTEMPATH\Common.php(1134): CodeIgniter\View\View->render('coordinator/register', [], true)
 5 APPPATH\Controllers\CoordinatorControllers.php(28): view('coordinator/register', [...])
 6 SYSTEMPATH\CodeIgniter.php(927): App\Controllers\CoordinatorControllers->registeruser()
 7 SYSTEMPATH\CodeIgniter.php(482): CodeIgniter\CodeIgniter->runController(Object(App\Controllers\CoordinatorControllers))
 8 SYSTEMPATH\CodeIgniter.php(351): CodeIgniter\CodeIgniter->handleRequest(null, Object(Config\Cache), false)
 9 FCPATH\index.php(67): CodeIgniter\CodeIgniter->run()
10 SYSTEMPATH\Commands\Server\rewrite.php(46): require_once('FCPATH\\index.php')
ERROR - 2023-01-24 20:58:20 --> mysqli_sql_exception: Cannot add or update a child row: a foreign key constraint fails (`arisya`.`tb_user`, CONSTRAINT `tb_user_ibfk_1` FOREIGN KEY (`u_referensi`) REFERENCES `tb_user` (`u_id`)) in C:\xampp\htdocs\ProjectPaket\system\Database\MySQLi\Connection.php:292
Stack trace:
#0 C:\xampp\htdocs\ProjectPaket\system\Database\MySQLi\Connection.php(292): mysqli->query('INSERT INTO `tb...', 0)
#1 C:\xampp\htdocs\ProjectPaket\system\Database\BaseConnection.php(666): CodeIgniter\Database\MySQLi\Connection->execute('INSERT INTO `tb...')
#2 C:\xampp\htdocs\ProjectPaket\system\Database\BaseConnection.php(593): CodeIgniter\Database\BaseConnection->simpleQuery('INSERT INTO `tb...')
#3 C:\xampp\htdocs\ProjectPaket\system\Database\BaseBuilder.php(1916): CodeIgniter\Database\BaseConnection->query('INSERT INTO `tb...', Array, false)
#4 C:\xampp\htdocs\ProjectPaket\system\Model.php(279): CodeIgniter\Database\BaseBuilder->insert()
#5 C:\xampp\htdocs\ProjectPaket\system\BaseModel.php(749): CodeIgniter\Model->doInsert(Array)
#6 C:\xampp\htdocs\ProjectPaket\system\Model.php(667): CodeIgniter\BaseModel->insert(Array, true)
#7 C:\xampp\htdocs\ProjectPaket\app\Controllers\CoordinatorControllers.php(196): CodeIgniter\Model->insert(Array)
#8 C:\xampp\htdocs\ProjectPaket\system\CodeIgniter.php(927): App\Controllers\CoordinatorControllers->registeruserprocess()
#9 C:\xampp\htdocs\ProjectPaket\system\CodeIgniter.php(482): CodeIgniter\CodeIgniter->runController(Object(App\Controllers\CoordinatorControllers))
#10 C:\xampp\htdocs\ProjectPaket\system\CodeIgniter.php(351): CodeIgniter\CodeIgniter->handleRequest(NULL, Object(Config\Cache), false)
#11 C:\xampp\htdocs\ProjectPaket\public\index.php(67): CodeIgniter\CodeIgniter->run()
#12 C:\xampp\htdocs\ProjectPaket\system\Commands\Server\rewrite.php(46): require_once('C:\\xampp\\htdocs...')
#13 {main}
CRITICAL - 2023-01-24 20:58:20 --> Cannot add or update a child row: a foreign key constraint fails (`arisya`.`tb_user`, CONSTRAINT `tb_user_ibfk_1` FOREIGN KEY (`u_referensi`) REFERENCES `tb_user` (`u_id`))
in SYSTEMPATH\Database\MySQLi\Connection.php on line 292.
 1 SYSTEMPATH\Database\MySQLi\Connection.php(292): mysqli->query('INSERT INTO `tb_user` (`u_username`, `u_password`, `u_fullname`, `u_role`, `u_referensi`, `u_email`, `u_create_at`, `u_nik`, `u_nama`, `u_tempat_lahir`, `u_tanggal_lahir`, `u_jenis_kelamin`, `u_provinsi`, `u_kota`, `u_kelurahan`, `u_kecamatan`, `u_kodepos`) VALUES (\'123213213\', \'$2y$10$6PB/3Lyv8TNB2EtejUFWh.23utR.xn6BpN/8ykqd7xWXYTJ34KRDa\', \'Ahmad Arif\', \'coordinator\', \'coordinator\', \'qvftp1223@gmail.com\', \'2023-01-24 08:57:52\', \'1234567890123232123\', \'Ahmad Arif\', \'Cimahi\', \'2023-01-24\', \'Perempuan\', \'Jawa Barat\', \'Cimahi Selatan\', \'Cibeureum\', \'Cimahi Selatan\', \'10730\')', 0)
 2 SYSTEMPATH\Database\BaseConnection.php(666): CodeIgniter\Database\MySQLi\Connection->execute('INSERT INTO `tb_user` (`u_username`, `u_password`, `u_fullname`, `u_role`, `u_referensi`, `u_email`, `u_create_at`, `u_nik`, `u_nama`, `u_tempat_lahir`, `u_tanggal_lahir`, `u_jenis_kelamin`, `u_provinsi`, `u_kota`, `u_kelurahan`, `u_kecamatan`, `u_kodepos`) VALUES (\'123213213\', \'$2y$10$6PB/3Lyv8TNB2EtejUFWh.23utR.xn6BpN/8ykqd7xWXYTJ34KRDa\', \'Ahmad Arif\', \'coordinator\', \'coordinator\', \'qvftp1223@gmail.com\', \'2023-01-24 08:57:52\', \'1234567890123232123\', \'Ahmad Arif\', \'Cimahi\', \'2023-01-24\', \'Perempuan\', \'Jawa Barat\', \'Cimahi Selatan\', \'Cibeureum\', \'Cimahi Selatan\', \'10730\')')
 3 SYSTEMPATH\Database\BaseConnection.php(593): CodeIgniter\Database\BaseConnection->simpleQuery('INSERT INTO `tb_user` (`u_username`, `u_password`, `u_fullname`, `u_role`, `u_referensi`, `u_email`, `u_create_at`, `u_nik`, `u_nama`, `u_tempat_lahir`, `u_tanggal_lahir`, `u_jenis_kelamin`, `u_provinsi`, `u_kota`, `u_kelurahan`, `u_kecamatan`, `u_kodepos`) VALUES (\'123213213\', \'$2y$10$6PB/3Lyv8TNB2EtejUFWh.23utR.xn6BpN/8ykqd7xWXYTJ34KRDa\', \'Ahmad Arif\', \'coordinator\', \'coordinator\', \'qvftp1223@gmail.com\', \'2023-01-24 08:57:52\', \'1234567890123232123\', \'Ahmad Arif\', \'Cimahi\', \'2023-01-24\', \'Perempuan\', \'Jawa Barat\', \'Cimahi Selatan\', \'Cibeureum\', \'Cimahi Selatan\', \'10730\')')
 4 SYSTEMPATH\Database\BaseBuilder.php(1916): CodeIgniter\Database\BaseConnection->query('INSERT INTO `tb_user` (`u_username`, `u_password`, `u_fullname`, `u_role`, `u_referensi`, `u_email`, `u_create_at`, `u_nik`, `u_nama`, `u_tempat_lahir`, `u_tanggal_lahir`, `u_jenis_kelamin`, `u_provinsi`, `u_kota`, `u_kelurahan`, `u_kecamatan`, `u_kodepos`) VALUES (:u_username:, :u_password:, :u_fullname:, :u_role:, :u_referensi:, :u_email:, :u_create_at:, :u_nik:, :u_nama:, :u_tempat_lahir:, :u_tanggal_lahir:, :u_jenis_kelamin:, :u_provinsi:, :u_kota:, :u_kelurahan:, :u_kecamatan:, :u_kodepos:)', [...], false)
 5 SYSTEMPATH\Model.php(279): CodeIgniter\Database\BaseBuilder->insert()
 6 SYSTEMPATH\BaseModel.php(749): CodeIgniter\Model->doInsert([...])
 7 SYSTEMPATH\Model.php(667): CodeIgniter\BaseModel->insert([...], true)
 8 APPPATH\Controllers\CoordinatorControllers.php(196): CodeIgniter\Model->insert([...])
 9 SYSTEMPATH\CodeIgniter.php(927): App\Controllers\CoordinatorControllers->registeruserprocess()
10 SYSTEMPATH\CodeIgniter.php(482): CodeIgniter\CodeIgniter->runController(Object(App\Controllers\CoordinatorControllers))
11 SYSTEMPATH\CodeIgniter.php(351): CodeIgniter\CodeIgniter->handleRequest(null, Object(Config\Cache), false)
12 FCPATH\index.php(67): CodeIgniter\CodeIgniter->run()
13 SYSTEMPATH\Commands\Server\rewrite.php(46): require_once('FCPATH\\index.php')
ERROR - 2023-01-24 20:59:02 --> mysqli_sql_exception: Cannot add or update a child row: a foreign key constraint fails (`arisya`.`tb_user`, CONSTRAINT `tb_user_ibfk_1` FOREIGN KEY (`u_referensi`) REFERENCES `tb_user` (`u_id`)) in C:\xampp\htdocs\ProjectPaket\system\Database\MySQLi\Connection.php:292
Stack trace:
#0 C:\xampp\htdocs\ProjectPaket\system\Database\MySQLi\Connection.php(292): mysqli->query('INSERT INTO `tb...', 0)
#1 C:\xampp\htdocs\ProjectPaket\system\Database\BaseConnection.php(666): CodeIgniter\Database\MySQLi\Connection->execute('INSERT INTO `tb...')
#2 C:\xampp\htdocs\ProjectPaket\system\Database\BaseConnection.php(593): CodeIgniter\Database\BaseConnection->simpleQuery('INSERT INTO `tb...')
#3 C:\xampp\htdocs\ProjectPaket\system\Database\BaseBuilder.php(1916): CodeIgniter\Database\BaseConnection->query('INSERT INTO `tb...', Array, false)
#4 C:\xampp\htdocs\ProjectPaket\system\Model.php(279): CodeIgniter\Database\BaseBuilder->insert()
#5 C:\xampp\htdocs\ProjectPaket\system\BaseModel.php(749): CodeIgniter\Model->doInsert(Array)
#6 C:\xampp\htdocs\ProjectPaket\system\Model.php(667): CodeIgniter\BaseModel->insert(Array, true)
#7 C:\xampp\htdocs\ProjectPaket\app\Controllers\CoordinatorControllers.php(196): CodeIgniter\Model->insert(Array)
#8 C:\xampp\htdocs\ProjectPaket\system\CodeIgniter.php(927): App\Controllers\CoordinatorControllers->registeruserprocess()
#9 C:\xampp\htdocs\ProjectPaket\system\CodeIgniter.php(482): CodeIgniter\CodeIgniter->runController(Object(App\Controllers\CoordinatorControllers))
#10 C:\xampp\htdocs\ProjectPaket\system\CodeIgniter.php(351): CodeIgniter\CodeIgniter->handleRequest(NULL, Object(Config\Cache), false)
#11 C:\xampp\htdocs\ProjectPaket\public\index.php(67): CodeIgniter\CodeIgniter->run()
#12 C:\xampp\htdocs\ProjectPaket\system\Commands\Server\rewrite.php(46): require_once('C:\\xampp\\htdocs...')
#13 {main}
CRITICAL - 2023-01-24 20:59:02 --> Cannot add or update a child row: a foreign key constraint fails (`arisya`.`tb_user`, CONSTRAINT `tb_user_ibfk_1` FOREIGN KEY (`u_referensi`) REFERENCES `tb_user` (`u_id`))
in SYSTEMPATH\Database\MySQLi\Connection.php on line 292.
 1 SYSTEMPATH\Database\MySQLi\Connection.php(292): mysqli->query('INSERT INTO `tb_user` (`u_username`, `u_password`, `u_fullname`, `u_role`, `u_referensi`, `u_email`, `u_create_at`, `u_nik`, `u_nama`, `u_tempat_lahir`, `u_tanggal_lahir`, `u_jenis_kelamin`, `u_provinsi`, `u_kota`, `u_kelurahan`, `u_kecamatan`, `u_kodepos`) VALUES (\'123213213\', \'$2y$10$7TyYACGk5T8wTrhOzbHRDevdU/WwrcQPIAI.8nWOchKg35UcFp2Aq\', \'Ahmad Arif\', \'coordinator\', \'coordinator\', \'qvftp1223@gmail.com\', \'2023-01-24 08:57:52\', \'1234567890123232123\', \'Ahmad Arif\', \'Cimahi\', \'2023-01-24\', \'Perempuan\', \'Jawa Barat\', \'Cimahi Selatan\', \'Cibeureum\', \'Cimahi Selatan\', \'10730\')', 0)
 2 SYSTEMPATH\Database\BaseConnection.php(666): CodeIgniter\Database\MySQLi\Connection->execute('INSERT INTO `tb_user` (`u_username`, `u_password`, `u_fullname`, `u_role`, `u_referensi`, `u_email`, `u_create_at`, `u_nik`, `u_nama`, `u_tempat_lahir`, `u_tanggal_lahir`, `u_jenis_kelamin`, `u_provinsi`, `u_kota`, `u_kelurahan`, `u_kecamatan`, `u_kodepos`) VALUES (\'123213213\', \'$2y$10$7TyYACGk5T8wTrhOzbHRDevdU/WwrcQPIAI.8nWOchKg35UcFp2Aq\', \'Ahmad Arif\', \'coordinator\', \'coordinator\', \'qvftp1223@gmail.com\', \'2023-01-24 08:57:52\', \'1234567890123232123\', \'Ahmad Arif\', \'Cimahi\', \'2023-01-24\', \'Perempuan\', \'Jawa Barat\', \'Cimahi Selatan\', \'Cibeureum\', \'Cimahi Selatan\', \'10730\')')
 3 SYSTEMPATH\Database\BaseConnection.php(593): CodeIgniter\Database\BaseConnection->simpleQuery('INSERT INTO `tb_user` (`u_username`, `u_password`, `u_fullname`, `u_role`, `u_referensi`, `u_email`, `u_create_at`, `u_nik`, `u_nama`, `u_tempat_lahir`, `u_tanggal_lahir`, `u_jenis_kelamin`, `u_provinsi`, `u_kota`, `u_kelurahan`, `u_kecamatan`, `u_kodepos`) VALUES (\'123213213\', \'$2y$10$7TyYACGk5T8wTrhOzbHRDevdU/WwrcQPIAI.8nWOchKg35UcFp2Aq\', \'Ahmad Arif\', \'coordinator\', \'coordinator\', \'qvftp1223@gmail.com\', \'2023-01-24 08:57:52\', \'1234567890123232123\', \'Ahmad Arif\', \'Cimahi\', \'2023-01-24\', \'Perempuan\', \'Jawa Barat\', \'Cimahi Selatan\', \'Cibeureum\', \'Cimahi Selatan\', \'10730\')')
 4 SYSTEMPATH\Database\BaseBuilder.php(1916): CodeIgniter\Database\BaseConnection->query('INSERT INTO `tb_user` (`u_username`, `u_password`, `u_fullname`, `u_role`, `u_referensi`, `u_email`, `u_create_at`, `u_nik`, `u_nama`, `u_tempat_lahir`, `u_tanggal_lahir`, `u_jenis_kelamin`, `u_provinsi`, `u_kota`, `u_kelurahan`, `u_kecamatan`, `u_kodepos`) VALUES (:u_username:, :u_password:, :u_fullname:, :u_role:, :u_referensi:, :u_email:, :u_create_at:, :u_nik:, :u_nama:, :u_tempat_lahir:, :u_tanggal_lahir:, :u_jenis_kelamin:, :u_provinsi:, :u_kota:, :u_kelurahan:, :u_kecamatan:, :u_kodepos:)', [...], false)
 5 SYSTEMPATH\Model.php(279): CodeIgniter\Database\BaseBuilder->insert()
 6 SYSTEMPATH\BaseModel.php(749): CodeIgniter\Model->doInsert([...])
 7 SYSTEMPATH\Model.php(667): CodeIgniter\BaseModel->insert([...], true)
 8 APPPATH\Controllers\CoordinatorControllers.php(196): CodeIgniter\Model->insert([...])
 9 SYSTEMPATH\CodeIgniter.php(927): App\Controllers\CoordinatorControllers->registeruserprocess()
10 SYSTEMPATH\CodeIgniter.php(482): CodeIgniter\CodeIgniter->runController(Object(App\Controllers\CoordinatorControllers))
11 SYSTEMPATH\CodeIgniter.php(351): CodeIgniter\CodeIgniter->handleRequest(null, Object(Config\Cache), false)
12 FCPATH\index.php(67): CodeIgniter\CodeIgniter->run()
13 SYSTEMPATH\Commands\Server\rewrite.php(46): require_once('FCPATH\\index.php')
