CRITICAL - 2023-02-09 10:10:44 --> Undefined variable $DataTransaksi
in APPPATH\Views\admin\layout\menu.php on line 27.
 1 APPPATH\Views\admin\layout\menu.php(27): CodeIgniter\Debug\Exceptions->errorHandler(2, 'Undefined variable $DataTransaksi', 'APPPATH\\Views\\admin\\layout\\menu.php', 27)
 2 SYSTEMPATH\View\View.php(213): include('APPPATH\\Views\\admin\\layout\\menu.php')
 3 SYSTEMPATH\View\View.php(216): CodeIgniter\View\View->CodeIgniter\View\{closure}()
 4 SYSTEMPATH\View\View.php(431): CodeIgniter\View\View->render('admin/layout/menu', null, true)
 5 APPPATH\Views\admin\layout\default.php(287): CodeIgniter\View\View->include('admin/layout/menu')
 6 SYSTEMPATH\View\View.php(213): include('APPPATH\\Views\\admin\\layout\\default.php')
 7 SYSTEMPATH\View\View.php(216): CodeIgniter\View\View->CodeIgniter\View\{closure}()
 8 SYSTEMPATH\View\View.php(229): CodeIgniter\View\View->render('admin/layout/default', [], true)
 9 SYSTEMPATH\Common.php(1134): CodeIgniter\View\View->render('admin/dashboard', [], true)
10 APPPATH\Controllers\AdminControllers.php(79): view('admin/dashboard', [...])
11 SYSTEMPATH\CodeIgniter.php(927): App\Controllers\AdminControllers->index()
12 SYSTEMPATH\CodeIgniter.php(482): CodeIgniter\CodeIgniter->runController(Object(App\Controllers\AdminControllers))
13 SYSTEMPATH\CodeIgniter.php(351): CodeIgniter\CodeIgniter->handleRequest(null, Object(Config\Cache), false)
14 FCPATH\index.php(67): CodeIgniter\CodeIgniter->run()
15 SYSTEMPATH\Commands\Server\rewrite.php(46): require_once('FCPATH\\index.php')
CRITICAL - 2023-02-09 10:14:56 --> Class "App\Models\TransaksiModels" not found
in APPPATH\Controllers\AdminControllers.php on line 2160.
 1 SYSTEMPATH\CodeIgniter.php(927): App\Controllers\AdminControllers->listdatatransaksi()
 2 SYSTEMPATH\CodeIgniter.php(482): CodeIgniter\CodeIgniter->runController(Object(App\Controllers\AdminControllers))
 3 SYSTEMPATH\CodeIgniter.php(351): CodeIgniter\CodeIgniter->handleRequest(null, Object(Config\Cache), false)
 4 FCPATH\index.php(67): CodeIgniter\CodeIgniter->run()
 5 SYSTEMPATH\Commands\Server\rewrite.php(46): require_once('FCPATH\\index.php')
CRITICAL - 2023-02-09 10:15:29 --> Class "App\Models\TransaksiModels" not found
in APPPATH\Controllers\AdminControllers.php on line 2160.
 1 SYSTEMPATH\CodeIgniter.php(927): App\Controllers\AdminControllers->listdatatransaksi()
 2 SYSTEMPATH\CodeIgniter.php(482): CodeIgniter\CodeIgniter->runController(Object(App\Controllers\AdminControllers))
 3 SYSTEMPATH\CodeIgniter.php(351): CodeIgniter\CodeIgniter->handleRequest(null, Object(Config\Cache), false)
 4 FCPATH\index.php(67): CodeIgniter\CodeIgniter->run()
 5 SYSTEMPATH\Commands\Server\rewrite.php(46): require_once('FCPATH\\index.php')
CRITICAL - 2023-02-09 10:16:21 --> Class "App\Models\TransaksiModels" not found
in APPPATH\Controllers\AdminControllers.php on line 2160.
 1 SYSTEMPATH\CodeIgniter.php(927): App\Controllers\AdminControllers->listdatatransaksi()
 2 SYSTEMPATH\CodeIgniter.php(482): CodeIgniter\CodeIgniter->runController(Object(App\Controllers\AdminControllers))
 3 SYSTEMPATH\CodeIgniter.php(351): CodeIgniter\CodeIgniter->handleRequest(null, Object(Config\Cache), false)
 4 FCPATH\index.php(67): CodeIgniter\CodeIgniter->run()
 5 SYSTEMPATH\Commands\Server\rewrite.php(46): require_once('FCPATH\\index.php')
CRITICAL - 2023-02-09 10:16:53 --> Class "App\Models\TransaksiModels" not found
in APPPATH\Controllers\AdminControllers.php on line 2160.
 1 SYSTEMPATH\CodeIgniter.php(927): App\Controllers\AdminControllers->listdatatransaksi()
 2 SYSTEMPATH\CodeIgniter.php(482): CodeIgniter\CodeIgniter->runController(Object(App\Controllers\AdminControllers))
 3 SYSTEMPATH\CodeIgniter.php(351): CodeIgniter\CodeIgniter->handleRequest(null, Object(Config\Cache), false)
 4 FCPATH\index.php(67): CodeIgniter\CodeIgniter->run()
 5 SYSTEMPATH\Commands\Server\rewrite.php(46): require_once('FCPATH\\index.php')
CRITICAL - 2023-02-09 10:17:08 --> Undefined variable $tb_pay_periode
in APPPATH\Views\admin\datatransaksi.php on line 42.
 1 APPPATH\Views\admin\datatransaksi.php(42): CodeIgniter\Debug\Exceptions->errorHandler(2, 'Undefined variable $tb_pay_periode', 'APPPATH\\Views\\admin\\datatransaksi.php', 42)
 2 SYSTEMPATH\View\View.php(213): include('APPPATH\\Views\\admin\\datatransaksi.php')
 3 SYSTEMPATH\View\View.php(216): CodeIgniter\View\View->CodeIgniter\View\{closure}()
 4 SYSTEMPATH\Common.php(1134): CodeIgniter\View\View->render('admin/datatransaksi', [], true)
 5 APPPATH\Controllers\AdminControllers.php(2177): view('admin/datatransaksi', [...])
 6 SYSTEMPATH\CodeIgniter.php(927): App\Controllers\AdminControllers->listdatatransaksi()
 7 SYSTEMPATH\CodeIgniter.php(482): CodeIgniter\CodeIgniter->runController(Object(App\Controllers\AdminControllers))
 8 SYSTEMPATH\CodeIgniter.php(351): CodeIgniter\CodeIgniter->handleRequest(null, Object(Config\Cache), false)
 9 FCPATH\index.php(67): CodeIgniter\CodeIgniter->run()
10 SYSTEMPATH\Commands\Server\rewrite.php(46): require_once('FCPATH\\index.php')
CRITICAL - 2023-02-09 11:51:03 --> Cannot use object of type stdClass as array
in APPPATH\Views\admin\transaksi.php on line 46.
 1 SYSTEMPATH\View\View.php(213): include()
 2 SYSTEMPATH\View\View.php(216): CodeIgniter\View\View->CodeIgniter\View\{closure}()
 3 SYSTEMPATH\Common.php(1134): CodeIgniter\View\View->render('admin/transaksi', [], true)
 4 APPPATH\Controllers\AdminControllers.php(2139): view('admin/transaksi', [...])
 5 SYSTEMPATH\CodeIgniter.php(927): App\Controllers\AdminControllers->transaksi()
 6 SYSTEMPATH\CodeIgniter.php(482): CodeIgniter\CodeIgniter->runController(Object(App\Controllers\AdminControllers))
 7 SYSTEMPATH\CodeIgniter.php(351): CodeIgniter\CodeIgniter->handleRequest(null, Object(Config\Cache), false)
 8 FCPATH\index.php(67): CodeIgniter\CodeIgniter->run()
 9 SYSTEMPATH\Commands\Server\rewrite.php(46): require_once('FCPATH\\index.php')
ERROR - 2023-02-09 11:54:25 --> mysqli_sql_exception: Unknown column 'updated_at' in 'field list' in C:\xampp\htdocs\ProjectPaket\system\Database\MySQLi\Connection.php:292
Stack trace:
#0 C:\xampp\htdocs\ProjectPaket\system\Database\MySQLi\Connection.php(292): mysqli->query('INSERT INTO `tb...', 0)
#1 C:\xampp\htdocs\ProjectPaket\system\Database\BaseConnection.php(666): CodeIgniter\Database\MySQLi\Connection->execute('INSERT INTO `tb...')
#2 C:\xampp\htdocs\ProjectPaket\system\Database\BaseConnection.php(593): CodeIgniter\Database\BaseConnection->simpleQuery('INSERT INTO `tb...')
#3 C:\xampp\htdocs\ProjectPaket\system\Database\BaseBuilder.php(1916): CodeIgniter\Database\BaseConnection->query('INSERT INTO `tb...', Array, false)
#4 C:\xampp\htdocs\ProjectPaket\system\Model.php(279): CodeIgniter\Database\BaseBuilder->insert()
#5 C:\xampp\htdocs\ProjectPaket\system\BaseModel.php(749): CodeIgniter\Model->doInsert(Array)
#6 C:\xampp\htdocs\ProjectPaket\system\Model.php(667): CodeIgniter\BaseModel->insert(Array, true)
#7 C:\xampp\htdocs\ProjectPaket\app\Controllers\AdminControllers.php(2159): CodeIgniter\Model->insert(Array)
#8 C:\xampp\htdocs\ProjectPaket\system\CodeIgniter.php(927): App\Controllers\AdminControllers->transaksiprocess()
#9 C:\xampp\htdocs\ProjectPaket\system\CodeIgniter.php(482): CodeIgniter\CodeIgniter->runController(Object(App\Controllers\AdminControllers))
#10 C:\xampp\htdocs\ProjectPaket\system\CodeIgniter.php(351): CodeIgniter\CodeIgniter->handleRequest(NULL, Object(Config\Cache), false)
#11 C:\xampp\htdocs\ProjectPaket\public\index.php(67): CodeIgniter\CodeIgniter->run()
#12 C:\xampp\htdocs\ProjectPaket\system\Commands\Server\rewrite.php(46): require_once('C:\\xampp\\htdocs...')
#13 {main}
CRITICAL - 2023-02-09 11:54:25 --> Unknown column 'updated_at' in 'field list'
in SYSTEMPATH\Database\MySQLi\Connection.php on line 292.
 1 SYSTEMPATH\Database\MySQLi\Connection.php(292): mysqli->query('INSERT INTO `tb_transaksi` (`u_id`, `p_id`, `t_qty`, `t_approval_by`, `waktu`, `updated_at`) VALUES (\'3\', \'1\', \'12\', \'1\', \'2023-02-09 11:54:25\', \'2023-02-09 11:54:25\')', 0)
 2 SYSTEMPATH\Database\BaseConnection.php(666): CodeIgniter\Database\MySQLi\Connection->execute('INSERT INTO `tb_transaksi` (`u_id`, `p_id`, `t_qty`, `t_approval_by`, `waktu`, `updated_at`) VALUES (\'3\', \'1\', \'12\', \'1\', \'2023-02-09 11:54:25\', \'2023-02-09 11:54:25\')')
 3 SYSTEMPATH\Database\BaseConnection.php(593): CodeIgniter\Database\BaseConnection->simpleQuery('INSERT INTO `tb_transaksi` (`u_id`, `p_id`, `t_qty`, `t_approval_by`, `waktu`, `updated_at`) VALUES (\'3\', \'1\', \'12\', \'1\', \'2023-02-09 11:54:25\', \'2023-02-09 11:54:25\')')
 4 SYSTEMPATH\Database\BaseBuilder.php(1916): CodeIgniter\Database\BaseConnection->query('INSERT INTO `tb_transaksi` (`u_id`, `p_id`, `t_qty`, `t_approval_by`, `waktu`, `updated_at`) VALUES (:u_id:, :p_id:, :t_qty:, :t_approval_by:, :waktu:, :updated_at:)', [...], false)
 5 SYSTEMPATH\Model.php(279): CodeIgniter\Database\BaseBuilder->insert()
 6 SYSTEMPATH\BaseModel.php(749): CodeIgniter\Model->doInsert([...])
 7 SYSTEMPATH\Model.php(667): CodeIgniter\BaseModel->insert([...], true)
 8 APPPATH\Controllers\AdminControllers.php(2159): CodeIgniter\Model->insert([...])
 9 SYSTEMPATH\CodeIgniter.php(927): App\Controllers\AdminControllers->transaksiprocess()
10 SYSTEMPATH\CodeIgniter.php(482): CodeIgniter\CodeIgniter->runController(Object(App\Controllers\AdminControllers))
11 SYSTEMPATH\CodeIgniter.php(351): CodeIgniter\CodeIgniter->handleRequest(null, Object(Config\Cache), false)
12 FCPATH\index.php(67): CodeIgniter\CodeIgniter->run()
13 SYSTEMPATH\Commands\Server\rewrite.php(46): require_once('FCPATH\\index.php')
CRITICAL - 2023-02-09 12:01:43 --> Undefined array key "p_nama"
in APPPATH\Views\admin\datatransaksi.php on line 55.
 1 APPPATH\Views\admin\datatransaksi.php(55): CodeIgniter\Debug\Exceptions->errorHandler(2, 'Undefined array key "p_nama"', 'APPPATH\\Views\\admin\\datatransaksi.php', 55)
 2 SYSTEMPATH\View\View.php(213): include('APPPATH\\Views\\admin\\datatransaksi.php')
 3 SYSTEMPATH\View\View.php(216): CodeIgniter\View\View->CodeIgniter\View\{closure}()
 4 SYSTEMPATH\Common.php(1134): CodeIgniter\View\View->render('admin/datatransaksi', [], true)
 5 APPPATH\Controllers\AdminControllers.php(2185): view('admin/datatransaksi', [...])
 6 SYSTEMPATH\CodeIgniter.php(927): App\Controllers\AdminControllers->listdatatransaksi()
 7 SYSTEMPATH\CodeIgniter.php(482): CodeIgniter\CodeIgniter->runController(Object(App\Controllers\AdminControllers))
 8 SYSTEMPATH\CodeIgniter.php(351): CodeIgniter\CodeIgniter->handleRequest(null, Object(Config\Cache), false)
 9 FCPATH\index.php(67): CodeIgniter\CodeIgniter->run()
10 SYSTEMPATH\Commands\Server\rewrite.php(46): require_once('FCPATH\\index.php')
CRITICAL - 2023-02-09 12:04:50 --> Undefined variable $tb_pay_periode
in APPPATH\Views\admin\transaksiedit.php on line 36.
 1 APPPATH\Views\admin\transaksiedit.php(36): CodeIgniter\Debug\Exceptions->errorHandler(2, 'Undefined variable $tb_pay_periode', 'APPPATH\\Views\\admin\\transaksiedit.php', 36)
 2 SYSTEMPATH\View\View.php(213): include('APPPATH\\Views\\admin\\transaksiedit.php')
 3 SYSTEMPATH\View\View.php(216): CodeIgniter\View\View->CodeIgniter\View\{closure}()
 4 SYSTEMPATH\Common.php(1134): CodeIgniter\View\View->render('admin/transaksiedit', [], true)
 5 APPPATH\Controllers\AdminControllers.php(2236): view('admin/transaksiedit', [...])
 6 SYSTEMPATH\CodeIgniter.php(927): App\Controllers\AdminControllers->edittransaksi('1')
 7 SYSTEMPATH\CodeIgniter.php(482): CodeIgniter\CodeIgniter->runController(Object(App\Controllers\AdminControllers))
 8 SYSTEMPATH\CodeIgniter.php(351): CodeIgniter\CodeIgniter->handleRequest(null, Object(Config\Cache), false)
 9 FCPATH\index.php(67): CodeIgniter\CodeIgniter->run()
10 SYSTEMPATH\Commands\Server\rewrite.php(46): require_once('FCPATH\\index.php')
CRITICAL - 2023-02-09 12:05:45 --> Undefined array key "pe_id"
in APPPATH\Views\admin\transaksiedit.php on line 36.
 1 APPPATH\Views\admin\transaksiedit.php(36): CodeIgniter\Debug\Exceptions->errorHandler(2, 'Undefined array key "pe_id"', 'APPPATH\\Views\\admin\\transaksiedit.php', 36)
 2 SYSTEMPATH\View\View.php(213): include('APPPATH\\Views\\admin\\transaksiedit.php')
 3 SYSTEMPATH\View\View.php(216): CodeIgniter\View\View->CodeIgniter\View\{closure}()
 4 SYSTEMPATH\Common.php(1134): CodeIgniter\View\View->render('admin/transaksiedit', [], true)
 5 APPPATH\Controllers\AdminControllers.php(2236): view('admin/transaksiedit', [...])
 6 SYSTEMPATH\CodeIgniter.php(927): App\Controllers\AdminControllers->edittransaksi('1')
 7 SYSTEMPATH\CodeIgniter.php(482): CodeIgniter\CodeIgniter->runController(Object(App\Controllers\AdminControllers))
 8 SYSTEMPATH\CodeIgniter.php(351): CodeIgniter\CodeIgniter->handleRequest(null, Object(Config\Cache), false)
 9 FCPATH\index.php(67): CodeIgniter\CodeIgniter->run()
10 SYSTEMPATH\Commands\Server\rewrite.php(46): require_once('FCPATH\\index.php')
CRITICAL - 2023-02-09 12:23:28 --> Trying to access array offset on value of type null
in APPPATH\Views\admin\transaksiedit.php on line 36.
 1 APPPATH\Views\admin\transaksiedit.php(36): CodeIgniter\Debug\Exceptions->errorHandler(2, 'Trying to access array offset on value of type null', 'APPPATH\\Views\\admin\\transaksiedit.php', 36)
 2 SYSTEMPATH\View\View.php(213): include('APPPATH\\Views\\admin\\transaksiedit.php')
 3 SYSTEMPATH\View\View.php(216): CodeIgniter\View\View->CodeIgniter\View\{closure}()
 4 SYSTEMPATH\Common.php(1134): CodeIgniter\View\View->render('admin/transaksiedit', [], true)
 5 APPPATH\Controllers\AdminControllers.php(2236): view('admin/transaksiedit', [...])
 6 SYSTEMPATH\CodeIgniter.php(927): App\Controllers\AdminControllers->edittransaksi('3')
 7 SYSTEMPATH\CodeIgniter.php(482): CodeIgniter\CodeIgniter->runController(Object(App\Controllers\AdminControllers))
 8 SYSTEMPATH\CodeIgniter.php(351): CodeIgniter\CodeIgniter->handleRequest(null, Object(Config\Cache), false)
 9 FCPATH\index.php(67): CodeIgniter\CodeIgniter->run()
10 SYSTEMPATH\Commands\Server\rewrite.php(46): require_once('FCPATH\\index.php')
CRITICAL - 2023-02-09 12:24:22 --> Trying to access array offset on value of type null
in APPPATH\Views\admin\transaksiedit.php on line 36.
 1 APPPATH\Views\admin\transaksiedit.php(36): CodeIgniter\Debug\Exceptions->errorHandler(2, 'Trying to access array offset on value of type null', 'APPPATH\\Views\\admin\\transaksiedit.php', 36)
 2 SYSTEMPATH\View\View.php(213): include('APPPATH\\Views\\admin\\transaksiedit.php')
 3 SYSTEMPATH\View\View.php(216): CodeIgniter\View\View->CodeIgniter\View\{closure}()
 4 SYSTEMPATH\Common.php(1134): CodeIgniter\View\View->render('admin/transaksiedit', [], true)
 5 APPPATH\Controllers\AdminControllers.php(2236): view('admin/transaksiedit', [...])
 6 SYSTEMPATH\CodeIgniter.php(927): App\Controllers\AdminControllers->edittransaksi('3')
 7 SYSTEMPATH\CodeIgniter.php(482): CodeIgniter\CodeIgniter->runController(Object(App\Controllers\AdminControllers))
 8 SYSTEMPATH\CodeIgniter.php(351): CodeIgniter\CodeIgniter->handleRequest(null, Object(Config\Cache), false)
 9 FCPATH\index.php(67): CodeIgniter\CodeIgniter->run()
10 SYSTEMPATH\Commands\Server\rewrite.php(46): require_once('FCPATH\\index.php')
CRITICAL - 2023-02-09 12:25:28 --> Trying to access array offset on value of type null
in APPPATH\Views\admin\transaksiedit.php on line 36.
 1 APPPATH\Views\admin\transaksiedit.php(36): CodeIgniter\Debug\Exceptions->errorHandler(2, 'Trying to access array offset on value of type null', 'APPPATH\\Views\\admin\\transaksiedit.php', 36)
 2 SYSTEMPATH\View\View.php(213): include('APPPATH\\Views\\admin\\transaksiedit.php')
 3 SYSTEMPATH\View\View.php(216): CodeIgniter\View\View->CodeIgniter\View\{closure}()
 4 SYSTEMPATH\Common.php(1134): CodeIgniter\View\View->render('admin/transaksiedit', [], true)
 5 APPPATH\Controllers\AdminControllers.php(2236): view('admin/transaksiedit', [...])
 6 SYSTEMPATH\CodeIgniter.php(927): App\Controllers\AdminControllers->edittransaksi('3')
 7 SYSTEMPATH\CodeIgniter.php(482): CodeIgniter\CodeIgniter->runController(Object(App\Controllers\AdminControllers))
 8 SYSTEMPATH\CodeIgniter.php(351): CodeIgniter\CodeIgniter->handleRequest(null, Object(Config\Cache), false)
 9 FCPATH\index.php(67): CodeIgniter\CodeIgniter->run()
10 SYSTEMPATH\Commands\Server\rewrite.php(46): require_once('FCPATH\\index.php')
CRITICAL - 2023-02-09 12:25:57 --> Trying to access array offset on value of type null
in APPPATH\Views\admin\transaksiedit.php on line 41.
 1 APPPATH\Views\admin\transaksiedit.php(41): CodeIgniter\Debug\Exceptions->errorHandler(2, 'Trying to access array offset on value of type null', 'APPPATH\\Views\\admin\\transaksiedit.php', 41)
 2 SYSTEMPATH\View\View.php(213): include('APPPATH\\Views\\admin\\transaksiedit.php')
 3 SYSTEMPATH\View\View.php(216): CodeIgniter\View\View->CodeIgniter\View\{closure}()
 4 SYSTEMPATH\Common.php(1134): CodeIgniter\View\View->render('admin/transaksiedit', [], true)
 5 APPPATH\Controllers\AdminControllers.php(2236): view('admin/transaksiedit', [...])
 6 SYSTEMPATH\CodeIgniter.php(927): App\Controllers\AdminControllers->edittransaksi('3')
 7 SYSTEMPATH\CodeIgniter.php(482): CodeIgniter\CodeIgniter->runController(Object(App\Controllers\AdminControllers))
 8 SYSTEMPATH\CodeIgniter.php(351): CodeIgniter\CodeIgniter->handleRequest(null, Object(Config\Cache), false)
 9 FCPATH\index.php(67): CodeIgniter\CodeIgniter->run()
10 SYSTEMPATH\Commands\Server\rewrite.php(46): require_once('FCPATH\\index.php')
CRITICAL - 2023-02-09 12:25:58 --> Trying to access array offset on value of type null
in APPPATH\Views\admin\transaksiedit.php on line 41.
 1 APPPATH\Views\admin\transaksiedit.php(41): CodeIgniter\Debug\Exceptions->errorHandler(2, 'Trying to access array offset on value of type null', 'APPPATH\\Views\\admin\\transaksiedit.php', 41)
 2 SYSTEMPATH\View\View.php(213): include('APPPATH\\Views\\admin\\transaksiedit.php')
 3 SYSTEMPATH\View\View.php(216): CodeIgniter\View\View->CodeIgniter\View\{closure}()
 4 SYSTEMPATH\Common.php(1134): CodeIgniter\View\View->render('admin/transaksiedit', [], true)
 5 APPPATH\Controllers\AdminControllers.php(2236): view('admin/transaksiedit', [...])
 6 SYSTEMPATH\CodeIgniter.php(927): App\Controllers\AdminControllers->edittransaksi('3')
 7 SYSTEMPATH\CodeIgniter.php(482): CodeIgniter\CodeIgniter->runController(Object(App\Controllers\AdminControllers))
 8 SYSTEMPATH\CodeIgniter.php(351): CodeIgniter\CodeIgniter->handleRequest(null, Object(Config\Cache), false)
 9 FCPATH\index.php(67): CodeIgniter\CodeIgniter->run()
10 SYSTEMPATH\Commands\Server\rewrite.php(46): require_once('FCPATH\\index.php')
CRITICAL - 2023-02-09 12:26:11 --> Trying to access array offset on value of type null
in APPPATH\Views\admin\transaksiedit.php on line 36.
 1 APPPATH\Views\admin\transaksiedit.php(36): CodeIgniter\Debug\Exceptions->errorHandler(2, 'Trying to access array offset on value of type null', 'APPPATH\\Views\\admin\\transaksiedit.php', 36)
 2 SYSTEMPATH\View\View.php(213): include('APPPATH\\Views\\admin\\transaksiedit.php')
 3 SYSTEMPATH\View\View.php(216): CodeIgniter\View\View->CodeIgniter\View\{closure}()
 4 SYSTEMPATH\Common.php(1134): CodeIgniter\View\View->render('admin/transaksiedit', [], true)
 5 APPPATH\Controllers\AdminControllers.php(2236): view('admin/transaksiedit', [...])
 6 SYSTEMPATH\CodeIgniter.php(927): App\Controllers\AdminControllers->edittransaksi('3')
 7 SYSTEMPATH\CodeIgniter.php(482): CodeIgniter\CodeIgniter->runController(Object(App\Controllers\AdminControllers))
 8 SYSTEMPATH\CodeIgniter.php(351): CodeIgniter\CodeIgniter->handleRequest(null, Object(Config\Cache), false)
 9 FCPATH\index.php(67): CodeIgniter\CodeIgniter->run()
10 SYSTEMPATH\Commands\Server\rewrite.php(46): require_once('FCPATH\\index.php')
CRITICAL - 2023-02-09 12:26:41 --> Trying to access array offset on value of type null
in APPPATH\Views\admin\transaksiedit.php on line 36.
 1 APPPATH\Views\admin\transaksiedit.php(36): CodeIgniter\Debug\Exceptions->errorHandler(2, 'Trying to access array offset on value of type null', 'APPPATH\\Views\\admin\\transaksiedit.php', 36)
 2 SYSTEMPATH\View\View.php(213): include('APPPATH\\Views\\admin\\transaksiedit.php')
 3 SYSTEMPATH\View\View.php(216): CodeIgniter\View\View->CodeIgniter\View\{closure}()
 4 SYSTEMPATH\Common.php(1134): CodeIgniter\View\View->render('admin/transaksiedit', [], true)
 5 APPPATH\Controllers\AdminControllers.php(2236): view('admin/transaksiedit', [...])
 6 SYSTEMPATH\CodeIgniter.php(927): App\Controllers\AdminControllers->edittransaksi('3')
 7 SYSTEMPATH\CodeIgniter.php(482): CodeIgniter\CodeIgniter->runController(Object(App\Controllers\AdminControllers))
 8 SYSTEMPATH\CodeIgniter.php(351): CodeIgniter\CodeIgniter->handleRequest(null, Object(Config\Cache), false)
 9 FCPATH\index.php(67): CodeIgniter\CodeIgniter->run()
10 SYSTEMPATH\Commands\Server\rewrite.php(46): require_once('FCPATH\\index.php')
CRITICAL - 2023-02-09 12:54:21 --> Undefined array key "s_nama"
in APPPATH\Controllers\AdminControllers.php on line 2300.
 1 APPPATH\Controllers\AdminControllers.php(2300): CodeIgniter\Debug\Exceptions->errorHandler(2, 'Undefined array key "s_nama"', 'APPPATH\\Controllers\\AdminControllers.php', 2300)
 2 SYSTEMPATH\CodeIgniter.php(927): App\Controllers\AdminControllers->ExportDataExceltransaksi()
 3 SYSTEMPATH\CodeIgniter.php(482): CodeIgniter\CodeIgniter->runController(Object(App\Controllers\AdminControllers))
 4 SYSTEMPATH\CodeIgniter.php(351): CodeIgniter\CodeIgniter->handleRequest(null, Object(Config\Cache), false)
 5 FCPATH\index.php(67): CodeIgniter\CodeIgniter->run()
 6 SYSTEMPATH\Commands\Server\rewrite.php(46): require_once('FCPATH\\index.php')
CRITICAL - 2023-02-09 12:54:39 --> Undefined array key "U_nama"
in APPPATH\Controllers\AdminControllers.php on line 2300.
 1 APPPATH\Controllers\AdminControllers.php(2300): CodeIgniter\Debug\Exceptions->errorHandler(2, 'Undefined array key "U_nama"', 'APPPATH\\Controllers\\AdminControllers.php', 2300)
 2 SYSTEMPATH\CodeIgniter.php(927): App\Controllers\AdminControllers->ExportDataExceltransaksi()
 3 SYSTEMPATH\CodeIgniter.php(482): CodeIgniter\CodeIgniter->runController(Object(App\Controllers\AdminControllers))
 4 SYSTEMPATH\CodeIgniter.php(351): CodeIgniter\CodeIgniter->handleRequest(null, Object(Config\Cache), false)
 5 FCPATH\index.php(67): CodeIgniter\CodeIgniter->run()
 6 SYSTEMPATH\Commands\Server\rewrite.php(46): require_once('FCPATH\\index.php')
CRITICAL - 2023-02-09 20:24:45 --> Undefined variable $tb_transaksi
in APPPATH\Views\admin\datacicilan.php on line 50.
 1 APPPATH\Views\admin\datacicilan.php(50): CodeIgniter\Debug\Exceptions->errorHandler(2, 'Undefined variable $tb_transaksi', 'APPPATH\\Views\\admin\\datacicilan.php', 50)
 2 SYSTEMPATH\View\View.php(213): include('APPPATH\\Views\\admin\\datacicilan.php')
 3 SYSTEMPATH\View\View.php(216): CodeIgniter\View\View->CodeIgniter\View\{closure}()
 4 SYSTEMPATH\Common.php(1134): CodeIgniter\View\View->render('admin/datacicilan', [], true)
 5 APPPATH\Controllers\AdminControllers.php(2452): view('admin/datacicilan', [...])
 6 SYSTEMPATH\CodeIgniter.php(927): App\Controllers\AdminControllers->listdatacicilan()
 7 SYSTEMPATH\CodeIgniter.php(482): CodeIgniter\CodeIgniter->runController(Object(App\Controllers\AdminControllers))
 8 SYSTEMPATH\CodeIgniter.php(351): CodeIgniter\CodeIgniter->handleRequest(null, Object(Config\Cache), false)
 9 FCPATH\index.php(67): CodeIgniter\CodeIgniter->run()
10 SYSTEMPATH\Commands\Server\rewrite.php(46): require_once('FCPATH\\index.php')
CRITICAL - 2023-02-09 21:03:39 --> Trying to access array offset on value of type null
in APPPATH\Views\admin\cicilanedit.php on line 36.
 1 APPPATH\Views\admin\cicilanedit.php(36): CodeIgniter\Debug\Exceptions->errorHandler(2, 'Trying to access array offset on value of type null', 'APPPATH\\Views\\admin\\cicilanedit.php', 36)
 2 SYSTEMPATH\View\View.php(213): include('APPPATH\\Views\\admin\\cicilanedit.php')
 3 SYSTEMPATH\View\View.php(216): CodeIgniter\View\View->CodeIgniter\View\{closure}()
 4 SYSTEMPATH\Common.php(1134): CodeIgniter\View\View->render('admin/cicilanedit', [], true)
 5 APPPATH\Controllers\AdminControllers.php(2532): view('admin/cicilanedit', [...])
 6 SYSTEMPATH\CodeIgniter.php(927): App\Controllers\AdminControllers->editcicilan('1')
 7 SYSTEMPATH\CodeIgniter.php(482): CodeIgniter\CodeIgniter->runController(Object(App\Controllers\AdminControllers))
 8 SYSTEMPATH\CodeIgniter.php(351): CodeIgniter\CodeIgniter->handleRequest(null, Object(Config\Cache), false)
 9 FCPATH\index.php(67): CodeIgniter\CodeIgniter->run()
10 SYSTEMPATH\Commands\Server\rewrite.php(46): require_once('FCPATH\\index.php')
