CRITICAL - 2023-04-03 13:03:46 --> The route for "admin/formsregister/datauser" cannot be found.
in SYSTEMPATH\HTTP\RedirectResponse.php on line 60.
 1 SYSTEMPATH\HTTP\RedirectResponse.php(60): CodeIgniter\HTTP\Exceptions\HTTPException::forInvalidRedirectRoute('admin/formsregister/datauser')
 2 SYSTEMPATH\Common.php(860): CodeIgniter\HTTP\RedirectResponse->route(false)
 3 APPPATH\Controllers\AdminControllers.php(487): redirect('admin/formsregister/datauser')
 4 SYSTEMPATH\CodeIgniter.php(927): App\Controllers\AdminControllers->edituser('2')
 5 SYSTEMPATH\CodeIgniter.php(482): CodeIgniter\CodeIgniter->runController(Object(App\Controllers\AdminControllers))
 6 SYSTEMPATH\CodeIgniter.php(351): CodeIgniter\CodeIgniter->handleRequest(null, Object(Config\Cache), false)
 7 FCPATH\index.php(67): CodeIgniter\CodeIgniter->run()
 8 SYSTEMPATH\Commands\Server\rewrite.php(46): require_once('FCPATH\\index.php')
CRITICAL - 2023-04-03 13:10:34 --> Undefined array key "u_password"
in APPPATH\Views\admin\DatabaseUser\registeredituser.php on line 58.
 1 APPPATH\Views\admin\DatabaseUser\registeredituser.php(58): CodeIgniter\Debug\Exceptions->errorHandler(2, 'Undefined array key "u_password"', 'APPPATH\\Views\\admin\\DatabaseUser\\registeredituser.php', 58)
 2 SYSTEMPATH\View\View.php(213): include('APPPATH\\Views\\admin\\DatabaseUser\\registeredituser.php')
 3 SYSTEMPATH\View\View.php(216): CodeIgniter\View\View->CodeIgniter\View\{closure}()
 4 SYSTEMPATH\Common.php(1134): CodeIgniter\View\View->render('admin/DatabaseUser/registeredituser', [], true)
 5 APPPATH\Controllers\AdminControllers.php(494): view('admin/DatabaseUser/registeredituser', [...])
 6 SYSTEMPATH\CodeIgniter.php(927): App\Controllers\AdminControllers->edituser('2')
 7 SYSTEMPATH\CodeIgniter.php(482): CodeIgniter\CodeIgniter->runController(Object(App\Controllers\AdminControllers))
 8 SYSTEMPATH\CodeIgniter.php(351): CodeIgniter\CodeIgniter->handleRequest(null, Object(Config\Cache), false)
 9 FCPATH\index.php(67): CodeIgniter\CodeIgniter->run()
10 SYSTEMPATH\Commands\Server\rewrite.php(46): require_once('FCPATH\\index.php')
CRITICAL - 2023-04-03 13:12:07 --> Undefined array key "u_password"
in APPPATH\Views\admin\DatabaseUser\registeredituser.php on line 58.
 1 APPPATH\Views\admin\DatabaseUser\registeredituser.php(58): CodeIgniter\Debug\Exceptions->errorHandler(2, 'Undefined array key "u_password"', 'APPPATH\\Views\\admin\\DatabaseUser\\registeredituser.php', 58)
 2 SYSTEMPATH\View\View.php(213): include('APPPATH\\Views\\admin\\DatabaseUser\\registeredituser.php')
 3 SYSTEMPATH\View\View.php(216): CodeIgniter\View\View->CodeIgniter\View\{closure}()
 4 SYSTEMPATH\Common.php(1134): CodeIgniter\View\View->render('admin/DatabaseUser/registeredituser', [], true)
 5 APPPATH\Controllers\AdminControllers.php(494): view('admin/DatabaseUser/registeredituser', [...])
 6 SYSTEMPATH\CodeIgniter.php(927): App\Controllers\AdminControllers->edituser('2')
 7 SYSTEMPATH\CodeIgniter.php(482): CodeIgniter\CodeIgniter->runController(Object(App\Controllers\AdminControllers))
 8 SYSTEMPATH\CodeIgniter.php(351): CodeIgniter\CodeIgniter->handleRequest(null, Object(Config\Cache), false)
 9 FCPATH\index.php(67): CodeIgniter\CodeIgniter->run()
10 SYSTEMPATH\Commands\Server\rewrite.php(46): require_once('FCPATH\\index.php')
CRITICAL - 2023-04-03 13:23:07 --> password_verify() expects exactly 2 arguments, 1 given
in APPPATH\Views\admin\DatabaseUser\registeredituser.php on line 58.
 1 APPPATH\Views\admin\DatabaseUser\registeredituser.php(58): password_verify('$2y$10$dWRQEc39Vb7eqvI8g5mMde2ErZ7kBPQ2UGHSRDz8mFoJoNJW8IzXS')
 2 SYSTEMPATH\View\View.php(213): include('APPPATH\\Views\\admin\\DatabaseUser\\registeredituser.php')
 3 SYSTEMPATH\View\View.php(216): CodeIgniter\View\View->CodeIgniter\View\{closure}()
 4 SYSTEMPATH\Common.php(1134): CodeIgniter\View\View->render('admin/DatabaseUser/registeredituser', [], true)
 5 APPPATH\Controllers\AdminControllers.php(494): view('admin/DatabaseUser/registeredituser', [...])
 6 SYSTEMPATH\CodeIgniter.php(927): App\Controllers\AdminControllers->edituser('2')
 7 SYSTEMPATH\CodeIgniter.php(482): CodeIgniter\CodeIgniter->runController(Object(App\Controllers\AdminControllers))
 8 SYSTEMPATH\CodeIgniter.php(351): CodeIgniter\CodeIgniter->handleRequest(null, Object(Config\Cache), false)
 9 FCPATH\index.php(67): CodeIgniter\CodeIgniter->run()
10 SYSTEMPATH\Commands\Server\rewrite.php(46): require_once('FCPATH\\index.php')
CRITICAL - 2023-04-03 13:36:37 --> Call to a member function get() on string
in APPPATH\Controllers\CoordinatorControllers.php on line 380.
 1 SYSTEMPATH\CodeIgniter.php(927): App\Controllers\CoordinatorControllers->listdatauser()
 2 SYSTEMPATH\CodeIgniter.php(482): CodeIgniter\CodeIgniter->runController(Object(App\Controllers\CoordinatorControllers))
 3 SYSTEMPATH\CodeIgniter.php(351): CodeIgniter\CodeIgniter->handleRequest(null, Object(Config\Cache), false)
 4 FCPATH\index.php(67): CodeIgniter\CodeIgniter->run()
 5 SYSTEMPATH\Commands\Server\rewrite.php(46): require_once('FCPATH\\index.php')
CRITICAL - 2023-04-03 13:37:25 --> Call to a member function get() on string
in APPPATH\Controllers\CoordinatorControllers.php on line 380.
 1 SYSTEMPATH\CodeIgniter.php(927): App\Controllers\CoordinatorControllers->listdatauser()
 2 SYSTEMPATH\CodeIgniter.php(482): CodeIgniter\CodeIgniter->runController(Object(App\Controllers\CoordinatorControllers))
 3 SYSTEMPATH\CodeIgniter.php(351): CodeIgniter\CodeIgniter->handleRequest(null, Object(Config\Cache), false)
 4 FCPATH\index.php(67): CodeIgniter\CodeIgniter->run()
 5 SYSTEMPATH\Commands\Server\rewrite.php(46): require_once('FCPATH\\index.php')
CRITICAL - 2023-04-03 13:37:28 --> Call to a member function get() on string
in APPPATH\Controllers\CoordinatorControllers.php on line 380.
 1 SYSTEMPATH\CodeIgniter.php(927): App\Controllers\CoordinatorControllers->listdatauser()
 2 SYSTEMPATH\CodeIgniter.php(482): CodeIgniter\CodeIgniter->runController(Object(App\Controllers\CoordinatorControllers))
 3 SYSTEMPATH\CodeIgniter.php(351): CodeIgniter\CodeIgniter->handleRequest(null, Object(Config\Cache), false)
 4 FCPATH\index.php(67): CodeIgniter\CodeIgniter->run()
 5 SYSTEMPATH\Commands\Server\rewrite.php(46): require_once('FCPATH\\index.php')
CRITICAL - 2023-04-03 13:37:30 --> Call to a member function get() on string
in APPPATH\Controllers\CoordinatorControllers.php on line 380.
 1 SYSTEMPATH\CodeIgniter.php(927): App\Controllers\CoordinatorControllers->listdatauser()
 2 SYSTEMPATH\CodeIgniter.php(482): CodeIgniter\CodeIgniter->runController(Object(App\Controllers\CoordinatorControllers))
 3 SYSTEMPATH\CodeIgniter.php(351): CodeIgniter\CodeIgniter->handleRequest(null, Object(Config\Cache), false)
 4 FCPATH\index.php(67): CodeIgniter\CodeIgniter->run()
 5 SYSTEMPATH\Commands\Server\rewrite.php(46): require_once('FCPATH\\index.php')
CRITICAL - 2023-04-03 13:50:39 --> Call to a member function get() on string
in APPPATH\Views\coordinator\DatabaseUser\registeruser.php on line 102.
 1 SYSTEMPATH\View\View.php(213): include()
 2 SYSTEMPATH\View\View.php(216): CodeIgniter\View\View->CodeIgniter\View\{closure}()
 3 SYSTEMPATH\Common.php(1134): CodeIgniter\View\View->render('coordinator/DatabaseUser/registeruser', [], true)
 4 APPPATH\Controllers\CoordinatorControllers.php(187): view('coordinator/DatabaseUser/registeruser', [...])
 5 SYSTEMPATH\CodeIgniter.php(927): App\Controllers\CoordinatorControllers->registeruser()
 6 SYSTEMPATH\CodeIgniter.php(482): CodeIgniter\CodeIgniter->runController(Object(App\Controllers\CoordinatorControllers))
 7 SYSTEMPATH\CodeIgniter.php(351): CodeIgniter\CodeIgniter->handleRequest(null, Object(Config\Cache), false)
 8 FCPATH\index.php(67): CodeIgniter\CodeIgniter->run()
 9 SYSTEMPATH\Commands\Server\rewrite.php(46): require_once('FCPATH\\index.php')
CRITICAL - 2023-04-03 14:31:04 --> Cannot use object of type stdClass as array
in APPPATH\Views\coordinator\DatabaseUser\registeruser.php on line 100.
 1 SYSTEMPATH\View\View.php(213): include()
 2 SYSTEMPATH\View\View.php(216): CodeIgniter\View\View->CodeIgniter\View\{closure}()
 3 SYSTEMPATH\Common.php(1134): CodeIgniter\View\View->render('coordinator/DatabaseUser/registeruser', [], true)
 4 APPPATH\Controllers\CoordinatorControllers.php(187): view('coordinator/DatabaseUser/registeruser', [...])
 5 SYSTEMPATH\CodeIgniter.php(927): App\Controllers\CoordinatorControllers->registeruser()
 6 SYSTEMPATH\CodeIgniter.php(482): CodeIgniter\CodeIgniter->runController(Object(App\Controllers\CoordinatorControllers))
 7 SYSTEMPATH\CodeIgniter.php(351): CodeIgniter\CodeIgniter->handleRequest(null, Object(Config\Cache), false)
 8 FCPATH\index.php(67): CodeIgniter\CodeIgniter->run()
 9 SYSTEMPATH\Commands\Server\rewrite.php(46): require_once('FCPATH\\index.php')
CRITICAL - 2023-04-03 21:54:14 --> The route for "admin/databarang/datapackagingbarang" cannot be found.
in SYSTEMPATH\HTTP\RedirectResponse.php on line 60.
 1 SYSTEMPATH\HTTP\RedirectResponse.php(60): CodeIgniter\HTTP\Exceptions\HTTPException::forInvalidRedirectRoute('admin/databarang/datapackagingbarang')
 2 SYSTEMPATH\Common.php(860): CodeIgniter\HTTP\RedirectResponse->route(false)
 3 APPPATH\Controllers\AdminControllers.php(1145): redirect('admin/databarang/datapackagingbarang')
 4 SYSTEMPATH\CodeIgniter.php(927): App\Controllers\AdminControllers->ImportFileExcelpackingbarang()
 5 SYSTEMPATH\CodeIgniter.php(482): CodeIgniter\CodeIgniter->runController(Object(App\Controllers\AdminControllers))
 6 SYSTEMPATH\CodeIgniter.php(351): CodeIgniter\CodeIgniter->handleRequest(null, Object(Config\Cache), false)
 7 FCPATH\index.php(67): CodeIgniter\CodeIgniter->run()
 8 SYSTEMPATH\Commands\Server\rewrite.php(46): require_once('FCPATH\\index.php')
