CRITICAL - 2023-03-30 16:46:37 --> Undefined array key "pe_id"
in APPPATH\Views\admin\DatabaseBarang\PaketBarang\datapaketbarang.php on line 59.
 1 APPPATH\Views\admin\DatabaseBarang\PaketBarang\datapaketbarang.php(59): CodeIgniter\Debug\Exceptions->errorHandler(2, 'Undefined array key "pe_id"', 'APPPATH\\Views\\admin\\DatabaseBarang\\PaketBarang\\datapaketbarang.php', 59)
 2 SYSTEMPATH\View\View.php(213): include('APPPATH\\Views\\admin\\DatabaseBarang\\PaketBarang\\datapaketbarang.php')
 3 SYSTEMPATH\View\View.php(216): CodeIgniter\View\View->CodeIgniter\View\{closure}()
 4 SYSTEMPATH\Common.php(1134): CodeIgniter\View\View->render('admin/DatabaseBarang/PaketBarang/datapaketbarang', [], true)
 5 APPPATH\Controllers\AdminControllers.php(1319): view('admin/DatabaseBarang/PaketBarang/datapaketbarang', [...])
 6 SYSTEMPATH\CodeIgniter.php(927): App\Controllers\AdminControllers->listdatapaketbarang()
 7 SYSTEMPATH\CodeIgniter.php(482): CodeIgniter\CodeIgniter->runController(Object(App\Controllers\AdminControllers))
 8 SYSTEMPATH\CodeIgniter.php(351): CodeIgniter\CodeIgniter->handleRequest(null, Object(Config\Cache), false)
 9 FCPATH\index.php(67): CodeIgniter\CodeIgniter->run()
10 SYSTEMPATH\Commands\Server\rewrite.php(46): require_once('FCPATH\\index.php')
CRITICAL - 2023-03-30 16:56:55 --> Undefined array key "p_nama"
in APPPATH\Controllers\AdminControllers.php on line 77.
 1 APPPATH\Controllers\AdminControllers.php(77): CodeIgniter\Debug\Exceptions->errorHandler(2, 'Undefined array key "p_nama"', 'APPPATH\\Controllers\\AdminControllers.php', 77)
 2 SYSTEMPATH\CodeIgniter.php(927): App\Controllers\AdminControllers->PaketCicilan()
 3 SYSTEMPATH\CodeIgniter.php(482): CodeIgniter\CodeIgniter->runController(Object(App\Controllers\AdminControllers))
 4 SYSTEMPATH\CodeIgniter.php(351): CodeIgniter\CodeIgniter->handleRequest(null, Object(Config\Cache), false)
 5 FCPATH\index.php(67): CodeIgniter\CodeIgniter->run()
 6 SYSTEMPATH\Commands\Server\rewrite.php(46): require_once('FCPATH\\index.php')
CRITICAL - 2023-03-30 20:09:31 --> Cannot use empty array elements in arrays
in APPPATH\Controllers\AdminControllers.php on line 1795.
 1 [internal function]: CodeIgniter\Debug\Exceptions->shutdownHandler()
ERROR - 2023-03-30 20:10:00 --> mysqli_sql_exception: Unknown column 'updated_at' in 'field list' in C:\xampp\htdocs\ProjectPaketFinally\system\Database\MySQLi\Connection.php:292
Stack trace:
#0 C:\xampp\htdocs\ProjectPaketFinally\system\Database\MySQLi\Connection.php(292): mysqli->query('INSERT INTO `tb...', 0)
#1 C:\xampp\htdocs\ProjectPaketFinally\system\Database\BaseConnection.php(666): CodeIgniter\Database\MySQLi\Connection->execute('INSERT INTO `tb...')
#2 C:\xampp\htdocs\ProjectPaketFinally\system\Database\BaseConnection.php(593): CodeIgniter\Database\BaseConnection->simpleQuery('INSERT INTO `tb...')
#3 C:\xampp\htdocs\ProjectPaketFinally\system\Database\BaseBuilder.php(1916): CodeIgniter\Database\BaseConnection->query('INSERT INTO `tb...', Array, false)
#4 C:\xampp\htdocs\ProjectPaketFinally\system\Model.php(279): CodeIgniter\Database\BaseBuilder->insert()
#5 C:\xampp\htdocs\ProjectPaketFinally\system\BaseModel.php(749): CodeIgniter\Model->doInsert(Array)
#6 C:\xampp\htdocs\ProjectPaketFinally\system\Model.php(667): CodeIgniter\BaseModel->insert(Array, true)
#7 C:\xampp\htdocs\ProjectPaketFinally\app\Controllers\AdminControllers.php(1798): CodeIgniter\Model->insert(Array)
#8 C:\xampp\htdocs\ProjectPaketFinally\system\CodeIgniter.php(927): App\Controllers\AdminControllers->transaksiprocess()
#9 C:\xampp\htdocs\ProjectPaketFinally\system\CodeIgniter.php(482): CodeIgniter\CodeIgniter->runController(Object(App\Controllers\AdminControllers))
#10 C:\xampp\htdocs\ProjectPaketFinally\system\CodeIgniter.php(351): CodeIgniter\CodeIgniter->handleRequest(NULL, Object(Config\Cache), false)
#11 C:\xampp\htdocs\ProjectPaketFinally\public\index.php(67): CodeIgniter\CodeIgniter->run()
#12 C:\xampp\htdocs\ProjectPaketFinally\system\Commands\Server\rewrite.php(46): require_once('C:\\xampp\\htdocs...')
#13 {main}
CRITICAL - 2023-03-30 20:10:00 --> Unknown column 'updated_at' in 'field list'
in SYSTEMPATH\Database\MySQLi\Connection.php on line 292.
 1 SYSTEMPATH\Database\MySQLi\Connection.php(292): mysqli->query('INSERT INTO `tb_cicilan` (`u_id`, `p_id`, `t_id`, `pe_id`, `c_total_cicilan`, `c_total_biaya`, `created_at`, `updated_at`) VALUES (\'2\', \'34\', 18, \'4\', 3250000, 3250000, \'2023-03-30 20:10:00\', \'2023-03-30 20:10:00\')', 0)
 2 SYSTEMPATH\Database\BaseConnection.php(666): CodeIgniter\Database\MySQLi\Connection->execute('INSERT INTO `tb_cicilan` (`u_id`, `p_id`, `t_id`, `pe_id`, `c_total_cicilan`, `c_total_biaya`, `created_at`, `updated_at`) VALUES (\'2\', \'34\', 18, \'4\', 3250000, 3250000, \'2023-03-30 20:10:00\', \'2023-03-30 20:10:00\')')
 3 SYSTEMPATH\Database\BaseConnection.php(593): CodeIgniter\Database\BaseConnection->simpleQuery('INSERT INTO `tb_cicilan` (`u_id`, `p_id`, `t_id`, `pe_id`, `c_total_cicilan`, `c_total_biaya`, `created_at`, `updated_at`) VALUES (\'2\', \'34\', 18, \'4\', 3250000, 3250000, \'2023-03-30 20:10:00\', \'2023-03-30 20:10:00\')')
 4 SYSTEMPATH\Database\BaseBuilder.php(1916): CodeIgniter\Database\BaseConnection->query('INSERT INTO `tb_cicilan` (`u_id`, `p_id`, `t_id`, `pe_id`, `c_total_cicilan`, `c_total_biaya`, `created_at`, `updated_at`) VALUES (:u_id:, :p_id:, :t_id:, :pe_id:, :c_total_cicilan:, :c_total_biaya:, :created_at:, :updated_at:)', [...], false)
 5 SYSTEMPATH\Model.php(279): CodeIgniter\Database\BaseBuilder->insert()
 6 SYSTEMPATH\BaseModel.php(749): CodeIgniter\Model->doInsert([...])
 7 SYSTEMPATH\Model.php(667): CodeIgniter\BaseModel->insert([...], true)
 8 APPPATH\Controllers\AdminControllers.php(1798): CodeIgniter\Model->insert([...])
 9 SYSTEMPATH\CodeIgniter.php(927): App\Controllers\AdminControllers->transaksiprocess()
10 SYSTEMPATH\CodeIgniter.php(482): CodeIgniter\CodeIgniter->runController(Object(App\Controllers\AdminControllers))
11 SYSTEMPATH\CodeIgniter.php(351): CodeIgniter\CodeIgniter->handleRequest(null, Object(Config\Cache), false)
12 FCPATH\index.php(67): CodeIgniter\CodeIgniter->run()
13 SYSTEMPATH\Commands\Server\rewrite.php(46): require_once('FCPATH\\index.php')
CRITICAL - 2023-03-30 20:10:54 --> Undefined variable $kategoripaket
in APPPATH\Views\admin\DataTransaksi\TransaksiCicilan\datacicilan.php on line 60.
 1 APPPATH\Views\admin\DataTransaksi\TransaksiCicilan\datacicilan.php(60): CodeIgniter\Debug\Exceptions->errorHandler(2, 'Undefined variable $kategoripaket', 'APPPATH\\Views\\admin\\DataTransaksi\\TransaksiCicilan\\datacicilan.php', 60)
 2 SYSTEMPATH\View\View.php(213): include('APPPATH\\Views\\admin\\DataTransaksi\\TransaksiCicilan\\datacicilan.php')
 3 SYSTEMPATH\View\View.php(216): CodeIgniter\View\View->CodeIgniter\View\{closure}()
 4 SYSTEMPATH\Common.php(1134): CodeIgniter\View\View->render('admin/DataTransaksi/TransaksiCicilan/datacicilan', [], true)
 5 APPPATH\Controllers\AdminControllers.php(2192): view('admin/DataTransaksi/TransaksiCicilan/datacicilan', [...])
 6 SYSTEMPATH\CodeIgniter.php(927): App\Controllers\AdminControllers->listdatacicilan()
 7 SYSTEMPATH\CodeIgniter.php(482): CodeIgniter\CodeIgniter->runController(Object(App\Controllers\AdminControllers))
 8 SYSTEMPATH\CodeIgniter.php(351): CodeIgniter\CodeIgniter->handleRequest(null, Object(Config\Cache), false)
 9 FCPATH\index.php(67): CodeIgniter\CodeIgniter->run()
10 SYSTEMPATH\Commands\Server\rewrite.php(46): require_once('FCPATH\\index.php')
CRITICAL - 2023-03-30 20:12:57 --> Undefined variable $kategoripaket
in APPPATH\Views\admin\DataTransaksi\TransaksiCicilan\datacicilan.php on line 60.
 1 APPPATH\Views\admin\DataTransaksi\TransaksiCicilan\datacicilan.php(60): CodeIgniter\Debug\Exceptions->errorHandler(2, 'Undefined variable $kategoripaket', 'APPPATH\\Views\\admin\\DataTransaksi\\TransaksiCicilan\\datacicilan.php', 60)
 2 SYSTEMPATH\View\View.php(213): include('APPPATH\\Views\\admin\\DataTransaksi\\TransaksiCicilan\\datacicilan.php')
 3 SYSTEMPATH\View\View.php(216): CodeIgniter\View\View->CodeIgniter\View\{closure}()
 4 SYSTEMPATH\Common.php(1134): CodeIgniter\View\View->render('admin/DataTransaksi/TransaksiCicilan/datacicilan', [], true)
 5 APPPATH\Controllers\AdminControllers.php(2192): view('admin/DataTransaksi/TransaksiCicilan/datacicilan', [...])
 6 SYSTEMPATH\CodeIgniter.php(927): App\Controllers\AdminControllers->listdatacicilan()
 7 SYSTEMPATH\CodeIgniter.php(482): CodeIgniter\CodeIgniter->runController(Object(App\Controllers\AdminControllers))
 8 SYSTEMPATH\CodeIgniter.php(351): CodeIgniter\CodeIgniter->handleRequest(null, Object(Config\Cache), false)
 9 FCPATH\index.php(67): CodeIgniter\CodeIgniter->run()
10 SYSTEMPATH\Commands\Server\rewrite.php(46): require_once('FCPATH\\index.php')
CRITICAL - 2023-03-30 20:14:18 --> Undefined variable $transaksi
in APPPATH\Views\admin\DataTransaksi\TransaksiCicilan\datacicilan.php on line 60.
 1 APPPATH\Views\admin\DataTransaksi\TransaksiCicilan\datacicilan.php(60): CodeIgniter\Debug\Exceptions->errorHandler(2, 'Undefined variable $transaksi', 'APPPATH\\Views\\admin\\DataTransaksi\\TransaksiCicilan\\datacicilan.php', 60)
 2 SYSTEMPATH\View\View.php(213): include('APPPATH\\Views\\admin\\DataTransaksi\\TransaksiCicilan\\datacicilan.php')
 3 SYSTEMPATH\View\View.php(216): CodeIgniter\View\View->CodeIgniter\View\{closure}()
 4 SYSTEMPATH\Common.php(1134): CodeIgniter\View\View->render('admin/DataTransaksi/TransaksiCicilan/datacicilan', [], true)
 5 APPPATH\Controllers\AdminControllers.php(2192): view('admin/DataTransaksi/TransaksiCicilan/datacicilan', [...])
 6 SYSTEMPATH\CodeIgniter.php(927): App\Controllers\AdminControllers->listdatacicilan()
 7 SYSTEMPATH\CodeIgniter.php(482): CodeIgniter\CodeIgniter->runController(Object(App\Controllers\AdminControllers))
 8 SYSTEMPATH\CodeIgniter.php(351): CodeIgniter\CodeIgniter->handleRequest(null, Object(Config\Cache), false)
 9 FCPATH\index.php(67): CodeIgniter\CodeIgniter->run()
10 SYSTEMPATH\Commands\Server\rewrite.php(46): require_once('FCPATH\\index.php')
CRITICAL - 2023-03-30 20:14:28 --> number_format(): Passing null to parameter #1 ($num) of type float is deprecated
in APPPATH\Views\admin\DataTransaksi\TransaksiCicilan\datacicilan.php on line 79.
 1 [internal function]: CodeIgniter\Debug\Exceptions->errorHandler(8192, 'number_format(): Passing null to parameter #1 ($num) of type float is deprecated', 'APPPATH\\Views\\admin\\DataTransaksi\\TransaksiCicilan\\datacicilan.php', 79)
 2 APPPATH\Views\admin\DataTransaksi\TransaksiCicilan\datacicilan.php(79): number_format(null, 2)
 3 SYSTEMPATH\View\View.php(213): include('APPPATH\\Views\\admin\\DataTransaksi\\TransaksiCicilan\\datacicilan.php')
 4 SYSTEMPATH\View\View.php(216): CodeIgniter\View\View->CodeIgniter\View\{closure}()
 5 SYSTEMPATH\Common.php(1134): CodeIgniter\View\View->render('admin/DataTransaksi/TransaksiCicilan/datacicilan', [], true)
 6 APPPATH\Controllers\AdminControllers.php(2192): view('admin/DataTransaksi/TransaksiCicilan/datacicilan', [...])
 7 SYSTEMPATH\CodeIgniter.php(927): App\Controllers\AdminControllers->listdatacicilan()
 8 SYSTEMPATH\CodeIgniter.php(482): CodeIgniter\CodeIgniter->runController(Object(App\Controllers\AdminControllers))
 9 SYSTEMPATH\CodeIgniter.php(351): CodeIgniter\CodeIgniter->handleRequest(null, Object(Config\Cache), false)
10 FCPATH\index.php(67): CodeIgniter\CodeIgniter->run()
11 SYSTEMPATH\Commands\Server\rewrite.php(46): require_once('FCPATH\\index.php')
CRITICAL - 2023-03-30 20:15:55 --> number_format(): Passing null to parameter #1 ($num) of type float is deprecated
in APPPATH\Views\admin\DataTransaksi\TransaksiCicilan\datacicilan.php on line 85.
 1 [internal function]: CodeIgniter\Debug\Exceptions->errorHandler(8192, 'number_format(): Passing null to parameter #1 ($num) of type float is deprecated', 'APPPATH\\Views\\admin\\DataTransaksi\\TransaksiCicilan\\datacicilan.php', 85)
 2 APPPATH\Views\admin\DataTransaksi\TransaksiCicilan\datacicilan.php(85): number_format(null, 2)
 3 SYSTEMPATH\View\View.php(213): include('APPPATH\\Views\\admin\\DataTransaksi\\TransaksiCicilan\\datacicilan.php')
 4 SYSTEMPATH\View\View.php(216): CodeIgniter\View\View->CodeIgniter\View\{closure}()
 5 SYSTEMPATH\Common.php(1134): CodeIgniter\View\View->render('admin/DataTransaksi/TransaksiCicilan/datacicilan', [], true)
 6 APPPATH\Controllers\AdminControllers.php(2192): view('admin/DataTransaksi/TransaksiCicilan/datacicilan', [...])
 7 SYSTEMPATH\CodeIgniter.php(927): App\Controllers\AdminControllers->listdatacicilan()
 8 SYSTEMPATH\CodeIgniter.php(482): CodeIgniter\CodeIgniter->runController(Object(App\Controllers\AdminControllers))
 9 SYSTEMPATH\CodeIgniter.php(351): CodeIgniter\CodeIgniter->handleRequest(null, Object(Config\Cache), false)
10 FCPATH\index.php(67): CodeIgniter\CodeIgniter->run()
11 SYSTEMPATH\Commands\Server\rewrite.php(46): require_once('FCPATH\\index.php')
CRITICAL - 2023-03-30 20:20:51 --> Call to undefined method App\Models\PengambilanPaketBarangModels::get_all_barang_supplier
in SYSTEMPATH\Model.php on line 774.
 1 APPPATH\Controllers\AdminControllers.php(98): CodeIgniter\Model->__call('get_all_barang_supplier', [])
 2 SYSTEMPATH\CodeIgniter.php(927): App\Controllers\AdminControllers->PaketLogCicilan()
 3 SYSTEMPATH\CodeIgniter.php(482): CodeIgniter\CodeIgniter->runController(Object(App\Controllers\AdminControllers))
 4 SYSTEMPATH\CodeIgniter.php(351): CodeIgniter\CodeIgniter->handleRequest(null, Object(Config\Cache), false)
 5 FCPATH\index.php(67): CodeIgniter\CodeIgniter->run()
 6 SYSTEMPATH\Commands\Server\rewrite.php(46): require_once('FCPATH\\index.php')
CRITICAL - 2023-03-30 20:21:01 --> Call to undefined method App\Models\PengambilanPaketBarangModels::get_all_barang_supplier
in SYSTEMPATH\Model.php on line 774.
 1 APPPATH\Controllers\AdminControllers.php(98): CodeIgniter\Model->__call('get_all_barang_supplier', [])
 2 SYSTEMPATH\CodeIgniter.php(927): App\Controllers\AdminControllers->PaketLogCicilan()
 3 SYSTEMPATH\CodeIgniter.php(482): CodeIgniter\CodeIgniter->runController(Object(App\Controllers\AdminControllers))
 4 SYSTEMPATH\CodeIgniter.php(351): CodeIgniter\CodeIgniter->handleRequest(null, Object(Config\Cache), false)
 5 FCPATH\index.php(67): CodeIgniter\CodeIgniter->run()
 6 SYSTEMPATH\Commands\Server\rewrite.php(46): require_once('FCPATH\\index.php')
CRITICAL - 2023-03-30 20:21:03 --> Call to undefined method App\Models\PengambilanPaketBarangModels::get_all_barang_supplier
in SYSTEMPATH\Model.php on line 774.
 1 APPPATH\Controllers\AdminControllers.php(98): CodeIgniter\Model->__call('get_all_barang_supplier', [])
 2 SYSTEMPATH\CodeIgniter.php(927): App\Controllers\AdminControllers->PaketLogCicilan()
 3 SYSTEMPATH\CodeIgniter.php(482): CodeIgniter\CodeIgniter->runController(Object(App\Controllers\AdminControllers))
 4 SYSTEMPATH\CodeIgniter.php(351): CodeIgniter\CodeIgniter->handleRequest(null, Object(Config\Cache), false)
 5 FCPATH\index.php(67): CodeIgniter\CodeIgniter->run()
 6 SYSTEMPATH\Commands\Server\rewrite.php(46): require_once('FCPATH\\index.php')
CRITICAL - 2023-03-30 20:21:50 --> Undefined variable $kategoripaket
in APPPATH\Views\admin\DataTransaksi\TransaksiCicilan\cicilanedit.php on line 51.
 1 APPPATH\Views\admin\DataTransaksi\TransaksiCicilan\cicilanedit.php(51): CodeIgniter\Debug\Exceptions->errorHandler(2, 'Undefined variable $kategoripaket', 'APPPATH\\Views\\admin\\DataTransaksi\\TransaksiCicilan\\cicilanedit.php', 51)
 2 SYSTEMPATH\View\View.php(213): include('APPPATH\\Views\\admin\\DataTransaksi\\TransaksiCicilan\\cicilanedit.php')
 3 SYSTEMPATH\View\View.php(216): CodeIgniter\View\View->CodeIgniter\View\{closure}()
 4 SYSTEMPATH\Common.php(1134): CodeIgniter\View\View->render('admin/DataTransaksi/TransaksiCicilan/cicilanedit', [], true)
 5 APPPATH\Controllers\AdminControllers.php(2271): view('admin/DataTransaksi/TransaksiCicilan/cicilanedit', [...])
 6 SYSTEMPATH\CodeIgniter.php(927): App\Controllers\AdminControllers->editcicilan('14')
 7 SYSTEMPATH\CodeIgniter.php(482): CodeIgniter\CodeIgniter->runController(Object(App\Controllers\AdminControllers))
 8 SYSTEMPATH\CodeIgniter.php(351): CodeIgniter\CodeIgniter->handleRequest(null, Object(Config\Cache), false)
 9 FCPATH\index.php(67): CodeIgniter\CodeIgniter->run()
10 SYSTEMPATH\Commands\Server\rewrite.php(46): require_once('FCPATH\\index.php')
CRITICAL - 2023-03-30 20:23:08 --> Undefined variable $tb_transaksi
in APPPATH\Views\admin\DataTransaksi\TransaksiCicilan\cicilanedit.php on line 51.
 1 APPPATH\Views\admin\DataTransaksi\TransaksiCicilan\cicilanedit.php(51): CodeIgniter\Debug\Exceptions->errorHandler(2, 'Undefined variable $tb_transaksi', 'APPPATH\\Views\\admin\\DataTransaksi\\TransaksiCicilan\\cicilanedit.php', 51)
 2 SYSTEMPATH\View\View.php(213): include('APPPATH\\Views\\admin\\DataTransaksi\\TransaksiCicilan\\cicilanedit.php')
 3 SYSTEMPATH\View\View.php(216): CodeIgniter\View\View->CodeIgniter\View\{closure}()
 4 SYSTEMPATH\Common.php(1134): CodeIgniter\View\View->render('admin/DataTransaksi/TransaksiCicilan/cicilanedit', [], true)
 5 APPPATH\Controllers\AdminControllers.php(2271): view('admin/DataTransaksi/TransaksiCicilan/cicilanedit', [...])
 6 SYSTEMPATH\CodeIgniter.php(927): App\Controllers\AdminControllers->editcicilan('14')
 7 SYSTEMPATH\CodeIgniter.php(482): CodeIgniter\CodeIgniter->runController(Object(App\Controllers\AdminControllers))
 8 SYSTEMPATH\CodeIgniter.php(351): CodeIgniter\CodeIgniter->handleRequest(null, Object(Config\Cache), false)
 9 FCPATH\index.php(67): CodeIgniter\CodeIgniter->run()
10 SYSTEMPATH\Commands\Server\rewrite.php(46): require_once('FCPATH\\index.php')
