ERROR - 2023-02-03 17:20:07 --> mysqli_sql_exception: Unknown column 'u_created_at' in 'field list' in C:\xampp\htdocs\ProjectPaket\system\Database\MySQLi\Connection.php:292
Stack trace:
#0 C:\xampp\htdocs\ProjectPaket\system\Database\MySQLi\Connection.php(292): mysqli->query('INSERT INTO `tb...', 0)
#1 C:\xampp\htdocs\ProjectPaket\system\Database\BaseConnection.php(666): CodeIgniter\Database\MySQLi\Connection->execute('INSERT INTO `tb...')
#2 C:\xampp\htdocs\ProjectPaket\system\Database\BaseConnection.php(593): CodeIgniter\Database\BaseConnection->simpleQuery('INSERT INTO `tb...')
#3 C:\xampp\htdocs\ProjectPaket\system\Database\BaseBuilder.php(1916): CodeIgniter\Database\BaseConnection->query('INSERT INTO `tb...', Array, false)
#4 C:\xampp\htdocs\ProjectPaket\system\Model.php(279): CodeIgniter\Database\BaseBuilder->insert()
#5 C:\xampp\htdocs\ProjectPaket\system\BaseModel.php(749): CodeIgniter\Model->doInsert(Array)
#6 C:\xampp\htdocs\ProjectPaket\system\Model.php(667): CodeIgniter\BaseModel->insert(Array, true)
#7 C:\xampp\htdocs\ProjectPaket\app\Controllers\AdminControllers.php(235): CodeIgniter\Model->insert(Array)
#8 C:\xampp\htdocs\ProjectPaket\system\CodeIgniter.php(927): App\Controllers\AdminControllers->registeruserprocess()
#9 C:\xampp\htdocs\ProjectPaket\system\CodeIgniter.php(482): CodeIgniter\CodeIgniter->runController(Object(App\Controllers\AdminControllers))
#10 C:\xampp\htdocs\ProjectPaket\system\CodeIgniter.php(351): CodeIgniter\CodeIgniter->handleRequest(NULL, Object(Config\Cache), false)
#11 C:\xampp\htdocs\ProjectPaket\public\index.php(67): CodeIgniter\CodeIgniter->run()
#12 C:\xampp\htdocs\ProjectPaket\system\Commands\Server\rewrite.php(46): require_once('C:\\xampp\\htdocs...')
#13 {main}
CRITICAL - 2023-02-03 17:20:07 --> Unknown column 'u_created_at' in 'field list'
in SYSTEMPATH\Database\MySQLi\Connection.php on line 292.
 1 SYSTEMPATH\Database\MySQLi\Connection.php(292): mysqli->query('INSERT INTO `tb_user` (`u_username`, `u_password`, `u_fullname`, `u_role`, `u_referensi`, `u_email`, `u_nik`, `u_nama`, `u_tempat_lahir`, `u_tanggal_lahir`, `u_jenis_kelamin`, `u_provinsi`, `u_kota`, `u_kelurahan`, `u_kecamatan`, `u_kodepos`, `u_created_at`, `updated_at`) VALUES (\'3534534623423123\', \'$2y$10$MuD1W3mheyNTyOH2YgH19uVPakonDV4A9SvbkzrDBB7YiyTV9Ctb2\', \'Ahmad Arif\', \'owner\', \'8\', \'qvftp1223@gmail.com\', \'1234567890123232123\', \'Ahmad Arif\', \'Cimahi\', \'2023-02-03\', \'Perempuan\', \'ACEH\', \'KABUPATEN SIMEULUE\', \'Cibeureum\', \'TEUPAH BARAT\', \'10730\', \'2023-02-03 17:20:07\', \'2023-02-03 17:20:07\')', 0)
 2 SYSTEMPATH\Database\BaseConnection.php(666): CodeIgniter\Database\MySQLi\Connection->execute('INSERT INTO `tb_user` (`u_username`, `u_password`, `u_fullname`, `u_role`, `u_referensi`, `u_email`, `u_nik`, `u_nama`, `u_tempat_lahir`, `u_tanggal_lahir`, `u_jenis_kelamin`, `u_provinsi`, `u_kota`, `u_kelurahan`, `u_kecamatan`, `u_kodepos`, `u_created_at`, `updated_at`) VALUES (\'3534534623423123\', \'$2y$10$MuD1W3mheyNTyOH2YgH19uVPakonDV4A9SvbkzrDBB7YiyTV9Ctb2\', \'Ahmad Arif\', \'owner\', \'8\', \'qvftp1223@gmail.com\', \'1234567890123232123\', \'Ahmad Arif\', \'Cimahi\', \'2023-02-03\', \'Perempuan\', \'ACEH\', \'KABUPATEN SIMEULUE\', \'Cibeureum\', \'TEUPAH BARAT\', \'10730\', \'2023-02-03 17:20:07\', \'2023-02-03 17:20:07\')')
 3 SYSTEMPATH\Database\BaseConnection.php(593): CodeIgniter\Database\BaseConnection->simpleQuery('INSERT INTO `tb_user` (`u_username`, `u_password`, `u_fullname`, `u_role`, `u_referensi`, `u_email`, `u_nik`, `u_nama`, `u_tempat_lahir`, `u_tanggal_lahir`, `u_jenis_kelamin`, `u_provinsi`, `u_kota`, `u_kelurahan`, `u_kecamatan`, `u_kodepos`, `u_created_at`, `updated_at`) VALUES (\'3534534623423123\', \'$2y$10$MuD1W3mheyNTyOH2YgH19uVPakonDV4A9SvbkzrDBB7YiyTV9Ctb2\', \'Ahmad Arif\', \'owner\', \'8\', \'qvftp1223@gmail.com\', \'1234567890123232123\', \'Ahmad Arif\', \'Cimahi\', \'2023-02-03\', \'Perempuan\', \'ACEH\', \'KABUPATEN SIMEULUE\', \'Cibeureum\', \'TEUPAH BARAT\', \'10730\', \'2023-02-03 17:20:07\', \'2023-02-03 17:20:07\')')
 4 SYSTEMPATH\Database\BaseBuilder.php(1916): CodeIgniter\Database\BaseConnection->query('INSERT INTO `tb_user` (`u_username`, `u_password`, `u_fullname`, `u_role`, `u_referensi`, `u_email`, `u_nik`, `u_nama`, `u_tempat_lahir`, `u_tanggal_lahir`, `u_jenis_kelamin`, `u_provinsi`, `u_kota`, `u_kelurahan`, `u_kecamatan`, `u_kodepos`, `u_created_at`, `updated_at`) VALUES (:u_username:, :u_password:, :u_fullname:, :u_role:, :u_referensi:, :u_email:, :u_nik:, :u_nama:, :u_tempat_lahir:, :u_tanggal_lahir:, :u_jenis_kelamin:, :u_provinsi:, :u_kota:, :u_kelurahan:, :u_kecamatan:, :u_kodepos:, :u_created_at:, :updated_at:)', [...], false)
 5 SYSTEMPATH\Model.php(279): CodeIgniter\Database\BaseBuilder->insert()
 6 SYSTEMPATH\BaseModel.php(749): CodeIgniter\Model->doInsert([...])
 7 SYSTEMPATH\Model.php(667): CodeIgniter\BaseModel->insert([...], true)
 8 APPPATH\Controllers\AdminControllers.php(235): CodeIgniter\Model->insert([...])
 9 SYSTEMPATH\CodeIgniter.php(927): App\Controllers\AdminControllers->registeruserprocess()
10 SYSTEMPATH\CodeIgniter.php(482): CodeIgniter\CodeIgniter->runController(Object(App\Controllers\AdminControllers))
11 SYSTEMPATH\CodeIgniter.php(351): CodeIgniter\CodeIgniter->handleRequest(null, Object(Config\Cache), false)
12 FCPATH\index.php(67): CodeIgniter\CodeIgniter->run()
13 SYSTEMPATH\Commands\Server\rewrite.php(46): require_once('FCPATH\\index.php')
ERROR - 2023-02-03 17:20:36 --> mysqli_sql_exception: Unknown column 'u_created_at' in 'field list' in C:\xampp\htdocs\ProjectPaket\system\Database\MySQLi\Connection.php:292
Stack trace:
#0 C:\xampp\htdocs\ProjectPaket\system\Database\MySQLi\Connection.php(292): mysqli->query('INSERT INTO `tb...', 0)
#1 C:\xampp\htdocs\ProjectPaket\system\Database\BaseConnection.php(666): CodeIgniter\Database\MySQLi\Connection->execute('INSERT INTO `tb...')
#2 C:\xampp\htdocs\ProjectPaket\system\Database\BaseConnection.php(593): CodeIgniter\Database\BaseConnection->simpleQuery('INSERT INTO `tb...')
#3 C:\xampp\htdocs\ProjectPaket\system\Database\BaseBuilder.php(1916): CodeIgniter\Database\BaseConnection->query('INSERT INTO `tb...', Array, false)
#4 C:\xampp\htdocs\ProjectPaket\system\Model.php(279): CodeIgniter\Database\BaseBuilder->insert()
#5 C:\xampp\htdocs\ProjectPaket\system\BaseModel.php(749): CodeIgniter\Model->doInsert(Array)
#6 C:\xampp\htdocs\ProjectPaket\system\Model.php(667): CodeIgniter\BaseModel->insert(Array, true)
#7 C:\xampp\htdocs\ProjectPaket\app\Controllers\AdminControllers.php(235): CodeIgniter\Model->insert(Array)
#8 C:\xampp\htdocs\ProjectPaket\system\CodeIgniter.php(927): App\Controllers\AdminControllers->registeruserprocess()
#9 C:\xampp\htdocs\ProjectPaket\system\CodeIgniter.php(482): CodeIgniter\CodeIgniter->runController(Object(App\Controllers\AdminControllers))
#10 C:\xampp\htdocs\ProjectPaket\system\CodeIgniter.php(351): CodeIgniter\CodeIgniter->handleRequest(NULL, Object(Config\Cache), false)
#11 C:\xampp\htdocs\ProjectPaket\public\index.php(67): CodeIgniter\CodeIgniter->run()
#12 C:\xampp\htdocs\ProjectPaket\system\Commands\Server\rewrite.php(46): require_once('C:\\xampp\\htdocs...')
#13 {main}
CRITICAL - 2023-02-03 17:20:36 --> Unknown column 'u_created_at' in 'field list'
in SYSTEMPATH\Database\MySQLi\Connection.php on line 292.
 1 SYSTEMPATH\Database\MySQLi\Connection.php(292): mysqli->query('INSERT INTO `tb_user` (`u_username`, `u_password`, `u_fullname`, `u_role`, `u_referensi`, `u_email`, `u_nik`, `u_nama`, `u_tempat_lahir`, `u_tanggal_lahir`, `u_jenis_kelamin`, `u_provinsi`, `u_kota`, `u_kelurahan`, `u_kecamatan`, `u_kodepos`, `u_created_at`, `updated_at`) VALUES (\'3534534623423123\', \'$2y$10$Wgcr/o6KBz7GmIFp5C3VOOc75zS0f/iGjCh3guppqbLtuS2Wp/sEC\', \'Ahmad Arif\', \'owner\', \'8\', \'qvftp1223@gmail.com\', \'1234567890123232123\', \'Ahmad Arif\', \'Cimahi\', \'2023-02-03\', \'Perempuan\', \'ACEH\', \'KABUPATEN SIMEULUE\', \'Cibeureum\', \'TEUPAH BARAT\', \'10730\', \'2023-02-03 17:20:36\', \'2023-02-03 17:20:36\')', 0)
 2 SYSTEMPATH\Database\BaseConnection.php(666): CodeIgniter\Database\MySQLi\Connection->execute('INSERT INTO `tb_user` (`u_username`, `u_password`, `u_fullname`, `u_role`, `u_referensi`, `u_email`, `u_nik`, `u_nama`, `u_tempat_lahir`, `u_tanggal_lahir`, `u_jenis_kelamin`, `u_provinsi`, `u_kota`, `u_kelurahan`, `u_kecamatan`, `u_kodepos`, `u_created_at`, `updated_at`) VALUES (\'3534534623423123\', \'$2y$10$Wgcr/o6KBz7GmIFp5C3VOOc75zS0f/iGjCh3guppqbLtuS2Wp/sEC\', \'Ahmad Arif\', \'owner\', \'8\', \'qvftp1223@gmail.com\', \'1234567890123232123\', \'Ahmad Arif\', \'Cimahi\', \'2023-02-03\', \'Perempuan\', \'ACEH\', \'KABUPATEN SIMEULUE\', \'Cibeureum\', \'TEUPAH BARAT\', \'10730\', \'2023-02-03 17:20:36\', \'2023-02-03 17:20:36\')')
 3 SYSTEMPATH\Database\BaseConnection.php(593): CodeIgniter\Database\BaseConnection->simpleQuery('INSERT INTO `tb_user` (`u_username`, `u_password`, `u_fullname`, `u_role`, `u_referensi`, `u_email`, `u_nik`, `u_nama`, `u_tempat_lahir`, `u_tanggal_lahir`, `u_jenis_kelamin`, `u_provinsi`, `u_kota`, `u_kelurahan`, `u_kecamatan`, `u_kodepos`, `u_created_at`, `updated_at`) VALUES (\'3534534623423123\', \'$2y$10$Wgcr/o6KBz7GmIFp5C3VOOc75zS0f/iGjCh3guppqbLtuS2Wp/sEC\', \'Ahmad Arif\', \'owner\', \'8\', \'qvftp1223@gmail.com\', \'1234567890123232123\', \'Ahmad Arif\', \'Cimahi\', \'2023-02-03\', \'Perempuan\', \'ACEH\', \'KABUPATEN SIMEULUE\', \'Cibeureum\', \'TEUPAH BARAT\', \'10730\', \'2023-02-03 17:20:36\', \'2023-02-03 17:20:36\')')
 4 SYSTEMPATH\Database\BaseBuilder.php(1916): CodeIgniter\Database\BaseConnection->query('INSERT INTO `tb_user` (`u_username`, `u_password`, `u_fullname`, `u_role`, `u_referensi`, `u_email`, `u_nik`, `u_nama`, `u_tempat_lahir`, `u_tanggal_lahir`, `u_jenis_kelamin`, `u_provinsi`, `u_kota`, `u_kelurahan`, `u_kecamatan`, `u_kodepos`, `u_created_at`, `updated_at`) VALUES (:u_username:, :u_password:, :u_fullname:, :u_role:, :u_referensi:, :u_email:, :u_nik:, :u_nama:, :u_tempat_lahir:, :u_tanggal_lahir:, :u_jenis_kelamin:, :u_provinsi:, :u_kota:, :u_kelurahan:, :u_kecamatan:, :u_kodepos:, :u_created_at:, :updated_at:)', [...], false)
 5 SYSTEMPATH\Model.php(279): CodeIgniter\Database\BaseBuilder->insert()
 6 SYSTEMPATH\BaseModel.php(749): CodeIgniter\Model->doInsert([...])
 7 SYSTEMPATH\Model.php(667): CodeIgniter\BaseModel->insert([...], true)
 8 APPPATH\Controllers\AdminControllers.php(235): CodeIgniter\Model->insert([...])
 9 SYSTEMPATH\CodeIgniter.php(927): App\Controllers\AdminControllers->registeruserprocess()
10 SYSTEMPATH\CodeIgniter.php(482): CodeIgniter\CodeIgniter->runController(Object(App\Controllers\AdminControllers))
11 SYSTEMPATH\CodeIgniter.php(351): CodeIgniter\CodeIgniter->handleRequest(null, Object(Config\Cache), false)
12 FCPATH\index.php(67): CodeIgniter\CodeIgniter->run()
13 SYSTEMPATH\Commands\Server\rewrite.php(46): require_once('FCPATH\\index.php')
ERROR - 2023-02-03 17:24:42 --> mysqli_sql_exception: Unknown column 'u_created_at' in 'field list' in C:\xampp\htdocs\ProjectPaket\system\Database\MySQLi\Connection.php:292
Stack trace:
#0 C:\xampp\htdocs\ProjectPaket\system\Database\MySQLi\Connection.php(292): mysqli->query('INSERT INTO `tb...', 0)
#1 C:\xampp\htdocs\ProjectPaket\system\Database\BaseConnection.php(666): CodeIgniter\Database\MySQLi\Connection->execute('INSERT INTO `tb...')
#2 C:\xampp\htdocs\ProjectPaket\system\Database\BaseConnection.php(593): CodeIgniter\Database\BaseConnection->simpleQuery('INSERT INTO `tb...')
#3 C:\xampp\htdocs\ProjectPaket\system\Database\BaseBuilder.php(1916): CodeIgniter\Database\BaseConnection->query('INSERT INTO `tb...', Array, false)
#4 C:\xampp\htdocs\ProjectPaket\system\Model.php(279): CodeIgniter\Database\BaseBuilder->insert()
#5 C:\xampp\htdocs\ProjectPaket\system\BaseModel.php(749): CodeIgniter\Model->doInsert(Array)
#6 C:\xampp\htdocs\ProjectPaket\system\Model.php(667): CodeIgniter\BaseModel->insert(Array, true)
#7 C:\xampp\htdocs\ProjectPaket\app\Controllers\AdminControllers.php(244): CodeIgniter\Model->insert(Array)
#8 C:\xampp\htdocs\ProjectPaket\system\CodeIgniter.php(927): App\Controllers\AdminControllers->registeruserprocess()
#9 C:\xampp\htdocs\ProjectPaket\system\CodeIgniter.php(482): CodeIgniter\CodeIgniter->runController(Object(App\Controllers\AdminControllers))
#10 C:\xampp\htdocs\ProjectPaket\system\CodeIgniter.php(351): CodeIgniter\CodeIgniter->handleRequest(NULL, Object(Config\Cache), false)
#11 C:\xampp\htdocs\ProjectPaket\public\index.php(67): CodeIgniter\CodeIgniter->run()
#12 C:\xampp\htdocs\ProjectPaket\system\Commands\Server\rewrite.php(46): require_once('C:\\xampp\\htdocs...')
#13 {main}
CRITICAL - 2023-02-03 17:24:42 --> Unknown column 'u_created_at' in 'field list'
in SYSTEMPATH\Database\MySQLi\Connection.php on line 292.
 1 SYSTEMPATH\Database\MySQLi\Connection.php(292): mysqli->query('INSERT INTO `tb_user` (`u_username`, `u_password`, `u_fullname`, `u_role`, `u_referensi`, `u_email`, `u_create_at`, `u_nik`, `u_nama`, `u_tempat_lahir`, `u_tanggal_lahir`, `u_jenis_kelamin`, `u_provinsi`, `u_kota`, `u_kelurahan`, `u_kecamatan`, `u_kodepos`, `u_created_at`, `updated_at`) VALUES (\'3534534623423123\', \'$2y$10$vaGRbnGiR.aN2Q3I.dB0dOllxQYmxj2JbCkK3x12FUm4qJ5gQFJr6\', \'Ahmad Arif\', \'owner\', \'8\', \'qvftp1223@gmail.com\', \'2023-02-03 05:19:17\', \'1234567890123232123\', \'Ahmad Arif\', \'Cimahi\', \'2023-02-03\', \'Perempuan\', \'ACEH\', \'KABUPATEN SIMEULUE\', \'Cibeureum\', \'TEUPAH BARAT\', \'10730\', \'2023-02-03 17:24:42\', \'2023-02-03 17:24:42\')', 0)
 2 SYSTEMPATH\Database\BaseConnection.php(666): CodeIgniter\Database\MySQLi\Connection->execute('INSERT INTO `tb_user` (`u_username`, `u_password`, `u_fullname`, `u_role`, `u_referensi`, `u_email`, `u_create_at`, `u_nik`, `u_nama`, `u_tempat_lahir`, `u_tanggal_lahir`, `u_jenis_kelamin`, `u_provinsi`, `u_kota`, `u_kelurahan`, `u_kecamatan`, `u_kodepos`, `u_created_at`, `updated_at`) VALUES (\'3534534623423123\', \'$2y$10$vaGRbnGiR.aN2Q3I.dB0dOllxQYmxj2JbCkK3x12FUm4qJ5gQFJr6\', \'Ahmad Arif\', \'owner\', \'8\', \'qvftp1223@gmail.com\', \'2023-02-03 05:19:17\', \'1234567890123232123\', \'Ahmad Arif\', \'Cimahi\', \'2023-02-03\', \'Perempuan\', \'ACEH\', \'KABUPATEN SIMEULUE\', \'Cibeureum\', \'TEUPAH BARAT\', \'10730\', \'2023-02-03 17:24:42\', \'2023-02-03 17:24:42\')')
 3 SYSTEMPATH\Database\BaseConnection.php(593): CodeIgniter\Database\BaseConnection->simpleQuery('INSERT INTO `tb_user` (`u_username`, `u_password`, `u_fullname`, `u_role`, `u_referensi`, `u_email`, `u_create_at`, `u_nik`, `u_nama`, `u_tempat_lahir`, `u_tanggal_lahir`, `u_jenis_kelamin`, `u_provinsi`, `u_kota`, `u_kelurahan`, `u_kecamatan`, `u_kodepos`, `u_created_at`, `updated_at`) VALUES (\'3534534623423123\', \'$2y$10$vaGRbnGiR.aN2Q3I.dB0dOllxQYmxj2JbCkK3x12FUm4qJ5gQFJr6\', \'Ahmad Arif\', \'owner\', \'8\', \'qvftp1223@gmail.com\', \'2023-02-03 05:19:17\', \'1234567890123232123\', \'Ahmad Arif\', \'Cimahi\', \'2023-02-03\', \'Perempuan\', \'ACEH\', \'KABUPATEN SIMEULUE\', \'Cibeureum\', \'TEUPAH BARAT\', \'10730\', \'2023-02-03 17:24:42\', \'2023-02-03 17:24:42\')')
 4 SYSTEMPATH\Database\BaseBuilder.php(1916): CodeIgniter\Database\BaseConnection->query('INSERT INTO `tb_user` (`u_username`, `u_password`, `u_fullname`, `u_role`, `u_referensi`, `u_email`, `u_create_at`, `u_nik`, `u_nama`, `u_tempat_lahir`, `u_tanggal_lahir`, `u_jenis_kelamin`, `u_provinsi`, `u_kota`, `u_kelurahan`, `u_kecamatan`, `u_kodepos`, `u_created_at`, `updated_at`) VALUES (:u_username:, :u_password:, :u_fullname:, :u_role:, :u_referensi:, :u_email:, :u_create_at:, :u_nik:, :u_nama:, :u_tempat_lahir:, :u_tanggal_lahir:, :u_jenis_kelamin:, :u_provinsi:, :u_kota:, :u_kelurahan:, :u_kecamatan:, :u_kodepos:, :u_created_at:, :updated_at:)', [...], false)
 5 SYSTEMPATH\Model.php(279): CodeIgniter\Database\BaseBuilder->insert()
 6 SYSTEMPATH\BaseModel.php(749): CodeIgniter\Model->doInsert([...])
 7 SYSTEMPATH\Model.php(667): CodeIgniter\BaseModel->insert([...], true)
 8 APPPATH\Controllers\AdminControllers.php(244): CodeIgniter\Model->insert([...])
 9 SYSTEMPATH\CodeIgniter.php(927): App\Controllers\AdminControllers->registeruserprocess()
10 SYSTEMPATH\CodeIgniter.php(482): CodeIgniter\CodeIgniter->runController(Object(App\Controllers\AdminControllers))
11 SYSTEMPATH\CodeIgniter.php(351): CodeIgniter\CodeIgniter->handleRequest(null, Object(Config\Cache), false)
12 FCPATH\index.php(67): CodeIgniter\CodeIgniter->run()
13 SYSTEMPATH\Commands\Server\rewrite.php(46): require_once('FCPATH\\index.php')
ERROR - 2023-02-03 17:25:16 --> mysqli_sql_exception: Unknown column 'u_created_at' in 'field list' in C:\xampp\htdocs\ProjectPaket\system\Database\MySQLi\Connection.php:292
Stack trace:
#0 C:\xampp\htdocs\ProjectPaket\system\Database\MySQLi\Connection.php(292): mysqli->query('INSERT INTO `tb...', 0)
#1 C:\xampp\htdocs\ProjectPaket\system\Database\BaseConnection.php(666): CodeIgniter\Database\MySQLi\Connection->execute('INSERT INTO `tb...')
#2 C:\xampp\htdocs\ProjectPaket\system\Database\BaseConnection.php(593): CodeIgniter\Database\BaseConnection->simpleQuery('INSERT INTO `tb...')
#3 C:\xampp\htdocs\ProjectPaket\system\Database\BaseBuilder.php(1916): CodeIgniter\Database\BaseConnection->query('INSERT INTO `tb...', Array, false)
#4 C:\xampp\htdocs\ProjectPaket\system\Model.php(279): CodeIgniter\Database\BaseBuilder->insert()
#5 C:\xampp\htdocs\ProjectPaket\system\BaseModel.php(749): CodeIgniter\Model->doInsert(Array)
#6 C:\xampp\htdocs\ProjectPaket\system\Model.php(667): CodeIgniter\BaseModel->insert(Array, true)
#7 C:\xampp\htdocs\ProjectPaket\app\Controllers\AdminControllers.php(244): CodeIgniter\Model->insert(Array)
#8 C:\xampp\htdocs\ProjectPaket\system\CodeIgniter.php(927): App\Controllers\AdminControllers->registeruserprocess()
#9 C:\xampp\htdocs\ProjectPaket\system\CodeIgniter.php(482): CodeIgniter\CodeIgniter->runController(Object(App\Controllers\AdminControllers))
#10 C:\xampp\htdocs\ProjectPaket\system\CodeIgniter.php(351): CodeIgniter\CodeIgniter->handleRequest(NULL, Object(Config\Cache), false)
#11 C:\xampp\htdocs\ProjectPaket\public\index.php(67): CodeIgniter\CodeIgniter->run()
#12 C:\xampp\htdocs\ProjectPaket\system\Commands\Server\rewrite.php(46): require_once('C:\\xampp\\htdocs...')
#13 {main}
CRITICAL - 2023-02-03 17:25:16 --> Unknown column 'u_created_at' in 'field list'
in SYSTEMPATH\Database\MySQLi\Connection.php on line 292.
 1 SYSTEMPATH\Database\MySQLi\Connection.php(292): mysqli->query('INSERT INTO `tb_user` (`u_username`, `u_password`, `u_fullname`, `u_role`, `u_referensi`, `u_email`, `u_create_at`, `u_nik`, `u_nama`, `u_tempat_lahir`, `u_tanggal_lahir`, `u_jenis_kelamin`, `u_provinsi`, `u_kota`, `u_kelurahan`, `u_kecamatan`, `u_kodepos`, `u_created_at`, `updated_at`) VALUES (\'3534534623423123\', \'$2y$10$ik4gI62S372OyK.Zto8hRe5BZGgy3t/u8jjeG/JL60cTk25.dGDPS\', \'Ahmad Arif\', \'owner\', \'3\', \'qvftp1223@gmail.com\', \'2023-02-03 05:24:44\', \'1234567890123232123\', \'Ahmad Arif\', \'Cimahi\', \'2023-02-03\', \'Perempuan\', \'SUMATERA UTARA\', \'KABUPATEN ACEH SINGKIL\', \'Cibeureum\', \'SIMEULUE TIMUR\', \'10730\', \'2023-02-03 17:25:16\', \'2023-02-03 17:25:16\')', 0)
 2 SYSTEMPATH\Database\BaseConnection.php(666): CodeIgniter\Database\MySQLi\Connection->execute('INSERT INTO `tb_user` (`u_username`, `u_password`, `u_fullname`, `u_role`, `u_referensi`, `u_email`, `u_create_at`, `u_nik`, `u_nama`, `u_tempat_lahir`, `u_tanggal_lahir`, `u_jenis_kelamin`, `u_provinsi`, `u_kota`, `u_kelurahan`, `u_kecamatan`, `u_kodepos`, `u_created_at`, `updated_at`) VALUES (\'3534534623423123\', \'$2y$10$ik4gI62S372OyK.Zto8hRe5BZGgy3t/u8jjeG/JL60cTk25.dGDPS\', \'Ahmad Arif\', \'owner\', \'3\', \'qvftp1223@gmail.com\', \'2023-02-03 05:24:44\', \'1234567890123232123\', \'Ahmad Arif\', \'Cimahi\', \'2023-02-03\', \'Perempuan\', \'SUMATERA UTARA\', \'KABUPATEN ACEH SINGKIL\', \'Cibeureum\', \'SIMEULUE TIMUR\', \'10730\', \'2023-02-03 17:25:16\', \'2023-02-03 17:25:16\')')
 3 SYSTEMPATH\Database\BaseConnection.php(593): CodeIgniter\Database\BaseConnection->simpleQuery('INSERT INTO `tb_user` (`u_username`, `u_password`, `u_fullname`, `u_role`, `u_referensi`, `u_email`, `u_create_at`, `u_nik`, `u_nama`, `u_tempat_lahir`, `u_tanggal_lahir`, `u_jenis_kelamin`, `u_provinsi`, `u_kota`, `u_kelurahan`, `u_kecamatan`, `u_kodepos`, `u_created_at`, `updated_at`) VALUES (\'3534534623423123\', \'$2y$10$ik4gI62S372OyK.Zto8hRe5BZGgy3t/u8jjeG/JL60cTk25.dGDPS\', \'Ahmad Arif\', \'owner\', \'3\', \'qvftp1223@gmail.com\', \'2023-02-03 05:24:44\', \'1234567890123232123\', \'Ahmad Arif\', \'Cimahi\', \'2023-02-03\', \'Perempuan\', \'SUMATERA UTARA\', \'KABUPATEN ACEH SINGKIL\', \'Cibeureum\', \'SIMEULUE TIMUR\', \'10730\', \'2023-02-03 17:25:16\', \'2023-02-03 17:25:16\')')
 4 SYSTEMPATH\Database\BaseBuilder.php(1916): CodeIgniter\Database\BaseConnection->query('INSERT INTO `tb_user` (`u_username`, `u_password`, `u_fullname`, `u_role`, `u_referensi`, `u_email`, `u_create_at`, `u_nik`, `u_nama`, `u_tempat_lahir`, `u_tanggal_lahir`, `u_jenis_kelamin`, `u_provinsi`, `u_kota`, `u_kelurahan`, `u_kecamatan`, `u_kodepos`, `u_created_at`, `updated_at`) VALUES (:u_username:, :u_password:, :u_fullname:, :u_role:, :u_referensi:, :u_email:, :u_create_at:, :u_nik:, :u_nama:, :u_tempat_lahir:, :u_tanggal_lahir:, :u_jenis_kelamin:, :u_provinsi:, :u_kota:, :u_kelurahan:, :u_kecamatan:, :u_kodepos:, :u_created_at:, :updated_at:)', [...], false)
 5 SYSTEMPATH\Model.php(279): CodeIgniter\Database\BaseBuilder->insert()
 6 SYSTEMPATH\BaseModel.php(749): CodeIgniter\Model->doInsert([...])
 7 SYSTEMPATH\Model.php(667): CodeIgniter\BaseModel->insert([...], true)
 8 APPPATH\Controllers\AdminControllers.php(244): CodeIgniter\Model->insert([...])
 9 SYSTEMPATH\CodeIgniter.php(927): App\Controllers\AdminControllers->registeruserprocess()
10 SYSTEMPATH\CodeIgniter.php(482): CodeIgniter\CodeIgniter->runController(Object(App\Controllers\AdminControllers))
11 SYSTEMPATH\CodeIgniter.php(351): CodeIgniter\CodeIgniter->handleRequest(null, Object(Config\Cache), false)
12 FCPATH\index.php(67): CodeIgniter\CodeIgniter->run()
13 SYSTEMPATH\Commands\Server\rewrite.php(46): require_once('FCPATH\\index.php')
ERROR - 2023-02-03 17:25:58 --> mysqli_sql_exception: Unknown column 'u_created_at' in 'field list' in C:\xampp\htdocs\ProjectPaket\system\Database\MySQLi\Connection.php:292
Stack trace:
#0 C:\xampp\htdocs\ProjectPaket\system\Database\MySQLi\Connection.php(292): mysqli->query('INSERT INTO `tb...', 0)
#1 C:\xampp\htdocs\ProjectPaket\system\Database\BaseConnection.php(666): CodeIgniter\Database\MySQLi\Connection->execute('INSERT INTO `tb...')
#2 C:\xampp\htdocs\ProjectPaket\system\Database\BaseConnection.php(593): CodeIgniter\Database\BaseConnection->simpleQuery('INSERT INTO `tb...')
#3 C:\xampp\htdocs\ProjectPaket\system\Database\BaseBuilder.php(1916): CodeIgniter\Database\BaseConnection->query('INSERT INTO `tb...', Array, false)
#4 C:\xampp\htdocs\ProjectPaket\system\Model.php(279): CodeIgniter\Database\BaseBuilder->insert()
#5 C:\xampp\htdocs\ProjectPaket\system\BaseModel.php(749): CodeIgniter\Model->doInsert(Array)
#6 C:\xampp\htdocs\ProjectPaket\system\Model.php(667): CodeIgniter\BaseModel->insert(Array, true)
#7 C:\xampp\htdocs\ProjectPaket\app\Controllers\AdminControllers.php(244): CodeIgniter\Model->insert(Array)
#8 C:\xampp\htdocs\ProjectPaket\system\CodeIgniter.php(927): App\Controllers\AdminControllers->registeruserprocess()
#9 C:\xampp\htdocs\ProjectPaket\system\CodeIgniter.php(482): CodeIgniter\CodeIgniter->runController(Object(App\Controllers\AdminControllers))
#10 C:\xampp\htdocs\ProjectPaket\system\CodeIgniter.php(351): CodeIgniter\CodeIgniter->handleRequest(NULL, Object(Config\Cache), false)
#11 C:\xampp\htdocs\ProjectPaket\public\index.php(67): CodeIgniter\CodeIgniter->run()
#12 C:\xampp\htdocs\ProjectPaket\system\Commands\Server\rewrite.php(46): require_once('C:\\xampp\\htdocs...')
#13 {main}
CRITICAL - 2023-02-03 17:25:58 --> Unknown column 'u_created_at' in 'field list'
in SYSTEMPATH\Database\MySQLi\Connection.php on line 292.
 1 SYSTEMPATH\Database\MySQLi\Connection.php(292): mysqli->query('INSERT INTO `tb_user` (`u_username`, `u_password`, `u_fullname`, `u_role`, `u_referensi`, `u_email`, `u_create_at`, `u_nik`, `u_nama`, `u_tempat_lahir`, `u_tanggal_lahir`, `u_jenis_kelamin`, `u_provinsi`, `u_kota`, `u_kelurahan`, `u_kecamatan`, `u_kodepos`, `u_created_at`, `updated_at`) VALUES (\'dfhgfdghfdgh\', \'$2y$10$DFq1I7PNJTJjn12kGQp.Pet2cc.rdUITS1FIIfwd2ajj4ocU8DRcO\', \'Ahmad Arif\', \'owner\', \'8\', \'qvftp1223@gmail.com\', \'2023-02-03 05:25:22\', \'1234567890123232123\', \'Ahmad Arif\', \'Cimahi\', \'2023-02-03\', \'Perempuan\', \'ACEH\', \'KABUPATEN SIMEULUE\', \'Cibeureum\', \'TEUPAH BARAT\', \'10730\', \'2023-02-03 17:25:58\', \'2023-02-03 17:25:58\')', 0)
 2 SYSTEMPATH\Database\BaseConnection.php(666): CodeIgniter\Database\MySQLi\Connection->execute('INSERT INTO `tb_user` (`u_username`, `u_password`, `u_fullname`, `u_role`, `u_referensi`, `u_email`, `u_create_at`, `u_nik`, `u_nama`, `u_tempat_lahir`, `u_tanggal_lahir`, `u_jenis_kelamin`, `u_provinsi`, `u_kota`, `u_kelurahan`, `u_kecamatan`, `u_kodepos`, `u_created_at`, `updated_at`) VALUES (\'dfhgfdghfdgh\', \'$2y$10$DFq1I7PNJTJjn12kGQp.Pet2cc.rdUITS1FIIfwd2ajj4ocU8DRcO\', \'Ahmad Arif\', \'owner\', \'8\', \'qvftp1223@gmail.com\', \'2023-02-03 05:25:22\', \'1234567890123232123\', \'Ahmad Arif\', \'Cimahi\', \'2023-02-03\', \'Perempuan\', \'ACEH\', \'KABUPATEN SIMEULUE\', \'Cibeureum\', \'TEUPAH BARAT\', \'10730\', \'2023-02-03 17:25:58\', \'2023-02-03 17:25:58\')')
 3 SYSTEMPATH\Database\BaseConnection.php(593): CodeIgniter\Database\BaseConnection->simpleQuery('INSERT INTO `tb_user` (`u_username`, `u_password`, `u_fullname`, `u_role`, `u_referensi`, `u_email`, `u_create_at`, `u_nik`, `u_nama`, `u_tempat_lahir`, `u_tanggal_lahir`, `u_jenis_kelamin`, `u_provinsi`, `u_kota`, `u_kelurahan`, `u_kecamatan`, `u_kodepos`, `u_created_at`, `updated_at`) VALUES (\'dfhgfdghfdgh\', \'$2y$10$DFq1I7PNJTJjn12kGQp.Pet2cc.rdUITS1FIIfwd2ajj4ocU8DRcO\', \'Ahmad Arif\', \'owner\', \'8\', \'qvftp1223@gmail.com\', \'2023-02-03 05:25:22\', \'1234567890123232123\', \'Ahmad Arif\', \'Cimahi\', \'2023-02-03\', \'Perempuan\', \'ACEH\', \'KABUPATEN SIMEULUE\', \'Cibeureum\', \'TEUPAH BARAT\', \'10730\', \'2023-02-03 17:25:58\', \'2023-02-03 17:25:58\')')
 4 SYSTEMPATH\Database\BaseBuilder.php(1916): CodeIgniter\Database\BaseConnection->query('INSERT INTO `tb_user` (`u_username`, `u_password`, `u_fullname`, `u_role`, `u_referensi`, `u_email`, `u_create_at`, `u_nik`, `u_nama`, `u_tempat_lahir`, `u_tanggal_lahir`, `u_jenis_kelamin`, `u_provinsi`, `u_kota`, `u_kelurahan`, `u_kecamatan`, `u_kodepos`, `u_created_at`, `updated_at`) VALUES (:u_username:, :u_password:, :u_fullname:, :u_role:, :u_referensi:, :u_email:, :u_create_at:, :u_nik:, :u_nama:, :u_tempat_lahir:, :u_tanggal_lahir:, :u_jenis_kelamin:, :u_provinsi:, :u_kota:, :u_kelurahan:, :u_kecamatan:, :u_kodepos:, :u_created_at:, :updated_at:)', [...], false)
 5 SYSTEMPATH\Model.php(279): CodeIgniter\Database\BaseBuilder->insert()
 6 SYSTEMPATH\BaseModel.php(749): CodeIgniter\Model->doInsert([...])
 7 SYSTEMPATH\Model.php(667): CodeIgniter\BaseModel->insert([...], true)
 8 APPPATH\Controllers\AdminControllers.php(244): CodeIgniter\Model->insert([...])
 9 SYSTEMPATH\CodeIgniter.php(927): App\Controllers\AdminControllers->registeruserprocess()
10 SYSTEMPATH\CodeIgniter.php(482): CodeIgniter\CodeIgniter->runController(Object(App\Controllers\AdminControllers))
11 SYSTEMPATH\CodeIgniter.php(351): CodeIgniter\CodeIgniter->handleRequest(null, Object(Config\Cache), false)
12 FCPATH\index.php(67): CodeIgniter\CodeIgniter->run()
13 SYSTEMPATH\Commands\Server\rewrite.php(46): require_once('FCPATH\\index.php')
CRITICAL - 2023-02-03 17:42:32 --> Invalid file: admin/registeruser.php
in SYSTEMPATH\Exceptions\FrameworkException.php on line 33.
 1 SYSTEMPATH\View\View.php(201): CodeIgniter\Exceptions\FrameworkException::forInvalidFile('admin/registeruser.php')
 2 SYSTEMPATH\Common.php(1134): CodeIgniter\View\View->render('admin/registeruser', [], true)
 3 APPPATH\Controllers\AdminControllers.php(77): view('admin/registeruser', [...])
 4 SYSTEMPATH\CodeIgniter.php(927): App\Controllers\AdminControllers->registeruser()
 5 SYSTEMPATH\CodeIgniter.php(482): CodeIgniter\CodeIgniter->runController(Object(App\Controllers\AdminControllers))
 6 SYSTEMPATH\CodeIgniter.php(351): CodeIgniter\CodeIgniter->handleRequest(null, Object(Config\Cache), false)
 7 FCPATH\index.php(67): CodeIgniter\CodeIgniter->run()
 8 SYSTEMPATH\Commands\Server\rewrite.php(46): require_once('FCPATH\\index.php')
CRITICAL - 2023-02-03 17:43:52 --> Invalid file: admin/formsregister/registeruser.php
in SYSTEMPATH\Exceptions\FrameworkException.php on line 33.
 1 SYSTEMPATH\View\View.php(201): CodeIgniter\Exceptions\FrameworkException::forInvalidFile('admin/formsregister/registeruser.php')
 2 SYSTEMPATH\Common.php(1134): CodeIgniter\View\View->render('admin/formsregister/registeruser', [], true)
 3 APPPATH\Controllers\AdminControllers.php(77): view('admin/formsregister/registeruser', [...])
 4 SYSTEMPATH\CodeIgniter.php(927): App\Controllers\AdminControllers->registeruser()
 5 SYSTEMPATH\CodeIgniter.php(482): CodeIgniter\CodeIgniter->runController(Object(App\Controllers\AdminControllers))
 6 SYSTEMPATH\CodeIgniter.php(351): CodeIgniter\CodeIgniter->handleRequest(null, Object(Config\Cache), false)
 7 FCPATH\index.php(67): CodeIgniter\CodeIgniter->run()
 8 SYSTEMPATH\Commands\Server\rewrite.php(46): require_once('FCPATH\\index.php')
CRITICAL - 2023-02-03 17:50:25 --> Undefined variable $RegisterSupplier
in APPPATH\Views\admin\layout\menu.php on line 9.
 1 APPPATH\Views\admin\layout\menu.php(9): CodeIgniter\Debug\Exceptions->errorHandler(2, 'Undefined variable $RegisterSupplier', 'APPPATH\\Views\\admin\\layout\\menu.php', 9)
 2 SYSTEMPATH\View\View.php(213): include('APPPATH\\Views\\admin\\layout\\menu.php')
 3 SYSTEMPATH\View\View.php(216): CodeIgniter\View\View->CodeIgniter\View\{closure}()
 4 SYSTEMPATH\View\View.php(431): CodeIgniter\View\View->render('admin/layout/menu', null, true)
 5 APPPATH\Views\admin\layout\default.php(286): CodeIgniter\View\View->include('admin/layout/menu')
 6 SYSTEMPATH\View\View.php(213): include('APPPATH\\Views\\admin\\layout\\default.php')
 7 SYSTEMPATH\View\View.php(216): CodeIgniter\View\View->CodeIgniter\View\{closure}()
 8 SYSTEMPATH\View\View.php(229): CodeIgniter\View\View->render('admin/layout/default', [], true)
 9 SYSTEMPATH\Common.php(1134): CodeIgniter\View\View->render('admin/registeruser', [], true)
10 APPPATH\Controllers\AdminControllers.php(77): view('admin/registeruser', [...])
11 SYSTEMPATH\CodeIgniter.php(927): App\Controllers\AdminControllers->registeruser()
12 SYSTEMPATH\CodeIgniter.php(482): CodeIgniter\CodeIgniter->runController(Object(App\Controllers\AdminControllers))
13 SYSTEMPATH\CodeIgniter.php(351): CodeIgniter\CodeIgniter->handleRequest(null, Object(Config\Cache), false)
14 FCPATH\index.php(67): CodeIgniter\CodeIgniter->run()
15 SYSTEMPATH\Commands\Server\rewrite.php(46): require_once('FCPATH\\index.php')
CRITICAL - 2023-02-03 17:50:57 --> Undefined variable $RegisterSupplier
in APPPATH\Views\admin\layout\menu.php on line 9.
 1 APPPATH\Views\admin\layout\menu.php(9): CodeIgniter\Debug\Exceptions->errorHandler(2, 'Undefined variable $RegisterSupplier', 'APPPATH\\Views\\admin\\layout\\menu.php', 9)
 2 SYSTEMPATH\View\View.php(213): include('APPPATH\\Views\\admin\\layout\\menu.php')
 3 SYSTEMPATH\View\View.php(216): CodeIgniter\View\View->CodeIgniter\View\{closure}()
 4 SYSTEMPATH\View\View.php(431): CodeIgniter\View\View->render('admin/layout/menu', null, true)
 5 APPPATH\Views\admin\layout\default.php(286): CodeIgniter\View\View->include('admin/layout/menu')
 6 SYSTEMPATH\View\View.php(213): include('APPPATH\\Views\\admin\\layout\\default.php')
 7 SYSTEMPATH\View\View.php(216): CodeIgniter\View\View->CodeIgniter\View\{closure}()
 8 SYSTEMPATH\View\View.php(229): CodeIgniter\View\View->render('admin/layout/default', [], true)
 9 SYSTEMPATH\Common.php(1134): CodeIgniter\View\View->render('admin/registeruser', [], true)
10 APPPATH\Controllers\AdminControllers.php(78): view('admin/registeruser', [...])
11 SYSTEMPATH\CodeIgniter.php(927): App\Controllers\AdminControllers->registeruser()
12 SYSTEMPATH\CodeIgniter.php(482): CodeIgniter\CodeIgniter->runController(Object(App\Controllers\AdminControllers))
13 SYSTEMPATH\CodeIgniter.php(351): CodeIgniter\CodeIgniter->handleRequest(null, Object(Config\Cache), false)
14 FCPATH\index.php(67): CodeIgniter\CodeIgniter->run()
15 SYSTEMPATH\Commands\Server\rewrite.php(46): require_once('FCPATH\\index.php')
CRITICAL - 2023-02-03 17:51:39 --> Undefined variable $RegisterSupplier
in APPPATH\Views\admin\layout\menu.php on line 9.
 1 APPPATH\Views\admin\layout\menu.php(9): CodeIgniter\Debug\Exceptions->errorHandler(2, 'Undefined variable $RegisterSupplier', 'APPPATH\\Views\\admin\\layout\\menu.php', 9)
 2 SYSTEMPATH\View\View.php(213): include('APPPATH\\Views\\admin\\layout\\menu.php')
 3 SYSTEMPATH\View\View.php(216): CodeIgniter\View\View->CodeIgniter\View\{closure}()
 4 SYSTEMPATH\View\View.php(431): CodeIgniter\View\View->render('admin/layout/menu', null, true)
 5 APPPATH\Views\admin\layout\default.php(286): CodeIgniter\View\View->include('admin/layout/menu')
 6 SYSTEMPATH\View\View.php(213): include('APPPATH\\Views\\admin\\layout\\default.php')
 7 SYSTEMPATH\View\View.php(216): CodeIgniter\View\View->CodeIgniter\View\{closure}()
 8 SYSTEMPATH\View\View.php(229): CodeIgniter\View\View->render('admin/layout/default', [], true)
 9 SYSTEMPATH\Common.php(1134): CodeIgniter\View\View->render('admin/datauser', [], true)
10 APPPATH\Controllers\AdminControllers.php(675): view('admin/datauser', [...])
11 SYSTEMPATH\CodeIgniter.php(927): App\Controllers\AdminControllers->listdatasupplier()
12 SYSTEMPATH\CodeIgniter.php(482): CodeIgniter\CodeIgniter->runController(Object(App\Controllers\AdminControllers))
13 SYSTEMPATH\CodeIgniter.php(351): CodeIgniter\CodeIgniter->handleRequest(null, Object(Config\Cache), false)
14 FCPATH\index.php(67): CodeIgniter\CodeIgniter->run()
15 SYSTEMPATH\Commands\Server\rewrite.php(46): require_once('FCPATH\\index.php')
CRITICAL - 2023-02-03 17:55:04 --> Undefined variable $user
in APPPATH\Views\admin\datasupplier.php on line 45.
 1 APPPATH\Views\admin\datasupplier.php(45): CodeIgniter\Debug\Exceptions->errorHandler(2, 'Undefined variable $user', 'APPPATH\\Views\\admin\\datasupplier.php', 45)
 2 SYSTEMPATH\View\View.php(213): include('APPPATH\\Views\\admin\\datasupplier.php')
 3 SYSTEMPATH\View\View.php(216): CodeIgniter\View\View->CodeIgniter\View\{closure}()
 4 SYSTEMPATH\Common.php(1134): CodeIgniter\View\View->render('admin/datasupplier', [], true)
 5 APPPATH\Controllers\AdminControllers.php(676): view('admin/datasupplier', [...])
 6 SYSTEMPATH\CodeIgniter.php(927): App\Controllers\AdminControllers->listdatasupplier()
 7 SYSTEMPATH\CodeIgniter.php(482): CodeIgniter\CodeIgniter->runController(Object(App\Controllers\AdminControllers))
 8 SYSTEMPATH\CodeIgniter.php(351): CodeIgniter\CodeIgniter->handleRequest(null, Object(Config\Cache), false)
 9 FCPATH\index.php(67): CodeIgniter\CodeIgniter->run()
10 SYSTEMPATH\Commands\Server\rewrite.php(46): require_once('FCPATH\\index.php')
CRITICAL - 2023-02-03 17:55:26 --> Undefined variable $user
in APPPATH\Views\admin\datasupplier.php on line 50.
 1 APPPATH\Views\admin\datasupplier.php(50): CodeIgniter\Debug\Exceptions->errorHandler(2, 'Undefined variable $user', 'APPPATH\\Views\\admin\\datasupplier.php', 50)
 2 SYSTEMPATH\View\View.php(213): include('APPPATH\\Views\\admin\\datasupplier.php')
 3 SYSTEMPATH\View\View.php(216): CodeIgniter\View\View->CodeIgniter\View\{closure}()
 4 SYSTEMPATH\Common.php(1134): CodeIgniter\View\View->render('admin/datasupplier', [], true)
 5 APPPATH\Controllers\AdminControllers.php(676): view('admin/datasupplier', [...])
 6 SYSTEMPATH\CodeIgniter.php(927): App\Controllers\AdminControllers->listdatasupplier()
 7 SYSTEMPATH\CodeIgniter.php(482): CodeIgniter\CodeIgniter->runController(Object(App\Controllers\AdminControllers))
 8 SYSTEMPATH\CodeIgniter.php(351): CodeIgniter\CodeIgniter->handleRequest(null, Object(Config\Cache), false)
 9 FCPATH\index.php(67): CodeIgniter\CodeIgniter->run()
10 SYSTEMPATH\Commands\Server\rewrite.php(46): require_once('FCPATH\\index.php')
CRITICAL - 2023-02-03 17:58:33 --> Undefined variable $user
in APPPATH\Views\admin\datasupplier.php on line 50.
 1 APPPATH\Views\admin\datasupplier.php(50): CodeIgniter\Debug\Exceptions->errorHandler(2, 'Undefined variable $user', 'APPPATH\\Views\\admin\\datasupplier.php', 50)
 2 SYSTEMPATH\View\View.php(213): include('APPPATH\\Views\\admin\\datasupplier.php')
 3 SYSTEMPATH\View\View.php(216): CodeIgniter\View\View->CodeIgniter\View\{closure}()
 4 SYSTEMPATH\Common.php(1134): CodeIgniter\View\View->render('admin/datasupplier', [], true)
 5 APPPATH\Controllers\AdminControllers.php(676): view('admin/datasupplier', [...])
 6 SYSTEMPATH\CodeIgniter.php(927): App\Controllers\AdminControllers->listdatasupplier()
 7 SYSTEMPATH\CodeIgniter.php(482): CodeIgniter\CodeIgniter->runController(Object(App\Controllers\AdminControllers))
 8 SYSTEMPATH\CodeIgniter.php(351): CodeIgniter\CodeIgniter->handleRequest(null, Object(Config\Cache), false)
 9 FCPATH\index.php(67): CodeIgniter\CodeIgniter->run()
10 SYSTEMPATH\Commands\Server\rewrite.php(46): require_once('FCPATH\\index.php')
CRITICAL - 2023-02-03 18:08:00 --> Call to undefined method App\Models\SupplierModels::getuserreferensiadmin
in SYSTEMPATH\Model.php on line 774.
 1 APPPATH\Controllers\AdminControllers.php(491): CodeIgniter\Model->__call('getuserreferensiadmin', [])
 2 SYSTEMPATH\CodeIgniter.php(927): App\Controllers\AdminControllers->registersupplier()
 3 SYSTEMPATH\CodeIgniter.php(482): CodeIgniter\CodeIgniter->runController(Object(App\Controllers\AdminControllers))
 4 SYSTEMPATH\CodeIgniter.php(351): CodeIgniter\CodeIgniter->handleRequest(null, Object(Config\Cache), false)
 5 FCPATH\index.php(67): CodeIgniter\CodeIgniter->run()
 6 SYSTEMPATH\Commands\Server\rewrite.php(46): require_once('FCPATH\\index.php')
CRITICAL - 2023-02-03 18:10:47 --> Undefined variable $nameuser
in APPPATH\Views\admin\registersupplier.php on line 71.
 1 APPPATH\Views\admin\registersupplier.php(71): CodeIgniter\Debug\Exceptions->errorHandler(2, 'Undefined variable $nameuser', 'APPPATH\\Views\\admin\\registersupplier.php', 71)
 2 SYSTEMPATH\View\View.php(213): include('APPPATH\\Views\\admin\\registersupplier.php')
 3 SYSTEMPATH\View\View.php(216): CodeIgniter\View\View->CodeIgniter\View\{closure}()
 4 SYSTEMPATH\Common.php(1134): CodeIgniter\View\View->render('admin/registersupplier', [], true)
 5 APPPATH\Controllers\AdminControllers.php(490): view('admin/registersupplier', [...])
 6 SYSTEMPATH\CodeIgniter.php(927): App\Controllers\AdminControllers->registersupplier()
 7 SYSTEMPATH\CodeIgniter.php(482): CodeIgniter\CodeIgniter->runController(Object(App\Controllers\AdminControllers))
 8 SYSTEMPATH\CodeIgniter.php(351): CodeIgniter\CodeIgniter->handleRequest(null, Object(Config\Cache), false)
 9 FCPATH\index.php(67): CodeIgniter\CodeIgniter->run()
10 SYSTEMPATH\Commands\Server\rewrite.php(46): require_once('FCPATH\\index.php')
CRITICAL - 2023-02-03 18:30:16 --> Invalid file: admin/importexcelsupplier.php
in SYSTEMPATH\Exceptions\FrameworkException.php on line 33.
 1 SYSTEMPATH\View\View.php(201): CodeIgniter\Exceptions\FrameworkException::forInvalidFile('admin/importexcelsupplier.php')
 2 SYSTEMPATH\View\View.php(431): CodeIgniter\View\View->render('admin/importexcelsupplier', null, true)
 3 APPPATH\Views\admin\registersupplier.php(37): CodeIgniter\View\View->include('admin/importexcelsupplier')
 4 SYSTEMPATH\View\View.php(213): include('APPPATH\\Views\\admin\\registersupplier.php')
 5 SYSTEMPATH\View\View.php(216): CodeIgniter\View\View->CodeIgniter\View\{closure}()
 6 SYSTEMPATH\Common.php(1134): CodeIgniter\View\View->render('admin/registersupplier', [], true)
 7 APPPATH\Controllers\AdminControllers.php(490): view('admin/registersupplier', [...])
 8 SYSTEMPATH\CodeIgniter.php(927): App\Controllers\AdminControllers->registersupplier()
 9 SYSTEMPATH\CodeIgniter.php(482): CodeIgniter\CodeIgniter->runController(Object(App\Controllers\AdminControllers))
10 SYSTEMPATH\CodeIgniter.php(351): CodeIgniter\CodeIgniter->handleRequest(null, Object(Config\Cache), false)
11 FCPATH\index.php(67): CodeIgniter\CodeIgniter->run()
12 SYSTEMPATH\Commands\Server\rewrite.php(46): require_once('FCPATH\\index.php')
ERROR - 2023-02-03 18:43:06 --> mysqli_sql_exception: Column 'u_id' cannot be null in C:\xampp\htdocs\ProjectPaket\system\Database\MySQLi\Connection.php:292
Stack trace:
#0 C:\xampp\htdocs\ProjectPaket\system\Database\MySQLi\Connection.php(292): mysqli->query('INSERT INTO `tb...', 0)
#1 C:\xampp\htdocs\ProjectPaket\system\Database\BaseConnection.php(666): CodeIgniter\Database\MySQLi\Connection->execute('INSERT INTO `tb...')
#2 C:\xampp\htdocs\ProjectPaket\system\Database\BaseConnection.php(593): CodeIgniter\Database\BaseConnection->simpleQuery('INSERT INTO `tb...')
#3 C:\xampp\htdocs\ProjectPaket\system\Database\BaseBuilder.php(1916): CodeIgniter\Database\BaseConnection->query('INSERT INTO `tb...', Array, false)
#4 C:\xampp\htdocs\ProjectPaket\system\Model.php(279): CodeIgniter\Database\BaseBuilder->insert()
#5 C:\xampp\htdocs\ProjectPaket\system\BaseModel.php(749): CodeIgniter\Model->doInsert(Array)
#6 C:\xampp\htdocs\ProjectPaket\system\Model.php(667): CodeIgniter\BaseModel->insert(Array, true)
#7 C:\xampp\htdocs\ProjectPaket\app\Controllers\AdminControllers.php(523): CodeIgniter\Model->insert(Array)
#8 C:\xampp\htdocs\ProjectPaket\system\CodeIgniter.php(927): App\Controllers\AdminControllers->registersupplierprocess()
#9 C:\xampp\htdocs\ProjectPaket\system\CodeIgniter.php(482): CodeIgniter\CodeIgniter->runController(Object(App\Controllers\AdminControllers))
#10 C:\xampp\htdocs\ProjectPaket\system\CodeIgniter.php(351): CodeIgniter\CodeIgniter->handleRequest(NULL, Object(Config\Cache), false)
#11 C:\xampp\htdocs\ProjectPaket\public\index.php(67): CodeIgniter\CodeIgniter->run()
#12 C:\xampp\htdocs\ProjectPaket\system\Commands\Server\rewrite.php(46): require_once('C:\\xampp\\htdocs...')
#13 {main}
CRITICAL - 2023-02-03 18:43:06 --> Column 'u_id' cannot be null
in SYSTEMPATH\Database\MySQLi\Connection.php on line 292.
 1 SYSTEMPATH\Database\MySQLi\Connection.php(292): mysqli->query('INSERT INTO `tb_supplier` (`s_nama`, `s_alamat`, `s_contact`, `u_id`) VALUES (\'PT. Fanta\', \'Jl. Cileunyi \\r\\n\', \'0822173987771\', NULL)', 0)
 2 SYSTEMPATH\Database\BaseConnection.php(666): CodeIgniter\Database\MySQLi\Connection->execute('INSERT INTO `tb_supplier` (`s_nama`, `s_alamat`, `s_contact`, `u_id`) VALUES (\'PT. Fanta\', \'Jl. Cileunyi \\r\\n\', \'0822173987771\', NULL)')
 3 SYSTEMPATH\Database\BaseConnection.php(593): CodeIgniter\Database\BaseConnection->simpleQuery('INSERT INTO `tb_supplier` (`s_nama`, `s_alamat`, `s_contact`, `u_id`) VALUES (\'PT. Fanta\', \'Jl. Cileunyi \\r\\n\', \'0822173987771\', NULL)')
 4 SYSTEMPATH\Database\BaseBuilder.php(1916): CodeIgniter\Database\BaseConnection->query('INSERT INTO `tb_supplier` (`s_nama`, `s_alamat`, `s_contact`, `u_id`) VALUES (:s_nama:, :s_alamat:, :s_contact:, :u_id:)', [...], false)
 5 SYSTEMPATH\Model.php(279): CodeIgniter\Database\BaseBuilder->insert()
 6 SYSTEMPATH\BaseModel.php(749): CodeIgniter\Model->doInsert([...])
 7 SYSTEMPATH\Model.php(667): CodeIgniter\BaseModel->insert([...], true)
 8 APPPATH\Controllers\AdminControllers.php(523): CodeIgniter\Model->insert([...])
 9 SYSTEMPATH\CodeIgniter.php(927): App\Controllers\AdminControllers->registersupplierprocess()
10 SYSTEMPATH\CodeIgniter.php(482): CodeIgniter\CodeIgniter->runController(Object(App\Controllers\AdminControllers))
11 SYSTEMPATH\CodeIgniter.php(351): CodeIgniter\CodeIgniter->handleRequest(null, Object(Config\Cache), false)
12 FCPATH\index.php(67): CodeIgniter\CodeIgniter->run()
13 SYSTEMPATH\Commands\Server\rewrite.php(46): require_once('FCPATH\\index.php')
CRITICAL - 2023-02-03 18:46:16 --> Trying to access array offset on value of type null
in APPPATH\Views\admin\registeredit.php on line 35.
 1 APPPATH\Views\admin\registeredit.php(35): CodeIgniter\Debug\Exceptions->errorHandler(2, 'Trying to access array offset on value of type null', 'APPPATH\\Views\\admin\\registeredit.php', 35)
 2 SYSTEMPATH\View\View.php(213): include('APPPATH\\Views\\admin\\registeredit.php')
 3 SYSTEMPATH\View\View.php(216): CodeIgniter\View\View->CodeIgniter\View\{closure}()
 4 SYSTEMPATH\Common.php(1134): CodeIgniter\View\View->render('admin/registeredit', [], true)
 5 APPPATH\Controllers\AdminControllers.php(613): view('admin/registeredit', [...])
 6 SYSTEMPATH\CodeIgniter.php(927): App\Controllers\AdminControllers->editsupplier('0')
 7 SYSTEMPATH\CodeIgniter.php(482): CodeIgniter\CodeIgniter->runController(Object(App\Controllers\AdminControllers))
 8 SYSTEMPATH\CodeIgniter.php(351): CodeIgniter\CodeIgniter->handleRequest(null, Object(Config\Cache), false)
 9 FCPATH\index.php(67): CodeIgniter\CodeIgniter->run()
10 SYSTEMPATH\Commands\Server\rewrite.php(46): require_once('FCPATH\\index.php')
ERROR - 2023-02-03 18:49:14 --> mysqli_sql_exception: Duplicate entry '0' for key 'PRIMARY' in C:\xampp\htdocs\ProjectPaket\system\Database\MySQLi\Connection.php:292
Stack trace:
#0 C:\xampp\htdocs\ProjectPaket\system\Database\MySQLi\Connection.php(292): mysqli->query('INSERT INTO `tb...', 0)
#1 C:\xampp\htdocs\ProjectPaket\system\Database\BaseConnection.php(666): CodeIgniter\Database\MySQLi\Connection->execute('INSERT INTO `tb...')
#2 C:\xampp\htdocs\ProjectPaket\system\Database\BaseConnection.php(593): CodeIgniter\Database\BaseConnection->simpleQuery('INSERT INTO `tb...')
#3 C:\xampp\htdocs\ProjectPaket\system\Database\BaseBuilder.php(1916): CodeIgniter\Database\BaseConnection->query('INSERT INTO `tb...', Array, false)
#4 C:\xampp\htdocs\ProjectPaket\system\Model.php(279): CodeIgniter\Database\BaseBuilder->insert()
#5 C:\xampp\htdocs\ProjectPaket\system\BaseModel.php(749): CodeIgniter\Model->doInsert(Array)
#6 C:\xampp\htdocs\ProjectPaket\system\Model.php(667): CodeIgniter\BaseModel->insert(Array, true)
#7 C:\xampp\htdocs\ProjectPaket\app\Controllers\AdminControllers.php(523): CodeIgniter\Model->insert(Array)
#8 C:\xampp\htdocs\ProjectPaket\system\CodeIgniter.php(927): App\Controllers\AdminControllers->registersupplierprocess()
#9 C:\xampp\htdocs\ProjectPaket\system\CodeIgniter.php(482): CodeIgniter\CodeIgniter->runController(Object(App\Controllers\AdminControllers))
#10 C:\xampp\htdocs\ProjectPaket\system\CodeIgniter.php(351): CodeIgniter\CodeIgniter->handleRequest(NULL, Object(Config\Cache), false)
#11 C:\xampp\htdocs\ProjectPaket\public\index.php(67): CodeIgniter\CodeIgniter->run()
#12 C:\xampp\htdocs\ProjectPaket\system\Commands\Server\rewrite.php(46): require_once('C:\\xampp\\htdocs...')
#13 {main}
CRITICAL - 2023-02-03 18:49:14 --> Duplicate entry '0' for key 'PRIMARY'
in SYSTEMPATH\Database\MySQLi\Connection.php on line 292.
 1 SYSTEMPATH\Database\MySQLi\Connection.php(292): mysqli->query('INSERT INTO `tb_supplier` (`s_nama`, `s_alamat`, `s_contact`, `u_id`) VALUES (\'PT. Sprit\', \'Jl. Cileunyi \\r\\n\', \'0822173987771\', \'1\')', 0)
 2 SYSTEMPATH\Database\BaseConnection.php(666): CodeIgniter\Database\MySQLi\Connection->execute('INSERT INTO `tb_supplier` (`s_nama`, `s_alamat`, `s_contact`, `u_id`) VALUES (\'PT. Sprit\', \'Jl. Cileunyi \\r\\n\', \'0822173987771\', \'1\')')
 3 SYSTEMPATH\Database\BaseConnection.php(593): CodeIgniter\Database\BaseConnection->simpleQuery('INSERT INTO `tb_supplier` (`s_nama`, `s_alamat`, `s_contact`, `u_id`) VALUES (\'PT. Sprit\', \'Jl. Cileunyi \\r\\n\', \'0822173987771\', \'1\')')
 4 SYSTEMPATH\Database\BaseBuilder.php(1916): CodeIgniter\Database\BaseConnection->query('INSERT INTO `tb_supplier` (`s_nama`, `s_alamat`, `s_contact`, `u_id`) VALUES (:s_nama:, :s_alamat:, :s_contact:, :u_id:)', [...], false)
 5 SYSTEMPATH\Model.php(279): CodeIgniter\Database\BaseBuilder->insert()
 6 SYSTEMPATH\BaseModel.php(749): CodeIgniter\Model->doInsert([...])
 7 SYSTEMPATH\Model.php(667): CodeIgniter\BaseModel->insert([...], true)
 8 APPPATH\Controllers\AdminControllers.php(523): CodeIgniter\Model->insert([...])
 9 SYSTEMPATH\CodeIgniter.php(927): App\Controllers\AdminControllers->registersupplierprocess()
10 SYSTEMPATH\CodeIgniter.php(482): CodeIgniter\CodeIgniter->runController(Object(App\Controllers\AdminControllers))
11 SYSTEMPATH\CodeIgniter.php(351): CodeIgniter\CodeIgniter->handleRequest(null, Object(Config\Cache), false)
12 FCPATH\index.php(67): CodeIgniter\CodeIgniter->run()
13 SYSTEMPATH\Commands\Server\rewrite.php(46): require_once('FCPATH\\index.php')
ERROR - 2023-02-03 18:51:17 --> mysqli_sql_exception: Duplicate entry '0' for key 'PRIMARY' in C:\xampp\htdocs\ProjectPaket\system\Database\MySQLi\Connection.php:292
Stack trace:
#0 C:\xampp\htdocs\ProjectPaket\system\Database\MySQLi\Connection.php(292): mysqli->query('INSERT INTO `tb...', 0)
#1 C:\xampp\htdocs\ProjectPaket\system\Database\BaseConnection.php(666): CodeIgniter\Database\MySQLi\Connection->execute('INSERT INTO `tb...')
#2 C:\xampp\htdocs\ProjectPaket\system\Database\BaseConnection.php(593): CodeIgniter\Database\BaseConnection->simpleQuery('INSERT INTO `tb...')
#3 C:\xampp\htdocs\ProjectPaket\system\Database\BaseBuilder.php(1916): CodeIgniter\Database\BaseConnection->query('INSERT INTO `tb...', Array, false)
#4 C:\xampp\htdocs\ProjectPaket\system\Model.php(279): CodeIgniter\Database\BaseBuilder->insert()
#5 C:\xampp\htdocs\ProjectPaket\system\BaseModel.php(749): CodeIgniter\Model->doInsert(Array)
#6 C:\xampp\htdocs\ProjectPaket\system\Model.php(667): CodeIgniter\BaseModel->insert(Array, true)
#7 C:\xampp\htdocs\ProjectPaket\app\Controllers\AdminControllers.php(523): CodeIgniter\Model->insert(Array)
#8 C:\xampp\htdocs\ProjectPaket\system\CodeIgniter.php(927): App\Controllers\AdminControllers->registersupplierprocess()
#9 C:\xampp\htdocs\ProjectPaket\system\CodeIgniter.php(482): CodeIgniter\CodeIgniter->runController(Object(App\Controllers\AdminControllers))
#10 C:\xampp\htdocs\ProjectPaket\system\CodeIgniter.php(351): CodeIgniter\CodeIgniter->handleRequest(NULL, Object(Config\Cache), false)
#11 C:\xampp\htdocs\ProjectPaket\public\index.php(67): CodeIgniter\CodeIgniter->run()
#12 C:\xampp\htdocs\ProjectPaket\system\Commands\Server\rewrite.php(46): require_once('C:\\xampp\\htdocs...')
#13 {main}
CRITICAL - 2023-02-03 18:51:17 --> Duplicate entry '0' for key 'PRIMARY'
in SYSTEMPATH\Database\MySQLi\Connection.php on line 292.
 1 SYSTEMPATH\Database\MySQLi\Connection.php(292): mysqli->query('INSERT INTO `tb_supplier` (`s_nama`, `s_alamat`, `s_contact`, `u_id`) VALUES (\'PT. Sprit\', \'Jl. Cileunyi \\r\\n\', \'0822173987771\', \'1\')', 0)
 2 SYSTEMPATH\Database\BaseConnection.php(666): CodeIgniter\Database\MySQLi\Connection->execute('INSERT INTO `tb_supplier` (`s_nama`, `s_alamat`, `s_contact`, `u_id`) VALUES (\'PT. Sprit\', \'Jl. Cileunyi \\r\\n\', \'0822173987771\', \'1\')')
 3 SYSTEMPATH\Database\BaseConnection.php(593): CodeIgniter\Database\BaseConnection->simpleQuery('INSERT INTO `tb_supplier` (`s_nama`, `s_alamat`, `s_contact`, `u_id`) VALUES (\'PT. Sprit\', \'Jl. Cileunyi \\r\\n\', \'0822173987771\', \'1\')')
 4 SYSTEMPATH\Database\BaseBuilder.php(1916): CodeIgniter\Database\BaseConnection->query('INSERT INTO `tb_supplier` (`s_nama`, `s_alamat`, `s_contact`, `u_id`) VALUES (:s_nama:, :s_alamat:, :s_contact:, :u_id:)', [...], false)
 5 SYSTEMPATH\Model.php(279): CodeIgniter\Database\BaseBuilder->insert()
 6 SYSTEMPATH\BaseModel.php(749): CodeIgniter\Model->doInsert([...])
 7 SYSTEMPATH\Model.php(667): CodeIgniter\BaseModel->insert([...], true)
 8 APPPATH\Controllers\AdminControllers.php(523): CodeIgniter\Model->insert([...])
 9 SYSTEMPATH\CodeIgniter.php(927): App\Controllers\AdminControllers->registersupplierprocess()
10 SYSTEMPATH\CodeIgniter.php(482): CodeIgniter\CodeIgniter->runController(Object(App\Controllers\AdminControllers))
11 SYSTEMPATH\CodeIgniter.php(351): CodeIgniter\CodeIgniter->handleRequest(null, Object(Config\Cache), false)
12 FCPATH\index.php(67): CodeIgniter\CodeIgniter->run()
13 SYSTEMPATH\Commands\Server\rewrite.php(46): require_once('FCPATH\\index.php')
ERROR - 2023-02-03 18:51:28 --> mysqli_sql_exception: Duplicate entry '0' for key 'PRIMARY' in C:\xampp\htdocs\ProjectPaket\system\Database\MySQLi\Connection.php:292
Stack trace:
#0 C:\xampp\htdocs\ProjectPaket\system\Database\MySQLi\Connection.php(292): mysqli->query('INSERT INTO `tb...', 0)
#1 C:\xampp\htdocs\ProjectPaket\system\Database\BaseConnection.php(666): CodeIgniter\Database\MySQLi\Connection->execute('INSERT INTO `tb...')
#2 C:\xampp\htdocs\ProjectPaket\system\Database\BaseConnection.php(593): CodeIgniter\Database\BaseConnection->simpleQuery('INSERT INTO `tb...')
#3 C:\xampp\htdocs\ProjectPaket\system\Database\BaseBuilder.php(1916): CodeIgniter\Database\BaseConnection->query('INSERT INTO `tb...', Array, false)
#4 C:\xampp\htdocs\ProjectPaket\system\Model.php(279): CodeIgniter\Database\BaseBuilder->insert()
#5 C:\xampp\htdocs\ProjectPaket\system\BaseModel.php(749): CodeIgniter\Model->doInsert(Array)
#6 C:\xampp\htdocs\ProjectPaket\system\Model.php(667): CodeIgniter\BaseModel->insert(Array, true)
#7 C:\xampp\htdocs\ProjectPaket\app\Controllers\AdminControllers.php(523): CodeIgniter\Model->insert(Array)
#8 C:\xampp\htdocs\ProjectPaket\system\CodeIgniter.php(927): App\Controllers\AdminControllers->registersupplierprocess()
#9 C:\xampp\htdocs\ProjectPaket\system\CodeIgniter.php(482): CodeIgniter\CodeIgniter->runController(Object(App\Controllers\AdminControllers))
#10 C:\xampp\htdocs\ProjectPaket\system\CodeIgniter.php(351): CodeIgniter\CodeIgniter->handleRequest(NULL, Object(Config\Cache), false)
#11 C:\xampp\htdocs\ProjectPaket\public\index.php(67): CodeIgniter\CodeIgniter->run()
#12 C:\xampp\htdocs\ProjectPaket\system\Commands\Server\rewrite.php(46): require_once('C:\\xampp\\htdocs...')
#13 {main}
CRITICAL - 2023-02-03 18:51:28 --> Duplicate entry '0' for key 'PRIMARY'
in SYSTEMPATH\Database\MySQLi\Connection.php on line 292.
 1 SYSTEMPATH\Database\MySQLi\Connection.php(292): mysqli->query('INSERT INTO `tb_supplier` (`s_nama`, `s_alamat`, `s_contact`, `u_id`) VALUES (\'PT. Coca-Cola\', \'Jl. Cileunyi \\r\\n\', \'0822173987771\', \'1\')', 0)
 2 SYSTEMPATH\Database\BaseConnection.php(666): CodeIgniter\Database\MySQLi\Connection->execute('INSERT INTO `tb_supplier` (`s_nama`, `s_alamat`, `s_contact`, `u_id`) VALUES (\'PT. Coca-Cola\', \'Jl. Cileunyi \\r\\n\', \'0822173987771\', \'1\')')
 3 SYSTEMPATH\Database\BaseConnection.php(593): CodeIgniter\Database\BaseConnection->simpleQuery('INSERT INTO `tb_supplier` (`s_nama`, `s_alamat`, `s_contact`, `u_id`) VALUES (\'PT. Coca-Cola\', \'Jl. Cileunyi \\r\\n\', \'0822173987771\', \'1\')')
 4 SYSTEMPATH\Database\BaseBuilder.php(1916): CodeIgniter\Database\BaseConnection->query('INSERT INTO `tb_supplier` (`s_nama`, `s_alamat`, `s_contact`, `u_id`) VALUES (:s_nama:, :s_alamat:, :s_contact:, :u_id:)', [...], false)
 5 SYSTEMPATH\Model.php(279): CodeIgniter\Database\BaseBuilder->insert()
 6 SYSTEMPATH\BaseModel.php(749): CodeIgniter\Model->doInsert([...])
 7 SYSTEMPATH\Model.php(667): CodeIgniter\BaseModel->insert([...], true)
 8 APPPATH\Controllers\AdminControllers.php(523): CodeIgniter\Model->insert([...])
 9 SYSTEMPATH\CodeIgniter.php(927): App\Controllers\AdminControllers->registersupplierprocess()
10 SYSTEMPATH\CodeIgniter.php(482): CodeIgniter\CodeIgniter->runController(Object(App\Controllers\AdminControllers))
11 SYSTEMPATH\CodeIgniter.php(351): CodeIgniter\CodeIgniter->handleRequest(null, Object(Config\Cache), false)
12 FCPATH\index.php(67): CodeIgniter\CodeIgniter->run()
13 SYSTEMPATH\Commands\Server\rewrite.php(46): require_once('FCPATH\\index.php')
ERROR - 2023-02-03 18:51:32 --> mysqli_sql_exception: Duplicate entry '0' for key 'PRIMARY' in C:\xampp\htdocs\ProjectPaket\system\Database\MySQLi\Connection.php:292
Stack trace:
#0 C:\xampp\htdocs\ProjectPaket\system\Database\MySQLi\Connection.php(292): mysqli->query('INSERT INTO `tb...', 0)
#1 C:\xampp\htdocs\ProjectPaket\system\Database\BaseConnection.php(666): CodeIgniter\Database\MySQLi\Connection->execute('INSERT INTO `tb...')
#2 C:\xampp\htdocs\ProjectPaket\system\Database\BaseConnection.php(593): CodeIgniter\Database\BaseConnection->simpleQuery('INSERT INTO `tb...')
#3 C:\xampp\htdocs\ProjectPaket\system\Database\BaseBuilder.php(1916): CodeIgniter\Database\BaseConnection->query('INSERT INTO `tb...', Array, false)
#4 C:\xampp\htdocs\ProjectPaket\system\Model.php(279): CodeIgniter\Database\BaseBuilder->insert()
#5 C:\xampp\htdocs\ProjectPaket\system\BaseModel.php(749): CodeIgniter\Model->doInsert(Array)
#6 C:\xampp\htdocs\ProjectPaket\system\Model.php(667): CodeIgniter\BaseModel->insert(Array, true)
#7 C:\xampp\htdocs\ProjectPaket\app\Controllers\AdminControllers.php(523): CodeIgniter\Model->insert(Array)
#8 C:\xampp\htdocs\ProjectPaket\system\CodeIgniter.php(927): App\Controllers\AdminControllers->registersupplierprocess()
#9 C:\xampp\htdocs\ProjectPaket\system\CodeIgniter.php(482): CodeIgniter\CodeIgniter->runController(Object(App\Controllers\AdminControllers))
#10 C:\xampp\htdocs\ProjectPaket\system\CodeIgniter.php(351): CodeIgniter\CodeIgniter->handleRequest(NULL, Object(Config\Cache), false)
#11 C:\xampp\htdocs\ProjectPaket\public\index.php(67): CodeIgniter\CodeIgniter->run()
#12 C:\xampp\htdocs\ProjectPaket\system\Commands\Server\rewrite.php(46): require_once('C:\\xampp\\htdocs...')
#13 {main}
CRITICAL - 2023-02-03 18:51:32 --> Duplicate entry '0' for key 'PRIMARY'
in SYSTEMPATH\Database\MySQLi\Connection.php on line 292.
 1 SYSTEMPATH\Database\MySQLi\Connection.php(292): mysqli->query('INSERT INTO `tb_supplier` (`s_nama`, `s_alamat`, `s_contact`, `u_id`) VALUES (\'PT. Coca-Cola\', \'Jl. Cileunyi \\r\\n\', \'0822173987771\', \'1\')', 0)
 2 SYSTEMPATH\Database\BaseConnection.php(666): CodeIgniter\Database\MySQLi\Connection->execute('INSERT INTO `tb_supplier` (`s_nama`, `s_alamat`, `s_contact`, `u_id`) VALUES (\'PT. Coca-Cola\', \'Jl. Cileunyi \\r\\n\', \'0822173987771\', \'1\')')
 3 SYSTEMPATH\Database\BaseConnection.php(593): CodeIgniter\Database\BaseConnection->simpleQuery('INSERT INTO `tb_supplier` (`s_nama`, `s_alamat`, `s_contact`, `u_id`) VALUES (\'PT. Coca-Cola\', \'Jl. Cileunyi \\r\\n\', \'0822173987771\', \'1\')')
 4 SYSTEMPATH\Database\BaseBuilder.php(1916): CodeIgniter\Database\BaseConnection->query('INSERT INTO `tb_supplier` (`s_nama`, `s_alamat`, `s_contact`, `u_id`) VALUES (:s_nama:, :s_alamat:, :s_contact:, :u_id:)', [...], false)
 5 SYSTEMPATH\Model.php(279): CodeIgniter\Database\BaseBuilder->insert()
 6 SYSTEMPATH\BaseModel.php(749): CodeIgniter\Model->doInsert([...])
 7 SYSTEMPATH\Model.php(667): CodeIgniter\BaseModel->insert([...], true)
 8 APPPATH\Controllers\AdminControllers.php(523): CodeIgniter\Model->insert([...])
 9 SYSTEMPATH\CodeIgniter.php(927): App\Controllers\AdminControllers->registersupplierprocess()
10 SYSTEMPATH\CodeIgniter.php(482): CodeIgniter\CodeIgniter->runController(Object(App\Controllers\AdminControllers))
11 SYSTEMPATH\CodeIgniter.php(351): CodeIgniter\CodeIgniter->handleRequest(null, Object(Config\Cache), false)
12 FCPATH\index.php(67): CodeIgniter\CodeIgniter->run()
13 SYSTEMPATH\Commands\Server\rewrite.php(46): require_once('FCPATH\\index.php')
ERROR - 2023-02-03 18:51:49 --> mysqli_sql_exception: Duplicate entry '0' for key 'PRIMARY' in C:\xampp\htdocs\ProjectPaket\system\Database\MySQLi\Connection.php:292
Stack trace:
#0 C:\xampp\htdocs\ProjectPaket\system\Database\MySQLi\Connection.php(292): mysqli->query('INSERT INTO `tb...', 0)
#1 C:\xampp\htdocs\ProjectPaket\system\Database\BaseConnection.php(666): CodeIgniter\Database\MySQLi\Connection->execute('INSERT INTO `tb...')
#2 C:\xampp\htdocs\ProjectPaket\system\Database\BaseConnection.php(593): CodeIgniter\Database\BaseConnection->simpleQuery('INSERT INTO `tb...')
#3 C:\xampp\htdocs\ProjectPaket\system\Database\BaseBuilder.php(1916): CodeIgniter\Database\BaseConnection->query('INSERT INTO `tb...', Array, false)
#4 C:\xampp\htdocs\ProjectPaket\system\Model.php(279): CodeIgniter\Database\BaseBuilder->insert()
#5 C:\xampp\htdocs\ProjectPaket\system\BaseModel.php(749): CodeIgniter\Model->doInsert(Array)
#6 C:\xampp\htdocs\ProjectPaket\system\Model.php(667): CodeIgniter\BaseModel->insert(Array, true)
#7 C:\xampp\htdocs\ProjectPaket\app\Controllers\AdminControllers.php(523): CodeIgniter\Model->insert(Array)
#8 C:\xampp\htdocs\ProjectPaket\system\CodeIgniter.php(927): App\Controllers\AdminControllers->registersupplierprocess()
#9 C:\xampp\htdocs\ProjectPaket\system\CodeIgniter.php(482): CodeIgniter\CodeIgniter->runController(Object(App\Controllers\AdminControllers))
#10 C:\xampp\htdocs\ProjectPaket\system\CodeIgniter.php(351): CodeIgniter\CodeIgniter->handleRequest(NULL, Object(Config\Cache), false)
#11 C:\xampp\htdocs\ProjectPaket\public\index.php(67): CodeIgniter\CodeIgniter->run()
#12 C:\xampp\htdocs\ProjectPaket\system\Commands\Server\rewrite.php(46): require_once('C:\\xampp\\htdocs...')
#13 {main}
CRITICAL - 2023-02-03 18:51:49 --> Duplicate entry '0' for key 'PRIMARY'
in SYSTEMPATH\Database\MySQLi\Connection.php on line 292.
 1 SYSTEMPATH\Database\MySQLi\Connection.php(292): mysqli->query('INSERT INTO `tb_supplier` (`s_nama`, `s_alamat`, `s_contact`, `u_id`) VALUES (\'PT. Coca-Cola\', \'cimahi\', \'0822173987771\', \'1\')', 0)
 2 SYSTEMPATH\Database\BaseConnection.php(666): CodeIgniter\Database\MySQLi\Connection->execute('INSERT INTO `tb_supplier` (`s_nama`, `s_alamat`, `s_contact`, `u_id`) VALUES (\'PT. Coca-Cola\', \'cimahi\', \'0822173987771\', \'1\')')
 3 SYSTEMPATH\Database\BaseConnection.php(593): CodeIgniter\Database\BaseConnection->simpleQuery('INSERT INTO `tb_supplier` (`s_nama`, `s_alamat`, `s_contact`, `u_id`) VALUES (\'PT. Coca-Cola\', \'cimahi\', \'0822173987771\', \'1\')')
 4 SYSTEMPATH\Database\BaseBuilder.php(1916): CodeIgniter\Database\BaseConnection->query('INSERT INTO `tb_supplier` (`s_nama`, `s_alamat`, `s_contact`, `u_id`) VALUES (:s_nama:, :s_alamat:, :s_contact:, :u_id:)', [...], false)
 5 SYSTEMPATH\Model.php(279): CodeIgniter\Database\BaseBuilder->insert()
 6 SYSTEMPATH\BaseModel.php(749): CodeIgniter\Model->doInsert([...])
 7 SYSTEMPATH\Model.php(667): CodeIgniter\BaseModel->insert([...], true)
 8 APPPATH\Controllers\AdminControllers.php(523): CodeIgniter\Model->insert([...])
 9 SYSTEMPATH\CodeIgniter.php(927): App\Controllers\AdminControllers->registersupplierprocess()
10 SYSTEMPATH\CodeIgniter.php(482): CodeIgniter\CodeIgniter->runController(Object(App\Controllers\AdminControllers))
11 SYSTEMPATH\CodeIgniter.php(351): CodeIgniter\CodeIgniter->handleRequest(null, Object(Config\Cache), false)
12 FCPATH\index.php(67): CodeIgniter\CodeIgniter->run()
13 SYSTEMPATH\Commands\Server\rewrite.php(46): require_once('FCPATH\\index.php')
ERROR - 2023-02-03 18:53:11 --> mysqli_sql_exception: Duplicate entry '0' for key 'PRIMARY' in C:\xampp\htdocs\ProjectPaket\system\Database\MySQLi\Connection.php:292
Stack trace:
#0 C:\xampp\htdocs\ProjectPaket\system\Database\MySQLi\Connection.php(292): mysqli->query('INSERT INTO `tb...', 0)
#1 C:\xampp\htdocs\ProjectPaket\system\Database\BaseConnection.php(666): CodeIgniter\Database\MySQLi\Connection->execute('INSERT INTO `tb...')
#2 C:\xampp\htdocs\ProjectPaket\system\Database\BaseConnection.php(593): CodeIgniter\Database\BaseConnection->simpleQuery('INSERT INTO `tb...')
#3 C:\xampp\htdocs\ProjectPaket\system\Database\BaseBuilder.php(1916): CodeIgniter\Database\BaseConnection->query('INSERT INTO `tb...', Array, false)
#4 C:\xampp\htdocs\ProjectPaket\system\Model.php(279): CodeIgniter\Database\BaseBuilder->insert()
#5 C:\xampp\htdocs\ProjectPaket\system\BaseModel.php(749): CodeIgniter\Model->doInsert(Array)
#6 C:\xampp\htdocs\ProjectPaket\system\Model.php(667): CodeIgniter\BaseModel->insert(Array, true)
#7 C:\xampp\htdocs\ProjectPaket\app\Controllers\AdminControllers.php(523): CodeIgniter\Model->insert(Array)
#8 C:\xampp\htdocs\ProjectPaket\system\CodeIgniter.php(927): App\Controllers\AdminControllers->registersupplierprocess()
#9 C:\xampp\htdocs\ProjectPaket\system\CodeIgniter.php(482): CodeIgniter\CodeIgniter->runController(Object(App\Controllers\AdminControllers))
#10 C:\xampp\htdocs\ProjectPaket\system\CodeIgniter.php(351): CodeIgniter\CodeIgniter->handleRequest(NULL, Object(Config\Cache), false)
#11 C:\xampp\htdocs\ProjectPaket\public\index.php(67): CodeIgniter\CodeIgniter->run()
#12 C:\xampp\htdocs\ProjectPaket\system\Commands\Server\rewrite.php(46): require_once('C:\\xampp\\htdocs...')
#13 {main}
CRITICAL - 2023-02-03 18:53:11 --> Duplicate entry '0' for key 'PRIMARY'
in SYSTEMPATH\Database\MySQLi\Connection.php on line 292.
 1 SYSTEMPATH\Database\MySQLi\Connection.php(292): mysqli->query('INSERT INTO `tb_supplier` (`s_nama`, `s_alamat`, `s_contact`, `u_id`) VALUES (\'PT. Coca-Cola\', \'cimahi\', \'0822173987771\', \'1\')', 0)
 2 SYSTEMPATH\Database\BaseConnection.php(666): CodeIgniter\Database\MySQLi\Connection->execute('INSERT INTO `tb_supplier` (`s_nama`, `s_alamat`, `s_contact`, `u_id`) VALUES (\'PT. Coca-Cola\', \'cimahi\', \'0822173987771\', \'1\')')
 3 SYSTEMPATH\Database\BaseConnection.php(593): CodeIgniter\Database\BaseConnection->simpleQuery('INSERT INTO `tb_supplier` (`s_nama`, `s_alamat`, `s_contact`, `u_id`) VALUES (\'PT. Coca-Cola\', \'cimahi\', \'0822173987771\', \'1\')')
 4 SYSTEMPATH\Database\BaseBuilder.php(1916): CodeIgniter\Database\BaseConnection->query('INSERT INTO `tb_supplier` (`s_nama`, `s_alamat`, `s_contact`, `u_id`) VALUES (:s_nama:, :s_alamat:, :s_contact:, :u_id:)', [...], false)
 5 SYSTEMPATH\Model.php(279): CodeIgniter\Database\BaseBuilder->insert()
 6 SYSTEMPATH\BaseModel.php(749): CodeIgniter\Model->doInsert([...])
 7 SYSTEMPATH\Model.php(667): CodeIgniter\BaseModel->insert([...], true)
 8 APPPATH\Controllers\AdminControllers.php(523): CodeIgniter\Model->insert([...])
 9 SYSTEMPATH\CodeIgniter.php(927): App\Controllers\AdminControllers->registersupplierprocess()
10 SYSTEMPATH\CodeIgniter.php(482): CodeIgniter\CodeIgniter->runController(Object(App\Controllers\AdminControllers))
11 SYSTEMPATH\CodeIgniter.php(351): CodeIgniter\CodeIgniter->handleRequest(null, Object(Config\Cache), false)
12 FCPATH\index.php(67): CodeIgniter\CodeIgniter->run()
13 SYSTEMPATH\Commands\Server\rewrite.php(46): require_once('FCPATH\\index.php')
CRITICAL - 2023-02-03 18:54:58 --> There is no primary key defined when trying to make insert.
in SYSTEMPATH\Model.php on line 269.
 1 SYSTEMPATH\Model.php(269): CodeIgniter\Database\Exceptions\DataException::forEmptyPrimaryKey('insert')
 2 SYSTEMPATH\BaseModel.php(749): CodeIgniter\Model->doInsert([...])
 3 SYSTEMPATH\Model.php(667): CodeIgniter\BaseModel->insert([...], true)
 4 APPPATH\Controllers\AdminControllers.php(523): CodeIgniter\Model->insert([...])
 5 SYSTEMPATH\CodeIgniter.php(927): App\Controllers\AdminControllers->registersupplierprocess()
 6 SYSTEMPATH\CodeIgniter.php(482): CodeIgniter\CodeIgniter->runController(Object(App\Controllers\AdminControllers))
 7 SYSTEMPATH\CodeIgniter.php(351): CodeIgniter\CodeIgniter->handleRequest(null, Object(Config\Cache), false)
 8 FCPATH\index.php(67): CodeIgniter\CodeIgniter->run()
 9 SYSTEMPATH\Commands\Server\rewrite.php(46): require_once('FCPATH\\index.php')
CRITICAL - 2023-02-03 18:55:23 --> There is no primary key defined when trying to make insert.
in SYSTEMPATH\Model.php on line 269.
 1 SYSTEMPATH\Model.php(269): CodeIgniter\Database\Exceptions\DataException::forEmptyPrimaryKey('insert')
 2 SYSTEMPATH\BaseModel.php(749): CodeIgniter\Model->doInsert([...])
 3 SYSTEMPATH\Model.php(667): CodeIgniter\BaseModel->insert([...], true)
 4 APPPATH\Controllers\AdminControllers.php(523): CodeIgniter\Model->insert([...])
 5 SYSTEMPATH\CodeIgniter.php(927): App\Controllers\AdminControllers->registersupplierprocess()
 6 SYSTEMPATH\CodeIgniter.php(482): CodeIgniter\CodeIgniter->runController(Object(App\Controllers\AdminControllers))
 7 SYSTEMPATH\CodeIgniter.php(351): CodeIgniter\CodeIgniter->handleRequest(null, Object(Config\Cache), false)
 8 FCPATH\index.php(67): CodeIgniter\CodeIgniter->run()
 9 SYSTEMPATH\Commands\Server\rewrite.php(46): require_once('FCPATH\\index.php')
ERROR - 2023-02-03 18:55:56 --> mysqli_sql_exception: Duplicate entry '0' for key 'PRIMARY' in C:\xampp\htdocs\ProjectPaket\system\Database\MySQLi\Connection.php:292
Stack trace:
#0 C:\xampp\htdocs\ProjectPaket\system\Database\MySQLi\Connection.php(292): mysqli->query('INSERT INTO `tb...', 0)
#1 C:\xampp\htdocs\ProjectPaket\system\Database\BaseConnection.php(666): CodeIgniter\Database\MySQLi\Connection->execute('INSERT INTO `tb...')
#2 C:\xampp\htdocs\ProjectPaket\system\Database\BaseConnection.php(593): CodeIgniter\Database\BaseConnection->simpleQuery('INSERT INTO `tb...')
#3 C:\xampp\htdocs\ProjectPaket\system\Database\BaseBuilder.php(1916): CodeIgniter\Database\BaseConnection->query('INSERT INTO `tb...', Array, false)
#4 C:\xampp\htdocs\ProjectPaket\system\Model.php(279): CodeIgniter\Database\BaseBuilder->insert()
#5 C:\xampp\htdocs\ProjectPaket\system\BaseModel.php(749): CodeIgniter\Model->doInsert(Array)
#6 C:\xampp\htdocs\ProjectPaket\system\Model.php(667): CodeIgniter\BaseModel->insert(Array, true)
#7 C:\xampp\htdocs\ProjectPaket\app\Controllers\AdminControllers.php(523): CodeIgniter\Model->insert(Array)
#8 C:\xampp\htdocs\ProjectPaket\system\CodeIgniter.php(927): App\Controllers\AdminControllers->registersupplierprocess()
#9 C:\xampp\htdocs\ProjectPaket\system\CodeIgniter.php(482): CodeIgniter\CodeIgniter->runController(Object(App\Controllers\AdminControllers))
#10 C:\xampp\htdocs\ProjectPaket\system\CodeIgniter.php(351): CodeIgniter\CodeIgniter->handleRequest(NULL, Object(Config\Cache), false)
#11 C:\xampp\htdocs\ProjectPaket\public\index.php(67): CodeIgniter\CodeIgniter->run()
#12 C:\xampp\htdocs\ProjectPaket\system\Commands\Server\rewrite.php(46): require_once('C:\\xampp\\htdocs...')
#13 {main}
CRITICAL - 2023-02-03 18:55:56 --> Duplicate entry '0' for key 'PRIMARY'
in SYSTEMPATH\Database\MySQLi\Connection.php on line 292.
 1 SYSTEMPATH\Database\MySQLi\Connection.php(292): mysqli->query('INSERT INTO `tb_supplier` (`s_nama`, `s_alamat`, `s_contact`, `u_id`) VALUES (\'PT. Coca-Cola\', \'cimindi\', \'0822173987771\', \'1\')', 0)
 2 SYSTEMPATH\Database\BaseConnection.php(666): CodeIgniter\Database\MySQLi\Connection->execute('INSERT INTO `tb_supplier` (`s_nama`, `s_alamat`, `s_contact`, `u_id`) VALUES (\'PT. Coca-Cola\', \'cimindi\', \'0822173987771\', \'1\')')
 3 SYSTEMPATH\Database\BaseConnection.php(593): CodeIgniter\Database\BaseConnection->simpleQuery('INSERT INTO `tb_supplier` (`s_nama`, `s_alamat`, `s_contact`, `u_id`) VALUES (\'PT. Coca-Cola\', \'cimindi\', \'0822173987771\', \'1\')')
 4 SYSTEMPATH\Database\BaseBuilder.php(1916): CodeIgniter\Database\BaseConnection->query('INSERT INTO `tb_supplier` (`s_nama`, `s_alamat`, `s_contact`, `u_id`) VALUES (:s_nama:, :s_alamat:, :s_contact:, :u_id:)', [...], false)
 5 SYSTEMPATH\Model.php(279): CodeIgniter\Database\BaseBuilder->insert()
 6 SYSTEMPATH\BaseModel.php(749): CodeIgniter\Model->doInsert([...])
 7 SYSTEMPATH\Model.php(667): CodeIgniter\BaseModel->insert([...], true)
 8 APPPATH\Controllers\AdminControllers.php(523): CodeIgniter\Model->insert([...])
 9 SYSTEMPATH\CodeIgniter.php(927): App\Controllers\AdminControllers->registersupplierprocess()
10 SYSTEMPATH\CodeIgniter.php(482): CodeIgniter\CodeIgniter->runController(Object(App\Controllers\AdminControllers))
11 SYSTEMPATH\CodeIgniter.php(351): CodeIgniter\CodeIgniter->handleRequest(null, Object(Config\Cache), false)
12 FCPATH\index.php(67): CodeIgniter\CodeIgniter->run()
13 SYSTEMPATH\Commands\Server\rewrite.php(46): require_once('FCPATH\\index.php')
CRITICAL - 2023-02-03 19:09:54 --> Undefined variable $RegisterSupplier
in APPPATH\Views\admin\layout\menu.php on line 9.
 1 APPPATH\Views\admin\layout\menu.php(9): CodeIgniter\Debug\Exceptions->errorHandler(2, 'Undefined variable $RegisterSupplier', 'APPPATH\\Views\\admin\\layout\\menu.php', 9)
 2 SYSTEMPATH\View\View.php(213): include('APPPATH\\Views\\admin\\layout\\menu.php')
 3 SYSTEMPATH\View\View.php(216): CodeIgniter\View\View->CodeIgniter\View\{closure}()
 4 SYSTEMPATH\View\View.php(431): CodeIgniter\View\View->render('admin/layout/menu', null, true)
 5 APPPATH\Views\admin\layout\default.php(286): CodeIgniter\View\View->include('admin/layout/menu')
 6 SYSTEMPATH\View\View.php(213): include('APPPATH\\Views\\admin\\layout\\default.php')
 7 SYSTEMPATH\View\View.php(216): CodeIgniter\View\View->CodeIgniter\View\{closure}()
 8 SYSTEMPATH\View\View.php(229): CodeIgniter\View\View->render('admin/layout/default', [], true)
 9 SYSTEMPATH\Common.php(1134): CodeIgniter\View\View->render('admin/registeredit', [], true)
10 APPPATH\Controllers\AdminControllers.php(613): view('admin/registeredit', [...])
11 SYSTEMPATH\CodeIgniter.php(927): App\Controllers\AdminControllers->editsupplier('1')
12 SYSTEMPATH\CodeIgniter.php(482): CodeIgniter\CodeIgniter->runController(Object(App\Controllers\AdminControllers))
13 SYSTEMPATH\CodeIgniter.php(351): CodeIgniter\CodeIgniter->handleRequest(null, Object(Config\Cache), false)
14 FCPATH\index.php(67): CodeIgniter\CodeIgniter->run()
15 SYSTEMPATH\Commands\Server\rewrite.php(46): require_once('FCPATH\\index.php')
CRITICAL - 2023-02-03 19:18:49 --> Undefined array key "u_username"
in APPPATH\Views\admin\registereditsupplier.php on line 38.
 1 APPPATH\Views\admin\registereditsupplier.php(38): CodeIgniter\Debug\Exceptions->errorHandler(2, 'Undefined array key "u_username"', 'APPPATH\\Views\\admin\\registereditsupplier.php', 38)
 2 SYSTEMPATH\View\View.php(213): include('APPPATH\\Views\\admin\\registereditsupplier.php')
 3 SYSTEMPATH\View\View.php(216): CodeIgniter\View\View->CodeIgniter\View\{closure}()
 4 SYSTEMPATH\Common.php(1134): CodeIgniter\View\View->render('admin/registereditsupplier', [], true)
 5 APPPATH\Controllers\AdminControllers.php(591): view('admin/registereditsupplier', [...])
 6 SYSTEMPATH\CodeIgniter.php(927): App\Controllers\AdminControllers->editsupplier('1')
 7 SYSTEMPATH\CodeIgniter.php(482): CodeIgniter\CodeIgniter->runController(Object(App\Controllers\AdminControllers))
 8 SYSTEMPATH\CodeIgniter.php(351): CodeIgniter\CodeIgniter->handleRequest(null, Object(Config\Cache), false)
 9 FCPATH\index.php(67): CodeIgniter\CodeIgniter->run()
10 SYSTEMPATH\Commands\Server\rewrite.php(46): require_once('FCPATH\\index.php')
CRITICAL - 2023-02-03 19:30:49 --> Undefined variable $RegisterSupplier
in APPPATH\Views\admin\layout\menu.php on line 9.
 1 APPPATH\Views\admin\layout\menu.php(9): CodeIgniter\Debug\Exceptions->errorHandler(2, 'Undefined variable $RegisterSupplier', 'APPPATH\\Views\\admin\\layout\\menu.php', 9)
 2 SYSTEMPATH\View\View.php(213): include('APPPATH\\Views\\admin\\layout\\menu.php')
 3 SYSTEMPATH\View\View.php(216): CodeIgniter\View\View->CodeIgniter\View\{closure}()
 4 SYSTEMPATH\View\View.php(431): CodeIgniter\View\View->render('admin/layout/menu', null, true)
 5 APPPATH\Views\admin\layout\default.php(286): CodeIgniter\View\View->include('admin/layout/menu')
 6 SYSTEMPATH\View\View.php(213): include('APPPATH\\Views\\admin\\layout\\default.php')
 7 SYSTEMPATH\View\View.php(216): CodeIgniter\View\View->CodeIgniter\View\{closure}()
 8 SYSTEMPATH\View\View.php(229): CodeIgniter\View\View->render('admin/layout/default', [], true)
 9 SYSTEMPATH\Common.php(1134): CodeIgniter\View\View->render('admin/registeredituser', [], true)
10 APPPATH\Controllers\AdminControllers.php(341): view('admin/registeredituser', [...])
11 SYSTEMPATH\CodeIgniter.php(927): App\Controllers\AdminControllers->edituser('1')
12 SYSTEMPATH\CodeIgniter.php(482): CodeIgniter\CodeIgniter->runController(Object(App\Controllers\AdminControllers))
13 SYSTEMPATH\CodeIgniter.php(351): CodeIgniter\CodeIgniter->handleRequest(null, Object(Config\Cache), false)
14 FCPATH\index.php(67): CodeIgniter\CodeIgniter->run()
15 SYSTEMPATH\Commands\Server\rewrite.php(46): require_once('FCPATH\\index.php')
CRITICAL - 2023-02-03 19:32:25 --> Undefined variable $RegisterSupplier
in APPPATH\Views\admin\layout\menu.php on line 9.
 1 APPPATH\Views\admin\layout\menu.php(9): CodeIgniter\Debug\Exceptions->errorHandler(2, 'Undefined variable $RegisterSupplier', 'APPPATH\\Views\\admin\\layout\\menu.php', 9)
 2 SYSTEMPATH\View\View.php(213): include('APPPATH\\Views\\admin\\layout\\menu.php')
 3 SYSTEMPATH\View\View.php(216): CodeIgniter\View\View->CodeIgniter\View\{closure}()
 4 SYSTEMPATH\View\View.php(431): CodeIgniter\View\View->render('admin/layout/menu', null, true)
 5 APPPATH\Views\admin\layout\default.php(286): CodeIgniter\View\View->include('admin/layout/menu')
 6 SYSTEMPATH\View\View.php(213): include('APPPATH\\Views\\admin\\layout\\default.php')
 7 SYSTEMPATH\View\View.php(216): CodeIgniter\View\View->CodeIgniter\View\{closure}()
 8 SYSTEMPATH\View\View.php(229): CodeIgniter\View\View->render('admin/layout/default', [], true)
 9 SYSTEMPATH\Common.php(1134): CodeIgniter\View\View->render('admin/registeredituser', [], true)
10 APPPATH\Controllers\AdminControllers.php(351): view('admin/registeredituser', [...])
11 SYSTEMPATH\CodeIgniter.php(927): App\Controllers\AdminControllers->edituser('1')
12 SYSTEMPATH\CodeIgniter.php(482): CodeIgniter\CodeIgniter->runController(Object(App\Controllers\AdminControllers))
13 SYSTEMPATH\CodeIgniter.php(351): CodeIgniter\CodeIgniter->handleRequest(null, Object(Config\Cache), false)
14 FCPATH\index.php(67): CodeIgniter\CodeIgniter->run()
15 SYSTEMPATH\Commands\Server\rewrite.php(46): require_once('FCPATH\\index.php')
ERROR - 2023-02-03 19:46:02 --> mysqli_sql_exception: Cannot add or update a child row: a foreign key constraint fails (`arisya`.`tb_supplier`, CONSTRAINT `tb_supplier_ibfk_1` FOREIGN KEY (`u_id`) REFERENCES `tb_user` (`u_id`)) in C:\xampp\htdocs\ProjectPaket\system\Database\MySQLi\Connection.php:292
Stack trace:
#0 C:\xampp\htdocs\ProjectPaket\system\Database\MySQLi\Connection.php(292): mysqli->query('INSERT INTO `tb...', 0)
#1 C:\xampp\htdocs\ProjectPaket\system\Database\BaseConnection.php(666): CodeIgniter\Database\MySQLi\Connection->execute('INSERT INTO `tb...')
#2 C:\xampp\htdocs\ProjectPaket\system\Database\BaseConnection.php(593): CodeIgniter\Database\BaseConnection->simpleQuery('INSERT INTO `tb...')
#3 C:\xampp\htdocs\ProjectPaket\system\Database\BaseBuilder.php(1916): CodeIgniter\Database\BaseConnection->query('INSERT INTO `tb...', Array, false)
#4 C:\xampp\htdocs\ProjectPaket\system\Model.php(279): CodeIgniter\Database\BaseBuilder->insert()
#5 C:\xampp\htdocs\ProjectPaket\system\BaseModel.php(749): CodeIgniter\Model->doInsert(Array)
#6 C:\xampp\htdocs\ProjectPaket\system\Model.php(667): CodeIgniter\BaseModel->insert(Array, true)
#7 C:\xampp\htdocs\ProjectPaket\app\Controllers\AdminControllers.php(626): CodeIgniter\Model->insert(Array)
#8 C:\xampp\htdocs\ProjectPaket\system\CodeIgniter.php(927): App\Controllers\AdminControllers->ImportFileExcelsupplier()
#9 C:\xampp\htdocs\ProjectPaket\system\CodeIgniter.php(482): CodeIgniter\CodeIgniter->runController(Object(App\Controllers\AdminControllers))
#10 C:\xampp\htdocs\ProjectPaket\system\CodeIgniter.php(351): CodeIgniter\CodeIgniter->handleRequest(NULL, Object(Config\Cache), false)
#11 C:\xampp\htdocs\ProjectPaket\public\index.php(67): CodeIgniter\CodeIgniter->run()
#12 C:\xampp\htdocs\ProjectPaket\system\Commands\Server\rewrite.php(46): require_once('C:\\xampp\\htdocs...')
#13 {main}
CRITICAL - 2023-02-03 19:46:02 --> Cannot add or update a child row: a foreign key constraint fails (`arisya`.`tb_supplier`, CONSTRAINT `tb_supplier_ibfk_1` FOREIGN KEY (`u_id`) REFERENCES `tb_user` (`u_id`))
in SYSTEMPATH\Database\MySQLi\Connection.php on line 292.
 1 SYSTEMPATH\Database\MySQLi\Connection.php(292): mysqli->query('INSERT INTO `tb_supplier` (`s_nama`, `s_alamat`, `s_contact`) VALUES (\'PT. Sprit\', \'cimindi\', \'0822173987771\')', 0)
 2 SYSTEMPATH\Database\BaseConnection.php(666): CodeIgniter\Database\MySQLi\Connection->execute('INSERT INTO `tb_supplier` (`s_nama`, `s_alamat`, `s_contact`) VALUES (\'PT. Sprit\', \'cimindi\', \'0822173987771\')')
 3 SYSTEMPATH\Database\BaseConnection.php(593): CodeIgniter\Database\BaseConnection->simpleQuery('INSERT INTO `tb_supplier` (`s_nama`, `s_alamat`, `s_contact`) VALUES (\'PT. Sprit\', \'cimindi\', \'0822173987771\')')
 4 SYSTEMPATH\Database\BaseBuilder.php(1916): CodeIgniter\Database\BaseConnection->query('INSERT INTO `tb_supplier` (`s_nama`, `s_alamat`, `s_contact`) VALUES (:s_nama:, :s_alamat:, :s_contact:)', [...], false)
 5 SYSTEMPATH\Model.php(279): CodeIgniter\Database\BaseBuilder->insert()
 6 SYSTEMPATH\BaseModel.php(749): CodeIgniter\Model->doInsert([...])
 7 SYSTEMPATH\Model.php(667): CodeIgniter\BaseModel->insert([...], true)
 8 APPPATH\Controllers\AdminControllers.php(626): CodeIgniter\Model->insert([...])
 9 SYSTEMPATH\CodeIgniter.php(927): App\Controllers\AdminControllers->ImportFileExcelsupplier()
10 SYSTEMPATH\CodeIgniter.php(482): CodeIgniter\CodeIgniter->runController(Object(App\Controllers\AdminControllers))
11 SYSTEMPATH\CodeIgniter.php(351): CodeIgniter\CodeIgniter->handleRequest(null, Object(Config\Cache), false)
12 FCPATH\index.php(67): CodeIgniter\CodeIgniter->run()
13 SYSTEMPATH\Commands\Server\rewrite.php(46): require_once('FCPATH\\index.php')
CRITICAL - 2023-02-03 20:54:12 --> Call to undefined method App\Models\SupplierModels::datasupplier
in SYSTEMPATH\Model.php on line 774.
 1 APPPATH\Controllers\AdminControllers.php(536): CodeIgniter\Model->__call('datasupplier', [])
 2 SYSTEMPATH\CodeIgniter.php(927): App\Controllers\AdminControllers->listdatasupplier()
 3 SYSTEMPATH\CodeIgniter.php(482): CodeIgniter\CodeIgniter->runController(Object(App\Controllers\AdminControllers))
 4 SYSTEMPATH\CodeIgniter.php(351): CodeIgniter\CodeIgniter->handleRequest(null, Object(Config\Cache), false)
 5 FCPATH\index.php(67): CodeIgniter\CodeIgniter->run()
 6 SYSTEMPATH\Commands\Server\rewrite.php(46): require_once('FCPATH\\index.php')
CRITICAL - 2023-02-03 21:09:40 --> Undefined variable $DataKategoriBarang
in APPPATH\Views\admin\layout\menu.php on line 13.
 1 APPPATH\Views\admin\layout\menu.php(13): CodeIgniter\Debug\Exceptions->errorHandler(2, 'Undefined variable $DataKategoriBarang', 'APPPATH\\Views\\admin\\layout\\menu.php', 13)
 2 SYSTEMPATH\View\View.php(213): include('APPPATH\\Views\\admin\\layout\\menu.php')
 3 SYSTEMPATH\View\View.php(216): CodeIgniter\View\View->CodeIgniter\View\{closure}()
 4 SYSTEMPATH\View\View.php(431): CodeIgniter\View\View->render('admin/layout/menu', null, true)
 5 APPPATH\Views\admin\layout\default.php(286): CodeIgniter\View\View->include('admin/layout/menu')
 6 SYSTEMPATH\View\View.php(213): include('APPPATH\\Views\\admin\\layout\\default.php')
 7 SYSTEMPATH\View\View.php(216): CodeIgniter\View\View->CodeIgniter\View\{closure}()
 8 SYSTEMPATH\View\View.php(229): CodeIgniter\View\View->render('admin/layout/default', [], true)
 9 SYSTEMPATH\Common.php(1134): CodeIgniter\View\View->render('admin/datasupplier', [], true)
10 APPPATH\Controllers\AdminControllers.php(539): view('admin/datasupplier', [...])
11 SYSTEMPATH\CodeIgniter.php(927): App\Controllers\AdminControllers->listdatasupplier()
12 SYSTEMPATH\CodeIgniter.php(482): CodeIgniter\CodeIgniter->runController(Object(App\Controllers\AdminControllers))
13 SYSTEMPATH\CodeIgniter.php(351): CodeIgniter\CodeIgniter->handleRequest(null, Object(Config\Cache), false)
14 FCPATH\index.php(67): CodeIgniter\CodeIgniter->run()
15 SYSTEMPATH\Commands\Server\rewrite.php(46): require_once('FCPATH\\index.php')
CRITICAL - 2023-02-03 21:15:21 --> Call to undefined method App\Models\SupplierModels::datasupplier
in SYSTEMPATH\Model.php on line 774.
 1 APPPATH\Controllers\AdminControllers.php(738): CodeIgniter\Model->__call('datasupplier', [])
 2 SYSTEMPATH\CodeIgniter.php(927): App\Controllers\AdminControllers->listdatakategoribarang()
 3 SYSTEMPATH\CodeIgniter.php(482): CodeIgniter\CodeIgniter->runController(Object(App\Controllers\AdminControllers))
 4 SYSTEMPATH\CodeIgniter.php(351): CodeIgniter\CodeIgniter->handleRequest(null, Object(Config\Cache), false)
 5 FCPATH\index.php(67): CodeIgniter\CodeIgniter->run()
 6 SYSTEMPATH\Commands\Server\rewrite.php(46): require_once('FCPATH\\index.php')
CRITICAL - 2023-02-03 21:15:41 --> Undefined variable $DataKategoriBarang
in APPPATH\Views\admin\layout\menu.php on line 13.
 1 APPPATH\Views\admin\layout\menu.php(13): CodeIgniter\Debug\Exceptions->errorHandler(2, 'Undefined variable $DataKategoriBarang', 'APPPATH\\Views\\admin\\layout\\menu.php', 13)
 2 SYSTEMPATH\View\View.php(213): include('APPPATH\\Views\\admin\\layout\\menu.php')
 3 SYSTEMPATH\View\View.php(216): CodeIgniter\View\View->CodeIgniter\View\{closure}()
 4 SYSTEMPATH\View\View.php(431): CodeIgniter\View\View->render('admin/layout/menu', null, true)
 5 APPPATH\Views\admin\layout\default.php(286): CodeIgniter\View\View->include('admin/layout/menu')
 6 SYSTEMPATH\View\View.php(213): include('APPPATH\\Views\\admin\\layout\\default.php')
 7 SYSTEMPATH\View\View.php(216): CodeIgniter\View\View->CodeIgniter\View\{closure}()
 8 SYSTEMPATH\View\View.php(229): CodeIgniter\View\View->render('admin/layout/default', [], true)
 9 SYSTEMPATH\Common.php(1134): CodeIgniter\View\View->render('admin/datasupplier', [], true)
10 APPPATH\Controllers\AdminControllers.php(741): view('admin/datasupplier', [...])
11 SYSTEMPATH\CodeIgniter.php(927): App\Controllers\AdminControllers->listdatakategoribarang()
12 SYSTEMPATH\CodeIgniter.php(482): CodeIgniter\CodeIgniter->runController(Object(App\Controllers\AdminControllers))
13 SYSTEMPATH\CodeIgniter.php(351): CodeIgniter\CodeIgniter->handleRequest(null, Object(Config\Cache), false)
14 FCPATH\index.php(67): CodeIgniter\CodeIgniter->run()
15 SYSTEMPATH\Commands\Server\rewrite.php(46): require_once('FCPATH\\index.php')
CRITICAL - 2023-02-03 21:16:52 --> Undefined array key "k_id"
in APPPATH\Views\admin\datakategoribarang.php on line 43.
 1 APPPATH\Views\admin\datakategoribarang.php(43): CodeIgniter\Debug\Exceptions->errorHandler(2, 'Undefined array key "k_id"', 'APPPATH\\Views\\admin\\datakategoribarang.php', 43)
 2 SYSTEMPATH\View\View.php(213): include('APPPATH\\Views\\admin\\datakategoribarang.php')
 3 SYSTEMPATH\View\View.php(216): CodeIgniter\View\View->CodeIgniter\View\{closure}()
 4 SYSTEMPATH\Common.php(1134): CodeIgniter\View\View->render('admin/datakategoribarang', [], true)
 5 APPPATH\Controllers\AdminControllers.php(742): view('admin/datakategoribarang', [...])
 6 SYSTEMPATH\CodeIgniter.php(927): App\Controllers\AdminControllers->listdatakategoribarang()
 7 SYSTEMPATH\CodeIgniter.php(482): CodeIgniter\CodeIgniter->runController(Object(App\Controllers\AdminControllers))
 8 SYSTEMPATH\CodeIgniter.php(351): CodeIgniter\CodeIgniter->handleRequest(null, Object(Config\Cache), false)
 9 FCPATH\index.php(67): CodeIgniter\CodeIgniter->run()
10 SYSTEMPATH\Commands\Server\rewrite.php(46): require_once('FCPATH\\index.php')
CRITICAL - 2023-02-03 21:19:09 --> Undefined array key "k_id"
in APPPATH\Views\admin\datakategoribarang.php on line 43.
 1 APPPATH\Views\admin\datakategoribarang.php(43): CodeIgniter\Debug\Exceptions->errorHandler(2, 'Undefined array key "k_id"', 'APPPATH\\Views\\admin\\datakategoribarang.php', 43)
 2 SYSTEMPATH\View\View.php(213): include('APPPATH\\Views\\admin\\datakategoribarang.php')
 3 SYSTEMPATH\View\View.php(216): CodeIgniter\View\View->CodeIgniter\View\{closure}()
 4 SYSTEMPATH\Common.php(1134): CodeIgniter\View\View->render('admin/datakategoribarang', [], true)
 5 APPPATH\Controllers\AdminControllers.php(742): view('admin/datakategoribarang', [...])
 6 SYSTEMPATH\CodeIgniter.php(927): App\Controllers\AdminControllers->listdatakategoribarang()
 7 SYSTEMPATH\CodeIgniter.php(482): CodeIgniter\CodeIgniter->runController(Object(App\Controllers\AdminControllers))
 8 SYSTEMPATH\CodeIgniter.php(351): CodeIgniter\CodeIgniter->handleRequest(null, Object(Config\Cache), false)
 9 FCPATH\index.php(67): CodeIgniter\CodeIgniter->run()
10 SYSTEMPATH\Commands\Server\rewrite.php(46): require_once('FCPATH\\index.php')
CRITICAL - 2023-02-03 21:34:36 --> Undefined variable $tb_kategori
in APPPATH\Views\admin\datakategoribarang.php on line 41.
 1 APPPATH\Views\admin\datakategoribarang.php(41): CodeIgniter\Debug\Exceptions->errorHandler(2, 'Undefined variable $tb_kategori', 'APPPATH\\Views\\admin\\datakategoribarang.php', 41)
 2 SYSTEMPATH\View\View.php(213): include('APPPATH\\Views\\admin\\datakategoribarang.php')
 3 SYSTEMPATH\View\View.php(216): CodeIgniter\View\View->CodeIgniter\View\{closure}()
 4 SYSTEMPATH\Common.php(1134): CodeIgniter\View\View->render('admin/datakategoribarang', [], true)
 5 APPPATH\Controllers\AdminControllers.php(695): view('admin/datakategoribarang', [...])
 6 SYSTEMPATH\CodeIgniter.php(927): App\Controllers\AdminControllers->kategoribarang()
 7 SYSTEMPATH\CodeIgniter.php(482): CodeIgniter\CodeIgniter->runController(Object(App\Controllers\AdminControllers))
 8 SYSTEMPATH\CodeIgniter.php(351): CodeIgniter\CodeIgniter->handleRequest(null, Object(Config\Cache), false)
 9 FCPATH\index.php(67): CodeIgniter\CodeIgniter->run()
10 SYSTEMPATH\Commands\Server\rewrite.php(46): require_once('FCPATH\\index.php')
CRITICAL - 2023-02-03 21:35:47 --> Invalid file: admin/importfileexcelkategoribarang.php
in SYSTEMPATH\Exceptions\FrameworkException.php on line 33.
 1 SYSTEMPATH\View\View.php(201): CodeIgniter\Exceptions\FrameworkException::forInvalidFile('admin/importfileexcelkategoribarang.php')
 2 SYSTEMPATH\View\View.php(431): CodeIgniter\View\View->render('admin/importfileexcelkategoribarang', null, true)
 3 APPPATH\Views\admin\kategoribarang.php(37): CodeIgniter\View\View->include('admin/importfileexcelkategoribarang')
 4 SYSTEMPATH\View\View.php(213): include('APPPATH\\Views\\admin\\kategoribarang.php')
 5 SYSTEMPATH\View\View.php(216): CodeIgniter\View\View->CodeIgniter\View\{closure}()
 6 SYSTEMPATH\Common.php(1134): CodeIgniter\View\View->render('admin/kategoribarang', [], true)
 7 APPPATH\Controllers\AdminControllers.php(695): view('admin/kategoribarang', [...])
 8 SYSTEMPATH\CodeIgniter.php(927): App\Controllers\AdminControllers->kategoribarang()
 9 SYSTEMPATH\CodeIgniter.php(482): CodeIgniter\CodeIgniter->runController(Object(App\Controllers\AdminControllers))
10 SYSTEMPATH\CodeIgniter.php(351): CodeIgniter\CodeIgniter->handleRequest(null, Object(Config\Cache), false)
11 FCPATH\index.php(67): CodeIgniter\CodeIgniter->run()
12 SYSTEMPATH\Commands\Server\rewrite.php(46): require_once('FCPATH\\index.php')
ERROR - 2023-02-03 21:50:24 --> mysqli_sql_exception: Column 'k_nama' cannot be null in C:\xampp\htdocs\ProjectPaket\system\Database\MySQLi\Connection.php:292
Stack trace:
#0 C:\xampp\htdocs\ProjectPaket\system\Database\MySQLi\Connection.php(292): mysqli->query('INSERT INTO `tb...', 0)
#1 C:\xampp\htdocs\ProjectPaket\system\Database\BaseConnection.php(666): CodeIgniter\Database\MySQLi\Connection->execute('INSERT INTO `tb...')
#2 C:\xampp\htdocs\ProjectPaket\system\Database\BaseConnection.php(593): CodeIgniter\Database\BaseConnection->simpleQuery('INSERT INTO `tb...')
#3 C:\xampp\htdocs\ProjectPaket\system\Database\BaseBuilder.php(1916): CodeIgniter\Database\BaseConnection->query('INSERT INTO `tb...', Array, false)
#4 C:\xampp\htdocs\ProjectPaket\system\Model.php(279): CodeIgniter\Database\BaseBuilder->insert()
#5 C:\xampp\htdocs\ProjectPaket\system\BaseModel.php(749): CodeIgniter\Model->doInsert(Array)
#6 C:\xampp\htdocs\ProjectPaket\system\Model.php(667): CodeIgniter\BaseModel->insert(Array, true)
#7 C:\xampp\htdocs\ProjectPaket\app\Controllers\AdminControllers.php(716): CodeIgniter\Model->insert(Array)
#8 C:\xampp\htdocs\ProjectPaket\system\CodeIgniter.php(927): App\Controllers\AdminControllers->kategoribarangprocess()
#9 C:\xampp\htdocs\ProjectPaket\system\CodeIgniter.php(482): CodeIgniter\CodeIgniter->runController(Object(App\Controllers\AdminControllers))
#10 C:\xampp\htdocs\ProjectPaket\system\CodeIgniter.php(351): CodeIgniter\CodeIgniter->handleRequest(NULL, Object(Config\Cache), false)
#11 C:\xampp\htdocs\ProjectPaket\public\index.php(67): CodeIgniter\CodeIgniter->run()
#12 C:\xampp\htdocs\ProjectPaket\system\Commands\Server\rewrite.php(46): require_once('C:\\xampp\\htdocs...')
#13 {main}
CRITICAL - 2023-02-03 21:50:24 --> Column 'k_nama' cannot be null
in SYSTEMPATH\Database\MySQLi\Connection.php on line 292.
 1 SYSTEMPATH\Database\MySQLi\Connection.php(292): mysqli->query('INSERT INTO `tb_kategori` (`k_nama`, `u_id`) VALUES (NULL, \'1\')', 0)
 2 SYSTEMPATH\Database\BaseConnection.php(666): CodeIgniter\Database\MySQLi\Connection->execute('INSERT INTO `tb_kategori` (`k_nama`, `u_id`) VALUES (NULL, \'1\')')
 3 SYSTEMPATH\Database\BaseConnection.php(593): CodeIgniter\Database\BaseConnection->simpleQuery('INSERT INTO `tb_kategori` (`k_nama`, `u_id`) VALUES (NULL, \'1\')')
 4 SYSTEMPATH\Database\BaseBuilder.php(1916): CodeIgniter\Database\BaseConnection->query('INSERT INTO `tb_kategori` (`k_nama`, `u_id`) VALUES (:k_nama:, :u_id:)', [...], false)
 5 SYSTEMPATH\Model.php(279): CodeIgniter\Database\BaseBuilder->insert()
 6 SYSTEMPATH\BaseModel.php(749): CodeIgniter\Model->doInsert([...])
 7 SYSTEMPATH\Model.php(667): CodeIgniter\BaseModel->insert([...], true)
 8 APPPATH\Controllers\AdminControllers.php(716): CodeIgniter\Model->insert([...])
 9 SYSTEMPATH\CodeIgniter.php(927): App\Controllers\AdminControllers->kategoribarangprocess()
10 SYSTEMPATH\CodeIgniter.php(482): CodeIgniter\CodeIgniter->runController(Object(App\Controllers\AdminControllers))
11 SYSTEMPATH\CodeIgniter.php(351): CodeIgniter\CodeIgniter->handleRequest(null, Object(Config\Cache), false)
12 FCPATH\index.php(67): CodeIgniter\CodeIgniter->run()
13 SYSTEMPATH\Commands\Server\rewrite.php(46): require_once('FCPATH\\index.php')
CRITICAL - 2023-02-03 21:53:42 --> Undefined variable $tb_supplier
in APPPATH\Views\admin\datakategoribarangedit.php on line 35.
 1 APPPATH\Views\admin\datakategoribarangedit.php(35): CodeIgniter\Debug\Exceptions->errorHandler(2, 'Undefined variable $tb_supplier', 'APPPATH\\Views\\admin\\datakategoribarangedit.php', 35)
 2 SYSTEMPATH\View\View.php(213): include('APPPATH\\Views\\admin\\datakategoribarangedit.php')
 3 SYSTEMPATH\View\View.php(216): CodeIgniter\View\View->CodeIgniter\View\{closure}()
 4 SYSTEMPATH\Common.php(1134): CodeIgniter\View\View->render('admin/datakategoribarangedit', [], true)
 5 APPPATH\Controllers\AdminControllers.php(773): view('admin/datakategoribarangedit', [...])
 6 SYSTEMPATH\CodeIgniter.php(927): App\Controllers\AdminControllers->editkategoribarang('1')
 7 SYSTEMPATH\CodeIgniter.php(482): CodeIgniter\CodeIgniter->runController(Object(App\Controllers\AdminControllers))
 8 SYSTEMPATH\CodeIgniter.php(351): CodeIgniter\CodeIgniter->handleRequest(null, Object(Config\Cache), false)
 9 FCPATH\index.php(67): CodeIgniter\CodeIgniter->run()
10 SYSTEMPATH\Commands\Server\rewrite.php(46): require_once('FCPATH\\index.php')
CRITICAL - 2023-02-03 21:55:09 --> Undefined variable $DataKategoriBarang
in APPPATH\Views\admin\layout\menu.php on line 13.
 1 APPPATH\Views\admin\layout\menu.php(13): CodeIgniter\Debug\Exceptions->errorHandler(2, 'Undefined variable $DataKategoriBarang', 'APPPATH\\Views\\admin\\layout\\menu.php', 13)
 2 SYSTEMPATH\View\View.php(213): include('APPPATH\\Views\\admin\\layout\\menu.php')
 3 SYSTEMPATH\View\View.php(216): CodeIgniter\View\View->CodeIgniter\View\{closure}()
 4 SYSTEMPATH\View\View.php(431): CodeIgniter\View\View->render('admin/layout/menu', null, true)
 5 APPPATH\Views\admin\layout\default.php(286): CodeIgniter\View\View->include('admin/layout/menu')
 6 SYSTEMPATH\View\View.php(213): include('APPPATH\\Views\\admin\\layout\\default.php')
 7 SYSTEMPATH\View\View.php(216): CodeIgniter\View\View->CodeIgniter\View\{closure}()
 8 SYSTEMPATH\View\View.php(229): CodeIgniter\View\View->render('admin/layout/default', [], true)
 9 SYSTEMPATH\Common.php(1134): CodeIgniter\View\View->render('admin/datakategoribarangedit', [], true)
10 APPPATH\Controllers\AdminControllers.php(773): view('admin/datakategoribarangedit', [...])
11 SYSTEMPATH\CodeIgniter.php(927): App\Controllers\AdminControllers->editkategoribarang('1')
12 SYSTEMPATH\CodeIgniter.php(482): CodeIgniter\CodeIgniter->runController(Object(App\Controllers\AdminControllers))
13 SYSTEMPATH\CodeIgniter.php(351): CodeIgniter\CodeIgniter->handleRequest(null, Object(Config\Cache), false)
14 FCPATH\index.php(67): CodeIgniter\CodeIgniter->run()
15 SYSTEMPATH\Commands\Server\rewrite.php(46): require_once('FCPATH\\index.php')
