CRITICAL - 2023-02-01 11:49:48 --> Attempt to read property "id_provinsi" on array
in APPPATH\Views\admin\register.php on line 125.
 1 APPPATH\Views\admin\register.php(125): CodeIgniter\Debug\Exceptions->errorHandler(2, 'Attempt to read property "id_provinsi" on array', 'APPPATH\\Views\\admin\\register.php', 125)
 2 SYSTEMPATH\View\View.php(213): include('APPPATH\\Views\\admin\\register.php')
 3 SYSTEMPATH\View\View.php(216): CodeIgniter\View\View->CodeIgniter\View\{closure}()
 4 SYSTEMPATH\Common.php(1134): CodeIgniter\View\View->render('admin/register', [], true)
 5 APPPATH\Controllers\AdminControllers.php(47): view('admin/register', [...])
 6 SYSTEMPATH\CodeIgniter.php(927): App\Controllers\AdminControllers->registeruser()
 7 SYSTEMPATH\CodeIgniter.php(482): CodeIgniter\CodeIgniter->runController(Object(App\Controllers\AdminControllers))
 8 SYSTEMPATH\CodeIgniter.php(351): CodeIgniter\CodeIgniter->handleRequest(null, Object(Config\Cache), false)
 9 FCPATH\index.php(67): CodeIgniter\CodeIgniter->run()
10 SYSTEMPATH\Commands\Server\rewrite.php(46): require_once('FCPATH\\index.php')
CRITICAL - 2023-02-01 11:50:46 --> Attempt to read property "id_provinsi" on array
in APPPATH\Views\admin\register.php on line 125.
 1 APPPATH\Views\admin\register.php(125): CodeIgniter\Debug\Exceptions->errorHandler(2, 'Attempt to read property "id_provinsi" on array', 'APPPATH\\Views\\admin\\register.php', 125)
 2 SYSTEMPATH\View\View.php(213): include('APPPATH\\Views\\admin\\register.php')
 3 SYSTEMPATH\View\View.php(216): CodeIgniter\View\View->CodeIgniter\View\{closure}()
 4 SYSTEMPATH\Common.php(1134): CodeIgniter\View\View->render('admin/register', [], true)
 5 APPPATH\Controllers\AdminControllers.php(47): view('admin/register', [...])
 6 SYSTEMPATH\CodeIgniter.php(927): App\Controllers\AdminControllers->registeruser()
 7 SYSTEMPATH\CodeIgniter.php(482): CodeIgniter\CodeIgniter->runController(Object(App\Controllers\AdminControllers))
 8 SYSTEMPATH\CodeIgniter.php(351): CodeIgniter\CodeIgniter->handleRequest(null, Object(Config\Cache), false)
 9 FCPATH\index.php(67): CodeIgniter\CodeIgniter->run()
10 SYSTEMPATH\Commands\Server\rewrite.php(46): require_once('FCPATH\\index.php')
CRITICAL - 2023-02-01 12:12:45 --> Undefined variable $kabupaten
in APPPATH\Views\admin\register.php on line 132.
 1 APPPATH\Views\admin\register.php(132): CodeIgniter\Debug\Exceptions->errorHandler(2, 'Undefined variable $kabupaten', 'APPPATH\\Views\\admin\\register.php', 132)
 2 SYSTEMPATH\View\View.php(213): include('APPPATH\\Views\\admin\\register.php')
 3 SYSTEMPATH\View\View.php(216): CodeIgniter\View\View->CodeIgniter\View\{closure}()
 4 SYSTEMPATH\Common.php(1134): CodeIgniter\View\View->render('admin/register', [], true)
 5 APPPATH\Controllers\AdminControllers.php(56): view('admin/register', [...])
 6 SYSTEMPATH\CodeIgniter.php(927): App\Controllers\AdminControllers->registeruser()
 7 SYSTEMPATH\CodeIgniter.php(482): CodeIgniter\CodeIgniter->runController(Object(App\Controllers\AdminControllers))
 8 SYSTEMPATH\CodeIgniter.php(351): CodeIgniter\CodeIgniter->handleRequest(null, Object(Config\Cache), false)
 9 FCPATH\index.php(67): CodeIgniter\CodeIgniter->run()
10 SYSTEMPATH\Commands\Server\rewrite.php(46): require_once('FCPATH\\index.php')
CRITICAL - 2023-02-01 12:13:15 --> Undefined variable $kabupaten
in APPPATH\Views\admin\register.php on line 130.
 1 APPPATH\Views\admin\register.php(130): CodeIgniter\Debug\Exceptions->errorHandler(2, 'Undefined variable $kabupaten', 'APPPATH\\Views\\admin\\register.php', 130)
 2 SYSTEMPATH\View\View.php(213): include('APPPATH\\Views\\admin\\register.php')
 3 SYSTEMPATH\View\View.php(216): CodeIgniter\View\View->CodeIgniter\View\{closure}()
 4 SYSTEMPATH\Common.php(1134): CodeIgniter\View\View->render('admin/register', [], true)
 5 APPPATH\Controllers\AdminControllers.php(56): view('admin/register', [...])
 6 SYSTEMPATH\CodeIgniter.php(927): App\Controllers\AdminControllers->registeruser()
 7 SYSTEMPATH\CodeIgniter.php(482): CodeIgniter\CodeIgniter->runController(Object(App\Controllers\AdminControllers))
 8 SYSTEMPATH\CodeIgniter.php(351): CodeIgniter\CodeIgniter->handleRequest(null, Object(Config\Cache), false)
 9 FCPATH\index.php(67): CodeIgniter\CodeIgniter->run()
10 SYSTEMPATH\Commands\Server\rewrite.php(46): require_once('FCPATH\\index.php')
CRITICAL - 2023-02-01 15:20:05 --> Call to undefined method App\Models\UsersModels::dataprovinsi
in SYSTEMPATH\Model.php on line 774.
 1 APPPATH\Controllers\AdminControllers.php(69): CodeIgniter\Model->__call('dataprovinsi', [])
 2 SYSTEMPATH\CodeIgniter.php(927): App\Controllers\AdminControllers->registeruser()
 3 SYSTEMPATH\CodeIgniter.php(482): CodeIgniter\CodeIgniter->runController(Object(App\Controllers\AdminControllers))
 4 SYSTEMPATH\CodeIgniter.php(351): CodeIgniter\CodeIgniter->handleRequest(null, Object(Config\Cache), false)
 5 FCPATH\index.php(67): CodeIgniter\CodeIgniter->run()
 6 SYSTEMPATH\Commands\Server\rewrite.php(46): require_once('FCPATH\\index.php')
CRITICAL - 2023-02-01 15:20:45 --> Call to undefined method App\Models\UsersModels::dataprovinsi
in SYSTEMPATH\Model.php on line 774.
 1 APPPATH\Controllers\AdminControllers.php(69): CodeIgniter\Model->__call('dataprovinsi', [])
 2 SYSTEMPATH\CodeIgniter.php(927): App\Controllers\AdminControllers->registeruser()
 3 SYSTEMPATH\CodeIgniter.php(482): CodeIgniter\CodeIgniter->runController(Object(App\Controllers\AdminControllers))
 4 SYSTEMPATH\CodeIgniter.php(351): CodeIgniter\CodeIgniter->handleRequest(null, Object(Config\Cache), false)
 5 FCPATH\index.php(67): CodeIgniter\CodeIgniter->run()
 6 SYSTEMPATH\Commands\Server\rewrite.php(46): require_once('FCPATH\\index.php')
CRITICAL - 2023-02-01 17:30:27 --> Undefined variable $kabupaten
in APPPATH\Views\admin\register.php on line 136.
 1 APPPATH\Views\admin\register.php(136): CodeIgniter\Debug\Exceptions->errorHandler(2, 'Undefined variable $kabupaten', 'APPPATH\\Views\\admin\\register.php', 136)
 2 SYSTEMPATH\View\View.php(213): include('APPPATH\\Views\\admin\\register.php')
 3 SYSTEMPATH\View\View.php(216): CodeIgniter\View\View->CodeIgniter\View\{closure}()
 4 SYSTEMPATH\Common.php(1134): CodeIgniter\View\View->render('admin/register', [], true)
 5 APPPATH\Controllers\AdminControllers.php(76): view('admin/register', [...])
 6 SYSTEMPATH\CodeIgniter.php(927): App\Controllers\AdminControllers->registeruser()
 7 SYSTEMPATH\CodeIgniter.php(482): CodeIgniter\CodeIgniter->runController(Object(App\Controllers\AdminControllers))
 8 SYSTEMPATH\CodeIgniter.php(351): CodeIgniter\CodeIgniter->handleRequest(null, Object(Config\Cache), false)
 9 FCPATH\index.php(67): CodeIgniter\CodeIgniter->run()
10 SYSTEMPATH\Commands\Server\rewrite.php(46): require_once('FCPATH\\index.php')
CRITICAL - 2023-02-01 17:31:14 --> Undefined variable $kabupaten
in APPPATH\Views\admin\register.php on line 136.
 1 APPPATH\Views\admin\register.php(136): CodeIgniter\Debug\Exceptions->errorHandler(2, 'Undefined variable $kabupaten', 'APPPATH\\Views\\admin\\register.php', 136)
 2 SYSTEMPATH\View\View.php(213): include('APPPATH\\Views\\admin\\register.php')
 3 SYSTEMPATH\View\View.php(216): CodeIgniter\View\View->CodeIgniter\View\{closure}()
 4 SYSTEMPATH\Common.php(1134): CodeIgniter\View\View->render('admin/register', [], true)
 5 APPPATH\Controllers\AdminControllers.php(76): view('admin/register', [...])
 6 SYSTEMPATH\CodeIgniter.php(927): App\Controllers\AdminControllers->registeruser()
 7 SYSTEMPATH\CodeIgniter.php(482): CodeIgniter\CodeIgniter->runController(Object(App\Controllers\AdminControllers))
 8 SYSTEMPATH\CodeIgniter.php(351): CodeIgniter\CodeIgniter->handleRequest(null, Object(Config\Cache), false)
 9 FCPATH\index.php(67): CodeIgniter\CodeIgniter->run()
10 SYSTEMPATH\Commands\Server\rewrite.php(46): require_once('FCPATH\\index.php')
CRITICAL - 2023-02-01 18:35:43 --> Undefined array key "nama_kabupaten"
in APPPATH\Views\admin\register.php on line 137.
 1 APPPATH\Views\admin\register.php(137): CodeIgniter\Debug\Exceptions->errorHandler(2, 'Undefined array key "nama_kabupaten"', 'APPPATH\\Views\\admin\\register.php', 137)
 2 SYSTEMPATH\View\View.php(213): include('APPPATH\\Views\\admin\\register.php')
 3 SYSTEMPATH\View\View.php(216): CodeIgniter\View\View->CodeIgniter\View\{closure}()
 4 SYSTEMPATH\Common.php(1134): CodeIgniter\View\View->render('admin/register', [], true)
 5 APPPATH\Controllers\AdminControllers.php(75): view('admin/register', [...])
 6 SYSTEMPATH\CodeIgniter.php(927): App\Controllers\AdminControllers->registeruser()
 7 SYSTEMPATH\CodeIgniter.php(482): CodeIgniter\CodeIgniter->runController(Object(App\Controllers\AdminControllers))
 8 SYSTEMPATH\CodeIgniter.php(351): CodeIgniter\CodeIgniter->handleRequest(null, Object(Config\Cache), false)
 9 FCPATH\index.php(67): CodeIgniter\CodeIgniter->run()
10 SYSTEMPATH\Commands\Server\rewrite.php(46): require_once('FCPATH\\index.php')
CRITICAL - 2023-02-01 19:36:54 --> Undefined array key "nama_kabupaten"
in APPPATH\Views\admin\registeredit.php on line 131.
 1 APPPATH\Views\admin\registeredit.php(131): CodeIgniter\Debug\Exceptions->errorHandler(2, 'Undefined array key "nama_kabupaten"', 'APPPATH\\Views\\admin\\registeredit.php', 131)
 2 SYSTEMPATH\View\View.php(213): include('APPPATH\\Views\\admin\\registeredit.php')
 3 SYSTEMPATH\View\View.php(216): CodeIgniter\View\View->CodeIgniter\View\{closure}()
 4 SYSTEMPATH\Common.php(1134): CodeIgniter\View\View->render('admin/registeredit', [], true)
 5 APPPATH\Controllers\AdminControllers.php(336): view('admin/registeredit', [...])
 6 SYSTEMPATH\CodeIgniter.php(927): App\Controllers\AdminControllers->edituser('1')
 7 SYSTEMPATH\CodeIgniter.php(482): CodeIgniter\CodeIgniter->runController(Object(App\Controllers\AdminControllers))
 8 SYSTEMPATH\CodeIgniter.php(351): CodeIgniter\CodeIgniter->handleRequest(null, Object(Config\Cache), false)
 9 FCPATH\index.php(67): CodeIgniter\CodeIgniter->run()
10 SYSTEMPATH\Commands\Server\rewrite.php(46): require_once('FCPATH\\index.php')
