CRITICAL - 2023-01-25 07:36:39 --> Call to undefined method App\Models\UsersModels::getuserreferensi
in SYSTEMPATH\Model.php on line 774.
 1 APPPATH\Controllers\Home.php(13): CodeIgniter\Model->__call('getuserreferensi', [])
 2 SYSTEMPATH\CodeIgniter.php(927): App\Controllers\Home->index()
 3 SYSTEMPATH\CodeIgniter.php(482): CodeIgniter\CodeIgniter->runController(Object(App\Controllers\Home))
 4 SYSTEMPATH\CodeIgniter.php(351): CodeIgniter\CodeIgniter->handleRequest(null, Object(Config\Cache), false)
 5 FCPATH\index.php(67): CodeIgniter\CodeIgniter->run()
 6 SYSTEMPATH\Commands\Server\rewrite.php(46): require_once('FCPATH\\index.php')
CRITICAL - 2023-01-25 07:36:44 --> Call to undefined method App\Models\UsersModels::getuserreferensi
in SYSTEMPATH\Model.php on line 774.
 1 APPPATH\Controllers\Home.php(13): CodeIgniter\Model->__call('getuserreferensi', [])
 2 SYSTEMPATH\CodeIgniter.php(927): App\Controllers\Home->index()
 3 SYSTEMPATH\CodeIgniter.php(482): CodeIgniter\CodeIgniter->runController(Object(App\Controllers\Home))
 4 SYSTEMPATH\CodeIgniter.php(351): CodeIgniter\CodeIgniter->handleRequest(null, Object(Config\Cache), false)
 5 FCPATH\index.php(67): CodeIgniter\CodeIgniter->run()
 6 SYSTEMPATH\Commands\Server\rewrite.php(46): require_once('FCPATH\\index.php')
CRITICAL - 2023-01-25 08:51:16 --> Undefined variable $nameuser
in APPPATH\Views\admin\datauser.php on line 50.
 1 APPPATH\Views\admin\datauser.php(50): CodeIgniter\Debug\Exceptions->errorHandler(2, 'Undefined variable $nameuser', 'APPPATH\\Views\\admin\\datauser.php', 50)
 2 SYSTEMPATH\View\View.php(213): include('APPPATH\\Views\\admin\\datauser.php')
 3 SYSTEMPATH\View\View.php(216): CodeIgniter\View\View->CodeIgniter\View\{closure}()
 4 SYSTEMPATH\Common.php(1134): CodeIgniter\View\View->render('admin/datauser', [], true)
 5 APPPATH\Controllers\AdminControllers.php(205): view('admin/datauser', [...])
 6 SYSTEMPATH\CodeIgniter.php(927): App\Controllers\AdminControllers->listdatauser()
 7 SYSTEMPATH\CodeIgniter.php(482): CodeIgniter\CodeIgniter->runController(Object(App\Controllers\AdminControllers))
 8 SYSTEMPATH\CodeIgniter.php(351): CodeIgniter\CodeIgniter->handleRequest(null, Object(Config\Cache), false)
 9 FCPATH\index.php(67): CodeIgniter\CodeIgniter->run()
10 SYSTEMPATH\Commands\Server\rewrite.php(46): require_once('FCPATH\\index.php')
CRITICAL - 2023-01-25 08:53:26 --> Cannot use object of type stdClass as array
in APPPATH\Views\admin\datauser.php on line 52.
 1 SYSTEMPATH\View\View.php(213): include()
 2 SYSTEMPATH\View\View.php(216): CodeIgniter\View\View->CodeIgniter\View\{closure}()
 3 SYSTEMPATH\Common.php(1134): CodeIgniter\View\View->render('admin/datauser', [], true)
 4 APPPATH\Controllers\AdminControllers.php(206): view('admin/datauser', [...])
 5 SYSTEMPATH\CodeIgniter.php(927): App\Controllers\AdminControllers->listdatauser()
 6 SYSTEMPATH\CodeIgniter.php(482): CodeIgniter\CodeIgniter->runController(Object(App\Controllers\AdminControllers))
 7 SYSTEMPATH\CodeIgniter.php(351): CodeIgniter\CodeIgniter->handleRequest(null, Object(Config\Cache), false)
 8 FCPATH\index.php(67): CodeIgniter\CodeIgniter->run()
 9 SYSTEMPATH\Commands\Server\rewrite.php(46): require_once('FCPATH\\index.php')
CRITICAL - 2023-01-25 08:55:52 --> Cannot use object of type stdClass as array
in APPPATH\Views\admin\datauser.php on line 52.
 1 SYSTEMPATH\View\View.php(213): include()
 2 SYSTEMPATH\View\View.php(216): CodeIgniter\View\View->CodeIgniter\View\{closure}()
 3 SYSTEMPATH\Common.php(1134): CodeIgniter\View\View->render('admin/datauser', [], true)
 4 APPPATH\Controllers\AdminControllers.php(206): view('admin/datauser', [...])
 5 SYSTEMPATH\CodeIgniter.php(927): App\Controllers\AdminControllers->listdatauser()
 6 SYSTEMPATH\CodeIgniter.php(482): CodeIgniter\CodeIgniter->runController(Object(App\Controllers\AdminControllers))
 7 SYSTEMPATH\CodeIgniter.php(351): CodeIgniter\CodeIgniter->handleRequest(null, Object(Config\Cache), false)
 8 FCPATH\index.php(67): CodeIgniter\CodeIgniter->run()
 9 SYSTEMPATH\Commands\Server\rewrite.php(46): require_once('FCPATH\\index.php')
CRITICAL - 2023-01-25 08:55:53 --> Cannot use object of type stdClass as array
in APPPATH\Views\admin\datauser.php on line 52.
 1 SYSTEMPATH\View\View.php(213): include()
 2 SYSTEMPATH\View\View.php(216): CodeIgniter\View\View->CodeIgniter\View\{closure}()
 3 SYSTEMPATH\Common.php(1134): CodeIgniter\View\View->render('admin/datauser', [], true)
 4 APPPATH\Controllers\AdminControllers.php(206): view('admin/datauser', [...])
 5 SYSTEMPATH\CodeIgniter.php(927): App\Controllers\AdminControllers->listdatauser()
 6 SYSTEMPATH\CodeIgniter.php(482): CodeIgniter\CodeIgniter->runController(Object(App\Controllers\AdminControllers))
 7 SYSTEMPATH\CodeIgniter.php(351): CodeIgniter\CodeIgniter->handleRequest(null, Object(Config\Cache), false)
 8 FCPATH\index.php(67): CodeIgniter\CodeIgniter->run()
 9 SYSTEMPATH\Commands\Server\rewrite.php(46): require_once('FCPATH\\index.php')
CRITICAL - 2023-01-25 08:56:09 --> Cannot use object of type stdClass as array
in APPPATH\Views\admin\datauser.php on line 52.
 1 SYSTEMPATH\View\View.php(213): include()
 2 SYSTEMPATH\View\View.php(216): CodeIgniter\View\View->CodeIgniter\View\{closure}()
 3 SYSTEMPATH\Common.php(1134): CodeIgniter\View\View->render('admin/datauser', [], true)
 4 APPPATH\Controllers\AdminControllers.php(206): view('admin/datauser', [...])
 5 SYSTEMPATH\CodeIgniter.php(927): App\Controllers\AdminControllers->listdatauser()
 6 SYSTEMPATH\CodeIgniter.php(482): CodeIgniter\CodeIgniter->runController(Object(App\Controllers\AdminControllers))
 7 SYSTEMPATH\CodeIgniter.php(351): CodeIgniter\CodeIgniter->handleRequest(null, Object(Config\Cache), false)
 8 FCPATH\index.php(67): CodeIgniter\CodeIgniter->run()
 9 SYSTEMPATH\Commands\Server\rewrite.php(46): require_once('FCPATH\\index.php')
CRITICAL - 2023-01-25 08:57:25 --> Undefined variable $nameuser
in APPPATH\Views\admin\datauser.php on line 50.
 1 APPPATH\Views\admin\datauser.php(50): CodeIgniter\Debug\Exceptions->errorHandler(2, 'Undefined variable $nameuser', 'APPPATH\\Views\\admin\\datauser.php', 50)
 2 SYSTEMPATH\View\View.php(213): include('APPPATH\\Views\\admin\\datauser.php')
 3 SYSTEMPATH\View\View.php(216): CodeIgniter\View\View->CodeIgniter\View\{closure}()
 4 SYSTEMPATH\Common.php(1134): CodeIgniter\View\View->render('admin/datauser', [], true)
 5 APPPATH\Controllers\AdminControllers.php(206): view('admin/datauser', [...])
 6 SYSTEMPATH\CodeIgniter.php(927): App\Controllers\AdminControllers->listdatauser()
 7 SYSTEMPATH\CodeIgniter.php(482): CodeIgniter\CodeIgniter->runController(Object(App\Controllers\AdminControllers))
 8 SYSTEMPATH\CodeIgniter.php(351): CodeIgniter\CodeIgniter->handleRequest(null, Object(Config\Cache), false)
 9 FCPATH\index.php(67): CodeIgniter\CodeIgniter->run()
10 SYSTEMPATH\Commands\Server\rewrite.php(46): require_once('FCPATH\\index.php')
CRITICAL - 2023-01-25 08:58:24 --> syntax error, unexpected token ")", expecting "->" or "?->" or "{" or "["
in APPPATH\Views\admin\datauser.php on line 50.
 1 SYSTEMPATH\View\View.php(216): CodeIgniter\View\View->CodeIgniter\View\{closure}()
 2 SYSTEMPATH\Common.php(1134): CodeIgniter\View\View->render('admin/datauser', [], true)
 3 APPPATH\Controllers\AdminControllers.php(206): view('admin/datauser', [...])
 4 SYSTEMPATH\CodeIgniter.php(927): App\Controllers\AdminControllers->listdatauser()
 5 SYSTEMPATH\CodeIgniter.php(482): CodeIgniter\CodeIgniter->runController(Object(App\Controllers\AdminControllers))
 6 SYSTEMPATH\CodeIgniter.php(351): CodeIgniter\CodeIgniter->handleRequest(null, Object(Config\Cache), false)
 7 FCPATH\index.php(67): CodeIgniter\CodeIgniter->run()
 8 SYSTEMPATH\Commands\Server\rewrite.php(46): require_once('FCPATH\\index.php')
CRITICAL - 2023-01-25 08:58:26 --> syntax error, unexpected token ")", expecting "->" or "?->" or "{" or "["
in APPPATH\Views\admin\datauser.php on line 50.
 1 SYSTEMPATH\View\View.php(216): CodeIgniter\View\View->CodeIgniter\View\{closure}()
 2 SYSTEMPATH\Common.php(1134): CodeIgniter\View\View->render('admin/datauser', [], true)
 3 APPPATH\Controllers\AdminControllers.php(206): view('admin/datauser', [...])
 4 SYSTEMPATH\CodeIgniter.php(927): App\Controllers\AdminControllers->listdatauser()
 5 SYSTEMPATH\CodeIgniter.php(482): CodeIgniter\CodeIgniter->runController(Object(App\Controllers\AdminControllers))
 6 SYSTEMPATH\CodeIgniter.php(351): CodeIgniter\CodeIgniter->handleRequest(null, Object(Config\Cache), false)
 7 FCPATH\index.php(67): CodeIgniter\CodeIgniter->run()
 8 SYSTEMPATH\Commands\Server\rewrite.php(46): require_once('FCPATH\\index.php')
CRITICAL - 2023-01-25 08:58:34 --> Undefined array key "u_id"
in APPPATH\Views\admin\datauser.php on line 52.
 1 APPPATH\Views\admin\datauser.php(52): CodeIgniter\Debug\Exceptions->errorHandler(2, 'Undefined array key "u_id"', 'APPPATH\\Views\\admin\\datauser.php', 52)
 2 SYSTEMPATH\View\View.php(213): include('APPPATH\\Views\\admin\\datauser.php')
 3 SYSTEMPATH\View\View.php(216): CodeIgniter\View\View->CodeIgniter\View\{closure}()
 4 SYSTEMPATH\Common.php(1134): CodeIgniter\View\View->render('admin/datauser', [], true)
 5 APPPATH\Controllers\AdminControllers.php(206): view('admin/datauser', [...])
 6 SYSTEMPATH\CodeIgniter.php(927): App\Controllers\AdminControllers->listdatauser()
 7 SYSTEMPATH\CodeIgniter.php(482): CodeIgniter\CodeIgniter->runController(Object(App\Controllers\AdminControllers))
 8 SYSTEMPATH\CodeIgniter.php(351): CodeIgniter\CodeIgniter->handleRequest(null, Object(Config\Cache), false)
 9 FCPATH\index.php(67): CodeIgniter\CodeIgniter->run()
10 SYSTEMPATH\Commands\Server\rewrite.php(46): require_once('FCPATH\\index.php')
CRITICAL - 2023-01-25 09:01:33 --> syntax error, unexpected end of file
in APPPATH\Views\admin\register.php on line 160.
 1 SYSTEMPATH\View\View.php(216): CodeIgniter\View\View->CodeIgniter\View\{closure}()
 2 SYSTEMPATH\Common.php(1134): CodeIgniter\View\View->render('admin/register', [], true)
 3 APPPATH\Controllers\AdminControllers.php(28): view('admin/register', [...])
 4 SYSTEMPATH\CodeIgniter.php(927): App\Controllers\AdminControllers->registeruser()
 5 SYSTEMPATH\CodeIgniter.php(482): CodeIgniter\CodeIgniter->runController(Object(App\Controllers\AdminControllers))
 6 SYSTEMPATH\CodeIgniter.php(351): CodeIgniter\CodeIgniter->handleRequest(null, Object(Config\Cache), false)
 7 FCPATH\index.php(67): CodeIgniter\CodeIgniter->run()
 8 SYSTEMPATH\Commands\Server\rewrite.php(46): require_once('FCPATH\\index.php')
CRITICAL - 2023-01-25 09:03:32 --> Undefined array key "u_id"
in APPPATH\Views\admin\datauser.php on line 52.
 1 APPPATH\Views\admin\datauser.php(52): CodeIgniter\Debug\Exceptions->errorHandler(2, 'Undefined array key "u_id"', 'APPPATH\\Views\\admin\\datauser.php', 52)
 2 SYSTEMPATH\View\View.php(213): include('APPPATH\\Views\\admin\\datauser.php')
 3 SYSTEMPATH\View\View.php(216): CodeIgniter\View\View->CodeIgniter\View\{closure}()
 4 SYSTEMPATH\Common.php(1134): CodeIgniter\View\View->render('admin/datauser', [], true)
 5 APPPATH\Controllers\AdminControllers.php(205): view('admin/datauser', [...])
 6 SYSTEMPATH\CodeIgniter.php(927): App\Controllers\AdminControllers->listdatauser()
 7 SYSTEMPATH\CodeIgniter.php(482): CodeIgniter\CodeIgniter->runController(Object(App\Controllers\AdminControllers))
 8 SYSTEMPATH\CodeIgniter.php(351): CodeIgniter\CodeIgniter->handleRequest(null, Object(Config\Cache), false)
 9 FCPATH\index.php(67): CodeIgniter\CodeIgniter->run()
10 SYSTEMPATH\Commands\Server\rewrite.php(46): require_once('FCPATH\\index.php')
CRITICAL - 2023-01-25 09:04:52 --> Undefined array key "u_id"
in APPPATH\Views\admin\datauser.php on line 52.
 1 APPPATH\Views\admin\datauser.php(52): CodeIgniter\Debug\Exceptions->errorHandler(2, 'Undefined array key "u_id"', 'APPPATH\\Views\\admin\\datauser.php', 52)
 2 SYSTEMPATH\View\View.php(213): include('APPPATH\\Views\\admin\\datauser.php')
 3 SYSTEMPATH\View\View.php(216): CodeIgniter\View\View->CodeIgniter\View\{closure}()
 4 SYSTEMPATH\Common.php(1134): CodeIgniter\View\View->render('admin/datauser', [], true)
 5 APPPATH\Controllers\AdminControllers.php(206): view('admin/datauser', [...])
 6 SYSTEMPATH\CodeIgniter.php(927): App\Controllers\AdminControllers->listdatauser()
 7 SYSTEMPATH\CodeIgniter.php(482): CodeIgniter\CodeIgniter->runController(Object(App\Controllers\AdminControllers))
 8 SYSTEMPATH\CodeIgniter.php(351): CodeIgniter\CodeIgniter->handleRequest(null, Object(Config\Cache), false)
 9 FCPATH\index.php(67): CodeIgniter\CodeIgniter->run()
10 SYSTEMPATH\Commands\Server\rewrite.php(46): require_once('FCPATH\\index.php')
CRITICAL - 2023-01-25 09:04:55 --> Undefined array key "u_id"
in APPPATH\Views\admin\datauser.php on line 52.
 1 APPPATH\Views\admin\datauser.php(52): CodeIgniter\Debug\Exceptions->errorHandler(2, 'Undefined array key "u_id"', 'APPPATH\\Views\\admin\\datauser.php', 52)
 2 SYSTEMPATH\View\View.php(213): include('APPPATH\\Views\\admin\\datauser.php')
 3 SYSTEMPATH\View\View.php(216): CodeIgniter\View\View->CodeIgniter\View\{closure}()
 4 SYSTEMPATH\Common.php(1134): CodeIgniter\View\View->render('admin/datauser', [], true)
 5 APPPATH\Controllers\AdminControllers.php(206): view('admin/datauser', [...])
 6 SYSTEMPATH\CodeIgniter.php(927): App\Controllers\AdminControllers->listdatauser()
 7 SYSTEMPATH\CodeIgniter.php(482): CodeIgniter\CodeIgniter->runController(Object(App\Controllers\AdminControllers))
 8 SYSTEMPATH\CodeIgniter.php(351): CodeIgniter\CodeIgniter->handleRequest(null, Object(Config\Cache), false)
 9 FCPATH\index.php(67): CodeIgniter\CodeIgniter->run()
10 SYSTEMPATH\Commands\Server\rewrite.php(46): require_once('FCPATH\\index.php')
CRITICAL - 2023-01-25 09:05:34 --> Cannot use object of type stdClass as array
in APPPATH\Views\admin\datauser.php on line 52.
 1 SYSTEMPATH\View\View.php(213): include()
 2 SYSTEMPATH\View\View.php(216): CodeIgniter\View\View->CodeIgniter\View\{closure}()
 3 SYSTEMPATH\Common.php(1134): CodeIgniter\View\View->render('admin/datauser', [], true)
 4 APPPATH\Controllers\AdminControllers.php(206): view('admin/datauser', [...])
 5 SYSTEMPATH\CodeIgniter.php(927): App\Controllers\AdminControllers->listdatauser()
 6 SYSTEMPATH\CodeIgniter.php(482): CodeIgniter\CodeIgniter->runController(Object(App\Controllers\AdminControllers))
 7 SYSTEMPATH\CodeIgniter.php(351): CodeIgniter\CodeIgniter->handleRequest(null, Object(Config\Cache), false)
 8 FCPATH\index.php(67): CodeIgniter\CodeIgniter->run()
 9 SYSTEMPATH\Commands\Server\rewrite.php(46): require_once('FCPATH\\index.php')
CRITICAL - 2023-01-25 09:06:57 --> Undefined array key "u_password"
in APPPATH\Views\admin\datauser.php on line 54.
 1 APPPATH\Views\admin\datauser.php(54): CodeIgniter\Debug\Exceptions->errorHandler(2, 'Undefined array key "u_password"', 'APPPATH\\Views\\admin\\datauser.php', 54)
 2 SYSTEMPATH\View\View.php(213): include('APPPATH\\Views\\admin\\datauser.php')
 3 SYSTEMPATH\View\View.php(216): CodeIgniter\View\View->CodeIgniter\View\{closure}()
 4 SYSTEMPATH\Common.php(1134): CodeIgniter\View\View->render('admin/datauser', [], true)
 5 APPPATH\Controllers\AdminControllers.php(209): view('admin/datauser', [...])
 6 SYSTEMPATH\CodeIgniter.php(927): App\Controllers\AdminControllers->listdatauser()
 7 SYSTEMPATH\CodeIgniter.php(482): CodeIgniter\CodeIgniter->runController(Object(App\Controllers\AdminControllers))
 8 SYSTEMPATH\CodeIgniter.php(351): CodeIgniter\CodeIgniter->handleRequest(null, Object(Config\Cache), false)
 9 FCPATH\index.php(67): CodeIgniter\CodeIgniter->run()
10 SYSTEMPATH\Commands\Server\rewrite.php(46): require_once('FCPATH\\index.php')
CRITICAL - 2023-01-25 09:07:32 --> Undefined array key "Ahmad Arif"
in APPPATH\Views\admin\datauser.php on line 57.
 1 APPPATH\Views\admin\datauser.php(57): CodeIgniter\Debug\Exceptions->errorHandler(2, 'Undefined array key "Ahmad Arif"', 'APPPATH\\Views\\admin\\datauser.php', 57)
 2 SYSTEMPATH\View\View.php(213): include('APPPATH\\Views\\admin\\datauser.php')
 3 SYSTEMPATH\View\View.php(216): CodeIgniter\View\View->CodeIgniter\View\{closure}()
 4 SYSTEMPATH\Common.php(1134): CodeIgniter\View\View->render('admin/datauser', [], true)
 5 APPPATH\Controllers\AdminControllers.php(209): view('admin/datauser', [...])
 6 SYSTEMPATH\CodeIgniter.php(927): App\Controllers\AdminControllers->listdatauser()
 7 SYSTEMPATH\CodeIgniter.php(482): CodeIgniter\CodeIgniter->runController(Object(App\Controllers\AdminControllers))
 8 SYSTEMPATH\CodeIgniter.php(351): CodeIgniter\CodeIgniter->handleRequest(null, Object(Config\Cache), false)
 9 FCPATH\index.php(67): CodeIgniter\CodeIgniter->run()
10 SYSTEMPATH\Commands\Server\rewrite.php(46): require_once('FCPATH\\index.php')
CRITICAL - 2023-01-25 09:08:08 --> Call to a member function session() on array
in APPPATH\Views\admin\datauser.php on line 57.
 1 SYSTEMPATH\View\View.php(213): include()
 2 SYSTEMPATH\View\View.php(216): CodeIgniter\View\View->CodeIgniter\View\{closure}()
 3 SYSTEMPATH\Common.php(1134): CodeIgniter\View\View->render('admin/datauser', [], true)
 4 APPPATH\Controllers\AdminControllers.php(209): view('admin/datauser', [...])
 5 SYSTEMPATH\CodeIgniter.php(927): App\Controllers\AdminControllers->listdatauser()
 6 SYSTEMPATH\CodeIgniter.php(482): CodeIgniter\CodeIgniter->runController(Object(App\Controllers\AdminControllers))
 7 SYSTEMPATH\CodeIgniter.php(351): CodeIgniter\CodeIgniter->handleRequest(null, Object(Config\Cache), false)
 8 FCPATH\index.php(67): CodeIgniter\CodeIgniter->run()
 9 SYSTEMPATH\Commands\Server\rewrite.php(46): require_once('FCPATH\\index.php')
CRITICAL - 2023-01-25 09:10:17 --> Attempt to read property "u_fullname" on array
in APPPATH\Views\admin\datauser.php on line 57.
 1 APPPATH\Views\admin\datauser.php(57): CodeIgniter\Debug\Exceptions->errorHandler(2, 'Attempt to read property "u_fullname" on array', 'APPPATH\\Views\\admin\\datauser.php', 57)
 2 SYSTEMPATH\View\View.php(213): include('APPPATH\\Views\\admin\\datauser.php')
 3 SYSTEMPATH\View\View.php(216): CodeIgniter\View\View->CodeIgniter\View\{closure}()
 4 SYSTEMPATH\Common.php(1134): CodeIgniter\View\View->render('admin/datauser', [], true)
 5 APPPATH\Controllers\AdminControllers.php(209): view('admin/datauser', [...])
 6 SYSTEMPATH\CodeIgniter.php(927): App\Controllers\AdminControllers->listdatauser()
 7 SYSTEMPATH\CodeIgniter.php(482): CodeIgniter\CodeIgniter->runController(Object(App\Controllers\AdminControllers))
 8 SYSTEMPATH\CodeIgniter.php(351): CodeIgniter\CodeIgniter->handleRequest(null, Object(Config\Cache), false)
 9 FCPATH\index.php(67): CodeIgniter\CodeIgniter->run()
10 SYSTEMPATH\Commands\Server\rewrite.php(46): require_once('FCPATH\\index.php')
CRITICAL - 2023-01-25 09:11:20 --> Attempt to read property "u_fullname" on array
in APPPATH\Views\admin\datauser.php on line 57.
 1 APPPATH\Views\admin\datauser.php(57): CodeIgniter\Debug\Exceptions->errorHandler(2, 'Attempt to read property "u_fullname" on array', 'APPPATH\\Views\\admin\\datauser.php', 57)
 2 SYSTEMPATH\View\View.php(213): include('APPPATH\\Views\\admin\\datauser.php')
 3 SYSTEMPATH\View\View.php(216): CodeIgniter\View\View->CodeIgniter\View\{closure}()
 4 SYSTEMPATH\Common.php(1134): CodeIgniter\View\View->render('admin/datauser', [], true)
 5 APPPATH\Controllers\AdminControllers.php(209): view('admin/datauser', [...])
 6 SYSTEMPATH\CodeIgniter.php(927): App\Controllers\AdminControllers->listdatauser()
 7 SYSTEMPATH\CodeIgniter.php(482): CodeIgniter\CodeIgniter->runController(Object(App\Controllers\AdminControllers))
 8 SYSTEMPATH\CodeIgniter.php(351): CodeIgniter\CodeIgniter->handleRequest(null, Object(Config\Cache), false)
 9 FCPATH\index.php(67): CodeIgniter\CodeIgniter->run()
10 SYSTEMPATH\Commands\Server\rewrite.php(46): require_once('FCPATH\\index.php')
CRITICAL - 2023-01-25 09:11:21 --> Attempt to read property "u_fullname" on array
in APPPATH\Views\admin\datauser.php on line 57.
 1 APPPATH\Views\admin\datauser.php(57): CodeIgniter\Debug\Exceptions->errorHandler(2, 'Attempt to read property "u_fullname" on array', 'APPPATH\\Views\\admin\\datauser.php', 57)
 2 SYSTEMPATH\View\View.php(213): include('APPPATH\\Views\\admin\\datauser.php')
 3 SYSTEMPATH\View\View.php(216): CodeIgniter\View\View->CodeIgniter\View\{closure}()
 4 SYSTEMPATH\Common.php(1134): CodeIgniter\View\View->render('admin/datauser', [], true)
 5 APPPATH\Controllers\AdminControllers.php(209): view('admin/datauser', [...])
 6 SYSTEMPATH\CodeIgniter.php(927): App\Controllers\AdminControllers->listdatauser()
 7 SYSTEMPATH\CodeIgniter.php(482): CodeIgniter\CodeIgniter->runController(Object(App\Controllers\AdminControllers))
 8 SYSTEMPATH\CodeIgniter.php(351): CodeIgniter\CodeIgniter->handleRequest(null, Object(Config\Cache), false)
 9 FCPATH\index.php(67): CodeIgniter\CodeIgniter->run()
10 SYSTEMPATH\Commands\Server\rewrite.php(46): require_once('FCPATH\\index.php')
CRITICAL - 2023-01-25 09:11:22 --> Attempt to read property "u_fullname" on array
in APPPATH\Views\admin\datauser.php on line 57.
 1 APPPATH\Views\admin\datauser.php(57): CodeIgniter\Debug\Exceptions->errorHandler(2, 'Attempt to read property "u_fullname" on array', 'APPPATH\\Views\\admin\\datauser.php', 57)
 2 SYSTEMPATH\View\View.php(213): include('APPPATH\\Views\\admin\\datauser.php')
 3 SYSTEMPATH\View\View.php(216): CodeIgniter\View\View->CodeIgniter\View\{closure}()
 4 SYSTEMPATH\Common.php(1134): CodeIgniter\View\View->render('admin/datauser', [], true)
 5 APPPATH\Controllers\AdminControllers.php(209): view('admin/datauser', [...])
 6 SYSTEMPATH\CodeIgniter.php(927): App\Controllers\AdminControllers->listdatauser()
 7 SYSTEMPATH\CodeIgniter.php(482): CodeIgniter\CodeIgniter->runController(Object(App\Controllers\AdminControllers))
 8 SYSTEMPATH\CodeIgniter.php(351): CodeIgniter\CodeIgniter->handleRequest(null, Object(Config\Cache), false)
 9 FCPATH\index.php(67): CodeIgniter\CodeIgniter->run()
10 SYSTEMPATH\Commands\Server\rewrite.php(46): require_once('FCPATH\\index.php')
CRITICAL - 2023-01-25 09:11:56 --> Attempt to read property "u_fullname" on array
in APPPATH\Views\admin\datauser.php on line 57.
 1 APPPATH\Views\admin\datauser.php(57): CodeIgniter\Debug\Exceptions->errorHandler(2, 'Attempt to read property "u_fullname" on array', 'APPPATH\\Views\\admin\\datauser.php', 57)
 2 SYSTEMPATH\View\View.php(213): include('APPPATH\\Views\\admin\\datauser.php')
 3 SYSTEMPATH\View\View.php(216): CodeIgniter\View\View->CodeIgniter\View\{closure}()
 4 SYSTEMPATH\Common.php(1134): CodeIgniter\View\View->render('admin/datauser', [], true)
 5 APPPATH\Controllers\AdminControllers.php(209): view('admin/datauser', [...])
 6 SYSTEMPATH\CodeIgniter.php(927): App\Controllers\AdminControllers->listdatauser()
 7 SYSTEMPATH\CodeIgniter.php(482): CodeIgniter\CodeIgniter->runController(Object(App\Controllers\AdminControllers))
 8 SYSTEMPATH\CodeIgniter.php(351): CodeIgniter\CodeIgniter->handleRequest(null, Object(Config\Cache), false)
 9 FCPATH\index.php(67): CodeIgniter\CodeIgniter->run()
10 SYSTEMPATH\Commands\Server\rewrite.php(46): require_once('FCPATH\\index.php')
CRITICAL - 2023-01-25 09:11:57 --> Attempt to read property "u_fullname" on array
in APPPATH\Views\admin\datauser.php on line 57.
 1 APPPATH\Views\admin\datauser.php(57): CodeIgniter\Debug\Exceptions->errorHandler(2, 'Attempt to read property "u_fullname" on array', 'APPPATH\\Views\\admin\\datauser.php', 57)
 2 SYSTEMPATH\View\View.php(213): include('APPPATH\\Views\\admin\\datauser.php')
 3 SYSTEMPATH\View\View.php(216): CodeIgniter\View\View->CodeIgniter\View\{closure}()
 4 SYSTEMPATH\Common.php(1134): CodeIgniter\View\View->render('admin/datauser', [], true)
 5 APPPATH\Controllers\AdminControllers.php(209): view('admin/datauser', [...])
 6 SYSTEMPATH\CodeIgniter.php(927): App\Controllers\AdminControllers->listdatauser()
 7 SYSTEMPATH\CodeIgniter.php(482): CodeIgniter\CodeIgniter->runController(Object(App\Controllers\AdminControllers))
 8 SYSTEMPATH\CodeIgniter.php(351): CodeIgniter\CodeIgniter->handleRequest(null, Object(Config\Cache), false)
 9 FCPATH\index.php(67): CodeIgniter\CodeIgniter->run()
10 SYSTEMPATH\Commands\Server\rewrite.php(46): require_once('FCPATH\\index.php')
CRITICAL - 2023-01-25 09:13:17 --> Attempt to read property "u_fullname" on string
in APPPATH\Views\admin\datauser.php on line 57.
 1 APPPATH\Views\admin\datauser.php(57): CodeIgniter\Debug\Exceptions->errorHandler(2, 'Attempt to read property "u_fullname" on string', 'APPPATH\\Views\\admin\\datauser.php', 57)
 2 SYSTEMPATH\View\View.php(213): include('APPPATH\\Views\\admin\\datauser.php')
 3 SYSTEMPATH\View\View.php(216): CodeIgniter\View\View->CodeIgniter\View\{closure}()
 4 SYSTEMPATH\Common.php(1134): CodeIgniter\View\View->render('admin/datauser', [], true)
 5 APPPATH\Controllers\AdminControllers.php(209): view('admin/datauser', [...])
 6 SYSTEMPATH\CodeIgniter.php(927): App\Controllers\AdminControllers->listdatauser()
 7 SYSTEMPATH\CodeIgniter.php(482): CodeIgniter\CodeIgniter->runController(Object(App\Controllers\AdminControllers))
 8 SYSTEMPATH\CodeIgniter.php(351): CodeIgniter\CodeIgniter->handleRequest(null, Object(Config\Cache), false)
 9 FCPATH\index.php(67): CodeIgniter\CodeIgniter->run()
10 SYSTEMPATH\Commands\Server\rewrite.php(46): require_once('FCPATH\\index.php')
CRITICAL - 2023-01-25 09:13:44 --> Attempt to read property "u_fullname" on string
in APPPATH\Views\admin\datauser.php on line 57.
 1 APPPATH\Views\admin\datauser.php(57): CodeIgniter\Debug\Exceptions->errorHandler(2, 'Attempt to read property "u_fullname" on string', 'APPPATH\\Views\\admin\\datauser.php', 57)
 2 SYSTEMPATH\View\View.php(213): include('APPPATH\\Views\\admin\\datauser.php')
 3 SYSTEMPATH\View\View.php(216): CodeIgniter\View\View->CodeIgniter\View\{closure}()
 4 SYSTEMPATH\Common.php(1134): CodeIgniter\View\View->render('admin/datauser', [], true)
 5 APPPATH\Controllers\AdminControllers.php(209): view('admin/datauser', [...])
 6 SYSTEMPATH\CodeIgniter.php(927): App\Controllers\AdminControllers->listdatauser()
 7 SYSTEMPATH\CodeIgniter.php(482): CodeIgniter\CodeIgniter->runController(Object(App\Controllers\AdminControllers))
 8 SYSTEMPATH\CodeIgniter.php(351): CodeIgniter\CodeIgniter->handleRequest(null, Object(Config\Cache), false)
 9 FCPATH\index.php(67): CodeIgniter\CodeIgniter->run()
10 SYSTEMPATH\Commands\Server\rewrite.php(46): require_once('FCPATH\\index.php')
CRITICAL - 2023-01-25 09:13:51 --> Attempt to read property "u_fullname" on array
in APPPATH\Views\admin\datauser.php on line 57.
 1 APPPATH\Views\admin\datauser.php(57): CodeIgniter\Debug\Exceptions->errorHandler(2, 'Attempt to read property "u_fullname" on array', 'APPPATH\\Views\\admin\\datauser.php', 57)
 2 SYSTEMPATH\View\View.php(213): include('APPPATH\\Views\\admin\\datauser.php')
 3 SYSTEMPATH\View\View.php(216): CodeIgniter\View\View->CodeIgniter\View\{closure}()
 4 SYSTEMPATH\Common.php(1134): CodeIgniter\View\View->render('admin/datauser', [], true)
 5 APPPATH\Controllers\AdminControllers.php(209): view('admin/datauser', [...])
 6 SYSTEMPATH\CodeIgniter.php(927): App\Controllers\AdminControllers->listdatauser()
 7 SYSTEMPATH\CodeIgniter.php(482): CodeIgniter\CodeIgniter->runController(Object(App\Controllers\AdminControllers))
 8 SYSTEMPATH\CodeIgniter.php(351): CodeIgniter\CodeIgniter->handleRequest(null, Object(Config\Cache), false)
 9 FCPATH\index.php(67): CodeIgniter\CodeIgniter->run()
10 SYSTEMPATH\Commands\Server\rewrite.php(46): require_once('FCPATH\\index.php')
CRITICAL - 2023-01-25 09:14:02 --> Call to a member function session() on string
in APPPATH\Views\admin\datauser.php on line 57.
 1 SYSTEMPATH\View\View.php(213): include()
 2 SYSTEMPATH\View\View.php(216): CodeIgniter\View\View->CodeIgniter\View\{closure}()
 3 SYSTEMPATH\Common.php(1134): CodeIgniter\View\View->render('admin/datauser', [], true)
 4 APPPATH\Controllers\AdminControllers.php(209): view('admin/datauser', [...])
 5 SYSTEMPATH\CodeIgniter.php(927): App\Controllers\AdminControllers->listdatauser()
 6 SYSTEMPATH\CodeIgniter.php(482): CodeIgniter\CodeIgniter->runController(Object(App\Controllers\AdminControllers))
 7 SYSTEMPATH\CodeIgniter.php(351): CodeIgniter\CodeIgniter->handleRequest(null, Object(Config\Cache), false)
 8 FCPATH\index.php(67): CodeIgniter\CodeIgniter->run()
 9 SYSTEMPATH\Commands\Server\rewrite.php(46): require_once('FCPATH\\index.php')
CRITICAL - 2023-01-25 09:14:21 --> Attempt to read property "where" on string
in APPPATH\Views\admin\datauser.php on line 57.
 1 APPPATH\Views\admin\datauser.php(57): CodeIgniter\Debug\Exceptions->errorHandler(2, 'Attempt to read property "where" on string', 'APPPATH\\Views\\admin\\datauser.php', 57)
 2 SYSTEMPATH\View\View.php(213): include('APPPATH\\Views\\admin\\datauser.php')
 3 SYSTEMPATH\View\View.php(216): CodeIgniter\View\View->CodeIgniter\View\{closure}()
 4 SYSTEMPATH\Common.php(1134): CodeIgniter\View\View->render('admin/datauser', [], true)
 5 APPPATH\Controllers\AdminControllers.php(209): view('admin/datauser', [...])
 6 SYSTEMPATH\CodeIgniter.php(927): App\Controllers\AdminControllers->listdatauser()
 7 SYSTEMPATH\CodeIgniter.php(482): CodeIgniter\CodeIgniter->runController(Object(App\Controllers\AdminControllers))
 8 SYSTEMPATH\CodeIgniter.php(351): CodeIgniter\CodeIgniter->handleRequest(null, Object(Config\Cache), false)
 9 FCPATH\index.php(67): CodeIgniter\CodeIgniter->run()
10 SYSTEMPATH\Commands\Server\rewrite.php(46): require_once('FCPATH\\index.php')
ERROR - 2023-01-25 10:14:20 --> mysqli_sql_exception: Unknown column 'no' in 'where clause' in C:\xampp\htdocs\ProjectPaket\system\Database\MySQLi\Connection.php:292
Stack trace:
#0 C:\xampp\htdocs\ProjectPaket\system\Database\MySQLi\Connection.php(292): mysqli->query('SELECT *\nFROM `...', 0)
#1 C:\xampp\htdocs\ProjectPaket\system\Database\BaseConnection.php(666): CodeIgniter\Database\MySQLi\Connection->execute('SELECT *\nFROM `...')
#2 C:\xampp\htdocs\ProjectPaket\system\Database\BaseConnection.php(593): CodeIgniter\Database\BaseConnection->simpleQuery('SELECT *\nFROM `...')
#3 C:\xampp\htdocs\ProjectPaket\system\Database\BaseBuilder.php(1585): CodeIgniter\Database\BaseConnection->query('SELECT *\nFROM `...', Array, false)
#4 C:\xampp\htdocs\ProjectPaket\system\Model.php(250): CodeIgniter\Database\BaseBuilder->get()
#5 C:\xampp\htdocs\ProjectPaket\system\BaseModel.php(623): CodeIgniter\Model->doFirst()
#6 C:\xampp\htdocs\ProjectPaket\app\Controllers\AdminControllers.php(253): CodeIgniter\BaseModel->first()
#7 C:\xampp\htdocs\ProjectPaket\system\CodeIgniter.php(927): App\Controllers\AdminControllers->edit('1')
#8 C:\xampp\htdocs\ProjectPaket\system\CodeIgniter.php(482): CodeIgniter\CodeIgniter->runController(Object(App\Controllers\AdminControllers))
#9 C:\xampp\htdocs\ProjectPaket\system\CodeIgniter.php(351): CodeIgniter\CodeIgniter->handleRequest(NULL, Object(Config\Cache), false)
#10 C:\xampp\htdocs\ProjectPaket\public\index.php(67): CodeIgniter\CodeIgniter->run()
#11 C:\xampp\htdocs\ProjectPaket\system\Commands\Server\rewrite.php(46): require_once('C:\\xampp\\htdocs...')
#12 {main}
CRITICAL - 2023-01-25 10:14:20 --> Unknown column 'no' in 'where clause'
in SYSTEMPATH\Database\MySQLi\Connection.php on line 292.
 1 SYSTEMPATH\Database\MySQLi\Connection.php(292): mysqli->query('SELECT *
FROM `tb_user`
WHERE `no` = \'1\'
 LIMIT 1', 0)
 2 SYSTEMPATH\Database\BaseConnection.php(666): CodeIgniter\Database\MySQLi\Connection->execute('SELECT *
FROM `tb_user`
WHERE `no` = \'1\'
 LIMIT 1')
 3 SYSTEMPATH\Database\BaseConnection.php(593): CodeIgniter\Database\BaseConnection->simpleQuery('SELECT *
FROM `tb_user`
WHERE `no` = \'1\'
 LIMIT 1')
 4 SYSTEMPATH\Database\BaseBuilder.php(1585): CodeIgniter\Database\BaseConnection->query('SELECT *
FROM `tb_user`
WHERE `no` = :no:
 LIMIT 1', [...], false)
 5 SYSTEMPATH\Model.php(250): CodeIgniter\Database\BaseBuilder->get()
 6 SYSTEMPATH\BaseModel.php(623): CodeIgniter\Model->doFirst()
 7 APPPATH\Controllers\AdminControllers.php(253): CodeIgniter\BaseModel->first()
 8 SYSTEMPATH\CodeIgniter.php(927): App\Controllers\AdminControllers->edit('1')
 9 SYSTEMPATH\CodeIgniter.php(482): CodeIgniter\CodeIgniter->runController(Object(App\Controllers\AdminControllers))
10 SYSTEMPATH\CodeIgniter.php(351): CodeIgniter\CodeIgniter->handleRequest(null, Object(Config\Cache), false)
11 FCPATH\index.php(67): CodeIgniter\CodeIgniter->run()
12 SYSTEMPATH\Commands\Server\rewrite.php(46): require_once('FCPATH\\index.php')
CRITICAL - 2023-01-25 14:42:34 --> Attempt to read property "u_id" on array
in APPPATH\Views\admin\datauser.php on line 56.
 1 APPPATH\Views\admin\datauser.php(56): CodeIgniter\Debug\Exceptions->errorHandler(2, 'Attempt to read property "u_id" on array', 'APPPATH\\Views\\admin\\datauser.php', 56)
 2 SYSTEMPATH\View\View.php(213): include('APPPATH\\Views\\admin\\datauser.php')
 3 SYSTEMPATH\View\View.php(216): CodeIgniter\View\View->CodeIgniter\View\{closure}()
 4 SYSTEMPATH\Common.php(1134): CodeIgniter\View\View->render('admin/datauser', [], true)
 5 APPPATH\Controllers\AdminControllers.php(209): view('admin/datauser', [...])
 6 SYSTEMPATH\CodeIgniter.php(927): App\Controllers\AdminControllers->listdatauser()
 7 SYSTEMPATH\CodeIgniter.php(482): CodeIgniter\CodeIgniter->runController(Object(App\Controllers\AdminControllers))
 8 SYSTEMPATH\CodeIgniter.php(351): CodeIgniter\CodeIgniter->handleRequest(null, Object(Config\Cache), false)
 9 FCPATH\index.php(67): CodeIgniter\CodeIgniter->run()
10 SYSTEMPATH\Commands\Server\rewrite.php(46): require_once('FCPATH\\index.php')
CRITICAL - 2023-01-25 15:02:52 --> Undefined variable $tb_user
in APPPATH\Views\admin\datauser.php on line 49.
 1 APPPATH\Views\admin\datauser.php(49): CodeIgniter\Debug\Exceptions->errorHandler(2, 'Undefined variable $tb_user', 'APPPATH\\Views\\admin\\datauser.php', 49)
 2 SYSTEMPATH\View\View.php(213): include('APPPATH\\Views\\admin\\datauser.php')
 3 SYSTEMPATH\View\View.php(216): CodeIgniter\View\View->CodeIgniter\View\{closure}()
 4 SYSTEMPATH\Common.php(1134): CodeIgniter\View\View->render('admin/datauser', [], true)
 5 APPPATH\Controllers\AdminControllers.php(206): view('admin/datauser', [...])
 6 SYSTEMPATH\CodeIgniter.php(927): App\Controllers\AdminControllers->listdatauser()
 7 SYSTEMPATH\CodeIgniter.php(482): CodeIgniter\CodeIgniter->runController(Object(App\Controllers\AdminControllers))
 8 SYSTEMPATH\CodeIgniter.php(351): CodeIgniter\CodeIgniter->handleRequest(null, Object(Config\Cache), false)
 9 FCPATH\index.php(67): CodeIgniter\CodeIgniter->run()
10 SYSTEMPATH\Commands\Server\rewrite.php(46): require_once('FCPATH\\index.php')
CRITICAL - 2023-01-25 15:04:28 --> Undefined variable $tb_user
in APPPATH\Views\admin\datauser.php on line 49.
 1 APPPATH\Views\admin\datauser.php(49): CodeIgniter\Debug\Exceptions->errorHandler(2, 'Undefined variable $tb_user', 'APPPATH\\Views\\admin\\datauser.php', 49)
 2 SYSTEMPATH\View\View.php(213): include('APPPATH\\Views\\admin\\datauser.php')
 3 SYSTEMPATH\View\View.php(216): CodeIgniter\View\View->CodeIgniter\View\{closure}()
 4 SYSTEMPATH\Common.php(1134): CodeIgniter\View\View->render('admin/datauser', [], true)
 5 APPPATH\Controllers\AdminControllers.php(206): view('admin/datauser', [...])
 6 SYSTEMPATH\CodeIgniter.php(927): App\Controllers\AdminControllers->listdatauser()
 7 SYSTEMPATH\CodeIgniter.php(482): CodeIgniter\CodeIgniter->runController(Object(App\Controllers\AdminControllers))
 8 SYSTEMPATH\CodeIgniter.php(351): CodeIgniter\CodeIgniter->handleRequest(null, Object(Config\Cache), false)
 9 FCPATH\index.php(67): CodeIgniter\CodeIgniter->run()
10 SYSTEMPATH\Commands\Server\rewrite.php(46): require_once('FCPATH\\index.php')
CRITICAL - 2023-01-25 15:04:54 --> Undefined variable $nameuser
in APPPATH\Views\admin\datauser.php on line 56.
 1 APPPATH\Views\admin\datauser.php(56): CodeIgniter\Debug\Exceptions->errorHandler(2, 'Undefined variable $nameuser', 'APPPATH\\Views\\admin\\datauser.php', 56)
 2 SYSTEMPATH\View\View.php(213): include('APPPATH\\Views\\admin\\datauser.php')
 3 SYSTEMPATH\View\View.php(216): CodeIgniter\View\View->CodeIgniter\View\{closure}()
 4 SYSTEMPATH\Common.php(1134): CodeIgniter\View\View->render('admin/datauser', [], true)
 5 APPPATH\Controllers\AdminControllers.php(205): view('admin/datauser', [...])
 6 SYSTEMPATH\CodeIgniter.php(927): App\Controllers\AdminControllers->listdatauser()
 7 SYSTEMPATH\CodeIgniter.php(482): CodeIgniter\CodeIgniter->runController(Object(App\Controllers\AdminControllers))
 8 SYSTEMPATH\CodeIgniter.php(351): CodeIgniter\CodeIgniter->handleRequest(null, Object(Config\Cache), false)
 9 FCPATH\index.php(67): CodeIgniter\CodeIgniter->run()
10 SYSTEMPATH\Commands\Server\rewrite.php(46): require_once('FCPATH\\index.php')
CRITICAL - 2023-01-25 15:05:27 --> Undefined variable $nameuser
in APPPATH\Views\admin\datauser.php on line 56.
 1 APPPATH\Views\admin\datauser.php(56): CodeIgniter\Debug\Exceptions->errorHandler(2, 'Undefined variable $nameuser', 'APPPATH\\Views\\admin\\datauser.php', 56)
 2 SYSTEMPATH\View\View.php(213): include('APPPATH\\Views\\admin\\datauser.php')
 3 SYSTEMPATH\View\View.php(216): CodeIgniter\View\View->CodeIgniter\View\{closure}()
 4 SYSTEMPATH\Common.php(1134): CodeIgniter\View\View->render('admin/datauser', [], true)
 5 APPPATH\Controllers\AdminControllers.php(205): view('admin/datauser', [...])
 6 SYSTEMPATH\CodeIgniter.php(927): App\Controllers\AdminControllers->listdatauser()
 7 SYSTEMPATH\CodeIgniter.php(482): CodeIgniter\CodeIgniter->runController(Object(App\Controllers\AdminControllers))
 8 SYSTEMPATH\CodeIgniter.php(351): CodeIgniter\CodeIgniter->handleRequest(null, Object(Config\Cache), false)
 9 FCPATH\index.php(67): CodeIgniter\CodeIgniter->run()
10 SYSTEMPATH\Commands\Server\rewrite.php(46): require_once('FCPATH\\index.php')
CRITICAL - 2023-01-25 15:06:39 --> Undefined variable $nameuser
in APPPATH\Views\admin\datauser.php on line 56.
 1 APPPATH\Views\admin\datauser.php(56): CodeIgniter\Debug\Exceptions->errorHandler(2, 'Undefined variable $nameuser', 'APPPATH\\Views\\admin\\datauser.php', 56)
 2 SYSTEMPATH\View\View.php(213): include('APPPATH\\Views\\admin\\datauser.php')
 3 SYSTEMPATH\View\View.php(216): CodeIgniter\View\View->CodeIgniter\View\{closure}()
 4 SYSTEMPATH\Common.php(1134): CodeIgniter\View\View->render('admin/datauser', [], true)
 5 APPPATH\Controllers\AdminControllers.php(205): view('admin/datauser', [...])
 6 SYSTEMPATH\CodeIgniter.php(927): App\Controllers\AdminControllers->listdatauser()
 7 SYSTEMPATH\CodeIgniter.php(482): CodeIgniter\CodeIgniter->runController(Object(App\Controllers\AdminControllers))
 8 SYSTEMPATH\CodeIgniter.php(351): CodeIgniter\CodeIgniter->handleRequest(null, Object(Config\Cache), false)
 9 FCPATH\index.php(67): CodeIgniter\CodeIgniter->run()
10 SYSTEMPATH\Commands\Server\rewrite.php(46): require_once('FCPATH\\index.php')
CRITICAL - 2023-01-25 15:06:41 --> Undefined variable $nameuser
in APPPATH\Views\admin\datauser.php on line 56.
 1 APPPATH\Views\admin\datauser.php(56): CodeIgniter\Debug\Exceptions->errorHandler(2, 'Undefined variable $nameuser', 'APPPATH\\Views\\admin\\datauser.php', 56)
 2 SYSTEMPATH\View\View.php(213): include('APPPATH\\Views\\admin\\datauser.php')
 3 SYSTEMPATH\View\View.php(216): CodeIgniter\View\View->CodeIgniter\View\{closure}()
 4 SYSTEMPATH\Common.php(1134): CodeIgniter\View\View->render('admin/datauser', [], true)
 5 APPPATH\Controllers\AdminControllers.php(205): view('admin/datauser', [...])
 6 SYSTEMPATH\CodeIgniter.php(927): App\Controllers\AdminControllers->listdatauser()
 7 SYSTEMPATH\CodeIgniter.php(482): CodeIgniter\CodeIgniter->runController(Object(App\Controllers\AdminControllers))
 8 SYSTEMPATH\CodeIgniter.php(351): CodeIgniter\CodeIgniter->handleRequest(null, Object(Config\Cache), false)
 9 FCPATH\index.php(67): CodeIgniter\CodeIgniter->run()
10 SYSTEMPATH\Commands\Server\rewrite.php(46): require_once('FCPATH\\index.php')
CRITICAL - 2023-01-25 15:07:46 --> Undefined variable $nameuser
in APPPATH\Views\admin\datauser.php on line 56.
 1 APPPATH\Views\admin\datauser.php(56): CodeIgniter\Debug\Exceptions->errorHandler(2, 'Undefined variable $nameuser', 'APPPATH\\Views\\admin\\datauser.php', 56)
 2 SYSTEMPATH\View\View.php(213): include('APPPATH\\Views\\admin\\datauser.php')
 3 SYSTEMPATH\View\View.php(216): CodeIgniter\View\View->CodeIgniter\View\{closure}()
 4 SYSTEMPATH\Common.php(1134): CodeIgniter\View\View->render('admin/datauser', [], true)
 5 APPPATH\Controllers\AdminControllers.php(205): view('admin/datauser', [...])
 6 SYSTEMPATH\CodeIgniter.php(927): App\Controllers\AdminControllers->listdatauser()
 7 SYSTEMPATH\CodeIgniter.php(482): CodeIgniter\CodeIgniter->runController(Object(App\Controllers\AdminControllers))
 8 SYSTEMPATH\CodeIgniter.php(351): CodeIgniter\CodeIgniter->handleRequest(null, Object(Config\Cache), false)
 9 FCPATH\index.php(67): CodeIgniter\CodeIgniter->run()
10 SYSTEMPATH\Commands\Server\rewrite.php(46): require_once('FCPATH\\index.php')
CRITICAL - 2023-01-25 15:09:45 --> Undefined variable $nameuser
in APPPATH\Views\admin\datauser.php on line 56.
 1 APPPATH\Views\admin\datauser.php(56): CodeIgniter\Debug\Exceptions->errorHandler(2, 'Undefined variable $nameuser', 'APPPATH\\Views\\admin\\datauser.php', 56)
 2 SYSTEMPATH\View\View.php(213): include('APPPATH\\Views\\admin\\datauser.php')
 3 SYSTEMPATH\View\View.php(216): CodeIgniter\View\View->CodeIgniter\View\{closure}()
 4 SYSTEMPATH\Common.php(1134): CodeIgniter\View\View->render('admin/datauser', [], true)
 5 APPPATH\Controllers\AdminControllers.php(205): view('admin/datauser', [...])
 6 SYSTEMPATH\CodeIgniter.php(927): App\Controllers\AdminControllers->listdatauser()
 7 SYSTEMPATH\CodeIgniter.php(482): CodeIgniter\CodeIgniter->runController(Object(App\Controllers\AdminControllers))
 8 SYSTEMPATH\CodeIgniter.php(351): CodeIgniter\CodeIgniter->handleRequest(null, Object(Config\Cache), false)
 9 FCPATH\index.php(67): CodeIgniter\CodeIgniter->run()
10 SYSTEMPATH\Commands\Server\rewrite.php(46): require_once('FCPATH\\index.php')
CRITICAL - 2023-01-25 15:11:04 --> Undefined variable $nameuser
in APPPATH\Views\admin\datauser.php on line 57.
 1 APPPATH\Views\admin\datauser.php(57): CodeIgniter\Debug\Exceptions->errorHandler(2, 'Undefined variable $nameuser', 'APPPATH\\Views\\admin\\datauser.php', 57)
 2 SYSTEMPATH\View\View.php(213): include('APPPATH\\Views\\admin\\datauser.php')
 3 SYSTEMPATH\View\View.php(216): CodeIgniter\View\View->CodeIgniter\View\{closure}()
 4 SYSTEMPATH\Common.php(1134): CodeIgniter\View\View->render('admin/datauser', [], true)
 5 APPPATH\Controllers\AdminControllers.php(205): view('admin/datauser', [...])
 6 SYSTEMPATH\CodeIgniter.php(927): App\Controllers\AdminControllers->listdatauser()
 7 SYSTEMPATH\CodeIgniter.php(482): CodeIgniter\CodeIgniter->runController(Object(App\Controllers\AdminControllers))
 8 SYSTEMPATH\CodeIgniter.php(351): CodeIgniter\CodeIgniter->handleRequest(null, Object(Config\Cache), false)
 9 FCPATH\index.php(67): CodeIgniter\CodeIgniter->run()
10 SYSTEMPATH\Commands\Server\rewrite.php(46): require_once('FCPATH\\index.php')
CRITICAL - 2023-01-25 15:11:45 --> Undefined variable $nameuser
in APPPATH\Views\admin\datauser.php on line 57.
 1 APPPATH\Views\admin\datauser.php(57): CodeIgniter\Debug\Exceptions->errorHandler(2, 'Undefined variable $nameuser', 'APPPATH\\Views\\admin\\datauser.php', 57)
 2 SYSTEMPATH\View\View.php(213): include('APPPATH\\Views\\admin\\datauser.php')
 3 SYSTEMPATH\View\View.php(216): CodeIgniter\View\View->CodeIgniter\View\{closure}()
 4 SYSTEMPATH\Common.php(1134): CodeIgniter\View\View->render('admin/datauser', [], true)
 5 APPPATH\Controllers\AdminControllers.php(205): view('admin/datauser', [...])
 6 SYSTEMPATH\CodeIgniter.php(927): App\Controllers\AdminControllers->listdatauser()
 7 SYSTEMPATH\CodeIgniter.php(482): CodeIgniter\CodeIgniter->runController(Object(App\Controllers\AdminControllers))
 8 SYSTEMPATH\CodeIgniter.php(351): CodeIgniter\CodeIgniter->handleRequest(null, Object(Config\Cache), false)
 9 FCPATH\index.php(67): CodeIgniter\CodeIgniter->run()
10 SYSTEMPATH\Commands\Server\rewrite.php(46): require_once('FCPATH\\index.php')
CRITICAL - 2023-01-25 15:13:56 --> Undefined variable $nameuser
in APPPATH\Views\admin\datauser.php on line 49.
 1 APPPATH\Views\admin\datauser.php(49): CodeIgniter\Debug\Exceptions->errorHandler(2, 'Undefined variable $nameuser', 'APPPATH\\Views\\admin\\datauser.php', 49)
 2 SYSTEMPATH\View\View.php(213): include('APPPATH\\Views\\admin\\datauser.php')
 3 SYSTEMPATH\View\View.php(216): CodeIgniter\View\View->CodeIgniter\View\{closure}()
 4 SYSTEMPATH\Common.php(1134): CodeIgniter\View\View->render('admin/datauser', [], true)
 5 APPPATH\Controllers\AdminControllers.php(205): view('admin/datauser', [...])
 6 SYSTEMPATH\CodeIgniter.php(927): App\Controllers\AdminControllers->listdatauser()
 7 SYSTEMPATH\CodeIgniter.php(482): CodeIgniter\CodeIgniter->runController(Object(App\Controllers\AdminControllers))
 8 SYSTEMPATH\CodeIgniter.php(351): CodeIgniter\CodeIgniter->handleRequest(null, Object(Config\Cache), false)
 9 FCPATH\index.php(67): CodeIgniter\CodeIgniter->run()
10 SYSTEMPATH\Commands\Server\rewrite.php(46): require_once('FCPATH\\index.php')
ERROR - 2023-01-25 15:32:57 --> mysqli_sql_exception: Unknown column 'no' in 'where clause' in C:\xampp\htdocs\ProjectPaket\system\Database\MySQLi\Connection.php:292
Stack trace:
#0 C:\xampp\htdocs\ProjectPaket\system\Database\MySQLi\Connection.php(292): mysqli->query('SELECT *\nFROM `...', 0)
#1 C:\xampp\htdocs\ProjectPaket\system\Database\BaseConnection.php(666): CodeIgniter\Database\MySQLi\Connection->execute('SELECT *\nFROM `...')
#2 C:\xampp\htdocs\ProjectPaket\system\Database\BaseConnection.php(593): CodeIgniter\Database\BaseConnection->simpleQuery('SELECT *\nFROM `...')
#3 C:\xampp\htdocs\ProjectPaket\system\Database\BaseBuilder.php(1585): CodeIgniter\Database\BaseConnection->query('SELECT *\nFROM `...', Array, false)
#4 C:\xampp\htdocs\ProjectPaket\system\Model.php(250): CodeIgniter\Database\BaseBuilder->get()
#5 C:\xampp\htdocs\ProjectPaket\system\BaseModel.php(623): CodeIgniter\Model->doFirst()
#6 C:\xampp\htdocs\ProjectPaket\app\Controllers\AdminControllers.php(253): CodeIgniter\BaseModel->first()
#7 C:\xampp\htdocs\ProjectPaket\system\CodeIgniter.php(927): App\Controllers\AdminControllers->edituser('1')
#8 C:\xampp\htdocs\ProjectPaket\system\CodeIgniter.php(482): CodeIgniter\CodeIgniter->runController(Object(App\Controllers\AdminControllers))
#9 C:\xampp\htdocs\ProjectPaket\system\CodeIgniter.php(351): CodeIgniter\CodeIgniter->handleRequest(NULL, Object(Config\Cache), false)
#10 C:\xampp\htdocs\ProjectPaket\public\index.php(67): CodeIgniter\CodeIgniter->run()
#11 C:\xampp\htdocs\ProjectPaket\system\Commands\Server\rewrite.php(46): require_once('C:\\xampp\\htdocs...')
#12 {main}
CRITICAL - 2023-01-25 15:32:57 --> Unknown column 'no' in 'where clause'
in SYSTEMPATH\Database\MySQLi\Connection.php on line 292.
 1 SYSTEMPATH\Database\MySQLi\Connection.php(292): mysqli->query('SELECT *
FROM `tb_user`
WHERE `no` = \'1\'
 LIMIT 1', 0)
 2 SYSTEMPATH\Database\BaseConnection.php(666): CodeIgniter\Database\MySQLi\Connection->execute('SELECT *
FROM `tb_user`
WHERE `no` = \'1\'
 LIMIT 1')
 3 SYSTEMPATH\Database\BaseConnection.php(593): CodeIgniter\Database\BaseConnection->simpleQuery('SELECT *
FROM `tb_user`
WHERE `no` = \'1\'
 LIMIT 1')
 4 SYSTEMPATH\Database\BaseBuilder.php(1585): CodeIgniter\Database\BaseConnection->query('SELECT *
FROM `tb_user`
WHERE `no` = :no:
 LIMIT 1', [...], false)
 5 SYSTEMPATH\Model.php(250): CodeIgniter\Database\BaseBuilder->get()
 6 SYSTEMPATH\BaseModel.php(623): CodeIgniter\Model->doFirst()
 7 APPPATH\Controllers\AdminControllers.php(253): CodeIgniter\BaseModel->first()
 8 SYSTEMPATH\CodeIgniter.php(927): App\Controllers\AdminControllers->edituser('1')
 9 SYSTEMPATH\CodeIgniter.php(482): CodeIgniter\CodeIgniter->runController(Object(App\Controllers\AdminControllers))
10 SYSTEMPATH\CodeIgniter.php(351): CodeIgniter\CodeIgniter->handleRequest(null, Object(Config\Cache), false)
11 FCPATH\index.php(67): CodeIgniter\CodeIgniter->run()
12 SYSTEMPATH\Commands\Server\rewrite.php(46): require_once('FCPATH\\index.php')
CRITICAL - 2023-01-25 15:39:32 --> Undefined variable $nameuser
in APPPATH\Views\admin\registeredit.php on line 71.
 1 APPPATH\Views\admin\registeredit.php(71): CodeIgniter\Debug\Exceptions->errorHandler(2, 'Undefined variable $nameuser', 'APPPATH\\Views\\admin\\registeredit.php', 71)
 2 SYSTEMPATH\View\View.php(213): include('APPPATH\\Views\\admin\\registeredit.php')
 3 SYSTEMPATH\View\View.php(216): CodeIgniter\View\View->CodeIgniter\View\{closure}()
 4 SYSTEMPATH\Common.php(1134): CodeIgniter\View\View->render('admin/registeredit', [], true)
 5 APPPATH\Controllers\AdminControllers.php(424): view('admin/registeredit', [...])
 6 SYSTEMPATH\CodeIgniter.php(927): App\Controllers\AdminControllers->edituser('1')
 7 SYSTEMPATH\CodeIgniter.php(482): CodeIgniter\CodeIgniter->runController(Object(App\Controllers\AdminControllers))
 8 SYSTEMPATH\CodeIgniter.php(351): CodeIgniter\CodeIgniter->handleRequest(null, Object(Config\Cache), false)
 9 FCPATH\index.php(67): CodeIgniter\CodeIgniter->run()
10 SYSTEMPATH\Commands\Server\rewrite.php(46): require_once('FCPATH\\index.php')
CRITICAL - 2023-01-25 15:42:41 --> Undefined variable $nameuser
in APPPATH\Views\admin\registeredit.php on line 71.
 1 APPPATH\Views\admin\registeredit.php(71): CodeIgniter\Debug\Exceptions->errorHandler(2, 'Undefined variable $nameuser', 'APPPATH\\Views\\admin\\registeredit.php', 71)
 2 SYSTEMPATH\View\View.php(213): include('APPPATH\\Views\\admin\\registeredit.php')
 3 SYSTEMPATH\View\View.php(216): CodeIgniter\View\View->CodeIgniter\View\{closure}()
 4 SYSTEMPATH\Common.php(1134): CodeIgniter\View\View->render('admin/registeredit', [...], true)
 5 APPPATH\Controllers\AdminControllers.php(427): view('admin/registeredit', [...], [...])
 6 SYSTEMPATH\CodeIgniter.php(927): App\Controllers\AdminControllers->edituser('1')
 7 SYSTEMPATH\CodeIgniter.php(482): CodeIgniter\CodeIgniter->runController(Object(App\Controllers\AdminControllers))
 8 SYSTEMPATH\CodeIgniter.php(351): CodeIgniter\CodeIgniter->handleRequest(null, Object(Config\Cache), false)
 9 FCPATH\index.php(67): CodeIgniter\CodeIgniter->run()
10 SYSTEMPATH\Commands\Server\rewrite.php(46): require_once('FCPATH\\index.php')
CRITICAL - 2023-01-25 15:43:15 --> Undefined variable $nameuser
in APPPATH\Views\admin\registeredit.php on line 71.
 1 APPPATH\Views\admin\registeredit.php(71): CodeIgniter\Debug\Exceptions->errorHandler(2, 'Undefined variable $nameuser', 'APPPATH\\Views\\admin\\registeredit.php', 71)
 2 SYSTEMPATH\View\View.php(213): include('APPPATH\\Views\\admin\\registeredit.php')
 3 SYSTEMPATH\View\View.php(216): CodeIgniter\View\View->CodeIgniter\View\{closure}()
 4 SYSTEMPATH\Common.php(1134): CodeIgniter\View\View->render('admin/registeredit', [], true)
 5 APPPATH\Controllers\AdminControllers.php(427): view('admin/registeredit', [...])
 6 SYSTEMPATH\CodeIgniter.php(927): App\Controllers\AdminControllers->edituser('1')
 7 SYSTEMPATH\CodeIgniter.php(482): CodeIgniter\CodeIgniter->runController(Object(App\Controllers\AdminControllers))
 8 SYSTEMPATH\CodeIgniter.php(351): CodeIgniter\CodeIgniter->handleRequest(null, Object(Config\Cache), false)
 9 FCPATH\index.php(67): CodeIgniter\CodeIgniter->run()
10 SYSTEMPATH\Commands\Server\rewrite.php(46): require_once('FCPATH\\index.php')
CRITICAL - 2023-01-25 15:43:18 --> Undefined variable $nameuser
in APPPATH\Views\admin\registeredit.php on line 71.
 1 APPPATH\Views\admin\registeredit.php(71): CodeIgniter\Debug\Exceptions->errorHandler(2, 'Undefined variable $nameuser', 'APPPATH\\Views\\admin\\registeredit.php', 71)
 2 SYSTEMPATH\View\View.php(213): include('APPPATH\\Views\\admin\\registeredit.php')
 3 SYSTEMPATH\View\View.php(216): CodeIgniter\View\View->CodeIgniter\View\{closure}()
 4 SYSTEMPATH\Common.php(1134): CodeIgniter\View\View->render('admin/registeredit', [], true)
 5 APPPATH\Controllers\AdminControllers.php(427): view('admin/registeredit', [...])
 6 SYSTEMPATH\CodeIgniter.php(927): App\Controllers\AdminControllers->edituser('1')
 7 SYSTEMPATH\CodeIgniter.php(482): CodeIgniter\CodeIgniter->runController(Object(App\Controllers\AdminControllers))
 8 SYSTEMPATH\CodeIgniter.php(351): CodeIgniter\CodeIgniter->handleRequest(null, Object(Config\Cache), false)
 9 FCPATH\index.php(67): CodeIgniter\CodeIgniter->run()
10 SYSTEMPATH\Commands\Server\rewrite.php(46): require_once('FCPATH\\index.php')
CRITICAL - 2023-01-25 15:45:54 --> Undefined variable $user
in APPPATH\Views\admin\registeredit.php on line 42.
 1 APPPATH\Views\admin\registeredit.php(42): CodeIgniter\Debug\Exceptions->errorHandler(2, 'Undefined variable $user', 'APPPATH\\Views\\admin\\registeredit.php', 42)
 2 SYSTEMPATH\View\View.php(213): include('APPPATH\\Views\\admin\\registeredit.php')
 3 SYSTEMPATH\View\View.php(216): CodeIgniter\View\View->CodeIgniter\View\{closure}()
 4 SYSTEMPATH\Common.php(1134): CodeIgniter\View\View->render('admin/registeredit', [], true)
 5 APPPATH\Controllers\AdminControllers.php(427): view('admin/registeredit', [...])
 6 SYSTEMPATH\CodeIgniter.php(927): App\Controllers\AdminControllers->edituser('1')
 7 SYSTEMPATH\CodeIgniter.php(482): CodeIgniter\CodeIgniter->runController(Object(App\Controllers\AdminControllers))
 8 SYSTEMPATH\CodeIgniter.php(351): CodeIgniter\CodeIgniter->handleRequest(null, Object(Config\Cache), false)
 9 FCPATH\index.php(67): CodeIgniter\CodeIgniter->run()
10 SYSTEMPATH\Commands\Server\rewrite.php(46): require_once('FCPATH\\index.php')
CRITICAL - 2023-01-25 15:53:16 --> Undefined array key "u_password2y"
in APPPATH\Views\admin\registeredit.php on line 47.
 1 APPPATH\Views\admin\registeredit.php(47): CodeIgniter\Debug\Exceptions->errorHandler(2, 'Undefined array key "u_password2y"', 'APPPATH\\Views\\admin\\registeredit.php', 47)
 2 SYSTEMPATH\View\View.php(213): include('APPPATH\\Views\\admin\\registeredit.php')
 3 SYSTEMPATH\View\View.php(216): CodeIgniter\View\View->CodeIgniter\View\{closure}()
 4 SYSTEMPATH\Common.php(1134): CodeIgniter\View\View->render('admin/registeredit', [], true)
 5 APPPATH\Controllers\AdminControllers.php(427): view('admin/registeredit', [...])
 6 SYSTEMPATH\CodeIgniter.php(927): App\Controllers\AdminControllers->edituser('1')
 7 SYSTEMPATH\CodeIgniter.php(482): CodeIgniter\CodeIgniter->runController(Object(App\Controllers\AdminControllers))
 8 SYSTEMPATH\CodeIgniter.php(351): CodeIgniter\CodeIgniter->handleRequest(null, Object(Config\Cache), false)
 9 FCPATH\index.php(67): CodeIgniter\CodeIgniter->run()
10 SYSTEMPATH\Commands\Server\rewrite.php(46): require_once('FCPATH\\index.php')
CRITICAL - 2023-01-25 15:54:42 --> Cannot access offset of type string on string
in APPPATH\Views\admin\registeredit.php on line 47.
 1 SYSTEMPATH\View\View.php(213): include()
 2 SYSTEMPATH\View\View.php(216): CodeIgniter\View\View->CodeIgniter\View\{closure}()
 3 SYSTEMPATH\Common.php(1134): CodeIgniter\View\View->render('admin/registeredit', [], true)
 4 APPPATH\Controllers\AdminControllers.php(427): view('admin/registeredit', [...])
 5 SYSTEMPATH\CodeIgniter.php(927): App\Controllers\AdminControllers->edituser('1')
 6 SYSTEMPATH\CodeIgniter.php(482): CodeIgniter\CodeIgniter->runController(Object(App\Controllers\AdminControllers))
 7 SYSTEMPATH\CodeIgniter.php(351): CodeIgniter\CodeIgniter->handleRequest(null, Object(Config\Cache), false)
 8 FCPATH\index.php(67): CodeIgniter\CodeIgniter->run()
 9 SYSTEMPATH\Commands\Server\rewrite.php(46): require_once('FCPATH\\index.php')
CRITICAL - 2023-01-25 16:00:25 --> Array to string conversion
in APPPATH\Views\admin\registeredit.php on line 47.
 1 APPPATH\Views\admin\registeredit.php(47): CodeIgniter\Debug\Exceptions->errorHandler(2, 'Array to string conversion', 'APPPATH\\Views\\admin\\registeredit.php', 47)
 2 SYSTEMPATH\View\View.php(213): include('APPPATH\\Views\\admin\\registeredit.php')
 3 SYSTEMPATH\View\View.php(216): CodeIgniter\View\View->CodeIgniter\View\{closure}()
 4 SYSTEMPATH\Common.php(1134): CodeIgniter\View\View->render('admin/registeredit', [], true)
 5 APPPATH\Controllers\AdminControllers.php(427): view('admin/registeredit', [...])
 6 SYSTEMPATH\CodeIgniter.php(927): App\Controllers\AdminControllers->edituser('1')
 7 SYSTEMPATH\CodeIgniter.php(482): CodeIgniter\CodeIgniter->runController(Object(App\Controllers\AdminControllers))
 8 SYSTEMPATH\CodeIgniter.php(351): CodeIgniter\CodeIgniter->handleRequest(null, Object(Config\Cache), false)
 9 FCPATH\index.php(67): CodeIgniter\CodeIgniter->run()
10 SYSTEMPATH\Commands\Server\rewrite.php(46): require_once('FCPATH\\index.php')
CRITICAL - 2023-01-25 16:07:35 --> Cannot use object of type stdClass as array
in APPPATH\Views\admin\registeredit.php on line 79.
 1 SYSTEMPATH\View\View.php(213): include()
 2 SYSTEMPATH\View\View.php(216): CodeIgniter\View\View->CodeIgniter\View\{closure}()
 3 SYSTEMPATH\Common.php(1134): CodeIgniter\View\View->render('admin/registeredit', [], true)
 4 APPPATH\Controllers\AdminControllers.php(427): view('admin/registeredit', [...])
 5 SYSTEMPATH\CodeIgniter.php(927): App\Controllers\AdminControllers->edituser('1')
 6 SYSTEMPATH\CodeIgniter.php(482): CodeIgniter\CodeIgniter->runController(Object(App\Controllers\AdminControllers))
 7 SYSTEMPATH\CodeIgniter.php(351): CodeIgniter\CodeIgniter->handleRequest(null, Object(Config\Cache), false)
 8 FCPATH\index.php(67): CodeIgniter\CodeIgniter->run()
 9 SYSTEMPATH\Commands\Server\rewrite.php(46): require_once('FCPATH\\index.php')
CRITICAL - 2023-01-25 16:08:18 --> Cannot use object of type stdClass as array
in APPPATH\Views\admin\registeredit.php on line 87.
 1 SYSTEMPATH\View\View.php(213): include()
 2 SYSTEMPATH\View\View.php(216): CodeIgniter\View\View->CodeIgniter\View\{closure}()
 3 SYSTEMPATH\Common.php(1134): CodeIgniter\View\View->render('admin/registeredit', [], true)
 4 APPPATH\Controllers\AdminControllers.php(427): view('admin/registeredit', [...])
 5 SYSTEMPATH\CodeIgniter.php(927): App\Controllers\AdminControllers->edituser('1')
 6 SYSTEMPATH\CodeIgniter.php(482): CodeIgniter\CodeIgniter->runController(Object(App\Controllers\AdminControllers))
 7 SYSTEMPATH\CodeIgniter.php(351): CodeIgniter\CodeIgniter->handleRequest(null, Object(Config\Cache), false)
 8 FCPATH\index.php(67): CodeIgniter\CodeIgniter->run()
 9 SYSTEMPATH\Commands\Server\rewrite.php(46): require_once('FCPATH\\index.php')
CRITICAL - 2023-01-25 16:09:00 --> Cannot use object of type stdClass as array
in APPPATH\Views\admin\registeredit.php on line 91.
 1 SYSTEMPATH\View\View.php(213): include()
 2 SYSTEMPATH\View\View.php(216): CodeIgniter\View\View->CodeIgniter\View\{closure}()
 3 SYSTEMPATH\Common.php(1134): CodeIgniter\View\View->render('admin/registeredit', [], true)
 4 APPPATH\Controllers\AdminControllers.php(427): view('admin/registeredit', [...])
 5 SYSTEMPATH\CodeIgniter.php(927): App\Controllers\AdminControllers->edituser('1')
 6 SYSTEMPATH\CodeIgniter.php(482): CodeIgniter\CodeIgniter->runController(Object(App\Controllers\AdminControllers))
 7 SYSTEMPATH\CodeIgniter.php(351): CodeIgniter\CodeIgniter->handleRequest(null, Object(Config\Cache), false)
 8 FCPATH\index.php(67): CodeIgniter\CodeIgniter->run()
 9 SYSTEMPATH\Commands\Server\rewrite.php(46): require_once('FCPATH\\index.php')
CRITICAL - 2023-01-25 16:09:20 --> Cannot use object of type stdClass as array
in APPPATH\Views\admin\registeredit.php on line 97.
 1 SYSTEMPATH\View\View.php(213): include()
 2 SYSTEMPATH\View\View.php(216): CodeIgniter\View\View->CodeIgniter\View\{closure}()
 3 SYSTEMPATH\Common.php(1134): CodeIgniter\View\View->render('admin/registeredit', [], true)
 4 APPPATH\Controllers\AdminControllers.php(427): view('admin/registeredit', [...])
 5 SYSTEMPATH\CodeIgniter.php(927): App\Controllers\AdminControllers->edituser('1')
 6 SYSTEMPATH\CodeIgniter.php(482): CodeIgniter\CodeIgniter->runController(Object(App\Controllers\AdminControllers))
 7 SYSTEMPATH\CodeIgniter.php(351): CodeIgniter\CodeIgniter->handleRequest(null, Object(Config\Cache), false)
 8 FCPATH\index.php(67): CodeIgniter\CodeIgniter->run()
 9 SYSTEMPATH\Commands\Server\rewrite.php(46): require_once('FCPATH\\index.php')
CRITICAL - 2023-01-25 16:09:36 --> Cannot use object of type stdClass as array
in APPPATH\Views\admin\registeredit.php on line 101.
 1 SYSTEMPATH\View\View.php(213): include()
 2 SYSTEMPATH\View\View.php(216): CodeIgniter\View\View->CodeIgniter\View\{closure}()
 3 SYSTEMPATH\Common.php(1134): CodeIgniter\View\View->render('admin/registeredit', [], true)
 4 APPPATH\Controllers\AdminControllers.php(427): view('admin/registeredit', [...])
 5 SYSTEMPATH\CodeIgniter.php(927): App\Controllers\AdminControllers->edituser('1')
 6 SYSTEMPATH\CodeIgniter.php(482): CodeIgniter\CodeIgniter->runController(Object(App\Controllers\AdminControllers))
 7 SYSTEMPATH\CodeIgniter.php(351): CodeIgniter\CodeIgniter->handleRequest(null, Object(Config\Cache), false)
 8 FCPATH\index.php(67): CodeIgniter\CodeIgniter->run()
 9 SYSTEMPATH\Commands\Server\rewrite.php(46): require_once('FCPATH\\index.php')
CRITICAL - 2023-01-25 16:09:50 --> Cannot use object of type stdClass as array
in APPPATH\Views\admin\registeredit.php on line 123.
 1 SYSTEMPATH\View\View.php(213): include()
 2 SYSTEMPATH\View\View.php(216): CodeIgniter\View\View->CodeIgniter\View\{closure}()
 3 SYSTEMPATH\Common.php(1134): CodeIgniter\View\View->render('admin/registeredit', [], true)
 4 APPPATH\Controllers\AdminControllers.php(427): view('admin/registeredit', [...])
 5 SYSTEMPATH\CodeIgniter.php(927): App\Controllers\AdminControllers->edituser('1')
 6 SYSTEMPATH\CodeIgniter.php(482): CodeIgniter\CodeIgniter->runController(Object(App\Controllers\AdminControllers))
 7 SYSTEMPATH\CodeIgniter.php(351): CodeIgniter\CodeIgniter->handleRequest(null, Object(Config\Cache), false)
 8 FCPATH\index.php(67): CodeIgniter\CodeIgniter->run()
 9 SYSTEMPATH\Commands\Server\rewrite.php(46): require_once('FCPATH\\index.php')
CRITICAL - 2023-01-25 16:10:03 --> Cannot use object of type stdClass as array
in APPPATH\Views\admin\registeredit.php on line 127.
 1 SYSTEMPATH\View\View.php(213): include()
 2 SYSTEMPATH\View\View.php(216): CodeIgniter\View\View->CodeIgniter\View\{closure}()
 3 SYSTEMPATH\Common.php(1134): CodeIgniter\View\View->render('admin/registeredit', [], true)
 4 APPPATH\Controllers\AdminControllers.php(427): view('admin/registeredit', [...])
 5 SYSTEMPATH\CodeIgniter.php(927): App\Controllers\AdminControllers->edituser('1')
 6 SYSTEMPATH\CodeIgniter.php(482): CodeIgniter\CodeIgniter->runController(Object(App\Controllers\AdminControllers))
 7 SYSTEMPATH\CodeIgniter.php(351): CodeIgniter\CodeIgniter->handleRequest(null, Object(Config\Cache), false)
 8 FCPATH\index.php(67): CodeIgniter\CodeIgniter->run()
 9 SYSTEMPATH\Commands\Server\rewrite.php(46): require_once('FCPATH\\index.php')
CRITICAL - 2023-01-25 16:10:13 --> Cannot use object of type stdClass as array
in APPPATH\Views\admin\registeredit.php on line 133.
 1 SYSTEMPATH\View\View.php(213): include()
 2 SYSTEMPATH\View\View.php(216): CodeIgniter\View\View->CodeIgniter\View\{closure}()
 3 SYSTEMPATH\Common.php(1134): CodeIgniter\View\View->render('admin/registeredit', [], true)
 4 APPPATH\Controllers\AdminControllers.php(427): view('admin/registeredit', [...])
 5 SYSTEMPATH\CodeIgniter.php(927): App\Controllers\AdminControllers->edituser('1')
 6 SYSTEMPATH\CodeIgniter.php(482): CodeIgniter\CodeIgniter->runController(Object(App\Controllers\AdminControllers))
 7 SYSTEMPATH\CodeIgniter.php(351): CodeIgniter\CodeIgniter->handleRequest(null, Object(Config\Cache), false)
 8 FCPATH\index.php(67): CodeIgniter\CodeIgniter->run()
 9 SYSTEMPATH\Commands\Server\rewrite.php(46): require_once('FCPATH\\index.php')
CRITICAL - 2023-01-25 16:10:32 --> Cannot use object of type stdClass as array
in APPPATH\Views\admin\registeredit.php on line 142.
 1 SYSTEMPATH\View\View.php(213): include()
 2 SYSTEMPATH\View\View.php(216): CodeIgniter\View\View->CodeIgniter\View\{closure}()
 3 SYSTEMPATH\Common.php(1134): CodeIgniter\View\View->render('admin/registeredit', [], true)
 4 APPPATH\Controllers\AdminControllers.php(427): view('admin/registeredit', [...])
 5 SYSTEMPATH\CodeIgniter.php(927): App\Controllers\AdminControllers->edituser('1')
 6 SYSTEMPATH\CodeIgniter.php(482): CodeIgniter\CodeIgniter->runController(Object(App\Controllers\AdminControllers))
 7 SYSTEMPATH\CodeIgniter.php(351): CodeIgniter\CodeIgniter->handleRequest(null, Object(Config\Cache), false)
 8 FCPATH\index.php(67): CodeIgniter\CodeIgniter->run()
 9 SYSTEMPATH\Commands\Server\rewrite.php(46): require_once('FCPATH\\index.php')
CRITICAL - 2023-01-25 16:16:52 --> Cannot use object of type stdClass as array
in APPPATH\Views\admin\registeredit.php on line 72.
 1 SYSTEMPATH\View\View.php(213): include()
 2 SYSTEMPATH\View\View.php(216): CodeIgniter\View\View->CodeIgniter\View\{closure}()
 3 SYSTEMPATH\Common.php(1134): CodeIgniter\View\View->render('admin/registeredit', [], true)
 4 APPPATH\Controllers\AdminControllers.php(427): view('admin/registeredit', [...])
 5 SYSTEMPATH\CodeIgniter.php(927): App\Controllers\AdminControllers->edituser('2')
 6 SYSTEMPATH\CodeIgniter.php(482): CodeIgniter\CodeIgniter->runController(Object(App\Controllers\AdminControllers))
 7 SYSTEMPATH\CodeIgniter.php(351): CodeIgniter\CodeIgniter->handleRequest(null, Object(Config\Cache), false)
 8 FCPATH\index.php(67): CodeIgniter\CodeIgniter->run()
 9 SYSTEMPATH\Commands\Server\rewrite.php(46): require_once('FCPATH\\index.php')
CRITICAL - 2023-01-25 16:20:25 --> Cannot use object of type stdClass as array
in APPPATH\Views\admin\registeredit.php on line 72.
 1 SYSTEMPATH\View\View.php(213): include()
 2 SYSTEMPATH\View\View.php(216): CodeIgniter\View\View->CodeIgniter\View\{closure}()
 3 SYSTEMPATH\Common.php(1134): CodeIgniter\View\View->render('admin/registeredit', [], true)
 4 APPPATH\Controllers\AdminControllers.php(427): view('admin/registeredit', [...])
 5 SYSTEMPATH\CodeIgniter.php(927): App\Controllers\AdminControllers->edituser('2')
 6 SYSTEMPATH\CodeIgniter.php(482): CodeIgniter\CodeIgniter->runController(Object(App\Controllers\AdminControllers))
 7 SYSTEMPATH\CodeIgniter.php(351): CodeIgniter\CodeIgniter->handleRequest(null, Object(Config\Cache), false)
 8 FCPATH\index.php(67): CodeIgniter\CodeIgniter->run()
 9 SYSTEMPATH\Commands\Server\rewrite.php(46): require_once('FCPATH\\index.php')
CRITICAL - 2023-01-25 16:20:40 --> Cannot use object of type stdClass as array
in APPPATH\Views\admin\registeredit.php on line 72.
 1 SYSTEMPATH\View\View.php(213): include()
 2 SYSTEMPATH\View\View.php(216): CodeIgniter\View\View->CodeIgniter\View\{closure}()
 3 SYSTEMPATH\Common.php(1134): CodeIgniter\View\View->render('admin/registeredit', [], true)
 4 APPPATH\Controllers\AdminControllers.php(427): view('admin/registeredit', [...])
 5 SYSTEMPATH\CodeIgniter.php(927): App\Controllers\AdminControllers->edituser('2')
 6 SYSTEMPATH\CodeIgniter.php(482): CodeIgniter\CodeIgniter->runController(Object(App\Controllers\AdminControllers))
 7 SYSTEMPATH\CodeIgniter.php(351): CodeIgniter\CodeIgniter->handleRequest(null, Object(Config\Cache), false)
 8 FCPATH\index.php(67): CodeIgniter\CodeIgniter->run()
 9 SYSTEMPATH\Commands\Server\rewrite.php(46): require_once('FCPATH\\index.php')
CRITICAL - 2023-01-25 16:23:04 --> Cannot use object of type stdClass as array
in APPPATH\Views\admin\registeredit.php on line 72.
 1 SYSTEMPATH\View\View.php(213): include()
 2 SYSTEMPATH\View\View.php(216): CodeIgniter\View\View->CodeIgniter\View\{closure}()
 3 SYSTEMPATH\Common.php(1134): CodeIgniter\View\View->render('admin/registeredit', [], true)
 4 APPPATH\Controllers\AdminControllers.php(427): view('admin/registeredit', [...])
 5 SYSTEMPATH\CodeIgniter.php(927): App\Controllers\AdminControllers->edituser('2')
 6 SYSTEMPATH\CodeIgniter.php(482): CodeIgniter\CodeIgniter->runController(Object(App\Controllers\AdminControllers))
 7 SYSTEMPATH\CodeIgniter.php(351): CodeIgniter\CodeIgniter->handleRequest(null, Object(Config\Cache), false)
 8 FCPATH\index.php(67): CodeIgniter\CodeIgniter->run()
 9 SYSTEMPATH\Commands\Server\rewrite.php(46): require_once('FCPATH\\index.php')
CRITICAL - 2023-01-25 16:24:34 --> Cannot use object of type stdClass as array
in APPPATH\Views\admin\registeredit.php on line 72.
 1 SYSTEMPATH\View\View.php(213): include()
 2 SYSTEMPATH\View\View.php(216): CodeIgniter\View\View->CodeIgniter\View\{closure}()
 3 SYSTEMPATH\Common.php(1134): CodeIgniter\View\View->render('admin/registeredit', [], true)
 4 APPPATH\Controllers\AdminControllers.php(427): view('admin/registeredit', [...])
 5 SYSTEMPATH\CodeIgniter.php(927): App\Controllers\AdminControllers->edituser('2')
 6 SYSTEMPATH\CodeIgniter.php(482): CodeIgniter\CodeIgniter->runController(Object(App\Controllers\AdminControllers))
 7 SYSTEMPATH\CodeIgniter.php(351): CodeIgniter\CodeIgniter->handleRequest(null, Object(Config\Cache), false)
 8 FCPATH\index.php(67): CodeIgniter\CodeIgniter->run()
 9 SYSTEMPATH\Commands\Server\rewrite.php(46): require_once('FCPATH\\index.php')
CRITICAL - 2023-01-25 16:24:36 --> Cannot use object of type stdClass as array
in APPPATH\Views\admin\registeredit.php on line 72.
 1 SYSTEMPATH\View\View.php(213): include()
 2 SYSTEMPATH\View\View.php(216): CodeIgniter\View\View->CodeIgniter\View\{closure}()
 3 SYSTEMPATH\Common.php(1134): CodeIgniter\View\View->render('admin/registeredit', [], true)
 4 APPPATH\Controllers\AdminControllers.php(427): view('admin/registeredit', [...])
 5 SYSTEMPATH\CodeIgniter.php(927): App\Controllers\AdminControllers->edituser('2')
 6 SYSTEMPATH\CodeIgniter.php(482): CodeIgniter\CodeIgniter->runController(Object(App\Controllers\AdminControllers))
 7 SYSTEMPATH\CodeIgniter.php(351): CodeIgniter\CodeIgniter->handleRequest(null, Object(Config\Cache), false)
 8 FCPATH\index.php(67): CodeIgniter\CodeIgniter->run()
 9 SYSTEMPATH\Commands\Server\rewrite.php(46): require_once('FCPATH\\index.php')
CRITICAL - 2023-01-25 16:25:47 --> Cannot use object of type stdClass as array
in APPPATH\Views\admin\registeredit.php on line 72.
 1 SYSTEMPATH\View\View.php(213): include()
 2 SYSTEMPATH\View\View.php(216): CodeIgniter\View\View->CodeIgniter\View\{closure}()
 3 SYSTEMPATH\Common.php(1134): CodeIgniter\View\View->render('admin/registeredit', [], true)
 4 APPPATH\Controllers\AdminControllers.php(427): view('admin/registeredit', [...])
 5 SYSTEMPATH\CodeIgniter.php(927): App\Controllers\AdminControllers->edituser('2')
 6 SYSTEMPATH\CodeIgniter.php(482): CodeIgniter\CodeIgniter->runController(Object(App\Controllers\AdminControllers))
 7 SYSTEMPATH\CodeIgniter.php(351): CodeIgniter\CodeIgniter->handleRequest(null, Object(Config\Cache), false)
 8 FCPATH\index.php(67): CodeIgniter\CodeIgniter->run()
 9 SYSTEMPATH\Commands\Server\rewrite.php(46): require_once('FCPATH\\index.php')
CRITICAL - 2023-01-25 16:25:49 --> Cannot use object of type stdClass as array
in APPPATH\Views\admin\registeredit.php on line 72.
 1 SYSTEMPATH\View\View.php(213): include()
 2 SYSTEMPATH\View\View.php(216): CodeIgniter\View\View->CodeIgniter\View\{closure}()
 3 SYSTEMPATH\Common.php(1134): CodeIgniter\View\View->render('admin/registeredit', [], true)
 4 APPPATH\Controllers\AdminControllers.php(427): view('admin/registeredit', [...])
 5 SYSTEMPATH\CodeIgniter.php(927): App\Controllers\AdminControllers->edituser('2')
 6 SYSTEMPATH\CodeIgniter.php(482): CodeIgniter\CodeIgniter->runController(Object(App\Controllers\AdminControllers))
 7 SYSTEMPATH\CodeIgniter.php(351): CodeIgniter\CodeIgniter->handleRequest(null, Object(Config\Cache), false)
 8 FCPATH\index.php(67): CodeIgniter\CodeIgniter->run()
 9 SYSTEMPATH\Commands\Server\rewrite.php(46): require_once('FCPATH\\index.php')
CRITICAL - 2023-01-25 16:26:17 --> Cannot use object of type stdClass as array
in APPPATH\Views\admin\registeredit.php on line 72.
 1 SYSTEMPATH\View\View.php(213): include()
 2 SYSTEMPATH\View\View.php(216): CodeIgniter\View\View->CodeIgniter\View\{closure}()
 3 SYSTEMPATH\Common.php(1134): CodeIgniter\View\View->render('admin/registeredit', [], true)
 4 APPPATH\Controllers\AdminControllers.php(427): view('admin/registeredit', [...])
 5 SYSTEMPATH\CodeIgniter.php(927): App\Controllers\AdminControllers->edituser('2')
 6 SYSTEMPATH\CodeIgniter.php(482): CodeIgniter\CodeIgniter->runController(Object(App\Controllers\AdminControllers))
 7 SYSTEMPATH\CodeIgniter.php(351): CodeIgniter\CodeIgniter->handleRequest(null, Object(Config\Cache), false)
 8 FCPATH\index.php(67): CodeIgniter\CodeIgniter->run()
 9 SYSTEMPATH\Commands\Server\rewrite.php(46): require_once('FCPATH\\index.php')
CRITICAL - 2023-01-25 16:30:26 --> Cannot use object of type stdClass as array
in APPPATH\Views\admin\registeredit.php on line 79.
 1 SYSTEMPATH\View\View.php(213): include()
 2 SYSTEMPATH\View\View.php(216): CodeIgniter\View\View->CodeIgniter\View\{closure}()
 3 SYSTEMPATH\Common.php(1134): CodeIgniter\View\View->render('admin/registeredit', [], true)
 4 APPPATH\Controllers\AdminControllers.php(427): view('admin/registeredit', [...])
 5 SYSTEMPATH\CodeIgniter.php(927): App\Controllers\AdminControllers->edituser('1')
 6 SYSTEMPATH\CodeIgniter.php(482): CodeIgniter\CodeIgniter->runController(Object(App\Controllers\AdminControllers))
 7 SYSTEMPATH\CodeIgniter.php(351): CodeIgniter\CodeIgniter->handleRequest(null, Object(Config\Cache), false)
 8 FCPATH\index.php(67): CodeIgniter\CodeIgniter->run()
 9 SYSTEMPATH\Commands\Server\rewrite.php(46): require_once('FCPATH\\index.php')
CRITICAL - 2023-01-25 16:31:28 --> Undefined variable $nameuser
in APPPATH\Views\admin\registeredit.php on line 71.
 1 APPPATH\Views\admin\registeredit.php(71): CodeIgniter\Debug\Exceptions->errorHandler(2, 'Undefined variable $nameuser', 'APPPATH\\Views\\admin\\registeredit.php', 71)
 2 SYSTEMPATH\View\View.php(213): include('APPPATH\\Views\\admin\\registeredit.php')
 3 SYSTEMPATH\View\View.php(216): CodeIgniter\View\View->CodeIgniter\View\{closure}()
 4 SYSTEMPATH\Common.php(1134): CodeIgniter\View\View->render('admin/registeredit', [], true)
 5 APPPATH\Controllers\AdminControllers.php(427): view('admin/registeredit', [...])
 6 SYSTEMPATH\CodeIgniter.php(927): App\Controllers\AdminControllers->edituser('1')
 7 SYSTEMPATH\CodeIgniter.php(482): CodeIgniter\CodeIgniter->runController(Object(App\Controllers\AdminControllers))
 8 SYSTEMPATH\CodeIgniter.php(351): CodeIgniter\CodeIgniter->handleRequest(null, Object(Config\Cache), false)
 9 FCPATH\index.php(67): CodeIgniter\CodeIgniter->run()
10 SYSTEMPATH\Commands\Server\rewrite.php(46): require_once('FCPATH\\index.php')
CRITICAL - 2023-01-25 16:32:30 --> Undefined variable $nameuser
in APPPATH\Views\admin\registeredit.php on line 71.
 1 APPPATH\Views\admin\registeredit.php(71): CodeIgniter\Debug\Exceptions->errorHandler(2, 'Undefined variable $nameuser', 'APPPATH\\Views\\admin\\registeredit.php', 71)
 2 SYSTEMPATH\View\View.php(213): include('APPPATH\\Views\\admin\\registeredit.php')
 3 SYSTEMPATH\View\View.php(216): CodeIgniter\View\View->CodeIgniter\View\{closure}()
 4 SYSTEMPATH\Common.php(1134): CodeIgniter\View\View->render('admin/registeredit', [], true)
 5 APPPATH\Controllers\AdminControllers.php(427): view('admin/registeredit', [...])
 6 SYSTEMPATH\CodeIgniter.php(927): App\Controllers\AdminControllers->edituser('1')
 7 SYSTEMPATH\CodeIgniter.php(482): CodeIgniter\CodeIgniter->runController(Object(App\Controllers\AdminControllers))
 8 SYSTEMPATH\CodeIgniter.php(351): CodeIgniter\CodeIgniter->handleRequest(null, Object(Config\Cache), false)
 9 FCPATH\index.php(67): CodeIgniter\CodeIgniter->run()
10 SYSTEMPATH\Commands\Server\rewrite.php(46): require_once('FCPATH\\index.php')
CRITICAL - 2023-01-25 16:33:42 --> Undefined variable $nameuser
in APPPATH\Views\admin\registeredit.php on line 71.
 1 APPPATH\Views\admin\registeredit.php(71): CodeIgniter\Debug\Exceptions->errorHandler(2, 'Undefined variable $nameuser', 'APPPATH\\Views\\admin\\registeredit.php', 71)
 2 SYSTEMPATH\View\View.php(213): include('APPPATH\\Views\\admin\\registeredit.php')
 3 SYSTEMPATH\View\View.php(216): CodeIgniter\View\View->CodeIgniter\View\{closure}()
 4 SYSTEMPATH\Common.php(1134): CodeIgniter\View\View->render('admin/registeredit', [], true)
 5 APPPATH\Controllers\AdminControllers.php(427): view('admin/registeredit', [...])
 6 SYSTEMPATH\CodeIgniter.php(927): App\Controllers\AdminControllers->edituser('1')
 7 SYSTEMPATH\CodeIgniter.php(482): CodeIgniter\CodeIgniter->runController(Object(App\Controllers\AdminControllers))
 8 SYSTEMPATH\CodeIgniter.php(351): CodeIgniter\CodeIgniter->handleRequest(null, Object(Config\Cache), false)
 9 FCPATH\index.php(67): CodeIgniter\CodeIgniter->run()
10 SYSTEMPATH\Commands\Server\rewrite.php(46): require_once('FCPATH\\index.php')
CRITICAL - 2023-01-25 16:34:18 --> Cannot use object of type stdClass as array
in APPPATH\Views\admin\registeredit.php on line 79.
 1 SYSTEMPATH\View\View.php(213): include()
 2 SYSTEMPATH\View\View.php(216): CodeIgniter\View\View->CodeIgniter\View\{closure}()
 3 SYSTEMPATH\Common.php(1134): CodeIgniter\View\View->render('admin/registeredit', [], true)
 4 APPPATH\Controllers\AdminControllers.php(427): view('admin/registeredit', [...])
 5 SYSTEMPATH\CodeIgniter.php(927): App\Controllers\AdminControllers->edituser('1')
 6 SYSTEMPATH\CodeIgniter.php(482): CodeIgniter\CodeIgniter->runController(Object(App\Controllers\AdminControllers))
 7 SYSTEMPATH\CodeIgniter.php(351): CodeIgniter\CodeIgniter->handleRequest(null, Object(Config\Cache), false)
 8 FCPATH\index.php(67): CodeIgniter\CodeIgniter->run()
 9 SYSTEMPATH\Commands\Server\rewrite.php(46): require_once('FCPATH\\index.php')
CRITICAL - 2023-01-25 16:34:34 --> Undefined variable $nameuser
in APPPATH\Views\admin\registeredit.php on line 71.
 1 APPPATH\Views\admin\registeredit.php(71): CodeIgniter\Debug\Exceptions->errorHandler(2, 'Undefined variable $nameuser', 'APPPATH\\Views\\admin\\registeredit.php', 71)
 2 SYSTEMPATH\View\View.php(213): include('APPPATH\\Views\\admin\\registeredit.php')
 3 SYSTEMPATH\View\View.php(216): CodeIgniter\View\View->CodeIgniter\View\{closure}()
 4 SYSTEMPATH\Common.php(1134): CodeIgniter\View\View->render('admin/registeredit', [], true)
 5 APPPATH\Controllers\AdminControllers.php(424): view('admin/registeredit', [...])
 6 SYSTEMPATH\CodeIgniter.php(927): App\Controllers\AdminControllers->edituser('1')
 7 SYSTEMPATH\CodeIgniter.php(482): CodeIgniter\CodeIgniter->runController(Object(App\Controllers\AdminControllers))
 8 SYSTEMPATH\CodeIgniter.php(351): CodeIgniter\CodeIgniter->handleRequest(null, Object(Config\Cache), false)
 9 FCPATH\index.php(67): CodeIgniter\CodeIgniter->run()
10 SYSTEMPATH\Commands\Server\rewrite.php(46): require_once('FCPATH\\index.php')
CRITICAL - 2023-01-25 16:35:00 --> Undefined variable $tb_user
in APPPATH\Views\admin\registeredit.php on line 42.
 1 APPPATH\Views\admin\registeredit.php(42): CodeIgniter\Debug\Exceptions->errorHandler(2, 'Undefined variable $tb_user', 'APPPATH\\Views\\admin\\registeredit.php', 42)
 2 SYSTEMPATH\View\View.php(213): include('APPPATH\\Views\\admin\\registeredit.php')
 3 SYSTEMPATH\View\View.php(216): CodeIgniter\View\View->CodeIgniter\View\{closure}()
 4 SYSTEMPATH\Common.php(1134): CodeIgniter\View\View->render('admin/registeredit', [], true)
 5 APPPATH\Controllers\AdminControllers.php(427): view('admin/registeredit', [...])
 6 SYSTEMPATH\CodeIgniter.php(927): App\Controllers\AdminControllers->edituser('1')
 7 SYSTEMPATH\CodeIgniter.php(482): CodeIgniter\CodeIgniter->runController(Object(App\Controllers\AdminControllers))
 8 SYSTEMPATH\CodeIgniter.php(351): CodeIgniter\CodeIgniter->handleRequest(null, Object(Config\Cache), false)
 9 FCPATH\index.php(67): CodeIgniter\CodeIgniter->run()
10 SYSTEMPATH\Commands\Server\rewrite.php(46): require_once('FCPATH\\index.php')
CRITICAL - 2023-01-25 16:35:26 --> Undefined variable $nameuser
in APPPATH\Views\admin\registeredit.php on line 71.
 1 APPPATH\Views\admin\registeredit.php(71): CodeIgniter\Debug\Exceptions->errorHandler(2, 'Undefined variable $nameuser', 'APPPATH\\Views\\admin\\registeredit.php', 71)
 2 SYSTEMPATH\View\View.php(213): include('APPPATH\\Views\\admin\\registeredit.php')
 3 SYSTEMPATH\View\View.php(216): CodeIgniter\View\View->CodeIgniter\View\{closure}()
 4 SYSTEMPATH\Common.php(1134): CodeIgniter\View\View->render('admin/registeredit', [], true)
 5 APPPATH\Controllers\AdminControllers.php(422): view('admin/registeredit', [...])
 6 SYSTEMPATH\CodeIgniter.php(927): App\Controllers\AdminControllers->edituser('1')
 7 SYSTEMPATH\CodeIgniter.php(482): CodeIgniter\CodeIgniter->runController(Object(App\Controllers\AdminControllers))
 8 SYSTEMPATH\CodeIgniter.php(351): CodeIgniter\CodeIgniter->handleRequest(null, Object(Config\Cache), false)
 9 FCPATH\index.php(67): CodeIgniter\CodeIgniter->run()
10 SYSTEMPATH\Commands\Server\rewrite.php(46): require_once('FCPATH\\index.php')
CRITICAL - 2023-01-25 16:36:03 --> Undefined variable $nameuser
in APPPATH\Views\admin\registeredit.php on line 71.
 1 APPPATH\Views\admin\registeredit.php(71): CodeIgniter\Debug\Exceptions->errorHandler(2, 'Undefined variable $nameuser', 'APPPATH\\Views\\admin\\registeredit.php', 71)
 2 SYSTEMPATH\View\View.php(213): include('APPPATH\\Views\\admin\\registeredit.php')
 3 SYSTEMPATH\View\View.php(216): CodeIgniter\View\View->CodeIgniter\View\{closure}()
 4 SYSTEMPATH\Common.php(1134): CodeIgniter\View\View->render('admin/registeredit', [], true)
 5 APPPATH\Controllers\AdminControllers.php(427): view('admin/registeredit', [...])
 6 SYSTEMPATH\CodeIgniter.php(927): App\Controllers\AdminControllers->edituser('1')
 7 SYSTEMPATH\CodeIgniter.php(482): CodeIgniter\CodeIgniter->runController(Object(App\Controllers\AdminControllers))
 8 SYSTEMPATH\CodeIgniter.php(351): CodeIgniter\CodeIgniter->handleRequest(null, Object(Config\Cache), false)
 9 FCPATH\index.php(67): CodeIgniter\CodeIgniter->run()
10 SYSTEMPATH\Commands\Server\rewrite.php(46): require_once('FCPATH\\index.php')
CRITICAL - 2023-01-25 16:36:05 --> Undefined variable $nameuser
in APPPATH\Views\admin\registeredit.php on line 71.
 1 APPPATH\Views\admin\registeredit.php(71): CodeIgniter\Debug\Exceptions->errorHandler(2, 'Undefined variable $nameuser', 'APPPATH\\Views\\admin\\registeredit.php', 71)
 2 SYSTEMPATH\View\View.php(213): include('APPPATH\\Views\\admin\\registeredit.php')
 3 SYSTEMPATH\View\View.php(216): CodeIgniter\View\View->CodeIgniter\View\{closure}()
 4 SYSTEMPATH\Common.php(1134): CodeIgniter\View\View->render('admin/registeredit', [], true)
 5 APPPATH\Controllers\AdminControllers.php(427): view('admin/registeredit', [...])
 6 SYSTEMPATH\CodeIgniter.php(927): App\Controllers\AdminControllers->edituser('1')
 7 SYSTEMPATH\CodeIgniter.php(482): CodeIgniter\CodeIgniter->runController(Object(App\Controllers\AdminControllers))
 8 SYSTEMPATH\CodeIgniter.php(351): CodeIgniter\CodeIgniter->handleRequest(null, Object(Config\Cache), false)
 9 FCPATH\index.php(67): CodeIgniter\CodeIgniter->run()
10 SYSTEMPATH\Commands\Server\rewrite.php(46): require_once('FCPATH\\index.php')
CRITICAL - 2023-01-25 16:48:00 --> Undefined array key "u_username"
in APPPATH\Views\admin\registeredit.php on line 42.
 1 APPPATH\Views\admin\registeredit.php(42): CodeIgniter\Debug\Exceptions->errorHandler(2, 'Undefined array key "u_username"', 'APPPATH\\Views\\admin\\registeredit.php', 42)
 2 SYSTEMPATH\View\View.php(213): include('APPPATH\\Views\\admin\\registeredit.php')
 3 SYSTEMPATH\View\View.php(216): CodeIgniter\View\View->CodeIgniter\View\{closure}()
 4 SYSTEMPATH\Common.php(1134): CodeIgniter\View\View->render('admin/registeredit', [], true)
 5 APPPATH\Controllers\AdminControllers.php(427): view('admin/registeredit', [...])
 6 SYSTEMPATH\CodeIgniter.php(927): App\Controllers\AdminControllers->edituser('1')
 7 SYSTEMPATH\CodeIgniter.php(482): CodeIgniter\CodeIgniter->runController(Object(App\Controllers\AdminControllers))
 8 SYSTEMPATH\CodeIgniter.php(351): CodeIgniter\CodeIgniter->handleRequest(null, Object(Config\Cache), false)
 9 FCPATH\index.php(67): CodeIgniter\CodeIgniter->run()
10 SYSTEMPATH\Commands\Server\rewrite.php(46): require_once('FCPATH\\index.php')
CRITICAL - 2023-01-25 16:50:16 --> Attempt to read property "u_id" on string
in APPPATH\Views\admin\registeredit.php on line 72.
 1 APPPATH\Views\admin\registeredit.php(72): CodeIgniter\Debug\Exceptions->errorHandler(2, 'Attempt to read property "u_id" on string', 'APPPATH\\Views\\admin\\registeredit.php', 72)
 2 SYSTEMPATH\View\View.php(213): include('APPPATH\\Views\\admin\\registeredit.php')
 3 SYSTEMPATH\View\View.php(216): CodeIgniter\View\View->CodeIgniter\View\{closure}()
 4 SYSTEMPATH\Common.php(1134): CodeIgniter\View\View->render('admin/registeredit', [], true)
 5 APPPATH\Controllers\AdminControllers.php(427): view('admin/registeredit', [...])
 6 SYSTEMPATH\CodeIgniter.php(927): App\Controllers\AdminControllers->edituser('1')
 7 SYSTEMPATH\CodeIgniter.php(482): CodeIgniter\CodeIgniter->runController(Object(App\Controllers\AdminControllers))
 8 SYSTEMPATH\CodeIgniter.php(351): CodeIgniter\CodeIgniter->handleRequest(null, Object(Config\Cache), false)
 9 FCPATH\index.php(67): CodeIgniter\CodeIgniter->run()
10 SYSTEMPATH\Commands\Server\rewrite.php(46): require_once('FCPATH\\index.php')
CRITICAL - 2023-01-25 17:33:11 --> The route for "admin/datauser" cannot be found.
in SYSTEMPATH\HTTP\RedirectResponse.php on line 60.
 1 SYSTEMPATH\HTTP\RedirectResponse.php(60): CodeIgniter\HTTP\Exceptions\HTTPException::forInvalidRedirectRoute('admin/datauser')
 2 SYSTEMPATH\Common.php(860): CodeIgniter\HTTP\RedirectResponse->route(false)
 3 APPPATH\Controllers\AdminControllers.php(299): redirect('admin/datauser')
 4 SYSTEMPATH\CodeIgniter.php(927): App\Controllers\AdminControllers->edituser('1')
 5 SYSTEMPATH\CodeIgniter.php(482): CodeIgniter\CodeIgniter->runController(Object(App\Controllers\AdminControllers))
 6 SYSTEMPATH\CodeIgniter.php(351): CodeIgniter\CodeIgniter->handleRequest(null, Object(Config\Cache), false)
 7 FCPATH\index.php(67): CodeIgniter\CodeIgniter->run()
 8 SYSTEMPATH\Commands\Server\rewrite.php(46): require_once('FCPATH\\index.php')
CRITICAL - 2023-01-25 17:34:01 --> The route for "admin/datauser" cannot be found.
in SYSTEMPATH\HTTP\RedirectResponse.php on line 60.
 1 SYSTEMPATH\HTTP\RedirectResponse.php(60): CodeIgniter\HTTP\Exceptions\HTTPException::forInvalidRedirectRoute('admin/datauser')
 2 SYSTEMPATH\Common.php(860): CodeIgniter\HTTP\RedirectResponse->route(false)
 3 APPPATH\Controllers\AdminControllers.php(299): redirect('admin/datauser')
 4 SYSTEMPATH\CodeIgniter.php(927): App\Controllers\AdminControllers->edituser('1')
 5 SYSTEMPATH\CodeIgniter.php(482): CodeIgniter\CodeIgniter->runController(Object(App\Controllers\AdminControllers))
 6 SYSTEMPATH\CodeIgniter.php(351): CodeIgniter\CodeIgniter->handleRequest(null, Object(Config\Cache), false)
 7 FCPATH\index.php(67): CodeIgniter\CodeIgniter->run()
 8 SYSTEMPATH\Commands\Server\rewrite.php(46): require_once('FCPATH\\index.php')
CRITICAL - 2023-01-25 17:34:55 --> The route for "admin/datauser" cannot be found.
in SYSTEMPATH\HTTP\RedirectResponse.php on line 60.
 1 SYSTEMPATH\HTTP\RedirectResponse.php(60): CodeIgniter\HTTP\Exceptions\HTTPException::forInvalidRedirectRoute('admin/datauser')
 2 SYSTEMPATH\Common.php(860): CodeIgniter\HTTP\RedirectResponse->route(false)
 3 APPPATH\Controllers\AdminControllers.php(299): redirect('admin/datauser')
 4 SYSTEMPATH\CodeIgniter.php(927): App\Controllers\AdminControllers->edituser('1')
 5 SYSTEMPATH\CodeIgniter.php(482): CodeIgniter\CodeIgniter->runController(Object(App\Controllers\AdminControllers))
 6 SYSTEMPATH\CodeIgniter.php(351): CodeIgniter\CodeIgniter->handleRequest(null, Object(Config\Cache), false)
 7 FCPATH\index.php(67): CodeIgniter\CodeIgniter->run()
 8 SYSTEMPATH\Commands\Server\rewrite.php(46): require_once('FCPATH\\index.php')
CRITICAL - 2023-01-25 17:36:59 --> The route for "admin/datauser" cannot be found.
in SYSTEMPATH\HTTP\RedirectResponse.php on line 60.
 1 SYSTEMPATH\HTTP\RedirectResponse.php(60): CodeIgniter\HTTP\Exceptions\HTTPException::forInvalidRedirectRoute('admin/datauser')
 2 SYSTEMPATH\Common.php(860): CodeIgniter\HTTP\RedirectResponse->route(false)
 3 APPPATH\Controllers\AdminControllers.php(299): redirect('admin/datauser')
 4 SYSTEMPATH\CodeIgniter.php(927): App\Controllers\AdminControllers->edituser('1')
 5 SYSTEMPATH\CodeIgniter.php(482): CodeIgniter\CodeIgniter->runController(Object(App\Controllers\AdminControllers))
 6 SYSTEMPATH\CodeIgniter.php(351): CodeIgniter\CodeIgniter->handleRequest(null, Object(Config\Cache), false)
 7 FCPATH\index.php(67): CodeIgniter\CodeIgniter->run()
 8 SYSTEMPATH\Commands\Server\rewrite.php(46): require_once('FCPATH\\index.php')
