ERROR - 2023-04-14 13:44:28 --> mysqli_sql_exception: Column 'pp_qty' cannot be null in C:\xampp\htdocs\ProjectPaketFinally\system\Database\MySQLi\Connection.php:292
Stack trace:
#0 C:\xampp\htdocs\ProjectPaketFinally\system\Database\MySQLi\Connection.php(292): mysqli->query('INSERT INTO `tb...', 0)
#1 C:\xampp\htdocs\ProjectPaketFinally\system\Database\BaseConnection.php(666): CodeIgniter\Database\MySQLi\Connection->execute('INSERT INTO `tb...')
#2 C:\xampp\htdocs\ProjectPaketFinally\system\Database\BaseConnection.php(593): CodeIgniter\Database\BaseConnection->simpleQuery('INSERT INTO `tb...')
#3 C:\xampp\htdocs\ProjectPaketFinally\system\Database\BaseBuilder.php(1916): CodeIgniter\Database\BaseConnection->query('INSERT INTO `tb...', Array, false)
#4 C:\xampp\htdocs\ProjectPaketFinally\system\Model.php(279): CodeIgniter\Database\BaseBuilder->insert()
#5 C:\xampp\htdocs\ProjectPaketFinally\system\BaseModel.php(749): CodeIgniter\Model->doInsert(Array)
#6 C:\xampp\htdocs\ProjectPaketFinally\system\Model.php(667): CodeIgniter\BaseModel->insert(Array, true)
#7 C:\xampp\htdocs\ProjectPaketFinally\app\Controllers\AdminControllers.php(1571): CodeIgniter\Model->insert(Array)
#8 C:\xampp\htdocs\ProjectPaketFinally\system\CodeIgniter.php(927): App\Controllers\AdminControllers->paketbarangprocess()
#9 C:\xampp\htdocs\ProjectPaketFinally\system\CodeIgniter.php(482): CodeIgniter\CodeIgniter->runController(Object(App\Controllers\AdminControllers))
#10 C:\xampp\htdocs\ProjectPaketFinally\system\CodeIgniter.php(351): CodeIgniter\CodeIgniter->handleRequest(NULL, Object(Config\Cache), false)
#11 C:\xampp\htdocs\ProjectPaketFinally\public\index.php(67): CodeIgniter\CodeIgniter->run()
#12 C:\xampp\htdocs\ProjectPaketFinally\system\Commands\Server\rewrite.php(46): require_once('C:\\xampp\\htdocs...')
#13 {main}
CRITICAL - 2023-04-14 13:44:28 --> Column 'pp_qty' cannot be null
in SYSTEMPATH\Database\MySQLi\Connection.php on line 292.
 1 SYSTEMPATH\Database\MySQLi\Connection.php(292): mysqli->query('INSERT INTO `tb_pengambilan_paket` (`pp_p_id`, `pp_ib_id`, `pp_qty`, `pp_ktrg_berat_ukuran`) VALUES (44, \'5\', NULL, NULL)', 0)
 2 SYSTEMPATH\Database\BaseConnection.php(666): CodeIgniter\Database\MySQLi\Connection->execute('INSERT INTO `tb_pengambilan_paket` (`pp_p_id`, `pp_ib_id`, `pp_qty`, `pp_ktrg_berat_ukuran`) VALUES (44, \'5\', NULL, NULL)')
 3 SYSTEMPATH\Database\BaseConnection.php(593): CodeIgniter\Database\BaseConnection->simpleQuery('INSERT INTO `tb_pengambilan_paket` (`pp_p_id`, `pp_ib_id`, `pp_qty`, `pp_ktrg_berat_ukuran`) VALUES (44, \'5\', NULL, NULL)')
 4 SYSTEMPATH\Database\BaseBuilder.php(1916): CodeIgniter\Database\BaseConnection->query('INSERT INTO `tb_pengambilan_paket` (`pp_p_id`, `pp_ib_id`, `pp_qty`, `pp_ktrg_berat_ukuran`) VALUES (:pp_p_id:, :pp_ib_id:, :pp_qty:, :pp_ktrg_berat_ukuran:)', [...], false)
 5 SYSTEMPATH\Model.php(279): CodeIgniter\Database\BaseBuilder->insert()
 6 SYSTEMPATH\BaseModel.php(749): CodeIgniter\Model->doInsert([...])
 7 SYSTEMPATH\Model.php(667): CodeIgniter\BaseModel->insert([...], true)
 8 APPPATH\Controllers\AdminControllers.php(1571): CodeIgniter\Model->insert([...])
 9 SYSTEMPATH\CodeIgniter.php(927): App\Controllers\AdminControllers->paketbarangprocess()
10 SYSTEMPATH\CodeIgniter.php(482): CodeIgniter\CodeIgniter->runController(Object(App\Controllers\AdminControllers))
11 SYSTEMPATH\CodeIgniter.php(351): CodeIgniter\CodeIgniter->handleRequest(null, Object(Config\Cache), false)
12 FCPATH\index.php(67): CodeIgniter\CodeIgniter->run()
13 SYSTEMPATH\Commands\Server\rewrite.php(46): require_once('FCPATH\\index.php')
ERROR - 2023-04-14 13:46:29 --> mysqli_sql_exception: Cannot delete or update a parent row: a foreign key constraint fails (`arisya`.`tb_cicilan`, CONSTRAINT `tb_cicilan_ibfk_6` FOREIGN KEY (`p_id`) REFERENCES `tb_paket` (`p_id`)) in C:\xampp\htdocs\ProjectPaketFinally\system\Database\MySQLi\Connection.php:292
Stack trace:
#0 C:\xampp\htdocs\ProjectPaketFinally\system\Database\MySQLi\Connection.php(292): mysqli->query('DELETE FROM `tb...', 0)
#1 C:\xampp\htdocs\ProjectPaketFinally\system\Database\BaseConnection.php(666): CodeIgniter\Database\MySQLi\Connection->execute('DELETE FROM `tb...')
#2 C:\xampp\htdocs\ProjectPaketFinally\system\Database\BaseConnection.php(593): CodeIgniter\Database\BaseConnection->simpleQuery('DELETE FROM `tb...')
#3 C:\xampp\htdocs\ProjectPaketFinally\system\Database\BaseBuilder.php(2391): CodeIgniter\Database\BaseConnection->query('DELETE FROM `tb...', Array, false)
#4 C:\xampp\htdocs\ProjectPaketFinally\system\Model.php(401): CodeIgniter\Database\BaseBuilder->delete()
#5 C:\xampp\htdocs\ProjectPaketFinally\system\BaseModel.php(984): CodeIgniter\Model->doDelete(Array, false)
#6 C:\xampp\htdocs\ProjectPaketFinally\app\Controllers\AdminControllers.php(1754): CodeIgniter\BaseModel->delete(Array)
#7 C:\xampp\htdocs\ProjectPaketFinally\system\CodeIgniter.php(927): App\Controllers\AdminControllers->deletepaketbarang('43')
#8 C:\xampp\htdocs\ProjectPaketFinally\system\CodeIgniter.php(482): CodeIgniter\CodeIgniter->runController(Object(App\Controllers\AdminControllers))
#9 C:\xampp\htdocs\ProjectPaketFinally\system\CodeIgniter.php(351): CodeIgniter\CodeIgniter->handleRequest(NULL, Object(Config\Cache), false)
#10 C:\xampp\htdocs\ProjectPaketFinally\public\index.php(67): CodeIgniter\CodeIgniter->run()
#11 C:\xampp\htdocs\ProjectPaketFinally\system\Commands\Server\rewrite.php(46): require_once('C:\\xampp\\htdocs...')
#12 {main}
CRITICAL - 2023-04-14 13:46:29 --> Cannot delete or update a parent row: a foreign key constraint fails (`arisya`.`tb_cicilan`, CONSTRAINT `tb_cicilan_ibfk_6` FOREIGN KEY (`p_id`) REFERENCES `tb_paket` (`p_id`))
in SYSTEMPATH\Database\MySQLi\Connection.php on line 292.
 1 SYSTEMPATH\Database\MySQLi\Connection.php(292): mysqli->query('DELETE FROM `tb_paket`
WHERE `p_id` IN (\'43\')', 0)
 2 SYSTEMPATH\Database\BaseConnection.php(666): CodeIgniter\Database\MySQLi\Connection->execute('DELETE FROM `tb_paket`
WHERE `p_id` IN (\'43\')')
 3 SYSTEMPATH\Database\BaseConnection.php(593): CodeIgniter\Database\BaseConnection->simpleQuery('DELETE FROM `tb_paket`
WHERE `p_id` IN (\'43\')')
 4 SYSTEMPATH\Database\BaseBuilder.php(2391): CodeIgniter\Database\BaseConnection->query('DELETE FROM `tb_paket`
WHERE `p_id` IN :p_id:', [...], false)
 5 SYSTEMPATH\Model.php(401): CodeIgniter\Database\BaseBuilder->delete()
 6 SYSTEMPATH\BaseModel.php(984): CodeIgniter\Model->doDelete([...], false)
 7 APPPATH\Controllers\AdminControllers.php(1754): CodeIgniter\BaseModel->delete([...])
 8 SYSTEMPATH\CodeIgniter.php(927): App\Controllers\AdminControllers->deletepaketbarang('43')
 9 SYSTEMPATH\CodeIgniter.php(482): CodeIgniter\CodeIgniter->runController(Object(App\Controllers\AdminControllers))
10 SYSTEMPATH\CodeIgniter.php(351): CodeIgniter\CodeIgniter->handleRequest(null, Object(Config\Cache), false)
11 FCPATH\index.php(67): CodeIgniter\CodeIgniter->run()
12 SYSTEMPATH\Commands\Server\rewrite.php(46): require_once('FCPATH\\index.php')
CRITICAL - 2023-04-14 13:48:58 --> Call to a member function getError() on null
in APPPATH\Controllers\AdminControllers.php on line 1707.
 1 SYSTEMPATH\CodeIgniter.php(927): App\Controllers\AdminControllers->editpaketbarang('43')
 2 SYSTEMPATH\CodeIgniter.php(482): CodeIgniter\CodeIgniter->runController(Object(App\Controllers\AdminControllers))
 3 SYSTEMPATH\CodeIgniter.php(351): CodeIgniter\CodeIgniter->handleRequest(null, Object(Config\Cache), false)
 4 FCPATH\index.php(67): CodeIgniter\CodeIgniter->run()
 5 SYSTEMPATH\Commands\Server\rewrite.php(46): require_once('FCPATH\\index.php')
CRITICAL - 2023-04-14 13:49:17 --> Call to a member function getError() on null
in APPPATH\Controllers\AdminControllers.php on line 1707.
 1 SYSTEMPATH\CodeIgniter.php(927): App\Controllers\AdminControllers->editpaketbarang('43')
 2 SYSTEMPATH\CodeIgniter.php(482): CodeIgniter\CodeIgniter->runController(Object(App\Controllers\AdminControllers))
 3 SYSTEMPATH\CodeIgniter.php(351): CodeIgniter\CodeIgniter->handleRequest(null, Object(Config\Cache), false)
 4 FCPATH\index.php(67): CodeIgniter\CodeIgniter->run()
 5 SYSTEMPATH\Commands\Server\rewrite.php(46): require_once('FCPATH\\index.php')
CRITICAL - 2023-04-14 13:49:27 --> unlink(foto-paket/1680923522_ea3181c8d7202dd802b9.jpg): No such file or directory
in APPPATH\Controllers\AdminControllers.php on line 1752.
 1 [internal function]: CodeIgniter\Debug\Exceptions->errorHandler(2, 'unlink(foto-paket/1680923522_ea3181c8d7202dd802b9.jpg): No such file or directory', 'APPPATH\\Controllers\\AdminControllers.php', 1752)
 2 APPPATH\Controllers\AdminControllers.php(1752): unlink('foto-paket/1680923522_ea3181c8d7202dd802b9.jpg')
 3 SYSTEMPATH\CodeIgniter.php(927): App\Controllers\AdminControllers->deletepaketbarang('43')
 4 SYSTEMPATH\CodeIgniter.php(482): CodeIgniter\CodeIgniter->runController(Object(App\Controllers\AdminControllers))
 5 SYSTEMPATH\CodeIgniter.php(351): CodeIgniter\CodeIgniter->handleRequest(null, Object(Config\Cache), false)
 6 FCPATH\index.php(67): CodeIgniter\CodeIgniter->run()
 7 SYSTEMPATH\Commands\Server\rewrite.php(46): require_once('FCPATH\\index.php')
ERROR - 2023-04-14 13:50:33 --> mysqli_sql_exception: Column 'pp_ktrg_berat_ukuran' cannot be null in C:\xampp\htdocs\ProjectPaketFinally\system\Database\MySQLi\Connection.php:292
Stack trace:
#0 C:\xampp\htdocs\ProjectPaketFinally\system\Database\MySQLi\Connection.php(292): mysqli->query('INSERT INTO `tb...', 0)
#1 C:\xampp\htdocs\ProjectPaketFinally\system\Database\BaseConnection.php(666): CodeIgniter\Database\MySQLi\Connection->execute('INSERT INTO `tb...')
#2 C:\xampp\htdocs\ProjectPaketFinally\system\Database\BaseConnection.php(593): CodeIgniter\Database\BaseConnection->simpleQuery('INSERT INTO `tb...')
#3 C:\xampp\htdocs\ProjectPaketFinally\system\Database\BaseBuilder.php(1916): CodeIgniter\Database\BaseConnection->query('INSERT INTO `tb...', Array, false)
#4 C:\xampp\htdocs\ProjectPaketFinally\system\Model.php(279): CodeIgniter\Database\BaseBuilder->insert()
#5 C:\xampp\htdocs\ProjectPaketFinally\system\BaseModel.php(749): CodeIgniter\Model->doInsert(Array)
#6 C:\xampp\htdocs\ProjectPaketFinally\system\Model.php(667): CodeIgniter\BaseModel->insert(Array, true)
#7 C:\xampp\htdocs\ProjectPaketFinally\app\Controllers\AdminControllers.php(1571): CodeIgniter\Model->insert(Array)
#8 C:\xampp\htdocs\ProjectPaketFinally\system\CodeIgniter.php(927): App\Controllers\AdminControllers->paketbarangprocess()
#9 C:\xampp\htdocs\ProjectPaketFinally\system\CodeIgniter.php(482): CodeIgniter\CodeIgniter->runController(Object(App\Controllers\AdminControllers))
#10 C:\xampp\htdocs\ProjectPaketFinally\system\CodeIgniter.php(351): CodeIgniter\CodeIgniter->handleRequest(NULL, Object(Config\Cache), false)
#11 C:\xampp\htdocs\ProjectPaketFinally\public\index.php(67): CodeIgniter\CodeIgniter->run()
#12 C:\xampp\htdocs\ProjectPaketFinally\system\Commands\Server\rewrite.php(46): require_once('C:\\xampp\\htdocs...')
#13 {main}
CRITICAL - 2023-04-14 13:50:33 --> Column 'pp_ktrg_berat_ukuran' cannot be null
in SYSTEMPATH\Database\MySQLi\Connection.php on line 292.
 1 SYSTEMPATH\Database\MySQLi\Connection.php(292): mysqli->query('INSERT INTO `tb_pengambilan_paket` (`pp_p_id`, `pp_ib_id`, `pp_qty`, `pp_ktrg_berat_ukuran`) VALUES (45, \'5\', 1, NULL)', 0)
 2 SYSTEMPATH\Database\BaseConnection.php(666): CodeIgniter\Database\MySQLi\Connection->execute('INSERT INTO `tb_pengambilan_paket` (`pp_p_id`, `pp_ib_id`, `pp_qty`, `pp_ktrg_berat_ukuran`) VALUES (45, \'5\', 1, NULL)')
 3 SYSTEMPATH\Database\BaseConnection.php(593): CodeIgniter\Database\BaseConnection->simpleQuery('INSERT INTO `tb_pengambilan_paket` (`pp_p_id`, `pp_ib_id`, `pp_qty`, `pp_ktrg_berat_ukuran`) VALUES (45, \'5\', 1, NULL)')
 4 SYSTEMPATH\Database\BaseBuilder.php(1916): CodeIgniter\Database\BaseConnection->query('INSERT INTO `tb_pengambilan_paket` (`pp_p_id`, `pp_ib_id`, `pp_qty`, `pp_ktrg_berat_ukuran`) VALUES (:pp_p_id:, :pp_ib_id:, :pp_qty:, :pp_ktrg_berat_ukuran:)', [...], false)
 5 SYSTEMPATH\Model.php(279): CodeIgniter\Database\BaseBuilder->insert()
 6 SYSTEMPATH\BaseModel.php(749): CodeIgniter\Model->doInsert([...])
 7 SYSTEMPATH\Model.php(667): CodeIgniter\BaseModel->insert([...], true)
 8 APPPATH\Controllers\AdminControllers.php(1571): CodeIgniter\Model->insert([...])
 9 SYSTEMPATH\CodeIgniter.php(927): App\Controllers\AdminControllers->paketbarangprocess()
10 SYSTEMPATH\CodeIgniter.php(482): CodeIgniter\CodeIgniter->runController(Object(App\Controllers\AdminControllers))
11 SYSTEMPATH\CodeIgniter.php(351): CodeIgniter\CodeIgniter->handleRequest(null, Object(Config\Cache), false)
12 FCPATH\index.php(67): CodeIgniter\CodeIgniter->run()
13 SYSTEMPATH\Commands\Server\rewrite.php(46): require_once('FCPATH\\index.php')
