CRITICAL - 2023-04-01 08:50:20 --> Undefined variable $tb_paket
in APPPATH\Views\coordinator\DataTransaksi\TransaksiLogCicilan\logcicilan.php on line 57.
 1 APPPATH\Views\coordinator\DataTransaksi\TransaksiLogCicilan\logcicilan.php(57): CodeIgniter\Debug\Exceptions->errorHandler(2, 'Undefined variable $tb_paket', 'APPPATH\\Views\\coordinator\\DataTransaksi\\TransaksiLogCicilan\\logcicilan.php', 57)
 2 SYSTEMPATH\View\View.php(213): include('APPPATH\\Views\\coordinator\\DataTransaksi\\TransaksiLogCicilan\\logcicilan.php')
 3 SYSTEMPATH\View\View.php(216): CodeIgniter\View\View->CodeIgniter\View\{closure}()
 4 SYSTEMPATH\Common.php(1134): CodeIgniter\View\View->render('coordinator/DataTransaksi/TransaksiLogCicilan/logcicilan', [], true)
 5 APPPATH\Controllers\CoordinatorControllers.php(913): view('coordinator/DataTransaksi/TransaksiLogCicilan/logcicilan', [...])
 6 SYSTEMPATH\CodeIgniter.php(927): App\Controllers\CoordinatorControllers->logcicilan()
 7 SYSTEMPATH\CodeIgniter.php(482): CodeIgniter\CodeIgniter->runController(Object(App\Controllers\CoordinatorControllers))
 8 SYSTEMPATH\CodeIgniter.php(351): CodeIgniter\CodeIgniter->handleRequest(null, Object(Config\Cache), false)
 9 FCPATH\index.php(67): CodeIgniter\CodeIgniter->run()
10 SYSTEMPATH\Commands\Server\rewrite.php(46): require_once('FCPATH\\index.php')
CRITICAL - 2023-04-01 08:52:22 --> Undefined array key "p_nama"
in APPPATH\Views\coordinator\DataTransaksi\TransaksiLogCicilan\logcicilan.php on line 58.
 1 APPPATH\Views\coordinator\DataTransaksi\TransaksiLogCicilan\logcicilan.php(58): CodeIgniter\Debug\Exceptions->errorHandler(2, 'Undefined array key "p_nama"', 'APPPATH\\Views\\coordinator\\DataTransaksi\\TransaksiLogCicilan\\logcicilan.php', 58)
 2 SYSTEMPATH\View\View.php(213): include('APPPATH\\Views\\coordinator\\DataTransaksi\\TransaksiLogCicilan\\logcicilan.php')
 3 SYSTEMPATH\View\View.php(216): CodeIgniter\View\View->CodeIgniter\View\{closure}()
 4 SYSTEMPATH\Common.php(1134): CodeIgniter\View\View->render('coordinator/DataTransaksi/TransaksiLogCicilan/logcicilan', [], true)
 5 APPPATH\Controllers\CoordinatorControllers.php(913): view('coordinator/DataTransaksi/TransaksiLogCicilan/logcicilan', [...])
 6 SYSTEMPATH\CodeIgniter.php(927): App\Controllers\CoordinatorControllers->logcicilan()
 7 SYSTEMPATH\CodeIgniter.php(482): CodeIgniter\CodeIgniter->runController(Object(App\Controllers\CoordinatorControllers))
 8 SYSTEMPATH\CodeIgniter.php(351): CodeIgniter\CodeIgniter->handleRequest(null, Object(Config\Cache), false)
 9 FCPATH\index.php(67): CodeIgniter\CodeIgniter->run()
10 SYSTEMPATH\Commands\Server\rewrite.php(46): require_once('FCPATH\\index.php')
CRITICAL - 2023-04-01 08:52:23 --> Undefined array key "p_nama"
in APPPATH\Views\coordinator\DataTransaksi\TransaksiLogCicilan\logcicilan.php on line 58.
 1 APPPATH\Views\coordinator\DataTransaksi\TransaksiLogCicilan\logcicilan.php(58): CodeIgniter\Debug\Exceptions->errorHandler(2, 'Undefined array key "p_nama"', 'APPPATH\\Views\\coordinator\\DataTransaksi\\TransaksiLogCicilan\\logcicilan.php', 58)
 2 SYSTEMPATH\View\View.php(213): include('APPPATH\\Views\\coordinator\\DataTransaksi\\TransaksiLogCicilan\\logcicilan.php')
 3 SYSTEMPATH\View\View.php(216): CodeIgniter\View\View->CodeIgniter\View\{closure}()
 4 SYSTEMPATH\Common.php(1134): CodeIgniter\View\View->render('coordinator/DataTransaksi/TransaksiLogCicilan/logcicilan', [], true)
 5 APPPATH\Controllers\CoordinatorControllers.php(913): view('coordinator/DataTransaksi/TransaksiLogCicilan/logcicilan', [...])
 6 SYSTEMPATH\CodeIgniter.php(927): App\Controllers\CoordinatorControllers->logcicilan()
 7 SYSTEMPATH\CodeIgniter.php(482): CodeIgniter\CodeIgniter->runController(Object(App\Controllers\CoordinatorControllers))
 8 SYSTEMPATH\CodeIgniter.php(351): CodeIgniter\CodeIgniter->handleRequest(null, Object(Config\Cache), false)
 9 FCPATH\index.php(67): CodeIgniter\CodeIgniter->run()
10 SYSTEMPATH\Commands\Server\rewrite.php(46): require_once('FCPATH\\index.php')
CRITICAL - 2023-04-01 08:52:24 --> Undefined array key "p_nama"
in APPPATH\Views\coordinator\DataTransaksi\TransaksiLogCicilan\logcicilan.php on line 58.
 1 APPPATH\Views\coordinator\DataTransaksi\TransaksiLogCicilan\logcicilan.php(58): CodeIgniter\Debug\Exceptions->errorHandler(2, 'Undefined array key "p_nama"', 'APPPATH\\Views\\coordinator\\DataTransaksi\\TransaksiLogCicilan\\logcicilan.php', 58)
 2 SYSTEMPATH\View\View.php(213): include('APPPATH\\Views\\coordinator\\DataTransaksi\\TransaksiLogCicilan\\logcicilan.php')
 3 SYSTEMPATH\View\View.php(216): CodeIgniter\View\View->CodeIgniter\View\{closure}()
 4 SYSTEMPATH\Common.php(1134): CodeIgniter\View\View->render('coordinator/DataTransaksi/TransaksiLogCicilan/logcicilan', [], true)
 5 APPPATH\Controllers\CoordinatorControllers.php(913): view('coordinator/DataTransaksi/TransaksiLogCicilan/logcicilan', [...])
 6 SYSTEMPATH\CodeIgniter.php(927): App\Controllers\CoordinatorControllers->logcicilan()
 7 SYSTEMPATH\CodeIgniter.php(482): CodeIgniter\CodeIgniter->runController(Object(App\Controllers\CoordinatorControllers))
 8 SYSTEMPATH\CodeIgniter.php(351): CodeIgniter\CodeIgniter->handleRequest(null, Object(Config\Cache), false)
 9 FCPATH\index.php(67): CodeIgniter\CodeIgniter->run()
10 SYSTEMPATH\Commands\Server\rewrite.php(46): require_once('FCPATH\\index.php')
CRITICAL - 2023-04-01 09:03:54 --> Undefined variable $p_namapaket
in APPPATH\Views\coordinator\DataTransaksi\TransaksiLogCicilan\logcicilan.php on line 68.
 1 APPPATH\Views\coordinator\DataTransaksi\TransaksiLogCicilan\logcicilan.php(68): CodeIgniter\Debug\Exceptions->errorHandler(2, 'Undefined variable $p_namapaket', 'APPPATH\\Views\\coordinator\\DataTransaksi\\TransaksiLogCicilan\\logcicilan.php', 68)
 2 SYSTEMPATH\View\View.php(213): include('APPPATH\\Views\\coordinator\\DataTransaksi\\TransaksiLogCicilan\\logcicilan.php')
 3 SYSTEMPATH\View\View.php(216): CodeIgniter\View\View->CodeIgniter\View\{closure}()
 4 SYSTEMPATH\Common.php(1134): CodeIgniter\View\View->render('coordinator/DataTransaksi/TransaksiLogCicilan/logcicilan', [], true)
 5 APPPATH\Controllers\CoordinatorControllers.php(913): view('coordinator/DataTransaksi/TransaksiLogCicilan/logcicilan', [...])
 6 SYSTEMPATH\CodeIgniter.php(927): App\Controllers\CoordinatorControllers->logcicilan()
 7 SYSTEMPATH\CodeIgniter.php(482): CodeIgniter\CodeIgniter->runController(Object(App\Controllers\CoordinatorControllers))
 8 SYSTEMPATH\CodeIgniter.php(351): CodeIgniter\CodeIgniter->handleRequest(null, Object(Config\Cache), false)
 9 FCPATH\index.php(67): CodeIgniter\CodeIgniter->run()
10 SYSTEMPATH\Commands\Server\rewrite.php(46): require_once('FCPATH\\index.php')
CRITICAL - 2023-04-01 09:12:50 --> Undefined variable $p_namapaket
in APPPATH\Views\coordinator\DataTransaksi\TransaksiLogCicilan\logcicilan.php on line 72.
 1 APPPATH\Views\coordinator\DataTransaksi\TransaksiLogCicilan\logcicilan.php(72): CodeIgniter\Debug\Exceptions->errorHandler(2, 'Undefined variable $p_namapaket', 'APPPATH\\Views\\coordinator\\DataTransaksi\\TransaksiLogCicilan\\logcicilan.php', 72)
 2 SYSTEMPATH\View\View.php(213): include('APPPATH\\Views\\coordinator\\DataTransaksi\\TransaksiLogCicilan\\logcicilan.php')
 3 SYSTEMPATH\View\View.php(216): CodeIgniter\View\View->CodeIgniter\View\{closure}()
 4 SYSTEMPATH\Common.php(1134): CodeIgniter\View\View->render('coordinator/DataTransaksi/TransaksiLogCicilan/logcicilan', [], true)
 5 APPPATH\Controllers\CoordinatorControllers.php(913): view('coordinator/DataTransaksi/TransaksiLogCicilan/logcicilan', [...])
 6 SYSTEMPATH\CodeIgniter.php(927): App\Controllers\CoordinatorControllers->logcicilan()
 7 SYSTEMPATH\CodeIgniter.php(482): CodeIgniter\CodeIgniter->runController(Object(App\Controllers\CoordinatorControllers))
 8 SYSTEMPATH\CodeIgniter.php(351): CodeIgniter\CodeIgniter->handleRequest(null, Object(Config\Cache), false)
 9 FCPATH\index.php(67): CodeIgniter\CodeIgniter->run()
10 SYSTEMPATH\Commands\Server\rewrite.php(46): require_once('FCPATH\\index.php')
CRITICAL - 2023-04-01 17:24:52 --> Undefined variable $NotipDataTransaksi
in APPPATH\Views\admin\layout\default.php on line 234.
 1 APPPATH\Views\admin\layout\default.php(234): CodeIgniter\Debug\Exceptions->errorHandler(2, 'Undefined variable $NotipDataTransaksi', 'APPPATH\\Views\\admin\\layout\\default.php', 234)
 2 SYSTEMPATH\View\View.php(213): include('APPPATH\\Views\\admin\\layout\\default.php')
 3 SYSTEMPATH\View\View.php(216): CodeIgniter\View\View->CodeIgniter\View\{closure}()
 4 SYSTEMPATH\View\View.php(229): CodeIgniter\View\View->render('admin/layout/default', [], true)
 5 SYSTEMPATH\Common.php(1134): CodeIgniter\View\View->render('admin/DatabaseUser/datauser', [], true)
 6 APPPATH\Controllers\AdminControllers.php(364): view('admin/DatabaseUser/datauser', [...])
 7 SYSTEMPATH\CodeIgniter.php(927): App\Controllers\AdminControllers->listdatauser()
 8 SYSTEMPATH\CodeIgniter.php(482): CodeIgniter\CodeIgniter->runController(Object(App\Controllers\AdminControllers))
 9 SYSTEMPATH\CodeIgniter.php(351): CodeIgniter\CodeIgniter->handleRequest(null, Object(Config\Cache), false)
10 FCPATH\index.php(67): CodeIgniter\CodeIgniter->run()
11 SYSTEMPATH\Commands\Server\rewrite.php(46): require_once('FCPATH\\index.php')
