ERROR - 2023-04-08 11:15:42 --> mysqli_sql_exception: You have an error in your SQL syntax; check the manual that corresponds to your MariaDB server version for the right syntax to use near 'IS NULL
AND `u_create_at` < IS NULL' at line 3 in C:\xampp\htdocs\ProjectPaketFinally\system\Database\MySQLi\Connection.php:292
Stack trace:
#0 C:\xampp\htdocs\ProjectPaketFinally\system\Database\MySQLi\Connection.php(292): mysqli->query('SELECT *\nFROM `...', 0)
#1 C:\xampp\htdocs\ProjectPaketFinally\system\Database\BaseConnection.php(666): CodeIgniter\Database\MySQLi\Connection->execute('SELECT *\nFROM `...')
#2 C:\xampp\htdocs\ProjectPaketFinally\system\Database\BaseConnection.php(593): CodeIgniter\Database\BaseConnection->simpleQuery('SELECT *\nFROM `...')
#3 C:\xampp\htdocs\ProjectPaketFinally\system\Database\BaseBuilder.php(1585): CodeIgniter\Database\BaseConnection->query('SELECT *\nFROM `...', Array, false)
#4 C:\xampp\htdocs\ProjectPaketFinally\app\Models\UsersModels.php(113): CodeIgniter\Database\BaseBuilder->get()
#5 C:\xampp\htdocs\ProjectPaketFinally\app\Controllers\AdminControllers.php(626): App\Models\UsersModels->getDataByDateRange(NULL, NULL)
#6 C:\xampp\htdocs\ProjectPaketFinally\system\CodeIgniter.php(927): App\Controllers\AdminControllers->ExportDataExcelUser()
#7 C:\xampp\htdocs\ProjectPaketFinally\system\CodeIgniter.php(482): CodeIgniter\CodeIgniter->runController(Object(App\Controllers\AdminControllers))
#8 C:\xampp\htdocs\ProjectPaketFinally\system\CodeIgniter.php(351): CodeIgniter\CodeIgniter->handleRequest(NULL, Object(Config\Cache), false)
#9 C:\xampp\htdocs\ProjectPaketFinally\public\index.php(67): CodeIgniter\CodeIgniter->run()
#10 C:\xampp\htdocs\ProjectPaketFinally\system\Commands\Server\rewrite.php(46): require_once('C:\\xampp\\htdocs...')
#11 {main}
CRITICAL - 2023-04-08 11:15:42 --> You have an error in your SQL syntax; check the manual that corresponds to your MariaDB server version for the right syntax to use near 'IS NULL
AND `u_create_at` < IS NULL' at line 3
in SYSTEMPATH\Database\MySQLi\Connection.php on line 292.
 1 SYSTEMPATH\Database\MySQLi\Connection.php(292): mysqli->query('SELECT *
FROM `tb_user`
WHERE `u_create_at` > IS NULL
AND `u_create_at` < IS NULL', 0)
 2 SYSTEMPATH\Database\BaseConnection.php(666): CodeIgniter\Database\MySQLi\Connection->execute('SELECT *
FROM `tb_user`
WHERE `u_create_at` > IS NULL
AND `u_create_at` < IS NULL')
 3 SYSTEMPATH\Database\BaseConnection.php(593): CodeIgniter\Database\BaseConnection->simpleQuery('SELECT *
FROM `tb_user`
WHERE `u_create_at` > IS NULL
AND `u_create_at` < IS NULL')
 4 SYSTEMPATH\Database\BaseBuilder.php(1585): CodeIgniter\Database\BaseConnection->query('SELECT *
FROM `tb_user`
WHERE `u_create_at` > IS NULL
AND `u_create_at` < IS NULL', [], false)
 5 APPPATH\Models\UsersModels.php(113): CodeIgniter\Database\BaseBuilder->get()
 6 APPPATH\Controllers\AdminControllers.php(626): App\Models\UsersModels->getDataByDateRange(null, null)
 7 SYSTEMPATH\CodeIgniter.php(927): App\Controllers\AdminControllers->ExportDataExcelUser()
 8 SYSTEMPATH\CodeIgniter.php(482): CodeIgniter\CodeIgniter->runController(Object(App\Controllers\AdminControllers))
 9 SYSTEMPATH\CodeIgniter.php(351): CodeIgniter\CodeIgniter->handleRequest(null, Object(Config\Cache), false)
10 FCPATH\index.php(67): CodeIgniter\CodeIgniter->run()
11 SYSTEMPATH\Commands\Server\rewrite.php(46): require_once('FCPATH\\index.php')
ERROR - 2023-04-08 11:17:08 --> mysqli_sql_exception: You have an error in your SQL syntax; check the manual that corresponds to your MariaDB server version for the right syntax to use near 'IS NULL
AND `u_create_at` < IS NULL' at line 3 in C:\xampp\htdocs\ProjectPaketFinally\system\Database\MySQLi\Connection.php:292
Stack trace:
#0 C:\xampp\htdocs\ProjectPaketFinally\system\Database\MySQLi\Connection.php(292): mysqli->query('SELECT *\nFROM `...', 0)
#1 C:\xampp\htdocs\ProjectPaketFinally\system\Database\BaseConnection.php(666): CodeIgniter\Database\MySQLi\Connection->execute('SELECT *\nFROM `...')
#2 C:\xampp\htdocs\ProjectPaketFinally\system\Database\BaseConnection.php(593): CodeIgniter\Database\BaseConnection->simpleQuery('SELECT *\nFROM `...')
#3 C:\xampp\htdocs\ProjectPaketFinally\system\Database\BaseBuilder.php(1585): CodeIgniter\Database\BaseConnection->query('SELECT *\nFROM `...', Array, false)
#4 C:\xampp\htdocs\ProjectPaketFinally\app\Models\UsersModels.php(113): CodeIgniter\Database\BaseBuilder->get()
#5 C:\xampp\htdocs\ProjectPaketFinally\app\Controllers\AdminControllers.php(626): App\Models\UsersModels->getDataByDateRange(NULL, NULL)
#6 C:\xampp\htdocs\ProjectPaketFinally\system\CodeIgniter.php(927): App\Controllers\AdminControllers->ExportDataExcelUser()
#7 C:\xampp\htdocs\ProjectPaketFinally\system\CodeIgniter.php(482): CodeIgniter\CodeIgniter->runController(Object(App\Controllers\AdminControllers))
#8 C:\xampp\htdocs\ProjectPaketFinally\system\CodeIgniter.php(351): CodeIgniter\CodeIgniter->handleRequest(NULL, Object(Config\Cache), false)
#9 C:\xampp\htdocs\ProjectPaketFinally\public\index.php(67): CodeIgniter\CodeIgniter->run()
#10 C:\xampp\htdocs\ProjectPaketFinally\system\Commands\Server\rewrite.php(46): require_once('C:\\xampp\\htdocs...')
#11 {main}
CRITICAL - 2023-04-08 11:17:08 --> You have an error in your SQL syntax; check the manual that corresponds to your MariaDB server version for the right syntax to use near 'IS NULL
AND `u_create_at` < IS NULL' at line 3
in SYSTEMPATH\Database\MySQLi\Connection.php on line 292.
 1 SYSTEMPATH\Database\MySQLi\Connection.php(292): mysqli->query('SELECT *
FROM `tb_user`
WHERE `u_create_at` > IS NULL
AND `u_create_at` < IS NULL', 0)
 2 SYSTEMPATH\Database\BaseConnection.php(666): CodeIgniter\Database\MySQLi\Connection->execute('SELECT *
FROM `tb_user`
WHERE `u_create_at` > IS NULL
AND `u_create_at` < IS NULL')
 3 SYSTEMPATH\Database\BaseConnection.php(593): CodeIgniter\Database\BaseConnection->simpleQuery('SELECT *
FROM `tb_user`
WHERE `u_create_at` > IS NULL
AND `u_create_at` < IS NULL')
 4 SYSTEMPATH\Database\BaseBuilder.php(1585): CodeIgniter\Database\BaseConnection->query('SELECT *
FROM `tb_user`
WHERE `u_create_at` > IS NULL
AND `u_create_at` < IS NULL', [], false)
 5 APPPATH\Models\UsersModels.php(113): CodeIgniter\Database\BaseBuilder->get()
 6 APPPATH\Controllers\AdminControllers.php(626): App\Models\UsersModels->getDataByDateRange(null, null)
 7 SYSTEMPATH\CodeIgniter.php(927): App\Controllers\AdminControllers->ExportDataExcelUser()
 8 SYSTEMPATH\CodeIgniter.php(482): CodeIgniter\CodeIgniter->runController(Object(App\Controllers\AdminControllers))
 9 SYSTEMPATH\CodeIgniter.php(351): CodeIgniter\CodeIgniter->handleRequest(null, Object(Config\Cache), false)
10 FCPATH\index.php(67): CodeIgniter\CodeIgniter->run()
11 SYSTEMPATH\Commands\Server\rewrite.php(46): require_once('FCPATH\\index.php')
ERROR - 2023-04-08 11:23:13 --> mysqli_sql_exception: You have an error in your SQL syntax; check the manual that corresponds to your MariaDB server version for the right syntax to use near 'IS NULL
AND DATE(u_create_at) < IS NULL' at line 3 in C:\xampp\htdocs\ProjectPaketFinally\system\Database\MySQLi\Connection.php:292
Stack trace:
#0 C:\xampp\htdocs\ProjectPaketFinally\system\Database\MySQLi\Connection.php(292): mysqli->query('SELECT *\nFROM `...', 0)
#1 C:\xampp\htdocs\ProjectPaketFinally\system\Database\BaseConnection.php(666): CodeIgniter\Database\MySQLi\Connection->execute('SELECT *\nFROM `...')
#2 C:\xampp\htdocs\ProjectPaketFinally\system\Database\BaseConnection.php(593): CodeIgniter\Database\BaseConnection->simpleQuery('SELECT *\nFROM `...')
#3 C:\xampp\htdocs\ProjectPaketFinally\system\Database\BaseBuilder.php(1585): CodeIgniter\Database\BaseConnection->query('SELECT *\nFROM `...', Array, false)
#4 C:\xampp\htdocs\ProjectPaketFinally\app\Models\UsersModels.php(113): CodeIgniter\Database\BaseBuilder->get()
#5 C:\xampp\htdocs\ProjectPaketFinally\app\Controllers\AdminControllers.php(626): App\Models\UsersModels->getDataByDateRange(NULL, NULL)
#6 C:\xampp\htdocs\ProjectPaketFinally\system\CodeIgniter.php(927): App\Controllers\AdminControllers->ExportDataExcelUser()
#7 C:\xampp\htdocs\ProjectPaketFinally\system\CodeIgniter.php(482): CodeIgniter\CodeIgniter->runController(Object(App\Controllers\AdminControllers))
#8 C:\xampp\htdocs\ProjectPaketFinally\system\CodeIgniter.php(351): CodeIgniter\CodeIgniter->handleRequest(NULL, Object(Config\Cache), false)
#9 C:\xampp\htdocs\ProjectPaketFinally\public\index.php(67): CodeIgniter\CodeIgniter->run()
#10 C:\xampp\htdocs\ProjectPaketFinally\system\Commands\Server\rewrite.php(46): require_once('C:\\xampp\\htdocs...')
#11 {main}
CRITICAL - 2023-04-08 11:23:13 --> You have an error in your SQL syntax; check the manual that corresponds to your MariaDB server version for the right syntax to use near 'IS NULL
AND DATE(u_create_at) < IS NULL' at line 3
in SYSTEMPATH\Database\MySQLi\Connection.php on line 292.
 1 SYSTEMPATH\Database\MySQLi\Connection.php(292): mysqli->query('SELECT *
FROM `tb_user`
WHERE DATE(u_create_at) > IS NULL
AND DATE(u_create_at) < IS NULL', 0)
 2 SYSTEMPATH\Database\BaseConnection.php(666): CodeIgniter\Database\MySQLi\Connection->execute('SELECT *
FROM `tb_user`
WHERE DATE(u_create_at) > IS NULL
AND DATE(u_create_at) < IS NULL')
 3 SYSTEMPATH\Database\BaseConnection.php(593): CodeIgniter\Database\BaseConnection->simpleQuery('SELECT *
FROM `tb_user`
WHERE DATE(u_create_at) > IS NULL
AND DATE(u_create_at) < IS NULL')
 4 SYSTEMPATH\Database\BaseBuilder.php(1585): CodeIgniter\Database\BaseConnection->query('SELECT *
FROM `tb_user`
WHERE DATE(u_create_at) > IS NULL
AND DATE(u_create_at) < IS NULL', [], false)
 5 APPPATH\Models\UsersModels.php(113): CodeIgniter\Database\BaseBuilder->get()
 6 APPPATH\Controllers\AdminControllers.php(626): App\Models\UsersModels->getDataByDateRange(null, null)
 7 SYSTEMPATH\CodeIgniter.php(927): App\Controllers\AdminControllers->ExportDataExcelUser()
 8 SYSTEMPATH\CodeIgniter.php(482): CodeIgniter\CodeIgniter->runController(Object(App\Controllers\AdminControllers))
 9 SYSTEMPATH\CodeIgniter.php(351): CodeIgniter\CodeIgniter->handleRequest(null, Object(Config\Cache), false)
10 FCPATH\index.php(67): CodeIgniter\CodeIgniter->run()
11 SYSTEMPATH\Commands\Server\rewrite.php(46): require_once('FCPATH\\index.php')
CRITICAL - 2023-04-08 14:29:15 --> Undefined variable $pe_id
in APPPATH\Controllers\AdminControllers.php on line 2298.
 1 APPPATH\Controllers\AdminControllers.php(2298): CodeIgniter\Debug\Exceptions->errorHandler(2, 'Undefined variable $pe_id', 'APPPATH\\Controllers\\AdminControllers.php', 2298)
 2 SYSTEMPATH\CodeIgniter.php(927): App\Controllers\AdminControllers->ImportFileExceltransaksi()
 3 SYSTEMPATH\CodeIgniter.php(482): CodeIgniter\CodeIgniter->runController(Object(App\Controllers\AdminControllers))
 4 SYSTEMPATH\CodeIgniter.php(351): CodeIgniter\CodeIgniter->handleRequest(null, Object(Config\Cache), false)
 5 FCPATH\index.php(67): CodeIgniter\CodeIgniter->run()
 6 SYSTEMPATH\Commands\Server\rewrite.php(46): require_once('FCPATH\\index.php')
