CRITICAL - 2023-02-08 09:54:50 --> Undefined array key "sb_nama"
in APPPATH\Views\admin\paketbarang.php on line 134.
 1 APPPATH\Views\admin\paketbarang.php(134): CodeIgniter\Debug\Exceptions->errorHandler(2, 'Undefined array key "sb_nama"', 'APPPATH\\Views\\admin\\paketbarang.php', 134)
 2 SYSTEMPATH\View\View.php(213): include('APPPATH\\Views\\admin\\paketbarang.php')
 3 SYSTEMPATH\View\View.php(216): CodeIgniter\View\View->CodeIgniter\View\{closure}()
 4 SYSTEMPATH\Common.php(1134): CodeIgniter\View\View->render('admin/paketbarang', [], true)
 5 APPPATH\Controllers\AdminControllers.php(1658): view('admin/paketbarang', [...])
 6 SYSTEMPATH\CodeIgniter.php(927): App\Controllers\AdminControllers->paketbarang()
 7 SYSTEMPATH\CodeIgniter.php(482): CodeIgniter\CodeIgniter->runController(Object(App\Controllers\AdminControllers))
 8 SYSTEMPATH\CodeIgniter.php(351): CodeIgniter\CodeIgniter->handleRequest(null, Object(Config\Cache), false)
 9 FCPATH\index.php(67): CodeIgniter\CodeIgniter->run()
10 SYSTEMPATH\Commands\Server\rewrite.php(46): require_once('FCPATH\\index.php')
CRITICAL - 2023-02-08 10:32:22 --> unlink(foto-barang/): Is a directory
in APPPATH\Controllers\AdminControllers.php on line 1326.
 1 [internal function]: CodeIgniter\Debug\Exceptions->errorHandler(2, 'unlink(foto-barang/): Is a directory', 'APPPATH\\Controllers\\AdminControllers.php', 1326)
 2 APPPATH\Controllers\AdminControllers.php(1326): unlink('FCPATH\\foto-barang')
 3 SYSTEMPATH\CodeIgniter.php(927): App\Controllers\AdminControllers->deletebarangsupplier('17')
 4 SYSTEMPATH\CodeIgniter.php(482): CodeIgniter\CodeIgniter->runController(Object(App\Controllers\AdminControllers))
 5 SYSTEMPATH\CodeIgniter.php(351): CodeIgniter\CodeIgniter->handleRequest(null, Object(Config\Cache), false)
 6 FCPATH\index.php(67): CodeIgniter\CodeIgniter->run()
 7 SYSTEMPATH\Commands\Server\rewrite.php(46): require_once('FCPATH\\index.php')
CRITICAL - 2023-02-08 10:34:08 --> unlink(foto-barang/): Is a directory
in APPPATH\Controllers\AdminControllers.php on line 1326.
 1 [internal function]: CodeIgniter\Debug\Exceptions->errorHandler(2, 'unlink(foto-barang/): Is a directory', 'APPPATH\\Controllers\\AdminControllers.php', 1326)
 2 APPPATH\Controllers\AdminControllers.php(1326): unlink('FCPATH\\foto-barang')
 3 SYSTEMPATH\CodeIgniter.php(927): App\Controllers\AdminControllers->deletebarangsupplier('16')
 4 SYSTEMPATH\CodeIgniter.php(482): CodeIgniter\CodeIgniter->runController(Object(App\Controllers\AdminControllers))
 5 SYSTEMPATH\CodeIgniter.php(351): CodeIgniter\CodeIgniter->handleRequest(null, Object(Config\Cache), false)
 6 FCPATH\index.php(67): CodeIgniter\CodeIgniter->run()
 7 SYSTEMPATH\Commands\Server\rewrite.php(46): require_once('FCPATH\\index.php')
CRITICAL - 2023-02-08 10:35:18 --> unlink(foto-barang/): Is a directory
in APPPATH\Controllers\AdminControllers.php on line 1326.
 1 [internal function]: CodeIgniter\Debug\Exceptions->errorHandler(2, 'unlink(foto-barang/): Is a directory', 'APPPATH\\Controllers\\AdminControllers.php', 1326)
 2 APPPATH\Controllers\AdminControllers.php(1326): unlink('FCPATH\\foto-barang')
 3 SYSTEMPATH\CodeIgniter.php(927): App\Controllers\AdminControllers->deletebarangsupplier('16')
 4 SYSTEMPATH\CodeIgniter.php(482): CodeIgniter\CodeIgniter->runController(Object(App\Controllers\AdminControllers))
 5 SYSTEMPATH\CodeIgniter.php(351): CodeIgniter\CodeIgniter->handleRequest(null, Object(Config\Cache), false)
 6 FCPATH\index.php(67): CodeIgniter\CodeIgniter->run()
 7 SYSTEMPATH\Commands\Server\rewrite.php(46): require_once('FCPATH\\index.php')
CRITICAL - 2023-02-08 11:24:00 --> unlink(foto-barang/): Is a directory
in APPPATH\Controllers\AdminControllers.php on line 1272.
 1 [internal function]: CodeIgniter\Debug\Exceptions->errorHandler(2, 'unlink(foto-barang/): Is a directory', 'APPPATH\\Controllers\\AdminControllers.php', 1272)
 2 APPPATH\Controllers\AdminControllers.php(1272): unlink('FCPATH\\foto-barang')
 3 SYSTEMPATH\CodeIgniter.php(927): App\Controllers\AdminControllers->editbarangsupplier('19')
 4 SYSTEMPATH\CodeIgniter.php(482): CodeIgniter\CodeIgniter->runController(Object(App\Controllers\AdminControllers))
 5 SYSTEMPATH\CodeIgniter.php(351): CodeIgniter\CodeIgniter->handleRequest(null, Object(Config\Cache), false)
 6 FCPATH\index.php(67): CodeIgniter\CodeIgniter->run()
 7 SYSTEMPATH\Commands\Server\rewrite.php(46): require_once('FCPATH\\index.php')
CRITICAL - 2023-02-08 13:05:31 --> Undefined variable $supplier
in APPPATH\Views\admin\datapaketbarang.php on line 56.
 1 APPPATH\Views\admin\datapaketbarang.php(56): CodeIgniter\Debug\Exceptions->errorHandler(2, 'Undefined variable $supplier', 'APPPATH\\Views\\admin\\datapaketbarang.php', 56)
 2 SYSTEMPATH\View\View.php(213): include('APPPATH\\Views\\admin\\datapaketbarang.php')
 3 SYSTEMPATH\View\View.php(216): CodeIgniter\View\View->CodeIgniter\View\{closure}()
 4 SYSTEMPATH\Common.php(1134): CodeIgniter\View\View->render('admin/datapaketbarang', [], true)
 5 APPPATH\Controllers\AdminControllers.php(1721): view('admin/datapaketbarang', [...])
 6 SYSTEMPATH\CodeIgniter.php(927): App\Controllers\AdminControllers->listdatapaketbarang()
 7 SYSTEMPATH\CodeIgniter.php(482): CodeIgniter\CodeIgniter->runController(Object(App\Controllers\AdminControllers))
 8 SYSTEMPATH\CodeIgniter.php(351): CodeIgniter\CodeIgniter->handleRequest(null, Object(Config\Cache), false)
 9 FCPATH\index.php(67): CodeIgniter\CodeIgniter->run()
10 SYSTEMPATH\Commands\Server\rewrite.php(46): require_once('FCPATH\\index.php')
CRITICAL - 2023-02-08 13:06:17 --> Undefined variable $sup_barang
in APPPATH\Views\admin\datapaketbarang.php on line 57.
 1 APPPATH\Views\admin\datapaketbarang.php(57): CodeIgniter\Debug\Exceptions->errorHandler(2, 'Undefined variable $sup_barang', 'APPPATH\\Views\\admin\\datapaketbarang.php', 57)
 2 SYSTEMPATH\View\View.php(213): include('APPPATH\\Views\\admin\\datapaketbarang.php')
 3 SYSTEMPATH\View\View.php(216): CodeIgniter\View\View->CodeIgniter\View\{closure}()
 4 SYSTEMPATH\Common.php(1134): CodeIgniter\View\View->render('admin/datapaketbarang', [], true)
 5 APPPATH\Controllers\AdminControllers.php(1727): view('admin/datapaketbarang', [...])
 6 SYSTEMPATH\CodeIgniter.php(927): App\Controllers\AdminControllers->listdatapaketbarang()
 7 SYSTEMPATH\CodeIgniter.php(482): CodeIgniter\CodeIgniter->runController(Object(App\Controllers\AdminControllers))
 8 SYSTEMPATH\CodeIgniter.php(351): CodeIgniter\CodeIgniter->handleRequest(null, Object(Config\Cache), false)
 9 FCPATH\index.php(67): CodeIgniter\CodeIgniter->run()
10 SYSTEMPATH\Commands\Server\rewrite.php(46): require_once('FCPATH\\index.php')
CRITICAL - 2023-02-08 13:06:51 --> Undefined array key "s_id"
in APPPATH\Views\admin\datapaketbarang.php on line 57.
 1 APPPATH\Views\admin\datapaketbarang.php(57): CodeIgniter\Debug\Exceptions->errorHandler(2, 'Undefined array key "s_id"', 'APPPATH\\Views\\admin\\datapaketbarang.php', 57)
 2 SYSTEMPATH\View\View.php(213): include('APPPATH\\Views\\admin\\datapaketbarang.php')
 3 SYSTEMPATH\View\View.php(216): CodeIgniter\View\View->CodeIgniter\View\{closure}()
 4 SYSTEMPATH\Common.php(1134): CodeIgniter\View\View->render('admin/datapaketbarang', [], true)
 5 APPPATH\Controllers\AdminControllers.php(1727): view('admin/datapaketbarang', [...])
 6 SYSTEMPATH\CodeIgniter.php(927): App\Controllers\AdminControllers->listdatapaketbarang()
 7 SYSTEMPATH\CodeIgniter.php(482): CodeIgniter\CodeIgniter->runController(Object(App\Controllers\AdminControllers))
 8 SYSTEMPATH\CodeIgniter.php(351): CodeIgniter\CodeIgniter->handleRequest(null, Object(Config\Cache), false)
 9 FCPATH\index.php(67): CodeIgniter\CodeIgniter->run()
10 SYSTEMPATH\Commands\Server\rewrite.php(46): require_once('FCPATH\\index.php')
CRITICAL - 2023-02-08 13:08:07 --> Undefined array key "s_nama"
in APPPATH\Views\admin\datapaketbarang.php on line 58.
 1 APPPATH\Views\admin\datapaketbarang.php(58): CodeIgniter\Debug\Exceptions->errorHandler(2, 'Undefined array key "s_nama"', 'APPPATH\\Views\\admin\\datapaketbarang.php', 58)
 2 SYSTEMPATH\View\View.php(213): include('APPPATH\\Views\\admin\\datapaketbarang.php')
 3 SYSTEMPATH\View\View.php(216): CodeIgniter\View\View->CodeIgniter\View\{closure}()
 4 SYSTEMPATH\Common.php(1134): CodeIgniter\View\View->render('admin/datapaketbarang', [], true)
 5 APPPATH\Controllers\AdminControllers.php(1727): view('admin/datapaketbarang', [...])
 6 SYSTEMPATH\CodeIgniter.php(927): App\Controllers\AdminControllers->listdatapaketbarang()
 7 SYSTEMPATH\CodeIgniter.php(482): CodeIgniter\CodeIgniter->runController(Object(App\Controllers\AdminControllers))
 8 SYSTEMPATH\CodeIgniter.php(351): CodeIgniter\CodeIgniter->handleRequest(null, Object(Config\Cache), false)
 9 FCPATH\index.php(67): CodeIgniter\CodeIgniter->run()
10 SYSTEMPATH\Commands\Server\rewrite.php(46): require_once('FCPATH\\index.php')
CRITICAL - 2023-02-08 13:20:41 --> Undefined array key "p_barang "
in APPPATH\Views\admin\datapaketbarang.php on line 77.
 1 APPPATH\Views\admin\datapaketbarang.php(77): CodeIgniter\Debug\Exceptions->errorHandler(2, 'Undefined array key "p_barang "', 'APPPATH\\Views\\admin\\datapaketbarang.php', 77)
 2 SYSTEMPATH\View\View.php(213): include('APPPATH\\Views\\admin\\datapaketbarang.php')
 3 SYSTEMPATH\View\View.php(216): CodeIgniter\View\View->CodeIgniter\View\{closure}()
 4 SYSTEMPATH\Common.php(1134): CodeIgniter\View\View->render('admin/datapaketbarang', [], true)
 5 APPPATH\Controllers\AdminControllers.php(1727): view('admin/datapaketbarang', [...])
 6 SYSTEMPATH\CodeIgniter.php(927): App\Controllers\AdminControllers->listdatapaketbarang()
 7 SYSTEMPATH\CodeIgniter.php(482): CodeIgniter\CodeIgniter->runController(Object(App\Controllers\AdminControllers))
 8 SYSTEMPATH\CodeIgniter.php(351): CodeIgniter\CodeIgniter->handleRequest(null, Object(Config\Cache), false)
 9 FCPATH\index.php(67): CodeIgniter\CodeIgniter->run()
10 SYSTEMPATH\Commands\Server\rewrite.php(46): require_once('FCPATH\\index.php')
CRITICAL - 2023-02-08 13:21:35 --> Undefined array key "sb_nama"
in APPPATH\Views\admin\datapaketbarang.php on line 78.
 1 APPPATH\Views\admin\datapaketbarang.php(78): CodeIgniter\Debug\Exceptions->errorHandler(2, 'Undefined array key "sb_nama"', 'APPPATH\\Views\\admin\\datapaketbarang.php', 78)
 2 SYSTEMPATH\View\View.php(213): include('APPPATH\\Views\\admin\\datapaketbarang.php')
 3 SYSTEMPATH\View\View.php(216): CodeIgniter\View\View->CodeIgniter\View\{closure}()
 4 SYSTEMPATH\Common.php(1134): CodeIgniter\View\View->render('admin/datapaketbarang', [], true)
 5 APPPATH\Controllers\AdminControllers.php(1727): view('admin/datapaketbarang', [...])
 6 SYSTEMPATH\CodeIgniter.php(927): App\Controllers\AdminControllers->listdatapaketbarang()
 7 SYSTEMPATH\CodeIgniter.php(482): CodeIgniter\CodeIgniter->runController(Object(App\Controllers\AdminControllers))
 8 SYSTEMPATH\CodeIgniter.php(351): CodeIgniter\CodeIgniter->handleRequest(null, Object(Config\Cache), false)
 9 FCPATH\index.php(67): CodeIgniter\CodeIgniter->run()
10 SYSTEMPATH\Commands\Server\rewrite.php(46): require_once('FCPATH\\index.php')
CRITICAL - 2023-02-08 13:25:26 --> Undefined variable $tampi
in APPPATH\Views\admin\datapaketbarang.php on line 84.
 1 APPPATH\Views\admin\datapaketbarang.php(84): CodeIgniter\Debug\Exceptions->errorHandler(2, 'Undefined variable $tampi', 'APPPATH\\Views\\admin\\datapaketbarang.php', 84)
 2 SYSTEMPATH\View\View.php(213): include('APPPATH\\Views\\admin\\datapaketbarang.php')
 3 SYSTEMPATH\View\View.php(216): CodeIgniter\View\View->CodeIgniter\View\{closure}()
 4 SYSTEMPATH\Common.php(1134): CodeIgniter\View\View->render('admin/datapaketbarang', [], true)
 5 APPPATH\Controllers\AdminControllers.php(1727): view('admin/datapaketbarang', [...])
 6 SYSTEMPATH\CodeIgniter.php(927): App\Controllers\AdminControllers->listdatapaketbarang()
 7 SYSTEMPATH\CodeIgniter.php(482): CodeIgniter\CodeIgniter->runController(Object(App\Controllers\AdminControllers))
 8 SYSTEMPATH\CodeIgniter.php(351): CodeIgniter\CodeIgniter->handleRequest(null, Object(Config\Cache), false)
 9 FCPATH\index.php(67): CodeIgniter\CodeIgniter->run()
10 SYSTEMPATH\Commands\Server\rewrite.php(46): require_once('FCPATH\\index.php')
CRITICAL - 2023-02-08 13:27:05 --> Undefined array key "p_barang "
in APPPATH\Views\admin\datapaketbarang.php on line 79.
 1 APPPATH\Views\admin\datapaketbarang.php(79): CodeIgniter\Debug\Exceptions->errorHandler(2, 'Undefined array key "p_barang "', 'APPPATH\\Views\\admin\\datapaketbarang.php', 79)
 2 SYSTEMPATH\View\View.php(213): include('APPPATH\\Views\\admin\\datapaketbarang.php')
 3 SYSTEMPATH\View\View.php(216): CodeIgniter\View\View->CodeIgniter\View\{closure}()
 4 SYSTEMPATH\Common.php(1134): CodeIgniter\View\View->render('admin/datapaketbarang', [], true)
 5 APPPATH\Controllers\AdminControllers.php(1727): view('admin/datapaketbarang', [...])
 6 SYSTEMPATH\CodeIgniter.php(927): App\Controllers\AdminControllers->listdatapaketbarang()
 7 SYSTEMPATH\CodeIgniter.php(482): CodeIgniter\CodeIgniter->runController(Object(App\Controllers\AdminControllers))
 8 SYSTEMPATH\CodeIgniter.php(351): CodeIgniter\CodeIgniter->handleRequest(null, Object(Config\Cache), false)
 9 FCPATH\index.php(67): CodeIgniter\CodeIgniter->run()
10 SYSTEMPATH\Commands\Server\rewrite.php(46): require_once('FCPATH\\index.php')
CRITICAL - 2023-02-08 13:28:03 --> Undefined variable $tampil
in APPPATH\Views\admin\datapaketbarang.php on line 84.
 1 APPPATH\Views\admin\datapaketbarang.php(84): CodeIgniter\Debug\Exceptions->errorHandler(2, 'Undefined variable $tampil', 'APPPATH\\Views\\admin\\datapaketbarang.php', 84)
 2 SYSTEMPATH\View\View.php(213): include('APPPATH\\Views\\admin\\datapaketbarang.php')
 3 SYSTEMPATH\View\View.php(216): CodeIgniter\View\View->CodeIgniter\View\{closure}()
 4 SYSTEMPATH\Common.php(1134): CodeIgniter\View\View->render('admin/datapaketbarang', [], true)
 5 APPPATH\Controllers\AdminControllers.php(1727): view('admin/datapaketbarang', [...])
 6 SYSTEMPATH\CodeIgniter.php(927): App\Controllers\AdminControllers->listdatapaketbarang()
 7 SYSTEMPATH\CodeIgniter.php(482): CodeIgniter\CodeIgniter->runController(Object(App\Controllers\AdminControllers))
 8 SYSTEMPATH\CodeIgniter.php(351): CodeIgniter\CodeIgniter->handleRequest(null, Object(Config\Cache), false)
 9 FCPATH\index.php(67): CodeIgniter\CodeIgniter->run()
10 SYSTEMPATH\Commands\Server\rewrite.php(46): require_once('FCPATH\\index.php')
CRITICAL - 2023-02-08 13:36:56 --> Undefined array key "sb_id"
in APPPATH\Views\admin\datapaketbarang.php on line 79.
 1 APPPATH\Views\admin\datapaketbarang.php(79): CodeIgniter\Debug\Exceptions->errorHandler(2, 'Undefined array key "sb_id"', 'APPPATH\\Views\\admin\\datapaketbarang.php', 79)
 2 SYSTEMPATH\View\View.php(213): include('APPPATH\\Views\\admin\\datapaketbarang.php')
 3 SYSTEMPATH\View\View.php(216): CodeIgniter\View\View->CodeIgniter\View\{closure}()
 4 SYSTEMPATH\Common.php(1134): CodeIgniter\View\View->render('admin/datapaketbarang', [], true)
 5 APPPATH\Controllers\AdminControllers.php(1727): view('admin/datapaketbarang', [...])
 6 SYSTEMPATH\CodeIgniter.php(927): App\Controllers\AdminControllers->listdatapaketbarang()
 7 SYSTEMPATH\CodeIgniter.php(482): CodeIgniter\CodeIgniter->runController(Object(App\Controllers\AdminControllers))
 8 SYSTEMPATH\CodeIgniter.php(351): CodeIgniter\CodeIgniter->handleRequest(null, Object(Config\Cache), false)
 9 FCPATH\index.php(67): CodeIgniter\CodeIgniter->run()
10 SYSTEMPATH\Commands\Server\rewrite.php(46): require_once('FCPATH\\index.php')
CRITICAL - 2023-02-08 13:37:40 --> Cannot access offset of type string on string
in APPPATH\Views\admin\datapaketbarang.php on line 81.
 1 SYSTEMPATH\View\View.php(213): include()
 2 SYSTEMPATH\View\View.php(216): CodeIgniter\View\View->CodeIgniter\View\{closure}()
 3 SYSTEMPATH\Common.php(1134): CodeIgniter\View\View->render('admin/datapaketbarang', [], true)
 4 APPPATH\Controllers\AdminControllers.php(1727): view('admin/datapaketbarang', [...])
 5 SYSTEMPATH\CodeIgniter.php(927): App\Controllers\AdminControllers->listdatapaketbarang()
 6 SYSTEMPATH\CodeIgniter.php(482): CodeIgniter\CodeIgniter->runController(Object(App\Controllers\AdminControllers))
 7 SYSTEMPATH\CodeIgniter.php(351): CodeIgniter\CodeIgniter->handleRequest(null, Object(Config\Cache), false)
 8 FCPATH\index.php(67): CodeIgniter\CodeIgniter->run()
 9 SYSTEMPATH\Commands\Server\rewrite.php(46): require_once('FCPATH\\index.php')
CRITICAL - 2023-02-08 13:40:01 --> Undefined variable $tampil
in APPPATH\Views\admin\datapaketbarang.php on line 84.
 1 APPPATH\Views\admin\datapaketbarang.php(84): CodeIgniter\Debug\Exceptions->errorHandler(2, 'Undefined variable $tampil', 'APPPATH\\Views\\admin\\datapaketbarang.php', 84)
 2 SYSTEMPATH\View\View.php(213): include('APPPATH\\Views\\admin\\datapaketbarang.php')
 3 SYSTEMPATH\View\View.php(216): CodeIgniter\View\View->CodeIgniter\View\{closure}()
 4 SYSTEMPATH\Common.php(1134): CodeIgniter\View\View->render('admin/datapaketbarang', [], true)
 5 APPPATH\Controllers\AdminControllers.php(1727): view('admin/datapaketbarang', [...])
 6 SYSTEMPATH\CodeIgniter.php(927): App\Controllers\AdminControllers->listdatapaketbarang()
 7 SYSTEMPATH\CodeIgniter.php(482): CodeIgniter\CodeIgniter->runController(Object(App\Controllers\AdminControllers))
 8 SYSTEMPATH\CodeIgniter.php(351): CodeIgniter\CodeIgniter->handleRequest(null, Object(Config\Cache), false)
 9 FCPATH\index.php(67): CodeIgniter\CodeIgniter->run()
10 SYSTEMPATH\Commands\Server\rewrite.php(46): require_once('FCPATH\\index.php')
CRITICAL - 2023-02-08 13:45:22 --> Undefined variable $tampil
in APPPATH\Views\admin\datapaketbarang.php on line 87.
 1 APPPATH\Views\admin\datapaketbarang.php(87): CodeIgniter\Debug\Exceptions->errorHandler(2, 'Undefined variable $tampil', 'APPPATH\\Views\\admin\\datapaketbarang.php', 87)
 2 SYSTEMPATH\View\View.php(213): include('APPPATH\\Views\\admin\\datapaketbarang.php')
 3 SYSTEMPATH\View\View.php(216): CodeIgniter\View\View->CodeIgniter\View\{closure}()
 4 SYSTEMPATH\Common.php(1134): CodeIgniter\View\View->render('admin/datapaketbarang', [], true)
 5 APPPATH\Controllers\AdminControllers.php(1727): view('admin/datapaketbarang', [...])
 6 SYSTEMPATH\CodeIgniter.php(927): App\Controllers\AdminControllers->listdatapaketbarang()
 7 SYSTEMPATH\CodeIgniter.php(482): CodeIgniter\CodeIgniter->runController(Object(App\Controllers\AdminControllers))
 8 SYSTEMPATH\CodeIgniter.php(351): CodeIgniter\CodeIgniter->handleRequest(null, Object(Config\Cache), false)
 9 FCPATH\index.php(67): CodeIgniter\CodeIgniter->run()
10 SYSTEMPATH\Commands\Server\rewrite.php(46): require_once('FCPATH\\index.php')
