CRITICAL - 2023-06-01 23:18:36 --> Unclosed '{' on line 8
in APPPATH\Models\AnggotaOrganisasiModels.php on line 66.
 1 SYSTEMPATH\Autoloader\Autoloader.php(259): CodeIgniter\Autoloader\Autoloader->includeFile('APPPATH\\Models\\AnggotaOrganisasiModels.php')
 2 SYSTEMPATH\Autoloader\Autoloader.php(237): CodeIgniter\Autoloader\Autoloader->loadInNamespace('App\\Models\\AnggotaOrganisasiModels')
 3 APPPATH\Controllers\SuperAdminControllers.php(39): CodeIgniter\Autoloader\Autoloader->loadClass('App\\Models\\AnggotaOrganisasiModels')
 4 SYSTEMPATH\CodeIgniter.php(889): App\Controllers\SuperAdminControllers->__construct()
 5 SYSTEMPATH\CodeIgniter.php(473): CodeIgniter\CodeIgniter->createController()
 6 SYSTEMPATH\CodeIgniter.php(351): CodeIgniter\CodeIgniter->handleRequest(null, Object(Config\Cache), false)
 7 FCPATH\index.php(67): CodeIgniter\CodeIgniter->run()
 8 SYSTEMPATH\Commands\Server\rewrite.php(46): require_once('FCPATH\\index.php')
CRITICAL - 2023-06-01 23:18:41 --> Unclosed '{' on line 8
in APPPATH\Models\AnggotaOrganisasiModels.php on line 66.
 1 SYSTEMPATH\Autoloader\Autoloader.php(259): CodeIgniter\Autoloader\Autoloader->includeFile('APPPATH\\Models\\AnggotaOrganisasiModels.php')
 2 SYSTEMPATH\Autoloader\Autoloader.php(237): CodeIgniter\Autoloader\Autoloader->loadInNamespace('App\\Models\\AnggotaOrganisasiModels')
 3 APPPATH\Controllers\SuperAdminControllers.php(39): CodeIgniter\Autoloader\Autoloader->loadClass('App\\Models\\AnggotaOrganisasiModels')
 4 SYSTEMPATH\CodeIgniter.php(889): App\Controllers\SuperAdminControllers->__construct()
 5 SYSTEMPATH\CodeIgniter.php(473): CodeIgniter\CodeIgniter->createController()
 6 SYSTEMPATH\CodeIgniter.php(351): CodeIgniter\CodeIgniter->handleRequest(null, Object(Config\Cache), false)
 7 FCPATH\index.php(67): CodeIgniter\CodeIgniter->run()
 8 SYSTEMPATH\Commands\Server\rewrite.php(46): require_once('FCPATH\\index.php')
