CRITICAL - 2023-03-27 09:20:36 --> Undefined variable $tb_packtb_kategori_paketaging
in APPPATH\Views\admin\paketbarangedit.php on line 44.
 1 APPPATH\Views\admin\paketbarangedit.php(44): CodeIgniter\Debug\Exceptions->errorHandler(2, 'Undefined variable $tb_packtb_kategori_paketaging', 'APPPATH\\Views\\admin\\paketbarangedit.php', 44)
 2 SYSTEMPATH\View\View.php(213): include('APPPATH\\Views\\admin\\paketbarangedit.php')
 3 SYSTEMPATH\View\View.php(216): CodeIgniter\View\View->CodeIgniter\View\{closure}()
 4 SYSTEMPATH\Common.php(1134): CodeIgniter\View\View->render('admin/paketbarangedit', [], true)
 5 APPPATH\Controllers\AdminControllers.php(2380): view('admin/paketbarangedit', [...])
 6 SYSTEMPATH\CodeIgniter.php(927): App\Controllers\AdminControllers->editpaketbarang('24')
 7 SYSTEMPATH\CodeIgniter.php(482): CodeIgniter\CodeIgniter->runController(Object(App\Controllers\AdminControllers))
 8 SYSTEMPATH\CodeIgniter.php(351): CodeIgniter\CodeIgniter->handleRequest(null, Object(Config\Cache), false)
 9 FCPATH\index.php(67): CodeIgniter\CodeIgniter->run()
10 SYSTEMPATH\Commands\Server\rewrite.php(46): require_once('FCPATH\\index.php')
CRITICAL - 2023-03-27 09:32:27 --> Cannot use empty array elements in arrays
in APPPATH\Controllers\AdminControllers.php on line 2323.
 1 [internal function]: CodeIgniter\Debug\Exceptions->shutdownHandler()
CRITICAL - 2023-03-27 09:38:42 --> Undefined array key "p_nama"
in APPPATH\Views\admin\transaksi.php on line 55.
 1 APPPATH\Views\admin\transaksi.php(55): CodeIgniter\Debug\Exceptions->errorHandler(2, 'Undefined array key "p_nama"', 'APPPATH\\Views\\admin\\transaksi.php', 55)
 2 SYSTEMPATH\View\View.php(213): include('APPPATH\\Views\\admin\\transaksi.php')
 3 SYSTEMPATH\View\View.php(216): CodeIgniter\View\View->CodeIgniter\View\{closure}()
 4 SYSTEMPATH\Common.php(1134): CodeIgniter\View\View->render('admin/transaksi', [], true)
 5 APPPATH\Controllers\AdminControllers.php(2707): view('admin/transaksi', [...])
 6 SYSTEMPATH\CodeIgniter.php(927): App\Controllers\AdminControllers->transaksi()
 7 SYSTEMPATH\CodeIgniter.php(482): CodeIgniter\CodeIgniter->runController(Object(App\Controllers\AdminControllers))
 8 SYSTEMPATH\CodeIgniter.php(351): CodeIgniter\CodeIgniter->handleRequest(null, Object(Config\Cache), false)
 9 FCPATH\index.php(67): CodeIgniter\CodeIgniter->run()
10 SYSTEMPATH\Commands\Server\rewrite.php(46): require_once('FCPATH\\index.php')
CRITICAL - 2023-03-27 09:42:17 --> Undefined variable $kategoripaket
in APPPATH\Views\admin\transaksi.php on line 55.
 1 APPPATH\Views\admin\transaksi.php(55): CodeIgniter\Debug\Exceptions->errorHandler(2, 'Undefined variable $kategoripaket', 'APPPATH\\Views\\admin\\transaksi.php', 55)
 2 SYSTEMPATH\View\View.php(213): include('APPPATH\\Views\\admin\\transaksi.php')
 3 SYSTEMPATH\View\View.php(216): CodeIgniter\View\View->CodeIgniter\View\{closure}()
 4 SYSTEMPATH\Common.php(1134): CodeIgniter\View\View->render('admin/transaksi', [], true)
 5 APPPATH\Controllers\AdminControllers.php(2707): view('admin/transaksi', [...])
 6 SYSTEMPATH\CodeIgniter.php(927): App\Controllers\AdminControllers->transaksi()
 7 SYSTEMPATH\CodeIgniter.php(482): CodeIgniter\CodeIgniter->runController(Object(App\Controllers\AdminControllers))
 8 SYSTEMPATH\CodeIgniter.php(351): CodeIgniter\CodeIgniter->handleRequest(null, Object(Config\Cache), false)
 9 FCPATH\index.php(67): CodeIgniter\CodeIgniter->run()
10 SYSTEMPATH\Commands\Server\rewrite.php(46): require_once('FCPATH\\index.php')
CRITICAL - 2023-03-27 09:43:38 --> Undefined variable $kategoripaket
in APPPATH\Views\admin\transaksi.php on line 55.
 1 APPPATH\Views\admin\transaksi.php(55): CodeIgniter\Debug\Exceptions->errorHandler(2, 'Undefined variable $kategoripaket', 'APPPATH\\Views\\admin\\transaksi.php', 55)
 2 SYSTEMPATH\View\View.php(213): include('APPPATH\\Views\\admin\\transaksi.php')
 3 SYSTEMPATH\View\View.php(216): CodeIgniter\View\View->CodeIgniter\View\{closure}()
 4 SYSTEMPATH\Common.php(1134): CodeIgniter\View\View->render('admin/transaksi', [], true)
 5 APPPATH\Controllers\AdminControllers.php(2707): view('admin/transaksi', [...])
 6 SYSTEMPATH\CodeIgniter.php(927): App\Controllers\AdminControllers->transaksi()
 7 SYSTEMPATH\CodeIgniter.php(482): CodeIgniter\CodeIgniter->runController(Object(App\Controllers\AdminControllers))
 8 SYSTEMPATH\CodeIgniter.php(351): CodeIgniter\CodeIgniter->handleRequest(null, Object(Config\Cache), false)
 9 FCPATH\index.php(67): CodeIgniter\CodeIgniter->run()
10 SYSTEMPATH\Commands\Server\rewrite.php(46): require_once('FCPATH\\index.php')
CRITICAL - 2023-03-27 09:43:40 --> Undefined variable $kategoripaket
in APPPATH\Views\admin\transaksi.php on line 55.
 1 APPPATH\Views\admin\transaksi.php(55): CodeIgniter\Debug\Exceptions->errorHandler(2, 'Undefined variable $kategoripaket', 'APPPATH\\Views\\admin\\transaksi.php', 55)
 2 SYSTEMPATH\View\View.php(213): include('APPPATH\\Views\\admin\\transaksi.php')
 3 SYSTEMPATH\View\View.php(216): CodeIgniter\View\View->CodeIgniter\View\{closure}()
 4 SYSTEMPATH\Common.php(1134): CodeIgniter\View\View->render('admin/transaksi', [], true)
 5 APPPATH\Controllers\AdminControllers.php(2707): view('admin/transaksi', [...])
 6 SYSTEMPATH\CodeIgniter.php(927): App\Controllers\AdminControllers->transaksi()
 7 SYSTEMPATH\CodeIgniter.php(482): CodeIgniter\CodeIgniter->runController(Object(App\Controllers\AdminControllers))
 8 SYSTEMPATH\CodeIgniter.php(351): CodeIgniter\CodeIgniter->handleRequest(null, Object(Config\Cache), false)
 9 FCPATH\index.php(67): CodeIgniter\CodeIgniter->run()
10 SYSTEMPATH\Commands\Server\rewrite.php(46): require_once('FCPATH\\index.php')
CRITICAL - 2023-03-27 09:43:41 --> Undefined variable $kategoripaket
in APPPATH\Views\admin\transaksi.php on line 55.
 1 APPPATH\Views\admin\transaksi.php(55): CodeIgniter\Debug\Exceptions->errorHandler(2, 'Undefined variable $kategoripaket', 'APPPATH\\Views\\admin\\transaksi.php', 55)
 2 SYSTEMPATH\View\View.php(213): include('APPPATH\\Views\\admin\\transaksi.php')
 3 SYSTEMPATH\View\View.php(216): CodeIgniter\View\View->CodeIgniter\View\{closure}()
 4 SYSTEMPATH\Common.php(1134): CodeIgniter\View\View->render('admin/transaksi', [], true)
 5 APPPATH\Controllers\AdminControllers.php(2707): view('admin/transaksi', [...])
 6 SYSTEMPATH\CodeIgniter.php(927): App\Controllers\AdminControllers->transaksi()
 7 SYSTEMPATH\CodeIgniter.php(482): CodeIgniter\CodeIgniter->runController(Object(App\Controllers\AdminControllers))
 8 SYSTEMPATH\CodeIgniter.php(351): CodeIgniter\CodeIgniter->handleRequest(null, Object(Config\Cache), false)
 9 FCPATH\index.php(67): CodeIgniter\CodeIgniter->run()
10 SYSTEMPATH\Commands\Server\rewrite.php(46): require_once('FCPATH\\index.php')
CRITICAL - 2023-03-27 09:44:42 --> Undefined variable $kategoripaket
in APPPATH\Views\admin\transaksi.php on line 55.
 1 APPPATH\Views\admin\transaksi.php(55): CodeIgniter\Debug\Exceptions->errorHandler(2, 'Undefined variable $kategoripaket', 'APPPATH\\Views\\admin\\transaksi.php', 55)
 2 SYSTEMPATH\View\View.php(213): include('APPPATH\\Views\\admin\\transaksi.php')
 3 SYSTEMPATH\View\View.php(216): CodeIgniter\View\View->CodeIgniter\View\{closure}()
 4 SYSTEMPATH\Common.php(1134): CodeIgniter\View\View->render('admin/transaksi', [], true)
 5 APPPATH\Controllers\AdminControllers.php(2707): view('admin/transaksi', [...])
 6 SYSTEMPATH\CodeIgniter.php(927): App\Controllers\AdminControllers->transaksi()
 7 SYSTEMPATH\CodeIgniter.php(482): CodeIgniter\CodeIgniter->runController(Object(App\Controllers\AdminControllers))
 8 SYSTEMPATH\CodeIgniter.php(351): CodeIgniter\CodeIgniter->handleRequest(null, Object(Config\Cache), false)
 9 FCPATH\index.php(67): CodeIgniter\CodeIgniter->run()
10 SYSTEMPATH\Commands\Server\rewrite.php(46): require_once('FCPATH\\index.php')
CRITICAL - 2023-03-27 09:48:33 --> Undefined array key "p_nama"
in APPPATH\Views\admin\datatransaksi.php on line 58.
 1 APPPATH\Views\admin\datatransaksi.php(58): CodeIgniter\Debug\Exceptions->errorHandler(2, 'Undefined array key "p_nama"', 'APPPATH\\Views\\admin\\datatransaksi.php', 58)
 2 SYSTEMPATH\View\View.php(213): include('APPPATH\\Views\\admin\\datatransaksi.php')
 3 SYSTEMPATH\View\View.php(216): CodeIgniter\View\View->CodeIgniter\View\{closure}()
 4 SYSTEMPATH\Common.php(1134): CodeIgniter\View\View->render('admin/datatransaksi', [], true)
 5 APPPATH\Controllers\AdminControllers.php(2763): view('admin/datatransaksi', [...])
 6 SYSTEMPATH\CodeIgniter.php(927): App\Controllers\AdminControllers->listdatatransaksi()
 7 SYSTEMPATH\CodeIgniter.php(482): CodeIgniter\CodeIgniter->runController(Object(App\Controllers\AdminControllers))
 8 SYSTEMPATH\CodeIgniter.php(351): CodeIgniter\CodeIgniter->handleRequest(null, Object(Config\Cache), false)
 9 FCPATH\index.php(67): CodeIgniter\CodeIgniter->run()
10 SYSTEMPATH\Commands\Server\rewrite.php(46): require_once('FCPATH\\index.php')
CRITICAL - 2023-03-27 09:52:41 --> Array to string conversion
in APPPATH\Views\admin\datatransaksi.php on line 60.
 1 APPPATH\Views\admin\datatransaksi.php(60): CodeIgniter\Debug\Exceptions->errorHandler(2, 'Array to string conversion', 'APPPATH\\Views\\admin\\datatransaksi.php', 60)
 2 SYSTEMPATH\View\View.php(213): include('APPPATH\\Views\\admin\\datatransaksi.php')
 3 SYSTEMPATH\View\View.php(216): CodeIgniter\View\View->CodeIgniter\View\{closure}()
 4 SYSTEMPATH\Common.php(1134): CodeIgniter\View\View->render('admin/datatransaksi', [], true)
 5 APPPATH\Controllers\AdminControllers.php(2764): view('admin/datatransaksi', [...])
 6 SYSTEMPATH\CodeIgniter.php(927): App\Controllers\AdminControllers->listdatatransaksi()
 7 SYSTEMPATH\CodeIgniter.php(482): CodeIgniter\CodeIgniter->runController(Object(App\Controllers\AdminControllers))
 8 SYSTEMPATH\CodeIgniter.php(351): CodeIgniter\CodeIgniter->handleRequest(null, Object(Config\Cache), false)
 9 FCPATH\index.php(67): CodeIgniter\CodeIgniter->run()
10 SYSTEMPATH\Commands\Server\rewrite.php(46): require_once('FCPATH\\index.php')
CRITICAL - 2023-03-27 09:55:02 --> Undefined array key "p_nama"
in APPPATH\Views\admin\transaksiedit.php on line 51.
 1 APPPATH\Views\admin\transaksiedit.php(51): CodeIgniter\Debug\Exceptions->errorHandler(2, 'Undefined array key "p_nama"', 'APPPATH\\Views\\admin\\transaksiedit.php', 51)
 2 SYSTEMPATH\View\View.php(213): include('APPPATH\\Views\\admin\\transaksiedit.php')
 3 SYSTEMPATH\View\View.php(216): CodeIgniter\View\View->CodeIgniter\View\{closure}()
 4 SYSTEMPATH\Common.php(1134): CodeIgniter\View\View->render('admin/transaksiedit', [], true)
 5 APPPATH\Controllers\AdminControllers.php(2887): view('admin/transaksiedit', [...])
 6 SYSTEMPATH\CodeIgniter.php(927): App\Controllers\AdminControllers->edittransaksi('16')
 7 SYSTEMPATH\CodeIgniter.php(482): CodeIgniter\CodeIgniter->runController(Object(App\Controllers\AdminControllers))
 8 SYSTEMPATH\CodeIgniter.php(351): CodeIgniter\CodeIgniter->handleRequest(null, Object(Config\Cache), false)
 9 FCPATH\index.php(67): CodeIgniter\CodeIgniter->run()
10 SYSTEMPATH\Commands\Server\rewrite.php(46): require_once('FCPATH\\index.php')
CRITICAL - 2023-03-27 09:59:22 --> Undefined variable $kategoripaket
in APPPATH\Views\admin\transaksiedit.php on line 51.
 1 APPPATH\Views\admin\transaksiedit.php(51): CodeIgniter\Debug\Exceptions->errorHandler(2, 'Undefined variable $kategoripaket', 'APPPATH\\Views\\admin\\transaksiedit.php', 51)
 2 SYSTEMPATH\View\View.php(213): include('APPPATH\\Views\\admin\\transaksiedit.php')
 3 SYSTEMPATH\View\View.php(216): CodeIgniter\View\View->CodeIgniter\View\{closure}()
 4 SYSTEMPATH\Common.php(1134): CodeIgniter\View\View->render('admin/transaksiedit', [], true)
 5 APPPATH\Controllers\AdminControllers.php(2887): view('admin/transaksiedit', [...])
 6 SYSTEMPATH\CodeIgniter.php(927): App\Controllers\AdminControllers->edittransaksi('16')
 7 SYSTEMPATH\CodeIgniter.php(482): CodeIgniter\CodeIgniter->runController(Object(App\Controllers\AdminControllers))
 8 SYSTEMPATH\CodeIgniter.php(351): CodeIgniter\CodeIgniter->handleRequest(null, Object(Config\Cache), false)
 9 FCPATH\index.php(67): CodeIgniter\CodeIgniter->run()
10 SYSTEMPATH\Commands\Server\rewrite.php(46): require_once('FCPATH\\index.php')
CRITICAL - 2023-03-27 10:00:08 --> Undefined variable $kategoripaket
in APPPATH\Views\admin\transaksiedit.php on line 51.
 1 APPPATH\Views\admin\transaksiedit.php(51): CodeIgniter\Debug\Exceptions->errorHandler(2, 'Undefined variable $kategoripaket', 'APPPATH\\Views\\admin\\transaksiedit.php', 51)
 2 SYSTEMPATH\View\View.php(213): include('APPPATH\\Views\\admin\\transaksiedit.php')
 3 SYSTEMPATH\View\View.php(216): CodeIgniter\View\View->CodeIgniter\View\{closure}()
 4 SYSTEMPATH\Common.php(1134): CodeIgniter\View\View->render('admin/transaksiedit', [], true)
 5 APPPATH\Controllers\AdminControllers.php(2889): view('admin/transaksiedit', [...])
 6 SYSTEMPATH\CodeIgniter.php(927): App\Controllers\AdminControllers->edittransaksi('16')
 7 SYSTEMPATH\CodeIgniter.php(482): CodeIgniter\CodeIgniter->runController(Object(App\Controllers\AdminControllers))
 8 SYSTEMPATH\CodeIgniter.php(351): CodeIgniter\CodeIgniter->handleRequest(null, Object(Config\Cache), false)
 9 FCPATH\index.php(67): CodeIgniter\CodeIgniter->run()
10 SYSTEMPATH\Commands\Server\rewrite.php(46): require_once('FCPATH\\index.php')
CRITICAL - 2023-03-27 10:00:10 --> Undefined variable $kategoripaket
in APPPATH\Views\admin\transaksiedit.php on line 51.
 1 APPPATH\Views\admin\transaksiedit.php(51): CodeIgniter\Debug\Exceptions->errorHandler(2, 'Undefined variable $kategoripaket', 'APPPATH\\Views\\admin\\transaksiedit.php', 51)
 2 SYSTEMPATH\View\View.php(213): include('APPPATH\\Views\\admin\\transaksiedit.php')
 3 SYSTEMPATH\View\View.php(216): CodeIgniter\View\View->CodeIgniter\View\{closure}()
 4 SYSTEMPATH\Common.php(1134): CodeIgniter\View\View->render('admin/transaksiedit', [], true)
 5 APPPATH\Controllers\AdminControllers.php(2889): view('admin/transaksiedit', [...])
 6 SYSTEMPATH\CodeIgniter.php(927): App\Controllers\AdminControllers->edittransaksi('16')
 7 SYSTEMPATH\CodeIgniter.php(482): CodeIgniter\CodeIgniter->runController(Object(App\Controllers\AdminControllers))
 8 SYSTEMPATH\CodeIgniter.php(351): CodeIgniter\CodeIgniter->handleRequest(null, Object(Config\Cache), false)
 9 FCPATH\index.php(67): CodeIgniter\CodeIgniter->run()
10 SYSTEMPATH\Commands\Server\rewrite.php(46): require_once('FCPATH\\index.php')
CRITICAL - 2023-03-27 10:05:32 --> Undefined variable $kp_id
in APPPATH\Views\admin\transaksi.php on line 58.
 1 APPPATH\Views\admin\transaksi.php(58): CodeIgniter\Debug\Exceptions->errorHandler(2, 'Undefined variable $kp_id', 'APPPATH\\Views\\admin\\transaksi.php', 58)
 2 SYSTEMPATH\View\View.php(213): include('APPPATH\\Views\\admin\\transaksi.php')
 3 SYSTEMPATH\View\View.php(216): CodeIgniter\View\View->CodeIgniter\View\{closure}()
 4 SYSTEMPATH\Common.php(1134): CodeIgniter\View\View->render('admin/transaksi', [], true)
 5 APPPATH\Controllers\AdminControllers.php(2709): view('admin/transaksi', [...])
 6 SYSTEMPATH\CodeIgniter.php(927): App\Controllers\AdminControllers->transaksi()
 7 SYSTEMPATH\CodeIgniter.php(482): CodeIgniter\CodeIgniter->runController(Object(App\Controllers\AdminControllers))
 8 SYSTEMPATH\CodeIgniter.php(351): CodeIgniter\CodeIgniter->handleRequest(null, Object(Config\Cache), false)
 9 FCPATH\index.php(67): CodeIgniter\CodeIgniter->run()
10 SYSTEMPATH\Commands\Server\rewrite.php(46): require_once('FCPATH\\index.php')
CRITICAL - 2023-03-27 10:20:55 --> Undefined variable $p_kp_id
in APPPATH\Views\admin\transaksiedit.php on line 60.
 1 APPPATH\Views\admin\transaksiedit.php(60): CodeIgniter\Debug\Exceptions->errorHandler(2, 'Undefined variable $p_kp_id', 'APPPATH\\Views\\admin\\transaksiedit.php', 60)
 2 SYSTEMPATH\View\View.php(213): include('APPPATH\\Views\\admin\\transaksiedit.php')
 3 SYSTEMPATH\View\View.php(216): CodeIgniter\View\View->CodeIgniter\View\{closure}()
 4 SYSTEMPATH\Common.php(1134): CodeIgniter\View\View->render('admin/transaksiedit', [], true)
 5 APPPATH\Controllers\AdminControllers.php(2891): view('admin/transaksiedit', [...])
 6 SYSTEMPATH\CodeIgniter.php(927): App\Controllers\AdminControllers->edittransaksi('16')
 7 SYSTEMPATH\CodeIgniter.php(482): CodeIgniter\CodeIgniter->runController(Object(App\Controllers\AdminControllers))
 8 SYSTEMPATH\CodeIgniter.php(351): CodeIgniter\CodeIgniter->handleRequest(null, Object(Config\Cache), false)
 9 FCPATH\index.php(67): CodeIgniter\CodeIgniter->run()
10 SYSTEMPATH\Commands\Server\rewrite.php(46): require_once('FCPATH\\index.php')
CRITICAL - 2023-03-27 10:21:39 --> Undefined variable $p_kp_id
in APPPATH\Views\admin\transaksiedit.php on line 60.
 1 APPPATH\Views\admin\transaksiedit.php(60): CodeIgniter\Debug\Exceptions->errorHandler(2, 'Undefined variable $p_kp_id', 'APPPATH\\Views\\admin\\transaksiedit.php', 60)
 2 SYSTEMPATH\View\View.php(213): include('APPPATH\\Views\\admin\\transaksiedit.php')
 3 SYSTEMPATH\View\View.php(216): CodeIgniter\View\View->CodeIgniter\View\{closure}()
 4 SYSTEMPATH\Common.php(1134): CodeIgniter\View\View->render('admin/transaksiedit', [], true)
 5 APPPATH\Controllers\AdminControllers.php(2891): view('admin/transaksiedit', [...])
 6 SYSTEMPATH\CodeIgniter.php(927): App\Controllers\AdminControllers->edittransaksi('16')
 7 SYSTEMPATH\CodeIgniter.php(482): CodeIgniter\CodeIgniter->runController(Object(App\Controllers\AdminControllers))
 8 SYSTEMPATH\CodeIgniter.php(351): CodeIgniter\CodeIgniter->handleRequest(null, Object(Config\Cache), false)
 9 FCPATH\index.php(67): CodeIgniter\CodeIgniter->run()
10 SYSTEMPATH\Commands\Server\rewrite.php(46): require_once('FCPATH\\index.php')
CRITICAL - 2023-03-27 10:21:49 --> Undefined variable $p_kp_id
in APPPATH\Views\admin\transaksiedit.php on line 60.
 1 APPPATH\Views\admin\transaksiedit.php(60): CodeIgniter\Debug\Exceptions->errorHandler(2, 'Undefined variable $p_kp_id', 'APPPATH\\Views\\admin\\transaksiedit.php', 60)
 2 SYSTEMPATH\View\View.php(213): include('APPPATH\\Views\\admin\\transaksiedit.php')
 3 SYSTEMPATH\View\View.php(216): CodeIgniter\View\View->CodeIgniter\View\{closure}()
 4 SYSTEMPATH\Common.php(1134): CodeIgniter\View\View->render('admin/transaksiedit', [], true)
 5 APPPATH\Controllers\AdminControllers.php(2891): view('admin/transaksiedit', [...])
 6 SYSTEMPATH\CodeIgniter.php(927): App\Controllers\AdminControllers->edittransaksi('16')
 7 SYSTEMPATH\CodeIgniter.php(482): CodeIgniter\CodeIgniter->runController(Object(App\Controllers\AdminControllers))
 8 SYSTEMPATH\CodeIgniter.php(351): CodeIgniter\CodeIgniter->handleRequest(null, Object(Config\Cache), false)
 9 FCPATH\index.php(67): CodeIgniter\CodeIgniter->run()
10 SYSTEMPATH\Commands\Server\rewrite.php(46): require_once('FCPATH\\index.php')
CRITICAL - 2023-03-27 10:22:12 --> Undefined variable $p_kp_id
in APPPATH\Views\admin\transaksiedit.php on line 59.
 1 APPPATH\Views\admin\transaksiedit.php(59): CodeIgniter\Debug\Exceptions->errorHandler(2, 'Undefined variable $p_kp_id', 'APPPATH\\Views\\admin\\transaksiedit.php', 59)
 2 SYSTEMPATH\View\View.php(213): include('APPPATH\\Views\\admin\\transaksiedit.php')
 3 SYSTEMPATH\View\View.php(216): CodeIgniter\View\View->CodeIgniter\View\{closure}()
 4 SYSTEMPATH\Common.php(1134): CodeIgniter\View\View->render('admin/transaksiedit', [], true)
 5 APPPATH\Controllers\AdminControllers.php(2891): view('admin/transaksiedit', [...])
 6 SYSTEMPATH\CodeIgniter.php(927): App\Controllers\AdminControllers->edittransaksi('16')
 7 SYSTEMPATH\CodeIgniter.php(482): CodeIgniter\CodeIgniter->runController(Object(App\Controllers\AdminControllers))
 8 SYSTEMPATH\CodeIgniter.php(351): CodeIgniter\CodeIgniter->handleRequest(null, Object(Config\Cache), false)
 9 FCPATH\index.php(67): CodeIgniter\CodeIgniter->run()
10 SYSTEMPATH\Commands\Server\rewrite.php(46): require_once('FCPATH\\index.php')
CRITICAL - 2023-03-27 10:25:08 --> Undefined variable $p_kp_id
in APPPATH\Views\admin\transaksiedit.php on line 58.
 1 APPPATH\Views\admin\transaksiedit.php(58): CodeIgniter\Debug\Exceptions->errorHandler(2, 'Undefined variable $p_kp_id', 'APPPATH\\Views\\admin\\transaksiedit.php', 58)
 2 SYSTEMPATH\View\View.php(213): include('APPPATH\\Views\\admin\\transaksiedit.php')
 3 SYSTEMPATH\View\View.php(216): CodeIgniter\View\View->CodeIgniter\View\{closure}()
 4 SYSTEMPATH\Common.php(1134): CodeIgniter\View\View->render('admin/transaksiedit', [], true)
 5 APPPATH\Controllers\AdminControllers.php(2891): view('admin/transaksiedit', [...])
 6 SYSTEMPATH\CodeIgniter.php(927): App\Controllers\AdminControllers->edittransaksi('16')
 7 SYSTEMPATH\CodeIgniter.php(482): CodeIgniter\CodeIgniter->runController(Object(App\Controllers\AdminControllers))
 8 SYSTEMPATH\CodeIgniter.php(351): CodeIgniter\CodeIgniter->handleRequest(null, Object(Config\Cache), false)
 9 FCPATH\index.php(67): CodeIgniter\CodeIgniter->run()
10 SYSTEMPATH\Commands\Server\rewrite.php(46): require_once('FCPATH\\index.php')
CRITICAL - 2023-03-27 10:25:26 --> Undefined variable $p_kp_id
in APPPATH\Views\admin\transaksiedit.php on line 59.
 1 APPPATH\Views\admin\transaksiedit.php(59): CodeIgniter\Debug\Exceptions->errorHandler(2, 'Undefined variable $p_kp_id', 'APPPATH\\Views\\admin\\transaksiedit.php', 59)
 2 SYSTEMPATH\View\View.php(213): include('APPPATH\\Views\\admin\\transaksiedit.php')
 3 SYSTEMPATH\View\View.php(216): CodeIgniter\View\View->CodeIgniter\View\{closure}()
 4 SYSTEMPATH\Common.php(1134): CodeIgniter\View\View->render('admin/transaksiedit', [], true)
 5 APPPATH\Controllers\AdminControllers.php(2891): view('admin/transaksiedit', [...])
 6 SYSTEMPATH\CodeIgniter.php(927): App\Controllers\AdminControllers->edittransaksi('16')
 7 SYSTEMPATH\CodeIgniter.php(482): CodeIgniter\CodeIgniter->runController(Object(App\Controllers\AdminControllers))
 8 SYSTEMPATH\CodeIgniter.php(351): CodeIgniter\CodeIgniter->handleRequest(null, Object(Config\Cache), false)
 9 FCPATH\index.php(67): CodeIgniter\CodeIgniter->run()
10 SYSTEMPATH\Commands\Server\rewrite.php(46): require_once('FCPATH\\index.php')
CRITICAL - 2023-03-27 10:28:44 --> Undefined array key "p_nama"
in APPPATH\Views\admin\cicilan.php on line 55.
 1 APPPATH\Views\admin\cicilan.php(55): CodeIgniter\Debug\Exceptions->errorHandler(2, 'Undefined array key "p_nama"', 'APPPATH\\Views\\admin\\cicilan.php', 55)
 2 SYSTEMPATH\View\View.php(213): include('APPPATH\\Views\\admin\\cicilan.php')
 3 SYSTEMPATH\View\View.php(216): CodeIgniter\View\View->CodeIgniter\View\{closure}()
 4 SYSTEMPATH\Common.php(1134): CodeIgniter\View\View->render('admin/cicilan', [], true)
 5 APPPATH\Controllers\AdminControllers.php(3037): view('admin/cicilan', [...])
 6 SYSTEMPATH\CodeIgniter.php(927): App\Controllers\AdminControllers->cicilan()
 7 SYSTEMPATH\CodeIgniter.php(482): CodeIgniter\CodeIgniter->runController(Object(App\Controllers\AdminControllers))
 8 SYSTEMPATH\CodeIgniter.php(351): CodeIgniter\CodeIgniter->handleRequest(null, Object(Config\Cache), false)
 9 FCPATH\index.php(67): CodeIgniter\CodeIgniter->run()
10 SYSTEMPATH\Commands\Server\rewrite.php(46): require_once('FCPATH\\index.php')
CRITICAL - 2023-03-27 10:29:19 --> Undefined array key "p_nama"
in APPPATH\Views\admin\cicilan.php on line 55.
 1 APPPATH\Views\admin\cicilan.php(55): CodeIgniter\Debug\Exceptions->errorHandler(2, 'Undefined array key "p_nama"', 'APPPATH\\Views\\admin\\cicilan.php', 55)
 2 SYSTEMPATH\View\View.php(213): include('APPPATH\\Views\\admin\\cicilan.php')
 3 SYSTEMPATH\View\View.php(216): CodeIgniter\View\View->CodeIgniter\View\{closure}()
 4 SYSTEMPATH\Common.php(1134): CodeIgniter\View\View->render('admin/cicilan', [], true)
 5 APPPATH\Controllers\AdminControllers.php(3037): view('admin/cicilan', [...])
 6 SYSTEMPATH\CodeIgniter.php(927): App\Controllers\AdminControllers->cicilan()
 7 SYSTEMPATH\CodeIgniter.php(482): CodeIgniter\CodeIgniter->runController(Object(App\Controllers\AdminControllers))
 8 SYSTEMPATH\CodeIgniter.php(351): CodeIgniter\CodeIgniter->handleRequest(null, Object(Config\Cache), false)
 9 FCPATH\index.php(67): CodeIgniter\CodeIgniter->run()
10 SYSTEMPATH\Commands\Server\rewrite.php(46): require_once('FCPATH\\index.php')
CRITICAL - 2023-03-27 10:29:46 --> Undefined variable $kategoripaket
in APPPATH\Views\admin\cicilan.php on line 55.
 1 APPPATH\Views\admin\cicilan.php(55): CodeIgniter\Debug\Exceptions->errorHandler(2, 'Undefined variable $kategoripaket', 'APPPATH\\Views\\admin\\cicilan.php', 55)
 2 SYSTEMPATH\View\View.php(213): include('APPPATH\\Views\\admin\\cicilan.php')
 3 SYSTEMPATH\View\View.php(216): CodeIgniter\View\View->CodeIgniter\View\{closure}()
 4 SYSTEMPATH\Common.php(1134): CodeIgniter\View\View->render('admin/cicilan', [], true)
 5 APPPATH\Controllers\AdminControllers.php(3037): view('admin/cicilan', [...])
 6 SYSTEMPATH\CodeIgniter.php(927): App\Controllers\AdminControllers->cicilan()
 7 SYSTEMPATH\CodeIgniter.php(482): CodeIgniter\CodeIgniter->runController(Object(App\Controllers\AdminControllers))
 8 SYSTEMPATH\CodeIgniter.php(351): CodeIgniter\CodeIgniter->handleRequest(null, Object(Config\Cache), false)
 9 FCPATH\index.php(67): CodeIgniter\CodeIgniter->run()
10 SYSTEMPATH\Commands\Server\rewrite.php(46): require_once('FCPATH\\index.php')
CRITICAL - 2023-03-27 10:29:48 --> Undefined variable $kategoripaket
in APPPATH\Views\admin\cicilan.php on line 55.
 1 APPPATH\Views\admin\cicilan.php(55): CodeIgniter\Debug\Exceptions->errorHandler(2, 'Undefined variable $kategoripaket', 'APPPATH\\Views\\admin\\cicilan.php', 55)
 2 SYSTEMPATH\View\View.php(213): include('APPPATH\\Views\\admin\\cicilan.php')
 3 SYSTEMPATH\View\View.php(216): CodeIgniter\View\View->CodeIgniter\View\{closure}()
 4 SYSTEMPATH\Common.php(1134): CodeIgniter\View\View->render('admin/cicilan', [], true)
 5 APPPATH\Controllers\AdminControllers.php(3037): view('admin/cicilan', [...])
 6 SYSTEMPATH\CodeIgniter.php(927): App\Controllers\AdminControllers->cicilan()
 7 SYSTEMPATH\CodeIgniter.php(482): CodeIgniter\CodeIgniter->runController(Object(App\Controllers\AdminControllers))
 8 SYSTEMPATH\CodeIgniter.php(351): CodeIgniter\CodeIgniter->handleRequest(null, Object(Config\Cache), false)
 9 FCPATH\index.php(67): CodeIgniter\CodeIgniter->run()
10 SYSTEMPATH\Commands\Server\rewrite.php(46): require_once('FCPATH\\index.php')
CRITICAL - 2023-03-27 10:56:14 --> Undefined array key "p_nama"
in APPPATH\Views\admin\datacicilan.php on line 61.
 1 APPPATH\Views\admin\datacicilan.php(61): CodeIgniter\Debug\Exceptions->errorHandler(2, 'Undefined array key "p_nama"', 'APPPATH\\Views\\admin\\datacicilan.php', 61)
 2 SYSTEMPATH\View\View.php(213): include('APPPATH\\Views\\admin\\datacicilan.php')
 3 SYSTEMPATH\View\View.php(216): CodeIgniter\View\View->CodeIgniter\View\{closure}()
 4 SYSTEMPATH\Common.php(1134): CodeIgniter\View\View->render('admin/datacicilan', [], true)
 5 APPPATH\Controllers\AdminControllers.php(3114): view('admin/datacicilan', [...])
 6 SYSTEMPATH\CodeIgniter.php(927): App\Controllers\AdminControllers->listdatacicilan()
 7 SYSTEMPATH\CodeIgniter.php(482): CodeIgniter\CodeIgniter->runController(Object(App\Controllers\AdminControllers))
 8 SYSTEMPATH\CodeIgniter.php(351): CodeIgniter\CodeIgniter->handleRequest(null, Object(Config\Cache), false)
 9 FCPATH\index.php(67): CodeIgniter\CodeIgniter->run()
10 SYSTEMPATH\Commands\Server\rewrite.php(46): require_once('FCPATH\\index.php')
CRITICAL - 2023-03-27 11:10:19 --> Undefined array key "p_nama"
in APPPATH\Views\admin\cicilanedit.php on line 51.
 1 APPPATH\Views\admin\cicilanedit.php(51): CodeIgniter\Debug\Exceptions->errorHandler(2, 'Undefined array key "p_nama"', 'APPPATH\\Views\\admin\\cicilanedit.php', 51)
 2 SYSTEMPATH\View\View.php(213): include('APPPATH\\Views\\admin\\cicilanedit.php')
 3 SYSTEMPATH\View\View.php(216): CodeIgniter\View\View->CodeIgniter\View\{closure}()
 4 SYSTEMPATH\Common.php(1134): CodeIgniter\View\View->render('admin/cicilanedit', [], true)
 5 APPPATH\Controllers\AdminControllers.php(3183): view('admin/cicilanedit', [...])
 6 SYSTEMPATH\CodeIgniter.php(927): App\Controllers\AdminControllers->editcicilan('12')
 7 SYSTEMPATH\CodeIgniter.php(482): CodeIgniter\CodeIgniter->runController(Object(App\Controllers\AdminControllers))
 8 SYSTEMPATH\CodeIgniter.php(351): CodeIgniter\CodeIgniter->handleRequest(null, Object(Config\Cache), false)
 9 FCPATH\index.php(67): CodeIgniter\CodeIgniter->run()
10 SYSTEMPATH\Commands\Server\rewrite.php(46): require_once('FCPATH\\index.php')
CRITICAL - 2023-03-27 11:11:11 --> Undefined variable $tb_transaksi
in APPPATH\Views\admin\cicilanedit.php on line 57.
 1 APPPATH\Views\admin\cicilanedit.php(57): CodeIgniter\Debug\Exceptions->errorHandler(2, 'Undefined variable $tb_transaksi', 'APPPATH\\Views\\admin\\cicilanedit.php', 57)
 2 SYSTEMPATH\View\View.php(213): include('APPPATH\\Views\\admin\\cicilanedit.php')
 3 SYSTEMPATH\View\View.php(216): CodeIgniter\View\View->CodeIgniter\View\{closure}()
 4 SYSTEMPATH\Common.php(1134): CodeIgniter\View\View->render('admin/cicilanedit', [], true)
 5 APPPATH\Controllers\AdminControllers.php(3183): view('admin/cicilanedit', [...])
 6 SYSTEMPATH\CodeIgniter.php(927): App\Controllers\AdminControllers->editcicilan('12')
 7 SYSTEMPATH\CodeIgniter.php(482): CodeIgniter\CodeIgniter->runController(Object(App\Controllers\AdminControllers))
 8 SYSTEMPATH\CodeIgniter.php(351): CodeIgniter\CodeIgniter->handleRequest(null, Object(Config\Cache), false)
 9 FCPATH\index.php(67): CodeIgniter\CodeIgniter->run()
10 SYSTEMPATH\Commands\Server\rewrite.php(46): require_once('FCPATH\\index.php')
CRITICAL - 2023-03-27 11:12:59 --> The route for "admin/datatransaksi" cannot be found.
in SYSTEMPATH\HTTP\RedirectResponse.php on line 60.
 1 SYSTEMPATH\HTTP\RedirectResponse.php(60): CodeIgniter\HTTP\Exceptions\HTTPException::forInvalidRedirectRoute('admin/datatransaksi')
 2 SYSTEMPATH\Common.php(860): CodeIgniter\HTTP\RedirectResponse->route(false)
 3 APPPATH\Controllers\AdminControllers.php(3181): redirect('admin/datatransaksi')
 4 SYSTEMPATH\CodeIgniter.php(927): App\Controllers\AdminControllers->editcicilan('12')
 5 SYSTEMPATH\CodeIgniter.php(482): CodeIgniter\CodeIgniter->runController(Object(App\Controllers\AdminControllers))
 6 SYSTEMPATH\CodeIgniter.php(351): CodeIgniter\CodeIgniter->handleRequest(null, Object(Config\Cache), false)
 7 FCPATH\index.php(67): CodeIgniter\CodeIgniter->run()
 8 SYSTEMPATH\Commands\Server\rewrite.php(46): require_once('FCPATH\\index.php')
CRITICAL - 2023-03-27 11:13:21 --> The route for "admin/datatransaksi" cannot be found.
in SYSTEMPATH\HTTP\RedirectResponse.php on line 60.
 1 SYSTEMPATH\HTTP\RedirectResponse.php(60): CodeIgniter\HTTP\Exceptions\HTTPException::forInvalidRedirectRoute('admin/datatransaksi')
 2 SYSTEMPATH\Common.php(860): CodeIgniter\HTTP\RedirectResponse->route(false)
 3 APPPATH\Controllers\AdminControllers.php(3181): redirect('admin/datatransaksi')
 4 SYSTEMPATH\CodeIgniter.php(927): App\Controllers\AdminControllers->editcicilan('12')
 5 SYSTEMPATH\CodeIgniter.php(482): CodeIgniter\CodeIgniter->runController(Object(App\Controllers\AdminControllers))
 6 SYSTEMPATH\CodeIgniter.php(351): CodeIgniter\CodeIgniter->handleRequest(null, Object(Config\Cache), false)
 7 FCPATH\index.php(67): CodeIgniter\CodeIgniter->run()
 8 SYSTEMPATH\Commands\Server\rewrite.php(46): require_once('FCPATH\\index.php')
CRITICAL - 2023-03-27 11:34:39 --> str_replace(): Passing null to parameter #3 ($subject) of type array|string is deprecated
in APPPATH\Controllers\AdminControllers.php on line 3167.
 1 [internal function]: CodeIgniter\Debug\Exceptions->errorHandler(8192, 'str_replace(): Passing null to parameter #3 ($subject) of type array|string is deprecated', 'APPPATH\\Controllers\\AdminControllers.php', 3167)
 2 APPPATH\Controllers\AdminControllers.php(3167): str_replace(',', 'ROOTPATH\\public', null)
 3 SYSTEMPATH\CodeIgniter.php(927): App\Controllers\AdminControllers->editcicilan('12')
 4 SYSTEMPATH\CodeIgniter.php(482): CodeIgniter\CodeIgniter->runController(Object(App\Controllers\AdminControllers))
 5 SYSTEMPATH\CodeIgniter.php(351): CodeIgniter\CodeIgniter->handleRequest(null, Object(Config\Cache), false)
 6 FCPATH\index.php(67): CodeIgniter\CodeIgniter->run()
 7 SYSTEMPATH\Commands\Server\rewrite.php(46): require_once('FCPATH\\index.php')
CRITICAL - 2023-03-27 11:35:35 --> str_replace(): Passing null to parameter #3 ($subject) of type array|string is deprecated
in APPPATH\Controllers\AdminControllers.php on line 3167.
 1 [internal function]: CodeIgniter\Debug\Exceptions->errorHandler(8192, 'str_replace(): Passing null to parameter #3 ($subject) of type array|string is deprecated', 'APPPATH\\Controllers\\AdminControllers.php', 3167)
 2 APPPATH\Controllers\AdminControllers.php(3167): str_replace(',', 'ROOTPATH\\public', null)
 3 SYSTEMPATH\CodeIgniter.php(927): App\Controllers\AdminControllers->editcicilan('12')
 4 SYSTEMPATH\CodeIgniter.php(482): CodeIgniter\CodeIgniter->runController(Object(App\Controllers\AdminControllers))
 5 SYSTEMPATH\CodeIgniter.php(351): CodeIgniter\CodeIgniter->handleRequest(null, Object(Config\Cache), false)
 6 FCPATH\index.php(67): CodeIgniter\CodeIgniter->run()
 7 SYSTEMPATH\Commands\Server\rewrite.php(46): require_once('FCPATH\\index.php')
CRITICAL - 2023-03-27 11:42:57 --> str_replace(): Passing null to parameter #3 ($subject) of type array|string is deprecated
in APPPATH\Controllers\AdminControllers.php on line 3167.
 1 [internal function]: CodeIgniter\Debug\Exceptions->errorHandler(8192, 'str_replace(): Passing null to parameter #3 ($subject) of type array|string is deprecated', 'APPPATH\\Controllers\\AdminControllers.php', 3167)
 2 APPPATH\Controllers\AdminControllers.php(3167): str_replace(',', 'ROOTPATH\\public', null)
 3 SYSTEMPATH\CodeIgniter.php(927): App\Controllers\AdminControllers->editcicilan('13')
 4 SYSTEMPATH\CodeIgniter.php(482): CodeIgniter\CodeIgniter->runController(Object(App\Controllers\AdminControllers))
 5 SYSTEMPATH\CodeIgniter.php(351): CodeIgniter\CodeIgniter->handleRequest(null, Object(Config\Cache), false)
 6 FCPATH\index.php(67): CodeIgniter\CodeIgniter->run()
 7 SYSTEMPATH\Commands\Server\rewrite.php(46): require_once('FCPATH\\index.php')
CRITICAL - 2023-03-27 11:50:31 --> str_replace(): Passing null to parameter #3 ($subject) of type array|string is deprecated
in APPPATH\Controllers\AdminControllers.php on line 3167.
 1 [internal function]: CodeIgniter\Debug\Exceptions->errorHandler(8192, 'str_replace(): Passing null to parameter #3 ($subject) of type array|string is deprecated', 'APPPATH\\Controllers\\AdminControllers.php', 3167)
 2 APPPATH\Controllers\AdminControllers.php(3167): str_replace(',', 'ROOTPATH\\public', null)
 3 SYSTEMPATH\CodeIgniter.php(927): App\Controllers\AdminControllers->editcicilan('13')
 4 SYSTEMPATH\CodeIgniter.php(482): CodeIgniter\CodeIgniter->runController(Object(App\Controllers\AdminControllers))
 5 SYSTEMPATH\CodeIgniter.php(351): CodeIgniter\CodeIgniter->handleRequest(null, Object(Config\Cache), false)
 6 FCPATH\index.php(67): CodeIgniter\CodeIgniter->run()
 7 SYSTEMPATH\Commands\Server\rewrite.php(46): require_once('FCPATH\\index.php')
CRITICAL - 2023-03-27 13:08:37 --> Invalid file: admin/databarang.php
in SYSTEMPATH\Exceptions\FrameworkException.php on line 33.
 1 SYSTEMPATH\View\View.php(201): CodeIgniter\Exceptions\FrameworkException::forInvalidFile('admin/databarang.php')
 2 SYSTEMPATH\Common.php(1134): CodeIgniter\View\View->render('admin/databarang', [], true)
 3 APPPATH\Controllers\AdminControllers.php(1316): view('admin/databarang', [...])
 4 SYSTEMPATH\CodeIgniter.php(927): App\Controllers\AdminControllers->listdatabarang()
 5 SYSTEMPATH\CodeIgniter.php(482): CodeIgniter\CodeIgniter->runController(Object(App\Controllers\AdminControllers))
 6 SYSTEMPATH\CodeIgniter.php(351): CodeIgniter\CodeIgniter->handleRequest(null, Object(Config\Cache), false)
 7 FCPATH\index.php(67): CodeIgniter\CodeIgniter->run()
 8 SYSTEMPATH\Commands\Server\rewrite.php(46): require_once('FCPATH\\index.php')
CRITICAL - 2023-03-27 13:10:46 --> Invalid file: admin/databarang.php
in SYSTEMPATH\Exceptions\FrameworkException.php on line 33.
 1 SYSTEMPATH\View\View.php(201): CodeIgniter\Exceptions\FrameworkException::forInvalidFile('admin/databarang.php')
 2 SYSTEMPATH\Common.php(1134): CodeIgniter\View\View->render('admin/databarang', [], true)
 3 APPPATH\Controllers\AdminControllers.php(1316): view('admin/databarang', [...])
 4 SYSTEMPATH\CodeIgniter.php(927): App\Controllers\AdminControllers->listdatabarang()
 5 SYSTEMPATH\CodeIgniter.php(482): CodeIgniter\CodeIgniter->runController(Object(App\Controllers\AdminControllers))
 6 SYSTEMPATH\CodeIgniter.php(351): CodeIgniter\CodeIgniter->handleRequest(null, Object(Config\Cache), false)
 7 FCPATH\index.php(67): CodeIgniter\CodeIgniter->run()
 8 SYSTEMPATH\Commands\Server\rewrite.php(46): require_once('FCPATH\\index.php')
CRITICAL - 2023-03-27 13:17:24 --> Invalid file: admin/RegisterUser/datauser.php
in SYSTEMPATH\Exceptions\FrameworkException.php on line 33.
 1 SYSTEMPATH\View\View.php(201): CodeIgniter\Exceptions\FrameworkException::forInvalidFile('admin/RegisterUser/datauser.php')
 2 SYSTEMPATH\Common.php(1134): CodeIgniter\View\View->render('admin/RegisterUser/datauser', [], true)
 3 APPPATH\Controllers\AdminControllers.php(393): view('admin/RegisterUser/datauser', [...])
 4 SYSTEMPATH\CodeIgniter.php(927): App\Controllers\AdminControllers->listdatauser()
 5 SYSTEMPATH\CodeIgniter.php(482): CodeIgniter\CodeIgniter->runController(Object(App\Controllers\AdminControllers))
 6 SYSTEMPATH\CodeIgniter.php(351): CodeIgniter\CodeIgniter->handleRequest(null, Object(Config\Cache), false)
 7 FCPATH\index.php(67): CodeIgniter\CodeIgniter->run()
 8 SYSTEMPATH\Commands\Server\rewrite.php(46): require_once('FCPATH\\index.php')
CRITICAL - 2023-03-27 13:18:49 --> Invalid file: admin/importexceluser.php
in SYSTEMPATH\Exceptions\FrameworkException.php on line 33.
 1 SYSTEMPATH\View\View.php(201): CodeIgniter\Exceptions\FrameworkException::forInvalidFile('admin/importexceluser.php')
 2 SYSTEMPATH\View\View.php(431): CodeIgniter\View\View->render('admin/importexceluser', null, true)
 3 APPPATH\Views\admin\FormRegister\RegisterUser\registeruser.php(37): CodeIgniter\View\View->include('admin/importexceluser')
 4 SYSTEMPATH\View\View.php(213): include('APPPATH\\Views\\admin\\FormRegister\\RegisterUser\\registeruser.php')
 5 SYSTEMPATH\View\View.php(216): CodeIgniter\View\View->CodeIgniter\View\{closure}()
 6 SYSTEMPATH\Common.php(1134): CodeIgniter\View\View->render('admin/FormRegister/RegisterUser/registeruser', [], true)
 7 APPPATH\Controllers\AdminControllers.php(203): view('admin/FormRegister/RegisterUser/registeruser', [...])
 8 SYSTEMPATH\CodeIgniter.php(927): App\Controllers\AdminControllers->registeruser()
 9 SYSTEMPATH\CodeIgniter.php(482): CodeIgniter\CodeIgniter->runController(Object(App\Controllers\AdminControllers))
10 SYSTEMPATH\CodeIgniter.php(351): CodeIgniter\CodeIgniter->handleRequest(null, Object(Config\Cache), false)
11 FCPATH\index.php(67): CodeIgniter\CodeIgniter->run()
12 SYSTEMPATH\Commands\Server\rewrite.php(46): require_once('FCPATH\\index.php')
CRITICAL - 2023-03-27 13:23:53 --> Invalid file: admin/datasupplier.php
in SYSTEMPATH\Exceptions\FrameworkException.php on line 33.
 1 SYSTEMPATH\View\View.php(201): CodeIgniter\Exceptions\FrameworkException::forInvalidFile('admin/datasupplier.php')
 2 SYSTEMPATH\Common.php(1134): CodeIgniter\View\View->render('admin/datasupplier', [], true)
 3 APPPATH\Controllers\AdminControllers.php(704): view('admin/datasupplier', [...])
 4 SYSTEMPATH\CodeIgniter.php(927): App\Controllers\AdminControllers->listdatasupplier()
 5 SYSTEMPATH\CodeIgniter.php(482): CodeIgniter\CodeIgniter->runController(Object(App\Controllers\AdminControllers))
 6 SYSTEMPATH\CodeIgniter.php(351): CodeIgniter\CodeIgniter->handleRequest(null, Object(Config\Cache), false)
 7 FCPATH\index.php(67): CodeIgniter\CodeIgniter->run()
 8 SYSTEMPATH\Commands\Server\rewrite.php(46): require_once('FCPATH\\index.php')
CRITICAL - 2023-03-27 13:26:46 --> Invalid file: admin/datakategoribarang.php
in SYSTEMPATH\Exceptions\FrameworkException.php on line 33.
 1 SYSTEMPATH\View\View.php(201): CodeIgniter\Exceptions\FrameworkException::forInvalidFile('admin/datakategoribarang.php')
 2 SYSTEMPATH\Common.php(1134): CodeIgniter\View\View->render('admin/datakategoribarang', [], true)
 3 APPPATH\Controllers\AdminControllers.php(919): view('admin/datakategoribarang', [...])
 4 SYSTEMPATH\CodeIgniter.php(927): App\Controllers\AdminControllers->listdatakategoribarang()
 5 SYSTEMPATH\CodeIgniter.php(482): CodeIgniter\CodeIgniter->runController(Object(App\Controllers\AdminControllers))
 6 SYSTEMPATH\CodeIgniter.php(351): CodeIgniter\CodeIgniter->handleRequest(null, Object(Config\Cache), false)
 7 FCPATH\index.php(67): CodeIgniter\CodeIgniter->run()
 8 SYSTEMPATH\Commands\Server\rewrite.php(46): require_once('FCPATH\\index.php')
CRITICAL - 2023-03-27 13:27:27 --> Invalid file: admin/importexcelkategoribarang.php
in SYSTEMPATH\Exceptions\FrameworkException.php on line 33.
 1 SYSTEMPATH\View\View.php(201): CodeIgniter\Exceptions\FrameworkException::forInvalidFile('admin/importexcelkategoribarang.php')
 2 SYSTEMPATH\View\View.php(431): CodeIgniter\View\View->render('admin/importexcelkategoribarang', null, true)
 3 APPPATH\Views\admin\DataBarang\KategoriBarang\kategoribarang.php(37): CodeIgniter\View\View->include('admin/importexcelkategoribarang')
 4 SYSTEMPATH\View\View.php(213): include('APPPATH\\Views\\admin\\DataBarang\\KategoriBarang\\kategoribarang.php')
 5 SYSTEMPATH\View\View.php(216): CodeIgniter\View\View->CodeIgniter\View\{closure}()
 6 SYSTEMPATH\Common.php(1134): CodeIgniter\View\View->render('admin/DataBarang/KategoriBarang/kategoribarang', [], true)
 7 APPPATH\Controllers\AdminControllers.php(872): view('admin/DataBarang/KategoriBarang/kategoribarang', [...])
 8 SYSTEMPATH\CodeIgniter.php(927): App\Controllers\AdminControllers->kategoribarang()
 9 SYSTEMPATH\CodeIgniter.php(482): CodeIgniter\CodeIgniter->runController(Object(App\Controllers\AdminControllers))
10 SYSTEMPATH\CodeIgniter.php(351): CodeIgniter\CodeIgniter->handleRequest(null, Object(Config\Cache), false)
11 FCPATH\index.php(67): CodeIgniter\CodeIgniter->run()
12 SYSTEMPATH\Commands\Server\rewrite.php(46): require_once('FCPATH\\index.php')
CRITICAL - 2023-03-27 13:28:48 --> Invalid file: admin/importexcelkategoribarang.php
in SYSTEMPATH\Exceptions\FrameworkException.php on line 33.
 1 SYSTEMPATH\View\View.php(201): CodeIgniter\Exceptions\FrameworkException::forInvalidFile('admin/importexcelkategoribarang.php')
 2 SYSTEMPATH\View\View.php(431): CodeIgniter\View\View->render('admin/importexcelkategoribarang', null, true)
 3 APPPATH\Views\admin\DataBarang\KategoriBarang\kategoribarang.php(37): CodeIgniter\View\View->include('admin/importexcelkategoribarang')
 4 SYSTEMPATH\View\View.php(213): include('APPPATH\\Views\\admin\\DataBarang\\KategoriBarang\\kategoribarang.php')
 5 SYSTEMPATH\View\View.php(216): CodeIgniter\View\View->CodeIgniter\View\{closure}()
 6 SYSTEMPATH\Common.php(1134): CodeIgniter\View\View->render('admin/DataBarang/KategoriBarang/kategoribarang', [], true)
 7 APPPATH\Controllers\AdminControllers.php(872): view('admin/DataBarang/KategoriBarang/kategoribarang', [...])
 8 SYSTEMPATH\CodeIgniter.php(927): App\Controllers\AdminControllers->kategoribarang()
 9 SYSTEMPATH\CodeIgniter.php(482): CodeIgniter\CodeIgniter->runController(Object(App\Controllers\AdminControllers))
10 SYSTEMPATH\CodeIgniter.php(351): CodeIgniter\CodeIgniter->handleRequest(null, Object(Config\Cache), false)
11 FCPATH\index.php(67): CodeIgniter\CodeIgniter->run()
12 SYSTEMPATH\Commands\Server\rewrite.php(46): require_once('FCPATH\\index.php')
CRITICAL - 2023-03-27 13:30:01 --> Invalid file: admin/importexcelkategoribarang.php
in SYSTEMPATH\Exceptions\FrameworkException.php on line 33.
 1 SYSTEMPATH\View\View.php(201): CodeIgniter\Exceptions\FrameworkException::forInvalidFile('admin/importexcelkategoribarang.php')
 2 SYSTEMPATH\View\View.php(431): CodeIgniter\View\View->render('admin/importexcelkategoribarang', null, true)
 3 APPPATH\Views\admin\DataBarang\KategoriBarang\kategoribarang.php(37): CodeIgniter\View\View->include('admin/importexcelkategoribarang')
 4 SYSTEMPATH\View\View.php(213): include('APPPATH\\Views\\admin\\DataBarang\\KategoriBarang\\kategoribarang.php')
 5 SYSTEMPATH\View\View.php(216): CodeIgniter\View\View->CodeIgniter\View\{closure}()
 6 SYSTEMPATH\Common.php(1134): CodeIgniter\View\View->render('admin/DataBarang/KategoriBarang/kategoribarang', [], true)
 7 APPPATH\Controllers\AdminControllers.php(872): view('admin/DataBarang/KategoriBarang/kategoribarang', [...])
 8 SYSTEMPATH\CodeIgniter.php(927): App\Controllers\AdminControllers->kategoribarang()
 9 SYSTEMPATH\CodeIgniter.php(482): CodeIgniter\CodeIgniter->runController(Object(App\Controllers\AdminControllers))
10 SYSTEMPATH\CodeIgniter.php(351): CodeIgniter\CodeIgniter->handleRequest(null, Object(Config\Cache), false)
11 FCPATH\index.php(67): CodeIgniter\CodeIgniter->run()
12 SYSTEMPATH\Commands\Server\rewrite.php(46): require_once('FCPATH\\index.php')
CRITICAL - 2023-03-27 13:37:55 --> Invalid file: admin/DataBarang/BarangSatuan/databarang.php
in SYSTEMPATH\Exceptions\FrameworkException.php on line 33.
 1 SYSTEMPATH\View\View.php(201): CodeIgniter\Exceptions\FrameworkException::forInvalidFile('admin/DataBarang/BarangSatuan/databarang.php')
 2 SYSTEMPATH\Common.php(1134): CodeIgniter\View\View->render('admin/DataBarang/BarangSatuan/databarang', [], true)
 3 APPPATH\Controllers\AdminControllers.php(1316): view('admin/DataBarang/BarangSatuan/databarang', [...])
 4 SYSTEMPATH\CodeIgniter.php(927): App\Controllers\AdminControllers->listdatabarang()
 5 SYSTEMPATH\CodeIgniter.php(482): CodeIgniter\CodeIgniter->runController(Object(App\Controllers\AdminControllers))
 6 SYSTEMPATH\CodeIgniter.php(351): CodeIgniter\CodeIgniter->handleRequest(null, Object(Config\Cache), false)
 7 FCPATH\index.php(67): CodeIgniter\CodeIgniter->run()
 8 SYSTEMPATH\Commands\Server\rewrite.php(46): require_once('FCPATH\\index.php')
CRITICAL - 2023-03-27 13:39:05 --> Invalid file: admin/importexcelbarang.php
in SYSTEMPATH\Exceptions\FrameworkException.php on line 33.
 1 SYSTEMPATH\View\View.php(201): CodeIgniter\Exceptions\FrameworkException::forInvalidFile('admin/importexcelbarang.php')
 2 SYSTEMPATH\View\View.php(431): CodeIgniter\View\View->render('admin/importexcelbarang', null, true)
 3 APPPATH\Views\admin\DataBarang\SatuanBarang\barang.php(37): CodeIgniter\View\View->include('admin/importexcelbarang')
 4 SYSTEMPATH\View\View.php(213): include('APPPATH\\Views\\admin\\DataBarang\\SatuanBarang\\barang.php')
 5 SYSTEMPATH\View\View.php(216): CodeIgniter\View\View->CodeIgniter\View\{closure}()
 6 SYSTEMPATH\Common.php(1134): CodeIgniter\View\View->render('admin/DataBarang/SatuanBarang/barang', [], true)
 7 APPPATH\Controllers\AdminControllers.php(1265): view('admin/DataBarang/SatuanBarang/barang', [...])
 8 SYSTEMPATH\CodeIgniter.php(927): App\Controllers\AdminControllers->barang()
 9 SYSTEMPATH\CodeIgniter.php(482): CodeIgniter\CodeIgniter->runController(Object(App\Controllers\AdminControllers))
10 SYSTEMPATH\CodeIgniter.php(351): CodeIgniter\CodeIgniter->handleRequest(null, Object(Config\Cache), false)
11 FCPATH\index.php(67): CodeIgniter\CodeIgniter->run()
12 SYSTEMPATH\Commands\Server\rewrite.php(46): require_once('FCPATH\\index.php')
CRITICAL - 2023-03-27 13:40:08 --> Invalid file: admin/importexcelbarangsupplier.php
in SYSTEMPATH\Exceptions\FrameworkException.php on line 33.
 1 SYSTEMPATH\View\View.php(201): CodeIgniter\Exceptions\FrameworkException::forInvalidFile('admin/importexcelbarangsupplier.php')
 2 SYSTEMPATH\View\View.php(431): CodeIgniter\View\View->render('admin/importexcelbarangsupplier', null, true)
 3 APPPATH\Views\admin\DataBarang\BarangSupplier\barangsupplier.php(37): CodeIgniter\View\View->include('admin/importexcelbarangsupplier')
 4 SYSTEMPATH\View\View.php(213): include('APPPATH\\Views\\admin\\DataBarang\\BarangSupplier\\barangsupplier.php')
 5 SYSTEMPATH\View\View.php(216): CodeIgniter\View\View->CodeIgniter\View\{closure}()
 6 SYSTEMPATH\Common.php(1134): CodeIgniter\View\View->render('admin/DataBarang/BarangSupplier/barangsupplier', [], true)
 7 APPPATH\Controllers\AdminControllers.php(1493): view('admin/DataBarang/BarangSupplier/barangsupplier', [...])
 8 SYSTEMPATH\CodeIgniter.php(927): App\Controllers\AdminControllers->barangsupplier()
 9 SYSTEMPATH\CodeIgniter.php(482): CodeIgniter\CodeIgniter->runController(Object(App\Controllers\AdminControllers))
10 SYSTEMPATH\CodeIgniter.php(351): CodeIgniter\CodeIgniter->handleRequest(null, Object(Config\Cache), false)
11 FCPATH\index.php(67): CodeIgniter\CodeIgniter->run()
12 SYSTEMPATH\Commands\Server\rewrite.php(46): require_once('FCPATH\\index.php')
CRITICAL - 2023-03-27 13:43:49 --> Invalid file: admin/DataBarang/PaketBarang/importexcelbarangsupplier.php
in SYSTEMPATH\Exceptions\FrameworkException.php on line 33.
 1 SYSTEMPATH\View\View.php(201): CodeIgniter\Exceptions\FrameworkException::forInvalidFile('admin/DataBarang/PaketBarang/importexcelbarangsupplier.php')
 2 SYSTEMPATH\View\View.php(431): CodeIgniter\View\View->render('admin/DataBarang/PaketBarang/importexcelbarangsupplier', null, true)
 3 APPPATH\Views\admin\DataBarang\PaketBarang\paketbarang.php(37): CodeIgniter\View\View->include('admin/DataBarang/PaketBarang/importexcelbarangsupplier')
 4 SYSTEMPATH\View\View.php(213): include('APPPATH\\Views\\admin\\DataBarang\\PaketBarang\\paketbarang.php')
 5 SYSTEMPATH\View\View.php(216): CodeIgniter\View\View->CodeIgniter\View\{closure}()
 6 SYSTEMPATH\Common.php(1134): CodeIgniter\View\View->render('admin/DataBarang/PaketBarang/paketbarang', [], true)
 7 APPPATH\Controllers\AdminControllers.php(2160): view('admin/DataBarang/PaketBarang/paketbarang', [...])
 8 SYSTEMPATH\CodeIgniter.php(927): App\Controllers\AdminControllers->paketbarang()
 9 SYSTEMPATH\CodeIgniter.php(482): CodeIgniter\CodeIgniter->runController(Object(App\Controllers\AdminControllers))
10 SYSTEMPATH\CodeIgniter.php(351): CodeIgniter\CodeIgniter->handleRequest(null, Object(Config\Cache), false)
11 FCPATH\index.php(67): CodeIgniter\CodeIgniter->run()
12 SYSTEMPATH\Commands\Server\rewrite.php(46): require_once('FCPATH\\index.php')
CRITICAL - 2023-03-27 13:44:04 --> Invalid file: admin/DataBarang/PaketBarang/importexcelbarangsupplier.php
in SYSTEMPATH\Exceptions\FrameworkException.php on line 33.
 1 SYSTEMPATH\View\View.php(201): CodeIgniter\Exceptions\FrameworkException::forInvalidFile('admin/DataBarang/PaketBarang/importexcelbarangsupplier.php')
 2 SYSTEMPATH\View\View.php(431): CodeIgniter\View\View->render('admin/DataBarang/PaketBarang/importexcelbarangsupplier', null, true)
 3 APPPATH\Views\admin\DataBarang\PaketBarang\paketbarang.php(37): CodeIgniter\View\View->include('admin/DataBarang/PaketBarang/importexcelbarangsupplier')
 4 SYSTEMPATH\View\View.php(213): include('APPPATH\\Views\\admin\\DataBarang\\PaketBarang\\paketbarang.php')
 5 SYSTEMPATH\View\View.php(216): CodeIgniter\View\View->CodeIgniter\View\{closure}()
 6 SYSTEMPATH\Common.php(1134): CodeIgniter\View\View->render('admin/DataBarang/PaketBarang/paketbarang', [], true)
 7 APPPATH\Controllers\AdminControllers.php(2160): view('admin/DataBarang/PaketBarang/paketbarang', [...])
 8 SYSTEMPATH\CodeIgniter.php(927): App\Controllers\AdminControllers->paketbarang()
 9 SYSTEMPATH\CodeIgniter.php(482): CodeIgniter\CodeIgniter->runController(Object(App\Controllers\AdminControllers))
10 SYSTEMPATH\CodeIgniter.php(351): CodeIgniter\CodeIgniter->handleRequest(null, Object(Config\Cache), false)
11 FCPATH\index.php(67): CodeIgniter\CodeIgniter->run()
12 SYSTEMPATH\Commands\Server\rewrite.php(46): require_once('FCPATH\\index.php')
CRITICAL - 2023-03-27 13:45:05 --> Invalid file: admin/importexcelpackingbarang.php
in SYSTEMPATH\Exceptions\FrameworkException.php on line 33.
 1 SYSTEMPATH\View\View.php(201): CodeIgniter\Exceptions\FrameworkException::forInvalidFile('admin/importexcelpackingbarang.php')
 2 SYSTEMPATH\View\View.php(431): CodeIgniter\View\View->render('admin/importexcelpackingbarang', null, true)
 3 APPPATH\Views\admin\DataBarang\PackagingBarang\packingbarang.php(37): CodeIgniter\View\View->include('admin/importexcelpackingbarang')
 4 SYSTEMPATH\View\View.php(213): include('APPPATH\\Views\\admin\\DataBarang\\PackagingBarang\\packingbarang.php')
 5 SYSTEMPATH\View\View.php(216): CodeIgniter\View\View->CodeIgniter\View\{closure}()
 6 SYSTEMPATH\Common.php(1134): CodeIgniter\View\View->render('admin/DataBarang/PackagingBarang/packingbarang', [], true)
 7 APPPATH\Controllers\AdminControllers.php(1838): view('admin/DataBarang/PackagingBarang/packingbarang', [...])
 8 SYSTEMPATH\CodeIgniter.php(927): App\Controllers\AdminControllers->packingbarang()
 9 SYSTEMPATH\CodeIgniter.php(482): CodeIgniter\CodeIgniter->runController(Object(App\Controllers\AdminControllers))
10 SYSTEMPATH\CodeIgniter.php(351): CodeIgniter\CodeIgniter->handleRequest(null, Object(Config\Cache), false)
11 FCPATH\index.php(67): CodeIgniter\CodeIgniter->run()
12 SYSTEMPATH\Commands\Server\rewrite.php(46): require_once('FCPATH\\index.php')
CRITICAL - 2023-03-27 13:45:57 --> Invalid file: admin/dataperiodepembayaran.php
in SYSTEMPATH\Exceptions\FrameworkException.php on line 33.
 1 SYSTEMPATH\View\View.php(201): CodeIgniter\Exceptions\FrameworkException::forInvalidFile('admin/dataperiodepembayaran.php')
 2 SYSTEMPATH\Common.php(1134): CodeIgniter\View\View->render('admin/dataperiodepembayaran', [], true)
 3 APPPATH\Controllers\AdminControllers.php(2552): view('admin/dataperiodepembayaran', [...])
 4 SYSTEMPATH\CodeIgniter.php(927): App\Controllers\AdminControllers->listdataperiodepembayaran()
 5 SYSTEMPATH\CodeIgniter.php(482): CodeIgniter\CodeIgniter->runController(Object(App\Controllers\AdminControllers))
 6 SYSTEMPATH\CodeIgniter.php(351): CodeIgniter\CodeIgniter->handleRequest(null, Object(Config\Cache), false)
 7 FCPATH\index.php(67): CodeIgniter\CodeIgniter->run()
 8 SYSTEMPATH\Commands\Server\rewrite.php(46): require_once('FCPATH\\index.php')
CRITICAL - 2023-03-27 13:49:33 --> Invalid file: admin/datacicilan.php
in SYSTEMPATH\Exceptions\FrameworkException.php on line 33.
 1 SYSTEMPATH\View\View.php(201): CodeIgniter\Exceptions\FrameworkException::forInvalidFile('admin/datacicilan.php')
 2 SYSTEMPATH\Common.php(1134): CodeIgniter\View\View->render('admin/datacicilan', [], true)
 3 APPPATH\Controllers\AdminControllers.php(3114): view('admin/datacicilan', [...])
 4 SYSTEMPATH\CodeIgniter.php(927): App\Controllers\AdminControllers->listdatacicilan()
 5 SYSTEMPATH\CodeIgniter.php(482): CodeIgniter\CodeIgniter->runController(Object(App\Controllers\AdminControllers))
 6 SYSTEMPATH\CodeIgniter.php(351): CodeIgniter\CodeIgniter->handleRequest(null, Object(Config\Cache), false)
 7 FCPATH\index.php(67): CodeIgniter\CodeIgniter->run()
 8 SYSTEMPATH\Commands\Server\rewrite.php(46): require_once('FCPATH\\index.php')
CRITICAL - 2023-03-27 13:52:57 --> Invalid file: admin/datalogcicilan.php
in SYSTEMPATH\Exceptions\FrameworkException.php on line 33.
 1 SYSTEMPATH\View\View.php(201): CodeIgniter\Exceptions\FrameworkException::forInvalidFile('admin/datalogcicilan.php')
 2 SYSTEMPATH\Common.php(1134): CodeIgniter\View\View->render('admin/datalogcicilan', [], true)
 3 APPPATH\Controllers\AdminControllers.php(3444): view('admin/datalogcicilan', [...])
 4 SYSTEMPATH\CodeIgniter.php(927): App\Controllers\AdminControllers->listdatalogcicilan()
 5 SYSTEMPATH\CodeIgniter.php(482): CodeIgniter\CodeIgniter->runController(Object(App\Controllers\AdminControllers))
 6 SYSTEMPATH\CodeIgniter.php(351): CodeIgniter\CodeIgniter->handleRequest(null, Object(Config\Cache), false)
 7 FCPATH\index.php(67): CodeIgniter\CodeIgniter->run()
 8 SYSTEMPATH\Commands\Server\rewrite.php(46): require_once('FCPATH\\index.php')
ERROR - 2023-03-27 21:35:22 --> Error connecting to the database: mysqli_sql_exception: Unknown database 'arisya' in C:\xampp\htdocs\ProjectPaketFinally\system\Database\MySQLi\Connection.php:171
Stack trace:
#0 C:\xampp\htdocs\ProjectPaketFinally\system\Database\MySQLi\Connection.php(171): mysqli->real_connect('localhost', 'root', '', 'arisya', 3306, '', 0)
#1 C:\xampp\htdocs\ProjectPaketFinally\system\Database\BaseConnection.php(382): CodeIgniter\Database\MySQLi\Connection->connect(false)
#2 C:\xampp\htdocs\ProjectPaketFinally\system\Database\BaseConnection.php(561): CodeIgniter\Database\BaseConnection->initialize()
#3 C:\xampp\htdocs\ProjectPaketFinally\system\Database\BaseBuilder.php(1669): CodeIgniter\Database\BaseConnection->query('SELECT COUNT(*)...', Array, false)
#4 C:\xampp\htdocs\ProjectPaketFinally\app\Helpers\login_helper.php(10): CodeIgniter\Database\BaseBuilder->countAllResults()
#5 C:\xampp\htdocs\ProjectPaketFinally\app\Views\admin\dashboard.php(28): countdata('tb_user')
#6 C:\xampp\htdocs\ProjectPaketFinally\system\View\View.php(213): include('C:\\xampp\\htdocs...')
#7 C:\xampp\htdocs\ProjectPaketFinally\system\View\View.php(216): CodeIgniter\View\View->CodeIgniter\View\{closure}()
#8 C:\xampp\htdocs\ProjectPaketFinally\system\Common.php(1134): CodeIgniter\View\View->render('admin/dashboard', Array, true)
#9 C:\xampp\htdocs\ProjectPaketFinally\app\Controllers\AdminControllers.php(174): view('admin/dashboard', Array)
#10 C:\xampp\htdocs\ProjectPaketFinally\system\CodeIgniter.php(927): App\Controllers\AdminControllers->index()
#11 C:\xampp\htdocs\ProjectPaketFinally\system\CodeIgniter.php(482): CodeIgniter\CodeIgniter->runController(Object(App\Controllers\AdminControllers))
#12 C:\xampp\htdocs\ProjectPaketFinally\system\CodeIgniter.php(351): CodeIgniter\CodeIgniter->handleRequest(NULL, Object(Config\Cache), false)
#13 C:\xampp\htdocs\ProjectPaketFinally\public\index.php(67): CodeIgniter\CodeIgniter->run()
#14 C:\xampp\htdocs\ProjectPaketFinally\system\Commands\Server\rewrite.php(46): require_once('C:\\xampp\\htdocs...')
#15 {main}

Next CodeIgniter\Database\Exceptions\DatabaseException: Unknown database 'arisya' in C:\xampp\htdocs\ProjectPaketFinally\system\Database\MySQLi\Connection.php:215
Stack trace:
#0 C:\xampp\htdocs\ProjectPaketFinally\system\Database\BaseConnection.php(382): CodeIgniter\Database\MySQLi\Connection->connect(false)
#1 C:\xampp\htdocs\ProjectPaketFinally\system\Database\BaseConnection.php(561): CodeIgniter\Database\BaseConnection->initialize()
#2 C:\xampp\htdocs\ProjectPaketFinally\system\Database\BaseBuilder.php(1669): CodeIgniter\Database\BaseConnection->query('SELECT COUNT(*)...', Array, false)
#3 C:\xampp\htdocs\ProjectPaketFinally\app\Helpers\login_helper.php(10): CodeIgniter\Database\BaseBuilder->countAllResults()
#4 C:\xampp\htdocs\ProjectPaketFinally\app\Views\admin\dashboard.php(28): countdata('tb_user')
#5 C:\xampp\htdocs\ProjectPaketFinally\system\View\View.php(213): include('C:\\xampp\\htdocs...')
#6 C:\xampp\htdocs\ProjectPaketFinally\system\View\View.php(216): CodeIgniter\View\View->CodeIgniter\View\{closure}()
#7 C:\xampp\htdocs\ProjectPaketFinally\system\Common.php(1134): CodeIgniter\View\View->render('admin/dashboard', Array, true)
#8 C:\xampp\htdocs\ProjectPaketFinally\app\Controllers\AdminControllers.php(174): view('admin/dashboard', Array)
#9 C:\xampp\htdocs\ProjectPaketFinally\system\CodeIgniter.php(927): App\Controllers\AdminControllers->index()
#10 C:\xampp\htdocs\ProjectPaketFinally\system\CodeIgniter.php(482): CodeIgniter\CodeIgniter->runController(Object(App\Controllers\AdminControllers))
#11 C:\xampp\htdocs\ProjectPaketFinally\system\CodeIgniter.php(351): CodeIgniter\CodeIgniter->handleRequest(NULL, Object(Config\Cache), false)
#12 C:\xampp\htdocs\ProjectPaketFinally\public\index.php(67): CodeIgniter\CodeIgniter->run()
#13 C:\xampp\htdocs\ProjectPaketFinally\system\Commands\Server\rewrite.php(46): require_once('C:\\xampp\\htdocs...')
#14 {main}
CRITICAL - 2023-03-27 21:35:22 --> Unable to connect to the database.
Main connection [MySQLi]: Unknown database 'arisya'
in SYSTEMPATH\Database\BaseConnection.php on line 418.
 1 SYSTEMPATH\Database\BaseConnection.php(561): CodeIgniter\Database\BaseConnection->initialize()
 2 SYSTEMPATH\Database\BaseBuilder.php(1669): CodeIgniter\Database\BaseConnection->query('SELECT COUNT(*) AS `numrows`
FROM `tb_user`', [], false)
 3 APPPATH\Helpers\login_helper.php(10): CodeIgniter\Database\BaseBuilder->countAllResults()
 4 APPPATH\Views\admin\dashboard.php(28): countdata('tb_user')
 5 SYSTEMPATH\View\View.php(213): include('APPPATH\\Views\\admin\\dashboard.php')
 6 SYSTEMPATH\View\View.php(216): CodeIgniter\View\View->CodeIgniter\View\{closure}()
 7 SYSTEMPATH\Common.php(1134): CodeIgniter\View\View->render('admin/dashboard', [], true)
 8 APPPATH\Controllers\AdminControllers.php(174): view('admin/dashboard', [...])
 9 SYSTEMPATH\CodeIgniter.php(927): App\Controllers\AdminControllers->index()
10 SYSTEMPATH\CodeIgniter.php(482): CodeIgniter\CodeIgniter->runController(Object(App\Controllers\AdminControllers))
11 SYSTEMPATH\CodeIgniter.php(351): CodeIgniter\CodeIgniter->handleRequest(null, Object(Config\Cache), false)
12 FCPATH\index.php(67): CodeIgniter\CodeIgniter->run()
13 SYSTEMPATH\Commands\Server\rewrite.php(46): require_once('FCPATH\\index.php')
CRITICAL - 2023-03-27 21:40:10 --> Invalid file: admin/DataBarang/PaketBarang/datapaketbarang.php
in SYSTEMPATH\Exceptions\FrameworkException.php on line 33.
 1 SYSTEMPATH\View\View.php(201): CodeIgniter\Exceptions\FrameworkException::forInvalidFile('admin/DataBarang/PaketBarang/datapaketbarang.php')
 2 SYSTEMPATH\Common.php(1134): CodeIgniter\View\View->render('admin/DataBarang/PaketBarang/datapaketbarang', [], true)
 3 APPPATH\Controllers\AdminControllers.php(1384): view('admin/DataBarang/PaketBarang/datapaketbarang', [...])
 4 SYSTEMPATH\CodeIgniter.php(927): App\Controllers\AdminControllers->listdatapaketbarang()
 5 SYSTEMPATH\CodeIgniter.php(482): CodeIgniter\CodeIgniter->runController(Object(App\Controllers\AdminControllers))
 6 SYSTEMPATH\CodeIgniter.php(351): CodeIgniter\CodeIgniter->handleRequest(null, Object(Config\Cache), false)
 7 FCPATH\index.php(67): CodeIgniter\CodeIgniter->run()
 8 SYSTEMPATH\Commands\Server\rewrite.php(46): require_once('FCPATH\\index.php')
CRITICAL - 2023-03-27 21:44:08 --> Invalid file: admin/DataBarang/PaketBarang/datapaketbarang.php
in SYSTEMPATH\Exceptions\FrameworkException.php on line 33.
 1 SYSTEMPATH\View\View.php(201): CodeIgniter\Exceptions\FrameworkException::forInvalidFile('admin/DataBarang/PaketBarang/datapaketbarang.php')
 2 SYSTEMPATH\Common.php(1134): CodeIgniter\View\View->render('admin/DataBarang/PaketBarang/datapaketbarang', [], true)
 3 APPPATH\Controllers\AdminControllers.php(1384): view('admin/DataBarang/PaketBarang/datapaketbarang', [...])
 4 SYSTEMPATH\CodeIgniter.php(927): App\Controllers\AdminControllers->listdatapaketbarang()
 5 SYSTEMPATH\CodeIgniter.php(482): CodeIgniter\CodeIgniter->runController(Object(App\Controllers\AdminControllers))
 6 SYSTEMPATH\CodeIgniter.php(351): CodeIgniter\CodeIgniter->handleRequest(null, Object(Config\Cache), false)
 7 FCPATH\index.php(67): CodeIgniter\CodeIgniter->run()
 8 SYSTEMPATH\Commands\Server\rewrite.php(46): require_once('FCPATH\\index.php')
CRITICAL - 2023-03-27 21:46:31 --> Invalid file: admin/DataBarang/PaketBarang/datapaketbarang.php
in SYSTEMPATH\Exceptions\FrameworkException.php on line 33.
 1 SYSTEMPATH\View\View.php(201): CodeIgniter\Exceptions\FrameworkException::forInvalidFile('admin/DataBarang/PaketBarang/datapaketbarang.php')
 2 SYSTEMPATH\Common.php(1134): CodeIgniter\View\View->render('admin/DataBarang/PaketBarang/datapaketbarang', [], true)
 3 APPPATH\Controllers\AdminControllers.php(1384): view('admin/DataBarang/PaketBarang/datapaketbarang', [...])
 4 SYSTEMPATH\CodeIgniter.php(927): App\Controllers\AdminControllers->listdatapaketbarang()
 5 SYSTEMPATH\CodeIgniter.php(482): CodeIgniter\CodeIgniter->runController(Object(App\Controllers\AdminControllers))
 6 SYSTEMPATH\CodeIgniter.php(351): CodeIgniter\CodeIgniter->handleRequest(null, Object(Config\Cache), false)
 7 FCPATH\index.php(67): CodeIgniter\CodeIgniter->run()
 8 SYSTEMPATH\Commands\Server\rewrite.php(46): require_once('FCPATH\\index.php')
CRITICAL - 2023-03-27 21:46:43 --> Invalid file: admin/DataBarang/PaketBarang/datapaketbarang.php
in SYSTEMPATH\Exceptions\FrameworkException.php on line 33.
 1 SYSTEMPATH\View\View.php(201): CodeIgniter\Exceptions\FrameworkException::forInvalidFile('admin/DataBarang/PaketBarang/datapaketbarang.php')
 2 SYSTEMPATH\Common.php(1134): CodeIgniter\View\View->render('admin/DataBarang/PaketBarang/datapaketbarang', [], true)
 3 APPPATH\Controllers\AdminControllers.php(1384): view('admin/DataBarang/PaketBarang/datapaketbarang', [...])
 4 SYSTEMPATH\CodeIgniter.php(927): App\Controllers\AdminControllers->listdatapaketbarang()
 5 SYSTEMPATH\CodeIgniter.php(482): CodeIgniter\CodeIgniter->runController(Object(App\Controllers\AdminControllers))
 6 SYSTEMPATH\CodeIgniter.php(351): CodeIgniter\CodeIgniter->handleRequest(null, Object(Config\Cache), false)
 7 FCPATH\index.php(67): CodeIgniter\CodeIgniter->run()
 8 SYSTEMPATH\Commands\Server\rewrite.php(46): require_once('FCPATH\\index.php')
CRITICAL - 2023-03-27 22:17:54 --> Invalid file: admin/DataBarang/BarangSupplier/databarangsupplier.php
in SYSTEMPATH\Exceptions\FrameworkException.php on line 33.
 1 SYSTEMPATH\View\View.php(201): CodeIgniter\Exceptions\FrameworkException::forInvalidFile('admin/DataBarang/BarangSupplier/databarangsupplier.php')
 2 SYSTEMPATH\Common.php(1134): CodeIgniter\View\View->render('admin/DataBarang/BarangSupplier/databarangsupplier', [], true)
 3 APPPATH\Controllers\AdminControllers.php(719): view('admin/DataBarang/BarangSupplier/databarangsupplier', [...])
 4 SYSTEMPATH\CodeIgniter.php(927): App\Controllers\AdminControllers->listdataitembarang()
 5 SYSTEMPATH\CodeIgniter.php(482): CodeIgniter\CodeIgniter->runController(Object(App\Controllers\AdminControllers))
 6 SYSTEMPATH\CodeIgniter.php(351): CodeIgniter\CodeIgniter->handleRequest(null, Object(Config\Cache), false)
 7 FCPATH\index.php(67): CodeIgniter\CodeIgniter->run()
 8 SYSTEMPATH\Commands\Server\rewrite.php(46): require_once('FCPATH\\index.php')
CRITICAL - 2023-03-27 22:18:01 --> Invalid file: admin/DataBarang/BarangSupplier/databarangsupplier.php
in SYSTEMPATH\Exceptions\FrameworkException.php on line 33.
 1 SYSTEMPATH\View\View.php(201): CodeIgniter\Exceptions\FrameworkException::forInvalidFile('admin/DataBarang/BarangSupplier/databarangsupplier.php')
 2 SYSTEMPATH\Common.php(1134): CodeIgniter\View\View->render('admin/DataBarang/BarangSupplier/databarangsupplier', [], true)
 3 APPPATH\Controllers\AdminControllers.php(719): view('admin/DataBarang/BarangSupplier/databarangsupplier', [...])
 4 SYSTEMPATH\CodeIgniter.php(927): App\Controllers\AdminControllers->listdataitembarang()
 5 SYSTEMPATH\CodeIgniter.php(482): CodeIgniter\CodeIgniter->runController(Object(App\Controllers\AdminControllers))
 6 SYSTEMPATH\CodeIgniter.php(351): CodeIgniter\CodeIgniter->handleRequest(null, Object(Config\Cache), false)
 7 FCPATH\index.php(67): CodeIgniter\CodeIgniter->run()
 8 SYSTEMPATH\Commands\Server\rewrite.php(46): require_once('FCPATH\\index.php')
CRITICAL - 2023-03-27 22:19:17 --> Invalid file: admin/DataBarang/BarangSupplier/databarangsupplier.php
in SYSTEMPATH\Exceptions\FrameworkException.php on line 33.
 1 SYSTEMPATH\View\View.php(201): CodeIgniter\Exceptions\FrameworkException::forInvalidFile('admin/DataBarang/BarangSupplier/databarangsupplier.php')
 2 SYSTEMPATH\Common.php(1134): CodeIgniter\View\View->render('admin/DataBarang/BarangSupplier/databarangsupplier', [], true)
 3 APPPATH\Controllers\AdminControllers.php(719): view('admin/DataBarang/BarangSupplier/databarangsupplier', [...])
 4 SYSTEMPATH\CodeIgniter.php(927): App\Controllers\AdminControllers->listdataitembarang()
 5 SYSTEMPATH\CodeIgniter.php(482): CodeIgniter\CodeIgniter->runController(Object(App\Controllers\AdminControllers))
 6 SYSTEMPATH\CodeIgniter.php(351): CodeIgniter\CodeIgniter->handleRequest(null, Object(Config\Cache), false)
 7 FCPATH\index.php(67): CodeIgniter\CodeIgniter->run()
 8 SYSTEMPATH\Commands\Server\rewrite.php(46): require_once('FCPATH\\index.php')
CRITICAL - 2023-03-27 22:26:49 --> Invalid file: admin/DatabaseBarang/DataItemBarang/databarangsupplier.php
in SYSTEMPATH\Exceptions\FrameworkException.php on line 33.
 1 SYSTEMPATH\View\View.php(201): CodeIgniter\Exceptions\FrameworkException::forInvalidFile('admin/DatabaseBarang/DataItemBarang/databarangsupplier.php')
 2 SYSTEMPATH\Common.php(1134): CodeIgniter\View\View->render('admin/DatabaseBarang/DataItemBarang/databarangsupplier', [], true)
 3 APPPATH\Controllers\AdminControllers.php(719): view('admin/DatabaseBarang/DataItemBarang/databarangsupplier', [...])
 4 SYSTEMPATH\CodeIgniter.php(927): App\Controllers\AdminControllers->listdataitembarang()
 5 SYSTEMPATH\CodeIgniter.php(482): CodeIgniter\CodeIgniter->runController(Object(App\Controllers\AdminControllers))
 6 SYSTEMPATH\CodeIgniter.php(351): CodeIgniter\CodeIgniter->handleRequest(null, Object(Config\Cache), false)
 7 FCPATH\index.php(67): CodeIgniter\CodeIgniter->run()
 8 SYSTEMPATH\Commands\Server\rewrite.php(46): require_once('FCPATH\\index.php')
