CRITICAL - 2023-03-31 16:27:41 --> Undefined variable $hargajual
in APPPATH\Controllers\AdminControllers.php on line 1999.
 1 APPPATH\Controllers\AdminControllers.php(1999): CodeIgniter\Debug\Exceptions->errorHandler(2, 'Undefined variable $hargajual', 'APPPATH\\Controllers\\AdminControllers.php', 1999)
 2 SYSTEMPATH\CodeIgniter.php(927): App\Controllers\AdminControllers->edittransaksi('21')
 3 SYSTEMPATH\CodeIgniter.php(482): CodeIgniter\CodeIgniter->runController(Object(App\Controllers\AdminControllers))
 4 SYSTEMPATH\CodeIgniter.php(351): CodeIgniter\CodeIgniter->handleRequest(null, Object(Config\Cache), false)
 5 FCPATH\index.php(67): CodeIgniter\CodeIgniter->run()
 6 SYSTEMPATH\Commands\Server\rewrite.php(46): require_once('FCPATH\\index.php')
CRITICAL - 2023-03-31 16:28:58 --> Undefined variable $hargajual
in APPPATH\Controllers\AdminControllers.php on line 2004.
 1 APPPATH\Controllers\AdminControllers.php(2004): CodeIgniter\Debug\Exceptions->errorHandler(2, 'Undefined variable $hargajual', 'APPPATH\\Controllers\\AdminControllers.php', 2004)
 2 SYSTEMPATH\CodeIgniter.php(927): App\Controllers\AdminControllers->edittransaksi('21')
 3 SYSTEMPATH\CodeIgniter.php(482): CodeIgniter\CodeIgniter->runController(Object(App\Controllers\AdminControllers))
 4 SYSTEMPATH\CodeIgniter.php(351): CodeIgniter\CodeIgniter->handleRequest(null, Object(Config\Cache), false)
 5 FCPATH\index.php(67): CodeIgniter\CodeIgniter->run()
 6 SYSTEMPATH\Commands\Server\rewrite.php(46): require_once('FCPATH\\index.php')
CRITICAL - 2023-03-31 16:30:08 --> Undefined variable $hargajual
in APPPATH\Controllers\AdminControllers.php on line 1984.
 1 APPPATH\Controllers\AdminControllers.php(1984): CodeIgniter\Debug\Exceptions->errorHandler(2, 'Undefined variable $hargajual', 'APPPATH\\Controllers\\AdminControllers.php', 1984)
 2 SYSTEMPATH\CodeIgniter.php(927): App\Controllers\AdminControllers->edittransaksi('21')
 3 SYSTEMPATH\CodeIgniter.php(482): CodeIgniter\CodeIgniter->runController(Object(App\Controllers\AdminControllers))
 4 SYSTEMPATH\CodeIgniter.php(351): CodeIgniter\CodeIgniter->handleRequest(null, Object(Config\Cache), false)
 5 FCPATH\index.php(67): CodeIgniter\CodeIgniter->run()
 6 SYSTEMPATH\Commands\Server\rewrite.php(46): require_once('FCPATH\\index.php')
CRITICAL - 2023-03-31 16:31:12 --> There is no data to update.
in SYSTEMPATH\BaseModel.php on line 1598.
 1 SYSTEMPATH\BaseModel.php(1598): CodeIgniter\Database\Exceptions\DataException::forEmptyDataset('update')
 2 SYSTEMPATH\BaseModel.php(853): CodeIgniter\BaseModel->transformDataToArray(null, 'update')
 3 SYSTEMPATH\Model.php(693): CodeIgniter\BaseModel->update([...], null)
 4 APPPATH\Controllers\AdminControllers.php(1990): CodeIgniter\Model->update([...])
 5 SYSTEMPATH\CodeIgniter.php(927): App\Controllers\AdminControllers->edittransaksi('21')
 6 SYSTEMPATH\CodeIgniter.php(482): CodeIgniter\CodeIgniter->runController(Object(App\Controllers\AdminControllers))
 7 SYSTEMPATH\CodeIgniter.php(351): CodeIgniter\CodeIgniter->handleRequest(null, Object(Config\Cache), false)
 8 FCPATH\index.php(67): CodeIgniter\CodeIgniter->run()
 9 SYSTEMPATH\Commands\Server\rewrite.php(46): require_once('FCPATH\\index.php')
CRITICAL - 2023-03-31 16:32:33 --> There is no data to update.
in SYSTEMPATH\BaseModel.php on line 1598.
 1 SYSTEMPATH\BaseModel.php(1598): CodeIgniter\Database\Exceptions\DataException::forEmptyDataset('update')
 2 SYSTEMPATH\BaseModel.php(853): CodeIgniter\BaseModel->transformDataToArray(null, 'update')
 3 SYSTEMPATH\Model.php(693): CodeIgniter\BaseModel->update([...], null)
 4 APPPATH\Controllers\AdminControllers.php(1990): CodeIgniter\Model->update([...])
 5 SYSTEMPATH\CodeIgniter.php(927): App\Controllers\AdminControllers->edittransaksi('21')
 6 SYSTEMPATH\CodeIgniter.php(482): CodeIgniter\CodeIgniter->runController(Object(App\Controllers\AdminControllers))
 7 SYSTEMPATH\CodeIgniter.php(351): CodeIgniter\CodeIgniter->handleRequest(null, Object(Config\Cache), false)
 8 FCPATH\index.php(67): CodeIgniter\CodeIgniter->run()
 9 SYSTEMPATH\Commands\Server\rewrite.php(46): require_once('FCPATH\\index.php')
CRITICAL - 2023-03-31 16:37:30 --> Undefined variable $tb_transaksi
in APPPATH\Views\admin\DataTransaksi\TransaksiPaket\transaksiedit.php on line 36.
 1 APPPATH\Views\admin\DataTransaksi\TransaksiPaket\transaksiedit.php(36): CodeIgniter\Debug\Exceptions->errorHandler(2, 'Undefined variable $tb_transaksi', 'APPPATH\\Views\\admin\\DataTransaksi\\TransaksiPaket\\transaksiedit.php', 36)
 2 SYSTEMPATH\View\View.php(213): include('APPPATH\\Views\\admin\\DataTransaksi\\TransaksiPaket\\transaksiedit.php')
 3 SYSTEMPATH\View\View.php(216): CodeIgniter\View\View->CodeIgniter\View\{closure}()
 4 SYSTEMPATH\Common.php(1134): CodeIgniter\View\View->render('admin/DataTransaksi/TransaksiPaket/transaksiedit', [], true)
 5 APPPATH\Controllers\AdminControllers.php(1998): view('admin/DataTransaksi/TransaksiPaket/transaksiedit', [...])
 6 SYSTEMPATH\CodeIgniter.php(927): App\Controllers\AdminControllers->edittransaksi('21')
 7 SYSTEMPATH\CodeIgniter.php(482): CodeIgniter\CodeIgniter->runController(Object(App\Controllers\AdminControllers))
 8 SYSTEMPATH\CodeIgniter.php(351): CodeIgniter\CodeIgniter->handleRequest(null, Object(Config\Cache), false)
 9 FCPATH\index.php(67): CodeIgniter\CodeIgniter->run()
10 SYSTEMPATH\Commands\Server\rewrite.php(46): require_once('FCPATH\\index.php')
CRITICAL - 2023-03-31 16:39:39 --> Undefined variable $tb_transaksi
in APPPATH\Views\admin\DataTransaksi\TransaksiPaket\transaksiedit.php on line 36.
 1 APPPATH\Views\admin\DataTransaksi\TransaksiPaket\transaksiedit.php(36): CodeIgniter\Debug\Exceptions->errorHandler(2, 'Undefined variable $tb_transaksi', 'APPPATH\\Views\\admin\\DataTransaksi\\TransaksiPaket\\transaksiedit.php', 36)
 2 SYSTEMPATH\View\View.php(213): include('APPPATH\\Views\\admin\\DataTransaksi\\TransaksiPaket\\transaksiedit.php')
 3 SYSTEMPATH\View\View.php(216): CodeIgniter\View\View->CodeIgniter\View\{closure}()
 4 SYSTEMPATH\Common.php(1134): CodeIgniter\View\View->render('admin/DataTransaksi/TransaksiPaket/transaksiedit', [], true)
 5 APPPATH\Controllers\AdminControllers.php(1998): view('admin/DataTransaksi/TransaksiPaket/transaksiedit', [...])
 6 SYSTEMPATH\CodeIgniter.php(927): App\Controllers\AdminControllers->edittransaksi('21')
 7 SYSTEMPATH\CodeIgniter.php(482): CodeIgniter\CodeIgniter->runController(Object(App\Controllers\AdminControllers))
 8 SYSTEMPATH\CodeIgniter.php(351): CodeIgniter\CodeIgniter->handleRequest(null, Object(Config\Cache), false)
 9 FCPATH\index.php(67): CodeIgniter\CodeIgniter->run()
10 SYSTEMPATH\Commands\Server\rewrite.php(46): require_once('FCPATH\\index.php')
CRITICAL - 2023-03-31 16:40:45 --> Undefined variable $tb_transaksi
in APPPATH\Views\admin\DataTransaksi\TransaksiPaket\transaksiedit.php on line 36.
 1 APPPATH\Views\admin\DataTransaksi\TransaksiPaket\transaksiedit.php(36): CodeIgniter\Debug\Exceptions->errorHandler(2, 'Undefined variable $tb_transaksi', 'APPPATH\\Views\\admin\\DataTransaksi\\TransaksiPaket\\transaksiedit.php', 36)
 2 SYSTEMPATH\View\View.php(213): include('APPPATH\\Views\\admin\\DataTransaksi\\TransaksiPaket\\transaksiedit.php')
 3 SYSTEMPATH\View\View.php(216): CodeIgniter\View\View->CodeIgniter\View\{closure}()
 4 SYSTEMPATH\Common.php(1134): CodeIgniter\View\View->render('admin/DataTransaksi/TransaksiPaket/transaksiedit', [], true)
 5 APPPATH\Controllers\AdminControllers.php(1998): view('admin/DataTransaksi/TransaksiPaket/transaksiedit', [...])
 6 SYSTEMPATH\CodeIgniter.php(927): App\Controllers\AdminControllers->edittransaksi('21')
 7 SYSTEMPATH\CodeIgniter.php(482): CodeIgniter\CodeIgniter->runController(Object(App\Controllers\AdminControllers))
 8 SYSTEMPATH\CodeIgniter.php(351): CodeIgniter\CodeIgniter->handleRequest(null, Object(Config\Cache), false)
 9 FCPATH\index.php(67): CodeIgniter\CodeIgniter->run()
10 SYSTEMPATH\Commands\Server\rewrite.php(46): require_once('FCPATH\\index.php')
CRITICAL - 2023-03-31 16:41:19 --> Undefined variable $tb_transaksi
in APPPATH\Views\admin\DataTransaksi\TransaksiPaket\transaksiedit.php on line 36.
 1 APPPATH\Views\admin\DataTransaksi\TransaksiPaket\transaksiedit.php(36): CodeIgniter\Debug\Exceptions->errorHandler(2, 'Undefined variable $tb_transaksi', 'APPPATH\\Views\\admin\\DataTransaksi\\TransaksiPaket\\transaksiedit.php', 36)
 2 SYSTEMPATH\View\View.php(213): include('APPPATH\\Views\\admin\\DataTransaksi\\TransaksiPaket\\transaksiedit.php')
 3 SYSTEMPATH\View\View.php(216): CodeIgniter\View\View->CodeIgniter\View\{closure}()
 4 SYSTEMPATH\Common.php(1134): CodeIgniter\View\View->render('admin/DataTransaksi/TransaksiPaket/transaksiedit', [], true)
 5 APPPATH\Controllers\AdminControllers.php(1998): view('admin/DataTransaksi/TransaksiPaket/transaksiedit', [...])
 6 SYSTEMPATH\CodeIgniter.php(927): App\Controllers\AdminControllers->edittransaksi('21')
 7 SYSTEMPATH\CodeIgniter.php(482): CodeIgniter\CodeIgniter->runController(Object(App\Controllers\AdminControllers))
 8 SYSTEMPATH\CodeIgniter.php(351): CodeIgniter\CodeIgniter->handleRequest(null, Object(Config\Cache), false)
 9 FCPATH\index.php(67): CodeIgniter\CodeIgniter->run()
10 SYSTEMPATH\Commands\Server\rewrite.php(46): require_once('FCPATH\\index.php')
CRITICAL - 2023-03-31 16:41:52 --> Undefined variable $tb_transaksi
in APPPATH\Views\admin\DataTransaksi\TransaksiPaket\transaksiedit.php on line 36.
 1 APPPATH\Views\admin\DataTransaksi\TransaksiPaket\transaksiedit.php(36): CodeIgniter\Debug\Exceptions->errorHandler(2, 'Undefined variable $tb_transaksi', 'APPPATH\\Views\\admin\\DataTransaksi\\TransaksiPaket\\transaksiedit.php', 36)
 2 SYSTEMPATH\View\View.php(213): include('APPPATH\\Views\\admin\\DataTransaksi\\TransaksiPaket\\transaksiedit.php')
 3 SYSTEMPATH\View\View.php(216): CodeIgniter\View\View->CodeIgniter\View\{closure}()
 4 SYSTEMPATH\Common.php(1134): CodeIgniter\View\View->render('admin/DataTransaksi/TransaksiPaket/transaksiedit', [], true)
 5 APPPATH\Controllers\AdminControllers.php(1998): view('admin/DataTransaksi/TransaksiPaket/transaksiedit', [...])
 6 SYSTEMPATH\CodeIgniter.php(927): App\Controllers\AdminControllers->edittransaksi('21')
 7 SYSTEMPATH\CodeIgniter.php(482): CodeIgniter\CodeIgniter->runController(Object(App\Controllers\AdminControllers))
 8 SYSTEMPATH\CodeIgniter.php(351): CodeIgniter\CodeIgniter->handleRequest(null, Object(Config\Cache), false)
 9 FCPATH\index.php(67): CodeIgniter\CodeIgniter->run()
10 SYSTEMPATH\Commands\Server\rewrite.php(46): require_once('FCPATH\\index.php')
CRITICAL - 2023-03-31 16:43:42 --> There is no data to update.
in SYSTEMPATH\BaseModel.php on line 1598.
 1 SYSTEMPATH\BaseModel.php(1598): CodeIgniter\Database\Exceptions\DataException::forEmptyDataset('update')
 2 SYSTEMPATH\BaseModel.php(853): CodeIgniter\BaseModel->transformDataToArray(null, 'update')
 3 SYSTEMPATH\Model.php(693): CodeIgniter\BaseModel->update([...], null)
 4 APPPATH\Controllers\AdminControllers.php(1991): CodeIgniter\Model->update([...])
 5 SYSTEMPATH\CodeIgniter.php(927): App\Controllers\AdminControllers->edittransaksi('21')
 6 SYSTEMPATH\CodeIgniter.php(482): CodeIgniter\CodeIgniter->runController(Object(App\Controllers\AdminControllers))
 7 SYSTEMPATH\CodeIgniter.php(351): CodeIgniter\CodeIgniter->handleRequest(null, Object(Config\Cache), false)
 8 FCPATH\index.php(67): CodeIgniter\CodeIgniter->run()
 9 SYSTEMPATH\Commands\Server\rewrite.php(46): require_once('FCPATH\\index.php')
CRITICAL - 2023-03-31 17:12:40 --> There is no data to update.
in SYSTEMPATH\BaseModel.php on line 1598.
 1 SYSTEMPATH\BaseModel.php(1598): CodeIgniter\Database\Exceptions\DataException::forEmptyDataset('update')
 2 SYSTEMPATH\BaseModel.php(853): CodeIgniter\BaseModel->transformDataToArray(null, 'update')
 3 SYSTEMPATH\Model.php(693): CodeIgniter\BaseModel->update([...], null)
 4 APPPATH\Controllers\AdminControllers.php(1959): CodeIgniter\Model->update([...])
 5 SYSTEMPATH\CodeIgniter.php(927): App\Controllers\AdminControllers->edittransaksi('26')
 6 SYSTEMPATH\CodeIgniter.php(482): CodeIgniter\CodeIgniter->runController(Object(App\Controllers\AdminControllers))
 7 SYSTEMPATH\CodeIgniter.php(351): CodeIgniter\CodeIgniter->handleRequest(null, Object(Config\Cache), false)
 8 FCPATH\index.php(67): CodeIgniter\CodeIgniter->run()
 9 SYSTEMPATH\Commands\Server\rewrite.php(46): require_once('FCPATH\\index.php')
CRITICAL - 2023-03-31 17:14:59 --> There is no data to update.
in SYSTEMPATH\BaseModel.php on line 1598.
 1 SYSTEMPATH\BaseModel.php(1598): CodeIgniter\Database\Exceptions\DataException::forEmptyDataset('update')
 2 SYSTEMPATH\BaseModel.php(853): CodeIgniter\BaseModel->transformDataToArray(null, 'update')
 3 SYSTEMPATH\Model.php(693): CodeIgniter\BaseModel->update([...], null)
 4 APPPATH\Controllers\AdminControllers.php(1959): CodeIgniter\Model->update([...])
 5 SYSTEMPATH\CodeIgniter.php(927): App\Controllers\AdminControllers->edittransaksi('26')
 6 SYSTEMPATH\CodeIgniter.php(482): CodeIgniter\CodeIgniter->runController(Object(App\Controllers\AdminControllers))
 7 SYSTEMPATH\CodeIgniter.php(351): CodeIgniter\CodeIgniter->handleRequest(null, Object(Config\Cache), false)
 8 FCPATH\index.php(67): CodeIgniter\CodeIgniter->run()
 9 SYSTEMPATH\Commands\Server\rewrite.php(46): require_once('FCPATH\\index.php')
CRITICAL - 2023-03-31 17:15:07 --> There is no data to update.
in SYSTEMPATH\BaseModel.php on line 1598.
 1 SYSTEMPATH\BaseModel.php(1598): CodeIgniter\Database\Exceptions\DataException::forEmptyDataset('update')
 2 SYSTEMPATH\BaseModel.php(853): CodeIgniter\BaseModel->transformDataToArray(null, 'update')
 3 SYSTEMPATH\Model.php(693): CodeIgniter\BaseModel->update([...], null)
 4 APPPATH\Controllers\AdminControllers.php(1959): CodeIgniter\Model->update([...])
 5 SYSTEMPATH\CodeIgniter.php(927): App\Controllers\AdminControllers->edittransaksi('26')
 6 SYSTEMPATH\CodeIgniter.php(482): CodeIgniter\CodeIgniter->runController(Object(App\Controllers\AdminControllers))
 7 SYSTEMPATH\CodeIgniter.php(351): CodeIgniter\CodeIgniter->handleRequest(null, Object(Config\Cache), false)
 8 FCPATH\index.php(67): CodeIgniter\CodeIgniter->run()
 9 SYSTEMPATH\Commands\Server\rewrite.php(46): require_once('FCPATH\\index.php')
CRITICAL - 2023-03-31 17:16:34 --> There is no data to update.
in SYSTEMPATH\BaseModel.php on line 1598.
 1 SYSTEMPATH\BaseModel.php(1598): CodeIgniter\Database\Exceptions\DataException::forEmptyDataset('update')
 2 SYSTEMPATH\BaseModel.php(853): CodeIgniter\BaseModel->transformDataToArray(null, 'update')
 3 SYSTEMPATH\Model.php(693): CodeIgniter\BaseModel->update([...], null)
 4 APPPATH\Controllers\AdminControllers.php(1959): CodeIgniter\Model->update([...])
 5 SYSTEMPATH\CodeIgniter.php(927): App\Controllers\AdminControllers->edittransaksi('26')
 6 SYSTEMPATH\CodeIgniter.php(482): CodeIgniter\CodeIgniter->runController(Object(App\Controllers\AdminControllers))
 7 SYSTEMPATH\CodeIgniter.php(351): CodeIgniter\CodeIgniter->handleRequest(null, Object(Config\Cache), false)
 8 FCPATH\index.php(67): CodeIgniter\CodeIgniter->run()
 9 SYSTEMPATH\Commands\Server\rewrite.php(46): require_once('FCPATH\\index.php')
CRITICAL - 2023-03-31 17:17:32 --> There is no data to update.
in SYSTEMPATH\BaseModel.php on line 1598.
 1 SYSTEMPATH\BaseModel.php(1598): CodeIgniter\Database\Exceptions\DataException::forEmptyDataset('update')
 2 SYSTEMPATH\BaseModel.php(853): CodeIgniter\BaseModel->transformDataToArray(null, 'update')
 3 SYSTEMPATH\Model.php(693): CodeIgniter\BaseModel->update([...], null)
 4 APPPATH\Controllers\AdminControllers.php(1959): CodeIgniter\Model->update([...])
 5 SYSTEMPATH\CodeIgniter.php(927): App\Controllers\AdminControllers->edittransaksi('26')
 6 SYSTEMPATH\CodeIgniter.php(482): CodeIgniter\CodeIgniter->runController(Object(App\Controllers\AdminControllers))
 7 SYSTEMPATH\CodeIgniter.php(351): CodeIgniter\CodeIgniter->handleRequest(null, Object(Config\Cache), false)
 8 FCPATH\index.php(67): CodeIgniter\CodeIgniter->run()
 9 SYSTEMPATH\Commands\Server\rewrite.php(46): require_once('FCPATH\\index.php')
CRITICAL - 2023-03-31 17:37:56 --> Undefined variable $tb_transaksi
in APPPATH\Views\admin\DataTransaksi\TransaksiPaket\transaksiedit.php on line 36.
 1 APPPATH\Views\admin\DataTransaksi\TransaksiPaket\transaksiedit.php(36): CodeIgniter\Debug\Exceptions->errorHandler(2, 'Undefined variable $tb_transaksi', 'APPPATH\\Views\\admin\\DataTransaksi\\TransaksiPaket\\transaksiedit.php', 36)
 2 SYSTEMPATH\View\View.php(213): include('APPPATH\\Views\\admin\\DataTransaksi\\TransaksiPaket\\transaksiedit.php')
 3 SYSTEMPATH\View\View.php(216): CodeIgniter\View\View->CodeIgniter\View\{closure}()
 4 SYSTEMPATH\Common.php(1134): CodeIgniter\View\View->render('admin/DataTransaksi/TransaksiPaket/transaksiedit', [], true)
 5 APPPATH\Controllers\AdminControllers.php(1998): view('admin/DataTransaksi/TransaksiPaket/transaksiedit', [...])
 6 SYSTEMPATH\CodeIgniter.php(927): App\Controllers\AdminControllers->edittransaksi('28')
 7 SYSTEMPATH\CodeIgniter.php(482): CodeIgniter\CodeIgniter->runController(Object(App\Controllers\AdminControllers))
 8 SYSTEMPATH\CodeIgniter.php(351): CodeIgniter\CodeIgniter->handleRequest(null, Object(Config\Cache), false)
 9 FCPATH\index.php(67): CodeIgniter\CodeIgniter->run()
10 SYSTEMPATH\Commands\Server\rewrite.php(46): require_once('FCPATH\\index.php')
CRITICAL - 2023-03-31 17:39:54 --> Undefined variable $tb_transaksi
in APPPATH\Views\admin\DataTransaksi\TransaksiPaket\transaksiedit.php on line 36.
 1 APPPATH\Views\admin\DataTransaksi\TransaksiPaket\transaksiedit.php(36): CodeIgniter\Debug\Exceptions->errorHandler(2, 'Undefined variable $tb_transaksi', 'APPPATH\\Views\\admin\\DataTransaksi\\TransaksiPaket\\transaksiedit.php', 36)
 2 SYSTEMPATH\View\View.php(213): include('APPPATH\\Views\\admin\\DataTransaksi\\TransaksiPaket\\transaksiedit.php')
 3 SYSTEMPATH\View\View.php(216): CodeIgniter\View\View->CodeIgniter\View\{closure}()
 4 SYSTEMPATH\Common.php(1134): CodeIgniter\View\View->render('admin/DataTransaksi/TransaksiPaket/transaksiedit', [], true)
 5 APPPATH\Controllers\AdminControllers.php(1997): view('admin/DataTransaksi/TransaksiPaket/transaksiedit', [...])
 6 SYSTEMPATH\CodeIgniter.php(927): App\Controllers\AdminControllers->edittransaksi('28')
 7 SYSTEMPATH\CodeIgniter.php(482): CodeIgniter\CodeIgniter->runController(Object(App\Controllers\AdminControllers))
 8 SYSTEMPATH\CodeIgniter.php(351): CodeIgniter\CodeIgniter->handleRequest(null, Object(Config\Cache), false)
 9 FCPATH\index.php(67): CodeIgniter\CodeIgniter->run()
10 SYSTEMPATH\Commands\Server\rewrite.php(46): require_once('FCPATH\\index.php')
CRITICAL - 2023-03-31 17:40:18 --> Undefined variable $tb_transaksi
in APPPATH\Views\admin\DataTransaksi\TransaksiPaket\transaksiedit.php on line 36.
 1 APPPATH\Views\admin\DataTransaksi\TransaksiPaket\transaksiedit.php(36): CodeIgniter\Debug\Exceptions->errorHandler(2, 'Undefined variable $tb_transaksi', 'APPPATH\\Views\\admin\\DataTransaksi\\TransaksiPaket\\transaksiedit.php', 36)
 2 SYSTEMPATH\View\View.php(213): include('APPPATH\\Views\\admin\\DataTransaksi\\TransaksiPaket\\transaksiedit.php')
 3 SYSTEMPATH\View\View.php(216): CodeIgniter\View\View->CodeIgniter\View\{closure}()
 4 SYSTEMPATH\Common.php(1134): CodeIgniter\View\View->render('admin/DataTransaksi/TransaksiPaket/transaksiedit', [], true)
 5 APPPATH\Controllers\AdminControllers.php(1997): view('admin/DataTransaksi/TransaksiPaket/transaksiedit', [...])
 6 SYSTEMPATH\CodeIgniter.php(927): App\Controllers\AdminControllers->edittransaksi('28')
 7 SYSTEMPATH\CodeIgniter.php(482): CodeIgniter\CodeIgniter->runController(Object(App\Controllers\AdminControllers))
 8 SYSTEMPATH\CodeIgniter.php(351): CodeIgniter\CodeIgniter->handleRequest(null, Object(Config\Cache), false)
 9 FCPATH\index.php(67): CodeIgniter\CodeIgniter->run()
10 SYSTEMPATH\Commands\Server\rewrite.php(46): require_once('FCPATH\\index.php')
CRITICAL - 2023-03-31 17:40:53 --> Undefined variable $tb_transaksi
in APPPATH\Views\admin\DataTransaksi\TransaksiPaket\transaksiedit.php on line 36.
 1 APPPATH\Views\admin\DataTransaksi\TransaksiPaket\transaksiedit.php(36): CodeIgniter\Debug\Exceptions->errorHandler(2, 'Undefined variable $tb_transaksi', 'APPPATH\\Views\\admin\\DataTransaksi\\TransaksiPaket\\transaksiedit.php', 36)
 2 SYSTEMPATH\View\View.php(213): include('APPPATH\\Views\\admin\\DataTransaksi\\TransaksiPaket\\transaksiedit.php')
 3 SYSTEMPATH\View\View.php(216): CodeIgniter\View\View->CodeIgniter\View\{closure}()
 4 SYSTEMPATH\Common.php(1134): CodeIgniter\View\View->render('admin/DataTransaksi/TransaksiPaket/transaksiedit', [], true)
 5 APPPATH\Controllers\AdminControllers.php(1997): view('admin/DataTransaksi/TransaksiPaket/transaksiedit', [...])
 6 SYSTEMPATH\CodeIgniter.php(927): App\Controllers\AdminControllers->edittransaksi('28')
 7 SYSTEMPATH\CodeIgniter.php(482): CodeIgniter\CodeIgniter->runController(Object(App\Controllers\AdminControllers))
 8 SYSTEMPATH\CodeIgniter.php(351): CodeIgniter\CodeIgniter->handleRequest(null, Object(Config\Cache), false)
 9 FCPATH\index.php(67): CodeIgniter\CodeIgniter->run()
10 SYSTEMPATH\Commands\Server\rewrite.php(46): require_once('FCPATH\\index.php')
CRITICAL - 2023-03-31 17:41:47 --> Undefined variable $tb_transaksi
in APPPATH\Views\admin\DataTransaksi\TransaksiPaket\transaksiedit.php on line 36.
 1 APPPATH\Views\admin\DataTransaksi\TransaksiPaket\transaksiedit.php(36): CodeIgniter\Debug\Exceptions->errorHandler(2, 'Undefined variable $tb_transaksi', 'APPPATH\\Views\\admin\\DataTransaksi\\TransaksiPaket\\transaksiedit.php', 36)
 2 SYSTEMPATH\View\View.php(213): include('APPPATH\\Views\\admin\\DataTransaksi\\TransaksiPaket\\transaksiedit.php')
 3 SYSTEMPATH\View\View.php(216): CodeIgniter\View\View->CodeIgniter\View\{closure}()
 4 SYSTEMPATH\Common.php(1134): CodeIgniter\View\View->render('admin/DataTransaksi/TransaksiPaket/transaksiedit', [], true)
 5 APPPATH\Controllers\AdminControllers.php(1997): view('admin/DataTransaksi/TransaksiPaket/transaksiedit', [...])
 6 SYSTEMPATH\CodeIgniter.php(927): App\Controllers\AdminControllers->edittransaksi('28')
 7 SYSTEMPATH\CodeIgniter.php(482): CodeIgniter\CodeIgniter->runController(Object(App\Controllers\AdminControllers))
 8 SYSTEMPATH\CodeIgniter.php(351): CodeIgniter\CodeIgniter->handleRequest(null, Object(Config\Cache), false)
 9 FCPATH\index.php(67): CodeIgniter\CodeIgniter->run()
10 SYSTEMPATH\Commands\Server\rewrite.php(46): require_once('FCPATH\\index.php')
CRITICAL - 2023-03-31 17:46:34 --> Undefined variable $tb_transaksi
in APPPATH\Views\admin\DataTransaksi\TransaksiPaket\transaksiedit.php on line 36.
 1 APPPATH\Views\admin\DataTransaksi\TransaksiPaket\transaksiedit.php(36): CodeIgniter\Debug\Exceptions->errorHandler(2, 'Undefined variable $tb_transaksi', 'APPPATH\\Views\\admin\\DataTransaksi\\TransaksiPaket\\transaksiedit.php', 36)
 2 SYSTEMPATH\View\View.php(213): include('APPPATH\\Views\\admin\\DataTransaksi\\TransaksiPaket\\transaksiedit.php')
 3 SYSTEMPATH\View\View.php(216): CodeIgniter\View\View->CodeIgniter\View\{closure}()
 4 SYSTEMPATH\Common.php(1134): CodeIgniter\View\View->render('admin/DataTransaksi/TransaksiPaket/transaksiedit', [], true)
 5 APPPATH\Controllers\AdminControllers.php(1997): view('admin/DataTransaksi/TransaksiPaket/transaksiedit', [...])
 6 SYSTEMPATH\CodeIgniter.php(927): App\Controllers\AdminControllers->edittransaksi('28')
 7 SYSTEMPATH\CodeIgniter.php(482): CodeIgniter\CodeIgniter->runController(Object(App\Controllers\AdminControllers))
 8 SYSTEMPATH\CodeIgniter.php(351): CodeIgniter\CodeIgniter->handleRequest(null, Object(Config\Cache), false)
 9 FCPATH\index.php(67): CodeIgniter\CodeIgniter->run()
10 SYSTEMPATH\Commands\Server\rewrite.php(46): require_once('FCPATH\\index.php')
CRITICAL - 2023-03-31 17:46:59 --> Trying to access array offset on value of type null
in APPPATH\Views\admin\DataTransaksi\TransaksiPaket\transaksiedit.php on line 36.
 1 APPPATH\Views\admin\DataTransaksi\TransaksiPaket\transaksiedit.php(36): CodeIgniter\Debug\Exceptions->errorHandler(2, 'Trying to access array offset on value of type null', 'APPPATH\\Views\\admin\\DataTransaksi\\TransaksiPaket\\transaksiedit.php', 36)
 2 SYSTEMPATH\View\View.php(213): include('APPPATH\\Views\\admin\\DataTransaksi\\TransaksiPaket\\transaksiedit.php')
 3 SYSTEMPATH\View\View.php(216): CodeIgniter\View\View->CodeIgniter\View\{closure}()
 4 SYSTEMPATH\Common.php(1134): CodeIgniter\View\View->render('admin/DataTransaksi/TransaksiPaket/transaksiedit', [], true)
 5 APPPATH\Controllers\AdminControllers.php(1997): view('admin/DataTransaksi/TransaksiPaket/transaksiedit', [...])
 6 SYSTEMPATH\CodeIgniter.php(927): App\Controllers\AdminControllers->edittransaksi('28')
 7 SYSTEMPATH\CodeIgniter.php(482): CodeIgniter\CodeIgniter->runController(Object(App\Controllers\AdminControllers))
 8 SYSTEMPATH\CodeIgniter.php(351): CodeIgniter\CodeIgniter->handleRequest(null, Object(Config\Cache), false)
 9 FCPATH\index.php(67): CodeIgniter\CodeIgniter->run()
10 SYSTEMPATH\Commands\Server\rewrite.php(46): require_once('FCPATH\\index.php')
CRITICAL - 2023-03-31 17:47:17 --> Undefined variable $tb_transaksi
in APPPATH\Views\admin\DataTransaksi\TransaksiPaket\transaksiedit.php on line 36.
 1 APPPATH\Views\admin\DataTransaksi\TransaksiPaket\transaksiedit.php(36): CodeIgniter\Debug\Exceptions->errorHandler(2, 'Undefined variable $tb_transaksi', 'APPPATH\\Views\\admin\\DataTransaksi\\TransaksiPaket\\transaksiedit.php', 36)
 2 SYSTEMPATH\View\View.php(213): include('APPPATH\\Views\\admin\\DataTransaksi\\TransaksiPaket\\transaksiedit.php')
 3 SYSTEMPATH\View\View.php(216): CodeIgniter\View\View->CodeIgniter\View\{closure}()
 4 SYSTEMPATH\Common.php(1134): CodeIgniter\View\View->render('admin/DataTransaksi/TransaksiPaket/transaksiedit', [], true)
 5 APPPATH\Controllers\AdminControllers.php(1997): view('admin/DataTransaksi/TransaksiPaket/transaksiedit', [...])
 6 SYSTEMPATH\CodeIgniter.php(927): App\Controllers\AdminControllers->edittransaksi('29')
 7 SYSTEMPATH\CodeIgniter.php(482): CodeIgniter\CodeIgniter->runController(Object(App\Controllers\AdminControllers))
 8 SYSTEMPATH\CodeIgniter.php(351): CodeIgniter\CodeIgniter->handleRequest(null, Object(Config\Cache), false)
 9 FCPATH\index.php(67): CodeIgniter\CodeIgniter->run()
10 SYSTEMPATH\Commands\Server\rewrite.php(46): require_once('FCPATH\\index.php')
CRITICAL - 2023-03-31 17:47:57 --> Undefined variable $tb_transaksi
in APPPATH\Views\admin\DataTransaksi\TransaksiPaket\transaksiedit.php on line 36.
 1 APPPATH\Views\admin\DataTransaksi\TransaksiPaket\transaksiedit.php(36): CodeIgniter\Debug\Exceptions->errorHandler(2, 'Undefined variable $tb_transaksi', 'APPPATH\\Views\\admin\\DataTransaksi\\TransaksiPaket\\transaksiedit.php', 36)
 2 SYSTEMPATH\View\View.php(213): include('APPPATH\\Views\\admin\\DataTransaksi\\TransaksiPaket\\transaksiedit.php')
 3 SYSTEMPATH\View\View.php(216): CodeIgniter\View\View->CodeIgniter\View\{closure}()
 4 SYSTEMPATH\Common.php(1134): CodeIgniter\View\View->render('admin/DataTransaksi/TransaksiPaket/transaksiedit', [], true)
 5 APPPATH\Controllers\AdminControllers.php(1997): view('admin/DataTransaksi/TransaksiPaket/transaksiedit', [...])
 6 SYSTEMPATH\CodeIgniter.php(927): App\Controllers\AdminControllers->edittransaksi('29')
 7 SYSTEMPATH\CodeIgniter.php(482): CodeIgniter\CodeIgniter->runController(Object(App\Controllers\AdminControllers))
 8 SYSTEMPATH\CodeIgniter.php(351): CodeIgniter\CodeIgniter->handleRequest(null, Object(Config\Cache), false)
 9 FCPATH\index.php(67): CodeIgniter\CodeIgniter->run()
10 SYSTEMPATH\Commands\Server\rewrite.php(46): require_once('FCPATH\\index.php')
CRITICAL - 2023-03-31 17:48:21 --> Undefined variable $tb_transaksi
in APPPATH\Views\admin\DataTransaksi\TransaksiPaket\transaksiedit.php on line 36.
 1 APPPATH\Views\admin\DataTransaksi\TransaksiPaket\transaksiedit.php(36): CodeIgniter\Debug\Exceptions->errorHandler(2, 'Undefined variable $tb_transaksi', 'APPPATH\\Views\\admin\\DataTransaksi\\TransaksiPaket\\transaksiedit.php', 36)
 2 SYSTEMPATH\View\View.php(213): include('APPPATH\\Views\\admin\\DataTransaksi\\TransaksiPaket\\transaksiedit.php')
 3 SYSTEMPATH\View\View.php(216): CodeIgniter\View\View->CodeIgniter\View\{closure}()
 4 SYSTEMPATH\Common.php(1134): CodeIgniter\View\View->render('admin/DataTransaksi/TransaksiPaket/transaksiedit', [], true)
 5 APPPATH\Controllers\AdminControllers.php(1997): view('admin/DataTransaksi/TransaksiPaket/transaksiedit', [...])
 6 SYSTEMPATH\CodeIgniter.php(927): App\Controllers\AdminControllers->edittransaksi('29')
 7 SYSTEMPATH\CodeIgniter.php(482): CodeIgniter\CodeIgniter->runController(Object(App\Controllers\AdminControllers))
 8 SYSTEMPATH\CodeIgniter.php(351): CodeIgniter\CodeIgniter->handleRequest(null, Object(Config\Cache), false)
 9 FCPATH\index.php(67): CodeIgniter\CodeIgniter->run()
10 SYSTEMPATH\Commands\Server\rewrite.php(46): require_once('FCPATH\\index.php')
CRITICAL - 2023-03-31 17:52:58 --> Undefined variable $tb_transaksi
in APPPATH\Views\admin\DataTransaksi\TransaksiPaket\transaksiedit.php on line 36.
 1 APPPATH\Views\admin\DataTransaksi\TransaksiPaket\transaksiedit.php(36): CodeIgniter\Debug\Exceptions->errorHandler(2, 'Undefined variable $tb_transaksi', 'APPPATH\\Views\\admin\\DataTransaksi\\TransaksiPaket\\transaksiedit.php', 36)
 2 SYSTEMPATH\View\View.php(213): include('APPPATH\\Views\\admin\\DataTransaksi\\TransaksiPaket\\transaksiedit.php')
 3 SYSTEMPATH\View\View.php(216): CodeIgniter\View\View->CodeIgniter\View\{closure}()
 4 SYSTEMPATH\Common.php(1134): CodeIgniter\View\View->render('admin/DataTransaksi/TransaksiPaket/transaksiedit', [], true)
 5 APPPATH\Controllers\AdminControllers.php(2005): view('admin/DataTransaksi/TransaksiPaket/transaksiedit', [...])
 6 SYSTEMPATH\CodeIgniter.php(927): App\Controllers\AdminControllers->edittransaksi('29')
 7 SYSTEMPATH\CodeIgniter.php(482): CodeIgniter\CodeIgniter->runController(Object(App\Controllers\AdminControllers))
 8 SYSTEMPATH\CodeIgniter.php(351): CodeIgniter\CodeIgniter->handleRequest(null, Object(Config\Cache), false)
 9 FCPATH\index.php(67): CodeIgniter\CodeIgniter->run()
10 SYSTEMPATH\Commands\Server\rewrite.php(46): require_once('FCPATH\\index.php')
CRITICAL - 2023-03-31 17:53:06 --> Undefined variable $tb_transaksi
in APPPATH\Views\admin\DataTransaksi\TransaksiPaket\transaksiedit.php on line 36.
 1 APPPATH\Views\admin\DataTransaksi\TransaksiPaket\transaksiedit.php(36): CodeIgniter\Debug\Exceptions->errorHandler(2, 'Undefined variable $tb_transaksi', 'APPPATH\\Views\\admin\\DataTransaksi\\TransaksiPaket\\transaksiedit.php', 36)
 2 SYSTEMPATH\View\View.php(213): include('APPPATH\\Views\\admin\\DataTransaksi\\TransaksiPaket\\transaksiedit.php')
 3 SYSTEMPATH\View\View.php(216): CodeIgniter\View\View->CodeIgniter\View\{closure}()
 4 SYSTEMPATH\Common.php(1134): CodeIgniter\View\View->render('admin/DataTransaksi/TransaksiPaket/transaksiedit', [], true)
 5 APPPATH\Controllers\AdminControllers.php(2005): view('admin/DataTransaksi/TransaksiPaket/transaksiedit', [...])
 6 SYSTEMPATH\CodeIgniter.php(927): App\Controllers\AdminControllers->edittransaksi('29')
 7 SYSTEMPATH\CodeIgniter.php(482): CodeIgniter\CodeIgniter->runController(Object(App\Controllers\AdminControllers))
 8 SYSTEMPATH\CodeIgniter.php(351): CodeIgniter\CodeIgniter->handleRequest(null, Object(Config\Cache), false)
 9 FCPATH\index.php(67): CodeIgniter\CodeIgniter->run()
10 SYSTEMPATH\Commands\Server\rewrite.php(46): require_once('FCPATH\\index.php')
CRITICAL - 2023-03-31 17:54:20 --> Undefined variable $tb_transaksi
in APPPATH\Views\admin\DataTransaksi\TransaksiPaket\transaksiedit.php on line 36.
 1 APPPATH\Views\admin\DataTransaksi\TransaksiPaket\transaksiedit.php(36): CodeIgniter\Debug\Exceptions->errorHandler(2, 'Undefined variable $tb_transaksi', 'APPPATH\\Views\\admin\\DataTransaksi\\TransaksiPaket\\transaksiedit.php', 36)
 2 SYSTEMPATH\View\View.php(213): include('APPPATH\\Views\\admin\\DataTransaksi\\TransaksiPaket\\transaksiedit.php')
 3 SYSTEMPATH\View\View.php(216): CodeIgniter\View\View->CodeIgniter\View\{closure}()
 4 SYSTEMPATH\Common.php(1134): CodeIgniter\View\View->render('admin/DataTransaksi/TransaksiPaket/transaksiedit', [], true)
 5 APPPATH\Controllers\AdminControllers.php(2005): view('admin/DataTransaksi/TransaksiPaket/transaksiedit', [...])
 6 SYSTEMPATH\CodeIgniter.php(927): App\Controllers\AdminControllers->edittransaksi('29')
 7 SYSTEMPATH\CodeIgniter.php(482): CodeIgniter\CodeIgniter->runController(Object(App\Controllers\AdminControllers))
 8 SYSTEMPATH\CodeIgniter.php(351): CodeIgniter\CodeIgniter->handleRequest(null, Object(Config\Cache), false)
 9 FCPATH\index.php(67): CodeIgniter\CodeIgniter->run()
10 SYSTEMPATH\Commands\Server\rewrite.php(46): require_once('FCPATH\\index.php')
CRITICAL - 2023-03-31 17:54:24 --> Undefined variable $tb_transaksi
in APPPATH\Views\admin\DataTransaksi\TransaksiPaket\transaksiedit.php on line 36.
 1 APPPATH\Views\admin\DataTransaksi\TransaksiPaket\transaksiedit.php(36): CodeIgniter\Debug\Exceptions->errorHandler(2, 'Undefined variable $tb_transaksi', 'APPPATH\\Views\\admin\\DataTransaksi\\TransaksiPaket\\transaksiedit.php', 36)
 2 SYSTEMPATH\View\View.php(213): include('APPPATH\\Views\\admin\\DataTransaksi\\TransaksiPaket\\transaksiedit.php')
 3 SYSTEMPATH\View\View.php(216): CodeIgniter\View\View->CodeIgniter\View\{closure}()
 4 SYSTEMPATH\Common.php(1134): CodeIgniter\View\View->render('admin/DataTransaksi/TransaksiPaket/transaksiedit', [], true)
 5 APPPATH\Controllers\AdminControllers.php(2005): view('admin/DataTransaksi/TransaksiPaket/transaksiedit', [...])
 6 SYSTEMPATH\CodeIgniter.php(927): App\Controllers\AdminControllers->edittransaksi('29')
 7 SYSTEMPATH\CodeIgniter.php(482): CodeIgniter\CodeIgniter->runController(Object(App\Controllers\AdminControllers))
 8 SYSTEMPATH\CodeIgniter.php(351): CodeIgniter\CodeIgniter->handleRequest(null, Object(Config\Cache), false)
 9 FCPATH\index.php(67): CodeIgniter\CodeIgniter->run()
10 SYSTEMPATH\Commands\Server\rewrite.php(46): require_once('FCPATH\\index.php')
CRITICAL - 2023-03-31 17:54:54 --> Undefined variable $tb_transaksi
in APPPATH\Views\admin\DataTransaksi\TransaksiPaket\transaksiedit.php on line 36.
 1 APPPATH\Views\admin\DataTransaksi\TransaksiPaket\transaksiedit.php(36): CodeIgniter\Debug\Exceptions->errorHandler(2, 'Undefined variable $tb_transaksi', 'APPPATH\\Views\\admin\\DataTransaksi\\TransaksiPaket\\transaksiedit.php', 36)
 2 SYSTEMPATH\View\View.php(213): include('APPPATH\\Views\\admin\\DataTransaksi\\TransaksiPaket\\transaksiedit.php')
 3 SYSTEMPATH\View\View.php(216): CodeIgniter\View\View->CodeIgniter\View\{closure}()
 4 SYSTEMPATH\Common.php(1134): CodeIgniter\View\View->render('admin/DataTransaksi/TransaksiPaket/transaksiedit', [], true)
 5 APPPATH\Controllers\AdminControllers.php(2005): view('admin/DataTransaksi/TransaksiPaket/transaksiedit', [...])
 6 SYSTEMPATH\CodeIgniter.php(927): App\Controllers\AdminControllers->edittransaksi('29')
 7 SYSTEMPATH\CodeIgniter.php(482): CodeIgniter\CodeIgniter->runController(Object(App\Controllers\AdminControllers))
 8 SYSTEMPATH\CodeIgniter.php(351): CodeIgniter\CodeIgniter->handleRequest(null, Object(Config\Cache), false)
 9 FCPATH\index.php(67): CodeIgniter\CodeIgniter->run()
10 SYSTEMPATH\Commands\Server\rewrite.php(46): require_once('FCPATH\\index.php')
CRITICAL - 2023-03-31 17:55:00 --> Undefined variable $tb_transaksi
in APPPATH\Views\admin\DataTransaksi\TransaksiPaket\transaksiedit.php on line 36.
 1 APPPATH\Views\admin\DataTransaksi\TransaksiPaket\transaksiedit.php(36): CodeIgniter\Debug\Exceptions->errorHandler(2, 'Undefined variable $tb_transaksi', 'APPPATH\\Views\\admin\\DataTransaksi\\TransaksiPaket\\transaksiedit.php', 36)
 2 SYSTEMPATH\View\View.php(213): include('APPPATH\\Views\\admin\\DataTransaksi\\TransaksiPaket\\transaksiedit.php')
 3 SYSTEMPATH\View\View.php(216): CodeIgniter\View\View->CodeIgniter\View\{closure}()
 4 SYSTEMPATH\Common.php(1134): CodeIgniter\View\View->render('admin/DataTransaksi/TransaksiPaket/transaksiedit', [], true)
 5 APPPATH\Controllers\AdminControllers.php(2005): view('admin/DataTransaksi/TransaksiPaket/transaksiedit', [...])
 6 SYSTEMPATH\CodeIgniter.php(927): App\Controllers\AdminControllers->edittransaksi('29')
 7 SYSTEMPATH\CodeIgniter.php(482): CodeIgniter\CodeIgniter->runController(Object(App\Controllers\AdminControllers))
 8 SYSTEMPATH\CodeIgniter.php(351): CodeIgniter\CodeIgniter->handleRequest(null, Object(Config\Cache), false)
 9 FCPATH\index.php(67): CodeIgniter\CodeIgniter->run()
10 SYSTEMPATH\Commands\Server\rewrite.php(46): require_once('FCPATH\\index.php')
CRITICAL - 2023-03-31 17:55:35 --> Undefined variable $tb_transaksi
in APPPATH\Views\admin\DataTransaksi\TransaksiPaket\transaksiedit.php on line 36.
 1 APPPATH\Views\admin\DataTransaksi\TransaksiPaket\transaksiedit.php(36): CodeIgniter\Debug\Exceptions->errorHandler(2, 'Undefined variable $tb_transaksi', 'APPPATH\\Views\\admin\\DataTransaksi\\TransaksiPaket\\transaksiedit.php', 36)
 2 SYSTEMPATH\View\View.php(213): include('APPPATH\\Views\\admin\\DataTransaksi\\TransaksiPaket\\transaksiedit.php')
 3 SYSTEMPATH\View\View.php(216): CodeIgniter\View\View->CodeIgniter\View\{closure}()
 4 SYSTEMPATH\Common.php(1134): CodeIgniter\View\View->render('admin/DataTransaksi/TransaksiPaket/transaksiedit', [], true)
 5 APPPATH\Controllers\AdminControllers.php(2005): view('admin/DataTransaksi/TransaksiPaket/transaksiedit', [...])
 6 SYSTEMPATH\CodeIgniter.php(927): App\Controllers\AdminControllers->edittransaksi('29')
 7 SYSTEMPATH\CodeIgniter.php(482): CodeIgniter\CodeIgniter->runController(Object(App\Controllers\AdminControllers))
 8 SYSTEMPATH\CodeIgniter.php(351): CodeIgniter\CodeIgniter->handleRequest(null, Object(Config\Cache), false)
 9 FCPATH\index.php(67): CodeIgniter\CodeIgniter->run()
10 SYSTEMPATH\Commands\Server\rewrite.php(46): require_once('FCPATH\\index.php')
CRITICAL - 2023-03-31 17:55:56 --> Undefined variable $tb_transaksi
in APPPATH\Views\admin\DataTransaksi\TransaksiPaket\transaksiedit.php on line 36.
 1 APPPATH\Views\admin\DataTransaksi\TransaksiPaket\transaksiedit.php(36): CodeIgniter\Debug\Exceptions->errorHandler(2, 'Undefined variable $tb_transaksi', 'APPPATH\\Views\\admin\\DataTransaksi\\TransaksiPaket\\transaksiedit.php', 36)
 2 SYSTEMPATH\View\View.php(213): include('APPPATH\\Views\\admin\\DataTransaksi\\TransaksiPaket\\transaksiedit.php')
 3 SYSTEMPATH\View\View.php(216): CodeIgniter\View\View->CodeIgniter\View\{closure}()
 4 SYSTEMPATH\Common.php(1134): CodeIgniter\View\View->render('admin/DataTransaksi/TransaksiPaket/transaksiedit', [], true)
 5 APPPATH\Controllers\AdminControllers.php(2005): view('admin/DataTransaksi/TransaksiPaket/transaksiedit', [...])
 6 SYSTEMPATH\CodeIgniter.php(927): App\Controllers\AdminControllers->edittransaksi('29')
 7 SYSTEMPATH\CodeIgniter.php(482): CodeIgniter\CodeIgniter->runController(Object(App\Controllers\AdminControllers))
 8 SYSTEMPATH\CodeIgniter.php(351): CodeIgniter\CodeIgniter->handleRequest(null, Object(Config\Cache), false)
 9 FCPATH\index.php(67): CodeIgniter\CodeIgniter->run()
10 SYSTEMPATH\Commands\Server\rewrite.php(46): require_once('FCPATH\\index.php')
CRITICAL - 2023-03-31 19:10:35 --> Call to a member function getResult() on bool
in APPPATH\Models\CicilanModels.php on line 93.
 1 APPPATH\Controllers\AdminControllers.php(1976): App\Models\CicilanModels->deletecicilan('30')
 2 SYSTEMPATH\CodeIgniter.php(927): App\Controllers\AdminControllers->edittransaksi('30')
 3 SYSTEMPATH\CodeIgniter.php(482): CodeIgniter\CodeIgniter->runController(Object(App\Controllers\AdminControllers))
 4 SYSTEMPATH\CodeIgniter.php(351): CodeIgniter\CodeIgniter->handleRequest(null, Object(Config\Cache), false)
 5 FCPATH\index.php(67): CodeIgniter\CodeIgniter->run()
 6 SYSTEMPATH\Commands\Server\rewrite.php(46): require_once('FCPATH\\index.php')
CRITICAL - 2023-03-31 19:11:23 --> Undefined variable $t_qty1
in APPPATH\Controllers\AdminControllers.php on line 1975.
 1 APPPATH\Controllers\AdminControllers.php(1975): CodeIgniter\Debug\Exceptions->errorHandler(2, 'Undefined variable $t_qty1', 'APPPATH\\Controllers\\AdminControllers.php', 1975)
 2 SYSTEMPATH\CodeIgniter.php(927): App\Controllers\AdminControllers->edittransaksi('30')
 3 SYSTEMPATH\CodeIgniter.php(482): CodeIgniter\CodeIgniter->runController(Object(App\Controllers\AdminControllers))
 4 SYSTEMPATH\CodeIgniter.php(351): CodeIgniter\CodeIgniter->handleRequest(null, Object(Config\Cache), false)
 5 FCPATH\index.php(67): CodeIgniter\CodeIgniter->run()
 6 SYSTEMPATH\Commands\Server\rewrite.php(46): require_once('FCPATH\\index.php')
CRITICAL - 2023-03-31 19:11:49 --> Undefined variable $t_qty1
in APPPATH\Controllers\AdminControllers.php on line 1975.
 1 APPPATH\Controllers\AdminControllers.php(1975): CodeIgniter\Debug\Exceptions->errorHandler(2, 'Undefined variable $t_qty1', 'APPPATH\\Controllers\\AdminControllers.php', 1975)
 2 SYSTEMPATH\CodeIgniter.php(927): App\Controllers\AdminControllers->edittransaksi('30')
 3 SYSTEMPATH\CodeIgniter.php(482): CodeIgniter\CodeIgniter->runController(Object(App\Controllers\AdminControllers))
 4 SYSTEMPATH\CodeIgniter.php(351): CodeIgniter\CodeIgniter->handleRequest(null, Object(Config\Cache), false)
 5 FCPATH\index.php(67): CodeIgniter\CodeIgniter->run()
 6 SYSTEMPATH\Commands\Server\rewrite.php(46): require_once('FCPATH\\index.php')
CRITICAL - 2023-03-31 19:14:31 --> Undefined variable $t_qty1
in APPPATH\Controllers\AdminControllers.php on line 1975.
 1 APPPATH\Controllers\AdminControllers.php(1975): CodeIgniter\Debug\Exceptions->errorHandler(2, 'Undefined variable $t_qty1', 'APPPATH\\Controllers\\AdminControllers.php', 1975)
 2 SYSTEMPATH\CodeIgniter.php(927): App\Controllers\AdminControllers->edittransaksi('30')
 3 SYSTEMPATH\CodeIgniter.php(482): CodeIgniter\CodeIgniter->runController(Object(App\Controllers\AdminControllers))
 4 SYSTEMPATH\CodeIgniter.php(351): CodeIgniter\CodeIgniter->handleRequest(null, Object(Config\Cache), false)
 5 FCPATH\index.php(67): CodeIgniter\CodeIgniter->run()
 6 SYSTEMPATH\Commands\Server\rewrite.php(46): require_once('FCPATH\\index.php')
CRITICAL - 2023-03-31 19:15:05 --> Undefined variable $p_id1
in APPPATH\Controllers\AdminControllers.php on line 1975.
 1 APPPATH\Controllers\AdminControllers.php(1975): CodeIgniter\Debug\Exceptions->errorHandler(2, 'Undefined variable $p_id1', 'APPPATH\\Controllers\\AdminControllers.php', 1975)
 2 SYSTEMPATH\CodeIgniter.php(927): App\Controllers\AdminControllers->edittransaksi('30')
 3 SYSTEMPATH\CodeIgniter.php(482): CodeIgniter\CodeIgniter->runController(Object(App\Controllers\AdminControllers))
 4 SYSTEMPATH\CodeIgniter.php(351): CodeIgniter\CodeIgniter->handleRequest(null, Object(Config\Cache), false)
 5 FCPATH\index.php(67): CodeIgniter\CodeIgniter->run()
 6 SYSTEMPATH\Commands\Server\rewrite.php(46): require_once('FCPATH\\index.php')
CRITICAL - 2023-03-31 19:17:25 --> Trying to access array offset on value of type null
in APPPATH\Views\admin\DataTransaksi\TransaksiPaket\transaksiedit.php on line 36.
 1 APPPATH\Views\admin\DataTransaksi\TransaksiPaket\transaksiedit.php(36): CodeIgniter\Debug\Exceptions->errorHandler(2, 'Trying to access array offset on value of type null', 'APPPATH\\Views\\admin\\DataTransaksi\\TransaksiPaket\\transaksiedit.php', 36)
 2 SYSTEMPATH\View\View.php(213): include('APPPATH\\Views\\admin\\DataTransaksi\\TransaksiPaket\\transaksiedit.php')
 3 SYSTEMPATH\View\View.php(216): CodeIgniter\View\View->CodeIgniter\View\{closure}()
 4 SYSTEMPATH\Common.php(1134): CodeIgniter\View\View->render('admin/DataTransaksi/TransaksiPaket/transaksiedit', [], true)
 5 APPPATH\Controllers\AdminControllers.php(2002): view('admin/DataTransaksi/TransaksiPaket/transaksiedit', [...])
 6 SYSTEMPATH\CodeIgniter.php(927): App\Controllers\AdminControllers->edittransaksi('30')
 7 SYSTEMPATH\CodeIgniter.php(482): CodeIgniter\CodeIgniter->runController(Object(App\Controllers\AdminControllers))
 8 SYSTEMPATH\CodeIgniter.php(351): CodeIgniter\CodeIgniter->handleRequest(null, Object(Config\Cache), false)
 9 FCPATH\index.php(67): CodeIgniter\CodeIgniter->run()
10 SYSTEMPATH\Commands\Server\rewrite.php(46): require_once('FCPATH\\index.php')
CRITICAL - 2023-03-31 19:23:10 --> Undefined variable $tb_transaksi
in APPPATH\Views\admin\DataTransaksi\TransaksiPaket\transaksiedit.php on line 36.
 1 APPPATH\Views\admin\DataTransaksi\TransaksiPaket\transaksiedit.php(36): CodeIgniter\Debug\Exceptions->errorHandler(2, 'Undefined variable $tb_transaksi', 'APPPATH\\Views\\admin\\DataTransaksi\\TransaksiPaket\\transaksiedit.php', 36)
 2 SYSTEMPATH\View\View.php(213): include('APPPATH\\Views\\admin\\DataTransaksi\\TransaksiPaket\\transaksiedit.php')
 3 SYSTEMPATH\View\View.php(216): CodeIgniter\View\View->CodeIgniter\View\{closure}()
 4 SYSTEMPATH\Common.php(1134): CodeIgniter\View\View->render('admin/DataTransaksi/TransaksiPaket/transaksiedit', [], true)
 5 APPPATH\Controllers\AdminControllers.php(2004): view('admin/DataTransaksi/TransaksiPaket/transaksiedit', [...])
 6 SYSTEMPATH\CodeIgniter.php(927): App\Controllers\AdminControllers->edittransaksi('31')
 7 SYSTEMPATH\CodeIgniter.php(482): CodeIgniter\CodeIgniter->runController(Object(App\Controllers\AdminControllers))
 8 SYSTEMPATH\CodeIgniter.php(351): CodeIgniter\CodeIgniter->handleRequest(null, Object(Config\Cache), false)
 9 FCPATH\index.php(67): CodeIgniter\CodeIgniter->run()
10 SYSTEMPATH\Commands\Server\rewrite.php(46): require_once('FCPATH\\index.php')
CRITICAL - 2023-03-31 19:27:22 --> Call to a member function getResult() on bool
in APPPATH\Models\CicilanModels.php on line 89.
 1 APPPATH\Controllers\AdminControllers.php(1999): App\Models\CicilanModels->deletecicilan('31')
 2 SYSTEMPATH\CodeIgniter.php(927): App\Controllers\AdminControllers->edittransaksi('31')
 3 SYSTEMPATH\CodeIgniter.php(482): CodeIgniter\CodeIgniter->runController(Object(App\Controllers\AdminControllers))
 4 SYSTEMPATH\CodeIgniter.php(351): CodeIgniter\CodeIgniter->handleRequest(null, Object(Config\Cache), false)
 5 FCPATH\index.php(67): CodeIgniter\CodeIgniter->run()
 6 SYSTEMPATH\Commands\Server\rewrite.php(46): require_once('FCPATH\\index.php')
CRITICAL - 2023-03-31 19:29:07 --> Call to a member function getResult() on bool
in APPPATH\Models\CicilanModels.php on line 89.
 1 APPPATH\Controllers\AdminControllers.php(1943): App\Models\CicilanModels->deletecicilan('31')
 2 SYSTEMPATH\CodeIgniter.php(927): App\Controllers\AdminControllers->edittransaksi('31')
 3 SYSTEMPATH\CodeIgniter.php(482): CodeIgniter\CodeIgniter->runController(Object(App\Controllers\AdminControllers))
 4 SYSTEMPATH\CodeIgniter.php(351): CodeIgniter\CodeIgniter->handleRequest(null, Object(Config\Cache), false)
 5 FCPATH\index.php(67): CodeIgniter\CodeIgniter->run()
 6 SYSTEMPATH\Commands\Server\rewrite.php(46): require_once('FCPATH\\index.php')
CRITICAL - 2023-03-31 19:29:32 --> Call to a member function getResult() on bool
in APPPATH\Models\CicilanModels.php on line 89.
 1 APPPATH\Controllers\AdminControllers.php(1942): App\Models\CicilanModels->deletecicilan('31')
 2 SYSTEMPATH\CodeIgniter.php(927): App\Controllers\AdminControllers->edittransaksi('31')
 3 SYSTEMPATH\CodeIgniter.php(482): CodeIgniter\CodeIgniter->runController(Object(App\Controllers\AdminControllers))
 4 SYSTEMPATH\CodeIgniter.php(351): CodeIgniter\CodeIgniter->handleRequest(null, Object(Config\Cache), false)
 5 FCPATH\index.php(67): CodeIgniter\CodeIgniter->run()
 6 SYSTEMPATH\Commands\Server\rewrite.php(46): require_once('FCPATH\\index.php')
CRITICAL - 2023-03-31 19:29:36 --> Call to a member function getResult() on bool
in APPPATH\Models\CicilanModels.php on line 89.
 1 APPPATH\Controllers\AdminControllers.php(1942): App\Models\CicilanModels->deletecicilan('31')
 2 SYSTEMPATH\CodeIgniter.php(927): App\Controllers\AdminControllers->edittransaksi('31')
 3 SYSTEMPATH\CodeIgniter.php(482): CodeIgniter\CodeIgniter->runController(Object(App\Controllers\AdminControllers))
 4 SYSTEMPATH\CodeIgniter.php(351): CodeIgniter\CodeIgniter->handleRequest(null, Object(Config\Cache), false)
 5 FCPATH\index.php(67): CodeIgniter\CodeIgniter->run()
 6 SYSTEMPATH\Commands\Server\rewrite.php(46): require_once('FCPATH\\index.php')
CRITICAL - 2023-03-31 19:34:04 --> Undefined variable $t_idcicilan
in APPPATH\Controllers\AdminControllers.php on line 1982.
 1 APPPATH\Controllers\AdminControllers.php(1982): CodeIgniter\Debug\Exceptions->errorHandler(2, 'Undefined variable $t_idcicilan', 'APPPATH\\Controllers\\AdminControllers.php', 1982)
 2 SYSTEMPATH\CodeIgniter.php(927): App\Controllers\AdminControllers->edittransaksi('31')
 3 SYSTEMPATH\CodeIgniter.php(482): CodeIgniter\CodeIgniter->runController(Object(App\Controllers\AdminControllers))
 4 SYSTEMPATH\CodeIgniter.php(351): CodeIgniter\CodeIgniter->handleRequest(null, Object(Config\Cache), false)
 5 FCPATH\index.php(67): CodeIgniter\CodeIgniter->run()
 6 SYSTEMPATH\Commands\Server\rewrite.php(46): require_once('FCPATH\\index.php')
CRITICAL - 2023-03-31 19:37:52 --> Undefined variable $t_idcicilan
in APPPATH\Controllers\AdminControllers.php on line 1989.
 1 APPPATH\Controllers\AdminControllers.php(1989): CodeIgniter\Debug\Exceptions->errorHandler(2, 'Undefined variable $t_idcicilan', 'APPPATH\\Controllers\\AdminControllers.php', 1989)
 2 SYSTEMPATH\CodeIgniter.php(927): App\Controllers\AdminControllers->edittransaksi('31')
 3 SYSTEMPATH\CodeIgniter.php(482): CodeIgniter\CodeIgniter->runController(Object(App\Controllers\AdminControllers))
 4 SYSTEMPATH\CodeIgniter.php(351): CodeIgniter\CodeIgniter->handleRequest(null, Object(Config\Cache), false)
 5 FCPATH\index.php(67): CodeIgniter\CodeIgniter->run()
 6 SYSTEMPATH\Commands\Server\rewrite.php(46): require_once('FCPATH\\index.php')
CRITICAL - 2023-03-31 19:38:51 --> count(): Argument #1 ($value) must be of type Countable|array, string given
in APPPATH\Controllers\AdminControllers.php on line 1989.
 1 APPPATH\Controllers\AdminControllers.php(1989): count('32')
 2 SYSTEMPATH\CodeIgniter.php(927): App\Controllers\AdminControllers->edittransaksi('32')
 3 SYSTEMPATH\CodeIgniter.php(482): CodeIgniter\CodeIgniter->runController(Object(App\Controllers\AdminControllers))
 4 SYSTEMPATH\CodeIgniter.php(351): CodeIgniter\CodeIgniter->handleRequest(null, Object(Config\Cache), false)
 5 FCPATH\index.php(67): CodeIgniter\CodeIgniter->run()
 6 SYSTEMPATH\Commands\Server\rewrite.php(46): require_once('FCPATH\\index.php')
CRITICAL - 2023-03-31 19:48:07 --> Call to a member function getResult() on bool
in APPPATH\Models\CicilanModels.php on line 89.
 1 APPPATH\Controllers\AdminControllers.php(1983): App\Models\CicilanModels->deletecicilan('32')
 2 SYSTEMPATH\CodeIgniter.php(927): App\Controllers\AdminControllers->edittransaksi('32')
 3 SYSTEMPATH\CodeIgniter.php(482): CodeIgniter\CodeIgniter->runController(Object(App\Controllers\AdminControllers))
 4 SYSTEMPATH\CodeIgniter.php(351): CodeIgniter\CodeIgniter->handleRequest(null, Object(Config\Cache), false)
 5 FCPATH\index.php(67): CodeIgniter\CodeIgniter->run()
 6 SYSTEMPATH\Commands\Server\rewrite.php(46): require_once('FCPATH\\index.php')
CRITICAL - 2023-03-31 19:49:31 --> Call to a member function getResult() on bool
in APPPATH\Models\CicilanModels.php on line 89.
 1 APPPATH\Controllers\AdminControllers.php(1999): App\Models\CicilanModels->deletecicilan('32')
 2 SYSTEMPATH\CodeIgniter.php(927): App\Controllers\AdminControllers->edittransaksi('32')
 3 SYSTEMPATH\CodeIgniter.php(482): CodeIgniter\CodeIgniter->runController(Object(App\Controllers\AdminControllers))
 4 SYSTEMPATH\CodeIgniter.php(351): CodeIgniter\CodeIgniter->handleRequest(null, Object(Config\Cache), false)
 5 FCPATH\index.php(67): CodeIgniter\CodeIgniter->run()
 6 SYSTEMPATH\Commands\Server\rewrite.php(46): require_once('FCPATH\\index.php')
CRITICAL - 2023-03-31 19:49:45 --> Call to a member function getResult() on bool
in APPPATH\Models\CicilanModels.php on line 89.
 1 APPPATH\Controllers\AdminControllers.php(1999): App\Models\CicilanModels->deletecicilan('32')
 2 SYSTEMPATH\CodeIgniter.php(927): App\Controllers\AdminControllers->edittransaksi('32')
 3 SYSTEMPATH\CodeIgniter.php(482): CodeIgniter\CodeIgniter->runController(Object(App\Controllers\AdminControllers))
 4 SYSTEMPATH\CodeIgniter.php(351): CodeIgniter\CodeIgniter->handleRequest(null, Object(Config\Cache), false)
 5 FCPATH\index.php(67): CodeIgniter\CodeIgniter->run()
 6 SYSTEMPATH\Commands\Server\rewrite.php(46): require_once('FCPATH\\index.php')
CRITICAL - 2023-03-31 19:51:31 --> Call to a member function getResult() on bool
in APPPATH\Models\CicilanModels.php on line 89.
 1 APPPATH\Controllers\AdminControllers.php(2000): App\Models\CicilanModels->deletecicilan('32')
 2 SYSTEMPATH\CodeIgniter.php(927): App\Controllers\AdminControllers->edittransaksi('32')
 3 SYSTEMPATH\CodeIgniter.php(482): CodeIgniter\CodeIgniter->runController(Object(App\Controllers\AdminControllers))
 4 SYSTEMPATH\CodeIgniter.php(351): CodeIgniter\CodeIgniter->handleRequest(null, Object(Config\Cache), false)
 5 FCPATH\index.php(67): CodeIgniter\CodeIgniter->run()
 6 SYSTEMPATH\Commands\Server\rewrite.php(46): require_once('FCPATH\\index.php')
CRITICAL - 2023-03-31 19:52:18 --> Call to a member function getResult() on bool
in APPPATH\Models\CicilanModels.php on line 89.
 1 APPPATH\Controllers\AdminControllers.php(2000): App\Models\CicilanModels->deletecicilan('33')
 2 SYSTEMPATH\CodeIgniter.php(927): App\Controllers\AdminControllers->edittransaksi('33')
 3 SYSTEMPATH\CodeIgniter.php(482): CodeIgniter\CodeIgniter->runController(Object(App\Controllers\AdminControllers))
 4 SYSTEMPATH\CodeIgniter.php(351): CodeIgniter\CodeIgniter->handleRequest(null, Object(Config\Cache), false)
 5 FCPATH\index.php(67): CodeIgniter\CodeIgniter->run()
 6 SYSTEMPATH\Commands\Server\rewrite.php(46): require_once('FCPATH\\index.php')
CRITICAL - 2023-03-31 19:53:23 --> Call to a member function getResult() on bool
in APPPATH\Models\CicilanModels.php on line 89.
 1 APPPATH\Controllers\AdminControllers.php(2000): App\Models\CicilanModels->deletecicilan('33')
 2 SYSTEMPATH\CodeIgniter.php(927): App\Controllers\AdminControllers->edittransaksi('33')
 3 SYSTEMPATH\CodeIgniter.php(482): CodeIgniter\CodeIgniter->runController(Object(App\Controllers\AdminControllers))
 4 SYSTEMPATH\CodeIgniter.php(351): CodeIgniter\CodeIgniter->handleRequest(null, Object(Config\Cache), false)
 5 FCPATH\index.php(67): CodeIgniter\CodeIgniter->run()
 6 SYSTEMPATH\Commands\Server\rewrite.php(46): require_once('FCPATH\\index.php')
CRITICAL - 2023-03-31 19:54:25 --> Undefined array key "t_qty"
in APPPATH\Controllers\AdminControllers.php on line 100.
 1 APPPATH\Controllers\AdminControllers.php(100): CodeIgniter\Debug\Exceptions->errorHandler(2, 'Undefined array key "t_qty"', 'APPPATH\\Controllers\\AdminControllers.php', 100)
 2 SYSTEMPATH\CodeIgniter.php(927): App\Controllers\AdminControllers->PaketLogCicilan()
 3 SYSTEMPATH\CodeIgniter.php(482): CodeIgniter\CodeIgniter->runController(Object(App\Controllers\AdminControllers))
 4 SYSTEMPATH\CodeIgniter.php(351): CodeIgniter\CodeIgniter->handleRequest(null, Object(Config\Cache), false)
 5 FCPATH\index.php(67): CodeIgniter\CodeIgniter->run()
 6 SYSTEMPATH\Commands\Server\rewrite.php(46): require_once('FCPATH\\index.php')
CRITICAL - 2023-03-31 20:22:24 --> Undefined variable $AdminDashboard
in APPPATH\Views\admin\layout\menu.php on line 2.
 1 APPPATH\Views\admin\layout\menu.php(2): CodeIgniter\Debug\Exceptions->errorHandler(2, 'Undefined variable $AdminDashboard', 'APPPATH\\Views\\admin\\layout\\menu.php', 2)
 2 SYSTEMPATH\View\View.php(213): include('APPPATH\\Views\\admin\\layout\\menu.php')
 3 SYSTEMPATH\View\View.php(216): CodeIgniter\View\View->CodeIgniter\View\{closure}()
 4 SYSTEMPATH\View\View.php(431): CodeIgniter\View\View->render('admin/layout/menu', null, true)
 5 APPPATH\Views\coordinator\layout\default.php(313): CodeIgniter\View\View->include('admin/layout/menu')
 6 SYSTEMPATH\View\View.php(213): include('APPPATH\\Views\\coordinator\\layout\\default.php')
 7 SYSTEMPATH\View\View.php(216): CodeIgniter\View\View->CodeIgniter\View\{closure}()
 8 SYSTEMPATH\View\View.php(229): CodeIgniter\View\View->render('coordinator/layout/default', [], true)
 9 SYSTEMPATH\Common.php(1134): CodeIgniter\View\View->render('coordinator/dashboard', [], true)
10 APPPATH\Controllers\CoordinatorControllers.php(21): view('coordinator/dashboard')
11 SYSTEMPATH\CodeIgniter.php(927): App\Controllers\CoordinatorControllers->index()
12 SYSTEMPATH\CodeIgniter.php(482): CodeIgniter\CodeIgniter->runController(Object(App\Controllers\CoordinatorControllers))
13 SYSTEMPATH\CodeIgniter.php(351): CodeIgniter\CodeIgniter->handleRequest(null, Object(Config\Cache), false)
14 FCPATH\index.php(67): CodeIgniter\CodeIgniter->run()
15 SYSTEMPATH\Commands\Server\rewrite.php(46): require_once('FCPATH\\index.php')
