CRITICAL - 2023-02-15 18:18:02 --> There is no data to insert.
in SYSTEMPATH\BaseModel.php on line 729.
 1 SYSTEMPATH\BaseModel.php(729): CodeIgniter\Database\Exceptions\DataException::forEmptyDataset('insert')
 2 SYSTEMPATH\Model.php(667): CodeIgniter\BaseModel->insert([], true)
 3 APPPATH\Controllers\AdminControllers.php(1749): CodeIgniter\Model->insert([...])
 4 SYSTEMPATH\CodeIgniter.php(927): App\Controllers\AdminControllers->paketbarangprocess()
 5 SYSTEMPATH\CodeIgniter.php(482): CodeIgniter\CodeIgniter->runController(Object(App\Controllers\AdminControllers))
 6 SYSTEMPATH\CodeIgniter.php(351): CodeIgniter\CodeIgniter->handleRequest(null, Object(Config\Cache), false)
 7 FCPATH\index.php(67): CodeIgniter\CodeIgniter->run()
 8 SYSTEMPATH\Commands\Server\rewrite.php(46): require_once('FCPATH\\index.php')
CRITICAL - 2023-02-15 18:19:35 --> There is no data to insert.
in SYSTEMPATH\BaseModel.php on line 729.
 1 SYSTEMPATH\BaseModel.php(729): CodeIgniter\Database\Exceptions\DataException::forEmptyDataset('insert')
 2 SYSTEMPATH\Model.php(667): CodeIgniter\BaseModel->insert([], true)
 3 APPPATH\Controllers\AdminControllers.php(1749): CodeIgniter\Model->insert([...])
 4 SYSTEMPATH\CodeIgniter.php(927): App\Controllers\AdminControllers->paketbarangprocess()
 5 SYSTEMPATH\CodeIgniter.php(482): CodeIgniter\CodeIgniter->runController(Object(App\Controllers\AdminControllers))
 6 SYSTEMPATH\CodeIgniter.php(351): CodeIgniter\CodeIgniter->handleRequest(null, Object(Config\Cache), false)
 7 FCPATH\index.php(67): CodeIgniter\CodeIgniter->run()
 8 SYSTEMPATH\Commands\Server\rewrite.php(46): require_once('FCPATH\\index.php')
CRITICAL - 2023-02-15 18:20:21 --> There is no data to insert.
in SYSTEMPATH\BaseModel.php on line 729.
 1 SYSTEMPATH\BaseModel.php(729): CodeIgniter\Database\Exceptions\DataException::forEmptyDataset('insert')
 2 SYSTEMPATH\Model.php(667): CodeIgniter\BaseModel->insert([], true)
 3 APPPATH\Controllers\AdminControllers.php(1749): CodeIgniter\Model->insert([...])
 4 SYSTEMPATH\CodeIgniter.php(927): App\Controllers\AdminControllers->paketbarangprocess()
 5 SYSTEMPATH\CodeIgniter.php(482): CodeIgniter\CodeIgniter->runController(Object(App\Controllers\AdminControllers))
 6 SYSTEMPATH\CodeIgniter.php(351): CodeIgniter\CodeIgniter->handleRequest(null, Object(Config\Cache), false)
 7 FCPATH\index.php(67): CodeIgniter\CodeIgniter->run()
 8 SYSTEMPATH\Commands\Server\rewrite.php(46): require_once('FCPATH\\index.php')
CRITICAL - 2023-02-15 18:21:44 --> There is no data to insert.
in SYSTEMPATH\BaseModel.php on line 729.
 1 SYSTEMPATH\BaseModel.php(729): CodeIgniter\Database\Exceptions\DataException::forEmptyDataset('insert')
 2 SYSTEMPATH\Model.php(667): CodeIgniter\BaseModel->insert([], true)
 3 APPPATH\Controllers\AdminControllers.php(1750): CodeIgniter\Model->insert([...])
 4 SYSTEMPATH\CodeIgniter.php(927): App\Controllers\AdminControllers->paketbarangprocess()
 5 SYSTEMPATH\CodeIgniter.php(482): CodeIgniter\CodeIgniter->runController(Object(App\Controllers\AdminControllers))
 6 SYSTEMPATH\CodeIgniter.php(351): CodeIgniter\CodeIgniter->handleRequest(null, Object(Config\Cache), false)
 7 FCPATH\index.php(67): CodeIgniter\CodeIgniter->run()
 8 SYSTEMPATH\Commands\Server\rewrite.php(46): require_once('FCPATH\\index.php')
ERROR - 2023-02-15 18:52:57 --> mysqli_sql_exception: Cannot add or update a child row: a foreign key constraint fails (`arisya`.`tb_paket`, CONSTRAINT `tb_paket_ibfk_6` FOREIGN KEY (`p_barang`) REFERENCES `tb_pengambilan_paket` (`pp_id`)) in C:\xampp\htdocs\ProjectPaket\system\Database\MySQLi\Connection.php:292
Stack trace:
#0 C:\xampp\htdocs\ProjectPaket\system\Database\MySQLi\Connection.php(292): mysqli->query('INSERT INTO `tb...', 0)
#1 C:\xampp\htdocs\ProjectPaket\system\Database\BaseConnection.php(666): CodeIgniter\Database\MySQLi\Connection->execute('INSERT INTO `tb...')
#2 C:\xampp\htdocs\ProjectPaket\system\Database\BaseConnection.php(593): CodeIgniter\Database\BaseConnection->simpleQuery('INSERT INTO `tb...')
#3 C:\xampp\htdocs\ProjectPaket\system\Database\BaseBuilder.php(1916): CodeIgniter\Database\BaseConnection->query('INSERT INTO `tb...', Array, false)
#4 C:\xampp\htdocs\ProjectPaket\system\Model.php(279): CodeIgniter\Database\BaseBuilder->insert()
#5 C:\xampp\htdocs\ProjectPaket\system\BaseModel.php(749): CodeIgniter\Model->doInsert(Array)
#6 C:\xampp\htdocs\ProjectPaket\system\Model.php(667): CodeIgniter\BaseModel->insert(Array, true)
#7 C:\xampp\htdocs\ProjectPaket\app\Controllers\AdminControllers.php(1764): CodeIgniter\Model->insert(Array)
#8 C:\xampp\htdocs\ProjectPaket\system\CodeIgniter.php(927): App\Controllers\AdminControllers->paketbarangprocess()
#9 C:\xampp\htdocs\ProjectPaket\system\CodeIgniter.php(482): CodeIgniter\CodeIgniter->runController(Object(App\Controllers\AdminControllers))
#10 C:\xampp\htdocs\ProjectPaket\system\CodeIgniter.php(351): CodeIgniter\CodeIgniter->handleRequest(NULL, Object(Config\Cache), false)
#11 C:\xampp\htdocs\ProjectPaket\public\index.php(67): CodeIgniter\CodeIgniter->run()
#12 C:\xampp\htdocs\ProjectPaket\system\Commands\Server\rewrite.php(46): require_once('C:\\xampp\\htdocs...')
#13 {main}
CRITICAL - 2023-02-15 18:52:57 --> Cannot add or update a child row: a foreign key constraint fails (`arisya`.`tb_paket`, CONSTRAINT `tb_paket_ibfk_6` FOREIGN KEY (`p_barang`) REFERENCES `tb_pengambilan_paket` (`pp_id`))
in SYSTEMPATH\Database\MySQLi\Connection.php on line 292.
 1 SYSTEMPATH\Database\MySQLi\Connection.php(292): mysqli->query('INSERT INTO `tb_paket` (`p_nama`, `pe_id`, `p_hargaJual`, `p_hargaBarang`, `pa_id`, `p_cashback`, `p_insentive`, `p_laba`, `p_persentaseLaba`, `p_barang`, `u_id`, `created_at`) VALUES (\'12321\', \'1\', \'50,000\', \'50,000\', \'15\', \'56,575\', \'550,000\', \'123,123\', \'11\', 0, \'1\', \'2023-02-15 18:52:57\')', 0)
 2 SYSTEMPATH\Database\BaseConnection.php(666): CodeIgniter\Database\MySQLi\Connection->execute('INSERT INTO `tb_paket` (`p_nama`, `pe_id`, `p_hargaJual`, `p_hargaBarang`, `pa_id`, `p_cashback`, `p_insentive`, `p_laba`, `p_persentaseLaba`, `p_barang`, `u_id`, `created_at`) VALUES (\'12321\', \'1\', \'50,000\', \'50,000\', \'15\', \'56,575\', \'550,000\', \'123,123\', \'11\', 0, \'1\', \'2023-02-15 18:52:57\')')
 3 SYSTEMPATH\Database\BaseConnection.php(593): CodeIgniter\Database\BaseConnection->simpleQuery('INSERT INTO `tb_paket` (`p_nama`, `pe_id`, `p_hargaJual`, `p_hargaBarang`, `pa_id`, `p_cashback`, `p_insentive`, `p_laba`, `p_persentaseLaba`, `p_barang`, `u_id`, `created_at`) VALUES (\'12321\', \'1\', \'50,000\', \'50,000\', \'15\', \'56,575\', \'550,000\', \'123,123\', \'11\', 0, \'1\', \'2023-02-15 18:52:57\')')
 4 SYSTEMPATH\Database\BaseBuilder.php(1916): CodeIgniter\Database\BaseConnection->query('INSERT INTO `tb_paket` (`p_nama`, `pe_id`, `p_hargaJual`, `p_hargaBarang`, `pa_id`, `p_cashback`, `p_insentive`, `p_laba`, `p_persentaseLaba`, `p_barang`, `u_id`, `created_at`) VALUES (:p_nama:, :pe_id:, :p_hargaJual:, :p_hargaBarang:, :pa_id:, :p_cashback:, :p_insentive:, :p_laba:, :p_persentaseLaba:, :p_barang:, :u_id:, :created_at:)', [...], false)
 5 SYSTEMPATH\Model.php(279): CodeIgniter\Database\BaseBuilder->insert()
 6 SYSTEMPATH\BaseModel.php(749): CodeIgniter\Model->doInsert([...])
 7 SYSTEMPATH\Model.php(667): CodeIgniter\BaseModel->insert([...], true)
 8 APPPATH\Controllers\AdminControllers.php(1764): CodeIgniter\Model->insert([...])
 9 SYSTEMPATH\CodeIgniter.php(927): App\Controllers\AdminControllers->paketbarangprocess()
10 SYSTEMPATH\CodeIgniter.php(482): CodeIgniter\CodeIgniter->runController(Object(App\Controllers\AdminControllers))
11 SYSTEMPATH\CodeIgniter.php(351): CodeIgniter\CodeIgniter->handleRequest(null, Object(Config\Cache), false)
12 FCPATH\index.php(67): CodeIgniter\CodeIgniter->run()
13 SYSTEMPATH\Commands\Server\rewrite.php(46): require_once('FCPATH\\index.php')
CRITICAL - 2023-02-15 18:53:54 --> Undefined variable $tampil
in APPPATH\Views\admin\datapaketbarang.php on line 87.
 1 APPPATH\Views\admin\datapaketbarang.php(87): CodeIgniter\Debug\Exceptions->errorHandler(2, 'Undefined variable $tampil', 'APPPATH\\Views\\admin\\datapaketbarang.php', 87)
 2 SYSTEMPATH\View\View.php(213): include('APPPATH\\Views\\admin\\datapaketbarang.php')
 3 SYSTEMPATH\View\View.php(216): CodeIgniter\View\View->CodeIgniter\View\{closure}()
 4 SYSTEMPATH\Common.php(1134): CodeIgniter\View\View->render('admin/datapaketbarang', [], true)
 5 APPPATH\Controllers\AdminControllers.php(1796): view('admin/datapaketbarang', [...])
 6 SYSTEMPATH\CodeIgniter.php(927): App\Controllers\AdminControllers->listdatapaketbarang()
 7 SYSTEMPATH\CodeIgniter.php(482): CodeIgniter\CodeIgniter->runController(Object(App\Controllers\AdminControllers))
 8 SYSTEMPATH\CodeIgniter.php(351): CodeIgniter\CodeIgniter->handleRequest(null, Object(Config\Cache), false)
 9 FCPATH\index.php(67): CodeIgniter\CodeIgniter->run()
10 SYSTEMPATH\Commands\Server\rewrite.php(46): require_once('FCPATH\\index.php')
ERROR - 2023-02-15 19:01:36 --> mysqli_sql_exception: Cannot add or update a child row: a foreign key constraint fails (`arisya`.`tb_paket`, CONSTRAINT `tb_paket_ibfk_6` FOREIGN KEY (`p_barang`) REFERENCES `tb_pengambilan_paket` (`pp_id`)) in C:\xampp\htdocs\ProjectPaket\system\Database\MySQLi\Connection.php:292
Stack trace:
#0 C:\xampp\htdocs\ProjectPaket\system\Database\MySQLi\Connection.php(292): mysqli->query('INSERT INTO `tb...', 0)
#1 C:\xampp\htdocs\ProjectPaket\system\Database\BaseConnection.php(666): CodeIgniter\Database\MySQLi\Connection->execute('INSERT INTO `tb...')
#2 C:\xampp\htdocs\ProjectPaket\system\Database\BaseConnection.php(593): CodeIgniter\Database\BaseConnection->simpleQuery('INSERT INTO `tb...')
#3 C:\xampp\htdocs\ProjectPaket\system\Database\BaseBuilder.php(1916): CodeIgniter\Database\BaseConnection->query('INSERT INTO `tb...', Array, false)
#4 C:\xampp\htdocs\ProjectPaket\system\Model.php(279): CodeIgniter\Database\BaseBuilder->insert()
#5 C:\xampp\htdocs\ProjectPaket\system\BaseModel.php(749): CodeIgniter\Model->doInsert(Array)
#6 C:\xampp\htdocs\ProjectPaket\system\Model.php(667): CodeIgniter\BaseModel->insert(Array, true)
#7 C:\xampp\htdocs\ProjectPaket\app\Controllers\AdminControllers.php(1766): CodeIgniter\Model->insert(Array)
#8 C:\xampp\htdocs\ProjectPaket\system\CodeIgniter.php(927): App\Controllers\AdminControllers->paketbarangprocess()
#9 C:\xampp\htdocs\ProjectPaket\system\CodeIgniter.php(482): CodeIgniter\CodeIgniter->runController(Object(App\Controllers\AdminControllers))
#10 C:\xampp\htdocs\ProjectPaket\system\CodeIgniter.php(351): CodeIgniter\CodeIgniter->handleRequest(NULL, Object(Config\Cache), false)
#11 C:\xampp\htdocs\ProjectPaket\public\index.php(67): CodeIgniter\CodeIgniter->run()
#12 C:\xampp\htdocs\ProjectPaket\system\Commands\Server\rewrite.php(46): require_once('C:\\xampp\\htdocs...')
#13 {main}
CRITICAL - 2023-02-15 19:01:36 --> Cannot add or update a child row: a foreign key constraint fails (`arisya`.`tb_paket`, CONSTRAINT `tb_paket_ibfk_6` FOREIGN KEY (`p_barang`) REFERENCES `tb_pengambilan_paket` (`pp_id`))
in SYSTEMPATH\Database\MySQLi\Connection.php on line 292.
 1 SYSTEMPATH\Database\MySQLi\Connection.php(292): mysqli->query('INSERT INTO `tb_paket` (`p_nama`, `pe_id`, `p_hargaJual`, `p_hargaBarang`, `pa_id`, `p_cashback`, `p_insentive`, `p_laba`, `p_persentaseLaba`, `p_barang`, `u_id`, `created_at`) VALUES (\'PREMIUM\', \'1\', \'123,213\', \'111,111\', \'15\', \'56,575\', \'123,213\', \'123,123\', \'4\', 3, \'1\', \'2023-02-15 19:01:36\')', 0)
 2 SYSTEMPATH\Database\BaseConnection.php(666): CodeIgniter\Database\MySQLi\Connection->execute('INSERT INTO `tb_paket` (`p_nama`, `pe_id`, `p_hargaJual`, `p_hargaBarang`, `pa_id`, `p_cashback`, `p_insentive`, `p_laba`, `p_persentaseLaba`, `p_barang`, `u_id`, `created_at`) VALUES (\'PREMIUM\', \'1\', \'123,213\', \'111,111\', \'15\', \'56,575\', \'123,213\', \'123,123\', \'4\', 3, \'1\', \'2023-02-15 19:01:36\')')
 3 SYSTEMPATH\Database\BaseConnection.php(593): CodeIgniter\Database\BaseConnection->simpleQuery('INSERT INTO `tb_paket` (`p_nama`, `pe_id`, `p_hargaJual`, `p_hargaBarang`, `pa_id`, `p_cashback`, `p_insentive`, `p_laba`, `p_persentaseLaba`, `p_barang`, `u_id`, `created_at`) VALUES (\'PREMIUM\', \'1\', \'123,213\', \'111,111\', \'15\', \'56,575\', \'123,213\', \'123,123\', \'4\', 3, \'1\', \'2023-02-15 19:01:36\')')
 4 SYSTEMPATH\Database\BaseBuilder.php(1916): CodeIgniter\Database\BaseConnection->query('INSERT INTO `tb_paket` (`p_nama`, `pe_id`, `p_hargaJual`, `p_hargaBarang`, `pa_id`, `p_cashback`, `p_insentive`, `p_laba`, `p_persentaseLaba`, `p_barang`, `u_id`, `created_at`) VALUES (:p_nama:, :pe_id:, :p_hargaJual:, :p_hargaBarang:, :pa_id:, :p_cashback:, :p_insentive:, :p_laba:, :p_persentaseLaba:, :p_barang:, :u_id:, :created_at:)', [...], false)
 5 SYSTEMPATH\Model.php(279): CodeIgniter\Database\BaseBuilder->insert()
 6 SYSTEMPATH\BaseModel.php(749): CodeIgniter\Model->doInsert([...])
 7 SYSTEMPATH\Model.php(667): CodeIgniter\BaseModel->insert([...], true)
 8 APPPATH\Controllers\AdminControllers.php(1766): CodeIgniter\Model->insert([...])
 9 SYSTEMPATH\CodeIgniter.php(927): App\Controllers\AdminControllers->paketbarangprocess()
10 SYSTEMPATH\CodeIgniter.php(482): CodeIgniter\CodeIgniter->runController(Object(App\Controllers\AdminControllers))
11 SYSTEMPATH\CodeIgniter.php(351): CodeIgniter\CodeIgniter->handleRequest(null, Object(Config\Cache), false)
12 FCPATH\index.php(67): CodeIgniter\CodeIgniter->run()
13 SYSTEMPATH\Commands\Server\rewrite.php(46): require_once('FCPATH\\index.php')
ERROR - 2023-02-15 19:01:57 --> mysqli_sql_exception: Cannot add or update a child row: a foreign key constraint fails (`arisya`.`tb_paket`, CONSTRAINT `tb_paket_ibfk_6` FOREIGN KEY (`p_barang`) REFERENCES `tb_pengambilan_paket` (`pp_id`)) in C:\xampp\htdocs\ProjectPaket\system\Database\MySQLi\Connection.php:292
Stack trace:
#0 C:\xampp\htdocs\ProjectPaket\system\Database\MySQLi\Connection.php(292): mysqli->query('INSERT INTO `tb...', 0)
#1 C:\xampp\htdocs\ProjectPaket\system\Database\BaseConnection.php(666): CodeIgniter\Database\MySQLi\Connection->execute('INSERT INTO `tb...')
#2 C:\xampp\htdocs\ProjectPaket\system\Database\BaseConnection.php(593): CodeIgniter\Database\BaseConnection->simpleQuery('INSERT INTO `tb...')
#3 C:\xampp\htdocs\ProjectPaket\system\Database\BaseBuilder.php(1916): CodeIgniter\Database\BaseConnection->query('INSERT INTO `tb...', Array, false)
#4 C:\xampp\htdocs\ProjectPaket\system\Model.php(279): CodeIgniter\Database\BaseBuilder->insert()
#5 C:\xampp\htdocs\ProjectPaket\system\BaseModel.php(749): CodeIgniter\Model->doInsert(Array)
#6 C:\xampp\htdocs\ProjectPaket\system\Model.php(667): CodeIgniter\BaseModel->insert(Array, true)
#7 C:\xampp\htdocs\ProjectPaket\app\Controllers\AdminControllers.php(1763): CodeIgniter\Model->insert(Array)
#8 C:\xampp\htdocs\ProjectPaket\system\CodeIgniter.php(927): App\Controllers\AdminControllers->paketbarangprocess()
#9 C:\xampp\htdocs\ProjectPaket\system\CodeIgniter.php(482): CodeIgniter\CodeIgniter->runController(Object(App\Controllers\AdminControllers))
#10 C:\xampp\htdocs\ProjectPaket\system\CodeIgniter.php(351): CodeIgniter\CodeIgniter->handleRequest(NULL, Object(Config\Cache), false)
#11 C:\xampp\htdocs\ProjectPaket\public\index.php(67): CodeIgniter\CodeIgniter->run()
#12 C:\xampp\htdocs\ProjectPaket\system\Commands\Server\rewrite.php(46): require_once('C:\\xampp\\htdocs...')
#13 {main}
CRITICAL - 2023-02-15 19:01:57 --> Cannot add or update a child row: a foreign key constraint fails (`arisya`.`tb_paket`, CONSTRAINT `tb_paket_ibfk_6` FOREIGN KEY (`p_barang`) REFERENCES `tb_pengambilan_paket` (`pp_id`))
in SYSTEMPATH\Database\MySQLi\Connection.php on line 292.
 1 SYSTEMPATH\Database\MySQLi\Connection.php(292): mysqli->query('INSERT INTO `tb_paket` (`p_nama`, `pe_id`, `p_hargaJual`, `p_hargaBarang`, `pa_id`, `p_cashback`, `p_insentive`, `p_laba`, `p_persentaseLaba`, `p_barang`, `u_id`, `created_at`) VALUES (\'PREMIUM\', \'1\', \'123,213\', \'111,111\', \'15\', \'56,575\', \'123,213\', \'123,123\', \'4\', 6, \'1\', \'2023-02-15 19:01:56\')', 0)
 2 SYSTEMPATH\Database\BaseConnection.php(666): CodeIgniter\Database\MySQLi\Connection->execute('INSERT INTO `tb_paket` (`p_nama`, `pe_id`, `p_hargaJual`, `p_hargaBarang`, `pa_id`, `p_cashback`, `p_insentive`, `p_laba`, `p_persentaseLaba`, `p_barang`, `u_id`, `created_at`) VALUES (\'PREMIUM\', \'1\', \'123,213\', \'111,111\', \'15\', \'56,575\', \'123,213\', \'123,123\', \'4\', 6, \'1\', \'2023-02-15 19:01:56\')')
 3 SYSTEMPATH\Database\BaseConnection.php(593): CodeIgniter\Database\BaseConnection->simpleQuery('INSERT INTO `tb_paket` (`p_nama`, `pe_id`, `p_hargaJual`, `p_hargaBarang`, `pa_id`, `p_cashback`, `p_insentive`, `p_laba`, `p_persentaseLaba`, `p_barang`, `u_id`, `created_at`) VALUES (\'PREMIUM\', \'1\', \'123,213\', \'111,111\', \'15\', \'56,575\', \'123,213\', \'123,123\', \'4\', 6, \'1\', \'2023-02-15 19:01:56\')')
 4 SYSTEMPATH\Database\BaseBuilder.php(1916): CodeIgniter\Database\BaseConnection->query('INSERT INTO `tb_paket` (`p_nama`, `pe_id`, `p_hargaJual`, `p_hargaBarang`, `pa_id`, `p_cashback`, `p_insentive`, `p_laba`, `p_persentaseLaba`, `p_barang`, `u_id`, `created_at`) VALUES (:p_nama:, :pe_id:, :p_hargaJual:, :p_hargaBarang:, :pa_id:, :p_cashback:, :p_insentive:, :p_laba:, :p_persentaseLaba:, :p_barang:, :u_id:, :created_at:)', [...], false)
 5 SYSTEMPATH\Model.php(279): CodeIgniter\Database\BaseBuilder->insert()
 6 SYSTEMPATH\BaseModel.php(749): CodeIgniter\Model->doInsert([...])
 7 SYSTEMPATH\Model.php(667): CodeIgniter\BaseModel->insert([...], true)
 8 APPPATH\Controllers\AdminControllers.php(1763): CodeIgniter\Model->insert([...])
 9 SYSTEMPATH\CodeIgniter.php(927): App\Controllers\AdminControllers->paketbarangprocess()
10 SYSTEMPATH\CodeIgniter.php(482): CodeIgniter\CodeIgniter->runController(Object(App\Controllers\AdminControllers))
11 SYSTEMPATH\CodeIgniter.php(351): CodeIgniter\CodeIgniter->handleRequest(null, Object(Config\Cache), false)
12 FCPATH\index.php(67): CodeIgniter\CodeIgniter->run()
13 SYSTEMPATH\Commands\Server\rewrite.php(46): require_once('FCPATH\\index.php')
CRITICAL - 2023-02-15 19:49:08 --> Undefined variable $18
in APPPATH\Controllers\AdminControllers.php on line 1816.
 1 APPPATH\Controllers\AdminControllers.php(1816): CodeIgniter\Debug\Exceptions->errorHandler(2, 'Undefined variable $18', 'APPPATH\\Controllers\\AdminControllers.php', 1816)
 2 SYSTEMPATH\CodeIgniter.php(927): App\Controllers\AdminControllers->paketbarangprocess()
 3 SYSTEMPATH\CodeIgniter.php(482): CodeIgniter\CodeIgniter->runController(Object(App\Controllers\AdminControllers))
 4 SYSTEMPATH\CodeIgniter.php(351): CodeIgniter\CodeIgniter->handleRequest(null, Object(Config\Cache), false)
 5 FCPATH\index.php(67): CodeIgniter\CodeIgniter->run()
 6 SYSTEMPATH\Commands\Server\rewrite.php(46): require_once('FCPATH\\index.php')
CRITICAL - 2023-02-15 19:50:54 --> Undefined variable $sb_id3
in APPPATH\Controllers\AdminControllers.php on line 1819.
 1 APPPATH\Controllers\AdminControllers.php(1819): CodeIgniter\Debug\Exceptions->errorHandler(2, 'Undefined variable $sb_id3', 'APPPATH\\Controllers\\AdminControllers.php', 1819)
 2 SYSTEMPATH\CodeIgniter.php(927): App\Controllers\AdminControllers->paketbarangprocess()
 3 SYSTEMPATH\CodeIgniter.php(482): CodeIgniter\CodeIgniter->runController(Object(App\Controllers\AdminControllers))
 4 SYSTEMPATH\CodeIgniter.php(351): CodeIgniter\CodeIgniter->handleRequest(null, Object(Config\Cache), false)
 5 FCPATH\index.php(67): CodeIgniter\CodeIgniter->run()
 6 SYSTEMPATH\Commands\Server\rewrite.php(46): require_once('FCPATH\\index.php')
CRITICAL - 2023-02-15 19:59:55 --> Undefined variable $sb_id3
in APPPATH\Controllers\AdminControllers.php on line 1852.
 1 APPPATH\Controllers\AdminControllers.php(1852): CodeIgniter\Debug\Exceptions->errorHandler(2, 'Undefined variable $sb_id3', 'APPPATH\\Controllers\\AdminControllers.php', 1852)
 2 SYSTEMPATH\CodeIgniter.php(927): App\Controllers\AdminControllers->paketbarangprocess()
 3 SYSTEMPATH\CodeIgniter.php(482): CodeIgniter\CodeIgniter->runController(Object(App\Controllers\AdminControllers))
 4 SYSTEMPATH\CodeIgniter.php(351): CodeIgniter\CodeIgniter->handleRequest(null, Object(Config\Cache), false)
 5 FCPATH\index.php(67): CodeIgniter\CodeIgniter->run()
 6 SYSTEMPATH\Commands\Server\rewrite.php(46): require_once('FCPATH\\index.php')
CRITICAL - 2023-02-15 20:03:03 --> Undefined variable $sb_id3
in APPPATH\Controllers\AdminControllers.php on line 1852.
 1 APPPATH\Controllers\AdminControllers.php(1852): CodeIgniter\Debug\Exceptions->errorHandler(2, 'Undefined variable $sb_id3', 'APPPATH\\Controllers\\AdminControllers.php', 1852)
 2 SYSTEMPATH\CodeIgniter.php(927): App\Controllers\AdminControllers->paketbarangprocess()
 3 SYSTEMPATH\CodeIgniter.php(482): CodeIgniter\CodeIgniter->runController(Object(App\Controllers\AdminControllers))
 4 SYSTEMPATH\CodeIgniter.php(351): CodeIgniter\CodeIgniter->handleRequest(null, Object(Config\Cache), false)
 5 FCPATH\index.php(67): CodeIgniter\CodeIgniter->run()
 6 SYSTEMPATH\Commands\Server\rewrite.php(46): require_once('FCPATH\\index.php')
CRITICAL - 2023-02-15 20:07:54 --> Undefined variable $sb_id3
in APPPATH\Controllers\AdminControllers.php on line 1849.
 1 APPPATH\Controllers\AdminControllers.php(1849): CodeIgniter\Debug\Exceptions->errorHandler(2, 'Undefined variable $sb_id3', 'APPPATH\\Controllers\\AdminControllers.php', 1849)
 2 SYSTEMPATH\CodeIgniter.php(927): App\Controllers\AdminControllers->paketbarangprocess()
 3 SYSTEMPATH\CodeIgniter.php(482): CodeIgniter\CodeIgniter->runController(Object(App\Controllers\AdminControllers))
 4 SYSTEMPATH\CodeIgniter.php(351): CodeIgniter\CodeIgniter->handleRequest(null, Object(Config\Cache), false)
 5 FCPATH\index.php(67): CodeIgniter\CodeIgniter->run()
 6 SYSTEMPATH\Commands\Server\rewrite.php(46): require_once('FCPATH\\index.php')
CRITICAL - 2023-02-15 20:08:30 --> Undefined variable $sb_id3
in APPPATH\Controllers\AdminControllers.php on line 1849.
 1 APPPATH\Controllers\AdminControllers.php(1849): CodeIgniter\Debug\Exceptions->errorHandler(2, 'Undefined variable $sb_id3', 'APPPATH\\Controllers\\AdminControllers.php', 1849)
 2 SYSTEMPATH\CodeIgniter.php(927): App\Controllers\AdminControllers->paketbarangprocess()
 3 SYSTEMPATH\CodeIgniter.php(482): CodeIgniter\CodeIgniter->runController(Object(App\Controllers\AdminControllers))
 4 SYSTEMPATH\CodeIgniter.php(351): CodeIgniter\CodeIgniter->handleRequest(null, Object(Config\Cache), false)
 5 FCPATH\index.php(67): CodeIgniter\CodeIgniter->run()
 6 SYSTEMPATH\Commands\Server\rewrite.php(46): require_once('FCPATH\\index.php')
CRITICAL - 2023-02-15 20:09:23 --> Undefined variable $sb_id3
in APPPATH\Controllers\AdminControllers.php on line 1849.
 1 APPPATH\Controllers\AdminControllers.php(1849): CodeIgniter\Debug\Exceptions->errorHandler(2, 'Undefined variable $sb_id3', 'APPPATH\\Controllers\\AdminControllers.php', 1849)
 2 SYSTEMPATH\CodeIgniter.php(927): App\Controllers\AdminControllers->paketbarangprocess()
 3 SYSTEMPATH\CodeIgniter.php(482): CodeIgniter\CodeIgniter->runController(Object(App\Controllers\AdminControllers))
 4 SYSTEMPATH\CodeIgniter.php(351): CodeIgniter\CodeIgniter->handleRequest(null, Object(Config\Cache), false)
 5 FCPATH\index.php(67): CodeIgniter\CodeIgniter->run()
 6 SYSTEMPATH\Commands\Server\rewrite.php(46): require_once('FCPATH\\index.php')
ERROR - 2023-02-15 20:39:30 --> mysqli_sql_exception: Column 'p_id' cannot be null in C:\xampp\htdocs\ProjectPaket\system\Database\MySQLi\Connection.php:292
Stack trace:
#0 C:\xampp\htdocs\ProjectPaket\system\Database\MySQLi\Connection.php(292): mysqli->query('INSERT INTO `tb...', 0)
#1 C:\xampp\htdocs\ProjectPaket\system\Database\BaseConnection.php(666): CodeIgniter\Database\MySQLi\Connection->execute('INSERT INTO `tb...')
#2 C:\xampp\htdocs\ProjectPaket\system\Database\BaseConnection.php(593): CodeIgniter\Database\BaseConnection->simpleQuery('INSERT INTO `tb...')
#3 C:\xampp\htdocs\ProjectPaket\system\Database\BaseBuilder.php(1916): CodeIgniter\Database\BaseConnection->query('INSERT INTO `tb...', Array, false)
#4 C:\xampp\htdocs\ProjectPaket\system\Model.php(279): CodeIgniter\Database\BaseBuilder->insert()
#5 C:\xampp\htdocs\ProjectPaket\system\BaseModel.php(749): CodeIgniter\Model->doInsert(Array)
#6 C:\xampp\htdocs\ProjectPaket\system\Model.php(667): CodeIgniter\BaseModel->insert(Array, true)
#7 C:\xampp\htdocs\ProjectPaket\app\Controllers\AdminControllers.php(1762): CodeIgniter\Model->insert(Array)
#8 C:\xampp\htdocs\ProjectPaket\system\CodeIgniter.php(927): App\Controllers\AdminControllers->paketbarangprocess()
#9 C:\xampp\htdocs\ProjectPaket\system\CodeIgniter.php(482): CodeIgniter\CodeIgniter->runController(Object(App\Controllers\AdminControllers))
#10 C:\xampp\htdocs\ProjectPaket\system\CodeIgniter.php(351): CodeIgniter\CodeIgniter->handleRequest(NULL, Object(Config\Cache), false)
#11 C:\xampp\htdocs\ProjectPaket\public\index.php(67): CodeIgniter\CodeIgniter->run()
#12 C:\xampp\htdocs\ProjectPaket\system\Commands\Server\rewrite.php(46): require_once('C:\\xampp\\htdocs...')
#13 {main}
CRITICAL - 2023-02-15 20:39:30 --> Column 'p_id' cannot be null
in SYSTEMPATH\Database\MySQLi\Connection.php on line 292.
 1 SYSTEMPATH\Database\MySQLi\Connection.php(292): mysqli->query('INSERT INTO `tb_pengambilan_paket` (`p_id`, `sb_id`) VALUES (NULL, \'18\')', 0)
 2 SYSTEMPATH\Database\BaseConnection.php(666): CodeIgniter\Database\MySQLi\Connection->execute('INSERT INTO `tb_pengambilan_paket` (`p_id`, `sb_id`) VALUES (NULL, \'18\')')
 3 SYSTEMPATH\Database\BaseConnection.php(593): CodeIgniter\Database\BaseConnection->simpleQuery('INSERT INTO `tb_pengambilan_paket` (`p_id`, `sb_id`) VALUES (NULL, \'18\')')
 4 SYSTEMPATH\Database\BaseBuilder.php(1916): CodeIgniter\Database\BaseConnection->query('INSERT INTO `tb_pengambilan_paket` (`p_id`, `sb_id`) VALUES (:p_id:, :sb_id:)', [...], false)
 5 SYSTEMPATH\Model.php(279): CodeIgniter\Database\BaseBuilder->insert()
 6 SYSTEMPATH\BaseModel.php(749): CodeIgniter\Model->doInsert([...])
 7 SYSTEMPATH\Model.php(667): CodeIgniter\BaseModel->insert([...], true)
 8 APPPATH\Controllers\AdminControllers.php(1762): CodeIgniter\Model->insert([...])
 9 SYSTEMPATH\CodeIgniter.php(927): App\Controllers\AdminControllers->paketbarangprocess()
10 SYSTEMPATH\CodeIgniter.php(482): CodeIgniter\CodeIgniter->runController(Object(App\Controllers\AdminControllers))
11 SYSTEMPATH\CodeIgniter.php(351): CodeIgniter\CodeIgniter->handleRequest(null, Object(Config\Cache), false)
12 FCPATH\index.php(67): CodeIgniter\CodeIgniter->run()
13 SYSTEMPATH\Commands\Server\rewrite.php(46): require_once('FCPATH\\index.php')
ERROR - 2023-02-15 20:41:12 --> mysqli_sql_exception: Column 'p_id' cannot be null in C:\xampp\htdocs\ProjectPaket\system\Database\MySQLi\Connection.php:292
Stack trace:
#0 C:\xampp\htdocs\ProjectPaket\system\Database\MySQLi\Connection.php(292): mysqli->query('INSERT INTO `tb...', 0)
#1 C:\xampp\htdocs\ProjectPaket\system\Database\BaseConnection.php(666): CodeIgniter\Database\MySQLi\Connection->execute('INSERT INTO `tb...')
#2 C:\xampp\htdocs\ProjectPaket\system\Database\BaseConnection.php(593): CodeIgniter\Database\BaseConnection->simpleQuery('INSERT INTO `tb...')
#3 C:\xampp\htdocs\ProjectPaket\system\Database\BaseBuilder.php(1916): CodeIgniter\Database\BaseConnection->query('INSERT INTO `tb...', Array, false)
#4 C:\xampp\htdocs\ProjectPaket\system\Model.php(279): CodeIgniter\Database\BaseBuilder->insert()
#5 C:\xampp\htdocs\ProjectPaket\system\BaseModel.php(749): CodeIgniter\Model->doInsert(Array)
#6 C:\xampp\htdocs\ProjectPaket\system\Model.php(667): CodeIgniter\BaseModel->insert(Array, true)
#7 C:\xampp\htdocs\ProjectPaket\app\Controllers\AdminControllers.php(1762): CodeIgniter\Model->insert(Array)
#8 C:\xampp\htdocs\ProjectPaket\system\CodeIgniter.php(927): App\Controllers\AdminControllers->paketbarangprocess()
#9 C:\xampp\htdocs\ProjectPaket\system\CodeIgniter.php(482): CodeIgniter\CodeIgniter->runController(Object(App\Controllers\AdminControllers))
#10 C:\xampp\htdocs\ProjectPaket\system\CodeIgniter.php(351): CodeIgniter\CodeIgniter->handleRequest(NULL, Object(Config\Cache), false)
#11 C:\xampp\htdocs\ProjectPaket\public\index.php(67): CodeIgniter\CodeIgniter->run()
#12 C:\xampp\htdocs\ProjectPaket\system\Commands\Server\rewrite.php(46): require_once('C:\\xampp\\htdocs...')
#13 {main}
CRITICAL - 2023-02-15 20:41:12 --> Column 'p_id' cannot be null
in SYSTEMPATH\Database\MySQLi\Connection.php on line 292.
 1 SYSTEMPATH\Database\MySQLi\Connection.php(292): mysqli->query('INSERT INTO `tb_pengambilan_paket` (`p_id`, `sb_id`) VALUES (NULL, \'18\')', 0)
 2 SYSTEMPATH\Database\BaseConnection.php(666): CodeIgniter\Database\MySQLi\Connection->execute('INSERT INTO `tb_pengambilan_paket` (`p_id`, `sb_id`) VALUES (NULL, \'18\')')
 3 SYSTEMPATH\Database\BaseConnection.php(593): CodeIgniter\Database\BaseConnection->simpleQuery('INSERT INTO `tb_pengambilan_paket` (`p_id`, `sb_id`) VALUES (NULL, \'18\')')
 4 SYSTEMPATH\Database\BaseBuilder.php(1916): CodeIgniter\Database\BaseConnection->query('INSERT INTO `tb_pengambilan_paket` (`p_id`, `sb_id`) VALUES (:p_id:, :sb_id:)', [...], false)
 5 SYSTEMPATH\Model.php(279): CodeIgniter\Database\BaseBuilder->insert()
 6 SYSTEMPATH\BaseModel.php(749): CodeIgniter\Model->doInsert([...])
 7 SYSTEMPATH\Model.php(667): CodeIgniter\BaseModel->insert([...], true)
 8 APPPATH\Controllers\AdminControllers.php(1762): CodeIgniter\Model->insert([...])
 9 SYSTEMPATH\CodeIgniter.php(927): App\Controllers\AdminControllers->paketbarangprocess()
10 SYSTEMPATH\CodeIgniter.php(482): CodeIgniter\CodeIgniter->runController(Object(App\Controllers\AdminControllers))
11 SYSTEMPATH\CodeIgniter.php(351): CodeIgniter\CodeIgniter->handleRequest(null, Object(Config\Cache), false)
12 FCPATH\index.php(67): CodeIgniter\CodeIgniter->run()
13 SYSTEMPATH\Commands\Server\rewrite.php(46): require_once('FCPATH\\index.php')
CRITICAL - 2023-02-15 20:42:35 --> Undefined array key "p_barang"
in APPPATH\Views\admin\datapaketbarang.php on line 79.
 1 APPPATH\Views\admin\datapaketbarang.php(79): CodeIgniter\Debug\Exceptions->errorHandler(2, 'Undefined array key "p_barang"', 'APPPATH\\Views\\admin\\datapaketbarang.php', 79)
 2 SYSTEMPATH\View\View.php(213): include('APPPATH\\Views\\admin\\datapaketbarang.php')
 3 SYSTEMPATH\View\View.php(216): CodeIgniter\View\View->CodeIgniter\View\{closure}()
 4 SYSTEMPATH\Common.php(1134): CodeIgniter\View\View->render('admin/datapaketbarang', [], true)
 5 APPPATH\Controllers\AdminControllers.php(1797): view('admin/datapaketbarang', [...])
 6 SYSTEMPATH\CodeIgniter.php(927): App\Controllers\AdminControllers->listdatapaketbarang()
 7 SYSTEMPATH\CodeIgniter.php(482): CodeIgniter\CodeIgniter->runController(Object(App\Controllers\AdminControllers))
 8 SYSTEMPATH\CodeIgniter.php(351): CodeIgniter\CodeIgniter->handleRequest(null, Object(Config\Cache), false)
 9 FCPATH\index.php(67): CodeIgniter\CodeIgniter->run()
10 SYSTEMPATH\Commands\Server\rewrite.php(46): require_once('FCPATH\\index.php')
CRITICAL - 2023-02-15 20:45:55 --> Undefined array key "p_barang"
in APPPATH\Views\admin\datapaketbarang.php on line 79.
 1 APPPATH\Views\admin\datapaketbarang.php(79): CodeIgniter\Debug\Exceptions->errorHandler(2, 'Undefined array key "p_barang"', 'APPPATH\\Views\\admin\\datapaketbarang.php', 79)
 2 SYSTEMPATH\View\View.php(213): include('APPPATH\\Views\\admin\\datapaketbarang.php')
 3 SYSTEMPATH\View\View.php(216): CodeIgniter\View\View->CodeIgniter\View\{closure}()
 4 SYSTEMPATH\Common.php(1134): CodeIgniter\View\View->render('admin/datapaketbarang', [], true)
 5 APPPATH\Controllers\AdminControllers.php(1796): view('admin/datapaketbarang', [...])
 6 SYSTEMPATH\CodeIgniter.php(927): App\Controllers\AdminControllers->listdatapaketbarang()
 7 SYSTEMPATH\CodeIgniter.php(482): CodeIgniter\CodeIgniter->runController(Object(App\Controllers\AdminControllers))
 8 SYSTEMPATH\CodeIgniter.php(351): CodeIgniter\CodeIgniter->handleRequest(null, Object(Config\Cache), false)
 9 FCPATH\index.php(67): CodeIgniter\CodeIgniter->run()
10 SYSTEMPATH\Commands\Server\rewrite.php(46): require_once('FCPATH\\index.php')
CRITICAL - 2023-02-15 21:01:52 --> Undefined variable $pengambilanpaket
in APPPATH\Views\admin\datapaketbarang.php on line 79.
 1 APPPATH\Views\admin\datapaketbarang.php(79): CodeIgniter\Debug\Exceptions->errorHandler(2, 'Undefined variable $pengambilanpaket', 'APPPATH\\Views\\admin\\datapaketbarang.php', 79)
 2 SYSTEMPATH\View\View.php(213): include('APPPATH\\Views\\admin\\datapaketbarang.php')
 3 SYSTEMPATH\View\View.php(216): CodeIgniter\View\View->CodeIgniter\View\{closure}()
 4 SYSTEMPATH\Common.php(1134): CodeIgniter\View\View->render('admin/datapaketbarang', [], true)
 5 APPPATH\Controllers\AdminControllers.php(1797): view('admin/datapaketbarang', [...])
 6 SYSTEMPATH\CodeIgniter.php(927): App\Controllers\AdminControllers->listdatapaketbarang()
 7 SYSTEMPATH\CodeIgniter.php(482): CodeIgniter\CodeIgniter->runController(Object(App\Controllers\AdminControllers))
 8 SYSTEMPATH\CodeIgniter.php(351): CodeIgniter\CodeIgniter->handleRequest(null, Object(Config\Cache), false)
 9 FCPATH\index.php(67): CodeIgniter\CodeIgniter->run()
10 SYSTEMPATH\Commands\Server\rewrite.php(46): require_once('FCPATH\\index.php')
CRITICAL - 2023-02-15 21:02:54 --> Undefined variable $pengambilanpaket
in APPPATH\Views\admin\datapaketbarang.php on line 79.
 1 APPPATH\Views\admin\datapaketbarang.php(79): CodeIgniter\Debug\Exceptions->errorHandler(2, 'Undefined variable $pengambilanpaket', 'APPPATH\\Views\\admin\\datapaketbarang.php', 79)
 2 SYSTEMPATH\View\View.php(213): include('APPPATH\\Views\\admin\\datapaketbarang.php')
 3 SYSTEMPATH\View\View.php(216): CodeIgniter\View\View->CodeIgniter\View\{closure}()
 4 SYSTEMPATH\Common.php(1134): CodeIgniter\View\View->render('admin/datapaketbarang', [], true)
 5 APPPATH\Controllers\AdminControllers.php(1797): view('admin/datapaketbarang', [...])
 6 SYSTEMPATH\CodeIgniter.php(927): App\Controllers\AdminControllers->listdatapaketbarang()
 7 SYSTEMPATH\CodeIgniter.php(482): CodeIgniter\CodeIgniter->runController(Object(App\Controllers\AdminControllers))
 8 SYSTEMPATH\CodeIgniter.php(351): CodeIgniter\CodeIgniter->handleRequest(null, Object(Config\Cache), false)
 9 FCPATH\index.php(67): CodeIgniter\CodeIgniter->run()
10 SYSTEMPATH\Commands\Server\rewrite.php(46): require_once('FCPATH\\index.php')
CRITICAL - 2023-02-15 21:02:56 --> Undefined variable $pengambilanpaket
in APPPATH\Views\admin\datapaketbarang.php on line 79.
 1 APPPATH\Views\admin\datapaketbarang.php(79): CodeIgniter\Debug\Exceptions->errorHandler(2, 'Undefined variable $pengambilanpaket', 'APPPATH\\Views\\admin\\datapaketbarang.php', 79)
 2 SYSTEMPATH\View\View.php(213): include('APPPATH\\Views\\admin\\datapaketbarang.php')
 3 SYSTEMPATH\View\View.php(216): CodeIgniter\View\View->CodeIgniter\View\{closure}()
 4 SYSTEMPATH\Common.php(1134): CodeIgniter\View\View->render('admin/datapaketbarang', [], true)
 5 APPPATH\Controllers\AdminControllers.php(1797): view('admin/datapaketbarang', [...])
 6 SYSTEMPATH\CodeIgniter.php(927): App\Controllers\AdminControllers->listdatapaketbarang()
 7 SYSTEMPATH\CodeIgniter.php(482): CodeIgniter\CodeIgniter->runController(Object(App\Controllers\AdminControllers))
 8 SYSTEMPATH\CodeIgniter.php(351): CodeIgniter\CodeIgniter->handleRequest(null, Object(Config\Cache), false)
 9 FCPATH\index.php(67): CodeIgniter\CodeIgniter->run()
10 SYSTEMPATH\Commands\Server\rewrite.php(46): require_once('FCPATH\\index.php')
CRITICAL - 2023-02-15 21:03:13 --> Undefined variable $pengambilanpaket
in APPPATH\Views\admin\datapaketbarang.php on line 79.
 1 APPPATH\Views\admin\datapaketbarang.php(79): CodeIgniter\Debug\Exceptions->errorHandler(2, 'Undefined variable $pengambilanpaket', 'APPPATH\\Views\\admin\\datapaketbarang.php', 79)
 2 SYSTEMPATH\View\View.php(213): include('APPPATH\\Views\\admin\\datapaketbarang.php')
 3 SYSTEMPATH\View\View.php(216): CodeIgniter\View\View->CodeIgniter\View\{closure}()
 4 SYSTEMPATH\Common.php(1134): CodeIgniter\View\View->render('admin/datapaketbarang', [], true)
 5 APPPATH\Controllers\AdminControllers.php(1797): view('admin/datapaketbarang', [...])
 6 SYSTEMPATH\CodeIgniter.php(927): App\Controllers\AdminControllers->listdatapaketbarang()
 7 SYSTEMPATH\CodeIgniter.php(482): CodeIgniter\CodeIgniter->runController(Object(App\Controllers\AdminControllers))
 8 SYSTEMPATH\CodeIgniter.php(351): CodeIgniter\CodeIgniter->handleRequest(null, Object(Config\Cache), false)
 9 FCPATH\index.php(67): CodeIgniter\CodeIgniter->run()
10 SYSTEMPATH\Commands\Server\rewrite.php(46): require_once('FCPATH\\index.php')
CRITICAL - 2023-02-15 21:08:17 --> Undefined variable $pengambilanpaket
in APPPATH\Views\admin\datapaketbarang.php on line 76.
 1 APPPATH\Views\admin\datapaketbarang.php(76): CodeIgniter\Debug\Exceptions->errorHandler(2, 'Undefined variable $pengambilanpaket', 'APPPATH\\Views\\admin\\datapaketbarang.php', 76)
 2 SYSTEMPATH\View\View.php(213): include('APPPATH\\Views\\admin\\datapaketbarang.php')
 3 SYSTEMPATH\View\View.php(216): CodeIgniter\View\View->CodeIgniter\View\{closure}()
 4 SYSTEMPATH\Common.php(1134): CodeIgniter\View\View->render('admin/datapaketbarang', [], true)
 5 APPPATH\Controllers\AdminControllers.php(1797): view('admin/datapaketbarang', [...])
 6 SYSTEMPATH\CodeIgniter.php(927): App\Controllers\AdminControllers->listdatapaketbarang()
 7 SYSTEMPATH\CodeIgniter.php(482): CodeIgniter\CodeIgniter->runController(Object(App\Controllers\AdminControllers))
 8 SYSTEMPATH\CodeIgniter.php(351): CodeIgniter\CodeIgniter->handleRequest(null, Object(Config\Cache), false)
 9 FCPATH\index.php(67): CodeIgniter\CodeIgniter->run()
10 SYSTEMPATH\Commands\Server\rewrite.php(46): require_once('FCPATH\\index.php')
CRITICAL - 2023-02-15 21:09:58 --> Undefined variable $pengambilanpaket
in APPPATH\Views\admin\datapaketbarang.php on line 76.
 1 APPPATH\Views\admin\datapaketbarang.php(76): CodeIgniter\Debug\Exceptions->errorHandler(2, 'Undefined variable $pengambilanpaket', 'APPPATH\\Views\\admin\\datapaketbarang.php', 76)
 2 SYSTEMPATH\View\View.php(213): include('APPPATH\\Views\\admin\\datapaketbarang.php')
 3 SYSTEMPATH\View\View.php(216): CodeIgniter\View\View->CodeIgniter\View\{closure}()
 4 SYSTEMPATH\Common.php(1134): CodeIgniter\View\View->render('admin/datapaketbarang', [], true)
 5 APPPATH\Controllers\AdminControllers.php(1798): view('admin/datapaketbarang', [...])
 6 SYSTEMPATH\CodeIgniter.php(927): App\Controllers\AdminControllers->listdatapaketbarang()
 7 SYSTEMPATH\CodeIgniter.php(482): CodeIgniter\CodeIgniter->runController(Object(App\Controllers\AdminControllers))
 8 SYSTEMPATH\CodeIgniter.php(351): CodeIgniter\CodeIgniter->handleRequest(null, Object(Config\Cache), false)
 9 FCPATH\index.php(67): CodeIgniter\CodeIgniter->run()
10 SYSTEMPATH\Commands\Server\rewrite.php(46): require_once('FCPATH\\index.php')
CRITICAL - 2023-02-15 21:10:28 --> Undefined variable $pengambilan_paket
in APPPATH\Views\admin\datapaketbarang.php on line 76.
 1 APPPATH\Views\admin\datapaketbarang.php(76): CodeIgniter\Debug\Exceptions->errorHandler(2, 'Undefined variable $pengambilan_paket', 'APPPATH\\Views\\admin\\datapaketbarang.php', 76)
 2 SYSTEMPATH\View\View.php(213): include('APPPATH\\Views\\admin\\datapaketbarang.php')
 3 SYSTEMPATH\View\View.php(216): CodeIgniter\View\View->CodeIgniter\View\{closure}()
 4 SYSTEMPATH\Common.php(1134): CodeIgniter\View\View->render('admin/datapaketbarang', [], true)
 5 APPPATH\Controllers\AdminControllers.php(1797): view('admin/datapaketbarang', [...])
 6 SYSTEMPATH\CodeIgniter.php(927): App\Controllers\AdminControllers->listdatapaketbarang()
 7 SYSTEMPATH\CodeIgniter.php(482): CodeIgniter\CodeIgniter->runController(Object(App\Controllers\AdminControllers))
 8 SYSTEMPATH\CodeIgniter.php(351): CodeIgniter\CodeIgniter->handleRequest(null, Object(Config\Cache), false)
 9 FCPATH\index.php(67): CodeIgniter\CodeIgniter->run()
10 SYSTEMPATH\Commands\Server\rewrite.php(46): require_once('FCPATH\\index.php')
CRITICAL - 2023-02-15 21:14:51 --> Undefined variable $pengambilan_paket
in APPPATH\Views\admin\datapaketbarang.php on line 76.
 1 APPPATH\Views\admin\datapaketbarang.php(76): CodeIgniter\Debug\Exceptions->errorHandler(2, 'Undefined variable $pengambilan_paket', 'APPPATH\\Views\\admin\\datapaketbarang.php', 76)
 2 SYSTEMPATH\View\View.php(213): include('APPPATH\\Views\\admin\\datapaketbarang.php')
 3 SYSTEMPATH\View\View.php(216): CodeIgniter\View\View->CodeIgniter\View\{closure}()
 4 SYSTEMPATH\Common.php(1134): CodeIgniter\View\View->render('admin/datapaketbarang', [], true)
 5 APPPATH\Controllers\AdminControllers.php(1797): view('admin/datapaketbarang', [...])
 6 SYSTEMPATH\CodeIgniter.php(927): App\Controllers\AdminControllers->listdatapaketbarang()
 7 SYSTEMPATH\CodeIgniter.php(482): CodeIgniter\CodeIgniter->runController(Object(App\Controllers\AdminControllers))
 8 SYSTEMPATH\CodeIgniter.php(351): CodeIgniter\CodeIgniter->handleRequest(null, Object(Config\Cache), false)
 9 FCPATH\index.php(67): CodeIgniter\CodeIgniter->run()
10 SYSTEMPATH\Commands\Server\rewrite.php(46): require_once('FCPATH\\index.php')
CRITICAL - 2023-02-15 21:15:32 --> Undefined variable $pengambilan_paket
in APPPATH\Views\admin\datapaketbarang.php on line 76.
 1 APPPATH\Views\admin\datapaketbarang.php(76): CodeIgniter\Debug\Exceptions->errorHandler(2, 'Undefined variable $pengambilan_paket', 'APPPATH\\Views\\admin\\datapaketbarang.php', 76)
 2 SYSTEMPATH\View\View.php(213): include('APPPATH\\Views\\admin\\datapaketbarang.php')
 3 SYSTEMPATH\View\View.php(216): CodeIgniter\View\View->CodeIgniter\View\{closure}()
 4 SYSTEMPATH\Common.php(1134): CodeIgniter\View\View->render('admin/datapaketbarang', [], true)
 5 APPPATH\Controllers\AdminControllers.php(1797): view('admin/datapaketbarang', [...])
 6 SYSTEMPATH\CodeIgniter.php(927): App\Controllers\AdminControllers->listdatapaketbarang()
 7 SYSTEMPATH\CodeIgniter.php(482): CodeIgniter\CodeIgniter->runController(Object(App\Controllers\AdminControllers))
 8 SYSTEMPATH\CodeIgniter.php(351): CodeIgniter\CodeIgniter->handleRequest(null, Object(Config\Cache), false)
 9 FCPATH\index.php(67): CodeIgniter\CodeIgniter->run()
10 SYSTEMPATH\Commands\Server\rewrite.php(46): require_once('FCPATH\\index.php')
CRITICAL - 2023-02-15 21:15:42 --> Undefined variable $pengambilan
in APPPATH\Views\admin\datapaketbarang.php on line 76.
 1 APPPATH\Views\admin\datapaketbarang.php(76): CodeIgniter\Debug\Exceptions->errorHandler(2, 'Undefined variable $pengambilan', 'APPPATH\\Views\\admin\\datapaketbarang.php', 76)
 2 SYSTEMPATH\View\View.php(213): include('APPPATH\\Views\\admin\\datapaketbarang.php')
 3 SYSTEMPATH\View\View.php(216): CodeIgniter\View\View->CodeIgniter\View\{closure}()
 4 SYSTEMPATH\Common.php(1134): CodeIgniter\View\View->render('admin/datapaketbarang', [], true)
 5 APPPATH\Controllers\AdminControllers.php(1797): view('admin/datapaketbarang', [...])
 6 SYSTEMPATH\CodeIgniter.php(927): App\Controllers\AdminControllers->listdatapaketbarang()
 7 SYSTEMPATH\CodeIgniter.php(482): CodeIgniter\CodeIgniter->runController(Object(App\Controllers\AdminControllers))
 8 SYSTEMPATH\CodeIgniter.php(351): CodeIgniter\CodeIgniter->handleRequest(null, Object(Config\Cache), false)
 9 FCPATH\index.php(67): CodeIgniter\CodeIgniter->run()
10 SYSTEMPATH\Commands\Server\rewrite.php(46): require_once('FCPATH\\index.php')
CRITICAL - 2023-02-15 21:15:44 --> Undefined variable $pengambilan
in APPPATH\Views\admin\datapaketbarang.php on line 76.
 1 APPPATH\Views\admin\datapaketbarang.php(76): CodeIgniter\Debug\Exceptions->errorHandler(2, 'Undefined variable $pengambilan', 'APPPATH\\Views\\admin\\datapaketbarang.php', 76)
 2 SYSTEMPATH\View\View.php(213): include('APPPATH\\Views\\admin\\datapaketbarang.php')
 3 SYSTEMPATH\View\View.php(216): CodeIgniter\View\View->CodeIgniter\View\{closure}()
 4 SYSTEMPATH\Common.php(1134): CodeIgniter\View\View->render('admin/datapaketbarang', [], true)
 5 APPPATH\Controllers\AdminControllers.php(1797): view('admin/datapaketbarang', [...])
 6 SYSTEMPATH\CodeIgniter.php(927): App\Controllers\AdminControllers->listdatapaketbarang()
 7 SYSTEMPATH\CodeIgniter.php(482): CodeIgniter\CodeIgniter->runController(Object(App\Controllers\AdminControllers))
 8 SYSTEMPATH\CodeIgniter.php(351): CodeIgniter\CodeIgniter->handleRequest(null, Object(Config\Cache), false)
 9 FCPATH\index.php(67): CodeIgniter\CodeIgniter->run()
10 SYSTEMPATH\Commands\Server\rewrite.php(46): require_once('FCPATH\\index.php')
CRITICAL - 2023-02-15 21:17:31 --> Undefined variable $pengambilan_paket
in APPPATH\Views\admin\datapaketbarang.php on line 76.
 1 APPPATH\Views\admin\datapaketbarang.php(76): CodeIgniter\Debug\Exceptions->errorHandler(2, 'Undefined variable $pengambilan_paket', 'APPPATH\\Views\\admin\\datapaketbarang.php', 76)
 2 SYSTEMPATH\View\View.php(213): include('APPPATH\\Views\\admin\\datapaketbarang.php')
 3 SYSTEMPATH\View\View.php(216): CodeIgniter\View\View->CodeIgniter\View\{closure}()
 4 SYSTEMPATH\Common.php(1134): CodeIgniter\View\View->render('admin/datapaketbarang', [], true)
 5 APPPATH\Controllers\AdminControllers.php(1797): view('admin/datapaketbarang', [...])
 6 SYSTEMPATH\CodeIgniter.php(927): App\Controllers\AdminControllers->listdatapaketbarang()
 7 SYSTEMPATH\CodeIgniter.php(482): CodeIgniter\CodeIgniter->runController(Object(App\Controllers\AdminControllers))
 8 SYSTEMPATH\CodeIgniter.php(351): CodeIgniter\CodeIgniter->handleRequest(null, Object(Config\Cache), false)
 9 FCPATH\index.php(67): CodeIgniter\CodeIgniter->run()
10 SYSTEMPATH\Commands\Server\rewrite.php(46): require_once('FCPATH\\index.php')
CRITICAL - 2023-02-15 21:17:33 --> Undefined variable $pengambilan_paket
in APPPATH\Views\admin\datapaketbarang.php on line 76.
 1 APPPATH\Views\admin\datapaketbarang.php(76): CodeIgniter\Debug\Exceptions->errorHandler(2, 'Undefined variable $pengambilan_paket', 'APPPATH\\Views\\admin\\datapaketbarang.php', 76)
 2 SYSTEMPATH\View\View.php(213): include('APPPATH\\Views\\admin\\datapaketbarang.php')
 3 SYSTEMPATH\View\View.php(216): CodeIgniter\View\View->CodeIgniter\View\{closure}()
 4 SYSTEMPATH\Common.php(1134): CodeIgniter\View\View->render('admin/datapaketbarang', [], true)
 5 APPPATH\Controllers\AdminControllers.php(1797): view('admin/datapaketbarang', [...])
 6 SYSTEMPATH\CodeIgniter.php(927): App\Controllers\AdminControllers->listdatapaketbarang()
 7 SYSTEMPATH\CodeIgniter.php(482): CodeIgniter\CodeIgniter->runController(Object(App\Controllers\AdminControllers))
 8 SYSTEMPATH\CodeIgniter.php(351): CodeIgniter\CodeIgniter->handleRequest(null, Object(Config\Cache), false)
 9 FCPATH\index.php(67): CodeIgniter\CodeIgniter->run()
10 SYSTEMPATH\Commands\Server\rewrite.php(46): require_once('FCPATH\\index.php')
CRITICAL - 2023-02-15 21:18:37 --> Undefined variable $pengambilan_paket
in APPPATH\Views\admin\datapaketbarang.php on line 76.
 1 APPPATH\Views\admin\datapaketbarang.php(76): CodeIgniter\Debug\Exceptions->errorHandler(2, 'Undefined variable $pengambilan_paket', 'APPPATH\\Views\\admin\\datapaketbarang.php', 76)
 2 SYSTEMPATH\View\View.php(213): include('APPPATH\\Views\\admin\\datapaketbarang.php')
 3 SYSTEMPATH\View\View.php(216): CodeIgniter\View\View->CodeIgniter\View\{closure}()
 4 SYSTEMPATH\Common.php(1134): CodeIgniter\View\View->render('admin/datapaketbarang', [], true)
 5 APPPATH\Controllers\AdminControllers.php(1797): view('admin/datapaketbarang', [...])
 6 SYSTEMPATH\CodeIgniter.php(927): App\Controllers\AdminControllers->listdatapaketbarang()
 7 SYSTEMPATH\CodeIgniter.php(482): CodeIgniter\CodeIgniter->runController(Object(App\Controllers\AdminControllers))
 8 SYSTEMPATH\CodeIgniter.php(351): CodeIgniter\CodeIgniter->handleRequest(null, Object(Config\Cache), false)
 9 FCPATH\index.php(67): CodeIgniter\CodeIgniter->run()
10 SYSTEMPATH\Commands\Server\rewrite.php(46): require_once('FCPATH\\index.php')
CRITICAL - 2023-02-15 21:18:51 --> Undefined variable $pengambilan_paket
in APPPATH\Views\admin\datapaketbarang.php on line 76.
 1 APPPATH\Views\admin\datapaketbarang.php(76): CodeIgniter\Debug\Exceptions->errorHandler(2, 'Undefined variable $pengambilan_paket', 'APPPATH\\Views\\admin\\datapaketbarang.php', 76)
 2 SYSTEMPATH\View\View.php(213): include('APPPATH\\Views\\admin\\datapaketbarang.php')
 3 SYSTEMPATH\View\View.php(216): CodeIgniter\View\View->CodeIgniter\View\{closure}()
 4 SYSTEMPATH\Common.php(1134): CodeIgniter\View\View->render('admin/datapaketbarang', [], true)
 5 APPPATH\Controllers\AdminControllers.php(1797): view('admin/datapaketbarang', [...])
 6 SYSTEMPATH\CodeIgniter.php(927): App\Controllers\AdminControllers->listdatapaketbarang()
 7 SYSTEMPATH\CodeIgniter.php(482): CodeIgniter\CodeIgniter->runController(Object(App\Controllers\AdminControllers))
 8 SYSTEMPATH\CodeIgniter.php(351): CodeIgniter\CodeIgniter->handleRequest(null, Object(Config\Cache), false)
 9 FCPATH\index.php(67): CodeIgniter\CodeIgniter->run()
10 SYSTEMPATH\Commands\Server\rewrite.php(46): require_once('FCPATH\\index.php')
CRITICAL - 2023-02-15 21:21:25 --> Undefined variable $pengambilanpaket
in APPPATH\Views\admin\datapaketbarang.php on line 76.
 1 APPPATH\Views\admin\datapaketbarang.php(76): CodeIgniter\Debug\Exceptions->errorHandler(2, 'Undefined variable $pengambilanpaket', 'APPPATH\\Views\\admin\\datapaketbarang.php', 76)
 2 SYSTEMPATH\View\View.php(213): include('APPPATH\\Views\\admin\\datapaketbarang.php')
 3 SYSTEMPATH\View\View.php(216): CodeIgniter\View\View->CodeIgniter\View\{closure}()
 4 SYSTEMPATH\Common.php(1134): CodeIgniter\View\View->render('admin/datapaketbarang', [], true)
 5 APPPATH\Controllers\AdminControllers.php(1797): view('admin/datapaketbarang', [...])
 6 SYSTEMPATH\CodeIgniter.php(927): App\Controllers\AdminControllers->listdatapaketbarang()
 7 SYSTEMPATH\CodeIgniter.php(482): CodeIgniter\CodeIgniter->runController(Object(App\Controllers\AdminControllers))
 8 SYSTEMPATH\CodeIgniter.php(351): CodeIgniter\CodeIgniter->handleRequest(null, Object(Config\Cache), false)
 9 FCPATH\index.php(67): CodeIgniter\CodeIgniter->run()
10 SYSTEMPATH\Commands\Server\rewrite.php(46): require_once('FCPATH\\index.php')
CRITICAL - 2023-02-15 21:23:22 --> Undefined variable $datb_pengambilan_pakettaa
in APPPATH\Views\admin\datapaketbarang.php on line 77.
 1 APPPATH\Views\admin\datapaketbarang.php(77): CodeIgniter\Debug\Exceptions->errorHandler(2, 'Undefined variable $datb_pengambilan_pakettaa', 'APPPATH\\Views\\admin\\datapaketbarang.php', 77)
 2 SYSTEMPATH\View\View.php(213): include('APPPATH\\Views\\admin\\datapaketbarang.php')
 3 SYSTEMPATH\View\View.php(216): CodeIgniter\View\View->CodeIgniter\View\{closure}()
 4 SYSTEMPATH\Common.php(1134): CodeIgniter\View\View->render('admin/datapaketbarang', [], true)
 5 APPPATH\Controllers\AdminControllers.php(1797): view('admin/datapaketbarang', [...])
 6 SYSTEMPATH\CodeIgniter.php(927): App\Controllers\AdminControllers->listdatapaketbarang()
 7 SYSTEMPATH\CodeIgniter.php(482): CodeIgniter\CodeIgniter->runController(Object(App\Controllers\AdminControllers))
 8 SYSTEMPATH\CodeIgniter.php(351): CodeIgniter\CodeIgniter->handleRequest(null, Object(Config\Cache), false)
 9 FCPATH\index.php(67): CodeIgniter\CodeIgniter->run()
10 SYSTEMPATH\Commands\Server\rewrite.php(46): require_once('FCPATH\\index.php')
CRITICAL - 2023-02-15 21:28:20 --> Call to a member function countAllResults() on string
in APPPATH\Views\admin\datapaketbarang.php on line 81.
 1 SYSTEMPATH\View\View.php(213): include()
 2 SYSTEMPATH\View\View.php(216): CodeIgniter\View\View->CodeIgniter\View\{closure}()
 3 SYSTEMPATH\Common.php(1134): CodeIgniter\View\View->render('admin/datapaketbarang', [], true)
 4 APPPATH\Controllers\AdminControllers.php(1797): view('admin/datapaketbarang', [...])
 5 SYSTEMPATH\CodeIgniter.php(927): App\Controllers\AdminControllers->listdatapaketbarang()
 6 SYSTEMPATH\CodeIgniter.php(482): CodeIgniter\CodeIgniter->runController(Object(App\Controllers\AdminControllers))
 7 SYSTEMPATH\CodeIgniter.php(351): CodeIgniter\CodeIgniter->handleRequest(null, Object(Config\Cache), false)
 8 FCPATH\index.php(67): CodeIgniter\CodeIgniter->run()
 9 SYSTEMPATH\Commands\Server\rewrite.php(46): require_once('FCPATH\\index.php')
CRITICAL - 2023-02-15 21:28:35 --> Call to a member function count() on string
in APPPATH\Views\admin\datapaketbarang.php on line 81.
 1 SYSTEMPATH\View\View.php(213): include()
 2 SYSTEMPATH\View\View.php(216): CodeIgniter\View\View->CodeIgniter\View\{closure}()
 3 SYSTEMPATH\Common.php(1134): CodeIgniter\View\View->render('admin/datapaketbarang', [], true)
 4 APPPATH\Controllers\AdminControllers.php(1797): view('admin/datapaketbarang', [...])
 5 SYSTEMPATH\CodeIgniter.php(927): App\Controllers\AdminControllers->listdatapaketbarang()
 6 SYSTEMPATH\CodeIgniter.php(482): CodeIgniter\CodeIgniter->runController(Object(App\Controllers\AdminControllers))
 7 SYSTEMPATH\CodeIgniter.php(351): CodeIgniter\CodeIgniter->handleRequest(null, Object(Config\Cache), false)
 8 FCPATH\index.php(67): CodeIgniter\CodeIgniter->run()
 9 SYSTEMPATH\Commands\Server\rewrite.php(46): require_once('FCPATH\\index.php')
CRITICAL - 2023-02-15 21:28:48 --> Call to a member function countAllResults() on string
in APPPATH\Views\admin\datapaketbarang.php on line 81.
 1 SYSTEMPATH\View\View.php(213): include()
 2 SYSTEMPATH\View\View.php(216): CodeIgniter\View\View->CodeIgniter\View\{closure}()
 3 SYSTEMPATH\Common.php(1134): CodeIgniter\View\View->render('admin/datapaketbarang', [], true)
 4 APPPATH\Controllers\AdminControllers.php(1797): view('admin/datapaketbarang', [...])
 5 SYSTEMPATH\CodeIgniter.php(927): App\Controllers\AdminControllers->listdatapaketbarang()
 6 SYSTEMPATH\CodeIgniter.php(482): CodeIgniter\CodeIgniter->runController(Object(App\Controllers\AdminControllers))
 7 SYSTEMPATH\CodeIgniter.php(351): CodeIgniter\CodeIgniter->handleRequest(null, Object(Config\Cache), false)
 8 FCPATH\index.php(67): CodeIgniter\CodeIgniter->run()
 9 SYSTEMPATH\Commands\Server\rewrite.php(46): require_once('FCPATH\\index.php')
CRITICAL - 2023-02-15 21:35:46 --> Undefined array key "sb_id"
in APPPATH\Views\admin\datapaketbarang.php on line 81.
 1 APPPATH\Views\admin\datapaketbarang.php(81): CodeIgniter\Debug\Exceptions->errorHandler(2, 'Undefined array key "sb_id"', 'APPPATH\\Views\\admin\\datapaketbarang.php', 81)
 2 SYSTEMPATH\View\View.php(213): include('APPPATH\\Views\\admin\\datapaketbarang.php')
 3 SYSTEMPATH\View\View.php(216): CodeIgniter\View\View->CodeIgniter\View\{closure}()
 4 SYSTEMPATH\Common.php(1134): CodeIgniter\View\View->render('admin/datapaketbarang', [], true)
 5 APPPATH\Controllers\AdminControllers.php(1797): view('admin/datapaketbarang', [...])
 6 SYSTEMPATH\CodeIgniter.php(927): App\Controllers\AdminControllers->listdatapaketbarang()
 7 SYSTEMPATH\CodeIgniter.php(482): CodeIgniter\CodeIgniter->runController(Object(App\Controllers\AdminControllers))
 8 SYSTEMPATH\CodeIgniter.php(351): CodeIgniter\CodeIgniter->handleRequest(null, Object(Config\Cache), false)
 9 FCPATH\index.php(67): CodeIgniter\CodeIgniter->run()
10 SYSTEMPATH\Commands\Server\rewrite.php(46): require_once('FCPATH\\index.php')
CRITICAL - 2023-02-15 21:36:30 --> Undefined array key "sb_id"
in APPPATH\Views\admin\datapaketbarang.php on line 81.
 1 APPPATH\Views\admin\datapaketbarang.php(81): CodeIgniter\Debug\Exceptions->errorHandler(2, 'Undefined array key "sb_id"', 'APPPATH\\Views\\admin\\datapaketbarang.php', 81)
 2 SYSTEMPATH\View\View.php(213): include('APPPATH\\Views\\admin\\datapaketbarang.php')
 3 SYSTEMPATH\View\View.php(216): CodeIgniter\View\View->CodeIgniter\View\{closure}()
 4 SYSTEMPATH\Common.php(1134): CodeIgniter\View\View->render('admin/datapaketbarang', [], true)
 5 APPPATH\Controllers\AdminControllers.php(1797): view('admin/datapaketbarang', [...])
 6 SYSTEMPATH\CodeIgniter.php(927): App\Controllers\AdminControllers->listdatapaketbarang()
 7 SYSTEMPATH\CodeIgniter.php(482): CodeIgniter\CodeIgniter->runController(Object(App\Controllers\AdminControllers))
 8 SYSTEMPATH\CodeIgniter.php(351): CodeIgniter\CodeIgniter->handleRequest(null, Object(Config\Cache), false)
 9 FCPATH\index.php(67): CodeIgniter\CodeIgniter->run()
10 SYSTEMPATH\Commands\Server\rewrite.php(46): require_once('FCPATH\\index.php')
CRITICAL - 2023-02-15 21:37:15 --> Undefined array key "sb_id"
in APPPATH\Views\admin\datapaketbarang.php on line 81.
 1 APPPATH\Views\admin\datapaketbarang.php(81): CodeIgniter\Debug\Exceptions->errorHandler(2, 'Undefined array key "sb_id"', 'APPPATH\\Views\\admin\\datapaketbarang.php', 81)
 2 SYSTEMPATH\View\View.php(213): include('APPPATH\\Views\\admin\\datapaketbarang.php')
 3 SYSTEMPATH\View\View.php(216): CodeIgniter\View\View->CodeIgniter\View\{closure}()
 4 SYSTEMPATH\Common.php(1134): CodeIgniter\View\View->render('admin/datapaketbarang', [], true)
 5 APPPATH\Controllers\AdminControllers.php(1797): view('admin/datapaketbarang', [...])
 6 SYSTEMPATH\CodeIgniter.php(927): App\Controllers\AdminControllers->listdatapaketbarang()
 7 SYSTEMPATH\CodeIgniter.php(482): CodeIgniter\CodeIgniter->runController(Object(App\Controllers\AdminControllers))
 8 SYSTEMPATH\CodeIgniter.php(351): CodeIgniter\CodeIgniter->handleRequest(null, Object(Config\Cache), false)
 9 FCPATH\index.php(67): CodeIgniter\CodeIgniter->run()
10 SYSTEMPATH\Commands\Server\rewrite.php(46): require_once('FCPATH\\index.php')
CRITICAL - 2023-02-15 21:41:57 --> Undefined variable $tampil
in APPPATH\Views\admin\datapaketbarang.php on line 86.
 1 APPPATH\Views\admin\datapaketbarang.php(86): CodeIgniter\Debug\Exceptions->errorHandler(2, 'Undefined variable $tampil', 'APPPATH\\Views\\admin\\datapaketbarang.php', 86)
 2 SYSTEMPATH\View\View.php(213): include('APPPATH\\Views\\admin\\datapaketbarang.php')
 3 SYSTEMPATH\View\View.php(216): CodeIgniter\View\View->CodeIgniter\View\{closure}()
 4 SYSTEMPATH\Common.php(1134): CodeIgniter\View\View->render('admin/datapaketbarang', [], true)
 5 APPPATH\Controllers\AdminControllers.php(1797): view('admin/datapaketbarang', [...])
 6 SYSTEMPATH\CodeIgniter.php(927): App\Controllers\AdminControllers->listdatapaketbarang()
 7 SYSTEMPATH\CodeIgniter.php(482): CodeIgniter\CodeIgniter->runController(Object(App\Controllers\AdminControllers))
 8 SYSTEMPATH\CodeIgniter.php(351): CodeIgniter\CodeIgniter->handleRequest(null, Object(Config\Cache), false)
 9 FCPATH\index.php(67): CodeIgniter\CodeIgniter->run()
10 SYSTEMPATH\Commands\Server\rewrite.php(46): require_once('FCPATH\\index.php')
CRITICAL - 2023-02-15 21:46:29 --> Call to a member function Count() on string
in APPPATH\Views\admin\datapaketbarang.php on line 85.
 1 SYSTEMPATH\View\View.php(213): include()
 2 SYSTEMPATH\View\View.php(216): CodeIgniter\View\View->CodeIgniter\View\{closure}()
 3 SYSTEMPATH\Common.php(1134): CodeIgniter\View\View->render('admin/datapaketbarang', [], true)
 4 APPPATH\Controllers\AdminControllers.php(1797): view('admin/datapaketbarang', [...])
 5 SYSTEMPATH\CodeIgniter.php(927): App\Controllers\AdminControllers->listdatapaketbarang()
 6 SYSTEMPATH\CodeIgniter.php(482): CodeIgniter\CodeIgniter->runController(Object(App\Controllers\AdminControllers))
 7 SYSTEMPATH\CodeIgniter.php(351): CodeIgniter\CodeIgniter->handleRequest(null, Object(Config\Cache), false)
 8 FCPATH\index.php(67): CodeIgniter\CodeIgniter->run()
 9 SYSTEMPATH\Commands\Server\rewrite.php(46): require_once('FCPATH\\index.php')
CRITICAL - 2023-02-15 21:47:29 --> count(): Argument #1 ($value) must be of type Countable|array, string given
in APPPATH\Views\admin\datapaketbarang.php on line 85.
 1 SYSTEMPATH\View\View.php(213): include()
 2 SYSTEMPATH\View\View.php(216): CodeIgniter\View\View->CodeIgniter\View\{closure}()
 3 SYSTEMPATH\Common.php(1134): CodeIgniter\View\View->render('admin/datapaketbarang', [], true)
 4 APPPATH\Controllers\AdminControllers.php(1797): view('admin/datapaketbarang', [...])
 5 SYSTEMPATH\CodeIgniter.php(927): App\Controllers\AdminControllers->listdatapaketbarang()
 6 SYSTEMPATH\CodeIgniter.php(482): CodeIgniter\CodeIgniter->runController(Object(App\Controllers\AdminControllers))
 7 SYSTEMPATH\CodeIgniter.php(351): CodeIgniter\CodeIgniter->handleRequest(null, Object(Config\Cache), false)
 8 FCPATH\index.php(67): CodeIgniter\CodeIgniter->run()
 9 SYSTEMPATH\Commands\Server\rewrite.php(46): require_once('FCPATH\\index.php')
ERROR - 2023-02-15 21:48:13 --> mysqli_sql_exception: You have an error in your SQL syntax; check the manual that corresponds to your MariaDB server version for the right syntax to use near '18' at line 2 in C:\xampp\htdocs\ProjectPaket\system\Database\MySQLi\Connection.php:292
Stack trace:
#0 C:\xampp\htdocs\ProjectPaket\system\Database\MySQLi\Connection.php(292): mysqli->query('SELECT COUNT(*)...', 0)
#1 C:\xampp\htdocs\ProjectPaket\system\Database\BaseConnection.php(666): CodeIgniter\Database\MySQLi\Connection->execute('SELECT COUNT(*)...')
#2 C:\xampp\htdocs\ProjectPaket\system\Database\BaseConnection.php(593): CodeIgniter\Database\BaseConnection->simpleQuery('SELECT COUNT(*)...')
#3 C:\xampp\htdocs\ProjectPaket\system\Database\BaseBuilder.php(1669): CodeIgniter\Database\BaseConnection->query('SELECT COUNT(*)...', Array, false)
#4 C:\xampp\htdocs\ProjectPaket\app\Helpers\login_helper.php(10): CodeIgniter\Database\BaseBuilder->countAllResults()
#5 C:\xampp\htdocs\ProjectPaket\app\Views\admin\datapaketbarang.php(85): countdata('18')
#6 C:\xampp\htdocs\ProjectPaket\system\View\View.php(213): include('C:\\xampp\\htdocs...')
#7 C:\xampp\htdocs\ProjectPaket\system\View\View.php(216): CodeIgniter\View\View->CodeIgniter\View\{closure}()
#8 C:\xampp\htdocs\ProjectPaket\system\Common.php(1134): CodeIgniter\View\View->render('admin/datapaket...', Array, true)
#9 C:\xampp\htdocs\ProjectPaket\app\Controllers\AdminControllers.php(1797): view('admin/datapaket...', Array)
#10 C:\xampp\htdocs\ProjectPaket\system\CodeIgniter.php(927): App\Controllers\AdminControllers->listdatapaketbarang()
#11 C:\xampp\htdocs\ProjectPaket\system\CodeIgniter.php(482): CodeIgniter\CodeIgniter->runController(Object(App\Controllers\AdminControllers))
#12 C:\xampp\htdocs\ProjectPaket\system\CodeIgniter.php(351): CodeIgniter\CodeIgniter->handleRequest(NULL, Object(Config\Cache), false)
#13 C:\xampp\htdocs\ProjectPaket\public\index.php(67): CodeIgniter\CodeIgniter->run()
#14 C:\xampp\htdocs\ProjectPaket\system\Commands\Server\rewrite.php(46): require_once('C:\\xampp\\htdocs...')
#15 {main}
CRITICAL - 2023-02-15 21:48:13 --> You have an error in your SQL syntax; check the manual that corresponds to your MariaDB server version for the right syntax to use near '18' at line 2
in SYSTEMPATH\Database\MySQLi\Connection.php on line 292.
 1 SYSTEMPATH\Database\MySQLi\Connection.php(292): mysqli->query('SELECT COUNT(*) AS `numrows`
FROM 18', 0)
 2 SYSTEMPATH\Database\BaseConnection.php(666): CodeIgniter\Database\MySQLi\Connection->execute('SELECT COUNT(*) AS `numrows`
FROM 18')
 3 SYSTEMPATH\Database\BaseConnection.php(593): CodeIgniter\Database\BaseConnection->simpleQuery('SELECT COUNT(*) AS `numrows`
FROM 18')
 4 SYSTEMPATH\Database\BaseBuilder.php(1669): CodeIgniter\Database\BaseConnection->query('SELECT COUNT(*) AS `numrows`
FROM 18', [], false)
 5 APPPATH\Helpers\login_helper.php(10): CodeIgniter\Database\BaseBuilder->countAllResults()
 6 APPPATH\Views\admin\datapaketbarang.php(85): countdata('18')
 7 SYSTEMPATH\View\View.php(213): include('APPPATH\\Views\\admin\\datapaketbarang.php')
 8 SYSTEMPATH\View\View.php(216): CodeIgniter\View\View->CodeIgniter\View\{closure}()
 9 SYSTEMPATH\Common.php(1134): CodeIgniter\View\View->render('admin/datapaketbarang', [], true)
10 APPPATH\Controllers\AdminControllers.php(1797): view('admin/datapaketbarang', [...])
11 SYSTEMPATH\CodeIgniter.php(927): App\Controllers\AdminControllers->listdatapaketbarang()
12 SYSTEMPATH\CodeIgniter.php(482): CodeIgniter\CodeIgniter->runController(Object(App\Controllers\AdminControllers))
13 SYSTEMPATH\CodeIgniter.php(351): CodeIgniter\CodeIgniter->handleRequest(null, Object(Config\Cache), false)
14 FCPATH\index.php(67): CodeIgniter\CodeIgniter->run()
15 SYSTEMPATH\Commands\Server\rewrite.php(46): require_once('FCPATH\\index.php')
CRITICAL - 2023-02-15 21:49:23 --> array_count_values(): Argument #1 ($array) must be of type array, string given
in APPPATH\Views\admin\datapaketbarang.php on line 85.
 1 APPPATH\Views\admin\datapaketbarang.php(85): array_count_values('18')
 2 SYSTEMPATH\View\View.php(213): include('APPPATH\\Views\\admin\\datapaketbarang.php')
 3 SYSTEMPATH\View\View.php(216): CodeIgniter\View\View->CodeIgniter\View\{closure}()
 4 SYSTEMPATH\Common.php(1134): CodeIgniter\View\View->render('admin/datapaketbarang', [], true)
 5 APPPATH\Controllers\AdminControllers.php(1797): view('admin/datapaketbarang', [...])
 6 SYSTEMPATH\CodeIgniter.php(927): App\Controllers\AdminControllers->listdatapaketbarang()
 7 SYSTEMPATH\CodeIgniter.php(482): CodeIgniter\CodeIgniter->runController(Object(App\Controllers\AdminControllers))
 8 SYSTEMPATH\CodeIgniter.php(351): CodeIgniter\CodeIgniter->handleRequest(null, Object(Config\Cache), false)
 9 FCPATH\index.php(67): CodeIgniter\CodeIgniter->run()
10 SYSTEMPATH\Commands\Server\rewrite.php(46): require_once('FCPATH\\index.php')
CRITICAL - 2023-02-15 21:49:46 --> Object of class PHPUnit\Framework\Constraint\Count could not be converted to string
in APPPATH\Views\admin\datapaketbarang.php on line 92.
 1 SYSTEMPATH\View\View.php(213): include()
 2 SYSTEMPATH\View\View.php(216): CodeIgniter\View\View->CodeIgniter\View\{closure}()
 3 SYSTEMPATH\Common.php(1134): CodeIgniter\View\View->render('admin/datapaketbarang', [], true)
 4 APPPATH\Controllers\AdminControllers.php(1797): view('admin/datapaketbarang', [...])
 5 SYSTEMPATH\CodeIgniter.php(927): App\Controllers\AdminControllers->listdatapaketbarang()
 6 SYSTEMPATH\CodeIgniter.php(482): CodeIgniter\CodeIgniter->runController(Object(App\Controllers\AdminControllers))
 7 SYSTEMPATH\CodeIgniter.php(351): CodeIgniter\CodeIgniter->handleRequest(null, Object(Config\Cache), false)
 8 FCPATH\index.php(67): CodeIgniter\CodeIgniter->run()
 9 SYSTEMPATH\Commands\Server\rewrite.php(46): require_once('FCPATH\\index.php')
CRITICAL - 2023-02-15 21:51:34 --> mysqli_field_count(): Argument #1 ($mysql) must be of type mysqli, string given
in APPPATH\Views\admin\datapaketbarang.php on line 87.
 1 APPPATH\Views\admin\datapaketbarang.php(87): mysqli_field_count('18')
 2 SYSTEMPATH\View\View.php(213): include('APPPATH\\Views\\admin\\datapaketbarang.php')
 3 SYSTEMPATH\View\View.php(216): CodeIgniter\View\View->CodeIgniter\View\{closure}()
 4 SYSTEMPATH\Common.php(1134): CodeIgniter\View\View->render('admin/datapaketbarang', [], true)
 5 APPPATH\Controllers\AdminControllers.php(1797): view('admin/datapaketbarang', [...])
 6 SYSTEMPATH\CodeIgniter.php(927): App\Controllers\AdminControllers->listdatapaketbarang()
 7 SYSTEMPATH\CodeIgniter.php(482): CodeIgniter\CodeIgniter->runController(Object(App\Controllers\AdminControllers))
 8 SYSTEMPATH\CodeIgniter.php(351): CodeIgniter\CodeIgniter->handleRequest(null, Object(Config\Cache), false)
 9 FCPATH\index.php(67): CodeIgniter\CodeIgniter->run()
10 SYSTEMPATH\Commands\Server\rewrite.php(46): require_once('FCPATH\\index.php')
CRITICAL - 2023-02-15 21:52:33 --> mysqli_stmt_param_count(): Argument #1 ($statement) must be of type mysqli_stmt, string given
in APPPATH\Views\admin\datapaketbarang.php on line 87.
 1 APPPATH\Views\admin\datapaketbarang.php(87): mysqli_stmt_param_count('18')
 2 SYSTEMPATH\View\View.php(213): include('APPPATH\\Views\\admin\\datapaketbarang.php')
 3 SYSTEMPATH\View\View.php(216): CodeIgniter\View\View->CodeIgniter\View\{closure}()
 4 SYSTEMPATH\Common.php(1134): CodeIgniter\View\View->render('admin/datapaketbarang', [], true)
 5 APPPATH\Controllers\AdminControllers.php(1797): view('admin/datapaketbarang', [...])
 6 SYSTEMPATH\CodeIgniter.php(927): App\Controllers\AdminControllers->listdatapaketbarang()
 7 SYSTEMPATH\CodeIgniter.php(482): CodeIgniter\CodeIgniter->runController(Object(App\Controllers\AdminControllers))
 8 SYSTEMPATH\CodeIgniter.php(351): CodeIgniter\CodeIgniter->handleRequest(null, Object(Config\Cache), false)
 9 FCPATH\index.php(67): CodeIgniter\CodeIgniter->run()
10 SYSTEMPATH\Commands\Server\rewrite.php(46): require_once('FCPATH\\index.php')
CRITICAL - 2023-02-15 21:52:42 --> mysqli_stmt_param_count(): Argument #1 ($statement) must be of type mysqli_stmt, string given
in APPPATH\Views\admin\datapaketbarang.php on line 87.
 1 APPPATH\Views\admin\datapaketbarang.php(87): mysqli_stmt_param_count('13')
 2 SYSTEMPATH\View\View.php(213): include('APPPATH\\Views\\admin\\datapaketbarang.php')
 3 SYSTEMPATH\View\View.php(216): CodeIgniter\View\View->CodeIgniter\View\{closure}()
 4 SYSTEMPATH\Common.php(1134): CodeIgniter\View\View->render('admin/datapaketbarang', [], true)
 5 APPPATH\Controllers\AdminControllers.php(1797): view('admin/datapaketbarang', [...])
 6 SYSTEMPATH\CodeIgniter.php(927): App\Controllers\AdminControllers->listdatapaketbarang()
 7 SYSTEMPATH\CodeIgniter.php(482): CodeIgniter\CodeIgniter->runController(Object(App\Controllers\AdminControllers))
 8 SYSTEMPATH\CodeIgniter.php(351): CodeIgniter\CodeIgniter->handleRequest(null, Object(Config\Cache), false)
 9 FCPATH\index.php(67): CodeIgniter\CodeIgniter->run()
10 SYSTEMPATH\Commands\Server\rewrite.php(46): require_once('FCPATH\\index.php')
CRITICAL - 2023-02-15 21:52:43 --> mysqli_stmt_param_count(): Argument #1 ($statement) must be of type mysqli_stmt, string given
in APPPATH\Views\admin\datapaketbarang.php on line 87.
 1 APPPATH\Views\admin\datapaketbarang.php(87): mysqli_stmt_param_count('13')
 2 SYSTEMPATH\View\View.php(213): include('APPPATH\\Views\\admin\\datapaketbarang.php')
 3 SYSTEMPATH\View\View.php(216): CodeIgniter\View\View->CodeIgniter\View\{closure}()
 4 SYSTEMPATH\Common.php(1134): CodeIgniter\View\View->render('admin/datapaketbarang', [], true)
 5 APPPATH\Controllers\AdminControllers.php(1797): view('admin/datapaketbarang', [...])
 6 SYSTEMPATH\CodeIgniter.php(927): App\Controllers\AdminControllers->listdatapaketbarang()
 7 SYSTEMPATH\CodeIgniter.php(482): CodeIgniter\CodeIgniter->runController(Object(App\Controllers\AdminControllers))
 8 SYSTEMPATH\CodeIgniter.php(351): CodeIgniter\CodeIgniter->handleRequest(null, Object(Config\Cache), false)
 9 FCPATH\index.php(67): CodeIgniter\CodeIgniter->run()
10 SYSTEMPATH\Commands\Server\rewrite.php(46): require_once('FCPATH\\index.php')
CRITICAL - 2023-02-15 21:53:45 --> mysqli_stmt_field_count(): Argument #1 ($statement) must be of type mysqli_stmt, string given
in APPPATH\Views\admin\datapaketbarang.php on line 87.
 1 APPPATH\Views\admin\datapaketbarang.php(87): mysqli_stmt_field_count('13')
 2 SYSTEMPATH\View\View.php(213): include('APPPATH\\Views\\admin\\datapaketbarang.php')
 3 SYSTEMPATH\View\View.php(216): CodeIgniter\View\View->CodeIgniter\View\{closure}()
 4 SYSTEMPATH\Common.php(1134): CodeIgniter\View\View->render('admin/datapaketbarang', [], true)
 5 APPPATH\Controllers\AdminControllers.php(1797): view('admin/datapaketbarang', [...])
 6 SYSTEMPATH\CodeIgniter.php(927): App\Controllers\AdminControllers->listdatapaketbarang()
 7 SYSTEMPATH\CodeIgniter.php(482): CodeIgniter\CodeIgniter->runController(Object(App\Controllers\AdminControllers))
 8 SYSTEMPATH\CodeIgniter.php(351): CodeIgniter\CodeIgniter->handleRequest(null, Object(Config\Cache), false)
 9 FCPATH\index.php(67): CodeIgniter\CodeIgniter->run()
10 SYSTEMPATH\Commands\Server\rewrite.php(46): require_once('FCPATH\\index.php')
CRITICAL - 2023-02-15 21:54:06 --> count(): Argument #1 ($value) must be of type Countable|array, string given
in APPPATH\Views\admin\datapaketbarang.php on line 87.
 1 SYSTEMPATH\View\View.php(213): include()
 2 SYSTEMPATH\View\View.php(216): CodeIgniter\View\View->CodeIgniter\View\{closure}()
 3 SYSTEMPATH\Common.php(1134): CodeIgniter\View\View->render('admin/datapaketbarang', [], true)
 4 APPPATH\Controllers\AdminControllers.php(1797): view('admin/datapaketbarang', [...])
 5 SYSTEMPATH\CodeIgniter.php(927): App\Controllers\AdminControllers->listdatapaketbarang()
 6 SYSTEMPATH\CodeIgniter.php(482): CodeIgniter\CodeIgniter->runController(Object(App\Controllers\AdminControllers))
 7 SYSTEMPATH\CodeIgniter.php(351): CodeIgniter\CodeIgniter->handleRequest(null, Object(Config\Cache), false)
 8 FCPATH\index.php(67): CodeIgniter\CodeIgniter->run()
 9 SYSTEMPATH\Commands\Server\rewrite.php(46): require_once('FCPATH\\index.php')
CRITICAL - 2023-02-15 21:54:38 --> Call to a member function count() on string
in APPPATH\Views\admin\datapaketbarang.php on line 87.
 1 SYSTEMPATH\View\View.php(213): include()
 2 SYSTEMPATH\View\View.php(216): CodeIgniter\View\View->CodeIgniter\View\{closure}()
 3 SYSTEMPATH\Common.php(1134): CodeIgniter\View\View->render('admin/datapaketbarang', [], true)
 4 APPPATH\Controllers\AdminControllers.php(1797): view('admin/datapaketbarang', [...])
 5 SYSTEMPATH\CodeIgniter.php(927): App\Controllers\AdminControllers->listdatapaketbarang()
 6 SYSTEMPATH\CodeIgniter.php(482): CodeIgniter\CodeIgniter->runController(Object(App\Controllers\AdminControllers))
 7 SYSTEMPATH\CodeIgniter.php(351): CodeIgniter\CodeIgniter->handleRequest(null, Object(Config\Cache), false)
 8 FCPATH\index.php(67): CodeIgniter\CodeIgniter->run()
 9 SYSTEMPATH\Commands\Server\rewrite.php(46): require_once('FCPATH\\index.php')
CRITICAL - 2023-02-15 21:56:31 --> Undefined array key "sb_id"
in APPPATH\Views\admin\datapaketbarang.php on line 80.
 1 APPPATH\Views\admin\datapaketbarang.php(80): CodeIgniter\Debug\Exceptions->errorHandler(2, 'Undefined array key "sb_id"', 'APPPATH\\Views\\admin\\datapaketbarang.php', 80)
 2 SYSTEMPATH\View\View.php(213): include('APPPATH\\Views\\admin\\datapaketbarang.php')
 3 SYSTEMPATH\View\View.php(216): CodeIgniter\View\View->CodeIgniter\View\{closure}()
 4 SYSTEMPATH\Common.php(1134): CodeIgniter\View\View->render('admin/datapaketbarang', [], true)
 5 APPPATH\Controllers\AdminControllers.php(1797): view('admin/datapaketbarang', [...])
 6 SYSTEMPATH\CodeIgniter.php(927): App\Controllers\AdminControllers->listdatapaketbarang()
 7 SYSTEMPATH\CodeIgniter.php(482): CodeIgniter\CodeIgniter->runController(Object(App\Controllers\AdminControllers))
 8 SYSTEMPATH\CodeIgniter.php(351): CodeIgniter\CodeIgniter->handleRequest(null, Object(Config\Cache), false)
 9 FCPATH\index.php(67): CodeIgniter\CodeIgniter->run()
10 SYSTEMPATH\Commands\Server\rewrite.php(46): require_once('FCPATH\\index.php')
CRITICAL - 2023-02-15 22:56:32 --> Undefined array key "pa_id"
in APPPATH\Views\admin\datapaketbarang.php on line 77.
 1 APPPATH\Views\admin\datapaketbarang.php(77): CodeIgniter\Debug\Exceptions->errorHandler(2, 'Undefined array key "pa_id"', 'APPPATH\\Views\\admin\\datapaketbarang.php', 77)
 2 SYSTEMPATH\View\View.php(213): include('APPPATH\\Views\\admin\\datapaketbarang.php')
 3 SYSTEMPATH\View\View.php(216): CodeIgniter\View\View->CodeIgniter\View\{closure}()
 4 SYSTEMPATH\Common.php(1134): CodeIgniter\View\View->render('admin/datapaketbarang', [], true)
 5 APPPATH\Controllers\AdminControllers.php(1797): view('admin/datapaketbarang', [...])
 6 SYSTEMPATH\CodeIgniter.php(927): App\Controllers\AdminControllers->listdatapaketbarang()
 7 SYSTEMPATH\CodeIgniter.php(482): CodeIgniter\CodeIgniter->runController(Object(App\Controllers\AdminControllers))
 8 SYSTEMPATH\CodeIgniter.php(351): CodeIgniter\CodeIgniter->handleRequest(null, Object(Config\Cache), false)
 9 FCPATH\index.php(67): CodeIgniter\CodeIgniter->run()
10 SYSTEMPATH\Commands\Server\rewrite.php(46): require_once('FCPATH\\index.php')
CRITICAL - 2023-02-15 23:04:12 --> Cannot access offset of type string on string
in APPPATH\Views\admin\datapaketbarang.php on line 88.
 1 SYSTEMPATH\View\View.php(213): include()
 2 SYSTEMPATH\View\View.php(216): CodeIgniter\View\View->CodeIgniter\View\{closure}()
 3 SYSTEMPATH\Common.php(1134): CodeIgniter\View\View->render('admin/datapaketbarang', [], true)
 4 APPPATH\Controllers\AdminControllers.php(1797): view('admin/datapaketbarang', [...])
 5 SYSTEMPATH\CodeIgniter.php(927): App\Controllers\AdminControllers->listdatapaketbarang()
 6 SYSTEMPATH\CodeIgniter.php(482): CodeIgniter\CodeIgniter->runController(Object(App\Controllers\AdminControllers))
 7 SYSTEMPATH\CodeIgniter.php(351): CodeIgniter\CodeIgniter->handleRequest(null, Object(Config\Cache), false)
 8 FCPATH\index.php(67): CodeIgniter\CodeIgniter->run()
 9 SYSTEMPATH\Commands\Server\rewrite.php(46): require_once('FCPATH\\index.php')
