CRITICAL - 2023-02-21 08:37:25 --> Invalid file: my_view.php
in SYSTEMPATH\Exceptions\FrameworkException.php on line 33.
 1 SYSTEMPATH\View\View.php(201): CodeIgniter\Exceptions\FrameworkException::forInvalidFile('my_view.php')
 2 SYSTEMPATH\Common.php(1134): CodeIgniter\View\View->render('my_view', [], true)
 3 APPPATH\Controllers\AdminControllers.php(1690): view('my_view', [...])
 4 SYSTEMPATH\CodeIgniter.php(927): App\Controllers\AdminControllers->SelectEditPaketBarang()
 5 SYSTEMPATH\CodeIgniter.php(482): CodeIgniter\CodeIgniter->runController(Object(App\Controllers\AdminControllers))
 6 SYSTEMPATH\CodeIgniter.php(351): CodeIgniter\CodeIgniter->handleRequest(null, Object(Config\Cache), false)
 7 FCPATH\index.php(67): CodeIgniter\CodeIgniter->run()
 8 SYSTEMPATH\Commands\Server\rewrite.php(46): require_once('FCPATH\\index.php')
CRITICAL - 2023-02-21 08:38:38 --> Undefined variable $tb_paket
in APPPATH\Views\admin\paketbarangedit.php on line 36.
 1 APPPATH\Views\admin\paketbarangedit.php(36): CodeIgniter\Debug\Exceptions->errorHandler(2, 'Undefined variable $tb_paket', 'APPPATH\\Views\\admin\\paketbarangedit.php', 36)
 2 SYSTEMPATH\View\View.php(213): include('APPPATH\\Views\\admin\\paketbarangedit.php')
 3 SYSTEMPATH\View\View.php(216): CodeIgniter\View\View->CodeIgniter\View\{closure}()
 4 SYSTEMPATH\Common.php(1134): CodeIgniter\View\View->render('admin/paketbarangedit', [], true)
 5 APPPATH\Controllers\AdminControllers.php(1690): view('admin/paketbarangedit', [...])
 6 SYSTEMPATH\CodeIgniter.php(927): App\Controllers\AdminControllers->SelectEditPaketBarang()
 7 SYSTEMPATH\CodeIgniter.php(482): CodeIgniter\CodeIgniter->runController(Object(App\Controllers\AdminControllers))
 8 SYSTEMPATH\CodeIgniter.php(351): CodeIgniter\CodeIgniter->handleRequest(null, Object(Config\Cache), false)
 9 FCPATH\index.php(67): CodeIgniter\CodeIgniter->run()
10 SYSTEMPATH\Commands\Server\rewrite.php(46): require_once('FCPATH\\index.php')
CRITICAL - 2023-02-21 08:45:08 --> CodeIgniter\HTTP\RedirectResponse::with(): Argument #1 ($key) must be of type string, array given, called in C:\xampp\htdocs\ProjectPaket\app\Controllers\AdminControllers.php on line 1692
in SYSTEMPATH\HTTP\RedirectResponse.php on line 134.
 1 APPPATH\Controllers\AdminControllers.php(1692): CodeIgniter\HTTP\RedirectResponse->with([...])
 2 SYSTEMPATH\CodeIgniter.php(927): App\Controllers\AdminControllers->SelectEditPaketBarang()
 3 SYSTEMPATH\CodeIgniter.php(482): CodeIgniter\CodeIgniter->runController(Object(App\Controllers\AdminControllers))
 4 SYSTEMPATH\CodeIgniter.php(351): CodeIgniter\CodeIgniter->handleRequest(null, Object(Config\Cache), false)
 5 FCPATH\index.php(67): CodeIgniter\CodeIgniter->run()
 6 SYSTEMPATH\Commands\Server\rewrite.php(46): require_once('FCPATH\\index.php')
CRITICAL - 2023-02-21 08:45:57 --> Undefined variable $tb_paket
in APPPATH\Views\admin\paketbarangedit.php on line 36.
 1 APPPATH\Views\admin\paketbarangedit.php(36): CodeIgniter\Debug\Exceptions->errorHandler(2, 'Undefined variable $tb_paket', 'APPPATH\\Views\\admin\\paketbarangedit.php', 36)
 2 SYSTEMPATH\View\View.php(213): include('APPPATH\\Views\\admin\\paketbarangedit.php')
 3 SYSTEMPATH\View\View.php(216): CodeIgniter\View\View->CodeIgniter\View\{closure}()
 4 SYSTEMPATH\Common.php(1134): CodeIgniter\View\View->render('admin/paketbarangedit', [], true)
 5 APPPATH\Controllers\AdminControllers.php(1692): view('admin/paketbarangedit', [...])
 6 SYSTEMPATH\CodeIgniter.php(927): App\Controllers\AdminControllers->SelectEditPaketBarang()
 7 SYSTEMPATH\CodeIgniter.php(482): CodeIgniter\CodeIgniter->runController(Object(App\Controllers\AdminControllers))
 8 SYSTEMPATH\CodeIgniter.php(351): CodeIgniter\CodeIgniter->handleRequest(null, Object(Config\Cache), false)
 9 FCPATH\index.php(67): CodeIgniter\CodeIgniter->run()
10 SYSTEMPATH\Commands\Server\rewrite.php(46): require_once('FCPATH\\index.php')
CRITICAL - 2023-02-21 08:46:40 --> Undefined variable $tb_paket
in APPPATH\Views\admin\paketbarangedit.php on line 36.
 1 APPPATH\Views\admin\paketbarangedit.php(36): CodeIgniter\Debug\Exceptions->errorHandler(2, 'Undefined variable $tb_paket', 'APPPATH\\Views\\admin\\paketbarangedit.php', 36)
 2 SYSTEMPATH\View\View.php(213): include('APPPATH\\Views\\admin\\paketbarangedit.php')
 3 SYSTEMPATH\View\View.php(216): CodeIgniter\View\View->CodeIgniter\View\{closure}()
 4 SYSTEMPATH\Common.php(1134): CodeIgniter\View\View->render('admin/paketbarangedit', [], true)
 5 APPPATH\Controllers\AdminControllers.php(1692): view('admin/paketbarangedit', [...])
 6 SYSTEMPATH\CodeIgniter.php(927): App\Controllers\AdminControllers->SelectEditPaketBarang()
 7 SYSTEMPATH\CodeIgniter.php(482): CodeIgniter\CodeIgniter->runController(Object(App\Controllers\AdminControllers))
 8 SYSTEMPATH\CodeIgniter.php(351): CodeIgniter\CodeIgniter->handleRequest(null, Object(Config\Cache), false)
 9 FCPATH\index.php(67): CodeIgniter\CodeIgniter->run()
10 SYSTEMPATH\Commands\Server\rewrite.php(46): require_once('FCPATH\\index.php')
CRITICAL - 2023-02-21 08:47:20 --> Undefined variable $tb_paket
in APPPATH\Views\admin\paketbarangedit.php on line 36.
 1 APPPATH\Views\admin\paketbarangedit.php(36): CodeIgniter\Debug\Exceptions->errorHandler(2, 'Undefined variable $tb_paket', 'APPPATH\\Views\\admin\\paketbarangedit.php', 36)
 2 SYSTEMPATH\View\View.php(213): include('APPPATH\\Views\\admin\\paketbarangedit.php')
 3 SYSTEMPATH\View\View.php(216): CodeIgniter\View\View->CodeIgniter\View\{closure}()
 4 SYSTEMPATH\Common.php(1134): CodeIgniter\View\View->render('admin/paketbarangedit', [], true)
 5 APPPATH\Controllers\AdminControllers.php(1692): view('admin/paketbarangedit', [...])
 6 SYSTEMPATH\CodeIgniter.php(927): App\Controllers\AdminControllers->SelectEditPaketBarang()
 7 SYSTEMPATH\CodeIgniter.php(482): CodeIgniter\CodeIgniter->runController(Object(App\Controllers\AdminControllers))
 8 SYSTEMPATH\CodeIgniter.php(351): CodeIgniter\CodeIgniter->handleRequest(null, Object(Config\Cache), false)
 9 FCPATH\index.php(67): CodeIgniter\CodeIgniter->run()
10 SYSTEMPATH\Commands\Server\rewrite.php(46): require_once('FCPATH\\index.php')
CRITICAL - 2023-02-21 08:47:57 --> Undefined variable $tb_paket
in APPPATH\Views\admin\paketbarangedit.php on line 36.
 1 APPPATH\Views\admin\paketbarangedit.php(36): CodeIgniter\Debug\Exceptions->errorHandler(2, 'Undefined variable $tb_paket', 'APPPATH\\Views\\admin\\paketbarangedit.php', 36)
 2 SYSTEMPATH\View\View.php(213): include('APPPATH\\Views\\admin\\paketbarangedit.php')
 3 SYSTEMPATH\View\View.php(216): CodeIgniter\View\View->CodeIgniter\View\{closure}()
 4 SYSTEMPATH\Common.php(1134): CodeIgniter\View\View->render('admin/paketbarangedit', [], true)
 5 APPPATH\Controllers\AdminControllers.php(1692): view('admin/paketbarangedit', [...])
 6 SYSTEMPATH\CodeIgniter.php(927): App\Controllers\AdminControllers->SelectEditPaketBarang()
 7 SYSTEMPATH\CodeIgniter.php(482): CodeIgniter\CodeIgniter->runController(Object(App\Controllers\AdminControllers))
 8 SYSTEMPATH\CodeIgniter.php(351): CodeIgniter\CodeIgniter->handleRequest(null, Object(Config\Cache), false)
 9 FCPATH\index.php(67): CodeIgniter\CodeIgniter->run()
10 SYSTEMPATH\Commands\Server\rewrite.php(46): require_once('FCPATH\\index.php')
CRITICAL - 2023-02-21 23:26:41 --> Undefined variable $tb_paket
in APPPATH\Views\admin\paketbarangedit.php on line 36.
 1 APPPATH\Views\admin\paketbarangedit.php(36): CodeIgniter\Debug\Exceptions->errorHandler(2, 'Undefined variable $tb_paket', 'APPPATH\\Views\\admin\\paketbarangedit.php', 36)
 2 SYSTEMPATH\View\View.php(213): include('APPPATH\\Views\\admin\\paketbarangedit.php')
 3 SYSTEMPATH\View\View.php(216): CodeIgniter\View\View->CodeIgniter\View\{closure}()
 4 SYSTEMPATH\Common.php(1134): CodeIgniter\View\View->render('admin/paketbarangedit', [], true)
 5 APPPATH\Controllers\AdminControllers.php(1692): view('admin/paketbarangedit', [...])
 6 SYSTEMPATH\CodeIgniter.php(927): App\Controllers\AdminControllers->SelectEditPaketBarang()
 7 SYSTEMPATH\CodeIgniter.php(482): CodeIgniter\CodeIgniter->runController(Object(App\Controllers\AdminControllers))
 8 SYSTEMPATH\CodeIgniter.php(351): CodeIgniter\CodeIgniter->handleRequest(null, Object(Config\Cache), false)
 9 FCPATH\index.php(67): CodeIgniter\CodeIgniter->run()
10 SYSTEMPATH\Commands\Server\rewrite.php(46): require_once('FCPATH\\index.php')
CRITICAL - 2023-02-21 23:41:55 --> Allowed memory size of 536870912 bytes exhausted (tried to allocate 32768 bytes)
in APPPATH\Views\admin\paketbarangedit.php on line 1.
 1 [internal function]: CodeIgniter\Debug\Exceptions->shutdownHandler()
CRITICAL - 2023-02-21 23:42:49 --> Allowed memory size of 536870912 bytes exhausted (tried to allocate 32768 bytes)
in APPPATH\Views\admin\layout\menu.php on line 1.
 1 [internal function]: CodeIgniter\Debug\Exceptions->shutdownHandler()
CRITICAL - 2023-02-21 23:44:12 --> Allowed memory size of 536870912 bytes exhausted (tried to allocate 32768 bytes)
in APPPATH\Views\admin\layout\menu.php on line 1.
 1 [internal function]: CodeIgniter\Debug\Exceptions->shutdownHandler()
CRITICAL - 2023-02-21 23:45:08 --> Undefined variable $tb_paket
in APPPATH\Views\admin\paketbarangedit.php on line 36.
 1 APPPATH\Views\admin\paketbarangedit.php(36): CodeIgniter\Debug\Exceptions->errorHandler(2, 'Undefined variable $tb_paket', 'APPPATH\\Views\\admin\\paketbarangedit.php', 36)
 2 SYSTEMPATH\View\View.php(213): include('APPPATH\\Views\\admin\\paketbarangedit.php')
 3 SYSTEMPATH\View\View.php(216): CodeIgniter\View\View->CodeIgniter\View\{closure}()
 4 SYSTEMPATH\Common.php(1134): CodeIgniter\View\View->render('admin/paketbarangedit', [], true)
 5 APPPATH\Controllers\AdminControllers.php(1692): view('admin/paketbarangedit', [...])
 6 SYSTEMPATH\CodeIgniter.php(927): App\Controllers\AdminControllers->SelectEditPaketBarang()
 7 SYSTEMPATH\CodeIgniter.php(482): CodeIgniter\CodeIgniter->runController(Object(App\Controllers\AdminControllers))
 8 SYSTEMPATH\CodeIgniter.php(351): CodeIgniter\CodeIgniter->handleRequest(null, Object(Config\Cache), false)
 9 FCPATH\index.php(67): CodeIgniter\CodeIgniter->run()
10 SYSTEMPATH\Commands\Server\rewrite.php(46): require_once('FCPATH\\index.php')
CRITICAL - 2023-02-21 23:45:33 --> Undefined variable $tb_paket
in APPPATH\Views\admin\paketbarangedit.php on line 36.
 1 APPPATH\Views\admin\paketbarangedit.php(36): CodeIgniter\Debug\Exceptions->errorHandler(2, 'Undefined variable $tb_paket', 'APPPATH\\Views\\admin\\paketbarangedit.php', 36)
 2 SYSTEMPATH\View\View.php(213): include('APPPATH\\Views\\admin\\paketbarangedit.php')
 3 SYSTEMPATH\View\View.php(216): CodeIgniter\View\View->CodeIgniter\View\{closure}()
 4 SYSTEMPATH\Common.php(1134): CodeIgniter\View\View->render('admin/paketbarangedit', [], true)
 5 APPPATH\Controllers\AdminControllers.php(1692): view('admin/paketbarangedit', [...])
 6 SYSTEMPATH\CodeIgniter.php(927): App\Controllers\AdminControllers->SelectEditPaketBarang()
 7 SYSTEMPATH\CodeIgniter.php(482): CodeIgniter\CodeIgniter->runController(Object(App\Controllers\AdminControllers))
 8 SYSTEMPATH\CodeIgniter.php(351): CodeIgniter\CodeIgniter->handleRequest(null, Object(Config\Cache), false)
 9 FCPATH\index.php(67): CodeIgniter\CodeIgniter->run()
10 SYSTEMPATH\Commands\Server\rewrite.php(46): require_once('FCPATH\\index.php')
CRITICAL - 2023-02-21 23:48:01 --> Undefined variable $tb_paket
in APPPATH\Views\admin\paketbarangedit.php on line 36.
 1 APPPATH\Views\admin\paketbarangedit.php(36): CodeIgniter\Debug\Exceptions->errorHandler(2, 'Undefined variable $tb_paket', 'APPPATH\\Views\\admin\\paketbarangedit.php', 36)
 2 SYSTEMPATH\View\View.php(213): include('APPPATH\\Views\\admin\\paketbarangedit.php')
 3 SYSTEMPATH\View\View.php(216): CodeIgniter\View\View->CodeIgniter\View\{closure}()
 4 SYSTEMPATH\Common.php(1134): CodeIgniter\View\View->render('admin/paketbarangedit', [], true)
 5 APPPATH\Controllers\AdminControllers.php(1692): view('admin/paketbarangedit', [...])
 6 SYSTEMPATH\CodeIgniter.php(927): App\Controllers\AdminControllers->SelectEditPaketBarang()
 7 SYSTEMPATH\CodeIgniter.php(482): CodeIgniter\CodeIgniter->runController(Object(App\Controllers\AdminControllers))
 8 SYSTEMPATH\CodeIgniter.php(351): CodeIgniter\CodeIgniter->handleRequest(null, Object(Config\Cache), false)
 9 FCPATH\index.php(67): CodeIgniter\CodeIgniter->run()
10 SYSTEMPATH\Commands\Server\rewrite.php(46): require_once('FCPATH\\index.php')
CRITICAL - 2023-02-21 23:48:22 --> Undefined variable $tb_paket
in APPPATH\Views\admin\paketbarangedit.php on line 36.
 1 APPPATH\Views\admin\paketbarangedit.php(36): CodeIgniter\Debug\Exceptions->errorHandler(2, 'Undefined variable $tb_paket', 'APPPATH\\Views\\admin\\paketbarangedit.php', 36)
 2 SYSTEMPATH\View\View.php(213): include('APPPATH\\Views\\admin\\paketbarangedit.php')
 3 SYSTEMPATH\View\View.php(216): CodeIgniter\View\View->CodeIgniter\View\{closure}()
 4 SYSTEMPATH\Common.php(1134): CodeIgniter\View\View->render('admin/paketbarangedit', [], true)
 5 APPPATH\Controllers\AdminControllers.php(1692): view('admin/paketbarangedit', [...])
 6 SYSTEMPATH\CodeIgniter.php(927): App\Controllers\AdminControllers->SelectEditPaketBarang()
 7 SYSTEMPATH\CodeIgniter.php(482): CodeIgniter\CodeIgniter->runController(Object(App\Controllers\AdminControllers))
 8 SYSTEMPATH\CodeIgniter.php(351): CodeIgniter\CodeIgniter->handleRequest(null, Object(Config\Cache), false)
 9 FCPATH\index.php(67): CodeIgniter\CodeIgniter->run()
10 SYSTEMPATH\Commands\Server\rewrite.php(46): require_once('FCPATH\\index.php')
CRITICAL - 2023-02-21 23:48:33 --> Undefined variable $tb_paket
in APPPATH\Views\admin\paketbarangedit.php on line 36.
 1 APPPATH\Views\admin\paketbarangedit.php(36): CodeIgniter\Debug\Exceptions->errorHandler(2, 'Undefined variable $tb_paket', 'APPPATH\\Views\\admin\\paketbarangedit.php', 36)
 2 SYSTEMPATH\View\View.php(213): include('APPPATH\\Views\\admin\\paketbarangedit.php')
 3 SYSTEMPATH\View\View.php(216): CodeIgniter\View\View->CodeIgniter\View\{closure}()
 4 SYSTEMPATH\Common.php(1134): CodeIgniter\View\View->render('admin/paketbarangedit', [], true)
 5 APPPATH\Controllers\AdminControllers.php(1692): view('admin/paketbarangedit', [...])
 6 SYSTEMPATH\CodeIgniter.php(927): App\Controllers\AdminControllers->SelectEditPaketBarang()
 7 SYSTEMPATH\CodeIgniter.php(482): CodeIgniter\CodeIgniter->runController(Object(App\Controllers\AdminControllers))
 8 SYSTEMPATH\CodeIgniter.php(351): CodeIgniter\CodeIgniter->handleRequest(null, Object(Config\Cache), false)
 9 FCPATH\index.php(67): CodeIgniter\CodeIgniter->run()
10 SYSTEMPATH\Commands\Server\rewrite.php(46): require_once('FCPATH\\index.php')
CRITICAL - 2023-02-21 23:51:22 --> Allowed memory size of 536870912 bytes exhausted (tried to allocate 49152 bytes)
in APPPATH\Views\admin\layout\default.php on line 333.
 1 [internal function]: CodeIgniter\Debug\Exceptions->shutdownHandler()
CRITICAL - 2023-02-21 23:53:44 --> Undefined variable $tb_paket
in APPPATH\Views\admin\datapaketbarang.php on line 52.
 1 APPPATH\Views\admin\datapaketbarang.php(52): CodeIgniter\Debug\Exceptions->errorHandler(2, 'Undefined variable $tb_paket', 'APPPATH\\Views\\admin\\datapaketbarang.php', 52)
 2 SYSTEMPATH\View\View.php(213): include('APPPATH\\Views\\admin\\datapaketbarang.php')
 3 SYSTEMPATH\View\View.php(216): CodeIgniter\View\View->CodeIgniter\View\{closure}()
 4 SYSTEMPATH\Common.php(1134): CodeIgniter\View\View->render('admin/datapaketbarang', [], true)
 5 APPPATH\Controllers\AdminControllers.php(1698): view('admin/datapaketbarang')
 6 SYSTEMPATH\CodeIgniter.php(927): App\Controllers\AdminControllers->view()
 7 SYSTEMPATH\CodeIgniter.php(482): CodeIgniter\CodeIgniter->runController(Object(App\Controllers\AdminControllers))
 8 SYSTEMPATH\CodeIgniter.php(351): CodeIgniter\CodeIgniter->handleRequest(null, Object(Config\Cache), false)
 9 FCPATH\index.php(67): CodeIgniter\CodeIgniter->run()
10 SYSTEMPATH\Commands\Server\rewrite.php(46): require_once('FCPATH\\index.php')
CRITICAL - 2023-02-21 23:56:27 --> Undefined variable $tb_paket
in APPPATH\Views\admin\datapaketbarang.php on line 52.
 1 APPPATH\Views\admin\datapaketbarang.php(52): CodeIgniter\Debug\Exceptions->errorHandler(2, 'Undefined variable $tb_paket', 'APPPATH\\Views\\admin\\datapaketbarang.php', 52)
 2 SYSTEMPATH\View\View.php(213): include('APPPATH\\Views\\admin\\datapaketbarang.php')
 3 SYSTEMPATH\View\View.php(216): CodeIgniter\View\View->CodeIgniter\View\{closure}()
 4 SYSTEMPATH\Common.php(1134): CodeIgniter\View\View->render('admin/datapaketbarang', [], true)
 5 APPPATH\Controllers\AdminControllers.php(1734): view('admin/datapaketbarang', [...])
 6 SYSTEMPATH\CodeIgniter.php(927): App\Controllers\AdminControllers->view()
 7 SYSTEMPATH\CodeIgniter.php(482): CodeIgniter\CodeIgniter->runController(Object(App\Controllers\AdminControllers))
 8 SYSTEMPATH\CodeIgniter.php(351): CodeIgniter\CodeIgniter->handleRequest(null, Object(Config\Cache), false)
 9 FCPATH\index.php(67): CodeIgniter\CodeIgniter->run()
10 SYSTEMPATH\Commands\Server\rewrite.php(46): require_once('FCPATH\\index.php')
